"number","value","datetime_start","datetime_complete","duration","params_decoder_layer_width_0","params_decoder_layer_width_1","params_decoder_layer_width_2","params_decoder_layer_width_3","params_decoder_layer_width_4","params_encoder_layer_width_0","params_encoder_layer_width_1","params_encoder_layer_width_2","params_encoder_layer_width_3","params_lr","params_n_decoder_layers","params_n_encoder_layers","params_transformer_dropout","params_transformer_heads","user_attrs_avg_mae","user_attrs_avg_mape","user_attrs_avg_ndcg10","user_attrs_avg_ndcg20","user_attrs_avg_ndcg50","user_attrs_avg_r2","user_attrs_fold10_mae","user_attrs_fold10_mape","user_attrs_fold10_ndcg10","user_attrs_fold10_ndcg20","user_attrs_fold10_ndcg50","user_attrs_fold10_r2","user_attrs_fold11_mae","user_attrs_fold11_mape","user_attrs_fold11_ndcg10","user_attrs_fold11_ndcg20","user_attrs_fold11_ndcg50","user_attrs_fold11_r2","user_attrs_fold12_mae","user_attrs_fold12_mape","user_attrs_fold12_ndcg10","user_attrs_fold12_ndcg20","user_attrs_fold12_ndcg50","user_attrs_fold12_r2","user_attrs_fold13_mae","user_attrs_fold13_mape","user_attrs_fold13_ndcg10","user_attrs_fold13_ndcg20","user_attrs_fold13_ndcg50","user_attrs_fold13_r2","user_attrs_fold14_mae","user_attrs_fold14_mape","user_attrs_fold14_ndcg10","user_attrs_fold14_ndcg20","user_attrs_fold14_ndcg50","user_attrs_fold14_r2","user_attrs_fold15_mae","user_attrs_fold15_mape","user_attrs_fold15_ndcg10","user_attrs_fold15_ndcg20","user_attrs_fold15_ndcg50","user_attrs_fold15_r2","user_attrs_fold16_mae","user_attrs_fold16_mape","user_attrs_fold16_ndcg10","user_attrs_fold16_ndcg20","user_attrs_fold16_ndcg50","user_attrs_fold16_r2","user_attrs_fold17_mae","user_attrs_fold17_mape","user_attrs_fold17_ndcg10","user_attrs_fold17_ndcg20","user_attrs_fold17_ndcg50","user_attrs_fold17_r2","user_attrs_fold1_mae","user_attrs_fold1_mape","user_attrs_fold1_ndcg10","user_attrs_fold1_ndcg20","user_attrs_fold1_ndcg50","user_attrs_fold1_r2","user_attrs_fold2_mae","user_attrs_fold2_mape","user_attrs_fold2_ndcg10","user_attrs_fold2_ndcg20","user_attrs_fold2_ndcg50","user_attrs_fold2_r2","user_attrs_fold3_mae","user_attrs_fold3_mape","user_attrs_fold3_ndcg10","user_attrs_fold3_ndcg20","user_attrs_fold3_ndcg50","user_attrs_fold3_r2","user_attrs_fold4_mae","user_attrs_fold4_mape","user_attrs_fold4_ndcg10","user_attrs_fold4_ndcg20","user_attrs_fold4_ndcg50","user_attrs_fold4_r2","user_attrs_fold5_mae","user_attrs_fold5_mape","user_attrs_fold5_ndcg10","user_attrs_fold5_ndcg20","user_attrs_fold5_ndcg50","user_attrs_fold5_r2","user_attrs_fold6_mae","user_attrs_fold6_mape","user_attrs_fold6_ndcg10","user_attrs_fold6_ndcg20","user_attrs_fold6_ndcg50","user_attrs_fold6_r2","user_attrs_fold7_mae","user_attrs_fold7_mape","user_attrs_fold7_ndcg10","user_attrs_fold7_ndcg20","user_attrs_fold7_ndcg50","user_attrs_fold7_r2","user_attrs_fold8_mae","user_attrs_fold8_mape","user_attrs_fold8_ndcg10","user_attrs_fold8_ndcg20","user_attrs_fold8_ndcg50","user_attrs_fold8_r2","user_attrs_fold9_mae","user_attrs_fold9_mape","user_attrs_fold9_ndcg10","user_attrs_fold9_ndcg20","user_attrs_fold9_ndcg50","user_attrs_fold9_r2","user_attrs_pca_components","system_attrs_completed_rung_0","system_attrs_completed_rung_1","system_attrs_completed_rung_2","state"
37,0.09182054549455643,"2025-05-16 21:42:07.060144","2025-05-16 21:42:08.439718","0 days 00:00:01.379574",112,48.0,256.0,112.0,64.0,32,"","","",0.02472822777716766,5,1,0.0,6,"","","","","","","","","","","","","","","","","","","","","","","","","","","","","","","","","","","","","","","","","","","","","","","","","","","","","","",0.11469463258981705,47.236595153808594,0.7073694467544556,0.7693077325820923,0.8309231996536255,0.3482653498649597,0.20424042642116547,3471.3671875,0.5905895829200745,0.6214458346366882,0.8240917921066284,-0.033335208892822266,0.10573112219572067,61.03472137451172,0.8751177191734314,0.851768434047699,0.8475822806358337,0.4399045705795288,0.1066865548491478,57.52314758300781,0.8525605201721191,0.8072840571403503,0.8329375982284546,0.4950495958328247,"","","","","","","","","","","","","","","","","","","","","","","","","","","","","","","",0.08112451434135437,0.09182054549455643,"","PRUNED"
38,0.0989921770113356,"2025-05-16 21:42:08.440048","2025-05-16 21:42:17.297914","0 days 00:00:08.857866",80,"","","","",128,64.0,160.0,208.0,0.0012754336166285298,1,4,0.0,2,0.0989921770113356,1334.3983300152947,0.8060396909713745,0.7885348130674923,0.7748230555478264,0.3384198949617498,0.10884978622198105,169.15835571289062,0.46285316348075867,0.4550779163837433,0.5134060978889465,-0.012970447540283203,0.07483530789613724,831.521484375,0.9120548367500305,0.8828524947166443,0.9023791551589966,0.6593791544437408,0.1436595916748047,127.27684020996094,1.0,1.0,0.826162576675415,0.16740256547927856,0.1003226786851883,54.030479431152344,1.0,1.0,0.9090379476547241,0.5877435505390167,0.09197481721639633,102.07866668701172,1.0,0.8322353363037109,0.7331345677375793,0.3091896176338196,0.08147142827510834,66.68763732910156,0.9191439151763916,0.852961003780365,0.8069050908088684,0.5262764990329742,0.13357359170913696,91.0030746459961,1.0,1.0,0.9628441333770752,0.4750460386276245,0.07326623797416687,82.74210357666016,0.8921757340431213,0.827648401260376,0.7890888452529907,0.43441110849380493,0.10169758647680283,41.454010009765625,0.7120990753173828,0.7810206413269043,0.7925440669059753,0.3650994896888733,0.16194526851177216,1453.7608642578125,0.6935995817184448,0.6717336773872375,0.8535317182540894,0.07358109951019287,0.08119611442089081,44.8377685546875,0.8692741394042969,0.8760057091712952,0.8690577745437622,0.5270780324935913,0.09882737696170807,41.37337112426758,0.6652191281318665,0.708274245262146,0.8013084530830383,0.329900860786438,0.07218971103429794,18278.603515625,0.8435449600219727,0.7361670732498169,0.6658902168273926,0.3213179111480713,0.09038258343935013,479.7066345214844,0.3465562164783478,0.39258989691734314,0.5158398151397705,0.04368788003921509,0.10833907872438431,277.20941162109375,0.8313987851142883,0.7877897024154663,0.7289214134216309,0.36961299180984497,0.049456920474767685,280.5206298828125,1.0,0.9870511293411255,0.8227635622024536,0.4395463466644287,0.11087892949581146,262.8067626953125,0.5547552108764648,0.6136845946311951,0.6791765093803406,0.136835515499115,10.0,0.07993563264608383,0.08074285089969635,0.08051858097314835,"COMPLETE"
39,0.08120952546596527,"2025-05-16 21:42:17.298363","2025-05-16 21:42:26.814092","0 days 00:00:09.515729",64,"","","","",128,64.0,160.0,208.0,0.001225019334460623,1,4,0.0,2,"","","","","","",0.1095331460237503,254.54518127441406,0.45887070894241333,0.4506438970565796,0.5084470510482788,0.04506188631057739,0.07043235749006271,600.3781127929688,0.9120548367500305,0.8675765991210938,0.9008000493049622,0.6404737830162048,0.14335039258003235,130.23635864257812,1.0,1.0,0.8325541019439697,0.18748199939727783,0.09896891564130783,52.15085220336914,1.0,1.0,0.909106433391571,0.5884366929531097,0.0927642434835434,101.70484924316406,1.0,0.8320705890655518,0.7454823851585388,0.3185523748397827,0.08174490928649902,64.16777801513672,0.9191439151763916,0.8530777096748352,0.8015021681785583,0.49724477529525757,0.13545462489128113,102.59185791015625,1.0,1.0,0.9628344774246216,0.4395826458930969,"","","","","","",0.10045386850833893,39.59407043457031,0.6853148937225342,0.7272967100143433,0.7906672358512878,0.3110421895980835,0.16302430629730225,1717.4044189453125,0.6795506477355957,0.6801034808158875,0.8547283411026001,0.08480113744735718,0.08209618926048279,49.4754638671875,0.8696932792663574,0.8712617754936218,0.8551124334335327,0.53611621260643,0.09681563824415207,41.34004211425781,0.6856365203857422,0.7442928552627563,0.8200979232788086,0.3875356912612915,0.07177668064832687,14307.3076171875,0.8515766263008118,0.7478530406951904,0.6593522429466248,0.30564069747924805,0.09104380011558533,408.8811340332031,0.3475330173969269,0.40014973282814026,0.4992770552635193,-0.01116490364074707,0.1086186096072197,267.9460144042969,0.8178084492683411,0.7695539593696594,0.7450063824653625,0.3750755190849304,0.0546887069940567,340.71478271484375,1.0,1.0,0.829413652420044,0.37575483322143555,0.11040091514587402,265.4062194824219,0.5118285417556763,0.6054667234420776,0.6605226397514343,0.13305515050888062,"",0.0798114761710167,0.08082973212003708,0.08120952546596527,"PRUNED"
40,0.08374492824077606,"2025-05-16 21:42:26.814455","2025-05-16 21:42:27.941973","0 days 00:00:01.127518",96,32.0,112.0,"","",80,80.0,144.0,128.0,0.00021484292946510658,3,4,0.0,2,"","","","","","","","","","","","","","","","","","","","","","","","","","","","","","","","","","","","","","","","","","","","","","","","","","","","","","",0.10158129781484604,40.19794845581055,0.7156695127487183,0.7741648554801941,0.8127341270446777,0.39795464277267456,"","","","","","","","","","","","","","","","","","","","","","","","","","","","","","","","","","","","","","","","","","","","","","","","","",0.08374492824077606,"","","PRUNED"
41,0.0813199058175087,"2025-05-16 21:42:27.942255","2025-05-16 21:42:38.690546","0 days 00:00:10.748291",80,"","","","",144,96.0,128.0,128.0,0.0018020747744654268,1,4,0.0,3,"","","","","","",0.11099368333816528,253.9027862548828,0.4621870219707489,0.4513598084449768,0.45840781927108765,-0.009164571762084961,0.0753144770860672,761.2373046875,0.9267730116844177,0.8288211226463318,0.8507538437843323,0.5998598337173462,0.14383476972579956,136.308837890625,1.0,1.0,0.826031506061554,0.2233530879020691,0.10154994577169418,60.82355880737305,1.0,1.0,0.9157311320304871,0.6221816837787628,0.09093990921974182,111.60621643066406,1.0,0.8311116695404053,0.7619326114654541,0.35887134075164795,0.08133313059806824,68.10247039794922,0.9191439151763916,0.8677431344985962,0.822721540927887,0.5458544790744781,0.13342386484146118,96.6626968383789,1.0,1.0,0.9628441333770752,0.486339807510376,"","","","","","",0.10160864889621735,39.41257858276367,0.7124608755111694,0.7819576263427734,0.793550968170166,0.33063822984695435,0.1612449437379837,1779.5804443359375,0.6935995817184448,0.6791699528694153,0.8524824976921082,0.11461710929870605,0.0796448290348053,47.578880310058594,0.8590125441551208,0.8770645260810852,0.8596333861351013,0.552987277507782,0.09991627186536789,39.75627899169922,0.6248799562454224,0.6968779563903809,0.7938877940177917,0.2914584279060364,0.07163895666599274,17570.2109375,0.7273600101470947,0.7150503993034363,0.6661289930343628,0.30981117486953735,0.09004855155944824,395.02276611328125,0.40865445137023926,0.4276452362537384,0.534092366695404,0.00386887788772583,0.10773634910583496,244.08409118652344,0.8178084492683411,0.7750257253646851,0.7313121557235718,0.35382920503616333,0.05125422775745392,250.69866943359375,1.0,0.995047390460968,0.8267858028411865,0.3992351293563843,0.11175412684679031,270.6341857910156,0.507925808429718,0.534606397151947,0.5817350149154663,0.08836919069290161,"",0.08065950125455856,0.07941170036792755,0.0813199058175087,"PRUNED"
42,0.08493384718894958,"2025-05-16 21:42:38.690870","2025-05-16 21:42:39.448577","0 days 00:00:00.757707",128,"","","","",112,32.0,192.0,"",0.0005123154681359262,1,3,0.1,1,"","","","","","","","","","","","","","","","","","","","","","","","","","","","","","","","","","","","","","","","","","","","","","","","","","","","","","",0.10379742830991745,41.29214096069336,0.7036582827568054,0.7710000276565552,0.8190438747406006,0.4034022092819214,"","","","","","","","","","","","","","","","","","","","","","","","","","","","","","","","","","","","","","","","","","","","","","","","","",0.08493384718894958,"","","PRUNED"
43,0.08166246861219406,"2025-05-16 21:42:39.449005","2025-05-16 21:42:42.971190","0 days 00:00:03.522185",112,112.0,"","","",128,112.0,80.0,208.0,0.0056394637580862985,2,4,0.0,3,"","","","","","","","","","","","","","","","","","","","","","","","","","","","","","","","","","","","","","","","","","","","","","","","","","","","","","",0.09982724487781525,37.76655197143555,0.7419900894165039,0.7273975610733032,0.793501615524292,0.31232815980911255,0.15797339379787445,1282.47900390625,0.69193035364151,0.6849521994590759,0.8561965823173523,0.10926061868667603,0.0829637348651886,48.73512268066406,0.8766089677810669,0.8728964328765869,0.8799276947975159,0.5590915083885193,0.10229791700839996,43.99406433105469,0.6381669044494629,0.6703076362609863,0.7539916634559631,0.2962343692779541,"","","","","","","","","","","","","","","","","","","","","","","","","","","","","","","",0.08071556687355042,0.08166246861219406,"","PRUNED"
44,0.0822487473487854,"2025-05-16 21:42:42.971476","2025-05-16 21:42:43.878576","0 days 00:00:00.907100",144,"","","","",192,64.0,"","",0.0003650497523273815,1,2,0.1,4,"","","","","","","","","","","","","","","","","","","","","","","","","","","","","","","","","","","","","","","","","","","","","","","","","","","","","","",0.10628215223550797,42.00043487548828,0.7145124077796936,0.7602389454841614,0.798001766204834,0.352699339389801,"","","","","","","","","","","","","","","","","","","","","","","","","","","","","","","","","","","","","","","","","","","","","","","","","",0.0822487473487854,"","","PRUNED"
45,0.08348704874515533,"2025-05-16 21:42:43.878883","2025-05-16 21:42:44.897390","0 days 00:00:01.018507",80,80.0,32.0,64.0,"",160,96.0,176.0,"",0.001096748256935038,4,3,0.30000000000000004,2,"","","","","","","","","","","","","","","","","","","","","","","","","","","","","","","","","","","","","","","","","","","","","","","","","","","","","","",0.0988626480102539,41.25242233276367,0.738477885723114,0.7970899939537048,0.79751056432724,0.40062880516052246,"","","","","","","","","","","","","","","","","","","","","","","","","","","","","","","","","","","","","","","","","","","","","","","","","",0.08348704874515533,"","","PRUNED"
46,0.08302373439073563,"2025-05-16 21:42:44.897692","2025-05-16 21:42:45.479277","0 days 00:00:00.581585",64,256.0,"","","",96,32.0,"","",0.01409378366388143,2,2,0.0,1,"","","","","","","","","","","","","","","","","","","","","","","","","","","","","","","","","","","","","","","","","","","","","","","","","","","","","","",0.10583667457103729,42.992042541503906,0.7213735580444336,0.7810160517692566,0.8217970728874207,0.38798797130584717,"","","","","","","","","","","","","","","","","","","","","","","","","","","","","","","","","","","","","","","","","","","","","","","","","",0.08302373439073563,"","","PRUNED"
47,0.08369562774896622,"2025-05-16 21:42:45.479554","2025-05-16 21:42:48.405746","0 days 00:00:02.926192",96,"","","","",64,16.0,128.0,80.0,0.0017548584632208907,1,4,0.1,4,"","","","","","","","","","","","","","","","","","","","","","","","","","","","","","","","","","","","","","","","","","","","","","","","","","","","","","",0.09906080365180969,40.3869514465332,0.7211286425590515,0.7564154267311096,0.7975063920021057,0.36772918701171875,0.1648758351802826,1751.749755859375,0.7447673678398132,0.6845148205757141,0.857698380947113,0.1057855486869812,0.08194480836391449,49.86457061767578,0.8668070435523987,0.872134804725647,0.8802537322044373,0.5657102465629578,0.10391166061162949,42.723880767822266,0.5959174633026123,0.7128322720527649,0.795167088508606,0.3270561695098877,"","","","","","","","","","","","","","","","","","","","","","","","","","","","","","","",0.08156488835811615,0.08369562774896622,"","PRUNED"
48,0.0824032872915268,"2025-05-16 21:42:48.406055","2025-05-16 21:42:50.940626","0 days 00:00:02.534571",112,160.0,224.0,"","",112,80.0,112.0,"",0.0006707458834397624,3,3,0.2,3,"","","","","","","","","","","","","","","","","","","","","","","","","","","","","","","","","","","","","","","","","","","","","","","","","","","","","","",0.10008545219898224,40.1566047668457,0.7427001595497131,0.7545025944709778,0.8003414869308472,0.38401252031326294,0.17153319716453552,2026.9520263671875,0.6767438054084778,0.646007776260376,0.842978298664093,0.06053096055984497,0.08365797996520996,46.69514846801758,0.9011214971542358,0.8834658265113831,0.8780710697174072,0.5444226562976837,0.09852034598588943,46.28803634643555,0.6295602917671204,0.7064011693000793,0.7796969413757324,0.3637377619743347,"","","","","","","","","","","","","","","","","","","","","","","","","","","","","","","",0.08060890436172485,0.0824032872915268,"","PRUNED"
49,0.0867970809340477,"2025-05-16 21:42:50.940974","2025-05-16 21:42:51.590786","0 days 00:00:00.649812",128,32.0,"","","",192,144.0,"","",0.0028749333514802027,2,2,0.5,1,"","","","","","","","","","","","","","","","","","","","","","","","","","","","","","","","","","","","","","","","","","","","","","","","","","","","","","",0.10571283102035522,38.09909439086914,0.7827863097190857,0.787702739238739,0.7979986667633057,0.2725059986114502,"","","","","","","","","","","","","","","","","","","","","","","","","","","","","","","","","","","","","","","","","","","","","","","","","",0.0867970809340477,"","","PRUNED"
50,0.1355036199092865,"2025-05-16 21:42:51.591072","2025-05-16 21:42:52.647363","0 days 00:00:01.056291",160,144.0,80.0,"","",144,32.0,176.0,"",0.05345124862213319,3,3,0.0,3,"","","","","","","","","","","","","","","","","","","","","","","","","","","","","","","","","","","","","","","","","","","","","","","","","","","","","","",0.15406812727451324,47.490055084228516,0.8633618354797363,0.7017269730567932,0.6945314407348633,-0.46248841285705566,"","","","","","","","","","","","","","","","","","","","","","","","","","","","","","","","","","","","","","","","","","","","","","","","","",0.1355036199092865,"","","PRUNED"
51,0.08164560794830322,"2025-05-16 21:42:52.647648","2025-05-16 21:42:55.441507","0 days 00:00:02.793859",64,"","","","",128,64.0,144.0,208.0,0.0011790899122777144,1,4,0.0,2,"","","","","","","","","","","","","","","","","","","","","","","","","","","","","","","","","","","","","","","","","","","","","","","","","","","","","","",0.09857318550348282,37.62217330932617,0.7140164375305176,0.7270480394363403,0.7918416261672974,0.325265109539032,0.16999930143356323,1397.13134765625,0.7116678357124329,0.6671006083488464,0.8588868379592896,0.038790106773376465,0.08259019255638123,49.08995819091797,0.8692741394042969,0.8725078105926514,0.8736680150032043,0.5375773310661316,0.09713023155927658,38.891212463378906,0.6286110877990723,0.6965712308883667,0.8007723093032837,0.30832213163375854,"","","","","","","","","","","","","","","","","","","","","","","","","","","","","","","",0.0796593576669693,0.08164560794830322,"","PRUNED"
52,0.09952037606169195,"2025-05-16 21:42:55.441832","2025-05-16 21:43:04.654747","0 days 00:00:09.212915",64,"","","","",112,48.0,176.0,160.0,0.0014430165912343589,1,4,0.0,2,0.09952037606169195,1237.7315714219037,0.800746838836109,0.784051495439866,0.7763309005428763,0.32903869011822867,0.11047295480966568,259.4099426269531,0.4621870219707489,0.49100837111473083,0.49174511432647705,0.021093547344207764,0.07176043838262558,638.903564453125,0.9267730116844177,0.8285175561904907,0.8846900463104248,0.6150781214237213,0.14527589082717896,110.29585266113281,1.0,1.0,0.8261666893959045,0.1408977508544922,0.09943172335624695,52.39962387084961,1.0,1.0,0.9090902805328369,0.5857695043087006,0.09153640270233154,106.53516387939453,1.0,0.8320705890655518,0.746692955493927,0.3289676904678345,0.08121613413095474,61.048316955566406,0.9191439151763916,0.8532987236976624,0.8156118392944336,0.5181070268154144,0.13572172820568085,107.98121643066406,1.0,1.0,0.962844729423523,0.4823559522628784,0.07297925651073456,77.8127670288086,0.8921757340431213,0.8405999541282654,0.7953351140022278,0.43770164251327515,0.10412237793207169,40.57823181152344,0.6941512823104858,0.7313067317008972,0.7928385734558105,0.26923078298568726,0.166301429271698,1977.800048828125,0.6795506477355957,0.6610824465751648,0.8519904017448425,0.10745561122894287,0.08105073869228363,48.7491569519043,0.8668070435523987,0.8617695569992065,0.8781450390815735,0.5510662496089935,0.09856477379798889,39.45917510986328,0.6265901923179626,0.696552038192749,0.7914096117019653,0.3145427107810974,0.07185666263103485,16291.36328125,0.7972143888473511,0.7397581338882446,0.6681455373764038,0.3062049150466919,0.09330277889966965,443.2696838378906,0.31414157152175903,0.3790607750415802,0.49231693148612976,-0.026362895965576172,0.10609232634305954,258.3804931640625,0.8313987851142883,0.8084591031074524,0.7378892302513123,0.38401734828948975,0.05027417838573456,250.8685302734375,1.0,0.9866653680801392,0.8510584831237793,0.406277060508728,0.11188659816980362,276.5816650390625,0.602562665939331,0.6187260746955872,0.7016547322273254,0.15125471353530884,10.0,0.07998242229223251,0.08038266748189926,0.08088903874158859,"COMPLETE"
53,0.08171772956848145,"2025-05-16 21:43:04.655229","2025-05-16 21:43:05.537480","0 days 00:00:00.882251",32,"","","","",48,48.0,192.0,160.0,0.0020882535072797403,1,4,0.0,1,"","","","","","","","","","","","","","","","","","","","","","","","","","","","","","","","","","","","","","","","","","","","","","","","","","","","","","",0.10147974640130997,39.88024139404297,0.7140164375305176,0.7525982856750488,0.7844947576522827,0.3206086754798889,"","","","","","","","","","","","","","","","","","","","","","","","","","","","","","","","","","","","","","","","","","","","","","","","","",0.08171772956848145,"","","PRUNED"
54,0.0825117751955986,"2025-05-16 21:43:05.537774","2025-05-16 21:43:06.616826","0 days 00:00:01.079052",80,"","","","",176,16.0,176.0,160.0,0.0014728335809582225,1,4,0.1,2,"","","","","","","","","","","","","","","","","","","","","","","","","","","","","","","","","","","","","","","","","","","","","","","","","","","","","","",0.10934235155582428,42.67494201660156,0.6941512823104858,0.7435156106948853,0.7928245067596436,0.2553796172142029,"","","","","","","","","","","","","","","","","","","","","","","","","","","","","","","","","","","","","","","","","","","","","","","","","",0.0825117751955986,"","","PRUNED"
