"number","value","datetime_start","datetime_complete","duration","params_decoder_layer_width_0","params_decoder_layer_width_1","params_decoder_layer_width_2","params_decoder_layer_width_3","params_decoder_layer_width_4","params_encoder_layer_width_0","params_encoder_layer_width_1","params_encoder_layer_width_2","params_encoder_layer_width_3","params_encoder_layer_width_4","params_lr","params_n_decoder_layers","params_n_encoder_layers","user_attrs_avg_mae","user_attrs_avg_mape","user_attrs_avg_ndcg10","user_attrs_avg_ndcg20","user_attrs_avg_ndcg50","user_attrs_avg_r2","user_attrs_fold10_mae","user_attrs_fold10_mape","user_attrs_fold10_ndcg10","user_attrs_fold10_ndcg20","user_attrs_fold10_ndcg50","user_attrs_fold10_r2","user_attrs_fold11_mae","user_attrs_fold11_mape","user_attrs_fold11_ndcg10","user_attrs_fold11_ndcg20","user_attrs_fold11_ndcg50","user_attrs_fold11_r2","user_attrs_fold12_mae","user_attrs_fold12_mape","user_attrs_fold12_ndcg10","user_attrs_fold12_ndcg20","user_attrs_fold12_ndcg50","user_attrs_fold12_r2","user_attrs_fold13_mae","user_attrs_fold13_mape","user_attrs_fold13_ndcg10","user_attrs_fold13_ndcg20","user_attrs_fold13_ndcg50","user_attrs_fold13_r2","user_attrs_fold14_mae","user_attrs_fold14_mape","user_attrs_fold14_ndcg10","user_attrs_fold14_ndcg20","user_attrs_fold14_ndcg50","user_attrs_fold14_r2","user_attrs_fold15_mae","user_attrs_fold15_mape","user_attrs_fold15_ndcg10","user_attrs_fold15_ndcg20","user_attrs_fold15_ndcg50","user_attrs_fold15_r2","user_attrs_fold16_mae","user_attrs_fold16_mape","user_attrs_fold16_ndcg10","user_attrs_fold16_ndcg20","user_attrs_fold16_ndcg50","user_attrs_fold16_r2","user_attrs_fold17_mae","user_attrs_fold17_mape","user_attrs_fold17_ndcg10","user_attrs_fold17_ndcg20","user_attrs_fold17_ndcg50","user_attrs_fold17_r2","user_attrs_fold1_mae","user_attrs_fold1_mape","user_attrs_fold1_ndcg10","user_attrs_fold1_ndcg20","user_attrs_fold1_ndcg50","user_attrs_fold1_r2","user_attrs_fold2_mae","user_attrs_fold2_mape","user_attrs_fold2_ndcg10","user_attrs_fold2_ndcg20","user_attrs_fold2_ndcg50","user_attrs_fold2_r2","user_attrs_fold3_mae","user_attrs_fold3_mape","user_attrs_fold3_ndcg10","user_attrs_fold3_ndcg20","user_attrs_fold3_ndcg50","user_attrs_fold3_r2","user_attrs_fold4_mae","user_attrs_fold4_mape","user_attrs_fold4_ndcg10","user_attrs_fold4_ndcg20","user_attrs_fold4_ndcg50","user_attrs_fold4_r2","user_attrs_fold5_mae","user_attrs_fold5_mape","user_attrs_fold5_ndcg10","user_attrs_fold5_ndcg20","user_attrs_fold5_ndcg50","user_attrs_fold5_r2","user_attrs_fold6_mae","user_attrs_fold6_mape","user_attrs_fold6_ndcg10","user_attrs_fold6_ndcg20","user_attrs_fold6_ndcg50","user_attrs_fold6_r2","user_attrs_fold7_mae","user_attrs_fold7_mape","user_attrs_fold7_ndcg10","user_attrs_fold7_ndcg20","user_attrs_fold7_ndcg50","user_attrs_fold7_r2","user_attrs_fold8_mae","user_attrs_fold8_mape","user_attrs_fold8_ndcg10","user_attrs_fold8_ndcg20","user_attrs_fold8_ndcg50","user_attrs_fold8_r2","user_attrs_fold9_mae","user_attrs_fold9_mape","user_attrs_fold9_ndcg10","user_attrs_fold9_ndcg20","user_attrs_fold9_ndcg50","user_attrs_fold9_r2","user_attrs_pca_components","system_attrs_completed_rung_0","system_attrs_completed_rung_1","system_attrs_completed_rung_2","state"
85,0.1598589398405131,"2025-05-16 21:31:31.390950","2025-05-16 21:31:34.928259","0 days 00:00:03.537309",112,112.0,112.0,"","",192,"","","","",0.0067004923046367374,3,1,0.1598589398405131,2749.3762655819164,0.4205355635460685,0.4413105564958909,0.4708145006614573,-0.21196659873513615,0.11628931015729904,360.15875244140625,0.6172442436218262,0.6630841493606567,0.6250692009925842,0.132460355758667,0.2895353436470032,7575.373046875,0.5132886171340942,0.6281116008758545,0.6220748424530029,-1.4274086952209473,0.19946183264255524,274.3428955078125,0.1521841287612915,0.1369393914937973,0.1418440341949463,-0.12002027034759521,0.19494235515594482,85.03479766845703,0.142602801322937,0.20080411434173584,0.19421538710594177,-0.4123554229736328,0.13403132557868958,256.865966796875,0.07879216969013214,0.0969698578119278,0.13760018348693848,-0.08483803272247314,0.13935914635658264,118.72454833984375,0.15867730975151062,0.18475252389907837,0.22973550856113434,-0.3598290681838989,0.2343524694442749,191.76974487304688,0.22962073981761932,0.29748958349227905,0.3123262822628021,-0.24853754043579102,0.1707109659910202,345.43145751953125,0.17909929156303406,0.20403340458869934,0.3299214541912079,-0.564302921295166,0.1482774168252945,61.98558807373047,0.7433391809463501,0.7093522548675537,0.710813581943512,-0.019221067428588867,0.2118147760629654,908.5477905273438,0.5737490057945251,0.6802598834037781,0.8214479684829712,-0.17466020584106445,0.1660686731338501,80.63684844970703,0.8142072558403015,0.7244531512260437,0.7582581639289856,-0.34851932525634766,0.16250064969062805,76.08162689208984,0.3523121476173401,0.3375536799430847,0.5414851307868958,-0.31098008155822754,0.09285854548215866,33947.4375,0.4213245213031769,0.4778948426246643,0.5150606036186218,0.018444061279296875,0.10285475105047226,494.2263488769531,0.24652992188930511,0.3107016980648041,0.3897765576839447,-0.09707796573638916,0.14242739975452423,271.75347900390625,0.3494316041469574,0.5373659133911133,0.5674819946289062,0.032526612281799316,0.10608147829771042,1430.6385498046875,0.5931867957115173,0.4490583539009094,0.31826069951057434,-0.10292601585388184,0.10603553801774979,260.3875732421875,0.9835148453712463,0.863455057144165,0.7884749174118042,0.48381340503692627,10.0,0.09921857714653015,0.10229913145303726,0.09947696328163147,"COMPLETE"
86,0.11425306648015976,"2025-05-16 21:31:34.928711","2025-05-16 21:31:35.373710","0 days 00:00:00.444999",96,224.0,128.0,"","",208,"","","","",0.020455339055371485,3,1,"","","","","","","","","","","","","","","","","","","","","","","","","","","","","","","","","","","","","","","","","","","","","","","","","","","","","","",0.18161407113075256,72.39698028564453,0.39355677366256714,0.4771561324596405,0.5126420855522156,-0.5485188961029053,"","","","","","","","","","","","","","","","","","","","","","","","","","","","","","","","","","","","","","","","","","","","","","","","","",0.11425306648015976,"","","PRUNED"
87,0.11305788904428482,"2025-05-16 21:31:35.374002","2025-05-16 21:31:35.963439","0 days 00:00:00.589437",64,160.0,96.0,80.0,"",224,80.0,"","","",0.002580238649596029,4,2,"","","","","","","","","","","","","","","","","","","","","","","","","","","","","","","","","","","","","","","","","","","","","","","","","","","","","","",0.1316446214914322,59.29631423950195,0.8632152080535889,0.7549496293067932,0.7370115518569946,0.10074019432067871,"","","","","","","","","","","","","","","","","","","","","","","","","","","","","","","","","","","","","","","","","","","","","","","","","",0.11305788904428482,"","","PRUNED"
88,0.1168844923377037,"2025-05-16 21:31:35.963737","2025-05-16 21:31:36.450548","0 days 00:00:00.486811",80,192.0,144.0,32.0,48.0,176,"","","","",0.03209281733301971,5,1,"","","","","","","","","","","","","","","","","","","","","","","","","","","","","","","","","","","","","","","","","","","","","","","","","","","","","","",0.18583860993385315,70.5952377319336,0.5415447354316711,0.3520709276199341,0.5205494165420532,-0.6798955202102661,"","","","","","","","","","","","","","","","","","","","","","","","","","","","","","","","","","","","","","","","","","","","","","","","","",0.1168844923377037,"","","PRUNED"
89,0.11495406925678253,"2025-05-16 21:31:36.450851","2025-05-16 21:31:36.825023","0 days 00:00:00.374172",112,"","","","",192,"","","","",0.0010233640917258913,1,1,"","","","","","","","","","","","","","","","","","","","","","","","","","","","","","","","","","","","","","","","","","","","","","","","","","","","","","",0.16498741507530212,58.98106002807617,0.7937114238739014,0.7093077898025513,0.6855257749557495,-0.40804266929626465,"","","","","","","","","","","","","","","","","","","","","","","","","","","","","","","","","","","","","","","","","","","","","","","","","",0.11495406925678253,"","","PRUNED"
90,0.11822212487459183,"2025-05-16 21:31:36.825267","2025-05-16 21:31:37.433802","0 days 00:00:00.608535",48,160.0,"","","",208,16.0,176.0,"","",0.00010838559934792936,2,3,"","","","","","","","","","","","","","","","","","","","","","","","","","","","","","","","","","","","","","","","","","","","","","","","","","","","","","",0.15009698271751404,46.85880661010742,0.3204188346862793,0.5045938491821289,0.5725321769714355,-0.40567314624786377,"","","","","","","","","","","","","","","","","","","","","","","","","","","","","","","","","","","","","","","","","","","","","","","","","",0.11822212487459183,"","","PRUNED"
91,0.11199058592319489,"2025-05-16 21:31:37.434078","2025-05-16 21:31:38.357704","0 days 00:00:00.923626",144,32.0,128.0,"","",64,"","","","",0.00385207550095104,3,1,"","","","","","","","","","","","","","","","","","","","","","","","","","","","","","","","","","","","","","","","","","","","","","","","","","","","","","",0.15594792366027832,62.121368408203125,0.7791844606399536,0.6864421963691711,0.7252733707427979,-0.15259718894958496,0.1919284611940384,1599.8529052734375,0.6595938801765442,0.6970091462135315,0.8502986431121826,0.054976046085357666,0.16190139949321747,77.94035339355469,0.7773863077163696,0.7315332889556885,0.7046226263046265,-0.363283634185791,0.13604524731636047,57.454498291015625,0.7879237532615662,0.7010776996612549,0.7779125571250916,-0.011054396629333496,"","","","","","","","","","","","","","","","","","","","","","","","","","","","","","","",0.105648934841156,0.11199058592319489,"","PRUNED"
92,0.10144487023353577,"2025-05-16 21:31:38.358026","2025-05-16 21:31:42.158758","0 days 00:00:03.800732",128,176.0,144.0,"","",240,"","","","",0.0021034780351573087,3,1,"","","","","","",0.12965701520442963,496.7823486328125,0.242091566324234,0.40617361664772034,0.4932471811771393,0.13593566417694092,0.2087712436914444,5911.34326171875,0.6318962574005127,0.6274884343147278,0.5948445200920105,-0.37268996238708496,0.19668559730052948,255.73709106445312,0.20807240903377533,0.1725439876317978,0.15691880881786346,-0.1448289155960083,0.1951311081647873,85.02049255371094,0.1337275505065918,0.14754560589790344,0.18646933138370514,-0.44789326190948486,0.12353409081697464,231.2113494873047,0.14536985754966736,0.16570527851581573,0.2085181325674057,-0.019164562225341797,0.1197706088423729,87.3062973022461,0.32356753945350647,0.2714715301990509,0.30643099546432495,-0.15126848220825195,0.23885373771190643,174.0965576171875,0.73257976770401,0.6779611110687256,0.5160511136054993,-0.34358370304107666,"","","","","","",0.15783916413784027,62.89459991455078,0.6794928312301636,0.6373641490936279,0.6913110613822937,-0.1987767219543457,0.1653721034526825,1370.3160400390625,0.8715147972106934,0.8135278224945068,0.9235597848892212,0.24821048974990845,0.1383233368396759,86.7953872680664,0.7858593463897705,0.7401872277259827,0.7724098563194275,0.047034502029418945,0.1499147117137909,79.64116668701172,0.43242180347442627,0.4853150248527527,0.6520587205886841,-0.08623600006103516,0.11038810014724731,34851.64453125,0.2976449131965637,0.294890820980072,0.42318037152290344,-0.1760241985321045,0.10447131842374802,503.4749450683594,0.4242906868457794,0.40752896666526794,0.39095908403396606,-0.15253734588623047,0.13789242506027222,302.14739990234375,0.5872108340263367,0.5636464357376099,0.6282917261123657,0.1164059042930603,0.0962739884853363,1218.5357666015625,0.5965815782546997,0.4590063691139221,0.32622089982032776,-0.019394516944885254,0.0990133062005043,349.0600891113281,0.9729729294776917,0.8834161758422852,0.782146155834198,0.558908075094223,"",0.10043421387672424,0.10206836462020874,0.10144487023353577,"PRUNED"
93,0.1086990237236023,"2025-05-16 21:31:42.159068","2025-05-16 21:31:46.035157","0 days 00:00:03.876089",160,64.0,192.0,"","",224,"","","","",0.0031012715191003726,3,1,"","","","","","",0.12496473640203476,400.9411926269531,0.6447502374649048,0.7117367386817932,0.6226168274879456,0.09405899047851562,0.19256046414375305,4455.58984375,0.011340918019413948,0.202888622879982,0.3776683807373047,-0.1754918098449707,0.1950787901878357,257.8040466308594,0.5395451784133911,0.4003591537475586,0.33613091707229614,-0.11799490451812744,0.19730131328105927,83.91212463378906,0.11084618419408798,0.1635783612728119,0.16685700416564941,-0.49303197860717773,0.11370382457971573,169.2330322265625,0.18848523497581482,0.25871074199676514,0.2750217914581299,-0.04687774181365967,0.12748634815216064,88.64521026611328,0.1474798321723938,0.14708057045936584,0.1933434158563614,-0.3029496669769287,0.240445077419281,194.40171813964844,0.6579629778862,0.5835072994232178,0.42738479375839233,-0.32019519805908203,"","","","","","",0.1479068100452423,62.771636962890625,0.794563353061676,0.7077019214630127,0.6902984976768494,0.0016995668411254883,0.17172865569591522,835.326171875,0.7612812519073486,0.8317610025405884,0.8953202962875366,0.1844344139099121,0.1650051772594452,80.85958862304688,0.6518530249595642,0.6045261025428772,0.6543517112731934,-0.4576956033706665,0.13152384757995605,70.009033203125,0.8640345931053162,0.7158926129341125,0.7930277585983276,0.22109287977218628,0.10449564456939697,35100.1484375,0.35656437277793884,0.3084205090999603,0.34665149450302124,-0.18153560161590576,0.10354553908109665,286.4684753417969,0.30960553884506226,0.3155864179134369,0.3499554991722107,-0.3296182155609131,0.13705453276634216,298.6136169433594,0.45533084869384766,0.48007404804229736,0.6653419733047485,0.11057406663894653,0.09875967353582382,1392.161376953125,0.12410660088062286,0.2200746089220047,0.18903592228889465,0.0011633038520812988,0.10576481372117996,412.0997009277344,0.942436158657074,0.8581855893135071,0.7923170328140259,0.47389233112335205,"",0.10158288478851318,0.10274434834718704,0.1086990237236023,"PRUNED"
94,0.10855604708194733,"2025-05-16 21:31:46.035466","2025-05-16 21:31:46.528846","0 days 00:00:00.493380",112,144.0,32.0,160.0,"",256,"","","","",0.01338110544563227,4,1,"","","","","","","","","","","","","","","","","","","","","","","","","","","","","","","","","","","","","","","","","","","","","","","","","","","","","","",0.1559426486492157,59.577430725097656,0.7330986261367798,0.6506748795509338,0.7490511536598206,-0.2320336103439331,"","","","","","","","","","","","","","","","","","","","","","","","","","","","","","","","","","","","","","","","","","","","","","","","","",0.10855604708194733,"","","PRUNED"
95,0.10500269383192062,"2025-05-16 21:31:46.529101","2025-05-16 21:31:47.622505","0 days 00:00:01.093404",96,208.0,"","","",256,"","","","",0.005071047326771313,2,1,"","","","","","","","","","","","","","","","","","","","","","","","","","","","","","","","","","","","","","","","","","","","","","","","","","","","","","",0.15300855040550232,60.798160552978516,0.8080383539199829,0.710997462272644,0.714103102684021,-0.1241995096206665,0.18439708650112152,1075.6884765625,0.617283821105957,0.7993077039718628,0.8465439677238464,0.009171366691589355,0.1592956930398941,80.02473449707031,0.7945970892906189,0.7640572786331177,0.7428067922592163,-0.23657715320587158,0.15137717127799988,77.9643325805664,0.485732764005661,0.557409405708313,0.6710342168807983,-0.09080445766448975,"","","","","","","","","","","","","","","","","","","","","","","","","","","","","","","",0.10094273090362549,0.10500269383192062,"","PRUNED"
96,0.11033067107200623,"2025-05-16 21:31:47.622806","2025-05-16 21:31:48.312399","0 days 00:00:00.689593",128,64.0,176.0,224.0,208.0,240,176.0,"","","",0.0075296242143676525,5,2,"","","","","","","","","","","","","","","","","","","","","","","","","","","","","","","","","","","","","","","","","","","","","","","","","","","","","","",0.15895363688468933,58.846153259277344,0.5297592878341675,0.5722100138664246,0.6245399117469788,-0.31411314010620117,"","","","","","","","","","","","","","","","","","","","","","","","","","","","","","","","","","","","","","","","","","","","","","","","","",0.11033067107200623,"","","PRUNED"
97,0.11100355535745621,"2025-05-16 21:31:48.312690","2025-05-16 21:31:48.763885","0 days 00:00:00.451195",64,96.0,160.0,16.0,"",224,"","","","",0.004487858851114734,4,1,"","","","","","","","","","","","","","","","","","","","","","","","","","","","","","","","","","","","","","","","","","","","","","","","","","","","","","",0.17333930730819702,62.75798034667969,0.5976340770721436,0.5935449004173279,0.6703518629074097,-0.5277103185653687,"","","","","","","","","","","","","","","","","","","","","","","","","","","","","","","","","","","","","","","","","","","","","","","","","",0.11100355535745621,"","","PRUNED"
98,0.11250121146440506,"2025-05-16 21:31:48.764142","2025-05-16 21:31:49.152676","0 days 00:00:00.388534",32,16.0,112.0,"","",128,"","","","",0.0014418569271294277,3,1,"","","","","","","","","","","","","","","","","","","","","","","","","","","","","","","","","","","","","","","","","","","","","","","","","","","","","","",0.17796200513839722,65.52852630615234,0.7129692435264587,0.6266852617263794,0.7111653685569763,-0.5551079511642456,"","","","","","","","","","","","","","","","","","","","","","","","","","","","","","","","","","","","","","","","","","","","","","","","","",0.11250121146440506,"","","PRUNED"
99,0.11130887269973755,"2025-05-16 21:31:49.152935","2025-05-16 21:31:49.701311","0 days 00:00:00.548376",112,48.0,"","","",160,240.0,"","","",0.00610564109309132,2,2,"","","","","","","","","","","","","","","","","","","","","","","","","","","","","","","","","","","","","","","","","","","","","","","","","","","","","","",0.1642417311668396,60.002750396728516,0.650610089302063,0.6251564025878906,0.6979196071624756,-0.3840101957321167,"","","","","","","","","","","","","","","","","","","","","","","","","","","","","","","","","","","","","","","","","","","","","","","","","",0.11130887269973755,"","","PRUNED"
