"number","value","datetime_start","datetime_complete","duration","params_decoder_layer_width_0","params_decoder_layer_width_1","params_decoder_layer_width_2","params_decoder_layer_width_3","params_decoder_layer_width_4","params_encoder_layer_width_0","params_encoder_layer_width_1","params_encoder_layer_width_2","params_encoder_layer_width_3","params_encoder_layer_width_4","params_graphsage_aggregator","params_lr","params_n_decoder_layers","params_n_encoder_layers","user_attrs_avg_mae","user_attrs_avg_mape","user_attrs_avg_ndcg10","user_attrs_avg_ndcg20","user_attrs_avg_ndcg50","user_attrs_avg_r2","user_attrs_fold10_mae","user_attrs_fold10_mape","user_attrs_fold10_ndcg10","user_attrs_fold10_ndcg20","user_attrs_fold10_ndcg50","user_attrs_fold10_r2","user_attrs_fold11_mae","user_attrs_fold11_mape","user_attrs_fold11_ndcg10","user_attrs_fold11_ndcg20","user_attrs_fold11_ndcg50","user_attrs_fold11_r2","user_attrs_fold12_mae","user_attrs_fold12_mape","user_attrs_fold12_ndcg10","user_attrs_fold12_ndcg20","user_attrs_fold12_ndcg50","user_attrs_fold12_r2","user_attrs_fold13_mae","user_attrs_fold13_mape","user_attrs_fold13_ndcg10","user_attrs_fold13_ndcg20","user_attrs_fold13_ndcg50","user_attrs_fold13_r2","user_attrs_fold14_mae","user_attrs_fold14_mape","user_attrs_fold14_ndcg10","user_attrs_fold14_ndcg20","user_attrs_fold14_ndcg50","user_attrs_fold14_r2","user_attrs_fold15_mae","user_attrs_fold15_mape","user_attrs_fold15_ndcg10","user_attrs_fold15_ndcg20","user_attrs_fold15_ndcg50","user_attrs_fold15_r2","user_attrs_fold16_mae","user_attrs_fold16_mape","user_attrs_fold16_ndcg10","user_attrs_fold16_ndcg20","user_attrs_fold16_ndcg50","user_attrs_fold16_r2","user_attrs_fold17_mae","user_attrs_fold17_mape","user_attrs_fold17_ndcg10","user_attrs_fold17_ndcg20","user_attrs_fold17_ndcg50","user_attrs_fold17_r2","user_attrs_fold1_mae","user_attrs_fold1_mape","user_attrs_fold1_ndcg10","user_attrs_fold1_ndcg20","user_attrs_fold1_ndcg50","user_attrs_fold1_r2","user_attrs_fold2_mae","user_attrs_fold2_mape","user_attrs_fold2_ndcg10","user_attrs_fold2_ndcg20","user_attrs_fold2_ndcg50","user_attrs_fold2_r2","user_attrs_fold3_mae","user_attrs_fold3_mape","user_attrs_fold3_ndcg10","user_attrs_fold3_ndcg20","user_attrs_fold3_ndcg50","user_attrs_fold3_r2","user_attrs_fold4_mae","user_attrs_fold4_mape","user_attrs_fold4_ndcg10","user_attrs_fold4_ndcg20","user_attrs_fold4_ndcg50","user_attrs_fold4_r2","user_attrs_fold5_mae","user_attrs_fold5_mape","user_attrs_fold5_ndcg10","user_attrs_fold5_ndcg20","user_attrs_fold5_ndcg50","user_attrs_fold5_r2","user_attrs_fold6_mae","user_attrs_fold6_mape","user_attrs_fold6_ndcg10","user_attrs_fold6_ndcg20","user_attrs_fold6_ndcg50","user_attrs_fold6_r2","user_attrs_fold7_mae","user_attrs_fold7_mape","user_attrs_fold7_ndcg10","user_attrs_fold7_ndcg20","user_attrs_fold7_ndcg50","user_attrs_fold7_r2","user_attrs_fold8_mae","user_attrs_fold8_mape","user_attrs_fold8_ndcg10","user_attrs_fold8_ndcg20","user_attrs_fold8_ndcg50","user_attrs_fold8_r2","user_attrs_fold9_mae","user_attrs_fold9_mape","user_attrs_fold9_ndcg10","user_attrs_fold9_ndcg20","user_attrs_fold9_ndcg50","user_attrs_fold9_r2","user_attrs_pca_components","system_attrs_completed_rung_0","system_attrs_completed_rung_1","system_attrs_completed_rung_2","state"
92,0.09104923903942108,"2025-05-16 21:33:30.031863","2025-05-16 21:33:31.085855","0 days 00:00:01.053992",128,144.0,176.0,240.0,128.0,80,"","","","","add",0.006447156879103862,5,1,"","","","","","","","","","","","","","","","","","","","","","","","","","","","","","","","","","","","","","","","","","","","","","","","","","","","","","",0.1322171986103058,62.09912109375,0.51993328332901,0.5828849673271179,0.674918532371521,0.19174128770828247,0.25862088799476624,6468.1435546875,0.41156497597694397,0.3927525579929352,0.6624358296394348,-0.49981415271759033,0.13368113338947296,56.098758697509766,0.6747402548789978,0.6663633584976196,0.7144242525100708,-0.1782146692276001,0.13547803461551666,75.69429016113281,0.7137699127197266,0.7005452513694763,0.7602995038032532,0.14239394664764404,"","","","","","","","","","","","","","","","","","","","","","","","","","","","","","","",0.08374329656362534,0.09104923903942108,"","PRUNED"
93,0.09409962594509125,"2025-05-16 21:33:31.086134","2025-05-16 21:33:31.521494","0 days 00:00:00.435360",128,192.0,208.0,192.0,160.0,48,"","","","","add",0.007962714636052826,5,1,"","","","","","","","","","","","","","","","","","","","","","","","","","","","","","","","","","","","","","","","","","","","","","","","","","","","","","",0.14004866778850555,59.21125411987305,0.6750368475914001,0.7416884303092957,0.7320195436477661,0.07074695825576782,"","","","","","","","","","","","","","","","","","","","","","","","","","","","","","","","","","","","","","","","","","","","","","","","","",0.09409962594509125,"","","PRUNED"
94,0.100931815803051,"2025-05-16 21:33:31.521772","2025-05-16 21:33:31.949828","0 days 00:00:00.428056",112,48.0,176.0,224.0,192.0,64,"","","","","add",0.0002204754460348755,5,1,"","","","","","","","","","","","","","","","","","","","","","","","","","","","","","","","","","","","","","","","","","","","","","","","","","","","","","",0.14149053394794464,47.39796447753906,0.5532220602035522,0.540483832359314,0.6874366998672485,-0.2515077590942383,"","","","","","","","","","","","","","","","","","","","","","","","","","","","","","","","","","","","","","","","","","","","","","","","","",0.100931815803051,"","","PRUNED"
95,0.09433803707361221,"2025-05-16 21:33:31.950098","2025-05-16 21:33:32.352332","0 days 00:00:00.402234",144,144.0,224.0,208.0,"",48,"","","","","add",0.01346231265675346,4,1,"","","","","","","","","","","","","","","","","","","","","","","","","","","","","","","","","","","","","","","","","","","","","","","","","","","","","","",0.12859801948070526,59.53176498413086,0.8290792107582092,0.8271200060844421,0.8193352222442627,0.25444626808166504,"","","","","","","","","","","","","","","","","","","","","","","","","","","","","","","","","","","","","","","","","","","","","","","","","",0.09433803707361221,"","","PRUNED"
96,0.10226527601480484,"2025-05-16 21:33:32.352597","2025-05-16 21:33:32.781248","0 days 00:00:00.428651",96,128.0,160.0,240.0,80.0,80,"","","","","mean",0.004376907447177288,5,1,"","","","","","","","","","","","","","","","","","","","","","","","","","","","","","","","","","","","","","","","","","","","","","","","","","","","","","",0.1417226642370224,56.23870086669922,0.7931070327758789,0.7160097360610962,0.7435840368270874,-0.0020399093627929688,"","","","","","","","","","","","","","","","","","","","","","","","","","","","","","","","","","","","","","","","","","","","","","","","","",0.10226527601480484,"","","PRUNED"
97,0.09066477417945862,"2025-05-16 21:33:32.781522","2025-05-16 21:33:33.706672","0 days 00:00:00.925150",128,112.0,192.0,16.0,144.0,48,"","","","","add",0.0036539344789585223,5,1,"","","","","","","","","","","","","","","","","","","","","","","","","","","","","","","","","","","","","","","","","","","","","","","","","","","","","","",0.14134331047534943,63.48961639404297,0.6124569177627563,0.6893053650856018,0.6953690648078918,0.07071900367736816,0.2447933703660965,5334.8896484375,0.583322286605835,0.5330588817596436,0.7983962297439575,-0.27354252338409424,0.15248921513557434,68.45773315429688,0.2912707030773163,0.32000190019607544,0.3756175637245178,-0.6321748495101929,0.11752259731292725,60.91350173950195,0.6860902309417725,0.6948785185813904,0.749006986618042,0.30419862270355225,"","","","","","","","","","","","","","","","","","","","","","","","","","","","","","","",0.0829126238822937,0.09066477417945862,"","PRUNED"
98,0.10690353065729141,"2025-05-16 21:33:33.706954","2025-05-16 21:33:34.299003","0 days 00:00:00.592049",112,160.0,96.0,128.0,256.0,208,128.0,192.0,"","","max",0.005275724636169716,5,3,"","","","","","","","","","","","","","","","","","","","","","","","","","","","","","","","","","","","","","","","","","","","","","","","","","","","","","",0.12589077651500702,43.15571594238281,0.8179791569709778,0.7872560620307922,0.8226205706596375,0.062335073947906494,"","","","","","","","","","","","","","","","","","","","","","","","","","","","","","","","","","","","","","","","","","","","","","","","","",0.10690353065729141,"","","PRUNED"
99,0.08797486126422882,"2025-05-16 21:33:34.299294","2025-05-16 21:33:34.859208","0 days 00:00:00.559914",144,176.0,112.0,160.0,"",64,64.0,80.0,112.0,128.0,"add",0.0028336260373120676,4,5,"","","","","","","","","","","","","","","","","","","","","","","","","","","","","","","","","","","","","","","","","","","","","","","","","","","","","","",0.11476520448923111,45.43463897705078,0.5746096968650818,0.6631850004196167,0.7884359359741211,0.29753565788269043,"","","","","","","","","","","","","","","","","","","","","","","","","","","","","","","","","","","","","","","","","","","","","","","","","",0.08797486126422882,"","","PRUNED"
