"number","value","datetime_start","datetime_complete","duration","params_decoder_layer_width_0","params_decoder_layer_width_1","params_decoder_layer_width_2","params_decoder_layer_width_3","params_decoder_layer_width_4","params_encoder_layer_width_0","params_encoder_layer_width_1","params_encoder_layer_width_2","params_encoder_layer_width_3","params_lr","params_n_decoder_layers","params_n_encoder_layers","params_transformer_dropout","params_transformer_heads","user_attrs_avg_mae","user_attrs_avg_mape","user_attrs_avg_ndcg10","user_attrs_avg_ndcg20","user_attrs_avg_ndcg50","user_attrs_avg_r2","user_attrs_fold10_mae","user_attrs_fold10_mape","user_attrs_fold10_ndcg10","user_attrs_fold10_ndcg20","user_attrs_fold10_ndcg50","user_attrs_fold10_r2","user_attrs_fold11_mae","user_attrs_fold11_mape","user_attrs_fold11_ndcg10","user_attrs_fold11_ndcg20","user_attrs_fold11_ndcg50","user_attrs_fold11_r2","user_attrs_fold12_mae","user_attrs_fold12_mape","user_attrs_fold12_ndcg10","user_attrs_fold12_ndcg20","user_attrs_fold12_ndcg50","user_attrs_fold12_r2","user_attrs_fold13_mae","user_attrs_fold13_mape","user_attrs_fold13_ndcg10","user_attrs_fold13_ndcg20","user_attrs_fold13_ndcg50","user_attrs_fold13_r2","user_attrs_fold14_mae","user_attrs_fold14_mape","user_attrs_fold14_ndcg10","user_attrs_fold14_ndcg20","user_attrs_fold14_ndcg50","user_attrs_fold14_r2","user_attrs_fold15_mae","user_attrs_fold15_mape","user_attrs_fold15_ndcg10","user_attrs_fold15_ndcg20","user_attrs_fold15_ndcg50","user_attrs_fold15_r2","user_attrs_fold16_mae","user_attrs_fold16_mape","user_attrs_fold16_ndcg10","user_attrs_fold16_ndcg20","user_attrs_fold16_ndcg50","user_attrs_fold16_r2","user_attrs_fold17_mae","user_attrs_fold17_mape","user_attrs_fold17_ndcg10","user_attrs_fold17_ndcg20","user_attrs_fold17_ndcg50","user_attrs_fold17_r2","user_attrs_fold1_mae","user_attrs_fold1_mape","user_attrs_fold1_ndcg10","user_attrs_fold1_ndcg20","user_attrs_fold1_ndcg50","user_attrs_fold1_r2","user_attrs_fold2_mae","user_attrs_fold2_mape","user_attrs_fold2_ndcg10","user_attrs_fold2_ndcg20","user_attrs_fold2_ndcg50","user_attrs_fold2_r2","user_attrs_fold3_mae","user_attrs_fold3_mape","user_attrs_fold3_ndcg10","user_attrs_fold3_ndcg20","user_attrs_fold3_ndcg50","user_attrs_fold3_r2","user_attrs_fold4_mae","user_attrs_fold4_mape","user_attrs_fold4_ndcg10","user_attrs_fold4_ndcg20","user_attrs_fold4_ndcg50","user_attrs_fold4_r2","user_attrs_fold5_mae","user_attrs_fold5_mape","user_attrs_fold5_ndcg10","user_attrs_fold5_ndcg20","user_attrs_fold5_ndcg50","user_attrs_fold5_r2","user_attrs_fold6_mae","user_attrs_fold6_mape","user_attrs_fold6_ndcg10","user_attrs_fold6_ndcg20","user_attrs_fold6_ndcg50","user_attrs_fold6_r2","user_attrs_fold7_mae","user_attrs_fold7_mape","user_attrs_fold7_ndcg10","user_attrs_fold7_ndcg20","user_attrs_fold7_ndcg50","user_attrs_fold7_r2","user_attrs_fold8_mae","user_attrs_fold8_mape","user_attrs_fold8_ndcg10","user_attrs_fold8_ndcg20","user_attrs_fold8_ndcg50","user_attrs_fold8_r2","user_attrs_fold9_mae","user_attrs_fold9_mape","user_attrs_fold9_ndcg10","user_attrs_fold9_ndcg20","user_attrs_fold9_ndcg50","user_attrs_fold9_r2","user_attrs_pca_components","system_attrs_completed_rung_0","system_attrs_completed_rung_1","system_attrs_completed_rung_2","state"
97,0.08117135614156723,"2025-05-16 21:45:17.914419","2025-05-16 21:45:30.848242","0 days 00:00:12.933823",80,144.0,"","","",160,80.0,192.0,176.0,0.0008868855430989986,2,4,0.0,3,"","","","","","",0.1111682876944542,212.74452209472656,0.45887070894241333,0.47134798765182495,0.48038142919540405,-0.0007699728012084961,0.0703120082616806,667.6094970703125,0.9120548367500305,0.8675765991210938,0.8980249166488647,0.6233995854854584,0.14464326202869415,112.94921875,1.0,1.0,0.8262033462524414,0.16195440292358398,0.09968642145395279,54.22492599487305,1.0,1.0,0.90914386510849,0.6003941893577576,0.09192921221256256,103.42964172363281,1.0,0.8397557735443115,0.7570126056671143,0.3251866102218628,0.08126187324523926,65.24927520751953,0.9191439151763916,0.8528903722763062,0.8076561093330383,0.5131174623966217,0.1342618763446808,84.5927734375,1.0,1.0,0.9628441333770752,0.4657171964645386,"","","","","","",0.09975078701972961,39.497886657714844,0.7186846137046814,0.7840628027915955,0.7898882031440735,0.35214781761169434,0.16296331584453583,1450.2572021484375,0.6795506477355957,0.6597520112991333,0.8553665280342102,0.07232630252838135,0.07994533330202103,46.03839874267578,0.9036563634872437,0.8754504323005676,0.8661177158355713,0.5483188033103943,0.09901098906993866,45.94005584716797,0.7215048670768738,0.7710254192352295,0.7998812794685364,0.441276490688324,0.07078550010919571,14465.849609375,0.7416715621948242,0.7305769324302673,0.668389618396759,0.3183293342590332,0.08914585411548615,434.00860595703125,0.42791691422462463,0.427727073431015,0.5511964559555054,0.050252676010131836,0.10761385411024094,243.34986877441406,0.8178084492683411,0.7687286734580994,0.73740553855896,0.36177003383636475,0.0499773770570755,250.3223419189453,1.0,1.0,0.8362109661102295,0.4009242057800293,0.11132658272981644,206.3911895751953,0.5689159035682678,0.5974350571632385,0.6622946262359619,0.11030304431915283,"",0.07995031774044037,0.07945770770311356,0.08117135614156723,"PRUNED"
98,0.09805300349698347,"2025-05-16 21:45:30.848578","2025-05-16 21:45:40.705470","0 days 00:00:09.856892",96,144.0,"","","",192,96.0,192.0,176.0,0.0006840175090438431,2,4,0.0,2,0.09805300349698347,1078.1715034036076,0.8086046173292047,0.7904452365987441,0.7744082317632788,0.3399568638380836,0.11065936833620071,265.5654296875,0.44503918290138245,0.44480565190315247,0.4801602363586426,0.028342127799987793,0.06869915127754211,491.88946533203125,0.9120548367500305,0.8362697958946228,0.8777517676353455,0.5972933173179626,0.14398187398910522,127.74534606933594,1.0,1.0,0.8261572122573853,0.1962670087814331,0.0992441400885582,48.85063552856445,1.0,1.0,0.9090673923492432,0.5736056864261627,0.09140205383300781,105.39445495605469,1.0,0.8397557735443115,0.7565286159515381,0.33669257164001465,0.08186893910169601,69.22467041015625,0.9191439151763916,0.8530683517456055,0.8111730813980103,0.5271894931793213,0.13410110771656036,92.79291534423828,1.0,1.0,0.9628545045852661,0.4671505093574524,0.07342006266117096,77.6787109375,0.8921757340431213,0.8405999541282654,0.8021919131278992,0.4524824619293213,0.09829666465520859,40.28624725341797,0.7364490032196045,0.7571979761123657,0.7955358624458313,0.3712453842163086,0.16136810183525085,1382.2188720703125,0.696406364440918,0.6773778200149536,0.8493406772613525,0.05673718452453613,0.07835114747285843,46.47084426879883,0.8997591733932495,0.8817015290260315,0.8721036911010742,0.5689870119094849,0.09723439067602158,42.780799865722656,0.6734091639518738,0.7302959561347961,0.7925180792808533,0.3804653286933899,0.07140886783599854,14431.7890625,0.7947067022323608,0.741350531578064,0.6800294518470764,0.3081699013710022,0.08818257600069046,420.98626708984375,0.4024317264556885,0.4154663383960724,0.5262606143951416,0.051933467388153076,0.10561259090900421,236.70973205566406,0.8178084492683411,0.8080717921257019,0.759320855140686,0.3916965126991272,0.05008924752473831,220.88063049316406,1.0,1.0,0.8293195366859436,0.3837859034538269,0.11298077553510666,227.65147399902344,0.5568942427635193,0.611607551574707,0.6346264481544495,0.08722281455993652,10.0,0.07975764572620392,0.08004052937030792,0.08069828152656555,"COMPLETE"
99,0.099184389500057,"2025-05-16 21:45:40.705941","2025-05-16 21:45:54.691969","0 days 00:00:13.986028",96,144.0,"","","",192,96.0,208.0,176.0,0.0009170983764211304,2,4,0.0,3,0.099184389500057,1107.404353871065,0.8033893862191368,0.7856337357969845,0.7704289257526398,0.3210218881859499,0.10981231927871704,229.90829467773438,0.4578152000904083,0.49089714884757996,0.49260443449020386,0.03096902370452881,0.06747759133577347,445.58544921875,0.9120548367500305,0.8535373210906982,0.8807505965232849,0.6086452901363373,0.14499014616012573,109.56076049804688,1.0,1.0,0.8324702978134155,0.16078674793243408,0.09969906508922577,55.58222961425781,1.0,1.0,0.9095964431762695,0.6014697551727295,0.09137804061174393,101.99400329589844,1.0,0.8397557735443115,0.7583619952201843,0.3316059708595276,0.08555004745721817,77.62371826171875,0.9276496767997742,0.8398240804672241,0.8142508268356323,0.4949237108230591,0.13707837462425232,100.48037719726562,1.0,1.0,0.962844729423523,0.4832794666290283,0.07326274365186691,78.42204284667969,0.8921757340431213,0.8405999541282654,0.8046568036079407,0.44880950450897217,0.0989428162574768,40.920692443847656,0.7154433131217957,0.7527886033058167,0.784400224685669,0.3621121644973755,0.16386209428310394,1464.319091796875,0.6767438054084778,0.6574235558509827,0.8466174006462097,0.05213034152984619,0.07786348462104797,47.12733459472656,0.9096763134002686,0.8823406100273132,0.8712841868400574,0.5651441216468811,0.0998641699552536,42.78175354003906,0.6287127137184143,0.6767640113830566,0.7602454423904419,0.2906976342201233,0.07158436626195908,14981.904296875,0.7980862855911255,0.7508918046951294,0.6869502067565918,0.3131011724472046,0.09555923938751221,313.04571533203125,0.3348643183708191,0.3828515112400055,0.46362075209617615,-0.15231645107269287,0.10545280575752258,206.86204528808594,0.8415148854255676,0.7809441685676575,0.7405577301979065,0.35511845350265503,0.05104580521583557,304.8874816894531,1.0,1.0,0.8297955989837646,0.3925718665122986,0.11271151155233383,224.8687286376953,0.5628824830055237,0.6071549654006958,0.658284068107605,0.11832332611083984,10.0,0.07894515246152878,0.08029001951217651,0.0799359455704689,"COMPLETE"
