"number","value","datetime_start","datetime_complete","duration","params_decoder_layer_width_0","params_decoder_layer_width_1","params_decoder_layer_width_2","params_decoder_layer_width_3","params_decoder_layer_width_4","params_encoder_layer_width_0","params_encoder_layer_width_1","params_encoder_layer_width_2","params_encoder_layer_width_3","params_encoder_layer_width_4","params_gatv2_dropout","params_gatv2_heads","params_lr","params_n_decoder_layers","params_n_encoder_layers","user_attrs_avg_mae","user_attrs_avg_mape","user_attrs_avg_ndcg10","user_attrs_avg_ndcg20","user_attrs_avg_ndcg50","user_attrs_avg_r2","user_attrs_fold10_mae","user_attrs_fold10_mape","user_attrs_fold10_ndcg10","user_attrs_fold10_ndcg20","user_attrs_fold10_ndcg50","user_attrs_fold10_r2","user_attrs_fold11_mae","user_attrs_fold11_mape","user_attrs_fold11_ndcg10","user_attrs_fold11_ndcg20","user_attrs_fold11_ndcg50","user_attrs_fold11_r2","user_attrs_fold12_mae","user_attrs_fold12_mape","user_attrs_fold12_ndcg10","user_attrs_fold12_ndcg20","user_attrs_fold12_ndcg50","user_attrs_fold12_r2","user_attrs_fold13_mae","user_attrs_fold13_mape","user_attrs_fold13_ndcg10","user_attrs_fold13_ndcg20","user_attrs_fold13_ndcg50","user_attrs_fold13_r2","user_attrs_fold14_mae","user_attrs_fold14_mape","user_attrs_fold14_ndcg10","user_attrs_fold14_ndcg20","user_attrs_fold14_ndcg50","user_attrs_fold14_r2","user_attrs_fold15_mae","user_attrs_fold15_mape","user_attrs_fold15_ndcg10","user_attrs_fold15_ndcg20","user_attrs_fold15_ndcg50","user_attrs_fold15_r2","user_attrs_fold16_mae","user_attrs_fold16_mape","user_attrs_fold16_ndcg10","user_attrs_fold16_ndcg20","user_attrs_fold16_ndcg50","user_attrs_fold16_r2","user_attrs_fold17_mae","user_attrs_fold17_mape","user_attrs_fold17_ndcg10","user_attrs_fold17_ndcg20","user_attrs_fold17_ndcg50","user_attrs_fold17_r2","user_attrs_fold1_mae","user_attrs_fold1_mape","user_attrs_fold1_ndcg10","user_attrs_fold1_ndcg20","user_attrs_fold1_ndcg50","user_attrs_fold1_r2","user_attrs_fold2_mae","user_attrs_fold2_mape","user_attrs_fold2_ndcg10","user_attrs_fold2_ndcg20","user_attrs_fold2_ndcg50","user_attrs_fold2_r2","user_attrs_fold3_mae","user_attrs_fold3_mape","user_attrs_fold3_ndcg10","user_attrs_fold3_ndcg20","user_attrs_fold3_ndcg50","user_attrs_fold3_r2","user_attrs_fold4_mae","user_attrs_fold4_mape","user_attrs_fold4_ndcg10","user_attrs_fold4_ndcg20","user_attrs_fold4_ndcg50","user_attrs_fold4_r2","user_attrs_fold5_mae","user_attrs_fold5_mape","user_attrs_fold5_ndcg10","user_attrs_fold5_ndcg20","user_attrs_fold5_ndcg50","user_attrs_fold5_r2","user_attrs_fold6_mae","user_attrs_fold6_mape","user_attrs_fold6_ndcg10","user_attrs_fold6_ndcg20","user_attrs_fold6_ndcg50","user_attrs_fold6_r2","user_attrs_fold7_mae","user_attrs_fold7_mape","user_attrs_fold7_ndcg10","user_attrs_fold7_ndcg20","user_attrs_fold7_ndcg50","user_attrs_fold7_r2","user_attrs_fold8_mae","user_attrs_fold8_mape","user_attrs_fold8_ndcg10","user_attrs_fold8_ndcg20","user_attrs_fold8_ndcg50","user_attrs_fold8_r2","user_attrs_fold9_mae","user_attrs_fold9_mape","user_attrs_fold9_ndcg10","user_attrs_fold9_ndcg20","user_attrs_fold9_ndcg50","user_attrs_fold9_r2","user_attrs_pca_components","system_attrs_completed_rung_0","system_attrs_completed_rung_1","system_attrs_completed_rung_2","state"
80,0.14675882502513773,"2025-05-16 21:40:12.273844","2025-05-16 21:40:16.762705","0 days 00:00:04.488861",160,208.0,160.0,96.0,160.0,32,"","","","",0.2,3,0.00693001139696432,5,1,0.14675882502513773,724.1415463615866,0.5017875297104611,0.5042560083024642,0.5504983076277901,-0.13986894663642435,0.15304020047187805,868.1392822265625,0.22920304536819458,0.236847922205925,0.39389777183532715,-0.014928698539733887,0.09659843146800995,1089.4429931640625,0.9144183993339539,0.8801712989807129,0.8918620347976685,0.41354817152023315,0.18849319219589233,169.5305633544922,0.8181552290916443,0.8168190717697144,0.777961015701294,-0.1398380994796753,0.18682754039764404,62.33298110961914,0.3431629240512848,0.29160451889038086,0.3177701532840729,-0.4748528003692627,0.10746925324201584,138.4703826904297,0.8991292715072632,0.774904727935791,0.7158892154693604,0.05692851543426514,0.11672403663396835,103.87100219726562,0.3929436206817627,0.41746705770492554,0.45808666944503784,-0.07806086540222168,0.23836606740951538,185.93775939941406,0.07984211295843124,0.10508181154727936,0.12898288667201996,-0.32138514518737793,0.08621101081371307,102.90544128417969,0.753422200679779,0.7468656897544861,0.7742618322372437,0.288790225982666,0.13778434693813324,47.69041061401367,0.8944655060768127,0.742787778377533,0.8122280240058899,-0.09008383750915527,0.2897682189941406,4701.6435546875,0.16689634323120117,0.38418689370155334,0.5987659692764282,-0.860714316368103,0.1682911366224289,69.5052719116211,0.31090280413627625,0.4759613573551178,0.51447594165802,-0.7692896127700806,0.13029730319976807,90.52680969238281,0.8116828203201294,0.7037730813026428,0.7402622103691101,0.3579752445220947,0.08889252692461014,2734.84326171875,0.41271713376045227,0.511096715927124,0.4945423901081085,-0.13801848888397217,0.11546583473682404,125.38644409179688,0.3076705038547516,0.2502093017101288,0.2794995903968811,-0.589802622795105,0.14149059355258942,229.7492218017578,0.24184706807136536,0.3726617991924286,0.5112698078155518,0.04448854923248291,0.08454477787017822,1002.5300903320312,0.21510203182697296,0.1815284788608551,0.2644786536693573,0.08763700723648071,0.1646355539560318,587.9008178710938,0.7388269901275635,0.680384635925293,0.6842370629310608,-0.15016531944274902,10.0,0.10450708866119385,0.10814522951841354,0.10287398099899292,"COMPLETE"
81,0.11014079302549362,"2025-05-16 21:40:16.763221","2025-05-16 21:40:20.865318","0 days 00:00:04.102097",160,208.0,192.0,112.0,64.0,16,"","","","",0.1,1,0.005143143133325328,5,1,"","","","","","",0.12222099304199219,418.1060791015625,0.735296368598938,0.5978083610534668,0.6684301495552063,0.21734988689422607,0.10747317224740982,584.5934448242188,0.2540348172187805,0.3708533048629761,0.5407408475875854,0.07686913013458252,0.17921482026576996,149.67649841308594,1.0,0.9380658268928528,0.8372467756271362,-0.0035507678985595703,0.17871376872062683,58.14366149902344,0.9552021622657776,0.8644214868545532,0.8525543808937073,-0.11133670806884766,0.10650722682476044,150.69400024414062,0.6986767053604126,0.75138258934021,0.6671608686447144,0.17112040519714355,0.11805060505867004,103.59212493896484,0.25106126070022583,0.31471604108810425,0.33046770095825195,-0.08973443508148193,0.22994984686374664,147.6312713623047,0.8218104243278503,0.778160810470581,0.7809041738510132,-0.25558245182037354,"","","","","","",0.14602208137512207,59.209381103515625,0.7898107171058655,0.7053535580635071,0.7383610606193542,-0.036644935607910156,0.2919887900352478,3892.7529296875,0.2225654572248459,0.31591108441352844,0.5894182324409485,-1.0435078144073486,0.14151127636432648,68.44164276123047,0.7488225102424622,0.7571993470191956,0.8073056936264038,-0.05884432792663574,0.16794145107269287,133.0775604248047,0.5271956324577332,0.5803396105766296,0.631472110748291,-0.2155148983001709,0.08408648520708084,10513.8740234375,0.47135794162750244,0.5012058019638062,0.5287728905677795,0.03327906131744385,0.09808391332626343,307.0406494140625,0.21699579060077667,0.3376682698726654,0.4628749191761017,-0.15966558456420898,0.14146734774112701,248.49365234375,0.30970484018325806,0.371252179145813,0.4027228355407715,-0.007410526275634766,0.07577531784772873,743.7466430664062,0.47593605518341064,0.4980259835720062,0.36116474866867065,0.1018792986869812,0.11677993834018707,356.3276062011719,0.7311016321182251,0.6797634363174438,0.7176186442375183,0.23004955053329468,"",0.10157280415296555,0.10166650265455246,0.11014079302549362,"PRUNED"
82,0.14425785006845698,"2025-05-16 21:40:20.865706","2025-05-16 21:40:25.048895","0 days 00:00:04.183189",160,224.0,208.0,128.0,112.0,16,"","","","",0.0,1,0.003948183128707424,5,1,0.14425785006845698,1048.5553597842945,0.5733845391694237,0.5757041573524475,0.6294440679690417,-0.043885972569970524,0.15251584351062775,965.2289428710938,0.5745583176612854,0.5133309960365295,0.6404826641082764,0.1260359287261963,0.08969616889953613,1275.302001953125,0.6898137927055359,0.8120650053024292,0.8247071504592896,0.5798028409481049,0.1765548586845398,317.1830749511719,0.8086349964141846,0.8299422264099121,0.698319673538208,0.2482743263244629,0.1668832004070282,60.073936462402344,0.4826493263244629,0.5007630586624146,0.6087335348129272,-0.1665806770324707,0.1099533885717392,100.77804565429688,0.7481890320777893,0.6240572929382324,0.6024744510650635,-0.02193009853363037,0.1294260025024414,109.85814666748047,0.25360211730003357,0.35497432947158813,0.41971734166145325,-0.19858777523040771,0.2110179215669632,140.93092346191406,0.8232311606407166,0.7790767550468445,0.7648664116859436,-0.0007874965667724609,0.09529124200344086,141.70285034179688,0.8065222501754761,0.7338171005249023,0.7675476670265198,0.28558099269866943,0.13770551979541779,59.890525817871094,0.6068223118782043,0.6406201124191284,0.6925389766693115,0.036333680152893066,0.2882760167121887,3520.508544921875,0.23478686809539795,0.30917996168136597,0.59919673204422,-0.8200187683105469,0.17399054765701294,77.86750030517578,0.45728588104248047,0.5118985772132874,0.6418489813804626,-0.7396378517150879,0.14955484867095947,116.29006958007812,0.830044686794281,0.7191258072853088,0.7670456767082214,0.20974719524383545,0.0837293192744255,8880.9775390625,0.520007312297821,0.6016443371772766,0.5674968361854553,-0.0007172822952270508,0.10007622838020325,147.9449920654297,0.24905458092689514,0.37813490629196167,0.48718929290771484,-0.2670661211013794,0.1474430412054062,363.6571960449219,0.4791800379753113,0.5033005475997925,0.5607008337974548,0.0690963864326477,0.07822126150131226,825.242431640625,0.44196829199790955,0.34985119104385376,0.3355703353881836,0.04949676990509033,0.16204804182052612,722.00439453125,0.7411862015724182,0.6251884698867798,0.7221125960350037,-0.13510358333587646,10.0,0.10315459966659546,0.09885014593601227,0.09661197662353516,"COMPLETE"
83,0.11240649223327637,"2025-05-16 21:40:25.049387","2025-05-16 21:40:25.629344","0 days 00:00:00.579957",192,224.0,208.0,128.0,112.0,32,"","","","",0.0,2,0.0022480850012534643,5,1,"","","","","","","","","","","","","","","","","","","","","","","","","","","","","","","","","","","","","","","","","","","","","","","","","","","","","","",0.15890584886074066,67.73258209228516,0.41082388162612915,0.4441291093826294,0.5870285630226135,-0.22672951221466064,"","","","","","","","","","","","","","","","","","","","","","","","","","","","","","","","","","","","","","","","","","","","","","","","","",0.11240649223327637,"","","PRUNED"
84,0.10856331139802933,"2025-05-16 21:40:25.629648","2025-05-16 21:40:26.953396","0 days 00:00:01.323748",224,240.0,224.0,128.0,128.0,32,"","","","",0.0,1,0.004082288345363057,5,1,"","","","","","","","","","","","","","","","","","","","","","","","","","","","","","","","","","","","","","","","","","","","","","","","","","","","","","",0.14655068516731262,67.26024627685547,0.6458141207695007,0.6804221272468567,0.7071783542633057,0.02052617073059082,0.2935326099395752,2332.2529296875,0.3201684355735779,0.43195825815200806,0.6284201741218567,-1.097804069519043,0.1751667857170105,76.55917358398438,0.39566680788993835,0.49536386132240295,0.5361159443855286,-0.7751713991165161,0.15852810442447662,107.29938507080078,0.5700164437294006,0.657310426235199,0.6852191686630249,-0.08995282649993896,"","","","","","","","","","","","","","","","","","","","","","","","","","","","","","","",0.09943414479494095,0.10856331139802933,"","PRUNED"
85,0.10945671796798706,"2025-05-16 21:40:26.953716","2025-05-16 21:40:27.529235","0 days 00:00:00.575519",176,224.0,208.0,80.0,96.0,48,"","","","",0.1,2,0.0029905367229663485,5,1,"","","","","","","","","","","","","","","","","","","","","","","","","","","","","","","","","","","","","","","","","","","","","","","","","","","","","","",0.1591590940952301,59.91672134399414,0.6588879227638245,0.6036755442619324,0.6963103413581848,-0.3116936683654785,"","","","","","","","","","","","","","","","","","","","","","","","","","","","","","","","","","","","","","","","","","","","","","","","","",0.10945671796798706,"","","PRUNED"
86,0.11227180063724518,"2025-05-16 21:40:27.529507","2025-05-16 21:40:28.067719","0 days 00:00:00.538212",160,256.0,192.0,96.0,112.0,16,"","","","",0.0,4,0.001260719128629183,5,1,"","","","","","","","","","","","","","","","","","","","","","","","","","","","","","","","","","","","","","","","","","","","","","","","","","","","","","",0.1384333223104477,65.0376968383789,0.5933476686477661,0.6669301390647888,0.6913018822669983,0.06882184743881226,"","","","","","","","","","","","","","","","","","","","","","","","","","","","","","","","","","","","","","","","","","","","","","","","","",0.11227180063724518,"","","PRUNED"
87,0.10877306759357452,"2025-05-16 21:40:28.068044","2025-05-16 21:40:28.609111","0 days 00:00:00.541067",112,176.0,240.0,160.0,80.0,64,"","","","",0.1,1,0.010423631151116991,5,1,"","","","","","","","","","","","","","","","","","","","","","","","","","","","","","","","","","","","","","","","","","","","","","","","","","","","","","",0.16285252571105957,80.62516784667969,0.7475635409355164,0.6761313080787659,0.7168530225753784,-0.02804267406463623,"","","","","","","","","","","","","","","","","","","","","","","","","","","","","","","","","","","","","","","","","","","","","","","","","",0.10877306759357452,"","","PRUNED"
88,0.1076824739575386,"2025-05-16 21:40:28.609388","2025-05-16 21:40:29.339035","0 days 00:00:00.729647",176,192.0,160.0,144.0,176.0,48,32.0,"","","",0.0,2,0.003516478121139645,5,2,"","","","","","","","","","","","","","","","","","","","","","","","","","","","","","","","","","","","","","","","","","","","","","","","","","","","","","",0.14527374505996704,59.84868240356445,0.8342586159706116,0.7297068238258362,0.6829059720039368,-0.04373025894165039,"","","","","","","","","","","","","","","","","","","","","","","","","","","","","","","","","","","","","","","","","","","","","","","","","",0.1076824739575386,"","","PRUNED"
89,0.11029542982578278,"2025-05-16 21:40:29.339323","2025-05-16 21:40:29.894553","0 days 00:00:00.555230",128,240.0,176.0,112.0,144.0,32,"","","","",0.30000000000000004,3,0.008446241536874278,5,1,"","","","","","","","","","","","","","","","","","","","","","","","","","","","","","","","","","","","","","","","","","","","","","","","","","","","","","",0.15203185379505157,62.977272033691406,0.6075153946876526,0.7013940811157227,0.7196515798568726,-0.04253733158111572,"","","","","","","","","","","","","","","","","","","","","","","","","","","","","","","","","","","","","","","","","","","","","","","","","",0.11029542982578278,"","","PRUNED"
90,0.10746487230062485,"2025-05-16 21:40:29.894836","2025-05-16 21:40:30.430598","0 days 00:00:00.535762",144,224.0,256.0,128.0,128.0,16,"","","","",0.30000000000000004,1,0.01286341821698652,5,1,"","","","","","","","","","","","","","","","","","","","","","","","","","","","","","","","","","","","","","","","","","","","","","","","","","","","","","",0.17111597955226898,74.22518920898438,0.6548491716384888,0.6546842455863953,0.7418518662452698,-0.242395281791687,"","","","","","","","","","","","","","","","","","","","","","","","","","","","","","","","","","","","","","","","","","","","","","","","","",0.10746487230062485,"","","PRUNED"
91,0.10865580290555954,"2025-05-16 21:40:30.430872","2025-05-16 21:40:30.961165","0 days 00:00:00.530293",160,208.0,192.0,112.0,240.0,16,"","","","",0.1,1,0.005723774849640098,5,1,"","","","","","","","","","","","","","","","","","","","","","","","","","","","","","","","","","","","","","","","","","","","","","","","","","","","","","",0.1356651484966278,50.76176452636719,0.7626457810401917,0.7029280662536621,0.7702145576477051,0.0009995102882385254,"","","","","","","","","","","","","","","","","","","","","","","","","","","","","","","","","","","","","","","","","","","","","","","","","",0.10865580290555954,"","","PRUNED"
92,0.1485912874341011,"2025-05-16 21:40:30.961453","2025-05-16 21:40:35.411352","0 days 00:00:04.449899",160,208.0,208.0,96.0,208.0,16,"","","","",0.2,2,0.00506310163066118,5,1,0.1485912874341011,833.1505066366757,0.5822017674936968,0.5809436756021836,0.6092899231349721,-0.16665095792097204,0.14752677083015442,725.7203369140625,0.38742727041244507,0.40301278233528137,0.458362877368927,-0.010758042335510254,0.08517397195100784,309.61181640625,0.751948893070221,0.7707499861717224,0.8135786056518555,0.4905740022659302,0.1950310915708542,210.74221801757812,0.7228120565414429,0.7784825563430786,0.6262515783309937,-0.19712233543395996,0.19448581337928772,60.296302795410156,0.7455352544784546,0.6536975502967834,0.6010255217552185,-0.5343114137649536,0.10768179595470428,135.08840942382812,0.9010600447654724,0.7380762696266174,0.6696839332580566,0.07860404253005981,0.12334486097097397,84.60838317871094,0.26475730538368225,0.30494874715805054,0.4078502655029297,-0.22005367279052734,0.23676837980747223,173.35482788085938,0.6771872639656067,0.653499960899353,0.631341814994812,-0.3062642812728882,0.10193071514368057,99.94050598144531,0.2923039197921753,0.2656937837600708,0.5368381142616272,-0.15598690509796143,0.14246436953544617,52.19804763793945,0.8631483912467957,0.7250919938087463,0.7650548219680786,-0.09752488136291504,0.38157030940055847,6278.345703125,0.19244591891765594,0.3616147041320801,0.5900303721427917,-2.3716278076171875,0.1433885544538498,69.43789672851562,0.832882285118103,0.8070527911186218,0.8166736364364624,-0.1471714973449707,0.12194156646728516,73.5053482055664,0.7125149369239807,0.7558932304382324,0.8003575801849365,0.30227720737457275,0.08679116517305374,3888.24853515625,0.48488083481788635,0.6864880919456482,0.6068652272224426,-0.06094396114349365,0.09644145518541336,207.0282745361328,0.42135849595069885,0.40898361802101135,0.5015733242034912,-0.1290496587753296,0.16340428590774536,479.5578918457031,0.4326053559780121,0.4370036721229553,0.518269419670105,0.04038888216018677,0.07939766347408295,882.7755126953125,0.39391982555389404,0.36356157064437866,0.32669901847839355,0.11260294914245605,0.11870911717414856,433.0986022949219,0.8206419944763184,0.7621911764144897,0.6874725818634033,0.37330108880996704,10.0,0.09926323592662811,0.10393791645765305,0.10640844702720642,"COMPLETE"
93,0.10739925503730774,"2025-05-16 21:40:35.411834","2025-05-16 21:40:35.926551","0 days 00:00:00.514717",192,192.0,192.0,112.0,80.0,32,"","","","",0.0,1,0.004154694147081988,5,1,"","","","","","","","","","","","","","","","","","","","","","","","","","","","","","","","","","","","","","","","","","","","","","","","","","","","","","",0.15848159790039062,85.23381042480469,0.4685700535774231,0.5385821461677551,0.5654851794242859,-0.06153595447540283,"","","","","","","","","","","","","","","","","","","","","","","","","","","","","","","","","","","","","","","","","","","","","","","","","",0.10739925503730774,"","","PRUNED"
94,0.10758766531944275,"2025-05-16 21:40:35.926851","2025-05-16 21:40:37.202309","0 days 00:00:01.275458",160,224.0,176.0,128.0,96.0,48,"","","","",0.1,1,0.006615942855505859,5,1,"","","","","","","","","","","","","","","","","","","","","","","","","","","","","","","","","","","","","","","","","","","","","","","","","","","","","","",0.1562594622373581,57.07217025756836,0.8426177501678467,0.7318054437637329,0.6964333653450012,-0.2787487506866455,0.25205135345458984,2769.436767578125,0.24585279822349548,0.36489611864089966,0.604761004447937,-0.6256475448608398,0.1685965210199356,74.95207214355469,0.7058276534080505,0.6566406488418579,0.6405396461486816,-0.5172786712646484,0.1628013551235199,125.1215591430664,0.7587973475456238,0.6899898052215576,0.6806831955909729,0.09228456020355225,"","","","","","","","","","","","","","","","","","","","","","","","","","","","","","","",0.10232344269752502,0.10758766531944275,"","PRUNED"
95,0.10800794512033463,"2025-05-16 21:40:37.202606","2025-05-16 21:40:38.479675","0 days 00:00:01.277069",176,208.0,224.0,112.0,112.0,16,"","","","",0.30000000000000004,2,0.003436236576315861,5,1,"","","","","","","","","","","","","","","","","","","","","","","","","","","","","","","","","","","","","","","","","","","","","","","","","","","","","","",0.1510050892829895,54.800289154052734,0.39133965969085693,0.5101578235626221,0.634946346282959,-0.25426650047302246,0.21689796447753906,1988.2904052734375,0.4002576768398285,0.44021332263946533,0.650177538394928,-0.21855735778808594,0.15344016253948212,71.78001403808594,0.8305717706680298,0.74419766664505,0.7801244258880615,-0.2811095714569092,0.14007200300693512,69.39470672607422,0.6214693784713745,0.6485190987586975,0.6919307112693787,0.06729590892791748,"","","","","","","","","","","","","","","","","","","","","","","","","","","","","","","",0.10629680752754211,0.10800794512033463,"","PRUNED"
96,0.10919863730669022,"2025-05-16 21:40:38.479967","2025-05-16 21:40:39.817425","0 days 00:00:01.337458",144,240.0,208.0,144.0,192.0,32,"","","","",0.2,1,0.002823872332121647,5,1,"","","","","","","","","","","","","","","","","","","","","","","","","","","","","","","","","","","","","","","","","","","","","","","","","","","","","","",0.15281087160110474,61.174903869628906,0.3751075267791748,0.5007002949714661,0.6414865255355835,-0.15686237812042236,0.2571142911911011,3249.90771484375,0.28742414712905884,0.3793486952781677,0.6055310964584351,-0.6593953371047974,0.1584915965795517,68.29393005371094,0.546866774559021,0.5793584585189819,0.6624578237533569,-0.5709969997406006,0.11797594279050827,76.19450378417969,0.8627793192863464,0.7347627282142639,0.7946388721466064,0.3853243589401245,"","","","","","","","","","","","","","","","","","","","","","","","","","","","","","","",0.1070578470826149,0.10919863730669022,"","PRUNED"
