"number","value","datetime_start","datetime_complete","duration","params_decoder_layer_width_0","params_decoder_layer_width_1","params_decoder_layer_width_2","params_decoder_layer_width_3","params_decoder_layer_width_4","params_encoder_layer_width_0","params_encoder_layer_width_1","params_encoder_layer_width_2","params_encoder_layer_width_3","params_encoder_layer_width_4","params_lr","params_n_decoder_layers","params_n_encoder_layers","user_attrs_avg_mae","user_attrs_avg_mape","user_attrs_avg_ndcg10","user_attrs_avg_ndcg20","user_attrs_avg_ndcg50","user_attrs_avg_r2","user_attrs_fold10_mae","user_attrs_fold10_mape","user_attrs_fold10_ndcg10","user_attrs_fold10_ndcg20","user_attrs_fold10_ndcg50","user_attrs_fold10_r2","user_attrs_fold11_mae","user_attrs_fold11_mape","user_attrs_fold11_ndcg10","user_attrs_fold11_ndcg20","user_attrs_fold11_ndcg50","user_attrs_fold11_r2","user_attrs_fold12_mae","user_attrs_fold12_mape","user_attrs_fold12_ndcg10","user_attrs_fold12_ndcg20","user_attrs_fold12_ndcg50","user_attrs_fold12_r2","user_attrs_fold13_mae","user_attrs_fold13_mape","user_attrs_fold13_ndcg10","user_attrs_fold13_ndcg20","user_attrs_fold13_ndcg50","user_attrs_fold13_r2","user_attrs_fold14_mae","user_attrs_fold14_mape","user_attrs_fold14_ndcg10","user_attrs_fold14_ndcg20","user_attrs_fold14_ndcg50","user_attrs_fold14_r2","user_attrs_fold15_mae","user_attrs_fold15_mape","user_attrs_fold15_ndcg10","user_attrs_fold15_ndcg20","user_attrs_fold15_ndcg50","user_attrs_fold15_r2","user_attrs_fold16_mae","user_attrs_fold16_mape","user_attrs_fold16_ndcg10","user_attrs_fold16_ndcg20","user_attrs_fold16_ndcg50","user_attrs_fold16_r2","user_attrs_fold17_mae","user_attrs_fold17_mape","user_attrs_fold17_ndcg10","user_attrs_fold17_ndcg20","user_attrs_fold17_ndcg50","user_attrs_fold17_r2","user_attrs_fold1_mae","user_attrs_fold1_mape","user_attrs_fold1_ndcg10","user_attrs_fold1_ndcg20","user_attrs_fold1_ndcg50","user_attrs_fold1_r2","user_attrs_fold2_mae","user_attrs_fold2_mape","user_attrs_fold2_ndcg10","user_attrs_fold2_ndcg20","user_attrs_fold2_ndcg50","user_attrs_fold2_r2","user_attrs_fold3_mae","user_attrs_fold3_mape","user_attrs_fold3_ndcg10","user_attrs_fold3_ndcg20","user_attrs_fold3_ndcg50","user_attrs_fold3_r2","user_attrs_fold4_mae","user_attrs_fold4_mape","user_attrs_fold4_ndcg10","user_attrs_fold4_ndcg20","user_attrs_fold4_ndcg50","user_attrs_fold4_r2","user_attrs_fold5_mae","user_attrs_fold5_mape","user_attrs_fold5_ndcg10","user_attrs_fold5_ndcg20","user_attrs_fold5_ndcg50","user_attrs_fold5_r2","user_attrs_fold6_mae","user_attrs_fold6_mape","user_attrs_fold6_ndcg10","user_attrs_fold6_ndcg20","user_attrs_fold6_ndcg50","user_attrs_fold6_r2","user_attrs_fold7_mae","user_attrs_fold7_mape","user_attrs_fold7_ndcg10","user_attrs_fold7_ndcg20","user_attrs_fold7_ndcg50","user_attrs_fold7_r2","user_attrs_fold8_mae","user_attrs_fold8_mape","user_attrs_fold8_ndcg10","user_attrs_fold8_ndcg20","user_attrs_fold8_ndcg50","user_attrs_fold8_r2","user_attrs_fold9_mae","user_attrs_fold9_mape","user_attrs_fold9_ndcg10","user_attrs_fold9_ndcg20","user_attrs_fold9_ndcg50","user_attrs_fold9_r2","user_attrs_pca_components","system_attrs_completed_rung_0","system_attrs_completed_rung_1","system_attrs_completed_rung_2","state"
33,0.10972849279642105,"2025-05-16 21:30:19.216376","2025-05-16 21:30:19.686214","0 days 00:00:00.469838",112,"","","","",240,128.0,"","","",0.0010833461975231246,1,2,"","","","","","","","","","","","","","","","","","","","","","","","","","","","","","","","","","","","","","","","","","","","","","","","","","","","","","",0.15179844200611115,54.486610412597656,0.70826256275177,0.6755471229553223,0.6910544633865356,-0.2374880313873291,"","","","","","","","","","","","","","","","","","","","","","","","","","","","","","","","","","","","","","","","","","","","","","","","","",0.10972849279642105,"","","PRUNED"
34,0.128923237323761,"2025-05-16 21:30:19.686505","2025-05-16 21:30:20.295591","0 days 00:00:00.609086",96,"","","","",224,64.0,192.0,"","",0.043146032770922466,1,3,"","","","","","","","","","","","","","","","","","","","","","","","","","","","","","","","","","","","","","","","","","","","","","","","","","","","","","",0.2295544445514679,91.10429382324219,0.3079359233379364,0.3392367362976074,0.38500848412513733,-1.2367920875549316,"","","","","","","","","","","","","","","","","","","","","","","","","","","","","","","","","","","","","","","","","","","","","","","","","",0.128923237323761,"","","PRUNED"
35,0.11008460074663162,"2025-05-16 21:30:20.295849","2025-05-16 21:30:21.310630","0 days 00:00:01.014781",64,144.0,"","","",160,"","","","",0.002094687100407627,2,1,"","","","","","","","","","","","","","","","","","","","","","","","","","","","","","","","","","","","","","","","","","","","","","","","","","","","","","",0.1457284539937973,60.35306930541992,0.7862356901168823,0.6726329326629639,0.7531191110610962,0.0034621357917785645,0.1763858050107956,1237.474365234375,0.7796347737312317,0.7866475582122803,0.8746863007545471,0.08658897876739502,0.1649344116449356,81.50912475585938,0.7201124429702759,0.7055888772010803,0.7032598853111267,-0.44252824783325195,0.12468372285366058,67.73748016357422,0.8476448655128479,0.7646462321281433,0.7955513596534729,0.3042246699333191,"","","","","","","","","","","","","","","","","","","","","","","","","","","","","","","",0.10691404342651367,0.11008460074663162,"","PRUNED"
36,0.11246731877326965,"2025-05-16 21:30:21.310884","2025-05-16 21:30:22.332681","0 days 00:00:01.021797",32,"","","","",256,224.0,112.0,256.0,256.0,0.0012274018451909848,1,5,"","","","","","","","","","","","","","","","","","","","","","","","","","","","","","","","","","","","","","","","","","","","","","","","","","","","","","",0.1522124707698822,51.671226501464844,0.8326207399368286,0.7337729334831238,0.7031691074371338,-0.3170236349105835,"","","","","","","","","","","","","","","","","","","","","","","","","","","","","","","","","","","","","","","","","","","","","","","","","",0.11246731877326965,"","","PRUNED"
37,0.10994876176118851,"2025-05-16 21:30:22.332940","2025-05-16 21:30:23.650935","0 days 00:00:01.317995",96,112.0,"","","",144,96.0,"","","",0.003704217608874215,2,2,"","","","","","","","","","","","","","","","","","","","","","","","","","","","","","","","","","","","","","","","","","","","","","","","","","","","","","",0.14708451926708221,57.35038375854492,0.8244389891624451,0.7463645339012146,0.7427092790603638,-0.09674084186553955,0.20014186203479767,1378.1805419921875,0.6093432903289795,0.6321695446968079,0.8288845419883728,-0.18224120140075684,0.18287226557731628,84.98846435546875,0.6101611852645874,0.6033886671066284,0.6202037334442139,-0.8019030094146729,0.13581141829490662,53.54997634887695,0.8108246922492981,0.7614425420761108,0.7914564609527588,0.0040013790130615234,"","","","","","","","","","","","","","","","","","","","","","","","","","","","","","","",0.10867641121149063,0.10994876176118851,"","PRUNED"
38,0.15361685218179927,"2025-05-16 21:30:23.651193","2025-05-16 21:30:27.356819","0 days 00:00:03.705626",128,48.0,160.0,"","",240,"","","","",0.004832590338337786,3,1,0.15361685218179927,2411.8344870174633,0.4053511825554511,0.4225464125766474,0.4497320485465667,-0.1222772668389713,0.13375964760780334,548.1116943359375,0.6201124787330627,0.6439990401268005,0.5950520634651184,0.18872427940368652,0.19808845221996307,4526.51171875,0.5873981714248657,0.5706337690353394,0.5698294043540955,-0.07063698768615723,0.20102857053279877,316.0477600097656,0.18654926121234894,0.17516236007213593,0.18950830399990082,-0.08158838748931885,0.18407849967479706,89.40965270996094,0.10450625419616699,0.12739068269729614,0.17995192110538483,-0.2973710298538208,0.12679420411586761,236.97665405273438,0.11314012110233307,0.15207256376743317,0.1955767273902893,-0.05141913890838623,0.11406493932008743,105.28582000732422,0.519410252571106,0.4814997911453247,0.46023884415626526,0.030051887035369873,0.24098356068134308,199.8302459716797,0.06707007437944412,0.07065369933843613,0.10154391825199127,-0.31024372577667236,0.13661399483680725,266.57568359375,0.46880942583084106,0.46410277485847473,0.42456555366516113,-0.1779423952102661,0.15704502165317535,62.360687255859375,0.7124399542808533,0.6568114757537842,0.703921914100647,-0.18333518505096436,0.1873578578233719,1323.861572265625,0.7219268083572388,0.7681469321250916,0.8741436004638672,0.11205583810806274,0.1757543832063675,82.26732635498047,0.7932978272438049,0.7508126497268677,0.7378227114677429,-0.6347588300704956,0.15555329620838165,82.53239440917969,0.3816796541213989,0.5229848623275757,0.6627139449119568,-0.23069846630096436,0.10214608907699585,30488.693359375,0.3857734501361847,0.33224964141845703,0.2894897758960724,-0.21089768409729004,0.10437901318073273,504.5193786621094,0.24131803214550018,0.26102495193481445,0.3036556541919708,-0.20834600925445557,0.1420677751302719,249.4814453125,0.35615792870521545,0.4613643288612366,0.5282900333404541,0.014083623886108398,0.10082142055034637,1301.0950927734375,0.15245380997657776,0.20442059636116028,0.16518571972846985,-0.008394956588745117,0.15094976127147675,617.6257934570312,0.4789265990257263,0.5399588942527771,0.6639547348022461,0.042003631591796875,10.0,0.10505261272192001,0.10372743010520935,0.10088517516851425,"COMPLETE"
39,0.12446503341197968,"2025-05-16 21:30:27.357268","2025-05-16 21:30:28.067640","0 days 00:00:00.710372",208,"","","","",208,32.0,208.0,16.0,"",0.014917359362210367,1,4,"","","","","","","","","","","","","","","","","","","","","","","","","","","","","","","","","","","","","","","","","","","","","","","","","","","","","","",0.14437812566757202,43.51549530029297,0.5845510363578796,0.5295307040214539,0.7146244049072266,-0.3980525732040405,"","","","","","","","","","","","","","","","","","","","","","","","","","","","","","","","","","","","","","","","","","","","","","","","","",0.12446503341197968,"","","PRUNED"
40,0.11059661954641342,"2025-05-16 21:30:28.067914","2025-05-16 21:30:28.783486","0 days 00:00:00.715572",160,240.0,128.0,"","",112,144.0,160.0,"","",0.0007411835554232226,3,3,"","","","","","","","","","","","","","","","","","","","","","","","","","","","","","","","","","","","","","","","","","","","","","","","","","","","","","",0.1423778533935547,55.190032958984375,0.7242490649223328,0.6905649304389954,0.6959691643714905,-0.061466336250305176,"","","","","","","","","","","","","","","","","","","","","","","","","","","","","","","","","","","","","","","","","","","","","","","","","",0.11059661954641342,"","","PRUNED"
41,0.11460841447114944,"2025-05-16 21:30:28.783749","2025-05-16 21:30:29.236599","0 days 00:00:00.452850",64,192.0,176.0,112.0,16.0,80,"","","","",0.0015828128248265218,5,1,"","","","","","","","","","","","","","","","","","","","","","","","","","","","","","","","","","","","","","","","","","","","","","","","","","","","","","",0.16949541866779327,60.520965576171875,0.6566290259361267,0.6162145733833313,0.6873664259910583,-0.47152459621429443,"","","","","","","","","","","","","","","","","","","","","","","","","","","","","","","","","","","","","","","","","","","","","","","","","",0.11460841447114944,"","","PRUNED"
42,0.11324582993984222,"2025-05-16 21:30:29.236876","2025-05-16 21:30:30.354042","0 days 00:00:01.117166",48,176.0,192.0,48.0,80.0,112,"","","","",0.0031046253451331727,5,1,"","","","","","","","","","","","","","","","","","","","","","","","","","","","","","","","","","","","","","","","","","","","","","","","","","","","","","",0.16075186431407928,59.45272445678711,0.7594246864318848,0.7071588635444641,0.7119065523147583,-0.3468281030654907,0.1869385540485382,1485.8748779296875,0.5179029703140259,0.6767325401306152,0.792319118976593,-0.0074656009674072266,0.17069339752197266,75.62627410888672,0.34276315569877625,0.4917844235897064,0.5682944059371948,-0.7098003625869751,0.15306583046913147,78.00955963134766,0.45952871441841125,0.5867919921875,0.6850996613502502,-0.13911759853363037,"","","","","","","","","","","","","","","","","","","","","","","","","","","","","","","",0.10602793842554092,0.11324582993984222,"","PRUNED"
43,0.10949507355690002,"2025-05-16 21:30:30.354308","2025-05-16 21:30:30.816338","0 days 00:00:00.462030",64,224.0,208.0,128.0,"",48,"","","","",0.0019114055105357063,4,1,"","","","","","","","","","","","","","","","","","","","","","","","","","","","","","","","","","","","","","","","","","","","","","","","","","","","","","",0.16791702806949615,63.71882629394531,0.6491574645042419,0.6698317527770996,0.699431836605072,-0.34397614002227783,"","","","","","","","","","","","","","","","","","","","","","","","","","","","","","","","","","","","","","","","","","","","","","","","","",0.10949507355690002,"","","PRUNED"
44,0.11050329357385635,"2025-05-16 21:30:30.816596","2025-05-16 21:30:31.390256","0 days 00:00:00.573660",80,160.0,160.0,96.0,64.0,128,80.0,"","","",0.0062132842813495855,5,2,"","","","","","","","","","","","","","","","","","","","","","","","","","","","","","","","","","","","","","","","","","","","","","","","","","","","","","",0.15301935374736786,60.83554458618164,0.5668039321899414,0.5913630723953247,0.6884668469429016,-0.16943109035491943,"","","","","","","","","","","","","","","","","","","","","","","","","","","","","","","","","","","","","","","","","","","","","","","","","",0.11050329357385635,"","","PRUNED"
45,0.11450120806694031,"2025-05-16 21:30:31.390553","2025-05-16 21:30:31.864221","0 days 00:00:00.473668",16,240.0,192.0,160.0,"",144,"","","","",0.0005204459626730986,4,1,"","","","","","","","","","","","","","","","","","","","","","","","","","","","","","","","","","","","","","","","","","","","","","","","","","","","","","",0.16610196232795715,60.416812896728516,0.7895939350128174,0.6909158825874329,0.7435328364372253,-0.3988083600997925,"","","","","","","","","","","","","","","","","","","","","","","","","","","","","","","","","","","","","","","","","","","","","","","","","",0.11450120806694031,"","","PRUNED"
46,0.11733758449554443,"2025-05-16 21:30:31.864474","2025-05-16 21:30:32.288153","0 days 00:00:00.423679",32,32.0,64.0,48.0,176.0,96,"","","","",0.0009669743753715106,5,1,"","","","","","","","","","","","","","","","","","","","","","","","","","","","","","","","","","","","","","","","","","","","","","","","","","","","","","",0.1743398904800415,62.68659973144531,0.6510022282600403,0.5527472496032715,0.6600587964057922,-0.5712624788284302,"","","","","","","","","","","","","","","","","","","","","","","","","","","","","","","","","","","","","","","","","","","","","","","","","",0.11733758449554443,"","","PRUNED"
47,0.11340636014938354,"2025-05-16 21:30:32.288414","2025-05-16 21:30:33.943667","0 days 00:00:01.655253",112,208.0,240.0,208.0,"",256,192.0,"","","",0.0029491927165916794,4,2,"","","","","","","","","","","","","","","","","","","","","","","","","","","","","","","","","","","","","","","","","","","","","","","","","","","","","","",0.15836533904075623,60.32079315185547,0.7592509388923645,0.6950622200965881,0.7312118411064148,-0.2668389081954956,0.22009152173995972,3040.71875,0.4262809157371521,0.5723671913146973,0.7552794218063354,-0.16236984729766846,0.1359945386648178,76.24766540527344,0.8107404112815857,0.7587794661521912,0.7873682975769043,0.09460222721099854,0.1345541924238205,63.97561264038086,0.6988241672515869,0.671611487865448,0.7389214634895325,0.10774350166320801,"","","","","","","","","","","","","","","","","","","","","","","","","","","","","","","",0.10772617161273956,0.11340636014938354,"","PRUNED"
48,0.11997994780540466,"2025-05-16 21:30:33.943938","2025-05-16 21:30:34.620189","0 days 00:00:00.676251",240,128.0,112.0,256.0,64.0,192,224.0,"","","",0.000242905723118317,5,2,"","","","","","","","","","","","","","","","","","","","","","","","","","","","","","","","","","","","","","","","","","","","","","","","","","","","","","",0.16069653630256653,53.1081428527832,0.3328177034854889,0.4551249146461487,0.5856717824935913,-0.4729074239730835,"","","","","","","","","","","","","","","","","","","","","","","","","","","","","","","","","","","","","","","","","","","","","","","","","",0.11997994780540466,"","","PRUNED"
49,0.1116219013929367,"2025-05-16 21:30:34.620457","2025-05-16 21:30:35.349846","0 days 00:00:00.729389",48,160.0,192.0,112.0,"",96,16.0,112.0,"","",0.0015865202214923255,4,3,"","","","","","","","","","","","","","","","","","","","","","","","","","","","","","","","","","","","","","","","","","","","","","","","","","","","","","",0.15907210111618042,53.791194915771484,0.38376834988594055,0.410427987575531,0.5207470655441284,-0.4565967321395874,"","","","","","","","","","","","","","","","","","","","","","","","","","","","","","","","","","","","","","","","","","","","","","","","","",0.1116219013929367,"","","PRUNED"
50,0.12893427908420563,"2025-05-16 21:30:35.350149","2025-05-16 21:30:35.890221","0 days 00:00:00.540072",80,96.0,144.0,144.0,224.0,224,"","","","",0.09724837193462757,5,1,"","","","","","","","","","","","","","","","","","","","","","","","","","","","","","","","","","","","","","","","","","","","","","","","","","","","","","",0.1926720291376114,67.13615417480469,0.3079359233379364,0.3392367362976074,0.38500848412513733,-0.871289849281311,"","","","","","","","","","","","","","","","","","","","","","","","","","","","","","","","","","","","","","","","","","","","","","","","","",0.12893427908420563,"","","PRUNED"
51,0.15165375611361334,"2025-05-16 21:30:35.890503","2025-05-16 21:30:39.510055","0 days 00:00:03.619552",128,32.0,160.0,"","",240,"","","","",0.0048728052661772304,3,1,0.15165375611361334,3795.1304933884567,0.4767483411466374,0.4856096996980555,0.5018511440824059,-0.12969091359306784,0.12062341719865799,475.8250732421875,0.4239403307437897,0.5223678946495056,0.5941895246505737,0.1576707363128662,0.2424718290567398,7093.68359375,0.17368276417255402,0.42310068011283875,0.49002134799957275,-0.8248124122619629,0.1973210722208023,250.99266052246094,0.38084840774536133,0.269180566072464,0.23516887426376343,-0.1563330888748169,0.19975526630878448,83.35501861572266,0.14625224471092224,0.13479208946228027,0.21832917630672455,-0.5319859981536865,0.11792290210723877,189.6099395751953,0.30643603205680847,0.29157575964927673,0.3010478913784027,-0.04299044609069824,0.14071577787399292,172.17938232421875,0.37611499428749084,0.5435278415679932,0.5228287577629089,-0.11437118053436279,0.23392294347286224,166.2505340576172,0.7316384315490723,0.5679043531417847,0.49082404375076294,-0.29147791862487793,0.13382962346076965,260.3904724121094,0.28865867853164673,0.31261155009269714,0.38196632266044617,-0.1558438539505005,0.14999066293239594,62.82846450805664,0.7992941737174988,0.7012088298797607,0.704454243183136,-0.0384523868560791,0.18962155282497406,1292.1588134765625,0.728917121887207,0.7150872349739075,0.8436529040336609,-0.03224921226501465,0.15755333006381989,79.45761108398438,0.8116093277931213,0.7672168016433716,0.7696213722229004,-0.1584479808807373,0.13746820390224457,73.66161346435547,0.577024519443512,0.6557294726371765,0.6792691946029663,0.11921125650405884,0.09802775830030441,52532.62890625,0.4406017065048218,0.5301894545555115,0.5069459080696106,0.008394956588745117,0.10103433579206467,371.62542724609375,0.3106137216091156,0.34313470125198364,0.38417065143585205,-0.17615020275115967,0.13972729444503784,212.75169372558594,0.5147976279258728,0.6035919785499573,0.6092392802238464,0.034668028354644775,0.08624707907438278,909.2930908203125,0.6222538352012634,0.4620308578014374,0.3218519985675812,-0.016634225845336914,0.13188080489635468,290.5260925292969,0.4720378816127777,0.41211482882499695,0.47788795828819275,0.015058398246765137,10.0,0.1034468337893486,0.10578840225934982,0.10227035731077194,"COMPLETE"
52,0.1093909814953804,"2025-05-16 21:30:39.510478","2025-05-16 21:30:39.969558","0 days 00:00:00.459080",160,16.0,160.0,"","",240,"","","","",0.004179880022468981,3,1,"","","","","","","","","","","","","","","","","","","","","","","","","","","","","","","","","","","","","","","","","","","","","","","","","","","","","","",0.13781219720840454,58.73407745361328,0.8520904779434204,0.7166174650192261,0.7252658605575562,0.10562074184417725,"","","","","","","","","","","","","","","","","","","","","","","","","","","","","","","","","","","","","","","","","","","","","","","","","",0.1093909814953804,"","","PRUNED"
