"number","value","datetime_start","datetime_complete","duration","params_decoder_layer_width_0","params_decoder_layer_width_1","params_decoder_layer_width_2","params_decoder_layer_width_3","params_decoder_layer_width_4","params_encoder_layer_width_0","params_encoder_layer_width_1","params_encoder_layer_width_2","params_encoder_layer_width_3","params_lr","params_n_decoder_layers","params_n_encoder_layers","params_transformer_dropout","params_transformer_heads","user_attrs_avg_mae","user_attrs_avg_mape","user_attrs_avg_ndcg10","user_attrs_avg_ndcg20","user_attrs_avg_ndcg50","user_attrs_avg_r2","user_attrs_fold10_mae","user_attrs_fold10_mape","user_attrs_fold10_ndcg10","user_attrs_fold10_ndcg20","user_attrs_fold10_ndcg50","user_attrs_fold10_r2","user_attrs_fold11_mae","user_attrs_fold11_mape","user_attrs_fold11_ndcg10","user_attrs_fold11_ndcg20","user_attrs_fold11_ndcg50","user_attrs_fold11_r2","user_attrs_fold12_mae","user_attrs_fold12_mape","user_attrs_fold12_ndcg10","user_attrs_fold12_ndcg20","user_attrs_fold12_ndcg50","user_attrs_fold12_r2","user_attrs_fold13_mae","user_attrs_fold13_mape","user_attrs_fold13_ndcg10","user_attrs_fold13_ndcg20","user_attrs_fold13_ndcg50","user_attrs_fold13_r2","user_attrs_fold14_mae","user_attrs_fold14_mape","user_attrs_fold14_ndcg10","user_attrs_fold14_ndcg20","user_attrs_fold14_ndcg50","user_attrs_fold14_r2","user_attrs_fold15_mae","user_attrs_fold15_mape","user_attrs_fold15_ndcg10","user_attrs_fold15_ndcg20","user_attrs_fold15_ndcg50","user_attrs_fold15_r2","user_attrs_fold16_mae","user_attrs_fold16_mape","user_attrs_fold16_ndcg10","user_attrs_fold16_ndcg20","user_attrs_fold16_ndcg50","user_attrs_fold16_r2","user_attrs_fold17_mae","user_attrs_fold17_mape","user_attrs_fold17_ndcg10","user_attrs_fold17_ndcg20","user_attrs_fold17_ndcg50","user_attrs_fold17_r2","user_attrs_fold1_mae","user_attrs_fold1_mape","user_attrs_fold1_ndcg10","user_attrs_fold1_ndcg20","user_attrs_fold1_ndcg50","user_attrs_fold1_r2","user_attrs_fold2_mae","user_attrs_fold2_mape","user_attrs_fold2_ndcg10","user_attrs_fold2_ndcg20","user_attrs_fold2_ndcg50","user_attrs_fold2_r2","user_attrs_fold3_mae","user_attrs_fold3_mape","user_attrs_fold3_ndcg10","user_attrs_fold3_ndcg20","user_attrs_fold3_ndcg50","user_attrs_fold3_r2","user_attrs_fold4_mae","user_attrs_fold4_mape","user_attrs_fold4_ndcg10","user_attrs_fold4_ndcg20","user_attrs_fold4_ndcg50","user_attrs_fold4_r2","user_attrs_fold5_mae","user_attrs_fold5_mape","user_attrs_fold5_ndcg10","user_attrs_fold5_ndcg20","user_attrs_fold5_ndcg50","user_attrs_fold5_r2","user_attrs_fold6_mae","user_attrs_fold6_mape","user_attrs_fold6_ndcg10","user_attrs_fold6_ndcg20","user_attrs_fold6_ndcg50","user_attrs_fold6_r2","user_attrs_fold7_mae","user_attrs_fold7_mape","user_attrs_fold7_ndcg10","user_attrs_fold7_ndcg20","user_attrs_fold7_ndcg50","user_attrs_fold7_r2","user_attrs_fold8_mae","user_attrs_fold8_mape","user_attrs_fold8_ndcg10","user_attrs_fold8_ndcg20","user_attrs_fold8_ndcg50","user_attrs_fold8_r2","user_attrs_fold9_mae","user_attrs_fold9_mape","user_attrs_fold9_ndcg10","user_attrs_fold9_ndcg20","user_attrs_fold9_ndcg50","user_attrs_fold9_r2","user_attrs_pca_components","system_attrs_completed_rung_0","system_attrs_completed_rung_1","system_attrs_completed_rung_2","state"
15,0.11010018736124039,"2025-05-16 21:41:22.765976","2025-05-16 21:41:23.607873","0 days 00:00:00.841897",96,160.0,"","","",144,64.0,"","",0.028227095431665926,2,2,0.2,4,"","","","","","","","","","","","","","","","","","","","","","","","","","","","","","","","","","","","","","","","","","","","","","","","","","","","","","",0.1781977117061615,58.19809341430664,0.3079359233379364,0.3392367362976074,0.38500848412513733,-0.7411816120147705,"","","","","","","","","","","","","","","","","","","","","","","","","","","","","","","","","","","","","","","","","","","","","","","","","",0.11010018736124039,"","","PRUNED"
16,0.08207990229129791,"2025-05-16 21:41:23.608138","2025-05-16 21:41:25.497141","0 days 00:00:01.889003",16,64.0,48.0,"","",160,16.0,112.0,"",0.0014677356764011239,3,3,0.0,1,"","","","","","","","","","","","","","","","","","","","","","","","","","","","","","","","","","","","","","","","","","","","","","","","","","","","","","",0.09936230629682541,40.07735061645508,0.7011000514030457,0.7777296900749207,0.7997661232948303,0.3882424235343933,0.17020687460899353,2691.4033203125,0.6795506477355957,0.6325647234916687,0.8414745330810547,0.12372857332229614,0.09852545708417892,60.03498458862305,0.8774812817573547,0.9032375812530518,0.8771408796310425,0.5195586383342743,0.10318317264318466,42.76493835449219,0.6583649516105652,0.7130915522575378,0.8129891157150269,0.3232206702232361,"","","","","","","","","","","","","","","","","","","","","","","","","","","","","","","",0.08284835517406464,0.08207990229129791,"","PRUNED"
17,0.0825597271323204,"2025-05-16 21:41:25.497447","2025-05-16 21:41:27.908861","0 days 00:00:02.411414",176,208.0,192.0,160.0,240.0,112,128.0,"","",0.0008672593155149603,5,2,0.2,3,"","","","","","","","","","","","","","","","","","","","","","","","","","","","","","","","","","","","","","","","","","","","","","","","","","","","","","",0.10334283113479614,42.46173095703125,0.7149364948272705,0.7567040324211121,0.8025078177452087,0.38044339418411255,0.17585931718349457,2413.541259765625,0.6735732555389404,0.6439287662506104,0.8422219753265381,0.08071225881576538,0.08469259738922119,48.55038070678711,0.9033660292625427,0.8792233467102051,0.8830143213272095,0.5494853556156158,0.10057169198989868,47.31616973876953,0.6248799562454224,0.6987592577934265,0.7895689606666565,0.3859216570854187,"","","","","","","","","","","","","","","","","","","","","","","","","","","","","","","",0.08227375149726868,0.0825597271323204,"","PRUNED"
18,0.08265863358974457,"2025-05-16 21:41:27.909159","2025-05-16 21:41:29.514156","0 days 00:00:01.604997",48,112.0,"","","",80,80.0,208.0,"",0.002474196826137208,2,3,0.1,5,"","","","","","","","","","","","","","","","","","","","","","","","","","","","","","","","","","","","","","","","","","","","","","","","","","","","","","",0.09985692799091339,40.39654541015625,0.7065148949623108,0.748271644115448,0.7975414395332336,0.35478734970092773,"","","","","","","","","","","","","","","","","","","","","","","","","","","","","","","","","","","","","","","","","","","","","","","","","",0.08265863358974457,"","","PRUNED"
19,0.08639263361692429,"2025-05-16 21:41:29.514422","2025-05-16 21:41:30.060111","0 days 00:00:00.545689",176,128.0,96.0,"","",144,"","","",0.00046707506177998375,3,1,0.4,2,"","","","","","","","","","","","","","","","","","","","","","","","","","","","","","","","","","","","","","","","","","","","","","","","","","","","","","",0.11760818213224411,47.859092712402344,0.7537574172019958,0.7743092179298401,0.7967736124992371,0.2936347723007202,"","","","","","","","","","","","","","","","","","","","","","","","","","","","","","","","","","","","","","","","","","","","","","","","","",0.08639263361692429,"","","PRUNED"
20,0.08457629382610321,"2025-05-16 21:41:30.060383","2025-05-16 21:41:31.159789","0 days 00:00:01.099406",96,64.0,240.0,16.0,"",208,48.0,"","",0.0002341349798554793,4,2,0.30000000000000004,5,"","","","","","","","","","","","","","","","","","","","","","","","","","","","","","","","","","","","","","","","","","","","","","","","","","","","","","",0.16517274081707,62.598907470703125,0.7612661123275757,0.7742007374763489,0.8022081851959229,-0.29450857639312744,"","","","","","","","","","","","","","","","","","","","","","","","","","","","","","","","","","","","","","","","","","","","","","","","","",0.08457629382610321,"","","PRUNED"
21,0.12873360514640808,"2025-05-16 21:41:31.160102","2025-05-16 21:41:32.228732","0 days 00:00:01.068630",112,"","","","",128,"","","",0.0018306966868570302,1,1,0.4,10,"","","","","","","","","","","","","","","","","","","","","","","","","","","","","","","","","","","","","","","","","","","","","","","","","","","","","","",0.22805574536323547,89.1800537109375,0.22870776057243347,0.2371143400669098,0.3065098524093628,-1.3240997791290283,"","","","","","","","","","","","","","","","","","","","","","","","","","","","","","","","","","","","","","","","","","","","","","","","","",0.12873360514640808,"","","PRUNED"
22,0.08714820444583893,"2025-05-16 21:41:32.228988","2025-05-16 21:41:33.328945","0 days 00:00:01.099957",128,16.0,"","","",128,"","","",0.0009118240153355231,2,1,0.2,10,"","","","","","","","","","","","","","","","","","","","","","","","","","","","","","","","","","","","","","","","","","","","","","","","","","","","","","",0.10860618948936462,46.38371276855469,0.7688208222389221,0.8080089092254639,0.8112674951553345,0.4196503758430481,"","","","","","","","","","","","","","","","","","","","","","","","","","","","","","","","","","","","","","","","","","","","","","","","","",0.08714820444583893,"","","PRUNED"
23,0.1289219856262207,"2025-05-16 21:41:33.329206","2025-05-16 21:41:36.553251","0 days 00:00:03.224045",96,"","","","",160,208.0,"","",0.004807591275854012,1,2,0.4,9,"","","","","","","","","","","","","","","","","","","","","","","","","","","","","","","","","","","","","","","","","","","","","","","","","","","","","","",0.1768200546503067,57.5561637878418,0.3079359233379364,0.3392367362976074,0.38500848412513733,-0.7275286912918091,"","","","","","","","","","","","","","","","","","","","","","","","","","","","","","","","","","","","","","","","","","","","","","","","","",0.1289219856262207,"","","PRUNED"
24,0.08358202874660492,"2025-05-16 21:41:36.553524","2025-05-16 21:41:39.721589","0 days 00:00:03.168065",160,192.0,"","","",176,"","","",0.000735176395604834,2,1,0.0,8,"","","","","","","","","","","","","","","","","","","","","","","","","","","","","","","","","","","","","","","","","","","","","","","","","","","","","","",0.1067446768283844,45.73216247558594,0.7523970007896423,0.7992463707923889,0.804431140422821,0.4315757155418396,0.18236126005649567,3227.73046875,0.6244441866874695,0.6274948120117188,0.8362899422645569,0.11464029550552368,0.10123901814222336,58.022708892822266,0.8762755990028381,0.8746111989021301,0.8690599203109741,0.4796779751777649,0.10373511910438538,51.60478973388672,0.7330102324485779,0.7637678384780884,0.8160085678100586,0.485140860080719,"","","","","","","","","","","","","","","","","","","","","","","","","","","","","","","",0.0824861228466034,0.08358202874660492,"","PRUNED"
25,0.11326604336500168,"2025-05-16 21:41:39.721852","2025-05-16 21:41:40.433027","0 days 00:00:00.711175",112,"","","","",128,160.0,"","",0.009020117705339677,1,2,0.30000000000000004,2,"","","","","","","","","","","","","","","","","","","","","","","","","","","","","","","","","","","","","","","","","","","","","","","","","","","","","","",0.10836952179670334,39.06621170043945,0.7794337868690491,0.7736098766326904,0.8054973483085632,0.2599828243255615,"","","","","","","","","","","","","","","","","","","","","","","","","","","","","","","","","","","","","","","","","","","","","","","","","",0.11326604336500168,"","","PRUNED"
26,0.09285347908735275,"2025-05-16 21:41:40.433327","2025-05-16 21:41:41.122413","0 days 00:00:00.689086",48,128.0,"","","",96,"","","",0.00010881404708264783,2,1,0.1,7,"","","","","","","","","","","","","","","","","","","","","","","","","","","","","","","","","","","","","","","","","","","","","","","","","","","","","","",0.1190262883901596,49.08449172973633,0.7539687752723694,0.7603199481964111,0.7829387187957764,0.2905985713005066,"","","","","","","","","","","","","","","","","","","","","","","","","","","","","","","","","","","","","","","","","","","","","","","","","",0.09285347908735275,"","","PRUNED"
27,0.08535221219062805,"2025-05-16 21:41:41.122672","2025-05-16 21:41:42.550848","0 days 00:00:01.428176",80,"","","","",176,112.0,"","",0.0022898367246859497,1,2,0.2,1,"","","","","","","","","","","","","","","","","","","","","","","","","","","","","","","","","","","","","","","","","","","","","","","","","","","","","","",0.10003252327442169,39.064273834228516,0.7597666382789612,0.7928507328033447,0.8045363426208496,0.37175214290618896,0.17398521304130554,2217.707275390625,0.6769203543663025,0.6034647822380066,0.8392271399497986,0.05898642539978027,0.09287547320127487,43.965877532958984,0.8487599492073059,0.885395348072052,0.8721293210983276,0.41880542039871216,0.09977235645055771,43.35573959350586,0.6491954922676086,0.7907940745353699,0.7923621535301208,0.36362403631210327,"","","","","","","","","","","","","","","","","","","","","","","","","","","","","","","",0.08196430653333664,0.08535221219062805,"","PRUNED"
28,0.09534664452075958,"2025-05-16 21:41:42.551124","2025-05-16 21:41:44.178298","0 days 00:00:01.627174",192,224.0,176.0,"","",112,32.0,64.0,"",0.01648671435151603,3,3,0.4,9,"","","","","","","","","","","","","","","","","","","","","","","","","","","","","","","","","","","","","","","","","","","","","","","","","","","","","","",0.11898849159479141,42.807586669921875,0.7134508490562439,0.7633334994316101,0.8166397213935852,0.21461087465286255,"","","","","","","","","","","","","","","","","","","","","","","","","","","","","","","","","","","","","","","","","","","","","","","","","",0.09534664452075958,"","","PRUNED"
29,0.0868278220295906,"2025-05-16 21:41:44.178586","2025-05-16 21:41:45.508655","0 days 00:00:01.330069",224,48.0,112.0,192.0,144.0,144,80.0,"","",0.00418361532839115,5,2,0.5,6,"","","","","","","","","","","","","","","","","","","","","","","","","","","","","","","","","","","","","","","","","","","","","","","","","","","","","","",0.10097159445285797,40.15073013305664,0.7946292757987976,0.7851200103759766,0.8135009407997131,0.38645923137664795,"","","","","","","","","","","","","","","","","","","","","","","","","","","","","","","","","","","","","","","","","","","","","","","","","",0.0868278220295906,"","","PRUNED"
30,0.08911591023206711,"2025-05-16 21:41:45.508945","2025-05-16 21:41:45.984045","0 days 00:00:00.475100",160,96.0,80.0,96.0,"",64,"","","",0.0011940075388978506,4,1,0.5,3,"","","","","","","","","","","","","","","","","","","","","","","","","","","","","","","","","","","","","","","","","","","","","","","","","","","","","","",0.11242352426052094,45.919288635253906,0.7467063665390015,0.807899534702301,0.8239336609840393,0.3556848168373108,"","","","","","","","","","","","","","","","","","","","","","","","","","","","","","","","","","","","","","","","","","","","","","","","","",0.08911591023206711,"","","PRUNED"
31,0.08201853930950165,"2025-05-16 21:41:45.984339","2025-05-16 21:41:52.603362","0 days 00:00:06.619023",48,80.0,160.0,160.0,256.0,16,48.0,32.0,"",0.0034812233691930874,5,3,0.1,4,"","","","","","",0.1168830394744873,306.9247741699219,0.46039217710494995,0.45698490738868713,0.5661947131156921,0.08876711130142212,0.07381812483072281,569.1700439453125,0.9125926494598389,0.8141837120056152,0.8840444087982178,0.636615663766861,0.14465636014938354,141.19911193847656,1.0,0.9996656179428101,0.8322321772575378,0.23290163278579712,0.10278425365686417,53.313331604003906,1.0,1.0,0.9157792329788208,0.6020610630512238,0.09261805564165115,94.42901611328125,1.0,0.8397557735443115,0.7600871324539185,0.30964887142181396,0.08342204988002777,75.28154754638672,0.9191439151763916,0.8526073694229126,0.806818962097168,0.5329462587833405,0.13688093423843384,89.04090118408203,1.0,1.0,0.962844729423523,0.47460269927978516,"","","","","","",0.10049593448638916,39.23891067504883,0.7465848922729492,0.7931494116783142,0.7920141816139221,0.3615877032279968,0.17473194003105164,2307.959228515625,0.6757481694221497,0.644044041633606,0.8377849459648132,0.02545541524887085,0.08732756227254868,45.6156120300293,0.8997591733932495,0.8797487616539001,0.863183856010437,0.4914172887802124,0.10036526620388031,45.13564682006836,0.6696376204490662,0.7283698916435242,0.8025673031806946,0.4097890257835388,0.0731111690402031,15446.353515625,0.7936953902244568,0.7449341416358948,0.6608079671859741,0.31161975860595703,0.09579013288021088,312.5054931640625,0.31519556045532227,0.3905329406261444,0.46511310338974,-0.15686142444610596,0.10844776034355164,267.2112121582031,0.841418445110321,0.8009086847305298,0.7352331876754761,0.38919419050216675,0.05254196748137474,376.4657287597656,1.0,0.995047390460968,0.8476799726486206,0.45424193143844604,0.1128489300608635,248.39041137695312,0.6049326062202454,0.7122132182121277,0.6708391904830933,0.1840704083442688,"",0.07950036227703094,0.08105919510126114,0.08201853930950165,"PRUNED"
32,0.08136716485023499,"2025-05-16 21:41:52.603698","2025-05-16 21:41:55.198612","0 days 00:00:02.594914",32,64.0,192.0,192.0,192.0,16,48.0,16.0,48.0,0.0026212208009343996,5,4,0.1,5,"","","","","","","","","","","","","","","","","","","","","","","","","","","","","","","","","","","","","","","","","","","","","","","","","","","","","","",0.09868473559617996,39.28091049194336,0.7044777870178223,0.7777926921844482,0.7822436094284058,0.35981905460357666,0.16263173520565033,1644.762939453125,0.696406364440918,0.6825734376907349,0.8558123111724854,0.09371668100357056,0.07895693182945251,48.3931884765625,0.9011214971542358,0.8751516938209534,0.8847180604934692,0.5825998187065125,0.09904679656028748,46.724735260009766,0.6805846691131592,0.7282724976539612,0.7867581248283386,0.43063050508499146,"","","","","","","","","","","","","","","","","","","","","","","","","","","","","","","",0.08255046606063843,0.08136716485023499,"","PRUNED"
33,0.10242701979244456,"2025-05-16 21:41:55.198925","2025-05-16 21:42:03.222248","0 days 00:00:08.023323",80,112.0,16.0,96.0,"",32,16.0,144.0,"",0.006489020108686837,4,3,0.0,4,0.10242701979244456,1016.8985467798569,0.8097459183019751,0.791567697244532,0.7823631395311916,0.3618639392011306,0.11232700198888779,298.37890625,0.4326220154762268,0.4759662449359894,0.5564708113670349,0.1025574803352356,0.07594262808561325,880.9962158203125,0.9189135432243347,0.8981890082359314,0.8988177180290222,0.6502686738967896,0.14632578194141388,144.29913330078125,1.0,1.0,0.8331130146980286,0.27191537618637085,0.10286113619804382,59.080421447753906,1.0,1.0,0.9090058207511902,0.6212045252323151,0.09208273887634277,123.57323455810547,1.0,0.8399519324302673,0.7639762759208679,0.3847362995147705,0.0844382718205452,60.245849609375,0.9191439151763916,0.8663579225540161,0.8232026100158691,0.5249561965465546,0.13750600814819336,102.40738677978516,1.0,1.0,0.962844729423523,0.48678815364837646,0.07340728491544724,88.54135131835938,0.8921757340431213,0.8413479924201965,0.8119288086891174,0.480365514755249,0.10336370021104813,39.63762283325195,0.7629257440567017,0.7765380144119263,0.8233617544174194,0.366485595703125,0.1794278770685196,2701.274169921875,0.6344853043556213,0.5937687754631042,0.8360833525657654,0.056471943855285645,0.08178728073835373,52.59474563598633,0.8766089677810669,0.8838616609573364,0.894348680973053,0.6071959733963013,0.09802050143480301,44.89742660522461,0.7318628430366516,0.800783634185791,0.8252370953559875,0.47648781538009644,0.07264406234025955,11279.4990234375,0.8397100567817688,0.7312435507774353,0.6799694895744324,0.3227136731147766,0.09625986963510513,362.36175537109375,0.29199540615081787,0.3492497503757477,0.46026572585105896,-0.13629662990570068,0.11134608834981918,252.4119110107422,0.8178084492683411,0.7821031212806702,0.749524712562561,0.37083548307418823,0.057315535843372345,538.0648803710938,1.0,1.0,0.8162077069282532,0.4323776960372925,0.11620356887578964,259.0112609863281,0.6474286317825317,0.6172892451286316,0.655815064907074,0.13262319564819336,10.0,0.08076496422290802,0.07998629659414291,0.08091267943382263,"COMPLETE"
34,0.08290933072566986,"2025-05-16 21:42:03.222720","2025-05-16 21:42:05.481791","0 days 00:00:02.259071",80,144.0,16.0,80.0,"",48,16.0,160.0,"",0.008621000905553466,4,3,0.0,3,"","","","","","","","","","","","","","","","","","","","","","","","","","","","","","","","","","","","","","","","","","","","","","","","","","","","","","",0.10065905749797821,43.83173751831055,0.7452681064605713,0.7428585886955261,0.7997667193412781,0.44080281257629395,0.15688277781009674,1285.571044921875,0.696406364440918,0.6908995509147644,0.8617281317710876,0.11941879987716675,0.08187124133110046,57.47917938232422,0.9118452072143555,0.8758293986320496,0.8706582188606262,0.5858771800994873,0.09887401759624481,40.807769775390625,0.6244835257530212,0.6701852083206177,0.7929258346557617,0.3487507104873657,"","","","","","","","","","","","","","","","","","","","","","","","","","","","","","","",0.08060792833566666,0.08290933072566986,"","PRUNED"
35,0.08438541740179062,"2025-05-16 21:42:05.482126","2025-05-16 21:42:06.370521","0 days 00:00:00.888395",128,112.0,16.0,96.0,"",96,32.0,"","",0.0063556065510252426,4,2,0.0,7,"","","","","","","","","","","","","","","","","","","","","","","","","","","","","","","","","","","","","","","","","","","","","","","","","","","","","","",0.11694005131721497,48.654598236083984,0.7389826774597168,0.7260218262672424,0.7854943871498108,0.29701507091522217,"","","","","","","","","","","","","","","","","","","","","","","","","","","","","","","","","","","","","","","","","","","","","","","","","",0.08438541740179062,"","","PRUNED"
36,0.08430948853492737,"2025-05-16 21:42:06.370800","2025-05-16 21:42:07.059844","0 days 00:00:00.689044",144,160.0,64.0,192.0,"",80,16.0,"","",0.0005627368936547309,4,2,0.30000000000000004,5,"","","","","","","","","","","","","","","","","","","","","","","","","","","","","","","","","","","","","","","","","","","","","","","","","","","","","","",0.1019563153386116,42.41889572143555,0.7116585373878479,0.7551607489585876,0.8055081367492676,0.43686747550964355,"","","","","","","","","","","","","","","","","","","","","","","","","","","","","","","","","","","","","","","","","","","","","","","","","",0.08430948853492737,"","","PRUNED"
