"number","value","datetime_start","datetime_complete","duration","params_decoder_layer_width_0","params_decoder_layer_width_1","params_decoder_layer_width_2","params_decoder_layer_width_3","params_decoder_layer_width_4","params_encoder_layer_width_0","params_encoder_layer_width_1","params_encoder_layer_width_2","params_encoder_layer_width_3","params_encoder_layer_width_4","params_gatv2_dropout","params_gatv2_heads","params_lr","params_n_decoder_layers","params_n_encoder_layers","user_attrs_avg_mae","user_attrs_avg_mape","user_attrs_avg_ndcg10","user_attrs_avg_ndcg20","user_attrs_avg_ndcg50","user_attrs_avg_r2","user_attrs_fold10_mae","user_attrs_fold10_mape","user_attrs_fold10_ndcg10","user_attrs_fold10_ndcg20","user_attrs_fold10_ndcg50","user_attrs_fold10_r2","user_attrs_fold11_mae","user_attrs_fold11_mape","user_attrs_fold11_ndcg10","user_attrs_fold11_ndcg20","user_attrs_fold11_ndcg50","user_attrs_fold11_r2","user_attrs_fold12_mae","user_attrs_fold12_mape","user_attrs_fold12_ndcg10","user_attrs_fold12_ndcg20","user_attrs_fold12_ndcg50","user_attrs_fold12_r2","user_attrs_fold13_mae","user_attrs_fold13_mape","user_attrs_fold13_ndcg10","user_attrs_fold13_ndcg20","user_attrs_fold13_ndcg50","user_attrs_fold13_r2","user_attrs_fold14_mae","user_attrs_fold14_mape","user_attrs_fold14_ndcg10","user_attrs_fold14_ndcg20","user_attrs_fold14_ndcg50","user_attrs_fold14_r2","user_attrs_fold15_mae","user_attrs_fold15_mape","user_attrs_fold15_ndcg10","user_attrs_fold15_ndcg20","user_attrs_fold15_ndcg50","user_attrs_fold15_r2","user_attrs_fold16_mae","user_attrs_fold16_mape","user_attrs_fold16_ndcg10","user_attrs_fold16_ndcg20","user_attrs_fold16_ndcg50","user_attrs_fold16_r2","user_attrs_fold17_mae","user_attrs_fold17_mape","user_attrs_fold17_ndcg10","user_attrs_fold17_ndcg20","user_attrs_fold17_ndcg50","user_attrs_fold17_r2","user_attrs_fold1_mae","user_attrs_fold1_mape","user_attrs_fold1_ndcg10","user_attrs_fold1_ndcg20","user_attrs_fold1_ndcg50","user_attrs_fold1_r2","user_attrs_fold2_mae","user_attrs_fold2_mape","user_attrs_fold2_ndcg10","user_attrs_fold2_ndcg20","user_attrs_fold2_ndcg50","user_attrs_fold2_r2","user_attrs_fold3_mae","user_attrs_fold3_mape","user_attrs_fold3_ndcg10","user_attrs_fold3_ndcg20","user_attrs_fold3_ndcg50","user_attrs_fold3_r2","user_attrs_fold4_mae","user_attrs_fold4_mape","user_attrs_fold4_ndcg10","user_attrs_fold4_ndcg20","user_attrs_fold4_ndcg50","user_attrs_fold4_r2","user_attrs_fold5_mae","user_attrs_fold5_mape","user_attrs_fold5_ndcg10","user_attrs_fold5_ndcg20","user_attrs_fold5_ndcg50","user_attrs_fold5_r2","user_attrs_fold6_mae","user_attrs_fold6_mape","user_attrs_fold6_ndcg10","user_attrs_fold6_ndcg20","user_attrs_fold6_ndcg50","user_attrs_fold6_r2","user_attrs_fold7_mae","user_attrs_fold7_mape","user_attrs_fold7_ndcg10","user_attrs_fold7_ndcg20","user_attrs_fold7_ndcg50","user_attrs_fold7_r2","user_attrs_fold8_mae","user_attrs_fold8_mape","user_attrs_fold8_ndcg10","user_attrs_fold8_ndcg20","user_attrs_fold8_ndcg50","user_attrs_fold8_r2","user_attrs_fold9_mae","user_attrs_fold9_mape","user_attrs_fold9_ndcg10","user_attrs_fold9_ndcg20","user_attrs_fold9_ndcg50","user_attrs_fold9_r2","user_attrs_pca_components","system_attrs_completed_rung_0","system_attrs_completed_rung_1","system_attrs_completed_rung_2","state"
45,0.1179262325167656,"2025-05-16 21:38:15.467275","2025-05-16 21:38:16.810575","0 days 00:00:01.343300",16,96.0,"","","",192,64.0,128.0,256.0,208.0,0.4,1,0.007798861051862552,2,5,"","","","","","","","","","","","","","","","","","","","","","","","","","","","","","","","","","","","","","","","","","","","","","","","","","","","","","",0.2132198065519333,80.50189971923828,0.3864607512950897,0.42084383964538574,0.4713347554206848,-1.0734939575195312,"","","","","","","","","","","","","","","","","","","","","","","","","","","","","","","","","","","","","","","","","","","","","","","","","",0.1179262325167656,"","","PRUNED"
46,0.11306383460760117,"2025-05-16 21:38:16.810862","2025-05-16 21:38:34.069418","0 days 00:00:17.258556",96,160.0,256.0,176.0,"",64,240.0,"","","",0.5,7,0.003101757291565522,4,2,"","","","","","",0.14234742522239685,661.70166015625,0.19937047362327576,0.30276983976364136,0.502581000328064,0.007738292217254639,0.12453785538673401,1635.7584228515625,0.9513977766036987,0.8802286982536316,0.8279964327812195,0.13065588474273682,0.19680340588092804,259.29583740234375,0.9993637800216675,0.7631036043167114,0.5073625445365906,-0.14375615119934082,0.17731954157352448,68.56217193603516,0.7893177270889282,0.6300409436225891,0.5401935577392578,-0.32122743129730225,0.12654395401477814,262.2861022949219,0.4074893295764923,0.3014676868915558,0.3742992579936981,0.024260222911834717,0.12598058581352234,74.21385955810547,0.19525079429149628,0.19670875370502472,0.22599703073501587,-0.35792315006256104,0.2381829470396042,173.95179748535156,0.4993559420108795,0.6034390926361084,0.6397698521614075,-0.34737956523895264,"","","","","","",0.16290855407714844,57.8632698059082,0.7487077116966248,0.709572434425354,0.7367432713508606,-0.3901113271713257,0.221669003367424,2904.960205078125,0.09006994217634201,0.2665436267852783,0.5598090887069702,-0.1687488555908203,0.20661205053329468,103.09880828857422,0.7142525315284729,0.730056881904602,0.7284769415855408,-1.099494457244873,0.1216738298535347,71.06562805175781,0.8196958303451538,0.7501814365386963,0.8242992758750916,0.2991865873336792,0.09369616210460663,2631.894287109375,0.5259582996368408,0.5432124137878418,0.5555312037467957,-0.2183699607849121,0.11709380149841309,119.14559936523438,0.29836222529411316,0.26179155707359314,0.37508726119995117,-0.5941452980041504,0.1554071307182312,435.70953369140625,0.2941337525844574,0.33245205879211426,0.37797674536705017,0.02425992488861084,0.07776181399822235,789.0651245117188,0.35587039589881897,0.38013342022895813,0.33132651448249817,0.0069963932037353516,0.12330931425094604,243.89178466796875,0.31247758865356445,0.3100384473800659,0.49501150846481323,0.07404083013534546,"",0.11226753145456314,0.11218345165252686,0.11306383460760117,"PRUNED"
47,0.1190396174788475,"2025-05-16 21:38:34.069749","2025-05-16 21:38:34.632644","0 days 00:00:00.562895",64,64.0,48.0,"","",112,"","","","",0.4,3,0.00016393921924929964,3,1,"","","","","","","","","","","","","","","","","","","","","","","","","","","","","","","","","","","","","","","","","","","","","","","","","","","","","","",0.20540575683116913,77.38316345214844,0.6794918775558472,0.7165647149085999,0.7405275702476501,-0.9233825206756592,"","","","","","","","","","","","","","","","","","","","","","","","","","","","","","","","","","","","","","","","","","","","","","","","","",0.1190396174788475,"","","PRUNED"
48,0.11615747958421707,"2025-05-16 21:38:34.632929","2025-05-16 21:38:36.907392","0 days 00:00:02.274463",32,16.0,16.0,144.0,"",144,64.0,16.0,"","",0.30000000000000004,12,0.0015413068324627035,4,3,"","","","","","","","","","","","","","","","","","","","","","","","","","","","","","","","","","","","","","","","","","","","","","","","","","","","","","",0.1650899201631546,53.85832977294922,0.3828464150428772,0.3477087616920471,0.5606635808944702,-0.5611571073532104,"","","","","","","","","","","","","","","","","","","","","","","","","","","","","","","","","","","","","","","","","","","","","","","","","",0.11615747958421707,"","","PRUNED"
49,0.11637161672115326,"2025-05-16 21:38:36.907681","2025-05-16 21:38:40.998345","0 days 00:00:04.090664",240,48.0,112.0,80.0,"",176,144.0,"","","",0.5,5,0.00890437173894303,4,2,"","","","","","","","","","","","","","","","","","","","","","","","","","","","","","","","","","","","","","","","","","","","","","","","","","","","","","",0.1794445961713791,66.0226058959961,0.6904967427253723,0.7074134349822998,0.761530339717865,-0.5261784791946411,0.2002575844526291,757.1453247070312,0.4216470420360565,0.5657875537872314,0.6785154342651367,-0.29700231552124023,0.1750430166721344,72.7606201171875,0.6721684336662292,0.6088244915008545,0.6628773808479309,-0.8341257572174072,0.12846581637859344,60.75684356689453,0.7467446327209473,0.7018690705299377,0.699321448802948,0.09025245904922485,"","","","","","","","","","","","","","","","","","","","","","","","","","","","","","","",0.11270996928215027,0.11637161672115326,"","PRUNED"
50,0.14151328802108765,"2025-05-16 21:38:40.998636","2025-05-16 21:38:45.389893","0 days 00:00:04.391257",160,192.0,144.0,112.0,176.0,32,"","","","",0.4,2,0.005781826536882181,5,1,0.14151328802108765,738.260825662052,0.5441629755146363,0.5389212369918823,0.5702755819348728,-0.11701537931666654,0.12697993218898773,491.30560302734375,0.3084527552127838,0.36959007382392883,0.5231435298919678,0.08477950096130371,0.10110613703727722,548.2772827148438,0.9053822159767151,0.8360291719436646,0.8936096429824829,0.2475883960723877,0.19400209188461304,221.13876342773438,0.9022241830825806,0.8152410984039307,0.714931845664978,-0.1692793369293213,0.1782858967781067,67.16934204101562,0.5179253816604614,0.6121915578842163,0.5895571112632751,-0.3516063690185547,0.11409779638051987,160.8335723876953,0.7159104943275452,0.5908776521682739,0.444230854511261,-0.08943235874176025,0.11603294312953949,74.7208480834961,0.26497042179107666,0.3821781575679779,0.42129039764404297,-0.16696393489837646,0.23814663290977478,179.82823181152344,0.554534912109375,0.44461148977279663,0.3747366666793823,-0.33273208141326904,0.09306536614894867,129.9124298095703,0.7454997897148132,0.6975336670875549,0.6778929829597473,0.16937607526779175,0.17425698041915894,65.72278594970703,0.7222289443016052,0.6880057454109192,0.7375696301460266,-0.44688916206359863,0.22224034368991852,2823.20263671875,0.29229339957237244,0.4074968695640564,0.6178164482116699,-0.20918738842010498,0.16740775108337402,73.13261413574219,0.5568007230758667,0.6495876908302307,0.6804627776145935,-0.6483594179153442,0.13937704265117645,77.89286804199219,0.864985466003418,0.7453565001487732,0.7218071818351746,0.19571232795715332,0.08644624054431915,5926.92041015625,0.42843160033226013,0.49082672595977783,0.5294919013977051,-0.12772047519683838,0.10705919563770294,146.2067108154297,0.23126664757728577,0.3032737970352173,0.4170887768268585,-0.4036189317703247,0.14228057861328125,229.9124298095703,0.418864905834198,0.40166881680488586,0.524917721748352,-0.017151951789855957,0.08821289986371994,1066.912841796875,0.12763889133930206,0.11406686902046204,0.13112640380859375,0.07130962610244751,0.11672806739807129,267.34466552734375,0.6933598518371582,0.6131251454353333,0.6950110197067261,0.20491403341293335,10.0,0.10646262019872665,0.11036987602710724,0.10750984400510788,"COMPLETE"
51,0.11255663633346558,"2025-05-16 21:38:45.390341","2025-05-16 21:38:49.677218","0 days 00:00:04.286877",160,192.0,144.0,112.0,176.0,32,"","","","",0.4,2,0.004790508503718576,5,1,"","","","","","",0.12763378024101257,391.6654357910156,0.3573281466960907,0.3225358724594116,0.41833949089050293,0.010607719421386719,0.11082612723112106,1319.84130859375,0.9458833932876587,0.8814815282821655,0.8561879992485046,0.29781049489974976,0.19591128826141357,211.89808654785156,0.23231050372123718,0.16817499697208405,0.19137535989284515,-0.22302305698394775,0.1938582956790924,61.63546371459961,0.34772422909736633,0.288828581571579,0.2844799757003784,-0.5669047832489014,0.11180669069290161,175.4103240966797,0.9033139944076538,0.7914674282073975,0.6884543895721436,0.028120696544647217,0.1175198033452034,79.34980773925781,0.4951663613319397,0.493765652179718,0.5362847447395325,-0.18436002731323242,0.2421499788761139,162.74038696289062,0.7467841506004333,0.5160652995109558,0.3482860028743744,-0.40628087520599365,"","","","","","",0.17839469015598297,66.66425323486328,0.750874936580658,0.6976567506790161,0.7166504859924316,-0.5507292747497559,0.22105345129966736,2258.97509765625,0.2844446003437042,0.3365279734134674,0.601732075214386,-0.29312455654144287,0.15263739228248596,71.37699890136719,0.7517119646072388,0.7372877597808838,0.7759211659431458,-0.2876884937286377,0.14102418720722198,86.19973754882812,0.811097264289856,0.6933708786964417,0.7297292351722717,0.17772924900054932,0.08517033606767654,11289.8681640625,0.5290402173995972,0.5319041013717651,0.5939140915870667,-0.06456410884857178,0.09910408407449722,193.9296112060547,0.4680403172969818,0.4878588020801544,0.5275235772132874,-0.22140824794769287,0.14007942378520966,237.06678771972656,0.4384225010871887,0.47636109590530396,0.6197463870048523,0.08677983283996582,0.08862806111574173,1099.7525634765625,0.566646158695221,0.4601600170135498,0.38241907954216003,0.12316852807998657,0.12465327978134155,376.0262145996094,0.6910281181335449,0.6424717307090759,0.7078742384910583,0.23921287059783936,"",0.1063413992524147,0.1060861125588417,0.11255663633346558,"PRUNED"
52,0.11287123709917068,"2025-05-16 21:38:49.677606","2025-05-16 21:38:55.227684","0 days 00:00:05.550078",144,240.0,128.0,64.0,224.0,80,"","","","",0.4,4,0.011945958908062972,5,1,"","","","","","",0.14276444911956787,500.7355651855469,0.1573408842086792,0.1531209498643875,0.2988424301147461,-0.09118402004241943,0.10834343731403351,434.5665588378906,0.4273287355899811,0.6095847487449646,0.7388184666633606,0.021819233894348145,0.19786782562732697,249.26829528808594,0.22133769094944,0.20167240500450134,0.20287983119487762,-0.18420517444610596,0.1775747835636139,56.165035247802734,0.6136308908462524,0.566271960735321,0.6433373689651489,-0.25306761264801025,0.11770103126764297,212.66384887695312,0.791448175907135,0.6683220863342285,0.6133745312690735,0.023134708404541016,0.13047470152378082,118.38156127929688,0.07637729495763779,0.09333847463130951,0.16100838780403137,-0.29736220836639404,0.18870118260383606,139.96646118164062,1.0,1.0,0.9639477133750916,0.23976898193359375,"","","","","","",0.15430781245231628,60.98258972167969,0.9002269506454468,0.7469222545623779,0.7585951089859009,-0.13081812858581543,0.26634934544563293,4441.32470703125,0.1631440818309784,0.30244916677474976,0.5519494414329529,-0.5956538915634155,0.19366951286792755,91.06010437011719,0.5499974489212036,0.584814727306366,0.7316481471061707,-1.0141761302947998,0.12741965055465698,69.46656036376953,0.8177409768104553,0.7096436023712158,0.7267824411392212,0.2404770851135254,0.07883724570274353,8113.5009765625,0.6412224173545837,0.7413743734359741,0.6443033814430237,0.13156592845916748,0.10750831663608551,255.42910766601562,0.21604228019714355,0.2608599364757538,0.3602556884288788,-0.37579941749572754,0.14365816116333008,213.34210205078125,0.40255430340766907,0.42537763714790344,0.5575452446937561,-0.0761864185333252,0.08693598955869675,1032.203857421875,0.34373044967651367,0.24421699345111847,0.17773696780204773,0.07602846622467041,0.15140840411186218,606.6409301757812,0.3135366439819336,0.2663552165031433,0.41668838262557983,0.08701974153518677,"",0.10330389440059662,0.10520189255475998,0.11287123709917068,"PRUNED"
53,0.14463909320971546,"2025-05-16 21:38:55.228004","2025-05-16 21:38:59.548411","0 days 00:00:04.320407",160,208.0,192.0,112.0,224.0,16,"","","","",0.5,1,0.005644394467624186,5,1,0.14463909320971546,576.7797449897317,0.545262856518521,0.537703168742797,0.5536017610746271,-0.2187210847349728,0.12452308088541031,157.28573608398438,0.3339861035346985,0.4650232493877411,0.49358484148979187,-0.12591350078582764,0.09668596088886261,707.21533203125,0.9331371188163757,0.7804038524627686,0.8667914867401123,0.35033631324768066,0.19771471619606018,179.07704162597656,0.15251880884170532,0.13817137479782104,0.1334974467754364,-0.30133068561553955,0.1959119439125061,60.58098220825195,0.8557474613189697,0.7241430878639221,0.6567038893699646,-0.5495343208312988,0.11443421989679337,132.32986450195312,0.4320678114891052,0.32423943281173706,0.27731308341026306,-0.17059695720672607,0.11933647841215134,75.20152282714844,0.48524391651153564,0.49625450372695923,0.5111484527587891,-0.21336424350738525,0.24257232248783112,167.85960388183594,0.1727832704782486,0.3299294710159302,0.22053605318069458,-0.40249013900756836,0.10073268413543701,97.5031509399414,0.17122840881347656,0.26750192046165466,0.3433523178100586,-0.1634056568145752,0.18913449347019196,72.26893615722656,0.8087219595909119,0.7159831523895264,0.7474334836006165,-0.6260040998458862,0.21113307774066925,1425.0655517578125,0.46643903851509094,0.5246427059173584,0.7705455422401428,-0.27125608921051025,0.18190421164035797,83.6922607421875,0.786087691783905,0.7575091123580933,0.8000855445861816,-0.8187419176101685,0.1563342660665512,67.85413360595703,0.6328153610229492,0.6609005331993103,0.7229769229888916,-0.16324067115783691,0.08762331306934357,5157.26904296875,0.41364410519599915,0.397702693939209,0.5031917095184326,-0.16371524333953857,0.09652965515851974,300.799072265625,0.6776767373085022,0.6496507525444031,0.6501113772392273,-0.12935340404510498,0.14295628666877747,149.8906707763672,0.6569532155990601,0.6621631979942322,0.6432951092720032,-0.14003968238830566,0.07646283507347107,767.3267822265625,0.5344640016555786,0.46115002036094666,0.32600921392440796,0.10414201021194458,0.1248750388622284,204.03598022460938,0.7559535503387451,0.7855848073959351,0.7446534633636475,0.06624984741210938,10.0,0.10676229745149612,0.11083874851465225,0.11040977388620377,"COMPLETE"
54,0.14544857118059606,"2025-05-16 21:38:59.548894","2025-05-16 21:39:04.013029","0 days 00:00:04.464135",176,208.0,208.0,112.0,112.0,32,"","","","",0.5,1,0.005738690783559986,5,1,0.14544857118059606,640.9001651090734,0.43606383660260367,0.43689361302291646,0.4880475629778469,-0.20192551963469563,0.12500475347042084,289.3185729980469,0.7798558473587036,0.6713200807571411,0.6360333561897278,0.03312122821807861,0.11157334595918655,1206.156494140625,0.8917575478553772,0.8396671414375305,0.8171536922454834,0.2401524782180786,0.1966465562582016,219.6178741455078,0.13458965718746185,0.14406637847423553,0.139400452375412,-0.2232527732849121,0.1947246938943863,61.743019104003906,0.3040558099746704,0.25701069831848145,0.27462276816368103,-0.5775219202041626,0.11415226757526398,154.0734100341797,0.11761948466300964,0.1198287308216095,0.14932429790496826,-0.11297750473022461,0.12926150858402252,136.6505889892578,0.1704029142856598,0.21513274312019348,0.2687951326370239,-0.15708255767822266,0.24331580102443695,150.13352966308594,0.13308478891849518,0.13590283691883087,0.14298227429389954,-0.4391946792602539,0.10276326537132263,99.61715698242188,0.24332639575004578,0.2493508905172348,0.3493904173374176,-0.20104682445526123,0.18222978711128235,66.48980712890625,0.7609198093414307,0.6899874806404114,0.7430256009101868,-0.6020691394805908,0.21143069863319397,1507.8394775390625,0.44366222620010376,0.5524687170982361,0.6934683918952942,-0.16301774978637695,0.17518185079097748,80.13067626953125,0.8067191243171692,0.7638267278671265,0.8095646500587463,-0.6883060932159424,0.15397512912750244,59.17692947387695,0.45406797528266907,0.5091012716293335,0.6709710955619812,-0.27334558963775635,0.08671379834413528,5286.1669921875,0.4018123149871826,0.4609695374965668,0.52667635679245,-0.156549334526062,0.09595664590597153,348.7997741699219,0.3993619978427887,0.5397356152534485,0.5852058529853821,-0.08835077285766602,0.1442931890487671,242.81150817871094,0.44636496901512146,0.4267604649066925,0.5894056558609009,-0.05853545665740967,0.07993125915527344,825.1339721679688,0.34207260608673096,0.24519121646881104,0.20173069834709167,0.04645055532455444,0.12547115981578827,161.44302368164062,0.5834117531776428,0.6068708896636963,0.6990578770637512,-0.0112076997756958,10.0,0.10853114724159241,0.10986006259918213,0.10850787162780762,"COMPLETE"
55,0.13992631260086508,"2025-05-16 21:39:04.013492","2025-05-16 21:39:08.431070","0 days 00:00:04.417578",176,224.0,208.0,112.0,96.0,16,"","","","",0.30000000000000004,1,0.005797461685799485,5,1,0.13992631260086508,828.5702220692355,0.4549795319052303,0.4459822221713908,0.5023140293710372,-0.0656467220362495,0.12377898395061493,348.989501953125,0.49858367443084717,0.3966341018676758,0.5509299635887146,0.07974916696548462,0.10184142738580704,945.22802734375,0.40682703256607056,0.5074571371078491,0.7149078249931335,0.34531915187835693,0.19615638256072998,189.49168395996094,0.1460968255996704,0.12229606509208679,0.15700991451740265,-0.2641338109970093,0.19534264504909515,61.33662414550781,0.6122865676879883,0.5533725619316101,0.47677046060562134,-0.5136022567749023,0.11471116542816162,171.90065002441406,0.26233023405075073,0.2126082330942154,0.2060176432132721,-0.07396543025970459,0.12276814877986908,85.9696044921875,0.25849413871765137,0.2433454394340515,0.24904291331768036,-0.2823387384414673,0.2424902617931366,163.4270477294922,0.6477586030960083,0.48246386647224426,0.32269737124443054,-0.408017635345459,0.10390971601009369,102.92166137695312,0.28114286065101624,0.2628104090690613,0.38886547088623047,-0.19053256511688232,0.14973221719264984,61.52969741821289,0.6644636392593384,0.6393348574638367,0.7508627772331238,-0.04680609703063965,0.21984632313251495,1987.57421875,0.42175447940826416,0.4897850751876831,0.6759974956512451,-0.2035893201828003,0.15194380283355713,81.42869567871094,0.8236308693885803,0.8200522661209106,0.7978405952453613,-0.008009552955627441,0.13973097503185272,85.28923797607422,0.623024582862854,0.6872586011886597,0.7418320775032043,0.18728286027908325,0.08602948486804962,8236.98828125,0.5171279311180115,0.49818864464759827,0.5716421008110046,-0.007055163383483887,0.09661679714918137,433.34197998046875,0.13228583335876465,0.17998766899108887,0.3579145073890686,-0.054030418395996094,0.13938352465629578,114.8217544555664,0.5184780359268188,0.5546767711639404,0.5887149572372437,-0.03886878490447998,0.07199681550264359,669.2039184570312,0.4313468933105469,0.44669198989868164,0.38746926188468933,0.1317160725593567,0.12246864289045334,346.2511901855469,0.48901984095573425,0.48473408818244934,0.600823163986206,0.2308882474899292,10.0,0.10318096727132797,0.11122719198465347,0.10885331779718399,"COMPLETE"
