"number","value","datetime_start","datetime_complete","duration","params_decoder_layer_width_0","params_decoder_layer_width_1","params_decoder_layer_width_2","params_decoder_layer_width_3","params_decoder_layer_width_4","params_lr","params_n_decoder_layers","user_attrs_avg_mae","user_attrs_avg_mape","user_attrs_avg_ndcg10","user_attrs_avg_ndcg20","user_attrs_avg_ndcg50","user_attrs_avg_r2","user_attrs_fold10_mae","user_attrs_fold10_mape","user_attrs_fold10_ndcg10","user_attrs_fold10_ndcg20","user_attrs_fold10_ndcg50","user_attrs_fold10_r2","user_attrs_fold11_mae","user_attrs_fold11_mape","user_attrs_fold11_ndcg10","user_attrs_fold11_ndcg20","user_attrs_fold11_ndcg50","user_attrs_fold11_r2","user_attrs_fold12_mae","user_attrs_fold12_mape","user_attrs_fold12_ndcg10","user_attrs_fold12_ndcg20","user_attrs_fold12_ndcg50","user_attrs_fold12_r2","user_attrs_fold13_mae","user_attrs_fold13_mape","user_attrs_fold13_ndcg10","user_attrs_fold13_ndcg20","user_attrs_fold13_ndcg50","user_attrs_fold13_r2","user_attrs_fold14_mae","user_attrs_fold14_mape","user_attrs_fold14_ndcg10","user_attrs_fold14_ndcg20","user_attrs_fold14_ndcg50","user_attrs_fold14_r2","user_attrs_fold15_mae","user_attrs_fold15_mape","user_attrs_fold15_ndcg10","user_attrs_fold15_ndcg20","user_attrs_fold15_ndcg50","user_attrs_fold15_r2","user_attrs_fold16_mae","user_attrs_fold16_mape","user_attrs_fold16_ndcg10","user_attrs_fold16_ndcg20","user_attrs_fold16_ndcg50","user_attrs_fold16_r2","user_attrs_fold17_mae","user_attrs_fold17_mape","user_attrs_fold17_ndcg10","user_attrs_fold17_ndcg20","user_attrs_fold17_ndcg50","user_attrs_fold17_r2","user_attrs_fold1_mae","user_attrs_fold1_mape","user_attrs_fold1_ndcg10","user_attrs_fold1_ndcg20","user_attrs_fold1_ndcg50","user_attrs_fold1_r2","user_attrs_fold2_mae","user_attrs_fold2_mape","user_attrs_fold2_ndcg10","user_attrs_fold2_ndcg20","user_attrs_fold2_ndcg50","user_attrs_fold2_r2","user_attrs_fold3_mae","user_attrs_fold3_mape","user_attrs_fold3_ndcg10","user_attrs_fold3_ndcg20","user_attrs_fold3_ndcg50","user_attrs_fold3_r2","user_attrs_fold4_mae","user_attrs_fold4_mape","user_attrs_fold4_ndcg10","user_attrs_fold4_ndcg20","user_attrs_fold4_ndcg50","user_attrs_fold4_r2","user_attrs_fold5_mae","user_attrs_fold5_mape","user_attrs_fold5_ndcg10","user_attrs_fold5_ndcg20","user_attrs_fold5_ndcg50","user_attrs_fold5_r2","user_attrs_fold6_mae","user_attrs_fold6_mape","user_attrs_fold6_ndcg10","user_attrs_fold6_ndcg20","user_attrs_fold6_ndcg50","user_attrs_fold6_r2","user_attrs_fold7_mae","user_attrs_fold7_mape","user_attrs_fold7_ndcg10","user_attrs_fold7_ndcg20","user_attrs_fold7_ndcg50","user_attrs_fold7_r2","user_attrs_fold8_mae","user_attrs_fold8_mape","user_attrs_fold8_ndcg10","user_attrs_fold8_ndcg20","user_attrs_fold8_ndcg50","user_attrs_fold8_r2","user_attrs_fold9_mae","user_attrs_fold9_mape","user_attrs_fold9_ndcg10","user_attrs_fold9_ndcg20","user_attrs_fold9_ndcg50","user_attrs_fold9_r2","user_attrs_pca_components","system_attrs_completed_rung_0","system_attrs_completed_rung_1","system_attrs_completed_rung_2","state"
16,0.11639965325593948,"2025-05-16 21:46:07.325006","2025-05-16 21:46:07.591396","0 days 00:00:00.266390",96,96.0,16.0,16.0,16.0,0.0018795812307119608,5,"","","","","","","","","","","","","","","","","","","","","","","","","","","","","","","","","","","","","","","","","","","","","","","","","","","","","","",0.16753044724464417,57.45528793334961,0.5953477621078491,0.6425328850746155,0.6206158399581909,-0.5297632217407227,"","","","","","","","","","","","","","","","","","","","","","","","","","","","","","","","","","","","","","","","","","","","","","","","","",0.11639965325593948,"","","PRUNED"
17,0.12758885324001312,"2025-05-16 21:46:07.591646","2025-05-16 21:46:07.766676","0 days 00:00:00.175030",48,"","","","",0.0002949659611263653,1,"","","","","","","","","","","","","","","","","","","","","","","","","","","","","","","","","","","","","","","","","","","","","","","","","","","","","","",0.16036447882652283,53.49699401855469,0.18320560455322266,0.29624712467193604,0.40663760900497437,-0.508095383644104,"","","","","","","","","","","","","","","","","","","","","","","","","","","","","","","","","","","","","","","","","","","","","","","","","",0.12758885324001312,"","","PRUNED"
18,0.10871562361717224,"2025-05-16 21:46:07.766905","2025-05-16 21:46:08.061978","0 days 00:00:00.295073",160,176.0,192.0,112.0,"",0.008747218095594814,4,"","","","","","","","","","","","","","","","","","","","","","","","","","","","","","","","","","","","","","","","","","","","","","","","","","","","","","",0.15180477499961853,59.09771728515625,0.5510814189910889,0.6400498151779175,0.6946764588356018,-0.1666698455810547,"","","","","","","","","","","","","","","","","","","","","","","","","","","","","","","","","","","","","","","","","","","","","","","","","",0.10871562361717224,"","","PRUNED"
19,0.13088303804397583,"2025-05-16 21:46:08.062223","2025-05-16 21:46:08.728560","0 days 00:00:00.666337",224,256.0,96.0,"","",0.028452008492847288,3,"","","","","","","","","","","","","","","","","","","","","","","","","","","","","","","","","","","","","","","","","","","","","","","","","","","","","","",0.16095465421676636,56.89775848388672,0.5424624681472778,0.640408992767334,0.5780541300773621,-0.40845346450805664,0.2073666900396347,1760.8065185546875,0.4722161293029785,0.5757706165313721,0.7554156184196472,-0.2632277011871338,0.13704060018062592,59.76950454711914,0.7292261123657227,0.5029165148735046,0.6102913022041321,-0.3530043363571167,0.16636459529399872,91.94009399414062,0.36987370252609253,0.3360435664653778,0.5169357061386108,-0.4202580451965332,"","","","","","","","","","","","","","","","","","","","","","","","","","","","","","","",0.10277190804481506,0.13088303804397583,"","PRUNED"
20,0.14877024380599752,"2025-05-16 21:46:08.728813","2025-05-16 21:46:11.319091","0 days 00:00:02.590278",128,224.0,224.0,208.0,"",0.0020643345928040386,4,0.14877024380599752,4152.468240401324,0.3094960053944412,0.33296659117674127,0.39760225397699017,-0.15215986265855677,0.13658615946769714,623.2781982421875,0.6429925560951233,0.5643545389175415,0.511188268661499,0.03515118360519409,0.11726569384336472,1307.07275390625,0.5896174311637878,0.5253764986991882,0.6844977736473083,0.2359418272972107,0.20300693809986115,298.6600341796875,0.15317292511463165,0.22392797470092773,0.19069188833236694,-0.1324831247329712,0.1844967007637024,95.26508331298828,0.14247559010982513,0.18225088715553284,0.17050126194953918,-0.28848445415496826,0.14112602174282074,291.8413391113281,0.35382938385009766,0.3349689245223999,0.3336350619792938,-0.12799179553985596,0.12151212990283966,97.53275299072266,0.24665461480617523,0.23415328562259674,0.270635724067688,-0.19719886779785156,0.2287900745868683,173.64810180664062,0.4466274678707123,0.5012194514274597,0.43728044629096985,-0.20963764190673828,0.10725466907024384,179.65216064453125,0.27890560030937195,0.254203736782074,0.31135040521621704,-0.01568889617919922,0.15340694785118103,60.47794723510742,0.5632672309875488,0.6043006777763367,0.5898281931877136,-0.19029557704925537,0.23392651975154877,3553.71826171875,0.36854124069213867,0.40065133571624756,0.6842551827430725,-0.34712791442871094,0.145667165517807,72.15377807617188,0.2664693593978882,0.3264712989330292,0.437491774559021,-0.4613168239593506,0.13686953485012054,65.87522888183594,0.48061883449554443,0.6086841225624084,0.6493062376976013,0.04806405305862427,0.1228514164686203,61476.609375,0.04187346622347832,0.04962660372257233,0.15637433528900146,-0.20545172691345215,0.10422569513320923,458.1000671386719,0.2135026454925537,0.26470690965652466,0.3512575030326843,-0.2838982343673706,0.13887450098991394,115.53963470458984,0.3116079568862915,0.42152971029281616,0.5446576476097107,-0.04241633415222168,0.11872633546590805,1455.47802734375,0.013639776967465878,0.023842761293053627,0.033006444573402405,-0.31447577476501465,0.13450764119625092,267.0573425292969,0.14763601124286652,0.1401633322238922,0.4032801687717438,-0.08940756320953369,10.0,0.10211331397294998,0.10403747856616974,0.10703406482934952,"COMPLETE"
21,0.10855744779109955,"2025-05-16 21:46:11.319505","2025-05-16 21:46:14.021316","0 days 00:00:02.701811",144,224.0,224.0,224.0,"",0.002207692611391923,4,"","","","","","",0.13298718631267548,459.5946350097656,0.21803300082683563,0.1944740265607834,0.4336039125919342,-0.031655192375183105,0.1070203110575676,1056.226318359375,0.5076138973236084,0.6878015398979187,0.7184281945228577,0.3837556838989258,0.20340703427791595,297.4264221191406,0.18899588286876678,0.13099436461925507,0.13760539889335632,-0.14583492279052734,0.19462348520755768,84.44832611083984,0.09768860787153244,0.17032137513160706,0.1689235419034958,-0.4606579542160034,0.12234872579574585,213.03707885742188,0.328721284866333,0.35958123207092285,0.3344651162624359,-0.03936922550201416,0.12494298070669174,116.701416015625,0.2223432958126068,0.22593817114830017,0.2990686297416687,-0.17159783840179443,0.22806060314178467,182.49147033691406,0.19868619740009308,0.37109440565109253,0.3270616829395294,-0.1976313591003418,"","","","","","",0.15056170523166656,63.45815658569336,0.5504657030105591,0.5709264874458313,0.6453078985214233,-0.10714900493621826,0.22574691474437714,2363.826904296875,0.4654780626296997,0.566201388835907,0.744472324848175,-0.3780115842819214,0.15689149498939514,74.93425750732422,0.30089619755744934,0.37800490856170654,0.4775133430957794,-0.5684682130813599,0.1418357789516449,76.96524047851562,0.4850001335144043,0.5129849314689636,0.5976316332817078,-0.06816482543945312,0.10049688071012497,49470.41796875,0.16245365142822266,0.21042925119400024,0.3789483606815338,-0.007420539855957031,0.10521364957094193,449.0686950683594,0.27169427275657654,0.31099051237106323,0.33933451771736145,-0.2733292579650879,0.14671947062015533,149.5241241455078,0.25425994396209717,0.2826956510543823,0.4953297972679138,-0.09294795989990234,0.10758165270090103,1430.2366943359375,0.01147666946053505,0.025357192382216454,0.03841950371861458,-0.10397124290466309,0.13649149239063263,327.9931945800781,0.28853216767311096,0.32182577252388,0.38958069682121277,-0.0450282096862793,"",0.09909441322088242,0.10142616182565689,0.10855744779109955,"PRUNED"
22,0.11140087246894836,"2025-05-16 21:46:14.021630","2025-05-16 21:46:14.278376","0 days 00:00:00.256746",48,224.0,224.0,"","",0.005397094561884465,3,"","","","","","","","","","","","","","","","","","","","","","","","","","","","","","","","","","","","","","","","","","","","","","","","","","","","","","",0.16462084650993347,62.91490173339844,0.5585245490074158,0.6115618944168091,0.5803940296173096,-0.31433331966400146,"","","","","","","","","","","","","","","","","","","","","","","","","","","","","","","","","","","","","","","","","","","","","","","","","",0.11140087246894836,"","","PRUNED"
23,0.11637122184038162,"2025-05-16 21:46:14.278627","2025-05-16 21:46:14.618123","0 days 00:00:00.339496",112,176.0,160.0,160.0,256.0,0.00018486313060717564,5,"","","","","","","","","","","","","","","","","","","","","","","","","","","","","","","","","","","","","","","","","","","","","","","","","","","","","","",0.17951427400112152,64.8289794921875,0.5673711895942688,0.657256543636322,0.6929445266723633,-0.6013987064361572,"","","","","","","","","","","","","","","","","","","","","","","","","","","","","","","","","","","","","","","","","","","","","","","","","",0.11637122184038162,"","","PRUNED"
24,0.11019638180732727,"2025-05-16 21:46:14.618367","2025-05-16 21:46:14.883637","0 days 00:00:00.265270",176,112.0,224.0,"","",0.0005095684178824501,3,"","","","","","","","","","","","","","","","","","","","","","","","","","","","","","","","","","","","","","","","","","","","","","","","","","","","","","",0.16878068447113037,61.07630920410156,0.6752798557281494,0.6745320558547974,0.6430466771125793,-0.43802452087402344,"","","","","","","","","","","","","","","","","","","","","","","","","","","","","","","","","","","","","","","","","","","","","","","","","",0.11019638180732727,"","","PRUNED"
25,0.10557769984006882,"2025-05-16 21:46:14.883882","2025-05-16 21:46:15.710075","0 days 00:00:00.826193",240,192.0,224.0,192.0,"",0.0023083121250772895,4,"","","","","","","","","","","","","","","","","","","","","","","","","","","","","","","","","","","","","","","","","","","","","","","","","","","","","","",0.13952216506004333,54.39466094970703,0.588962733745575,0.6306553483009338,0.6720355749130249,-0.03840672969818115,0.22816583514213562,2475.4013671875,0.44785627722740173,0.5454246997833252,0.7481039762496948,-0.3189598321914673,0.14473246037960052,66.35028076171875,0.3724672496318817,0.5247595310211182,0.5718974471092224,-0.327176570892334,0.13824762403964996,65.18761444091797,0.6909936666488647,0.6576398611068726,0.6799113154411316,0.04959326982498169,"","","","","","","","","","","","","","","","","","","","","","","","","","","","","","","",0.10063041001558304,0.10557769984006882,"","PRUNED"
26,0.11746625602245331,"2025-05-16 21:46:15.710334","2025-05-16 21:46:15.994714","0 days 00:00:00.284380",32,240.0,96.0,256.0,"",0.00022421385571172304,4,"","","","","","","","","","","","","","","","","","","","","","","","","","","","","","","","","","","","","","","","","","","","","","","","","","","","","","",0.1740780919790268,60.23407745361328,0.5803651809692383,0.5432162880897522,0.651289701461792,-0.60015869140625,"","","","","","","","","","","","","","","","","","","","","","","","","","","","","","","","","","","","","","","","","","","","","","","","","",0.11746625602245331,"","","PRUNED"
27,0.11216101795434952,"2025-05-16 21:46:15.994954","2025-05-16 21:46:16.323834","0 days 00:00:00.328880",128,160.0,256.0,112.0,144.0,0.0007995274639195563,5,"","","","","","","","","","","","","","","","","","","","","","","","","","","","","","","","","","","","","","","","","","","","","","","","","","","","","","",0.1773415058851242,66.46320343017578,0.525265097618103,0.6072379946708679,0.6184605956077576,-0.5126501321792603,"","","","","","","","","","","","","","","","","","","","","","","","","","","","","","","","","","","","","","","","","","","","","","","","","",0.11216101795434952,"","","PRUNED"
28,0.11662542074918747,"2025-05-16 21:46:16.324075","2025-05-16 21:46:17.065886","0 days 00:00:00.741811",96,208.0,144.0,224.0,"",0.022406474472638292,4,"","","","","","","","","","","","","","","","","","","","","","","","","","","","","","","","","","","","","","","","","","","","","","","","","","","","","","",0.18333353102207184,61.06749725341797,0.3079359233379364,0.3392367362976074,0.38500848412513733,-0.7888766527175903,0.23349879682064056,2460.306884765625,0.2698078155517578,0.35758888721466064,0.5991910696029663,-0.41485023498535156,0.16972872614860535,74.11244201660156,0.2409776896238327,0.30568060278892517,0.40378955006599426,-0.8287665843963623,0.15833048522472382,80.70203399658203,0.41294100880622864,0.545191764831543,0.6375993490219116,-0.11336696147918701,"","","","","","","","","","","","","","","","","","","","","","","","","","","","","","","",0.10761474817991257,0.11662542074918747,"","PRUNED"
29,0.11305806785821915,"2025-05-16 21:46:17.066142","2025-05-16 21:46:17.620624","0 days 00:00:00.554482",240,96.0,"","","",0.0016265984017236033,2,"","","","","","","","","","","","","","","","","","","","","","","","","","","","","","","","","","","","","","","","","","","","","","","","","","","","","","",0.17091986536979675,62.21526336669922,0.6238049268722534,0.6367977857589722,0.6103658676147461,-0.45375895500183105,0.22651448845863342,2854.3046875,0.4974989891052246,0.5221347808837891,0.7617980241775513,-0.3208465576171875,0.1433785855770111,63.263118743896484,0.23086212575435638,0.3516692519187927,0.5443946123123169,-0.4132169485092163,0.1340773105621338,59.452457427978516,0.5368107557296753,0.628248929977417,0.6626484990119934,0.037067532539367676,"","","","","","","","","","","","","","","","","","","","","","","","","","","","","","","",0.10536549985408783,0.11305806785821915,"","PRUNED"
30,0.12758450210094452,"2025-05-16 21:46:17.620869","2025-05-16 21:46:17.870766","0 days 00:00:00.249897",192,64.0,192.0,"","",0.07946783647099108,3,"","","","","","","","","","","","","","","","","","","","","","","","","","","","","","","","","","","","","","","","","","","","","","","","","","","","","","",0.17582187056541443,63.6368408203125,0.31611117720603943,0.5740366578102112,0.5868993997573853,-0.5985921621322632,"","","","","","","","","","","","","","","","","","","","","","","","","","","","","","","","","","","","","","","","","","","","","","","","","",0.12758450210094452,"","","PRUNED"
31,0.11022967845201492,"2025-05-16 21:46:17.871022","2025-05-16 21:46:18.061234","0 days 00:00:00.190212",256,"","","","",0.020681010744499895,1,"","","","","","","","","","","","","","","","","","","","","","","","","","","","","","","","","","","","","","","","","","","","","","","","","","","","","","",0.16192907094955444,58.38663101196289,0.5013179183006287,0.5930446982383728,0.5929808020591736,-0.3516976833343506,"","","","","","","","","","","","","","","","","","","","","","","","","","","","","","","","","","","","","","","","","","","","","","","","","",0.11022967845201492,"","","PRUNED"
32,0.10804077237844467,"2025-05-16 21:46:18.061460","2025-05-16 21:46:18.274217","0 days 00:00:00.212757",240,16.0,"","","",0.0471416883673341,2,"","","","","","","","","","","","","","","","","","","","","","","","","","","","","","","","","","","","","","","","","","","","","","","","","","","","","","",0.16721731424331665,53.822296142578125,0.31611117720603943,0.3341507017612457,0.5702242851257324,-0.6188184022903442,"","","","","","","","","","","","","","","","","","","","","","","","","","","","","","","","","","","","","","","","","","","","","","","","","",0.10804077237844467,"","","PRUNED"
33,0.10922200977802277,"2025-05-16 21:46:18.274452","2025-05-16 21:46:18.470435","0 days 00:00:00.195983",256,"","","","",0.01245286552515201,1,"","","","","","","","","","","","","","","","","","","","","","","","","","","","","","","","","","","","","","","","","","","","","","","","","","","","","","",0.1678859293460846,62.58095932006836,0.4694528877735138,0.5890214443206787,0.5592640042304993,-0.3970571756362915,"","","","","","","","","","","","","","","","","","","","","","","","","","","","","","","","","","","","","","","","","","","","","","","","","",0.10922200977802277,"","","PRUNED"
34,0.11230367422103882,"2025-05-16 21:46:18.470682","2025-05-16 21:46:18.680199","0 days 00:00:00.209517",224,32.0,"","","",0.003971563041782363,2,"","","","","","","","","","","","","","","","","","","","","","","","","","","","","","","","","","","","","","","","","","","","","","","","","","","","","","",0.15360194444656372,57.36251449584961,0.5876689553260803,0.6645957827568054,0.6298689246177673,-0.2177666425704956,"","","","","","","","","","","","","","","","","","","","","","","","","","","","","","","","","","","","","","","","","","","","","","","","","",0.11230367422103882,"","","PRUNED"
35,0.11387041956186295,"2025-05-16 21:46:18.680430","2025-05-16 21:46:18.937164","0 days 00:00:00.256734",192,80.0,208.0,"","",0.010344256989202862,3,"","","","","","","","","","","","","","","","","","","","","","","","","","","","","","","","","","","","","","","","","","","","","","","","","","","","","","",0.1654888242483139,62.620819091796875,0.6259608864784241,0.6662967801094055,0.6564587950706482,-0.34783661365509033,"","","","","","","","","","","","","","","","","","","","","","","","","","","","","","","","","","","","","","","","","","","","","","","","","",0.11387041956186295,"","","PRUNED"
36,0.11084451526403427,"2025-05-16 21:46:18.937398","2025-05-16 21:46:19.152165","0 days 00:00:00.214767",16,240.0,"","","",0.0031277410032847504,2,"","","","","","","","","","","","","","","","","","","","","","","","","","","","","","","","","","","","","","","","","","","","","","","","","","","","","","",0.17313963174819946,66.71875762939453,0.6525754332542419,0.6355116963386536,0.6275058388710022,-0.40227746963500977,"","","","","","","","","","","","","","","","","","","","","","","","","","","","","","","","","","","","","","","","","","","","","","","","","",0.11084451526403427,"","","PRUNED"
37,0.1288086473941803,"2025-05-16 21:46:19.152394","2025-05-16 21:46:19.424403","0 days 00:00:00.272009",224,208.0,96.0,"","",0.042664798363831274,3,"","","","","","","","","","","","","","","","","","","","","","","","","","","","","","","","","","","","","","","","","","","","","","","","","","","","","","",0.18944063782691956,76.46038818359375,0.2026388794183731,0.3033396601676941,0.48051825165748596,-0.6493796110153198,"","","","","","","","","","","","","","","","","","","","","","","","","","","","","","","","","","","","","","","","","","","","","","","","","",0.1288086473941803,"","","PRUNED"
38,0.11184852570295334,"2025-05-16 21:46:19.424646","2025-05-16 21:46:19.641024","0 days 00:00:00.216378",208,48.0,"","","",0.014639531612632753,2,"","","","","","","","","","","","","","","","","","","","","","","","","","","","","","","","","","","","","","","","","","","","","","","","","","","","","","",0.16636456549167633,58.19049072265625,0.6296038031578064,0.6249918341636658,0.6179227828979492,-0.45555078983306885,"","","","","","","","","","","","","","","","","","","","","","","","","","","","","","","","","","","","","","","","","","","","","","","","","",0.11184852570295334,"","","PRUNED"
