"number","value","datetime_start","datetime_complete","duration","params_decoder_layer_width_0","params_decoder_layer_width_1","params_decoder_layer_width_2","params_decoder_layer_width_3","params_decoder_layer_width_4","params_encoder_layer_width_0","params_encoder_layer_width_1","params_encoder_layer_width_2","params_encoder_layer_width_3","params_encoder_layer_width_4","params_lr","params_n_decoder_layers","params_n_encoder_layers","user_attrs_avg_mae","user_attrs_avg_mape","user_attrs_avg_ndcg10","user_attrs_avg_ndcg20","user_attrs_avg_ndcg50","user_attrs_avg_r2","user_attrs_fold10_mae","user_attrs_fold10_mape","user_attrs_fold10_ndcg10","user_attrs_fold10_ndcg20","user_attrs_fold10_ndcg50","user_attrs_fold10_r2","user_attrs_fold11_mae","user_attrs_fold11_mape","user_attrs_fold11_ndcg10","user_attrs_fold11_ndcg20","user_attrs_fold11_ndcg50","user_attrs_fold11_r2","user_attrs_fold12_mae","user_attrs_fold12_mape","user_attrs_fold12_ndcg10","user_attrs_fold12_ndcg20","user_attrs_fold12_ndcg50","user_attrs_fold12_r2","user_attrs_fold13_mae","user_attrs_fold13_mape","user_attrs_fold13_ndcg10","user_attrs_fold13_ndcg20","user_attrs_fold13_ndcg50","user_attrs_fold13_r2","user_attrs_fold14_mae","user_attrs_fold14_mape","user_attrs_fold14_ndcg10","user_attrs_fold14_ndcg20","user_attrs_fold14_ndcg50","user_attrs_fold14_r2","user_attrs_fold15_mae","user_attrs_fold15_mape","user_attrs_fold15_ndcg10","user_attrs_fold15_ndcg20","user_attrs_fold15_ndcg50","user_attrs_fold15_r2","user_attrs_fold16_mae","user_attrs_fold16_mape","user_attrs_fold16_ndcg10","user_attrs_fold16_ndcg20","user_attrs_fold16_ndcg50","user_attrs_fold16_r2","user_attrs_fold17_mae","user_attrs_fold17_mape","user_attrs_fold17_ndcg10","user_attrs_fold17_ndcg20","user_attrs_fold17_ndcg50","user_attrs_fold17_r2","user_attrs_fold1_mae","user_attrs_fold1_mape","user_attrs_fold1_ndcg10","user_attrs_fold1_ndcg20","user_attrs_fold1_ndcg50","user_attrs_fold1_r2","user_attrs_fold2_mae","user_attrs_fold2_mape","user_attrs_fold2_ndcg10","user_attrs_fold2_ndcg20","user_attrs_fold2_ndcg50","user_attrs_fold2_r2","user_attrs_fold3_mae","user_attrs_fold3_mape","user_attrs_fold3_ndcg10","user_attrs_fold3_ndcg20","user_attrs_fold3_ndcg50","user_attrs_fold3_r2","user_attrs_fold4_mae","user_attrs_fold4_mape","user_attrs_fold4_ndcg10","user_attrs_fold4_ndcg20","user_attrs_fold4_ndcg50","user_attrs_fold4_r2","user_attrs_fold5_mae","user_attrs_fold5_mape","user_attrs_fold5_ndcg10","user_attrs_fold5_ndcg20","user_attrs_fold5_ndcg50","user_attrs_fold5_r2","user_attrs_fold6_mae","user_attrs_fold6_mape","user_attrs_fold6_ndcg10","user_attrs_fold6_ndcg20","user_attrs_fold6_ndcg50","user_attrs_fold6_r2","user_attrs_fold7_mae","user_attrs_fold7_mape","user_attrs_fold7_ndcg10","user_attrs_fold7_ndcg20","user_attrs_fold7_ndcg50","user_attrs_fold7_r2","user_attrs_fold8_mae","user_attrs_fold8_mape","user_attrs_fold8_ndcg10","user_attrs_fold8_ndcg20","user_attrs_fold8_ndcg50","user_attrs_fold8_r2","user_attrs_fold9_mae","user_attrs_fold9_mape","user_attrs_fold9_ndcg10","user_attrs_fold9_ndcg20","user_attrs_fold9_ndcg50","user_attrs_fold9_r2","user_attrs_pca_components","system_attrs_completed_rung_0","system_attrs_completed_rung_1","system_attrs_completed_rung_2","state"
12,0.11394874006509781,"2025-05-16 21:29:55.348590","2025-05-16 21:29:55.936576","0 days 00:00:00.587986",192,80.0,176.0,16.0,"",80,64.0,"","","",0.023748737012771498,4,2,"","","","","","","","","","","","","","","","","","","","","","","","","","","","","","","","","","","","","","","","","","","","","","","","","","","","","","",0.15784817934036255,53.907562255859375,0.35205772519111633,0.39704641699790955,0.5603340864181519,-0.43257248401641846,"","","","","","","","","","","","","","","","","","","","","","","","","","","","","","","","","","","","","","","","","","","","","","","","","",0.11394874006509781,"","","PRUNED"
13,0.11626826971769333,"2025-05-16 21:29:55.936870","2025-05-16 21:29:56.529705","0 days 00:00:00.592835",256,256.0,112.0,176.0,256.0,192,"","","","",0.0003471805322861585,5,1,"","","","","","","","","","","","","","","","","","","","","","","","","","","","","","","","","","","","","","","","","","","","","","","","","","","","","","",0.16827492415905,60.02384948730469,0.6565605401992798,0.6255527138710022,0.7097802758216858,-0.49101364612579346,"","","","","","","","","","","","","","","","","","","","","","","","","","","","","","","","","","","","","","","","","","","","","","","","","",0.11626826971769333,"","","PRUNED"
14,0.12059713900089264,"2025-05-16 21:29:56.529953","2025-05-16 21:29:57.102982","0 days 00:00:00.573029",144,64.0,128.0,16.0,"",176,16.0,"","","",0.08685958860547395,4,2,"","","","","","","","","","","","","","","","","","","","","","","","","","","","","","","","","","","","","","","","","","","","","","","","","","","","","","",0.18294022977352142,60.811920166015625,0.3079359233379364,0.3392367362976074,0.38500848412513733,-0.7854956388473511,"","","","","","","","","","","","","","","","","","","","","","","","","","","","","","","","","","","","","","","","","","","","","","","","","",0.12059713900089264,"","","PRUNED"
15,0.15128480862168706,"2025-05-16 21:29:57.103319","2025-05-16 21:30:01.225054","0 days 00:00:04.121735",64,176.0,192.0,112.0,48.0,96,"","","","",0.0017404926275067017,5,1,0.15128480862168706,3267.506717906279,0.4718400542350376,0.43882855948279886,0.46632789294509325,-0.16346892539192648,0.11764533072710037,407.54571533203125,0.5582575798034668,0.5296403169631958,0.6120513081550598,0.07580810785293579,0.20262932777404785,5681.80908203125,0.9778169989585876,0.80374675989151,0.7513962984085083,-0.4370124340057373,0.20003849267959595,265.4584655761719,0.44340258836746216,0.3337530195713043,0.2557574510574341,-0.17696213722229004,0.1937006413936615,70.18400573730469,0.2333727329969406,0.1877097487449646,0.2347409427165985,-0.5377693176269531,0.1183377131819725,183.92324829101562,0.0765143558382988,0.08473846316337585,0.0989377424120903,-0.08589339256286621,0.12088633328676224,100.95057678222656,0.2504989206790924,0.2400023341178894,0.23923549056053162,-0.1646723747253418,0.2406761646270752,172.70449829101562,0.3070482313632965,0.2909404933452606,0.3330190181732178,-0.35893940925598145,0.11761138588190079,216.9524383544922,0.2629528045654297,0.2665705680847168,0.3303473889827728,-0.0317080020904541,0.1797853261232376,65.66108703613281,0.5047107338905334,0.5987321138381958,0.6381997466087341,-0.6045742034912109,0.2004726380109787,2005.2001953125,0.6729547381401062,0.6755027770996094,0.8338999152183533,-0.08430075645446777,0.16085968911647797,73.92524719238281,0.7386692762374878,0.6793506145477295,0.7111360430717468,-0.4811544418334961,0.1412801295518875,81.46651458740234,0.7508809566497803,0.6808777451515198,0.7009397149085999,0.1535770297050476,0.10208990424871445,43906.03515625,0.3873019814491272,0.3932757079601288,0.40483301877975464,-0.07280623912811279,0.10841869562864304,284.4490966796875,0.31616976857185364,0.2618241310119629,0.30923569202423096,-0.35846471786499023,0.14718931913375854,407.97540283203125,0.508232593536377,0.49425381422042847,0.5184127688407898,0.07055091857910156,0.08754318952560425,1144.0462646484375,0.35248318314552307,0.33381134271621704,0.2601536512374878,0.09919452667236328,0.13267746567726135,479.32720947265625,0.6800134778022766,0.6053555607795715,0.695277988910675,0.21615511178970337,10.0,0.10913914442062378,0.10427258908748627,0.10455908626317978,"COMPLETE"
16,0.11812902241945267,"2025-05-16 21:30:01.225491","2025-05-16 21:30:01.864225","0 days 00:00:00.638734",112,176.0,96.0,192.0,"",224,256.0,"","","",0.0005523686857940453,4,2,"","","","","","","","","","","","","","","","","","","","","","","","","","","","","","","","","","","","","","","","","","","","","","","","","","","","","","",0.16757984459400177,59.718441009521484,0.348442405462265,0.45219942927360535,0.6244460940361023,-0.47974419593811035,"","","","","","","","","","","","","","","","","","","","","","","","","","","","","","","","","","","","","","","","","","","","","","","","","",0.11812902241945267,"","","PRUNED"
17,0.11390896141529083,"2025-05-16 21:30:01.864499","2025-05-16 21:30:02.299411","0 days 00:00:00.434912",208,80.0,16.0,"","",176,"","","","",0.010008840243681287,3,1,"","","","","","","","","","","","","","","","","","","","","","","","","","","","","","","","","","","","","","","","","","","","","","","","","","","","","","",0.15528495609760284,64.99357604980469,0.6575280427932739,0.5857086777687073,0.6876081824302673,-0.12043356895446777,"","","","","","","","","","","","","","","","","","","","","","","","","","","","","","","","","","","","","","","","","","","","","","","","","",0.11390896141529083,"","","PRUNED"
18,0.1110881045460701,"2025-05-16 21:30:02.299660","2025-05-16 21:30:04.034272","0 days 00:00:01.734612",128,160.0,"","","",240,160.0,208.0,"","",0.002426532735224722,2,3,"","","","","","","","","","","","","","","","","","","","","","","","","","","","","","","","","","","","","","","","","","","","","","","","","","","","","","",0.17436470091342926,62.08377456665039,0.7492664456367493,0.7588423490524292,0.7498482465744019,-0.543590784072876,0.2158297747373581,2006.1578369140625,0.3470418453216553,0.5509082674980164,0.7306272387504578,-0.27556657791137695,0.12764938175678253,71.6441421508789,0.6921477913856506,0.678601861000061,0.7158352732658386,0.10139137506484985,0.1480274498462677,51.99972915649414,0.8132140636444092,0.7408430576324463,0.7527419924736023,-0.24848055839538574,"","","","","","","","","","","","","","","","","","","","","","","","","","","","","","","",0.10799933224916458,0.1110881045460701,"","PRUNED"
19,0.11795203387737274,"2025-05-16 21:30:04.034545","2025-05-16 21:30:04.862368","0 days 00:00:00.827823",240,256.0,208.0,64.0,256.0,96,80.0,160.0,"","",0.00011099035121859662,5,3,"","","","","","","","","","","","","","","","","","","","","","","","","","","","","","","","","","","","","","","","","","","","","","","","","","","","","","",0.1548933982849121,51.34465789794922,0.4625977575778961,0.5631237030029297,0.6186023950576782,-0.40603816509246826,"","","","","","","","","","","","","","","","","","","","","","","","","","","","","","","","","","","","","","","","","","","","","","","","","",0.11795203387737274,"","","PRUNED"
20,0.11056573688983917,"2025-05-16 21:30:04.862642","2025-05-16 21:30:05.445286","0 days 00:00:00.582644",176,48.0,144.0,128.0,"",32,144.0,"","","",0.000875079054118915,4,2,"","","","","","","","","","","","","","","","","","","","","","","","","","","","","","","","","","","","","","","","","","","","","","","","","","","","","","",0.1475183218717575,57.62352752685547,0.8147180080413818,0.7309973239898682,0.7502689957618713,-0.07498466968536377,"","","","","","","","","","","","","","","","","","","","","","","","","","","","","","","","","","","","","","","","","","","","","","","","","",0.11056573688983917,"","","PRUNED"
21,0.12811724841594696,"2025-05-16 21:30:05.445546","2025-05-16 21:30:05.817416","0 days 00:00:00.371870",48,112.0,"","","",160,"","","","",0.06549303895674649,2,1,"","","","","","","","","","","","","","","","","","","","","","","","","","","","","","","","","","","","","","","","","","","","","","","","","","","","","","",0.18175199627876282,62.63271713256836,0.9181697368621826,0.7525957822799683,0.7531967163085938,-0.6968773603439331,"","","","","","","","","","","","","","","","","","","","","","","","","","","","","","","","","","","","","","","","","","","","","","","","","",0.12811724841594696,"","","PRUNED"
22,0.11118075251579285,"2025-05-16 21:30:05.817697","2025-05-16 21:30:06.185540","0 days 00:00:00.367843",32,128.0,"","","",128,"","","","",0.02877248987343519,2,1,"","","","","","","","","","","","","","","","","","","","","","","","","","","","","","","","","","","","","","","","","","","","","","","","","","","","","","",0.16327890753746033,57.07150650024414,0.24017782509326935,0.3600752651691437,0.5780692100524902,-0.49441051483154297,"","","","","","","","","","","","","","","","","","","","","","","","","","","","","","","","","","","","","","","","","","","","","","","","","",0.11118075251579285,"","","PRUNED"
23,0.11382311582565308,"2025-05-16 21:30:06.185816","2025-05-16 21:30:07.123023","0 days 00:00:00.937207",16,96.0,"","","",208,"","","","",0.014213279715749436,2,1,"","","","","","","","","","","","","","","","","","","","","","","","","","","","","","","","","","","","","","","","","","","","","","","","","","","","","","",0.18261319398880005,70.22708892822266,0.4289586544036865,0.45699453353881836,0.6364455819129944,-0.6183937788009644,0.23068177700042725,1421.4945068359375,0.4705313742160797,0.49339160323143005,0.7335912585258484,-0.44572877883911133,0.15619659423828125,86.52860260009766,0.8246034383773804,0.7383889555931091,0.7162995934486389,-0.07734990119934082,0.14240989089012146,57.460506439208984,0.40991726517677307,0.44400545954704285,0.6602671146392822,-0.21344125270843506,"","","","","","","","","","","","","","","","","","","","","","","","","","","","","","","",0.10928202420473099,0.11382311582565308,"","PRUNED"
24,0.11396469175815582,"2025-05-16 21:30:07.123287","2025-05-16 21:30:07.707576","0 days 00:00:00.584289",64,208.0,224.0,"","",160,48.0,"","","",0.045340711472201166,3,2,"","","","","","","","","","","","","","","","","","","","","","","","","","","","","","","","","","","","","","","","","","","","","","","","","","","","","","",0.1558072865009308,56.3641471862793,0.317912220954895,0.38638973236083984,0.5590444207191467,-0.31987273693084717,"","","","","","","","","","","","","","","","","","","","","","","","","","","","","","","","","","","","","","","","","","","","","","","","","",0.11396469175815582,"","","PRUNED"
25,0.11060380190610886,"2025-05-16 21:30:07.707836","2025-05-16 21:30:11.952424","0 days 00:00:04.244588",48,144.0,160.0,224.0,144.0,112,"","","","",0.0022613065434317126,5,1,"","","","","","",0.11679007112979889,452.42987060546875,0.5475903153419495,0.6078516840934753,0.6149123907089233,0.16619986295700073,0.2625040113925934,7197.794921875,0.5523824095726013,0.5213740468025208,0.6355517506599426,-1.2089433670043945,0.19517293572425842,229.3335418701172,0.07136748731136322,0.09087087959051132,0.1613980531692505,-0.17716968059539795,0.19112437963485718,71.82498931884766,0.15244612097740173,0.15929871797561646,0.25418078899383545,-0.4753326177597046,0.13048334419727325,271.2495422363281,0.2864866852760315,0.2831876277923584,0.27954959869384766,-0.018453359603881836,0.11838352680206299,93.05127716064453,0.14288108050823212,0.17185385525226593,0.20819127559661865,-0.1462184190750122,0.23933164775371552,211.73150634765625,0.18030890822410583,0.1525963693857193,0.16059614717960358,-0.2667654752731323,"","","","","","",0.14289160072803497,63.9576416015625,0.7499403953552246,0.7011708617210388,0.6989242434501648,0.054437994956970215,0.19382800161838531,1465.678955078125,0.7054117918014526,0.7940528392791748,0.8696433305740356,0.023640573024749756,0.15662556886672974,90.39596557617188,0.8123396635055542,0.7516766786575317,0.7320113778114319,-0.11060953140258789,0.13968540728092194,66.62027740478516,0.6881411671638489,0.7029027938842773,0.7683850526809692,0.06292867660522461,0.09448587894439697,20086.373046875,0.44462350010871887,0.3564305603504181,0.363104909658432,-0.10293173789978027,0.09980672597885132,307.41168212890625,0.26321205496788025,0.3067736029624939,0.3586389124393463,-0.18186604976654053,0.14236019551753998,232.68582153320312,0.48086097836494446,0.4166008234024048,0.5796850919723511,-0.08867406845092773,0.10637979954481125,1598.128662109375,0.6354519724845886,0.45939186215400696,0.3088087737560272,-0.06145811080932617,0.12867841124534607,543.9171142578125,0.7546944618225098,0.7901975512504578,0.7325666546821594,0.2661767601966858,"",0.10570332407951355,0.10858368128538132,0.11060380190610886,"PRUNED"
26,0.11107077449560165,"2025-05-16 21:30:11.952780","2025-05-16 21:30:12.451720","0 days 00:00:00.498940",16,16.0,"","","",64,128.0,"","","",0.00815836453111223,2,2,"","","","","","","","","","","","","","","","","","","","","","","","","","","","","","","","","","","","","","","","","","","","","","","","","","","","","","",0.15241359174251556,54.70317077636719,0.5980084538459778,0.6232351064682007,0.6514237523078918,-0.26220500469207764,"","","","","","","","","","","","","","","","","","","","","","","","","","","","","","","","","","","","","","","","","","","","","","","","","",0.11107077449560165,"","","PRUNED"
27,0.10935403406620026,"2025-05-16 21:30:12.451975","2025-05-16 21:30:12.871074","0 days 00:00:00.419099",80,48.0,80.0,"","",176,"","","","",0.017904986727091187,3,1,"","","","","","","","","","","","","","","","","","","","","","","","","","","","","","","","","","","","","","","","","","","","","","","","","","","","","","",0.17453603446483612,66.93718719482422,0.48456910252571106,0.5587883591651917,0.6859797239303589,-0.45097601413726807,"","","","","","","","","","","","","","","","","","","","","","","","","","","","","","","","","","","","","","","","","","","","","","","","","",0.10935403406620026,"","","PRUNED"
28,0.10562842339277267,"2025-05-16 21:30:12.871338","2025-05-16 21:30:16.705044","0 days 00:00:03.833706",144,208.0,16.0,48.0,"",208,"","","","",0.003125741890390516,4,1,"","","","","","",0.11883088946342468,380.6676025390625,0.6534252166748047,0.738766074180603,0.6633884310722351,0.22920292615890503,0.23337745666503906,6396.96435546875,0.8413479328155518,0.6481339931488037,0.6047936677932739,-0.554326057434082,0.1959831714630127,227.0516815185547,0.521808922290802,0.5927582383155823,0.42945680022239685,-0.18905270099639893,0.18211732804775238,64.98311614990234,0.2676764726638794,0.20831716060638428,0.2910520136356354,-0.3945564031600952,0.12067042291164398,215.00775146484375,0.15806229412555695,0.1627212017774582,0.23117564618587494,-0.04213762283325195,0.12220678478479385,89.41838836669922,0.19948671758174896,0.19654804468154907,0.2252093106508255,-0.20659947395324707,0.23966506123542786,189.32359313964844,0.16846780478954315,0.27136489748954773,0.2479047179222107,-0.32687532901763916,"","","","","","",0.14857950806617737,59.657127380371094,0.8373662829399109,0.7256779670715332,0.7153279185295105,-0.05564713478088379,0.16213318705558777,591.2559814453125,0.899749219417572,0.8854163289070129,0.9449559450149536,0.2620121240615845,0.16823451220989227,80.66320037841797,0.8561795353889465,0.7935465574264526,0.7481333017349243,-0.4263427257537842,0.13416126370429993,75.76457214355469,0.7725911140441895,0.6919168829917908,0.6653746962547302,0.22751623392105103,0.10236065089702606,27086.42578125,0.22637343406677246,0.2691265642642975,0.4008416533470154,-0.10989189147949219,0.10679584741592407,313.65216064453125,0.1717260479927063,0.15778693556785583,0.2611328959465027,-0.32178354263305664,0.13627661764621735,367.1288146972656,0.721827507019043,0.5656270980834961,0.6319320201873779,0.1601724624633789,0.0865284726023674,1145.029296875,0.6182301640510559,0.4840109944343567,0.31540825963020325,0.12097090482711792,0.13669952750205994,410.4209899902344,0.4344010353088379,0.49877843260765076,0.5671239495277405,0.0636630654335022,"",0.10153927654027939,0.10448914766311646,0.10562842339277267,"PRUNED"
29,0.11266561597585678,"2025-05-16 21:30:16.705388","2025-05-16 21:30:17.280224","0 days 00:00:00.574836",32,80.0,112.0,144.0,16.0,224,224.0,"","","",0.0014969568475338248,5,2,"","","","","","","","","","","","","","","","","","","","","","","","","","","","","","","","","","","","","","","","","","","","","","","","","","","","","","",0.16228333115577698,55.869529724121094,0.37733542919158936,0.4669714570045471,0.6503279209136963,-0.4703807830810547,"","","","","","","","","","","","","","","","","","","","","","","","","","","","","","","","","","","","","","","","","","","","","","","","","",0.11266561597585678,"","","PRUNED"
30,0.11678420007228851,"2025-05-16 21:30:17.280502","2025-05-16 21:30:18.027685","0 days 00:00:00.747183",80,112.0,208.0,192.0,192.0,192,32.0,144.0,"","",0.0004037599794857751,5,3,"","","","","","","","","","","","","","","","","","","","","","","","","","","","","","","","","","","","","","","","","","","","","","","","","","","","","","",0.15156708657741547,48.07112503051758,0.37198302149772644,0.38446366786956787,0.5764486193656921,-0.42877495288848877,"","","","","","","","","","","","","","","","","","","","","","","","","","","","","","","","","","","","","","","","","","","","","","","","","",0.11678420007228851,"","","PRUNED"
31,0.11237453669309616,"2025-05-16 21:30:18.027966","2025-05-16 21:30:18.496869","0 days 00:00:00.468903",96,"","","","",256,112.0,"","","",0.004541688918438864,1,2,"","","","","","","","","","","","","","","","","","","","","","","","","","","","","","","","","","","","","","","","","","","","","","","","","","","","","","",0.16813020408153534,60.38669204711914,0.6850297451019287,0.6505154371261597,0.6777610182762146,-0.4509260654449463,"","","","","","","","","","","","","","","","","","","","","","","","","","","","","","","","","","","","","","","","","","","","","","","","","",0.11237453669309616,"","","PRUNED"
32,0.1109781414270401,"2025-05-16 21:30:18.497144","2025-05-16 21:30:19.216098","0 days 00:00:00.718954",48,"","","","",240,96.0,256.0,16.0,"",0.007493319702066309,1,4,"","","","","","","","","","","","","","","","","","","","","","","","","","","","","","","","","","","","","","","","","","","","","","","","","","","","","","",0.15372015535831451,51.12525939941406,0.6722115278244019,0.6528444886207581,0.6947669386863708,-0.36608994007110596,"","","","","","","","","","","","","","","","","","","","","","","","","","","","","","","","","","","","","","","","","","","","","","","","","",0.1109781414270401,"","","PRUNED"
