"number","value","datetime_start","datetime_complete","duration","params_decoder_layer_width_0","params_decoder_layer_width_1","params_decoder_layer_width_2","params_decoder_layer_width_3","params_decoder_layer_width_4","params_lr","params_n_decoder_layers","user_attrs_avg_mae","user_attrs_avg_mape","user_attrs_avg_ndcg10","user_attrs_avg_ndcg20","user_attrs_avg_ndcg50","user_attrs_avg_r2","user_attrs_fold10_mae","user_attrs_fold10_mape","user_attrs_fold10_ndcg10","user_attrs_fold10_ndcg20","user_attrs_fold10_ndcg50","user_attrs_fold10_r2","user_attrs_fold11_mae","user_attrs_fold11_mape","user_attrs_fold11_ndcg10","user_attrs_fold11_ndcg20","user_attrs_fold11_ndcg50","user_attrs_fold11_r2","user_attrs_fold12_mae","user_attrs_fold12_mape","user_attrs_fold12_ndcg10","user_attrs_fold12_ndcg20","user_attrs_fold12_ndcg50","user_attrs_fold12_r2","user_attrs_fold13_mae","user_attrs_fold13_mape","user_attrs_fold13_ndcg10","user_attrs_fold13_ndcg20","user_attrs_fold13_ndcg50","user_attrs_fold13_r2","user_attrs_fold14_mae","user_attrs_fold14_mape","user_attrs_fold14_ndcg10","user_attrs_fold14_ndcg20","user_attrs_fold14_ndcg50","user_attrs_fold14_r2","user_attrs_fold15_mae","user_attrs_fold15_mape","user_attrs_fold15_ndcg10","user_attrs_fold15_ndcg20","user_attrs_fold15_ndcg50","user_attrs_fold15_r2","user_attrs_fold16_mae","user_attrs_fold16_mape","user_attrs_fold16_ndcg10","user_attrs_fold16_ndcg20","user_attrs_fold16_ndcg50","user_attrs_fold16_r2","user_attrs_fold17_mae","user_attrs_fold17_mape","user_attrs_fold17_ndcg10","user_attrs_fold17_ndcg20","user_attrs_fold17_ndcg50","user_attrs_fold17_r2","user_attrs_fold1_mae","user_attrs_fold1_mape","user_attrs_fold1_ndcg10","user_attrs_fold1_ndcg20","user_attrs_fold1_ndcg50","user_attrs_fold1_r2","user_attrs_fold2_mae","user_attrs_fold2_mape","user_attrs_fold2_ndcg10","user_attrs_fold2_ndcg20","user_attrs_fold2_ndcg50","user_attrs_fold2_r2","user_attrs_fold3_mae","user_attrs_fold3_mape","user_attrs_fold3_ndcg10","user_attrs_fold3_ndcg20","user_attrs_fold3_ndcg50","user_attrs_fold3_r2","user_attrs_fold4_mae","user_attrs_fold4_mape","user_attrs_fold4_ndcg10","user_attrs_fold4_ndcg20","user_attrs_fold4_ndcg50","user_attrs_fold4_r2","user_attrs_fold5_mae","user_attrs_fold5_mape","user_attrs_fold5_ndcg10","user_attrs_fold5_ndcg20","user_attrs_fold5_ndcg50","user_attrs_fold5_r2","user_attrs_fold6_mae","user_attrs_fold6_mape","user_attrs_fold6_ndcg10","user_attrs_fold6_ndcg20","user_attrs_fold6_ndcg50","user_attrs_fold6_r2","user_attrs_fold7_mae","user_attrs_fold7_mape","user_attrs_fold7_ndcg10","user_attrs_fold7_ndcg20","user_attrs_fold7_ndcg50","user_attrs_fold7_r2","user_attrs_fold8_mae","user_attrs_fold8_mape","user_attrs_fold8_ndcg10","user_attrs_fold8_ndcg20","user_attrs_fold8_ndcg50","user_attrs_fold8_r2","user_attrs_fold9_mae","user_attrs_fold9_mape","user_attrs_fold9_ndcg10","user_attrs_fold9_ndcg20","user_attrs_fold9_ndcg50","user_attrs_fold9_r2","user_attrs_pca_components","system_attrs_completed_rung_0","system_attrs_completed_rung_1","system_attrs_completed_rung_2","state"
87,0.11017405241727829,"2025-05-16 21:46:42.627969","2025-05-16 21:46:43.312606","0 days 00:00:00.684637",240,32.0,176.0,192.0,"",0.004334065774761752,4,"","","","","","","","","","","","","","","","","","","","","","","","","","","","","","","","","","","","","","","","","","","","","","","","","","","","","","",0.1575339287519455,59.6883659362793,0.6034209728240967,0.6128080487251282,0.6305413842201233,-0.24175012111663818,0.22006885707378387,2458.924072265625,0.3661755323410034,0.4145749807357788,0.6796773076057434,-0.30166399478912354,0.15518632531166077,71.31330108642578,0.31803324818611145,0.4204102158546448,0.5912142395973206,-0.4833875894546509,0.14559213817119598,64.92411804199219,0.4634140729904175,0.6021644473075867,0.6243839859962463,-0.03658938407897949,"","","","","","","","","","","","","","","","","","","","","","","","","","","","","","","",0.10607793927192688,0.11017405241727829,"","PRUNED"
88,0.10776083916425705,"2025-05-16 21:46:43.312878","2025-05-16 21:46:43.487088","0 days 00:00:00.174210",160,"","","","",0.008994530173524404,1,"","","","","","","","","","","","","","","","","","","","","","","","","","","","","","","","","","","","","","","","","","","","","","","","","","","","","","",0.15485374629497528,57.88184356689453,0.6229146122932434,0.6503243446350098,0.6657337546348572,-0.26211607456207275,"","","","","","","","","","","","","","","","","","","","","","","","","","","","","","","","","","","","","","","","","","","","","","","","","",0.10776083916425705,"","","PRUNED"
89,0.10835306346416473,"2025-05-16 21:46:43.487317","2025-05-16 21:46:43.756686","0 days 00:00:00.269369",224,160.0,160.0,"","",0.002068998763119795,3,"","","","","","","","","","","","","","","","","","","","","","","","","","","","","","","","","","","","","","","","","","","","","","","","","","","","","","",0.15570680797100067,62.667335510253906,0.42850261926651,0.4199240803718567,0.5309089422225952,-0.25803661346435547,"","","","","","","","","","","","","","","","","","","","","","","","","","","","","","","","","","","","","","","","","","","","","","","","","",0.10835306346416473,"","","PRUNED"
90,0.1109200119972229,"2025-05-16 21:46:43.756963","2025-05-16 21:46:44.095191","0 days 00:00:00.338228",176,208.0,240.0,224.0,"",0.007210389186627531,4,"","","","","","","","","","","","","","","","","","","","","","","","","","","","","","","","","","","","","","","","","","","","","","","","","","","","","","",0.1632826179265976,63.61532211303711,0.5567660331726074,0.6428741812705994,0.6026002764701843,-0.2778928279876709,"","","","","","","","","","","","","","","","","","","","","","","","","","","","","","","","","","","","","","","","","","","","","","","","","",0.1109200119972229,"","","PRUNED"
91,0.10826454311609268,"2025-05-16 21:46:44.095441","2025-05-16 21:46:44.432652","0 days 00:00:00.337211",256,192.0,224.0,192.0,"",0.0033836707011728664,4,"","","","","","","","","","","","","","","","","","","","","","","","","","","","","","","","","","","","","","","","","","","","","","","","","","","","","","",0.15193556249141693,61.68754196166992,0.5651472806930542,0.6257718801498413,0.6231861710548401,-0.12816846370697021,"","","","","","","","","","","","","","","","","","","","","","","","","","","","","","","","","","","","","","","","","","","","","","","","","",0.10826454311609268,"","","PRUNED"
92,0.11257894337177277,"2025-05-16 21:46:44.432900","2025-05-16 21:46:44.791357","0 days 00:00:00.358457",240,224.0,224.0,208.0,"",0.00034567555514454485,4,"","","","","","","","","","","","","","","","","","","","","","","","","","","","","","","","","","","","","","","","","","","","","","","","","","","","","","",0.16515563428401947,57.58041763305664,0.531417191028595,0.615374743938446,0.5998371243476868,-0.4447956085205078,"","","","","","","","","","","","","","","","","","","","","","","","","","","","","","","","","","","","","","","","","","","","","","","","","",0.11257894337177277,"","","PRUNED"
93,0.10671906918287277,"2025-05-16 21:46:44.791650","2025-05-16 21:46:45.124785","0 days 00:00:00.333135",224,256.0,208.0,144.0,"",0.0022396455748769314,4,"","","","","","","","","","","","","","","","","","","","","","","","","","","","","","","","","","","","","","","","","","","","","","","","","","","","","","",0.161535382270813,64.3037338256836,0.4860657751560211,0.5878533720970154,0.5933585166931152,-0.2624547481536865,"","","","","","","","","","","","","","","","","","","","","","","","","","","","","","","","","","","","","","","","","","","","","","","","","",0.10671906918287277,"","","PRUNED"
94,0.10833034664392471,"2025-05-16 21:46:45.125035","2025-05-16 21:46:45.474738","0 days 00:00:00.349703",256,208.0,256.0,176.0,"",0.0006998621213072902,4,"","","","","","","","","","","","","","","","","","","","","","","","","","","","","","","","","","","","","","","","","","","","","","","","","","","","","","",0.1481211930513382,54.081298828125,0.5815815925598145,0.6548853516578674,0.6482436656951904,-0.18065381050109863,"","","","","","","","","","","","","","","","","","","","","","","","","","","","","","","","","","","","","","","","","","","","","","","","","",0.10833034664392471,"","","PRUNED"
95,0.1054854765534401,"2025-05-16 21:46:45.474988","2025-05-16 21:46:47.908928","0 days 00:00:02.433940",144,240.0,80.0,224.0,"",0.001164745332251773,4,"","","","","","",0.12424307316541672,449.8597717285156,0.5784963369369507,0.5053094625473022,0.5402792096138,-0.003450751304626465,0.11450693011283875,1048.381103515625,0.3276837468147278,0.40636420249938965,0.6536779999732971,0.11755573749542236,0.20006494224071503,278.4390563964844,0.18907560408115387,0.1353287249803543,0.12387719750404358,-0.1461479663848877,0.1852998286485672,74.12107849121094,0.1334887593984604,0.17317844927310944,0.17747457325458527,-0.4083315134048462,0.11961085349321365,201.75311279296875,0.15178659558296204,0.18627813458442688,0.2480665147304535,-0.05141603946685791,0.118385910987854,102.8124008178711,0.15864670276641846,0.1934271603822708,0.24257539212703705,-0.1503227949142456,0.24005955457687378,193.6575469970703,0.1323164850473404,0.13679009675979614,0.1936141848564148,-0.32775700092315674,"","","","","","",0.17409315705299377,62.31501770019531,0.6978457570075989,0.694800853729248,0.6792659759521484,-0.5258907079696655,0.2294437736272812,3144.0458984375,0.34420084953308105,0.4579734206199646,0.6674764156341553,-0.28711724281311035,0.14317426085472107,66.49160766601562,0.23973967134952545,0.2951018214225769,0.5373243093490601,-0.3918321132659912,0.1303103119134903,67.38459014892578,0.42200422286987305,0.5830830335617065,0.6246204376220703,0.1679045557975769,0.10414688289165497,55296.453125,0.11067187786102295,0.10081611573696136,0.1985267698764801,-0.1193242073059082,0.10717497020959854,561.3816528320312,0.3007182776927948,0.3232204020023346,0.4057617783546448,-0.2711087465286255,0.14076678454875946,118.98579406738281,0.4576139450073242,0.42145583033561707,0.5967516303062439,-0.08574056625366211,0.08552113175392151,948.8291015625,0.0551329031586647,0.1675323098897934,0.15147054195404053,0.12412744760513306,0.13623864948749542,358.033935546875,0.13564616441726685,0.29322102665901184,0.3413960635662079,-0.0317918062210083,"",0.10461091995239258,0.10502349585294724,0.1054854765534401,"PRUNED"
96,0.10671593248844147,"2025-05-16 21:46:47.909243","2025-05-16 21:46:48.216642","0 days 00:00:00.307399",144,240.0,80.0,224.0,"",0.0011641056213032841,4,"","","","","","","","","","","","","","","","","","","","","","","","","","","","","","","","","","","","","","","","","","","","","","","","","","","","","","",0.15397240221500397,59.965660095214844,0.6064323782920837,0.5676796436309814,0.6573559641838074,-0.20512783527374268,"","","","","","","","","","","","","","","","","","","","","","","","","","","","","","","","","","","","","","","","","","","","","","","","","",0.10671593248844147,"","","PRUNED"
97,0.11226682364940643,"2025-05-16 21:46:48.216895","2025-05-16 21:46:48.934901","0 days 00:00:00.718006",160,240.0,32.0,256.0,"",0.0016253360050006759,4,"","","","","","","","","","","","","","","","","","","","","","","","","","","","","","","","","","","","","","","","","","","","","","","","","","","","","","",0.15418151021003723,58.00495910644531,0.5468287467956543,0.6356233358383179,0.6663578748703003,-0.21210038661956787,0.2223660796880722,3620.15380859375,0.4930850565433502,0.5932714939117432,0.7684664726257324,-0.23073065280914307,0.15869292616844177,71.99054718017578,0.25959619879722595,0.37454959750175476,0.5798531174659729,-0.5696005821228027,0.13564808666706085,65.05047607421875,0.5507486462593079,0.6453093886375427,0.691871166229248,0.06363546848297119,"","","","","","","","","","","","","","","","","","","","","","","","","","","","","","","",0.10198801755905151,0.11226682364940643,"","PRUNED"
98,0.10911905020475388,"2025-05-16 21:46:48.935171","2025-05-16 21:46:49.175383","0 days 00:00:00.240212",128,224.0,80.0,"","",0.0009041363116066416,3,"","","","","","","","","","","","","","","","","","","","","","","","","","","","","","","","","","","","","","","","","","","","","","","","","","","","","","",0.16904409229755402,60.76517868041992,0.5957633256912231,0.6656537652015686,0.6952028870582581,-0.44309043884277344,"","","","","","","","","","","","","","","","","","","","","","","","","","","","","","","","","","","","","","","","","","","","","","","","","",0.10911905020475388,"","","PRUNED"
99,0.10834401845932007,"2025-05-16 21:46:49.175650","2025-05-16 21:46:49.498106","0 days 00:00:00.322456",144,256.0,144.0,240.0,"",0.006227669422493676,4,"","","","","","","","","","","","","","","","","","","","","","","","","","","","","","","","","","","","","","","","","","","","","","","","","","","","","","",0.15974244475364685,63.20012283325195,0.5883610248565674,0.6215588450431824,0.6778565049171448,-0.2521474361419678,"","","","","","","","","","","","","","","","","","","","","","","","","","","","","","","","","","","","","","","","","","","","","","","","","",0.10834401845932007,"","","PRUNED"
