"number","value","datetime_start","datetime_complete","duration","params_decoder_layer_width_0","params_decoder_layer_width_1","params_decoder_layer_width_2","params_decoder_layer_width_3","params_decoder_layer_width_4","params_encoder_layer_width_0","params_encoder_layer_width_1","params_encoder_layer_width_2","params_encoder_layer_width_3","params_encoder_layer_width_4","params_lr","params_n_decoder_layers","params_n_encoder_layers","user_attrs_avg_mae","user_attrs_avg_mape","user_attrs_avg_ndcg10","user_attrs_avg_ndcg20","user_attrs_avg_ndcg50","user_attrs_avg_r2","user_attrs_fold10_mae","user_attrs_fold10_mape","user_attrs_fold10_ndcg10","user_attrs_fold10_ndcg20","user_attrs_fold10_ndcg50","user_attrs_fold10_r2","user_attrs_fold11_mae","user_attrs_fold11_mape","user_attrs_fold11_ndcg10","user_attrs_fold11_ndcg20","user_attrs_fold11_ndcg50","user_attrs_fold11_r2","user_attrs_fold12_mae","user_attrs_fold12_mape","user_attrs_fold12_ndcg10","user_attrs_fold12_ndcg20","user_attrs_fold12_ndcg50","user_attrs_fold12_r2","user_attrs_fold13_mae","user_attrs_fold13_mape","user_attrs_fold13_ndcg10","user_attrs_fold13_ndcg20","user_attrs_fold13_ndcg50","user_attrs_fold13_r2","user_attrs_fold14_mae","user_attrs_fold14_mape","user_attrs_fold14_ndcg10","user_attrs_fold14_ndcg20","user_attrs_fold14_ndcg50","user_attrs_fold14_r2","user_attrs_fold15_mae","user_attrs_fold15_mape","user_attrs_fold15_ndcg10","user_attrs_fold15_ndcg20","user_attrs_fold15_ndcg50","user_attrs_fold15_r2","user_attrs_fold16_mae","user_attrs_fold16_mape","user_attrs_fold16_ndcg10","user_attrs_fold16_ndcg20","user_attrs_fold16_ndcg50","user_attrs_fold16_r2","user_attrs_fold17_mae","user_attrs_fold17_mape","user_attrs_fold17_ndcg10","user_attrs_fold17_ndcg20","user_attrs_fold17_ndcg50","user_attrs_fold17_r2","user_attrs_fold1_mae","user_attrs_fold1_mape","user_attrs_fold1_ndcg10","user_attrs_fold1_ndcg20","user_attrs_fold1_ndcg50","user_attrs_fold1_r2","user_attrs_fold2_mae","user_attrs_fold2_mape","user_attrs_fold2_ndcg10","user_attrs_fold2_ndcg20","user_attrs_fold2_ndcg50","user_attrs_fold2_r2","user_attrs_fold3_mae","user_attrs_fold3_mape","user_attrs_fold3_ndcg10","user_attrs_fold3_ndcg20","user_attrs_fold3_ndcg50","user_attrs_fold3_r2","user_attrs_fold4_mae","user_attrs_fold4_mape","user_attrs_fold4_ndcg10","user_attrs_fold4_ndcg20","user_attrs_fold4_ndcg50","user_attrs_fold4_r2","user_attrs_fold5_mae","user_attrs_fold5_mape","user_attrs_fold5_ndcg10","user_attrs_fold5_ndcg20","user_attrs_fold5_ndcg50","user_attrs_fold5_r2","user_attrs_fold6_mae","user_attrs_fold6_mape","user_attrs_fold6_ndcg10","user_attrs_fold6_ndcg20","user_attrs_fold6_ndcg50","user_attrs_fold6_r2","user_attrs_fold7_mae","user_attrs_fold7_mape","user_attrs_fold7_ndcg10","user_attrs_fold7_ndcg20","user_attrs_fold7_ndcg50","user_attrs_fold7_r2","user_attrs_fold8_mae","user_attrs_fold8_mape","user_attrs_fold8_ndcg10","user_attrs_fold8_ndcg20","user_attrs_fold8_ndcg50","user_attrs_fold8_r2","user_attrs_fold9_mae","user_attrs_fold9_mape","user_attrs_fold9_ndcg10","user_attrs_fold9_ndcg20","user_attrs_fold9_ndcg50","user_attrs_fold9_r2","user_attrs_pca_components","system_attrs_completed_rung_0","system_attrs_completed_rung_1","system_attrs_completed_rung_2","state"
69,0.11221179366111755,"2025-05-16 21:31:05.099830","2025-05-16 21:31:05.701906","0 days 00:00:00.602076",80,48.0,96.0,160.0,96.0,208,160.0,"","","",0.01097446233433286,5,2,"","","","","","","","","","","","","","","","","","","","","","","","","","","","","","","","","","","","","","","","","","","","","","","","","","","","","","",0.1789894700050354,66.65097045898438,0.692603588104248,0.6917427778244019,0.7027562260627747,-0.5524463653564453,"","","","","","","","","","","","","","","","","","","","","","","","","","","","","","","","","","","","","","","","","","","","","","","","","",0.11221179366111755,"","","PRUNED"
70,0.11225380003452301,"2025-05-16 21:31:05.702170","2025-05-16 21:31:06.355766","0 days 00:00:00.653596",48,16.0,176.0,"","",256,32.0,112.0,"","",0.00712534517521661,3,3,"","","","","","","","","","","","","","","","","","","","","","","","","","","","","","","","","","","","","","","","","","","","","","","","","","","","","","",0.13694193959236145,41.24510955810547,0.4814695715904236,0.5326383113861084,0.6264559626579285,-0.30645275115966797,"","","","","","","","","","","","","","","","","","","","","","","","","","","","","","","","","","","","","","","","","","","","","","","","","",0.11225380003452301,"","","PRUNED"
71,0.10110629349946976,"2025-05-16 21:31:06.356029","2025-05-16 21:31:09.767643","0 days 00:00:03.411614",128,32.0,160.0,"","",240,"","","","",0.004209429492101473,3,1,"","","","","","",0.12015099823474884,325.7868957519531,0.35956716537475586,0.54799884557724,0.5640760064125061,0.10323673486709595,0.22207339107990265,5994.861328125,0.9422113299369812,0.7772150039672852,0.717940092086792,-0.44966447353363037,0.19460421800613403,232.75582885742188,0.16766035556793213,0.19484210014343262,0.4864238202571869,-0.16437530517578125,0.19161376357078552,79.198974609375,0.09636681526899338,0.16428804397583008,0.18815679848194122,-0.4311596155166626,0.11775322258472443,199.88739013671875,0.24798347055912018,0.26651671528816223,0.26418551802635193,-0.02784144878387451,0.12230249494314194,94.67349243164062,0.1378617137670517,0.1289653778076172,0.21091759204864502,-0.19250893592834473,0.24397052824497223,150.7530517578125,0.5777884125709534,0.4880598485469818,0.34848394989967346,-0.4086456298828125,"","","","","","",0.14391861855983734,59.97161865234375,0.8072643876075745,0.7073660492897034,0.6795708537101746,0.0011165142059326172,0.18101327121257782,1044.5916748046875,0.7660698890686035,0.8076550960540771,0.9021974802017212,0.07721918821334839,0.18084625899791718,81.130126953125,0.17485228180885315,0.2346775084733963,0.4303530156612396,-0.8891013860702515,0.1399732381105423,75.74210357666016,0.576393723487854,0.6002678871154785,0.711473822593689,0.10583293437957764,0.09477745741605759,28464.376953125,0.5015271902084351,0.4881867468357086,0.43990206718444824,0.0015780329704284668,0.10627897828817368,447.5807800292969,0.2389567494392395,0.24384768307209015,0.2728523313999176,-0.20280194282531738,0.1364612579345703,304.983642578125,0.5697440505027771,0.565527081489563,0.6556580662727356,0.14435815811157227,0.10493623465299606,1603.50537109375,0.39240941405296326,0.3163784444332123,0.23642393946647644,-0.010028839111328125,0.1200300082564354,329.7660217285156,0.812823474407196,0.7847898602485657,0.7353308200836182,0.12865585088729858,"",0.09948514401912689,0.1041526272892952,0.10110629349946976,"PRUNED"
72,0.10549008101224899,"2025-05-16 21:31:09.767980","2025-05-16 21:31:10.677811","0 days 00:00:00.909831",144,64.0,176.0,"","",16,"","","","",0.005305371961693426,3,1,"","","","","","","","","","","","","","","","","","","","","","","","","","","","","","","","","","","","","","","","","","","","","","","","","","","","","","",0.15416119992733002,61.843894958496094,0.8426091074943542,0.7233975529670715,0.711365282535553,-0.12473273277282715,0.1951158195734024,1430.474609375,0.4988766610622406,0.6409976482391357,0.8010110259056091,-0.07914924621582031,0.15288357436656952,93.58997344970703,0.7739039063453674,0.7222453355789185,0.7535168528556824,-0.0969012975692749,0.12650594115257263,59.24965286254883,0.6496496200561523,0.7389060258865356,0.7517871856689453,0.19423246383666992,"","","","","","","","","","","","","","","","","","","","","","","","","","","","","","","",0.10188549011945724,0.10549008101224899,"","PRUNED"
73,0.11282171308994293,"2025-05-16 21:31:10.678088","2025-05-16 21:31:11.099985","0 days 00:00:00.421897",112,16.0,128.0,"","",240,"","","","",0.002384284206881902,3,1,"","","","","","","","","","","","","","","","","","","","","","","","","","","","","","","","","","","","","","","","","","","","","","","","","","","","","","",0.1615733653306961,59.295021057128906,0.7724210023880005,0.6490874290466309,0.6927752494812012,-0.35866856575012207,"","","","","","","","","","","","","","","","","","","","","","","","","","","","","","","","","","","","","","","","","","","","","","","","","",0.11282171308994293,"","","PRUNED"
74,0.10570675879716873,"2025-05-16 21:31:11.100246","2025-05-16 21:31:12.048393","0 days 00:00:00.948147",128,48.0,"","","",160,"","","","",0.0033847341324452743,2,1,"","","","","","","","","","","","","","","","","","","","","","","","","","","","","","","","","","","","","","","","","","","","","","","","","","","","","","",0.15723231434822083,62.24342727661133,0.7913694977760315,0.7024291157722473,0.7662506699562073,-0.14152109622955322,0.17543160915374756,1170.189208984375,0.6676459908485413,0.7460430264472961,0.8357105851173401,0.11446082592010498,0.1653599739074707,81.49006652832031,0.8234422206878662,0.7482931613922119,0.7473584413528442,-0.4292351007461548,0.1318354457616806,67.53162384033203,0.5224259495735168,0.5483834743499756,0.7097277641296387,0.10448765754699707,"","","","","","","","","","","","","","","","","","","","","","","","","","","","","","","",0.1048981100320816,0.10570675879716873,"","PRUNED"
75,0.11516048014163971,"2025-05-16 21:31:12.048648","2025-05-16 21:31:12.482582","0 days 00:00:00.433934",96,80.0,144.0,"","",224,"","","","",0.01688870635639246,3,1,"","","","","","","","","","","","","","","","","","","","","","","","","","","","","","","","","","","","","","","","","","","","","","","","","","","","","","",0.17474180459976196,80.73418426513672,0.7195069193840027,0.646289587020874,0.6790558099746704,-0.282187819480896,"","","","","","","","","","","","","","","","","","","","","","","","","","","","","","","","","","","","","","","","","","","","","","","","","",0.11516048014163971,"","","PRUNED"
76,0.11344125866889954,"2025-05-16 21:31:12.482841","2025-05-16 21:31:12.840965","0 days 00:00:00.358124",112,"","","","",112,"","","","",0.0013018964346344095,1,1,"","","","","","","","","","","","","","","","","","","","","","","","","","","","","","","","","","","","","","","","","","","","","","","","","","","","","","",0.15744255483150482,57.86545181274414,0.8341090679168701,0.711407482624054,0.7027124762535095,-0.2617570161819458,"","","","","","","","","","","","","","","","","","","","","","","","","","","","","","","","","","","","","","","","","","","","","","","","","",0.11344125866889954,"","","PRUNED"
77,0.11376751214265823,"2025-05-16 21:31:12.841206","2025-05-16 21:31:13.823325","0 days 00:00:00.982119",80,144.0,208.0,"","",176,48.0,32.0,64.0,208.0,0.00484685551312515,3,5,"","","","","","","","","","","","","","","","","","","","","","","","","","","","","","","","","","","","","","","","","","","","","","","","","","","","","","",0.12187712639570236,50.6237907409668,0.8777912855148315,0.7445390224456787,0.7482556104660034,0.10288727283477783,"","","","","","","","","","","","","","","","","","","","","","","","","","","","","","","","","","","","","","","","","","","","","","","","","",0.11376751214265823,"","","PRUNED"
78,0.11347579210996628,"2025-05-16 21:31:13.823650","2025-05-16 21:31:14.506831","0 days 00:00:00.683181",144,192.0,192.0,64.0,160.0,240,112.0,"","","",0.008574967784522783,5,2,"","","","","","","","","","","","","","","","","","","","","","","","","","","","","","","","","","","","","","","","","","","","","","","","","","","","","","",0.15795661509037018,55.63404083251953,0.35665449500083923,0.4221624732017517,0.5744417905807495,-0.41787075996398926,"","","","","","","","","","","","","","","","","","","","","","","","","","","","","","","","","","","","","","","","","","","","","","","","","",0.11347579210996628,"","","PRUNED"
79,0.11357566714286804,"2025-05-16 21:31:14.507095","2025-05-16 21:31:14.900548","0 days 00:00:00.393453",16,48.0,"","","",256,"","","","",0.0017374406754832265,2,1,"","","","","","","","","","","","","","","","","","","","","","","","","","","","","","","","","","","","","","","","","","","","","","","","","","","","","","",0.16341948509216309,61.861671447753906,0.5956588387489319,0.5694853067398071,0.6793816089630127,-0.34822869300842285,"","","","","","","","","","","","","","","","","","","","","","","","","","","","","","","","","","","","","","","","","","","","","","","","","",0.11357566714286804,"","","PRUNED"
80,0.1011204719543457,"2025-05-16 21:31:14.900832","2025-05-16 21:31:18.690662","0 days 00:00:03.789830",160,16.0,160.0,"","",224,"","","","",0.0027926960929201203,3,1,"","","","","","",0.11492972075939178,429.57257080078125,0.557407021522522,0.5882101058959961,0.6197513937950134,0.1860617995262146,0.14357633888721466,2144.28857421875,0.919868528842926,0.8488998413085938,0.79093337059021,0.07431536912918091,0.19572745263576508,250.09075927734375,0.32717809081077576,0.3288818895816803,0.3464512825012207,-0.14413297176361084,0.20588715374469757,75.362548828125,0.09939683228731155,0.13920941948890686,0.1793919950723648,-0.5867488384246826,0.11581392586231232,181.994873046875,0.055875882506370544,0.09194882959127426,0.1200985535979271,-0.048386573791503906,0.11975549161434174,91.8039779663086,0.21437489986419678,0.20909173786640167,0.22834762930870056,-0.14025938510894775,0.24122820794582367,198.93141174316406,0.1820337176322937,0.2339450865983963,0.30732953548431396,-0.3260493278503418,"","","","","","",0.15094836056232452,62.82916259765625,0.8041817545890808,0.6771892309188843,0.7119856476783752,-0.07131993770599365,0.1984429657459259,1090.649169921875,0.6498189568519592,0.7444454431533813,0.8283126950263977,0.07485330104827881,0.1578335165977478,78.58904266357422,0.7738599181175232,0.7573114633560181,0.743975043296814,-0.26214349269866943,0.1572338491678238,93.00888061523438,0.4523146450519562,0.5579448938369751,0.639074981212616,-0.10928642749786377,0.09659896045923233,30833.876953125,0.5874882340431213,0.5746142268180847,0.5028443336486816,-0.01508629322052002,0.10911533236503601,361.2246398925781,0.335390567779541,0.3365356922149658,0.32477378845214844,-0.38146328926086426,0.14075924456119537,196.73960876464844,0.44275563955307007,0.47119295597076416,0.6007146835327148,-0.07003247737884521,0.08887560665607452,1059.5264892578125,0.5928918123245239,0.42980140447616577,0.30916932225227356,0.04694163799285889,0.12828566133975983,294.6829528808594,0.428249716758728,0.34964844584465027,0.40334224700927734,-0.05860292911529541,"",0.10073994100093842,0.10292670875787735,0.1011204719543457,"PRUNED"
81,0.10111432522535324,"2025-05-16 21:31:18.690953","2025-05-16 21:31:22.311220","0 days 00:00:03.620267",128,48.0,160.0,"","",240,"","","","",0.0042526569074029155,3,1,"","","","","","",0.12088170647621155,446.0853576660156,0.6682478785514832,0.7273771166801453,0.6322360634803772,0.2322058081626892,0.17906592786312103,4356.65966796875,0.6171547174453735,0.4680929183959961,0.5550664067268372,0.03987419605255127,0.19247956573963165,177.25746154785156,0.44068196415901184,0.5623131394386292,0.4183157980442047,-0.2086547613143921,0.17857158184051514,79.06037902832031,0.14297910034656525,0.12993286550045013,0.23664943873882294,-0.2825700044631958,0.11728647351264954,184.30184936523438,0.13862812519073486,0.16912882030010223,0.22896818816661835,-0.05463898181915283,0.1356925666332245,122.43787384033203,0.33151060342788696,0.34513059258461,0.39732351899147034,-0.26971888542175293,0.23372088372707367,216.12344360351562,0.9234451055526733,0.8542245030403137,0.5977466106414795,-0.1972283124923706,"","","","","","",0.16675052046775818,63.14262771606445,0.8062151670455933,0.7296395301818848,0.7253590226173401,-0.3019564151763916,0.2042006254196167,1648.7274169921875,0.6211060285568237,0.6003012657165527,0.8103954195976257,-0.07901012897491455,0.17741701006889343,79.26255798339844,0.17595569789409637,0.2051604986190796,0.3758765757083893,-0.8801054954528809,0.13579992949962616,78.62979125976562,0.6881263256072998,0.6661773920059204,0.7011857628822327,0.13132190704345703,0.1002546101808548,46303.9375,0.3617541193962097,0.39329996705055237,0.39346012473106384,-0.09066832065582275,0.10754416137933731,649.8674926757812,0.31005004048347473,0.2698548436164856,0.3319993019104004,-0.1268315315246582,0.14827732741832733,318.4359436035156,0.3567367494106293,0.3290514349937439,0.48502373695373535,-0.018122553825378418,0.10092861205339432,1353.4384765625,0.6497176289558411,0.49039822816848755,0.35508960485458374,-0.1612083911895752,0.11703503876924515,292.7308654785156,0.9659228920936584,0.764652669429779,0.7462913393974304,0.2984616756439209,"",0.10120309144258499,0.10061179101467133,0.10111432522535324,"PRUNED"
82,0.10474855452775955,"2025-05-16 21:31:22.311524","2025-05-16 21:31:23.383464","0 days 00:00:01.071940",128,32.0,160.0,"","",256,"","","","",0.003541373644111425,3,1,"","","","","","","","","","","","","","","","","","","","","","","","","","","","","","","","","","","","","","","","","","","","","","","","","","","","","","",0.14940854907035828,58.95668411254883,0.7863012552261353,0.7008933424949646,0.6823936700820923,-0.09408843517303467,0.19345460832118988,1036.401123046875,0.7786868810653687,0.7420662045478821,0.8722855448722839,-0.07125246524810791,0.1538073569536209,91.92456817626953,0.7511110305786133,0.7062129974365234,0.7138381600379944,-0.12411081790924072,0.13482710719108582,76.34796905517578,0.612170398235321,0.6795435547828674,0.7155458331108093,0.182167649269104,"","","","","","","","","","","","","","","","","","","","","","","","","","","","","","","",0.10536473244428635,0.10474855452775955,"","PRUNED"
83,0.10131082683801651,"2025-05-16 21:31:23.383734","2025-05-16 21:31:27.737412","0 days 00:00:04.353678",224,128.0,176.0,176.0,"",240,"","","","",0.005161876920729749,4,1,"","","","","","",0.13447090983390808,506.3563232421875,0.44831180572509766,0.5945398807525635,0.5334702730178833,0.1371050477027893,0.3354783356189728,9132.841796875,0.1669335812330246,0.4003436863422394,0.46916720271110535,-2.3055412769317627,0.19763651490211487,273.9707946777344,0.5348178148269653,0.519675076007843,0.3762962222099304,-0.11325991153717041,0.18414480984210968,79.5024642944336,0.09689095616340637,0.14037728309631348,0.1775345355272293,-0.33480405807495117,0.13390137255191803,257.8525390625,0.21519191563129425,0.2206772118806839,0.24785588681697845,-0.11376333236694336,0.11894866824150085,112.22578430175781,0.661806046962738,0.5588382482528687,0.47578930854797363,-0.019437789916992188,0.24444127082824707,280.9024658203125,0.25713345408439636,0.24234482645988464,0.17206639051437378,-0.1996772289276123,"","","","","","",0.1517687737941742,60.62186813354492,0.7779486775398254,0.7045238614082336,0.7349039912223816,-0.05052220821380615,0.21931447088718414,1601.6944580078125,0.661880612373352,0.6965824365615845,0.8539465665817261,-0.2247685194015503,0.17185457050800323,77.65438842773438,0.553205668926239,0.5627742409706116,0.6032052040100098,-0.697933554649353,0.15766005218029022,75.03551483154297,0.40707072615623474,0.41486403346061707,0.5179091095924377,-0.3190581798553467,0.09380096197128296,24896.404296875,0.37990567088127136,0.32345885038375854,0.3585675060749054,-0.11007535457611084,0.11639916151762009,637.0388793945312,0.18338942527770996,0.21590444445610046,0.22088846564292908,-0.2901870012283325,0.1396918147802353,349.0765380859375,0.3965325355529785,0.5744384527206421,0.5991907119750977,0.14939671754837036,0.08611798286437988,1069.2177734375,0.5904941558837891,0.4302997589111328,0.41264718770980835,0.06289499998092651,0.12547077238559723,305.24713134765625,0.5829612612724304,0.564293384552002,0.6568817496299744,0.1762024164199829,"",0.10412058234214783,0.10128947347402573,0.10131082683801651,"PRUNED"
84,0.15349330008029938,"2025-05-16 21:31:27.737750","2025-05-16 21:31:31.390488","0 days 00:00:03.652738",112,176.0,128.0,"","",208,"","","","",0.007356110515287758,3,1,0.15349330008029938,2263.9167262806614,0.5168926523012274,0.4822515705052544,0.47879956575000987,-0.151709901935914,0.13406799733638763,331.14990234375,0.399325430393219,0.3725009858608246,0.35989072918891907,-0.0051430463790893555,0.20621825754642487,5610.69482421875,0.8076812028884888,0.7823663353919983,0.6645826101303101,-0.3466910123825073,0.19498711824417114,235.48974609375,0.355146199464798,0.2811092436313629,0.22553026676177979,-0.15085303783416748,0.1903458684682846,88.53689575195312,0.12891723215579987,0.17314502596855164,0.18782450258731842,-0.3611644506454468,0.1467939019203186,319.46734619140625,0.059355273842811584,0.09713397920131683,0.11291356384754181,-0.1619359254837036,0.12619583308696747,123.82024383544922,0.6122891902923584,0.5721117258071899,0.5519671440124512,-0.10671031475067139,0.23728731274604797,183.63348388671875,0.18280550837516785,0.2123490571975708,0.31545302271842957,-0.30830323696136475,0.17207825183868408,343.4322509765625,0.3742343783378601,0.33196911215782166,0.29062044620513916,-0.7228223085403442,0.15035519003868103,57.36106491088867,0.8022693395614624,0.7413750290870667,0.7095595002174377,-0.1338050365447998,0.21300971508026123,1404.882568359375,0.6413891911506653,0.7041770219802856,0.824214518070221,-0.24384307861328125,0.1639610081911087,76.05110931396484,0.800417959690094,0.7269366979598999,0.7438517808914185,-0.3680708408355713,0.12749026715755463,66.16737365722656,0.7176526784896851,0.6801319122314453,0.7284071445465088,0.15378093719482422,0.09903500229120255,27293.244140625,0.3694838285446167,0.31099191308021545,0.32990318536758423,-0.10160768032073975,0.10505759716033936,399.5179748535156,0.25878286361694336,0.24105246365070343,0.3125920295715332,-0.26623451709747314,0.1395380198955536,230.7259063720703,0.726459801197052,0.661181628704071,0.6472482681274414,0.035428404808044434,0.10314962267875671,1443.201171875,0.6020563840866089,0.4494383633136749,0.3402102589607239,0.008312463760375977,0.09981513768434525,279.2083435058594,0.9489086270332336,0.8603062033653259,0.7948236465454102,0.5005943477153778,10.0,0.10039013624191284,0.09911363571882248,0.09974497556686401,"COMPLETE"
