"number","value","datetime_start","datetime_complete","duration","params_decoder_layer_width_0","params_decoder_layer_width_1","params_decoder_layer_width_2","params_decoder_layer_width_3","params_decoder_layer_width_4","params_encoder_layer_width_0","params_encoder_layer_width_1","params_encoder_layer_width_2","params_encoder_layer_width_3","params_encoder_layer_width_4","params_graphsage_aggregator","params_lr","params_n_decoder_layers","params_n_encoder_layers","user_attrs_avg_mae","user_attrs_avg_mape","user_attrs_avg_ndcg10","user_attrs_avg_ndcg20","user_attrs_avg_ndcg50","user_attrs_avg_r2","user_attrs_fold10_mae","user_attrs_fold10_mape","user_attrs_fold10_ndcg10","user_attrs_fold10_ndcg20","user_attrs_fold10_ndcg50","user_attrs_fold10_r2","user_attrs_fold11_mae","user_attrs_fold11_mape","user_attrs_fold11_ndcg10","user_attrs_fold11_ndcg20","user_attrs_fold11_ndcg50","user_attrs_fold11_r2","user_attrs_fold12_mae","user_attrs_fold12_mape","user_attrs_fold12_ndcg10","user_attrs_fold12_ndcg20","user_attrs_fold12_ndcg50","user_attrs_fold12_r2","user_attrs_fold13_mae","user_attrs_fold13_mape","user_attrs_fold13_ndcg10","user_attrs_fold13_ndcg20","user_attrs_fold13_ndcg50","user_attrs_fold13_r2","user_attrs_fold14_mae","user_attrs_fold14_mape","user_attrs_fold14_ndcg10","user_attrs_fold14_ndcg20","user_attrs_fold14_ndcg50","user_attrs_fold14_r2","user_attrs_fold15_mae","user_attrs_fold15_mape","user_attrs_fold15_ndcg10","user_attrs_fold15_ndcg20","user_attrs_fold15_ndcg50","user_attrs_fold15_r2","user_attrs_fold16_mae","user_attrs_fold16_mape","user_attrs_fold16_ndcg10","user_attrs_fold16_ndcg20","user_attrs_fold16_ndcg50","user_attrs_fold16_r2","user_attrs_fold17_mae","user_attrs_fold17_mape","user_attrs_fold17_ndcg10","user_attrs_fold17_ndcg20","user_attrs_fold17_ndcg50","user_attrs_fold17_r2","user_attrs_fold1_mae","user_attrs_fold1_mape","user_attrs_fold1_ndcg10","user_attrs_fold1_ndcg20","user_attrs_fold1_ndcg50","user_attrs_fold1_r2","user_attrs_fold2_mae","user_attrs_fold2_mape","user_attrs_fold2_ndcg10","user_attrs_fold2_ndcg20","user_attrs_fold2_ndcg50","user_attrs_fold2_r2","user_attrs_fold3_mae","user_attrs_fold3_mape","user_attrs_fold3_ndcg10","user_attrs_fold3_ndcg20","user_attrs_fold3_ndcg50","user_attrs_fold3_r2","user_attrs_fold4_mae","user_attrs_fold4_mape","user_attrs_fold4_ndcg10","user_attrs_fold4_ndcg20","user_attrs_fold4_ndcg50","user_attrs_fold4_r2","user_attrs_fold5_mae","user_attrs_fold5_mape","user_attrs_fold5_ndcg10","user_attrs_fold5_ndcg20","user_attrs_fold5_ndcg50","user_attrs_fold5_r2","user_attrs_fold6_mae","user_attrs_fold6_mape","user_attrs_fold6_ndcg10","user_attrs_fold6_ndcg20","user_attrs_fold6_ndcg50","user_attrs_fold6_r2","user_attrs_fold7_mae","user_attrs_fold7_mape","user_attrs_fold7_ndcg10","user_attrs_fold7_ndcg20","user_attrs_fold7_ndcg50","user_attrs_fold7_r2","user_attrs_fold8_mae","user_attrs_fold8_mape","user_attrs_fold8_ndcg10","user_attrs_fold8_ndcg20","user_attrs_fold8_ndcg50","user_attrs_fold8_r2","user_attrs_fold9_mae","user_attrs_fold9_mape","user_attrs_fold9_ndcg10","user_attrs_fold9_ndcg20","user_attrs_fold9_ndcg50","user_attrs_fold9_r2","user_attrs_pca_components","system_attrs_completed_rung_0","system_attrs_completed_rung_1","system_attrs_completed_rung_2","state"
13,0.08676326274871826,"2025-05-16 21:32:11.130824","2025-05-16 21:32:12.183438","0 days 00:00:01.052614",80,208.0,128.0,256.0,"",80,80.0,"","","","add",0.0015423288546034194,4,2,"","","","","","","","","","","","","","","","","","","","","","","","","","","","","","","","","","","","","","","","","","","","","","","","","","","","","","",0.13091932237148285,49.629241943359375,0.7127920389175415,0.7243652939796448,0.8596906065940857,0.13079959154129028,0.17995700240135193,2970.21875,0.6730796098709106,0.6230073571205139,0.844563364982605,0.1154935359954834,0.09493196755647659,55.74418258666992,0.8744774460792542,0.8403136134147644,0.8184182643890381,0.47786515951156616,0.11814215779304504,57.356380462646484,0.7393778562545776,0.7827818393707275,0.8413047194480896,0.40924400091171265,"","","","","","","","","","","","","","","","","","","","","","","","","","","","","","","",0.0863652154803276,0.08676326274871826,"","PRUNED"
14,0.1286778450012207,"2025-05-16 21:32:12.183718","2025-05-16 21:32:12.608836","0 days 00:00:00.425118",80,256.0,64.0,144.0,96.0,96,80.0,"","","","add",0.011097438992708814,5,2,"","","","","","","","","","","","","","","","","","","","","","","","","","","","","","","","","","","","","","","","","","","","","","","","","","","","","","",0.19127483665943146,66.2281723022461,0.3079359233379364,0.3392367362976074,0.38500848412513733,-0.8586989641189575,"","","","","","","","","","","","","","","","","","","","","","","","","","","","","","","","","","","","","","","","","","","","","","","","","",0.1286778450012207,"","","PRUNED"
15,0.0901816189289093,"2025-05-16 21:32:12.609148","2025-05-16 21:32:12.963344","0 days 00:00:00.354196",16,48.0,144.0,192.0,"",48,"","","","","add",0.01085431977356502,4,1,"","","","","","","","","","","","","","","","","","","","","","","","","","","","","","","","","","","","","","","","","","","","","","","","","","","","","","",0.1522561013698578,80.77241516113281,0.7538939714431763,0.7168469429016113,0.7397782802581787,-0.08761978149414062,"","","","","","","","","","","","","","","","","","","","","","","","","","","","","","","","","","","","","","","","","","","","","","","","","",0.0901816189289093,"","","PRUNED"
16,0.12026005983352661,"2025-05-16 21:32:12.963638","2025-05-16 21:32:13.511473","0 days 00:00:00.547835",112,160.0,176.0,80.0,"",32,80.0,96.0,144.0,"","add",0.001004676832474319,4,4,"","","","","","","","","","","","","","","","","","","","","","","","","","","","","","","","","","","","","","","","","","","","","","","","","","","","","","",0.12028070539236069,46.03061294555664,0.8017486929893494,0.8353081941604614,0.8568481802940369,0.2665950059890747,"","","","","","","","","","","","","","","","","","","","","","","","","","","","","","","","","","","","","","","","","","","","","","","","","",0.12026005983352661,"","","PRUNED"
17,0.09422298520803452,"2025-05-16 21:32:13.511757","2025-05-16 21:32:13.966591","0 days 00:00:00.454834",64,192.0,64.0,192.0,256.0,112,16.0,"","","","add",0.00502343309795263,5,2,"","","","","","","","","","","","","","","","","","","","","","","","","","","","","","","","","","","","","","","","","","","","","","","","","","","","","","",0.12078747153282166,51.26996612548828,0.7522108554840088,0.7708763480186462,0.82796710729599,0.32194799184799194,"","","","","","","","","","","","","","","","","","","","","","","","","","","","","","","","","","","","","","","","","","","","","","","","","",0.09422298520803452,"","","PRUNED"
18,0.69669508934021,"2025-05-16 21:32:13.966883","2025-05-16 21:32:14.553989","0 days 00:00:00.587106",160,224.0,"","","",48,192.0,128.0,144.0,256.0,"add",0.02298169404506922,2,5,"","","","","","","","","","","","","","","","","","","","","","","","","","","","","","","","","","","","","","","","","","","","","","","","","","","","","","",9.106817245483398,6017.62158203125,0.7726842164993286,0.7695099115371704,0.8184191584587097,-1959.6885986328125,"","","","","","","","","","","","","","","","","","","","","","","","","","","","","","","","","","","","","","","","","","","","","","","","","",0.69669508934021,"","","PRUNED"
19,0.10306095331907272,"2025-05-16 21:32:14.554304","2025-05-16 21:32:15.069489","0 days 00:00:00.515185",112,48.0,96.0,80.0,"",96,112.0,80.0,96.0,"","add",0.0029552437474185756,4,4,"","","","","","","","","","","","","","","","","","","","","","","","","","","","","","","","","","","","","","","","","","","","","","","","","","","","","","",0.1212957352399826,45.302032470703125,0.7941267490386963,0.8015180826187134,0.8622643947601318,0.24648058414459229,"","","","","","","","","","","","","","","","","","","","","","","","","","","","","","","","","","","","","","","","","","","","","","","","","",0.10306095331907272,"","","PRUNED"
20,4.2068047523498535,"2025-05-16 21:32:15.069781","2025-05-16 21:32:15.664598","0 days 00:00:00.594817",48,144.0,176.0,208.0,144.0,128,112.0,176.0,"","","max",0.08478253589653992,5,3,"","","","","","","","","","","","","","","","","","","","","","","","","","","","","","","","","","","","","","","","","","","","","","","","","","","","","","",0.13701899349689484,61.140708923339844,0.3079359233379364,0.3392367362976074,0.38500848412513733,-0.055818915367126465,"","","","","","","","","","","","","","","","","","","","","","","","","","","","","","","","","","","","","","","","","","","","","","","","","",4.2068047523498535,"","","PRUNED"
21,0.10279692709445953,"2025-05-16 21:32:15.664889","2025-05-16 21:32:16.035336","0 days 00:00:00.370447",128,176.0,240.0,"","",64,"","","","","mean",0.005967244878577052,3,1,"","","","","","","","","","","","","","","","","","","","","","","","","","","","","","","","","","","","","","","","","","","","","","","","","","","","","","",0.1394946426153183,53.71136474609375,0.7917433977127075,0.6332591772079468,0.6544275283813477,-0.05761563777923584,"","","","","","","","","","","","","","","","","","","","","","","","","","","","","","","","","","","","","","","","","","","","","","","","","",0.10279692709445953,"","","PRUNED"
22,0.10129435360431671,"2025-05-16 21:32:16.035605","2025-05-16 21:32:16.398371","0 days 00:00:00.362766",128,128.0,256.0,"","",64,"","","","","mean",0.006157846104606441,3,1,"","","","","","","","","","","","","","","","","","","","","","","","","","","","","","","","","","","","","","","","","","","","","","","","","","","","","","",0.14590424299240112,54.44759750366211,0.7834944128990173,0.6871210932731628,0.6740050315856934,-0.13468456268310547,"","","","","","","","","","","","","","","","","","","","","","","","","","","","","","","","","","","","","","","","","","","","","","","","","",0.10129435360431671,"","","PRUNED"
23,0.10283543169498444,"2025-05-16 21:32:16.398660","2025-05-16 21:32:16.783543","0 days 00:00:00.384883",96,176.0,192.0,96.0,"",32,"","","","","mean",0.002543629668966626,4,1,"","","","","","","","","","","","","","","","","","","","","","","","","","","","","","","","","","","","","","","","","","","","","","","","","","","","","","",0.14424702525138855,56.106040954589844,0.7449232935905457,0.6519958972930908,0.7042206525802612,-0.05350852012634277,"","","","","","","","","","","","","","","","","","","","","","","","","","","","","","","","","","","","","","","","","","","","","","","","","",0.10283543169498444,"","","PRUNED"
24,0.10596736520528793,"2025-05-16 21:32:16.783808","2025-05-16 21:32:17.157672","0 days 00:00:00.373864",144,224.0,"","","",80,48.0,"","","","add",0.001270863670167718,2,2,"","","","","","","","","","","","","","","","","","","","","","","","","","","","","","","","","","","","","","","","","","","","","","","","","","","","","","",0.13498760759830475,54.30671691894531,0.715274453163147,0.7335888743400574,0.8143523335456848,0.16915887594223022,"","","","","","","","","","","","","","","","","","","","","","","","","","","","","","","","","","","","","","","","","","","","","","","","","",0.10596736520528793,"","","PRUNED"
25,0.10537684708833694,"2025-05-16 21:32:17.157941","2025-05-16 21:32:17.498346","0 days 00:00:00.340405",80,176.0,64.0,"","",48,"","","","","mean",0.01764175273825115,3,1,"","","","","","","","","","","","","","","","","","","","","","","","","","","","","","","","","","","","","","","","","","","","","","","","","","","","","","",0.16041892766952515,62.28486251831055,0.6809254288673401,0.6443523168563843,0.6911897659301758,-0.23788726329803467,"","","","","","","","","","","","","","","","","","","","","","","","","","","","","","","","","","","","","","","","","","","","","","","","","",0.10537684708833694,"","","PRUNED"
26,0.12095122784376144,"2025-05-16 21:32:17.498644","2025-05-16 21:32:17.854996","0 days 00:00:00.356352",192,"","","","",80,176.0,"","","","add",0.00865229998720462,1,2,"","","","","","","","","","","","","","","","","","","","","","","","","","","","","","","","","","","","","","","","","","","","","","","","","","","","","","",0.15975606441497803,49.44541549682617,0.16849148273468018,0.1861618161201477,0.41229212284088135,-0.5700454711914062,"","","","","","","","","","","","","","","","","","","","","","","","","","","","","","","","","","","","","","","","","","","","","","","","","",0.12095122784376144,"","","PRUNED"
27,0.10099295526742935,"2025-05-16 21:32:17.855256","2025-05-16 21:32:18.171056","0 days 00:00:00.315800",112,80.0,128.0,32.0,"",32,"","","","","add",0.0006342182172719267,4,1,"","","","","","","","","","","","","","","","","","","","","","","","","","","","","","","","","","","","","","","","","","","","","","","","","","","","","","",0.12714223563671112,56.77311325073242,0.5411677956581116,0.6229156255722046,0.7248370051383972,0.20680928230285645,"","","","","","","","","","","","","","","","","","","","","","","","","","","","","","","","","","","","","","","","","","","","","","","","","",0.10099295526742935,"","","PRUNED"
28,0.10323207080364227,"2025-05-16 21:32:18.171309","2025-05-16 21:32:18.609179","0 days 00:00:00.437870",64,128.0,160.0,"","",112,112.0,64.0,"","","max",0.004019238686912937,3,3,"","","","","","","","","","","","","","","","","","","","","","","","","","","","","","","","","","","","","","","","","","","","","","","","","","","","","","",0.10133716464042664,39.650733947753906,0.8152795433998108,0.8132556676864624,0.8335314989089966,0.39580655097961426,"","","","","","","","","","","","","","","","","","","","","","","","","","","","","","","","","","","","","","","","","","","","","","","","","",0.10323207080364227,"","","PRUNED"
29,0.12172238528728485,"2025-05-16 21:32:18.609442","2025-05-16 21:32:19.143785","0 days 00:00:00.534343",160,160.0,112.0,"","",160,224.0,128.0,176.0,16.0,"mean",0.00010804191013361992,3,5,"","","","","","","","","","","","","","","","","","","","","","","","","","","","","","","","","","","","","","","","","","","","","","","","","","","","","","",0.19700007140636444,74.00262451171875,0.733734130859375,0.6511139273643494,0.7320974469184875,-0.7938390970230103,"","","","","","","","","","","","","","","","","","","","","","","","","","","","","","","","","","","","","","","","","","","","","","","","","",0.12172238528728485,"","","PRUNED"
30,0.12882296741008759,"2025-05-16 21:32:19.144066","2025-05-16 21:32:19.582303","0 days 00:00:00.438237",96,224.0,80.0,224.0,"",16,64.0,"","","","mean",0.04746662420033754,4,2,"","","","","","","","","","","","","","","","","","","","","","","","","","","","","","","","","","","","","","","","","","","","","","","","","","","","","","",0.16655100882053375,54.0133171081543,0.35490286350250244,0.264377236366272,0.33934080600738525,-0.6163170337677002,"","","","","","","","","","","","","","","","","","","","","","","","","","","","","","","","","","","","","","","","","","","","","","","","","",0.12882296741008759,"","","PRUNED"
31,0.12867456674575806,"2025-05-16 21:32:19.582614","2025-05-16 21:32:20.148433","0 days 00:00:00.565819",224,48.0,96.0,"","",176,240.0,48.0,256.0,32.0,"mean",0.0797328511573177,3,5,"","","","","","","","","","","","","","","","","","","","","","","","","","","","","","","","","","","","","","","","","","","","","","","","","","","","","","",0.1844901740550995,120.83016967773438,0.3079359233379364,0.3392367362976074,0.38500848412513733,-0.11852288246154785,"","","","","","","","","","","","","","","","","","","","","","","","","","","","","","","","","","","","","","","","","","","","","","","","","",0.12867456674575806,"","","PRUNED"
32,0.15059778094291687,"2025-05-16 21:32:20.148758","2025-05-16 21:32:20.743854","0 days 00:00:00.595096",208,64.0,"","","",224,256.0,96.0,208.0,112.0,"mean",0.022462745662983695,2,5,"","","","","","","","","","","","","","","","","","","","","","","","","","","","","","","","","","","","","","","","","","","","","","","","","","","","","","",0.21512162685394287,82.87458801269531,0.7551148533821106,0.750202476978302,0.7360103130340576,-1.0404021739959717,"","","","","","","","","","","","","","","","","","","","","","","","","","","","","","","","","","","","","","","","","","","","","","","","","",0.15059778094291687,"","","PRUNED"
33,0.1289346069097519,"2025-05-16 21:32:20.744123","2025-05-16 21:32:21.260777","0 days 00:00:00.516654",256,32.0,"","","",176,192.0,48.0,192.0,"","mean",0.037681751244182896,2,4,"","","","","","","","","","","","","","","","","","","","","","","","","","","","","","","","","","","","","","","","","","","","","","","","","","","","","","",0.18413613736629486,70.21401977539062,0.6730087995529175,0.6713864803314209,0.6949942708015442,-0.6050363779067993,"","","","","","","","","","","","","","","","","","","","","","","","","","","","","","","","","","","","","","","","","","","","","","","","","",0.1289346069097519,"","","PRUNED"
34,0.10939306020736694,"2025-05-16 21:32:21.261092","2025-05-16 21:32:21.842479","0 days 00:00:00.581387",160,96.0,48.0,"","",240,96.0,160.0,256.0,96.0,"mean",0.008519511821509645,3,5,"","","","","","","","","","","","","","","","","","","","","","","","","","","","","","","","","","","","","","","","","","","","","","","","","","","","","","",0.15593846142292023,62.15754699707031,0.8286277055740356,0.7475034594535828,0.7052316665649414,-0.18070149421691895,"","","","","","","","","","","","","","","","","","","","","","","","","","","","","","","","","","","","","","","","","","","","","","","","","",0.10939306020736694,"","","PRUNED"
35,0.11029052734375,"2025-05-16 21:32:21.842770","2025-05-16 21:32:22.420801","0 days 00:00:00.578031",128,112.0,112.0,"","",128,224.0,32.0,96.0,"","max",0.003373569824863122,3,4,"","","","","","","","","","","","","","","","","","","","","","","","","","","","","","","","","","","","","","","","","","","","","","","","","","","","","","",0.13615667819976807,50.51203918457031,0.7426210045814514,0.7899837493896484,0.8175965547561646,0.0003815889358520508,"","","","","","","","","","","","","","","","","","","","","","","","","","","","","","","","","","","","","","","","","","","","","","","","","",0.11029052734375,"","","PRUNED"
36,0.11122019588947296,"2025-05-16 21:32:22.421121","2025-05-16 21:32:23.084428","0 days 00:00:00.663307",144,80.0,80.0,160.0,"",160,176.0,112.0,176.0,176.0,"mean",0.0005919584036194068,4,5,"","","","","","","","","","","","","","","","","","","","","","","","","","","","","","","","","","","","","","","","","","","","","","","","","","","","","","",0.17146086692810059,65.04865264892578,0.8003804683685303,0.751963198184967,0.7423322200775146,-0.4349677562713623,"","","","","","","","","","","","","","","","","","","","","","","","","","","","","","","","","","","","","","","","","","","","","","","","","",0.11122019588947296,"","","PRUNED"
37,0.17217054963111877,"2025-05-16 21:32:23.084739","2025-05-16 21:32:23.647780","0 days 00:00:00.563041",192,64.0,112.0,112.0,160.0,96,32.0,64.0,64.0,"","add",0.056010641588553796,5,4,"","","","","","","","","","","","","","","","","","","","","","","","","","","","","","","","","","","","","","","","","","","","","","","","","","","","","","",0.17622454464435577,57.27869415283203,0.3079359233379364,0.3392367362976074,0.38500848412513733,-0.7216665744781494,"","","","","","","","","","","","","","","","","","","","","","","","","","","","","","","","","","","","","","","","","","","","","","","","","",0.17217054963111877,"","","PRUNED"
38,0.10481271892786026,"2025-05-16 21:32:23.648116","2025-05-16 21:32:24.135712","0 days 00:00:00.487596",96,32.0,"","","",208,128.0,144.0,160.0,"","mean",0.0019170054457277976,2,4,"","","","","","","","","","","","","","","","","","","","","","","","","","","","","","","","","","","","","","","","","","","","","","","","","","","","","","",0.1488722413778305,56.30732727050781,0.8501172661781311,0.7205815315246582,0.7393412590026855,-0.13555753231048584,"","","","","","","","","","","","","","","","","","","","","","","","","","","","","","","","","","","","","","","","","","","","","","","","","",0.10481271892786026,"","","PRUNED"
39,0.12887944281101227,"2025-05-16 21:32:24.136014","2025-05-16 21:32:24.620606","0 days 00:00:00.484592",64,16.0,208.0,"","",64,16.0,80.0,"","","max",0.014608765428642654,3,3,"","","","","","","","","","","","","","","","","","","","","","","","","","","","","","","","","","","","","","","","","","","","","","","","","","","","","","",0.13708241283893585,40.93411636352539,0.3644123077392578,0.34267258644104004,0.6010151505470276,-0.32386982440948486,"","","","","","","","","","","","","","","","","","","","","","","","","","","","","","","","","","","","","","","","","","","","","","","","","",0.12887944281101227,"","","PRUNED"
40,28.26300048828125,"2025-05-16 21:32:24.620895","2025-05-16 21:32:25.253464","0 days 00:00:00.632569",240,192.0,160.0,176.0,"",144,176.0,32.0,224.0,64.0,"add",0.025169204192170693,4,5,"","","","","","","","","","","","","","","","","","","","","","","","","","","","","","","","","","","","","","","","","","","","","","","","","","","","","","",0.8305025100708008,618.3773803710938,0.7169153690338135,0.6856720447540283,0.8371759653091431,-25.61031150817871,"","","","","","","","","","","","","","","","","","","","","","","","","","","","","","","","","","","","","","","","","","","","","","","","","",28.26300048828125,"","","PRUNED"
