"number","value","datetime_start","datetime_complete","duration","params_decoder_layer_width_0","params_decoder_layer_width_1","params_decoder_layer_width_2","params_decoder_layer_width_3","params_decoder_layer_width_4","params_encoder_layer_width_0","params_encoder_layer_width_1","params_encoder_layer_width_2","params_encoder_layer_width_3","params_encoder_layer_width_4","params_gatv2_dropout","params_gatv2_heads","params_lr","params_n_decoder_layers","params_n_encoder_layers","user_attrs_avg_mae","user_attrs_avg_mape","user_attrs_avg_ndcg10","user_attrs_avg_ndcg20","user_attrs_avg_ndcg50","user_attrs_avg_r2","user_attrs_fold10_mae","user_attrs_fold10_mape","user_attrs_fold10_ndcg10","user_attrs_fold10_ndcg20","user_attrs_fold10_ndcg50","user_attrs_fold10_r2","user_attrs_fold11_mae","user_attrs_fold11_mape","user_attrs_fold11_ndcg10","user_attrs_fold11_ndcg20","user_attrs_fold11_ndcg50","user_attrs_fold11_r2","user_attrs_fold12_mae","user_attrs_fold12_mape","user_attrs_fold12_ndcg10","user_attrs_fold12_ndcg20","user_attrs_fold12_ndcg50","user_attrs_fold12_r2","user_attrs_fold13_mae","user_attrs_fold13_mape","user_attrs_fold13_ndcg10","user_attrs_fold13_ndcg20","user_attrs_fold13_ndcg50","user_attrs_fold13_r2","user_attrs_fold14_mae","user_attrs_fold14_mape","user_attrs_fold14_ndcg10","user_attrs_fold14_ndcg20","user_attrs_fold14_ndcg50","user_attrs_fold14_r2","user_attrs_fold15_mae","user_attrs_fold15_mape","user_attrs_fold15_ndcg10","user_attrs_fold15_ndcg20","user_attrs_fold15_ndcg50","user_attrs_fold15_r2","user_attrs_fold16_mae","user_attrs_fold16_mape","user_attrs_fold16_ndcg10","user_attrs_fold16_ndcg20","user_attrs_fold16_ndcg50","user_attrs_fold16_r2","user_attrs_fold17_mae","user_attrs_fold17_mape","user_attrs_fold17_ndcg10","user_attrs_fold17_ndcg20","user_attrs_fold17_ndcg50","user_attrs_fold17_r2","user_attrs_fold1_mae","user_attrs_fold1_mape","user_attrs_fold1_ndcg10","user_attrs_fold1_ndcg20","user_attrs_fold1_ndcg50","user_attrs_fold1_r2","user_attrs_fold2_mae","user_attrs_fold2_mape","user_attrs_fold2_ndcg10","user_attrs_fold2_ndcg20","user_attrs_fold2_ndcg50","user_attrs_fold2_r2","user_attrs_fold3_mae","user_attrs_fold3_mape","user_attrs_fold3_ndcg10","user_attrs_fold3_ndcg20","user_attrs_fold3_ndcg50","user_attrs_fold3_r2","user_attrs_fold4_mae","user_attrs_fold4_mape","user_attrs_fold4_ndcg10","user_attrs_fold4_ndcg20","user_attrs_fold4_ndcg50","user_attrs_fold4_r2","user_attrs_fold5_mae","user_attrs_fold5_mape","user_attrs_fold5_ndcg10","user_attrs_fold5_ndcg20","user_attrs_fold5_ndcg50","user_attrs_fold5_r2","user_attrs_fold6_mae","user_attrs_fold6_mape","user_attrs_fold6_ndcg10","user_attrs_fold6_ndcg20","user_attrs_fold6_ndcg50","user_attrs_fold6_r2","user_attrs_fold7_mae","user_attrs_fold7_mape","user_attrs_fold7_ndcg10","user_attrs_fold7_ndcg20","user_attrs_fold7_ndcg50","user_attrs_fold7_r2","user_attrs_fold8_mae","user_attrs_fold8_mape","user_attrs_fold8_ndcg10","user_attrs_fold8_ndcg20","user_attrs_fold8_ndcg50","user_attrs_fold8_r2","user_attrs_fold9_mae","user_attrs_fold9_mape","user_attrs_fold9_ndcg10","user_attrs_fold9_ndcg20","user_attrs_fold9_ndcg50","user_attrs_fold9_r2","user_attrs_pca_components","system_attrs_completed_rung_0","system_attrs_completed_rung_1","system_attrs_completed_rung_2","state"
27,0.12672202289104462,"2025-05-16 21:37:10.125625","2025-05-16 21:37:12.609947","0 days 00:00:02.484322",64,16.0,144.0,"","",96,256.0,128.0,176.0,256.0,0.2,3,0.01769438281544819,3,5,"","","","","","","","","","","","","","","","","","","","","","","","","","","","","","","","","","","","","","","","","","","","","","","","","","","","","","",0.18810608983039856,64.16911315917969,0.3535335659980774,0.33929643034935,0.3876831829547882,-0.8310326337814331,"","","","","","","","","","","","","","","","","","","","","","","","","","","","","","","","","","","","","","","","","","","","","","","","","",0.12672202289104462,"","","PRUNED"
28,0.11397469788789749,"2025-05-16 21:37:12.610235","2025-05-16 21:37:30.131508","0 days 00:00:17.521273",112,128.0,80.0,112.0,"",64,160.0,"","","",0.4,10,0.002646394857885398,4,2,"","","","","","",0.1333976835012436,572.9970703125,0.19937047362327576,0.32988449931144714,0.49193570017814636,0.024366915225982666,0.11138661950826645,1199.7791748046875,0.9513977766036987,0.8832796216011047,0.8245622515678406,0.19189238548278809,0.19730085134506226,218.34420776367188,0.29914844036102295,0.31714436411857605,0.25558963418006897,-0.23707306385040283,0.19633550941944122,61.198307037353516,0.2536819577217102,0.2665659785270691,0.28897178173065186,-0.5971295833587646,0.11698249727487564,210.62969970703125,0.6812095642089844,0.4878602921962738,0.4662556052207947,0.020564496517181396,0.12306860089302063,83.66950988769531,0.2653292715549469,0.23829476535320282,0.2379842847585678,-0.2892500162124634,0.23857639729976654,178.18264770507812,0.0939212217926979,0.0814816802740097,0.15139952301979065,-0.338101863861084,"","","","","","",0.16663192212581635,59.66083526611328,0.626142144203186,0.6788935661315918,0.6518682241439819,-0.4405331611633301,0.21447673439979553,2954.902099609375,0.4060260057449341,0.4484814405441284,0.7184557914733887,-0.11923050880432129,0.20119793713092804,97.29631805419922,0.7112699747085571,0.6655661463737488,0.7078595161437988,-1.09307861328125,0.11322153359651566,65.28728485107422,0.8665059804916382,0.7622310519218445,0.7893138527870178,0.35219722986221313,0.0899563729763031,4176.1533203125,0.6402450203895569,0.5833807587623596,0.5222960710525513,-0.26439690589904785,0.11727246642112732,125.22453308105469,0.2972313463687897,0.2664054036140442,0.31753358244895935,-0.6046355962753296,0.1417410969734192,228.66690063476562,0.5297026038169861,0.5009157657623291,0.47672390937805176,-0.0826495885848999,0.09927455335855484,1398.2174072265625,0.17421729862689972,0.19320279359817505,0.19241498410701752,0.010592401027679443,0.12234374135732651,272.53399658203125,0.31247758865356445,0.47839415073394775,0.599267840385437,0.043007612228393555,"",0.11319348216056824,0.11160274595022202,0.11397469788789749,"PRUNED"
29,0.12921962141990662,"2025-05-16 21:37:30.131825","2025-05-16 21:37:35.511721","0 days 00:00:05.379896",32,32.0,128.0,"","",144,224.0,32.0,80.0,"",0.4,13,0.009950769237570968,3,4,"","","","","","","","","","","","","","","","","","","","","","","","","","","","","","","","","","","","","","","","","","","","","","","","","","","","","","",0.1879819929599762,64.08831787109375,0.31026893854141235,0.45452645421028137,0.45455649495124817,-0.8293881416320801,"","","","","","","","","","","","","","","","","","","","","","","","","","","","","","","","","","","","","","","","","","","","","","","","","",0.12921962141990662,"","","PRUNED"
30,0.11790643632411957,"2025-05-16 21:37:35.512021","2025-05-16 21:37:37.597775","0 days 00:00:02.085754",208,64.0,64.0,192.0,80.0,32,192.0,80.0,"","",0.5,7,0.027764912404787772,5,3,"","","","","","","","","","","","","","","","","","","","","","","","","","","","","","","","","","","","","","","","","","","","","","","","","","","","","","",0.19218309223651886,72.35324096679688,0.38113585114479065,0.49673229455947876,0.6313544511795044,-0.7342804670333862,"","","","","","","","","","","","","","","","","","","","","","","","","","","","","","","","","","","","","","","","","","","","","","","","","",0.11790643632411957,"","","PRUNED"
31,0.1144174188375473,"2025-05-16 21:37:37.598063","2025-05-16 21:37:38.223226","0 days 00:00:00.625163",32,64.0,96.0,48.0,256.0,160,"","","","",0.5,2,0.000423338561299426,5,1,"","","","","","","","","","","","","","","","","","","","","","","","","","","","","","","","","","","","","","","","","","","","","","","","","","","","","","",0.1864762157201767,70.20109558105469,0.6842116713523865,0.7051261067390442,0.6761928796768188,-0.6703464984893799,"","","","","","","","","","","","","","","","","","","","","","","","","","","","","","","","","","","","","","","","","","","","","","","","","",0.1144174188375473,"","","PRUNED"
32,0.11596383899450302,"2025-05-16 21:37:38.223496","2025-05-16 21:37:39.766375","0 days 00:00:01.542879",48,96.0,80.0,128.0,208.0,160,"","","","",0.5,2,0.0018533019566409597,5,1,"","","","","","","","","","","","","","","","","","","","","","","","","","","","","","","","","","","","","","","","","","","","","","","","","","","","","","",0.17462602257728577,76.6541519165039,0.22391079366207123,0.2664746046066284,0.3651978373527527,-0.4015856981277466,0.21050569415092468,1972.1961669921875,0.6364734172821045,0.6590684652328491,0.8271685838699341,-0.2079845666885376,0.19848252832889557,94.67192840576172,0.7045446038246155,0.6152567863464355,0.6668636798858643,-1.0683202743530273,0.14714881777763367,64.08604431152344,0.18666787445545197,0.26324477791786194,0.5360197424888611,-0.2451763153076172,"","","","","","","","","","","","","","","","","","","","","","","","","","","","","","","",0.11093992739915848,0.11596383899450302,"","PRUNED"
33,0.1280830055475235,"2025-05-16 21:37:39.766673","2025-05-16 21:37:40.501405","0 days 00:00:00.734732",16,32.0,112.0,48.0,"",192,"","","","",0.4,3,0.00011291098723623882,4,1,"","","","","","","","","","","","","","","","","","","","","","","","","","","","","","","","","","","","","","","","","","","","","","","","","","","","","","",0.19217121601104736,70.35781860351562,0.5719311833381653,0.5316004753112793,0.6729764342308044,-0.7666786909103394,"","","","","","","","","","","","","","","","","","","","","","","","","","","","","","","","","","","","","","","","","","","","","","","","","",0.1280830055475235,"","","PRUNED"
34,0.11462914198637009,"2025-05-16 21:37:40.501676","2025-05-16 21:37:44.260016","0 days 00:00:03.758340",32,80.0,32.0,256.0,192.0,160,144.0,"","","",0.0,5,0.0010904487641812631,5,2,"","","","","","","","","","","","","","","","","","","","","","","","","","","","","","","","","","","","","","","","","","","","","","","","","","","","","","",0.16417552530765533,66.6717529296875,0.412942498922348,0.3818390667438507,0.47924330830574036,-0.331195592880249,0.21519891917705536,3239.952392578125,0.36369454860687256,0.45794111490249634,0.6843782067298889,-0.06216275691986084,0.182102769613266,80.93251037597656,0.791787326335907,0.740761935710907,0.7539142370223999,-0.8727800846099854,0.14104202389717102,54.43164825439453,0.13981512188911438,0.1542036384344101,0.27981722354888916,-0.30516719818115234,"","","","","","","","","","","","","","","","","","","","","","","","","","","","","","","",0.11177554726600647,0.11462914198637009,"","PRUNED"
35,0.14815944214077556,"2025-05-16 21:37:44.260315","2025-05-16 21:37:48.438830","0 days 00:00:04.178515",16,48.0,112.0,176.0,"",208,"","","","",0.5,1,0.004460393972968605,4,1,0.14815944214077556,574.5698073892032,0.3659241607083994,0.4122597776791629,0.4375513879691853,-0.319667167523328,0.12517021596431732,342.2514343261719,0.301204115152359,0.4537310004234314,0.5024920701980591,-0.03958284854888916,0.11879564821720123,986.7886352539062,0.56960129737854,0.7285182476043701,0.6501853466033936,-0.031076550483703613,0.196602001786232,173.41519165039062,0.4762970507144928,0.34779077768325806,0.26540082693099976,-0.2948949337005615,0.2078295201063156,62.02298355102539,0.27798745036125183,0.2776269018650055,0.2774083912372589,-0.706682562828064,0.11636296659708023,193.8253631591797,0.11014863103628159,0.1422797590494156,0.17105017602443695,-0.04196608066558838,0.11887223273515701,85.0441665649414,0.2620868384838104,0.36567848920822144,0.36436766386032104,-0.1926562786102295,0.24286317825317383,150.2421417236328,0.23482416570186615,0.21991512179374695,0.20072178542613983,-0.4288063049316406,0.10474856197834015,97.76265716552734,0.4351145625114441,0.4980527460575104,0.43779700994491577,-0.19983959197998047,0.17776095867156982,63.249481201171875,0.6605802774429321,0.6328021883964539,0.6381922364234924,-0.6299118995666504,0.2146351933479309,1191.45849609375,0.22643524408340454,0.39254137873649597,0.6297144889831543,-0.4004344940185547,0.18661335110664368,85.86455535888672,0.680724561214447,0.6294116973876953,0.6733340620994568,-0.8841418027877808,0.1588958203792572,61.130638122558594,0.5892550945281982,0.6561688780784607,0.6715895533561707,-0.3853806257247925,0.09122742712497711,5344.72705078125,0.49173396825790405,0.5084258913993835,0.4834098517894745,-0.2417525053024292,0.10772079974412918,133.4901885986328,0.24513620138168335,0.37066546082496643,0.419547975063324,-0.45093822479248047,0.14700429141521454,96.43734741210938,0.3636053800582886,0.38553327322006226,0.45448625087738037,-0.26367366313934326,0.07017162442207336,587.1759643554688,0.140928253531456,0.1899951547384262,0.2825572192668915,0.0566750168800354,0.13343672454357147,112.80043029785156,0.15504764020442963,0.20927925407886505,0.31611868739128113,-0.29927849769592285,10.0,0.11103641241788864,0.11308543384075165,0.11083781719207764,"COMPLETE"
36,0.1145392581820488,"2025-05-16 21:37:48.439291","2025-05-16 21:37:49.752430","0 days 00:00:01.313139",16,64.0,160.0,160.0,"",256,"","","","",0.5,1,0.003918565210709316,4,1,"","","","","","","","","","","","","","","","","","","","","","","","","","","","","","","","","","","","","","","","","","","","","","","","","","","","","","",0.1754641979932785,63.512142181396484,0.7573829293251038,0.7640939950942993,0.7294251322746277,-0.5618451833724976,0.21569718420505524,2124.8408203125,0.24643574655056,0.404008686542511,0.6010901927947998,-0.26270949840545654,0.19205622375011444,89.07047271728516,0.18774168193340302,0.2713857591152191,0.4226624667644501,-1.0199410915374756,0.1470738798379898,71.36614227294922,0.8151479959487915,0.7044956088066101,0.6848333477973938,-0.17307794094085693,"","","","","","","","","","","","","","","","","","","","","","","","","","","","","","","",0.11296922713518143,0.1145392581820488,"","PRUNED"
37,0.11525896936655045,"2025-05-16 21:37:49.752709","2025-05-16 21:37:53.111678","0 days 00:00:03.358969",48,96.0,112.0,"","",224,240.0,160.0,160.0,"",0.30000000000000004,5,0.003567705647950884,3,4,"","","","","","","","","","","","","","","","","","","","","","","","","","","","","","","","","","","","","","","","","","","","","","","","","","","","","","",0.17797262966632843,63.210975646972656,0.5486961007118225,0.5469589829444885,0.6151991486549377,-0.6449030637741089,"","","","","","","","","","","","","","","","","","","","","","","","","","","","","","","","","","","","","","","","","","","","","","","","","",0.11525896936655045,"","","PRUNED"
38,0.11593557894229889,"2025-05-16 21:37:53.111961","2025-05-16 21:37:57.702791","0 days 00:00:04.590830",64,32.0,"","","",240,112.0,"","","",0.5,15,0.0020988413958270883,2,2,"","","","","","","","","","","","","","","","","","","","","","","","","","","","","","","","","","","","","","","","","","","","","","","","","","","","","","",0.16335594654083252,56.176300048828125,0.5955632328987122,0.6264932751655579,0.6127896308898926,-0.4830743074417114,"","","","","","","","","","","","","","","","","","","","","","","","","","","","","","","","","","","","","","","","","","","","","","","","","",0.11593557894229889,"","","PRUNED"
39,0.1150084137916565,"2025-05-16 21:37:57.703073","2025-05-16 21:37:58.443263","0 days 00:00:00.740190",16,48.0,64.0,176.0,"",192,"","","","",0.4,3,0.0010396354431963769,4,1,"","","","","","","","","","","","","","","","","","","","","","","","","","","","","","","","","","","","","","","","","","","","","","","","","","","","","","",0.1695961058139801,72.71212005615234,0.21888606250286102,0.27088791131973267,0.3729238212108612,-0.35996317863464355,"","","","","","","","","","","","","","","","","","","","","","","","","","","","","","","","","","","","","","","","","","","","","","","","","",0.1150084137916565,"","","PRUNED"
40,0.1288670003414154,"2025-05-16 21:37:58.443535","2025-05-16 21:37:59.250315","0 days 00:00:00.806780",32,80.0,32.0,"","",96,176.0,48.0,"","",0.1,1,0.07228499991969932,3,3,"","","","","","","","","","","","","","","","","","","","","","","","","","","","","","","","","","","","","","","","","","","","","","","","","","","","","","",0.1846952736377716,61.95244216918945,0.3079359233379364,0.3392367362976074,0.38500848412513733,-0.8006391525268555,"","","","","","","","","","","","","","","","","","","","","","","","","","","","","","","","","","","","","","","","","","","","","","","","","",0.1288670003414154,"","","PRUNED"
41,0.11083786934614182,"2025-05-16 21:37:59.250607","2025-05-16 21:38:04.495479","0 days 00:00:05.244872",32,48.0,96.0,208.0,256.0,176,"","","","",0.5,2,0.005886530841822347,5,1,"","","","","","",0.1308208405971527,386.1300048828125,0.060742225497961044,0.09288492798805237,0.2570308446884155,-0.04596257209777832,0.14146366715431213,2115.07177734375,0.9527031183242798,0.8498719334602356,0.8100394606590271,0.026865661144256592,0.18292342126369476,207.06097412109375,0.664626955986023,0.7082250118255615,0.7615105509757996,0.005470931529998779,0.19763800501823425,63.120357513427734,0.2814600467681885,0.2527886927127838,0.2702142298221588,-0.6167073249816895,0.11408042907714844,154.94874572753906,0.1362352818250656,0.1412634402513504,0.1321403533220291,-0.1053231954574585,0.12348758429288864,77.12210083007812,0.05781284347176552,0.08782815933227539,0.15741562843322754,-0.3054647445678711,0.23687046766281128,179.45738220214844,1.0,0.9511085152626038,0.6604824066162109,-0.3117285966873169,"","","","","","",0.15879271924495697,58.1563606262207,0.6755782961845398,0.6776700615882874,0.6931026577949524,-0.33944380283355713,0.20790313184261322,2056.87109375,0.3958275318145752,0.5384567975997925,0.6896753311157227,-0.12983453273773193,0.16706989705562592,66.8465576171875,0.3983238637447357,0.39710891246795654,0.4540348947048187,-0.7932056188583374,0.14549417793750763,61.55382537841797,0.864143967628479,0.7539756894111633,0.7479260563850403,-0.15451300144195557,0.0824831873178482,9084.84765625,0.6357758045196533,0.5431303381919861,0.5152647495269775,-0.09631824493408203,0.10780102759599686,112.7272720336914,0.310278058052063,0.3880566656589508,0.4527062773704529,-0.4478820562362671,0.1491888463497162,276.1043701171875,0.20574654638767242,0.27981439232826233,0.39636358618736267,0.0021249055862426758,0.0849025547504425,997.4751586914062,0.205457866191864,0.16623952984809875,0.14790016412734985,0.07464998960494995,0.12377509474754333,205.28311157226562,0.16182895004749298,0.2042517513036728,0.4889530539512634,0.04599308967590332,"",0.11234785616397858,0.10841253399848938,0.11083786934614182,"PRUNED"
42,0.11522549390792847,"2025-05-16 21:38:04.495796","2025-05-16 21:38:06.663464","0 days 00:00:02.167668",192,16.0,80.0,224.0,"",208,"","","","",0.5,11,0.00021510922870362565,4,1,"","","","","","","","","","","","","","","","","","","","","","","","","","","","","","","","","","","","","","","","","","","","","","","","","","","","","","",0.1850201040506363,68.17442321777344,0.6678779125213623,0.6854168176651001,0.6760343909263611,-0.6617645025253296,"","","","","","","","","","","","","","","","","","","","","","","","","","","","","","","","","","","","","","","","","","","","","","","","","",0.11522549390792847,"","","PRUNED"
43,0.11234157532453537,"2025-05-16 21:38:06.663736","2025-05-16 21:38:14.451388","0 days 00:00:07.787652",48,80.0,112.0,128.0,160.0,208,"","","","",0.5,4,0.010941454041354881,5,1,"","","","","","",0.13257217407226562,433.07061767578125,0.20945638418197632,0.28470128774642944,0.3064776659011841,-0.03415572643280029,0.11672135442495346,1359.5955810546875,0.7282720804214478,0.7440366148948669,0.7366909980773926,0.2844313383102417,0.19501884281635284,226.84649658203125,0.48255839943885803,0.5060329437255859,0.4979192614555359,-0.18090105056762695,0.18623720109462738,61.26611328125,0.865144670009613,0.8396051526069641,0.7014446258544922,-0.4115777015686035,0.11380936205387115,196.1323699951172,0.9113313555717468,0.8023847341537476,0.6347204446792603,0.08106887340545654,0.1166767030954361,87.90523529052734,0.37275874614715576,0.46125227212905884,0.521611213684082,-0.10080528259277344,0.21912787854671478,159.4190673828125,0.9681896567344666,0.9070931077003479,0.8160955905914307,-0.11149466037750244,"","","","","","",0.16634294390678406,67.38543701171875,0.5294750332832336,0.5003206729888916,0.6470016241073608,-0.34507179260253906,0.24402236938476562,2512.45556640625,0.12904901802539825,0.3236377537250519,0.5603499412536621,-0.45780348777770996,0.18396876752376556,82.3294448852539,0.22016018629074097,0.2759757936000824,0.3863198459148407,-0.9546698331832886,0.15442363917827606,107.40357971191406,0.718288779258728,0.7100507020950317,0.7066686749458313,0.018016338348388672,0.08067911118268967,13064.2353515625,0.6503702402114868,0.6392611265182495,0.5929549932479858,0.10005056858062744,0.11156786978244781,227.14404296875,0.2321087121963501,0.21445617079734802,0.3065297305583954,-0.5110901594161987,0.15067988634109497,258.59161376953125,0.1932774782180786,0.23117326200008392,0.3474815785884857,-0.10085535049438477,0.09353075921535492,1251.0308837890625,0.20269812643527985,0.35181188583374023,0.4453248381614685,0.1435847282409668,0.13326536118984222,145.38400268554688,0.15110620856285095,0.2194836586713791,0.2974817752838135,-0.2659022808074951,"",0.10708945244550705,0.11284852027893066,0.11234157532453537,"PRUNED"
44,0.11641725897789001,"2025-05-16 21:38:14.451701","2025-05-16 21:38:15.466995","0 days 00:00:01.015294",256,32.0,160.0,48.0,224.0,128,208.0,"","","",0.4,2,0.0003011782870392244,5,2,"","","","","","","","","","","","","","","","","","","","","","","","","","","","","","","","","","","","","","","","","","","","","","","","","","","","","","",0.1671946495771408,57.99324035644531,0.4830261766910553,0.564177930355072,0.5780209302902222,-0.525205135345459,"","","","","","","","","","","","","","","","","","","","","","","","","","","","","","","","","","","","","","","","","","","","","","","","","",0.11641725897789001,"","","PRUNED"
