"number","value","datetime_start","datetime_complete","duration","params_decoder_layer_width_0","params_decoder_layer_width_1","params_decoder_layer_width_2","params_decoder_layer_width_3","params_decoder_layer_width_4","params_encoder_layer_width_0","params_encoder_layer_width_1","params_encoder_layer_width_2","params_encoder_layer_width_3","params_encoder_layer_width_4","params_graphsage_aggregator","params_lr","params_n_decoder_layers","params_n_encoder_layers","user_attrs_avg_mae","user_attrs_avg_mape","user_attrs_avg_ndcg10","user_attrs_avg_ndcg20","user_attrs_avg_ndcg50","user_attrs_avg_r2","user_attrs_fold10_mae","user_attrs_fold10_mape","user_attrs_fold10_ndcg10","user_attrs_fold10_ndcg20","user_attrs_fold10_ndcg50","user_attrs_fold10_r2","user_attrs_fold11_mae","user_attrs_fold11_mape","user_attrs_fold11_ndcg10","user_attrs_fold11_ndcg20","user_attrs_fold11_ndcg50","user_attrs_fold11_r2","user_attrs_fold12_mae","user_attrs_fold12_mape","user_attrs_fold12_ndcg10","user_attrs_fold12_ndcg20","user_attrs_fold12_ndcg50","user_attrs_fold12_r2","user_attrs_fold13_mae","user_attrs_fold13_mape","user_attrs_fold13_ndcg10","user_attrs_fold13_ndcg20","user_attrs_fold13_ndcg50","user_attrs_fold13_r2","user_attrs_fold14_mae","user_attrs_fold14_mape","user_attrs_fold14_ndcg10","user_attrs_fold14_ndcg20","user_attrs_fold14_ndcg50","user_attrs_fold14_r2","user_attrs_fold15_mae","user_attrs_fold15_mape","user_attrs_fold15_ndcg10","user_attrs_fold15_ndcg20","user_attrs_fold15_ndcg50","user_attrs_fold15_r2","user_attrs_fold1_mae","user_attrs_fold1_mape","user_attrs_fold1_ndcg10","user_attrs_fold1_ndcg20","user_attrs_fold1_ndcg50","user_attrs_fold1_r2","user_attrs_fold2_mae","user_attrs_fold2_mape","user_attrs_fold2_ndcg10","user_attrs_fold2_ndcg20","user_attrs_fold2_ndcg50","user_attrs_fold2_r2","user_attrs_fold3_mae","user_attrs_fold3_mape","user_attrs_fold3_ndcg10","user_attrs_fold3_ndcg20","user_attrs_fold3_ndcg50","user_attrs_fold3_r2","user_attrs_fold4_mae","user_attrs_fold4_mape","user_attrs_fold4_ndcg10","user_attrs_fold4_ndcg20","user_attrs_fold4_ndcg50","user_attrs_fold4_r2","user_attrs_fold5_mae","user_attrs_fold5_mape","user_attrs_fold5_ndcg10","user_attrs_fold5_ndcg20","user_attrs_fold5_ndcg50","user_attrs_fold5_r2","user_attrs_fold6_mae","user_attrs_fold6_mape","user_attrs_fold6_ndcg10","user_attrs_fold6_ndcg20","user_attrs_fold6_ndcg50","user_attrs_fold6_r2","user_attrs_fold7_mae","user_attrs_fold7_mape","user_attrs_fold7_ndcg10","user_attrs_fold7_ndcg20","user_attrs_fold7_ndcg50","user_attrs_fold7_r2","user_attrs_fold8_mae","user_attrs_fold8_mape","user_attrs_fold8_ndcg10","user_attrs_fold8_ndcg20","user_attrs_fold8_ndcg50","user_attrs_fold8_r2","user_attrs_fold9_mae","user_attrs_fold9_mape","user_attrs_fold9_ndcg10","user_attrs_fold9_ndcg20","user_attrs_fold9_ndcg50","user_attrs_fold9_r2","user_attrs_pca_components","system_attrs_completed_rung_0","system_attrs_completed_rung_1","state"
33,0.1317690079410871,"2025-05-16 16:05:11.748159","2025-05-16 16:05:14.499525","0 days 00:00:02.751366",240,112.0,176.0,192.0,"",160,"","","","","add",0.002833167188325987,4,1,0.1317690079410871,831.0436414082845,0.6658329352736473,0.680606390039126,0.6965266108512879,0.10691752433776855,0.1570805162191391,226.63751220703125,1.0,0.9996765851974487,0.766988217830658,0.33584660291671753,0.12440331280231476,48.525699615478516,1.0,1.0,0.9030740857124329,0.46053338050842285,0.09576011449098587,129.21986389160156,1.0,0.8465315103530884,0.7698179483413696,0.394207239151001,0.08754266053438187,70.9437026977539,0.9366494417190552,0.8412263989448547,0.8235588073730469,0.511980265378952,0.14564359188079834,139.42897033691406,1.0,1.0,0.9526224732398987,0.5314555466175079,0.0784759446978569,101.29551696777344,0.8671116232872009,0.8656318783760071,0.8229132294654846,0.48043036460876465,0.13192172348499298,55.35411834716797,0.6441643238067627,0.7250058650970459,0.7228853106498718,0.14911103248596191,0.23701585829257965,5999.5615234375,0.47082462906837463,0.4860793352127075,0.761163592338562,-0.2627047300338745,0.13979610800743103,74.47185516357422,0.27049219608306885,0.33608192205429077,0.5241279602050781,-0.37775254249572754,0.1314743459224701,86.26978302001953,0.6334945559501648,0.6432082056999207,0.7537569403648376,0.13583171367645264,0.14754743874073029,1555.0758056640625,0.37056654691696167,0.4279346168041229,0.43639644980430603,-1.039426326751709,0.07712848484516144,635.0574340820312,0.9488527774810791,0.8603739142417908,0.7721999883651733,0.21336662769317627,0.13837920129299164,421.3105163574219,0.07737360149621964,0.21018119156360626,0.3120534121990204,-0.1258774995803833,0.1340063065290451,587.3177490234375,0.3816017806529999,0.4909142255783081,0.5765874981880188,0.1777133345603943,0.15035951137542725,2335.1845703125,0.38636255264282227,0.47625020146369934,0.5497532486915588,0.019047856330871582,10.0,0.08611925691366196,0.08416257053613663,"COMPLETE"
34,0.12890094717343648,"2025-05-16 16:05:14.499950","2025-05-16 16:05:17.294728","0 days 00:00:02.794778",240,112.0,176.0,192.0,"",144,"","","","","add",0.0013255112101721357,4,1,0.12890094717343648,786.0358670552572,0.6737071352700392,0.6908089642723402,0.6941160490115483,0.1519258936246236,0.15918757021427155,284.72564697265625,1.0,1.0,0.7904224395751953,0.3572915196418762,0.11095748841762543,59.42067337036133,1.0,1.0,0.9040098190307617,0.597935140132904,0.09640995413064957,134.05833435058594,1.0,0.8622163534164429,0.7655044198036194,0.4012424349784851,0.08823597431182861,60.10531234741211,0.9256081581115723,0.862905740737915,0.8299500346183777,0.488142192363739,0.15132832527160645,114.17137145996094,1.0,1.0,0.9563909769058228,0.49371564388275146,0.07860136032104492,85.55414581298828,0.8733957409858704,0.8654729723930359,0.8216031193733215,0.44830089807510376,0.11974126845598221,55.71127700805664,0.566555380821228,0.7286303639411926,0.7011737823486328,0.2782328128814697,0.21754132211208344,5202.6953125,0.5448172688484192,0.532925009727478,0.8053945302963257,-0.09184980392456055,0.13883076608181,77.95152282714844,0.318319708108902,0.46438443660736084,0.5668681263923645,-0.2810879945755005,0.12370643764734268,80.1983642578125,0.6393507122993469,0.6722689270973206,0.7585141658782959,0.3312142491340637,0.15248562395572662,1644.65185546875,0.3251594305038452,0.38952356576919556,0.40493044257164,-1.1778554916381836,0.07552716881036758,732.0012817382812,0.916678786277771,0.8649337887763977,0.7439221739768982,0.2945268750190735,0.137489452958107,308.360107421875,0.053845521062612534,0.11616719514131546,0.15981747210025787,-0.2459549903869629,0.13924583792686462,609.6046752929688,0.20828673243522644,0.3301001191139221,0.4593675434589386,0.08418196439743042,0.14422565698623657,2341.328125,0.7335895895957947,0.6726059913635254,0.7438716888427734,0.3008529543876648,10.0,0.08386427164077759,0.08435946702957153,"COMPLETE"
35,0.1329946458339691,"2025-05-16 16:05:17.295156","2025-05-16 16:05:20.181714","0 days 00:00:02.886558",240,112.0,192.0,208.0,"",144,"","","","","add",0.0023225008016326465,4,1,0.1329946458339691,937.2147488911946,0.6871540154019992,0.6973855286836624,0.6969239249825477,0.09085607926050822,0.15708012878894806,244.4235382080078,1.0,0.9996765851974487,0.7836771607398987,0.35575300455093384,0.1135154664516449,62.822174072265625,1.0,1.0,0.8991347551345825,0.5821831524372101,0.09683132916688919,107.59203338623047,1.0,0.8610183596611023,0.7664511203765869,0.3308810591697693,0.08860617876052856,69.7611083984375,0.8905356526374817,0.8211666345596313,0.811042308807373,0.47625917196273804,0.1469513326883316,150.6118621826172,1.0,1.0,0.9458891153335571,0.5306340157985687,0.07865820080041885,102.61259460449219,0.8950836658477783,0.89333176612854,0.8269396424293518,0.47550398111343384,0.14142602682113647,60.77418899536133,0.5901036262512207,0.6777200102806091,0.7018877267837524,0.045247793197631836,0.24658383429050446,7403.58984375,0.5269573926925659,0.48369166254997253,0.7596204280853271,-0.457560658454895,0.1378892958164215,78.54953002929688,0.4405064880847931,0.5824273824691772,0.5994364023208618,-0.1650606393814087,0.1263590306043625,82.70530700683594,0.7585433721542358,0.7270684838294983,0.820004940032959,0.36897140741348267,0.16460612416267395,2140.10107421875,0.35636138916015625,0.42311903834342957,0.4272456765174866,-1.4311726093292236,0.08229288458824158,760.21826171875,0.9305158853530884,0.9242607355117798,0.7641936540603638,0.23122912645339966,0.14599131047725677,353.72210693359375,0.04332306236028671,0.08463726937770844,0.11830099672079086,-0.31317758560180664,0.12714484333992004,436.36273193359375,0.2221442013978958,0.3876858949661255,0.5059354305267334,0.12607473134994507,0.1409837007522583,2004.3748779296875,0.6532354950904846,0.5949791073799133,0.7240995168685913,0.20707523822784424,10.0,0.08884842693805695,0.08693591505289078,"COMPLETE"
36,0.13162913918495178,"2025-05-16 16:05:20.182157","2025-05-16 16:05:23.106298","0 days 00:00:02.924141",240,112.0,224.0,208.0,"",144,"","","","","add",0.003123221010208405,4,1,0.13162913918495178,852.9177708943685,0.671562485396862,0.6928406280775865,0.6884526704748472,0.13305521607398987,0.15800029039382935,265.1148986816406,1.0,0.9996765851974487,0.7852928042411804,0.36595046520233154,0.11113026738166809,67.1645736694336,1.0,1.0,0.9034196138381958,0.6171023845672607,0.09952279180288315,94.12831115722656,1.0,0.8620253801345825,0.7688776254653931,0.3042997717857361,0.09055987745523453,79.1731185913086,0.8457032442092896,0.8366957306861877,0.8066017031669617,0.4891699552536011,0.14708369970321655,137.69732666015625,1.0,1.0,0.9562959671020508,0.51839479804039,0.07814369350671768,95.53307342529297,0.9000965356826782,0.8993453979492188,0.8614941239356995,0.48908984661102295,0.12494104355573654,54.92152404785156,0.6507208943367004,0.7075978517532349,0.7191135883331299,0.21771490573883057,0.22566765546798706,5399.0009765625,0.5046645402908325,0.492986261844635,0.7680882811546326,-0.19374895095825195,0.13798874616622925,74.81664276123047,0.38182303309440613,0.5425350069999695,0.608089804649353,-0.2313528060913086,0.12161462008953094,71.52217864990234,0.6405279040336609,0.6626917719841003,0.766110897064209,0.33663231134414673,0.15293791890144348,2006.89111328125,0.39133042097091675,0.4862214922904968,0.4501856565475464,-0.9987967014312744,0.07055798172950745,635.25927734375,0.984841525554657,0.9118070006370544,0.7692890763282776,0.3158089518547058,0.15776720643043518,433.2472229003906,0.02672261744737625,0.05079096928238869,0.10957696288824081,-0.41966938972473145,0.14142408967018127,562.9430541992188,0.3074898421764374,0.39707159996032715,0.48867446184158325,0.10915029048919678,0.1570972055196762,2816.353271484375,0.43951672315597534,0.5431643724441528,0.5656794905662537,0.07608240842819214,10.0,0.08445000648498535,0.0837840810418129,"COMPLETE"
37,0.0948098748922348,"2025-05-16 16:05:23.106765","2025-05-16 16:05:24.203805","0 days 00:00:01.097040",256,96.0,240.0,256.0,"",128,16.0,"","","","add",0.006549615888743308,4,2,"","","","","","","","","","","","","","","","","","","","","","","","","","","","","","","","","","","","","","","","","","",0.16535085439682007,75.33682250976562,0.7712136507034302,0.8252524137496948,0.8383333683013916,-0.047749996185302734,0.17668192088603973,2807.074951171875,0.6880418062210083,0.6369166374206543,0.8489974141120911,0.21932774782180786,0.12776333093643188,76.66043090820312,0.3126314878463745,0.521420955657959,0.5998573303222656,-0.05367732048034668,0.11713811755180359,45.98793029785156,0.562981367111206,0.6710898876190186,0.7546953558921814,0.21319907903671265,"","","","","","","","","","","","","","","","","","","","","","","","","","","","","","","",0.08983161300420761,0.0948098748922348,"PRUNED"
38,0.13444362431764603,"2025-05-16 16:05:24.204089","2025-05-16 16:05:27.154844","0 days 00:00:02.950755",208,112.0,224.0,208.0,"",208,"","","","","add",0.003067681273277348,4,1,0.13444362431764603,854.9115554809571,0.631476121644179,0.6562593345840771,0.6697713494300842,0.02980871597925822,0.1559450477361679,226.73428344726562,1.0,0.9996656179428101,0.779833972454071,0.34947019815444946,0.11084962636232376,67.73384094238281,1.0,1.0,0.9023544192314148,0.6144183278083801,0.09922724962234497,171.28817749023438,1.0,0.8424649238586426,0.7551981806755066,0.4191955327987671,0.08948951959609985,62.10711669921875,0.9290919899940491,0.8492715358734131,0.8189087510108948,0.49194324016571045,0.1460307240486145,136.16329956054688,1.0,1.0,0.9545109272003174,0.5137264132499695,0.08403082191944122,70.63817596435547,0.8733957409858704,0.8453546166419983,0.8465511798858643,0.3570672273635864,0.14297007024288177,58.389671325683594,0.5958585739135742,0.6482738256454468,0.6877649426460266,6.502866744995117e-05,0.23058894276618958,6507.37548828125,0.38154181838035583,0.426280677318573,0.6678832769393921,-0.22583222389221191,0.1643240749835968,122.49844360351562,0.2189667969942093,0.41337302327156067,0.4985101819038391,-0.5863823890686035,0.13002422451972961,87.57213592529297,0.6835871934890747,0.6771125197410583,0.766859769821167,0.2686508297920227,0.16850291192531586,1925.472412109375,0.3397049605846405,0.367073118686676,0.42758914828300476,-1.793968915939331,0.0717611312866211,577.8070068359375,0.8895860314369202,0.8283824324607849,0.7410059571266174,0.2871449589729309,0.15127244591712952,419.6418762207031,0.07076577097177505,0.08717725425958633,0.14199167490005493,-0.4113579988479614,0.1253216713666916,484.57855224609375,0.27582332491874695,0.487626850605011,0.5726531744003296,0.17682498693466187,0.14631590247154236,1905.6728515625,0.21381962299346924,0.3718336224555969,0.48495468497276306,-0.013834476470947266,10.0,0.08407840877771378,0.0852477103471756,"COMPLETE"
39,0.0880085751414299,"2025-05-16 16:05:27.155269","2025-05-16 16:05:28.230496","0 days 00:00:01.075227",192,80.0,240.0,128.0,"",96,112.0,"","","","add",0.0012230414229972442,4,2,"","","","","","","","","","","","","","","","","","","","","","","","","","","","","","","","","","","","","","","","","","",0.11286807060241699,40.1507453918457,0.7788355946540833,0.8205366134643555,0.8003231287002563,0.2650284171104431,0.1842886507511139,3416.95849609375,0.685741126537323,0.6776512265205383,0.8553416728973389,0.2069312334060669,0.10185132920742035,54.10028839111328,0.8519962430000305,0.8916342854499817,0.8721970319747925,0.4496615529060364,0.11741533130407333,67.48394012451172,0.5672991871833801,0.6790499091148376,0.7793262004852295,0.3807874917984009,"","","","","","","","","","","","","","","","","","","","","","","","","","","","","","","",0.08577854931354523,0.0880085751414299,"PRUNED"
40,0.1450049787759781,"2025-05-16 16:05:28.230805","2025-05-16 16:05:30.909398","0 days 00:00:02.678593",240,128.0,192.0,80.0,"",144,"","","","","add",0.011729469412034487,4,1,0.1450049787759781,736.9776893615723,0.5142797910918792,0.5523663697143396,0.5871453364690145,-0.1275107244650523,0.1806263029575348,293.6402893066406,0.5784770250320435,0.5149779319763184,0.4398622214794159,0.20698946714401245,0.18429145216941833,61.560447692871094,0.7779514789581299,0.8179105520248413,0.8527514934539795,-0.10408377647399902,0.11336435377597809,151.931640625,0.18742690980434418,0.28259921073913574,0.2967640161514282,-0.0970999002456665,0.08992203325033188,69.85079956054688,0.8833290338516235,0.818696141242981,0.8292762041091919,0.49869000911712646,0.15688425302505493,169.40037536621094,1.0,1.0,0.953093409538269,0.5271078646183014,0.08379252254962921,107.1457290649414,0.7145829796791077,0.8001658320426941,0.7978975176811218,0.4130721092224121,0.15815044939517975,61.45761489868164,0.39990201592445374,0.3555240035057068,0.4804892838001251,-0.31465983390808105,0.23114074766635895,4659.84130859375,0.5445165634155273,0.5458987355232239,0.780780553817749,-0.21813571453094482,0.15711069107055664,82.56594848632812,0.37778568267822266,0.40647074580192566,0.554608941078186,-0.49743926525115967,0.13660429418087006,52.725624084472656,0.4203641712665558,0.5615245699882507,0.6011866927146912,-0.2091444730758667,0.17243972420692444,2221.8740234375,0.26000115275382996,0.2611146867275238,0.33350038528442383,-2.0030677318573,0.07847330719232559,796.696533203125,0.9026376008987427,0.8558502793312073,0.7443506717681885,0.26728492975234985,0.16832831501960754,496.4022521972656,0.0228025671094656,0.039651479572057724,0.07995754480361938,-0.4762312173843384,0.12714412808418274,320.249755859375,0.24759934842586517,0.46092790365219116,0.525664210319519,-0.04423367977142334,0.13680210709571838,1509.322998046875,0.3968203365802765,0.5641834735870361,0.5369969010353088,0.13829034566879272,10.0,0.08914883434772491,0.08549709618091583,"COMPLETE"
41,0.08600922673940659,"2025-05-16 16:05:30.909884","2025-05-16 16:05:31.926529","0 days 00:00:01.016645",240,112.0,192.0,208.0,"",144,"","","","","add",0.002059503194419871,4,1,"","","","","","","","","","","","","","","","","","","","","","","","","","","","","","","","","","","","","","","","","","",0.12721197307109833,53.404258728027344,0.5851516723632812,0.6952372193336487,0.7479128837585449,0.19976896047592163,0.23672862350940704,6852.029296875,0.5501837730407715,0.5027589797973633,0.7778871059417725,-0.287727952003479,0.15720267593860626,85.43637084960938,0.2859525680541992,0.3256530463695526,0.560045063495636,-0.5505567789077759,0.12402636557817459,83.6879653930664,0.7077488303184509,0.7080148458480835,0.8127994537353516,0.39500337839126587,"","","","","","","","","","","","","","","","","","","","","","","","","","","","","","","",0.08498615026473999,0.08600922673940659,"PRUNED"
42,0.13589384257793427,"2025-05-16 16:05:31.926816","2025-05-16 16:05:34.847406","0 days 00:00:02.920590",256,112.0,176.0,224.0,"",192,"","","","","add",0.003031904163214462,4,1,0.13589384257793427,881.5050732930501,0.6404693226019541,0.6626484483480454,0.6817695409059524,0.02771765391031901,0.15807045996189117,270.7350158691406,1.0,1.0,0.8015090823173523,0.3685113787651062,0.1227196678519249,48.93449401855469,1.0,1.0,0.9045747518539429,0.480888307094574,0.09570929408073425,139.82916259765625,1.0,0.8621746301651001,0.7714534997940063,0.40938764810562134,0.08779095858335495,76.87335968017578,0.9020340442657471,0.8391284346580505,0.822465181350708,0.518224835395813,0.1492677479982376,122.05474090576172,1.0,1.0,0.9456061124801636,0.5021911263465881,0.07794216275215149,115.29280090332031,0.9167715907096863,0.8854430913925171,0.8629570603370667,0.5213162899017334,0.12608377635478973,51.24795913696289,0.6085151433944702,0.703069806098938,0.6952049732208252,0.14920330047607422,0.22886328399181366,6182.3681640625,0.5198684930801392,0.49189701676368713,0.7666100859642029,-0.23295021057128906,0.17064400017261505,120.53800964355469,0.16232368350028992,0.24774226546287537,0.47528961300849915,-0.8257572650909424,0.11629355698823929,69.42529296875,0.6140509843826294,0.6575515270233154,0.767900824546814,0.3394380211830139,0.1570555418729782,2001.581787109375,0.4539281129837036,0.43342000246047974,0.45850902795791626,-1.3796942234039307,0.11213783174753189,1308.1976318359375,0.8577395081520081,0.7955504655838013,0.7440093159675598,-0.09024572372436523,0.17260779440402985,551.6878051757812,0.04098568856716156,0.06953151524066925,0.11975531280040741,-0.6002470254898071,0.12895150482654572,515.7097778320312,0.19604496657848358,0.45589154958724976,0.49519386887550354,0.16660630702972412,0.1342700570821762,1648.10009765625,0.3347776234149933,0.4983264207839966,0.5955044031143188,0.08889204263687134,10.0,0.08504719287157059,0.08533326536417007,"COMPLETE"
43,0.12917804171641667,"2025-05-16 16:05:34.847846","2025-05-16 16:05:37.760377","0 days 00:00:02.912531",224,80.0,144.0,192.0,160.0,128,"","","","","add",0.0013974904758191427,5,1,0.12917804171641667,805.5464429219563,0.7175802742441495,0.7245306054751078,0.7158611764510473,0.16783596873283385,0.15602049231529236,260.0151672363281,1.0,0.9996765851974487,0.7940194010734558,0.37660902738571167,0.11212052404880524,60.349552154541016,1.0,1.0,0.9021319150924683,0.5861537754535675,0.09722556918859482,106.881103515625,1.0,0.8623126745223999,0.7749230861663818,0.3521836996078491,0.08903968334197998,74.22505950927734,0.8632099628448486,0.8278264999389648,0.8076301217079163,0.4910443425178528,0.14584168791770935,151.92355346679688,1.0,1.0,0.9469136595726013,0.5517335534095764,0.0837777778506279,68.7853012084961,0.8738223910331726,0.8607406616210938,0.8457276225090027,0.3774535655975342,0.1306556910276413,59.132259368896484,0.5715211033821106,0.7067431211471558,0.6937287449836731,0.16551798582077026,0.21925581991672516,5568.48486328125,0.5876094102859497,0.5362564325332642,0.8130583167076111,-0.08218574523925781,0.12109725177288055,62.98710250854492,0.5969513058662415,0.6218910217285156,0.6870865225791931,0.04307752847671509,0.12507955729961395,83.61864471435547,0.7377707362174988,0.7692376971244812,0.7926542162895203,0.3626050353050232,0.161700040102005,1948.13818359375,0.3533425033092499,0.40200382471084595,0.41541311144828796,-1.1008336544036865,0.08132583647966385,703.2789916992188,0.7268934845924377,0.8203369975090027,0.7221824526786804,0.2032698392868042,0.1664857268333435,505.4490051269531,0.08835723251104355,0.09472489356994629,0.1338241845369339,-0.46719300746917725,0.12089505791664124,369.1983642578125,0.500876784324646,0.5516141057014465,0.6064740419387817,0.19062763452529907,0.12714990973472595,2060.7294921875,0.863349199295044,0.814594566822052,0.8021502494812012,0.467475950717926,10.0,0.08411320298910141,0.08348090201616287,"COMPLETE"
