"number","value","datetime_start","datetime_complete","duration","params_decoder_layer_width_0","params_decoder_layer_width_1","params_decoder_layer_width_2","params_decoder_layer_width_3","params_decoder_layer_width_4","params_encoder_layer_width_0","params_encoder_layer_width_1","params_encoder_layer_width_2","params_encoder_layer_width_3","params_encoder_layer_width_4","params_graphsage_aggregator","params_lr","params_n_decoder_layers","params_n_encoder_layers","user_attrs_avg_mae","user_attrs_avg_mape","user_attrs_avg_ndcg10","user_attrs_avg_ndcg20","user_attrs_avg_ndcg50","user_attrs_avg_r2","user_attrs_fold10_mae","user_attrs_fold10_mape","user_attrs_fold10_ndcg10","user_attrs_fold10_ndcg20","user_attrs_fold10_ndcg50","user_attrs_fold10_r2","user_attrs_fold11_mae","user_attrs_fold11_mape","user_attrs_fold11_ndcg10","user_attrs_fold11_ndcg20","user_attrs_fold11_ndcg50","user_attrs_fold11_r2","user_attrs_fold12_mae","user_attrs_fold12_mape","user_attrs_fold12_ndcg10","user_attrs_fold12_ndcg20","user_attrs_fold12_ndcg50","user_attrs_fold12_r2","user_attrs_fold13_mae","user_attrs_fold13_mape","user_attrs_fold13_ndcg10","user_attrs_fold13_ndcg20","user_attrs_fold13_ndcg50","user_attrs_fold13_r2","user_attrs_fold14_mae","user_attrs_fold14_mape","user_attrs_fold14_ndcg10","user_attrs_fold14_ndcg20","user_attrs_fold14_ndcg50","user_attrs_fold14_r2","user_attrs_fold15_mae","user_attrs_fold15_mape","user_attrs_fold15_ndcg10","user_attrs_fold15_ndcg20","user_attrs_fold15_ndcg50","user_attrs_fold15_r2","user_attrs_fold1_mae","user_attrs_fold1_mape","user_attrs_fold1_ndcg10","user_attrs_fold1_ndcg20","user_attrs_fold1_ndcg50","user_attrs_fold1_r2","user_attrs_fold2_mae","user_attrs_fold2_mape","user_attrs_fold2_ndcg10","user_attrs_fold2_ndcg20","user_attrs_fold2_ndcg50","user_attrs_fold2_r2","user_attrs_fold3_mae","user_attrs_fold3_mape","user_attrs_fold3_ndcg10","user_attrs_fold3_ndcg20","user_attrs_fold3_ndcg50","user_attrs_fold3_r2","user_attrs_fold4_mae","user_attrs_fold4_mape","user_attrs_fold4_ndcg10","user_attrs_fold4_ndcg20","user_attrs_fold4_ndcg50","user_attrs_fold4_r2","user_attrs_fold5_mae","user_attrs_fold5_mape","user_attrs_fold5_ndcg10","user_attrs_fold5_ndcg20","user_attrs_fold5_ndcg50","user_attrs_fold5_r2","user_attrs_fold6_mae","user_attrs_fold6_mape","user_attrs_fold6_ndcg10","user_attrs_fold6_ndcg20","user_attrs_fold6_ndcg50","user_attrs_fold6_r2","user_attrs_fold7_mae","user_attrs_fold7_mape","user_attrs_fold7_ndcg10","user_attrs_fold7_ndcg20","user_attrs_fold7_ndcg50","user_attrs_fold7_r2","user_attrs_fold8_mae","user_attrs_fold8_mape","user_attrs_fold8_ndcg10","user_attrs_fold8_ndcg20","user_attrs_fold8_ndcg50","user_attrs_fold8_r2","user_attrs_fold9_mae","user_attrs_fold9_mape","user_attrs_fold9_ndcg10","user_attrs_fold9_ndcg20","user_attrs_fold9_ndcg50","user_attrs_fold9_r2","user_attrs_pca_components","system_attrs_completed_rung_0","system_attrs_completed_rung_1","state"
78,0.08559244126081467,"2025-05-16 16:06:24.665519","2025-05-16 16:06:25.665215","0 days 00:00:00.999696",176,176.0,192.0,256.0,176.0,32,"","","","","add",0.0008367739986559992,5,1,"","","","","","","","","","","","","","","","","","","","","","","","","","","","","","","","","","","","","","","","","","",0.12884990870952606,51.44370651245117,0.5733383893966675,0.6615831255912781,0.6841044425964355,0.10219341516494751,0.222548708319664,5490.76025390625,0.5730875134468079,0.5661112070083618,0.812268853187561,-0.09759747982025146,0.13403107225894928,59.83089065551758,0.5886136293411255,0.5951512455940247,0.6945494413375854,-0.14908134937286377,0.11504732072353363,66.83588409423828,0.6759465932846069,0.7456038594245911,0.8080050945281982,0.414692759513855,"","","","","","","","","","","","","","","","","","","","","","","","","","","","","","","",0.0828251838684082,0.08559244126081467,"PRUNED"
79,0.08680520206689835,"2025-05-16 16:06:25.665488","2025-05-16 16:06:26.130928","0 days 00:00:00.465440",144,160.0,192.0,48.0,240.0,96,64.0,16.0,"","","add",0.00141487220015094,5,3,"","","","","","","","","","","","","","","","","","","","","","","","","","","","","","","","","","","","","","","","","","",0.10497716069221497,36.87647247314453,0.7148264050483704,0.771970272064209,0.8461155295372009,0.33002525568008423,"","","","","","","","","","","","","","","","","","","","","","","","","","","","","","","","","","","","","","","","","","","","","","","","","",0.08680520206689835,"","PRUNED"
80,0.10423966497182846,"2025-05-16 16:06:26.131208","2025-05-16 16:06:26.628971","0 days 00:00:00.497763",128,128.0,224.0,224.0,208.0,64,160.0,"","","","mean",0.0021186215023758516,5,2,"","","","","","","","","","","","","","","","","","","","","","","","","","","","","","","","","","","","","","","","","","",0.1575208306312561,58.659088134765625,0.7559284567832947,0.6842119693756104,0.7130869626998901,-0.28182411193847656,"","","","","","","","","","","","","","","","","","","","","","","","","","","","","","","","","","","","","","","","","","","","","","","","","",0.10423966497182846,"","PRUNED"
81,0.08510168641805649,"2025-05-16 16:06:26.629243","2025-05-16 16:06:27.690729","0 days 00:00:01.061486",160,144.0,240.0,240.0,224.0,64,"","","","","add",0.0011055606604915248,5,1,"","","","","","","","","","","","","","","","","","","","","","","","","","","","","","","","","","","","","","","","","","",0.13084149360656738,59.58979797363281,0.6363867521286011,0.7123425006866455,0.7079545259475708,0.09595942497253418,0.22066497802734375,5474.7763671875,0.5715991854667664,0.5305711627006531,0.8046999573707581,-0.13714754581451416,0.14182963967323303,72.34362030029297,0.2659103572368622,0.3296721279621124,0.5448423624038696,-0.40351128578186035,0.1221345067024231,87.8001480102539,0.7402688264846802,0.767953634262085,0.7964112162590027,0.42491471767425537,"","","","","","","","","","","","","","","","","","","","","","","","","","","","","","","",0.08438979089260101,0.08510168641805649,"PRUNED"
82,0.08339419215917587,"2025-05-16 16:06:27.691005","2025-05-16 16:06:28.781895","0 days 00:00:01.090890",160,144.0,240.0,256.0,240.0,112,"","","","","add",0.0008379484493473214,5,1,"","","","","","","","","","","","","","","","","","","","","","","","","","","","","","","","","","","","","","","","","","",0.13294869661331177,52.49961471557617,0.5558146238327026,0.621863067150116,0.6767666339874268,0.06870633363723755,0.21339692175388336,5101.6552734375,0.5327188372612,0.5174622535705566,0.7930417656898499,-0.07005846500396729,0.12497884780168533,59.871437072753906,0.6498358845710754,0.6673845648765564,0.6939172744750977,-0.011838436126708984,0.11698183417320251,71.1653060913086,0.6792905330657959,0.7644493579864502,0.7779644131660461,0.4323464632034302,"","","","","","","","","","","","","","","","","","","","","","","","","","","","","","","",0.0833793580532074,0.08339419215917587,"PRUNED"
83,0.1257087767124176,"2025-05-16 16:06:28.782191","2025-05-16 16:06:31.901343","0 days 00:00:03.119152",208,160.0,224.0,224.0,224.0,48,"","","","","add",0.00163424698820335,5,1,0.1257087767124176,700.8535280863445,0.7009755733112494,0.6997977450489998,0.714645603299141,0.21584083239237467,0.15814512968063354,288.4698791503906,1.0,1.0,0.8026469945907593,0.3767305612564087,0.11453782767057419,58.93270492553711,1.0,1.0,0.898980438709259,0.5809731483459473,0.09953457862138748,91.17000579833984,1.0,0.8623514771461487,0.7759521007537842,0.2901255488395691,0.09199453145265579,86.19159698486328,0.8607686758041382,0.8212108612060547,0.7901887893676758,0.4720735549926758,0.14656536281108856,134.65753173828125,1.0,1.0,0.9487656950950623,0.5366130471229553,0.07969698309898376,89.89883422851562,0.8886116147041321,0.8251652717590332,0.8481819033622742,0.46381038427352905,0.11876772344112396,51.834571838378906,0.6274562478065491,0.7221259474754333,0.7607110142707825,0.31605666875839233,0.2049424797296524,4873.0849609375,0.5976729393005371,0.5865620374679565,0.8201640248298645,0.021532118320465088,0.14180652797222137,88.58355712890625,0.2358735054731369,0.3711925446987152,0.5680645704269409,-0.34373581409454346,0.12918996810913086,84.56100463867188,0.703536331653595,0.6811532378196716,0.7465705871582031,0.3577679395675659,0.13028274476528168,1458.7706298828125,0.4077232778072357,0.40163812041282654,0.46074873208999634,-0.4610145092010498,0.06674034148454666,383.1885986328125,0.851685106754303,0.8743810057640076,0.7280601859092712,0.23350179195404053,0.1433597058057785,390.91583251953125,0.05569221451878548,0.08996929973363876,0.23975495994091034,-0.22286689281463623,0.14150328934192657,609.568115234375,0.42109939455986023,0.48486730456352234,0.5185030698776245,0.1568858027458191,0.11856445670127869,1822.97509765625,0.8645142912864685,0.7763490676879883,0.8123909831047058,0.45915913581848145,10.0,0.08089971542358398,0.0806414783000946,"COMPLETE"
84,0.08732632547616959,"2025-05-16 16:06:31.901802","2025-05-16 16:06:32.997356","0 days 00:00:01.095554",208,192.0,208.0,224.0,256.0,16,"","","","","add",0.001674774588814778,5,1,"","","","","","","","","","","","","","","","","","","","","","","","","","","","","","","","","","","","","","","","","","",0.1323654055595398,60.5704231262207,0.5316450595855713,0.6420242786407471,0.6919043660163879,0.12702590227127075,0.2127855271100998,4560.412109375,0.4882937967777252,0.5277211666107178,0.7614235281944275,-0.08687961101531982,0.12594915926456451,68.0387954711914,0.7832959294319153,0.7944918870925903,0.7721050977706909,0.06250548362731934,0.12224486470222473,74.04945373535156,0.6570956707000732,0.6830520033836365,0.7630248069763184,0.3369694948196411,"","","","","","","","","","","","","","","","","","","","","","","","","","","","","","","",0.08326588571071625,0.08732632547616959,"PRUNED"
85,0.12471209814151128,"2025-05-16 16:06:32.997667","2025-05-16 16:06:36.214583","0 days 00:00:03.216916",208,208.0,208.0,256.0,192.0,48,"","","","","add",0.002350982707988608,5,1,0.12471209814151128,582.7239560445149,0.6981369194885095,0.6981940098106861,0.701559084157149,0.1975054184595744,0.15601198375225067,238.70835876464844,1.0,0.9996656179428101,0.8573615550994873,0.363869845867157,0.1142348125576973,55.08505630493164,1.0,1.0,0.9011560082435608,0.568527102470398,0.09538540989160538,117.647705078125,1.0,0.8704654574394226,0.7974409461021423,0.3848907947540283,0.08956335484981537,78.29387664794922,0.8137142658233643,0.816630482673645,0.8166182637214661,0.49747931957244873,0.1464240700006485,173.86045837402344,1.0,1.0,0.9718496203422546,0.5759063959121704,0.07887642830610275,85.63607788085938,0.8905061483383179,0.8378002047538757,0.8254773020744324,0.46093595027923584,0.1297980397939682,57.07234573364258,0.634402334690094,0.6885190606117249,0.7340788841247559,0.17921382188796997,0.1958034336566925,3497.478759765625,0.6229079961776733,0.5892358422279358,0.8339616656303406,0.05988234281539917,0.140339195728302,61.33302307128906,0.4132624864578247,0.4198441803455353,0.5902155637741089,-0.403409481048584,0.11899100989103317,60.85018539428711,0.714449942111969,0.7241598963737488,0.7396142482757568,0.3148285150527954,0.13502678275108337,1341.021484375,0.3812417984008789,0.3720008134841919,0.3879792392253876,-0.5179557800292969,0.066808320581913,535.5743408203125,0.8785892128944397,0.8395728468894958,0.7327417135238647,0.29866427183151245,0.15706497430801392,522.4068603515625,0.02840558812022209,0.05736107751727104,0.10665016621351242,-0.2591075897216797,0.1317170113325119,448.47528076171875,0.2308126538991928,0.46992772817611694,0.5135574340820312,0.08690440654754639,0.11463664472103119,1467.41552734375,0.8637613654136658,0.7877269387245178,0.7146836519241333,0.35195136070251465,10.0,0.08367868512868881,0.08130495995283127,"COMPLETE"
86,0.13134155372778575,"2025-05-16 16:06:36.215053","2025-05-16 16:06:39.365488","0 days 00:00:03.150435",208,224.0,224.0,256.0,192.0,48,"","","","","add",0.002305564173985098,5,1,0.13134155372778575,881.1778989156087,0.6807537073890368,0.7115141948064169,0.7008546570936839,0.13434065381685892,0.15736502408981323,276.4424133300781,1.0,0.9996656179428101,0.7959084510803223,0.361097514629364,0.1155526340007782,65.22246551513672,1.0,1.0,0.8969816565513611,0.5925870835781097,0.09512081742286682,127.49383544921875,1.0,0.8618043065071106,0.7843810319900513,0.40639376640319824,0.0915261059999466,63.12325668334961,0.8425994515419006,0.8324452042579651,0.8079241514205933,0.44564276933670044,0.1442299336194992,139.97386169433594,1.0,1.0,0.9491090178489685,0.5516800284385681,0.07904127240180969,83.06785583496094,0.8738223910331726,0.8680841326713562,0.8201800584793091,0.46466732025146484,0.13623680174350739,66.27342987060547,0.6107317209243774,0.6783724427223206,0.6867703199386597,0.13847488164901733,0.22116586565971375,6519.4296875,0.5035632252693176,0.6092640161514282,0.8004142642021179,-0.10085928440093994,0.13412487506866455,71.49781036376953,0.5853934288024902,0.610137403011322,0.6549707055091858,-0.0731964111328125,0.12286500632762909,73.93146514892578,0.7202039361000061,0.7601022124290466,0.7828503847122192,0.339671790599823,0.15853877365589142,1757.9508056640625,0.24963124096393585,0.32143422961235046,0.3624051809310913,-1.4384307861328125,0.07702437043190002,712.7010498046875,0.9478589296340942,0.8353444337844849,0.7619068026542664,0.2726747989654541,0.15359938144683838,511.93585205078125,0.04428935796022415,0.20844793319702148,0.2944321930408478,-0.16767418384552002,0.13842450082302094,557.5106811523438,0.33849456906318665,0.48285868763923645,0.49230682849884033,0.07986849546432495,0.14530794322490692,2191.114013671875,0.4947173595428467,0.6047523021697998,0.6222788095474243,0.1425120234489441,10.0,0.07980063557624817,0.08117076754570007,"COMPLETE"
87,0.08368286490440369,"2025-05-16 16:06:39.365939","2025-05-16 16:06:40.450865","0 days 00:00:01.084926",192,224.0,208.0,256.0,208.0,32,"","","","","add",0.0015651821939938653,5,1,"","","","","","","","","","","","","","","","","","","","","","","","","","","","","","","","","","","","","","","","","","",0.1176644042134285,50.51679611206055,0.6910715103149414,0.72388756275177,0.8000673651695251,0.31935232877731323,0.19567622244358063,3715.261474609375,0.6002169847488403,0.633414626121521,0.8271565437316895,0.059370458126068115,0.1400173157453537,74.26443481445312,0.566364049911499,0.541022002696991,0.6220952272415161,-0.19001233577728271,0.13454844057559967,93.8644027709961,0.8008667826652527,0.7565928101539612,0.7825558185577393,0.32904744148254395,"","","","","","","","","","","","","","","","","","","","","","","","","","","","","","","",0.08337211608886719,0.08368286490440369,"PRUNED"
88,0.09995023906230927,"2025-05-16 16:06:40.451140","2025-05-16 16:06:40.912057","0 days 00:00:00.460917",208,208.0,224.0,240.0,176.0,48,"","","","","max",0.0006568117396026702,5,1,"","","","","","","","","","","","","","","","","","","","","","","","","","","","","","","","","","","","","","","","","","",0.1295367330312729,48.36722183227539,0.7133051156997681,0.6991508603096008,0.8123986124992371,0.07088011503219604,"","","","","","","","","","","","","","","","","","","","","","","","","","","","","","","","","","","","","","","","","","","","","","","","","",0.09995023906230927,"","PRUNED"
89,0.08356954902410507,"2025-05-16 16:06:40.912323","2025-05-16 16:06:41.970157","0 days 00:00:01.057834",176,176.0,208.0,224.0,240.0,32,"","","","","add",0.001029216087916059,5,1,"","","","","","","","","","","","","","","","","","","","","","","","","","","","","","","","","","","","","","","","","","",0.13765403628349304,53.194583892822266,0.5745617151260376,0.6481702923774719,0.6931852698326111,-0.005828380584716797,0.21827612817287445,5854.00732421875,0.42537590861320496,0.404977947473526,0.6737770438194275,-0.10828208923339844,0.12891970574855804,60.98411560058594,0.35445550084114075,0.5694841146469116,0.6129915118217468,-0.11956632137298584,0.12216120958328247,67.02433013916016,0.6668322682380676,0.7147809863090515,0.7667039036750793,0.3169921040534973,"","","","","","","","","","","","","","","","","","","","","","","","","","","","","","","",0.08282838761806488,0.08356954902410507,"PRUNED"
90,0.09046608954668045,"2025-05-16 16:06:41.970439","2025-05-16 16:06:42.415824","0 days 00:00:00.445385",112,208.0,192.0,256.0,224.0,48,"","","","","add",0.00046829197090411407,5,1,"","","","","","","","","","","","","","","","","","","","","","","","","","","","","","","","","","","","","","","","","","",0.1301509439945221,58.49933624267578,0.618636965751648,0.6708566546440125,0.7117140889167786,0.11300641298294067,"","","","","","","","","","","","","","","","","","","","","","","","","","","","","","","","","","","","","","","","","","","","","","","","","",0.09046608954668045,"","PRUNED"
91,0.08333601802587509,"2025-05-16 16:06:42.416087","2025-05-16 16:06:43.523828","0 days 00:00:01.107741",224,160.0,208.0,240.0,176.0,112,"","","","","add",0.0013124658499927113,5,1,"","","","","","","","","","","","","","","","","","","","","","","","","","","","","","","","","","","","","","","","","","",0.12719973921775818,62.886898040771484,0.6437509059906006,0.69437575340271,0.7086590528488159,0.2254701852798462,0.2034531682729721,4483.1748046875,0.5982039570808411,0.6164114475250244,0.821704089641571,-0.004961729049682617,0.13309556245803833,69.20372009277344,0.3524351418018341,0.5239232778549194,0.5942232608795166,-0.21655750274658203,0.12571261823177338,78.43653869628906,0.6777124404907227,0.6505091786384583,0.7574058175086975,0.2994305491447449,"","","","","","","","","","","","","","","","","","","","","","","","","","","","","","","",0.08323878794908524,0.08333601802587509,"PRUNED"
92,0.12714257091283798,"2025-05-16 16:06:43.524107","2025-05-16 16:06:46.670200","0 days 00:00:03.146093",224,176.0,160.0,176.0,208.0,80,"","","","","add",0.002470917789811645,5,1,0.12714257091283798,762.8341453552246,0.6892093295852343,0.6978181093931198,0.706966350475947,0.20562047759691873,0.15960285067558289,250.00274658203125,1.0,0.9996656179428101,0.7800904512405396,0.34786856174468994,0.11377667635679245,54.753231048583984,1.0,1.0,0.9091323614120483,0.5641493797302246,0.0956280529499054,124.23666381835938,1.0,0.8622596859931946,0.7843575477600098,0.3962613344192505,0.08916711062192917,73.70469665527344,0.8080429434776306,0.8432102203369141,0.8216347694396973,0.4924619793891907,0.1431450992822647,130.29837036132812,1.0,1.0,0.9450929164886475,0.5491439998149872,0.07767663896083832,97.56143951416016,0.8905061483383179,0.84248948097229,0.8295201659202576,0.48793017864227295,0.13219936192035675,55.33708190917969,0.5322795510292053,0.6267393827438354,0.7427987456321716,0.14619934558868408,0.2150796353816986,5497.029296875,0.5946420431137085,0.5532526969909668,0.8134220838546753,-0.06630516052246094,0.13943256437778473,73.1378173828125,0.5012875199317932,0.536843478679657,0.6014611124992371,-0.20727992057800293,0.12390437722206116,77.310791015625,0.7960758209228516,0.7618022561073303,0.8020670413970947,0.35664814710617065,0.1281299591064453,1303.9801025390625,0.401933491230011,0.3799505829811096,0.39402493834495544,-0.4046517610549927,0.0907767191529274,943.506591796875,0.938094437122345,0.9560438394546509,0.7564886212348938,0.12845933437347412,0.13357749581336975,319.1847839355469,0.11727004498243332,0.1442255824804306,0.32794374227523804,-0.1160440444946289,0.13161274790763855,532.7933959960938,0.19629383087158203,0.3506236970424652,0.4873688220977783,0.13001775741577148,0.13342927396297455,1909.6751708984375,0.5617141127586365,0.6101651191711426,0.6090919375419617,0.2794480323791504,10.0,0.08334854990243912,0.08227584511041641,"COMPLETE"
93,0.08461582660675049,"2025-05-16 16:06:46.670662","2025-05-16 16:06:47.124776","0 days 00:00:00.454114",208,176.0,176.0,176.0,208.0,80,"","","","","add",0.0024645463033920907,5,1,"","","","","","","","","","","","","","","","","","","","","","","","","","","","","","","","","","","","","","","","","","",0.12806981801986694,52.84307098388672,0.6170893907546997,0.7060070037841797,0.7314707040786743,0.16670900583267212,"","","","","","","","","","","","","","","","","","","","","","","","","","","","","","","","","","","","","","","","","","","","","","","","","",0.08461582660675049,"","PRUNED"
