"number","value","datetime_start","datetime_complete","duration","params_decoder_layer_width_0","params_decoder_layer_width_1","params_decoder_layer_width_2","params_decoder_layer_width_3","params_decoder_layer_width_4","params_encoder_layer_width_0","params_encoder_layer_width_1","params_encoder_layer_width_2","params_encoder_layer_width_3","params_encoder_layer_width_4","params_graphsage_aggregator","params_lr","params_n_decoder_layers","params_n_encoder_layers","user_attrs_avg_mae","user_attrs_avg_mape","user_attrs_avg_ndcg10","user_attrs_avg_ndcg20","user_attrs_avg_ndcg50","user_attrs_avg_r2","user_attrs_fold10_mae","user_attrs_fold10_mape","user_attrs_fold10_ndcg10","user_attrs_fold10_ndcg20","user_attrs_fold10_ndcg50","user_attrs_fold10_r2","user_attrs_fold11_mae","user_attrs_fold11_mape","user_attrs_fold11_ndcg10","user_attrs_fold11_ndcg20","user_attrs_fold11_ndcg50","user_attrs_fold11_r2","user_attrs_fold12_mae","user_attrs_fold12_mape","user_attrs_fold12_ndcg10","user_attrs_fold12_ndcg20","user_attrs_fold12_ndcg50","user_attrs_fold12_r2","user_attrs_fold13_mae","user_attrs_fold13_mape","user_attrs_fold13_ndcg10","user_attrs_fold13_ndcg20","user_attrs_fold13_ndcg50","user_attrs_fold13_r2","user_attrs_fold14_mae","user_attrs_fold14_mape","user_attrs_fold14_ndcg10","user_attrs_fold14_ndcg20","user_attrs_fold14_ndcg50","user_attrs_fold14_r2","user_attrs_fold15_mae","user_attrs_fold15_mape","user_attrs_fold15_ndcg10","user_attrs_fold15_ndcg20","user_attrs_fold15_ndcg50","user_attrs_fold15_r2","user_attrs_fold1_mae","user_attrs_fold1_mape","user_attrs_fold1_ndcg10","user_attrs_fold1_ndcg20","user_attrs_fold1_ndcg50","user_attrs_fold1_r2","user_attrs_fold2_mae","user_attrs_fold2_mape","user_attrs_fold2_ndcg10","user_attrs_fold2_ndcg20","user_attrs_fold2_ndcg50","user_attrs_fold2_r2","user_attrs_fold3_mae","user_attrs_fold3_mape","user_attrs_fold3_ndcg10","user_attrs_fold3_ndcg20","user_attrs_fold3_ndcg50","user_attrs_fold3_r2","user_attrs_fold4_mae","user_attrs_fold4_mape","user_attrs_fold4_ndcg10","user_attrs_fold4_ndcg20","user_attrs_fold4_ndcg50","user_attrs_fold4_r2","user_attrs_fold5_mae","user_attrs_fold5_mape","user_attrs_fold5_ndcg10","user_attrs_fold5_ndcg20","user_attrs_fold5_ndcg50","user_attrs_fold5_r2","user_attrs_fold6_mae","user_attrs_fold6_mape","user_attrs_fold6_ndcg10","user_attrs_fold6_ndcg20","user_attrs_fold6_ndcg50","user_attrs_fold6_r2","user_attrs_fold7_mae","user_attrs_fold7_mape","user_attrs_fold7_ndcg10","user_attrs_fold7_ndcg20","user_attrs_fold7_ndcg50","user_attrs_fold7_r2","user_attrs_fold8_mae","user_attrs_fold8_mape","user_attrs_fold8_ndcg10","user_attrs_fold8_ndcg20","user_attrs_fold8_ndcg50","user_attrs_fold8_r2","user_attrs_fold9_mae","user_attrs_fold9_mape","user_attrs_fold9_ndcg10","user_attrs_fold9_ndcg20","user_attrs_fold9_ndcg50","user_attrs_fold9_r2","user_attrs_pca_components","system_attrs_completed_rung_0","system_attrs_completed_rung_1","state"
94,0.12955344418684642,"2025-05-16 16:06:47.125082","2025-05-16 16:06:50.212485","0 days 00:00:03.087403",192,160.0,224.0,144.0,192.0,80,"","","","","add",0.0020309137264610884,5,1,0.12955344418684642,803.8812014261881,0.6953471675515175,0.7046625564495722,0.7047998348871867,0.14656978050867717,0.16000184416770935,282.291259765625,1.0,0.9996765851974487,0.798048734664917,0.35239994525909424,0.11485938727855682,56.2730712890625,1.0,1.0,0.9077693819999695,0.5634516775608063,0.09617490321397781,113.52005004882812,1.0,0.861668586730957,0.7707409262657166,0.3677327036857605,0.09238479286432266,90.67733001708984,0.9292643666267395,0.8441851139068604,0.8411683440208435,0.4856839179992676,0.14762620627880096,152.35108947753906,1.0,1.0,0.9549608826637268,0.5519184768199921,0.07775293290615082,98.24613952636719,0.8905061483383179,0.8401086330413818,0.8224582672119141,0.49996572732925415,0.12422673404216766,58.6822509765625,0.6255983710289001,0.6764400601387024,0.7853444814682007,0.27486109733581543,0.2296401560306549,5403.685546875,0.5496471524238586,0.5434529781341553,0.8061466217041016,-0.11205041408538818,0.13706909120082855,62.14558410644531,0.5697155594825745,0.6633310914039612,0.6885079145431519,-0.18649232387542725,0.10897554457187653,60.44961166381836,0.7011607885360718,0.7025750875473022,0.7686201930046082,0.4342656135559082,0.15932457149028778,1771.0704345703125,0.22689048945903778,0.30206748843193054,0.35521823167800903,-1.3896968364715576,0.09132854640483856,1039.80224609375,0.9491071701049805,0.9637465476989746,0.7545719742774963,0.18399858474731445,0.1375715732574463,359.9898376464844,0.07623846083879471,0.10312201082706451,0.156254380941391,-0.19443655014038086,0.14080695807933807,550.0230712890625,0.27877292037010193,0.4223153591156006,0.4733205735683441,0.03350776433944702,0.12555842101573944,1959.010498046875,0.633306086063385,0.6472488045692444,0.6888666152954102,0.33343732357025146,10.0,0.08272887021303177,0.08100467920303345,"COMPLETE"
95,0.1291580374042193,"2025-05-16 16:06:50.212942","2025-05-16 16:06:53.343190","0 days 00:00:03.130248",144,192.0,160.0,208.0,224.0,96,"","","","","add",0.0017605144468777253,5,1,0.1291580374042193,828.3085606892904,0.7331590078771114,0.7304291680455208,0.7247399310270946,0.16384700536727906,0.15550512075424194,220.5995330810547,1.0,0.9996656179428101,0.7802911400794983,0.343375563621521,0.11484954506158829,54.04254150390625,1.0,1.0,0.9089823365211487,0.5641162693500519,0.0947439894080162,126.27635955810547,1.0,0.8638928532600403,0.783204197883606,0.4063667058944702,0.0886407196521759,74.82080078125,0.9079097509384155,0.8403127193450928,0.8242791891098022,0.5116365849971771,0.14693419635295868,122.88243865966797,1.0,1.0,0.9352215528488159,0.5259955525398254,0.07922261953353882,86.55128479003906,0.9016558527946472,0.8715342879295349,0.8589634895324707,0.452193021774292,0.12844941020011902,60.25493621826172,0.5812737941741943,0.6684044003486633,0.7595083117485046,0.24031609296798706,0.22791564464569092,5849.6171875,0.5427855849266052,0.5426974296569824,0.8049681782722473,-0.1890033483505249,0.14189843833446503,64.28143310546875,0.4418448507785797,0.5851085186004639,0.585437536239624,-0.28820180892944336,0.12863749265670776,81.58375549316406,0.7623720169067383,0.7540811896324158,0.8207221031188965,0.30375295877456665,0.15545561909675598,2025.1304931640625,0.3682793974876404,0.45100173354148865,0.42749008536338806,-1.1119661331176758,0.06592448800802231,439.4659423828125,0.9513453245162964,0.9270039796829224,0.7823053598403931,0.29053449630737305,0.14324542880058289,402.041259765625,0.05272090807557106,0.10441353172063828,0.2813549041748047,-0.2351282835006714,0.13861078023910522,611.7908935546875,0.5778728723526001,0.4995616674423218,0.5655412673950195,0.19223016500473022,0.12733706831932068,2205.28955078125,0.9093247652053833,0.8487595915794373,0.7528293132781982,0.4514872431755066,10.0,0.08176219463348389,0.08156367391347885,"COMPLETE"
96,0.08429208397865295,"2025-05-16 16:06:53.343646","2025-05-16 16:06:53.792406","0 days 00:00:00.448760",224,208.0,176.0,256.0,208.0,64,"","","","","add",0.002836234716337283,5,1,"","","","","","","","","","","","","","","","","","","","","","","","","","","","","","","","","","","","","","","","","","",0.1321452409029007,64.02894592285156,0.6767770648002625,0.7094386219978333,0.693131148815155,0.10375398397445679,"","","","","","","","","","","","","","","","","","","","","","","","","","","","","","","","","","","","","","","","","","","","","","","","","",0.08429208397865295,"","PRUNED"
97,0.08662406355142593,"2025-05-16 16:06:53.792673","2025-05-16 16:06:54.243230","0 days 00:00:00.450557",208,160.0,192.0,240.0,240.0,48,"","","","","add",0.0009283366924290706,5,1,"","","","","","","","","","","","","","","","","","","","","","","","","","","","","","","","","","","","","","","","","","",0.12326101958751678,51.346092224121094,0.6649901270866394,0.7269250750541687,0.7312051653862,0.20993995666503906,"","","","","","","","","","","","","","","","","","","","","","","","","","","","","","","","","","","","","","","","","","","","","","","","","",0.08662406355142593,"","PRUNED"
98,0.08574463427066803,"2025-05-16 16:06:54.243497","2025-05-16 16:06:55.355040","0 days 00:00:01.111543",224,128.0,224.0,256.0,256.0,80,"","","","","add",0.0050423281592466025,5,1,"","","","","","","","","","","","","","","","","","","","","","","","","","","","","","","","","","","","","","","","","","",0.12953579425811768,55.394554138183594,0.6441643238067627,0.7208893895149231,0.779258668422699,0.21295815706253052,0.2347915768623352,5987.2763671875,0.5190892815589905,0.5339311361312866,0.7939534187316895,-0.19927573204040527,0.14838004112243652,68.41868591308594,0.33497756719589233,0.4628349244594574,0.5627044439315796,-0.4503662586212158,0.12616762518882751,77.21277618408203,0.6912657022476196,0.6963679790496826,0.7934310436248779,0.3371485471725464,"","","","","","","","","","","","","","","","","","","","","","","","","","","","","","","",0.08171512186527252,0.08574463427066803,"PRUNED"
99,0.08843810856342316,"2025-05-16 16:06:55.355341","2025-05-16 16:06:55.817087","0 days 00:00:00.461746",192,144.0,160.0,224.0,"",240,48.0,"","","","add",0.0035980530495502688,4,2,"","","","","","","","","","","","","","","","","","","","","","","","","","","","","","","","","","","","","","","","","","",0.11750055849552155,42.853336334228516,0.8079317808151245,0.8203079104423523,0.8724209070205688,0.2549670338630676,"","","","","","","","","","","","","","","","","","","","","","","","","","","","","","","","","","","","","","","","","","","","","","","","","",0.08843810856342316,"","PRUNED"
