"number","value","datetime_start","datetime_complete","duration","params_decoder_layer_width_0","params_decoder_layer_width_1","params_decoder_layer_width_2","params_decoder_layer_width_3","params_decoder_layer_width_4","params_encoder_layer_width_0","params_encoder_layer_width_1","params_encoder_layer_width_2","params_encoder_layer_width_3","params_encoder_layer_width_4","params_lr","params_n_decoder_layers","params_n_encoder_layers","user_attrs_avg_mae","user_attrs_avg_mape","user_attrs_avg_ndcg10","user_attrs_avg_ndcg20","user_attrs_avg_ndcg50","user_attrs_avg_r2","user_attrs_fold10_mae","user_attrs_fold10_mape","user_attrs_fold10_ndcg10","user_attrs_fold10_ndcg20","user_attrs_fold10_ndcg50","user_attrs_fold10_r2","user_attrs_fold11_mae","user_attrs_fold11_mape","user_attrs_fold11_ndcg10","user_attrs_fold11_ndcg20","user_attrs_fold11_ndcg50","user_attrs_fold11_r2","user_attrs_fold12_mae","user_attrs_fold12_mape","user_attrs_fold12_ndcg10","user_attrs_fold12_ndcg20","user_attrs_fold12_ndcg50","user_attrs_fold12_r2","user_attrs_fold13_mae","user_attrs_fold13_mape","user_attrs_fold13_ndcg10","user_attrs_fold13_ndcg20","user_attrs_fold13_ndcg50","user_attrs_fold13_r2","user_attrs_fold14_mae","user_attrs_fold14_mape","user_attrs_fold14_ndcg10","user_attrs_fold14_ndcg20","user_attrs_fold14_ndcg50","user_attrs_fold14_r2","user_attrs_fold15_mae","user_attrs_fold15_mape","user_attrs_fold15_ndcg10","user_attrs_fold15_ndcg20","user_attrs_fold15_ndcg50","user_attrs_fold15_r2","user_attrs_fold1_mae","user_attrs_fold1_mape","user_attrs_fold1_ndcg10","user_attrs_fold1_ndcg20","user_attrs_fold1_ndcg50","user_attrs_fold1_r2","user_attrs_fold2_mae","user_attrs_fold2_mape","user_attrs_fold2_ndcg10","user_attrs_fold2_ndcg20","user_attrs_fold2_ndcg50","user_attrs_fold2_r2","user_attrs_fold3_mae","user_attrs_fold3_mape","user_attrs_fold3_ndcg10","user_attrs_fold3_ndcg20","user_attrs_fold3_ndcg50","user_attrs_fold3_r2","user_attrs_fold4_mae","user_attrs_fold4_mape","user_attrs_fold4_ndcg10","user_attrs_fold4_ndcg20","user_attrs_fold4_ndcg50","user_attrs_fold4_r2","user_attrs_fold5_mae","user_attrs_fold5_mape","user_attrs_fold5_ndcg10","user_attrs_fold5_ndcg20","user_attrs_fold5_ndcg50","user_attrs_fold5_r2","user_attrs_fold6_mae","user_attrs_fold6_mape","user_attrs_fold6_ndcg10","user_attrs_fold6_ndcg20","user_attrs_fold6_ndcg50","user_attrs_fold6_r2","user_attrs_fold7_mae","user_attrs_fold7_mape","user_attrs_fold7_ndcg10","user_attrs_fold7_ndcg20","user_attrs_fold7_ndcg50","user_attrs_fold7_r2","user_attrs_fold8_mae","user_attrs_fold8_mape","user_attrs_fold8_ndcg10","user_attrs_fold8_ndcg20","user_attrs_fold8_ndcg50","user_attrs_fold8_r2","user_attrs_fold9_mae","user_attrs_fold9_mape","user_attrs_fold9_ndcg10","user_attrs_fold9_ndcg20","user_attrs_fold9_ndcg50","user_attrs_fold9_r2","user_attrs_pca_components","system_attrs_completed_rung_0","system_attrs_completed_rung_1","state"
18,0.11583997309207916,"2025-05-16 16:02:14.293698","2025-05-16 16:02:16.822280","0 days 00:00:02.528582",176,160.0,16.0,"","",224,224.0,192.0,80.0,16.0,0.0005848310223937875,3,5,"","","","","","","","","","","","","","","","","","","","","","","","","","","","","","","","","","","","","","","","","","",0.1598871648311615,51.079795837402344,0.2978415787220001,0.35479113459587097,0.5352146029472351,-0.5358619689941406,0.22580605745315552,2539.127197265625,0.11935088783502579,0.29660239815711975,0.5542197227478027,-0.37784552574157715,0.1753217875957489,75.33306121826172,0.7743374705314636,0.7350154519081116,0.7457162141799927,-0.7983337640762329,0.12772813439369202,58.17735290527344,0.7224828004837036,0.6839147806167603,0.7233501076698303,0.008312523365020752,"","","","","","","","","","","","","","","","","","","","","","","","","","","","","","","",0.11232727766036987,0.11583997309207916,"PRUNED"
19,0.11564178019762039,"2025-05-16 16:02:16.822565","2025-05-16 16:02:17.749977","0 days 00:00:00.927412",128,96.0,96.0,"","",128,128.0,80.0,192.0,"",0.028967686280527965,3,4,"","","","","","","","","","","","","","","","","","","","","","","","","","","","","","","","","","","","","","","","","","",0.19390621781349182,67.65959167480469,0.35165658593177795,0.36186546087265015,0.446982204914093,-0.8814595937728882,"","","","","","","","","","","","","","","","","","","","","","","","","","","","","","","","","","","","","","","","","","","","","","","","","",0.11564178019762039,"","PRUNED"
20,0.14775511225064594,"2025-05-16 16:02:17.750231","2025-05-16 16:02:23.097440","0 days 00:00:05.347209",48,224.0,"","","",80,192.0,160.0,"","",0.0010658447464074584,2,3,0.14775511225064594,602.5892875671386,0.3854884502788385,0.39800139913956323,0.45049211333195366,-0.11445934375127156,0.19699469208717346,258.8393859863281,0.035564739257097244,0.04510318487882614,0.103312186896801,-0.14574897289276123,0.18466027081012726,65.31082916259766,0.327260822057724,0.26914042234420776,0.2674129903316498,-0.44355762004852295,0.11480367183685303,178.1021270751953,0.4955527186393738,0.3920268714427948,0.3345591127872467,-0.05624079704284668,0.12735489010810852,114.90775299072266,0.20174384117126465,0.1883886307477951,0.20898322761058807,-0.23466455936431885,0.23532485961914062,162.8639373779297,0.0744146853685379,0.15069910883903503,0.19548551738262177,-0.3269503116607666,0.10358291864395142,152.2747344970703,0.25674083828926086,0.2616718113422394,0.2802717685699463,-0.040408968925476074,0.15357524156570435,53.873939514160156,0.7031733989715576,0.7041767835617065,0.7360255718231201,-0.29490625858306885,0.21485529839992523,2118.989013671875,0.22234483063220978,0.39842790365219116,0.6034867167472839,-0.26351046562194824,0.15536360442638397,69.6573715209961,0.6855370998382568,0.6701046228408813,0.6847672462463379,-0.3630176782608032,0.11927219480276108,51.12154006958008,0.8168900609016418,0.7165993452072144,0.8057093024253845,0.17266154289245605,0.10097107291221619,748.1961059570312,0.4074905514717102,0.3922242522239685,0.511411726474762,0.010156512260437012,0.08095791190862656,922.0662841796875,0.16077864170074463,0.19538447260856628,0.23732414841651917,0.0015114545822143555,0.13337916135787964,417.041015625,0.08241394907236099,0.27525174617767334,0.4894593060016632,0.06483101844787598,0.12729667127132416,550.8526000976562,0.4096130430698395,0.5898796916007996,0.5944643020629883,0.11085355281829834,0.16793422400951385,3174.74267578125,0.9028075337409973,0.7209421396255493,0.7047085762023926,0.09210139513015747,10.0,0.11200827360153198,0.11066580563783646,"COMPLETE"
21,0.15027525673309963,"2025-05-16 16:02:23.097860","2025-05-16 16:02:28.439473","0 days 00:00:05.341613",48,224.0,"","","",96,192.0,160.0,"","",0.0012301890458111893,2,3,0.15027525673309963,566.616742960612,0.4101254977285862,0.4067325823009014,0.4484254335363706,-0.150674307346344,0.2001665234565735,285.9118957519531,0.033008020371198654,0.04650162532925606,0.09389310330152512,-0.13803458213806152,0.18679119646549225,63.54004669189453,0.15838193893432617,0.18081317842006683,0.22467274963855743,-0.4621274471282959,0.11466925591230392,178.4356231689453,0.4519280791282654,0.3803366720676422,0.35564133524894714,-0.05284690856933594,0.12233409285545349,96.91425323486328,0.18652936816215515,0.16847331821918488,0.19056273996829987,-0.2170625925064087,0.23843201994895935,183.3202667236328,0.377558171749115,0.46256518363952637,0.3824807107448578,-0.3266167640686035,0.10544539988040924,162.19354248046875,0.2113797664642334,0.17914089560508728,0.16453367471694946,-0.026922941207885742,0.16986101865768433,61.54957580566406,0.6351258158683777,0.6772496700286865,0.7097068428993225,-0.4617418050765991,0.20667709410190582,2146.156982421875,0.5100705027580261,0.5900093913078308,0.7936338186264038,-0.17232811450958252,0.15936006605625153,69.21955871582031,0.7007367014884949,0.6529922485351562,0.706527590751648,-0.4505960941314697,0.12951672077178955,82.0457992553711,0.8308648467063904,0.7324246764183044,0.8050583600997925,0.27628660202026367,0.11049444228410721,117.70767974853516,0.1500817984342575,0.22552812099456787,0.284867525100708,-0.5123851299285889,0.09024345874786377,1297.568359375,0.33725088834762573,0.30606603622436523,0.27430135011672974,0.02082139253616333,0.14011889696121216,594.620849609375,0.4133838415145874,0.3742014169692993,0.5875453352928162,0.08769267797470093,0.12378392368555069,482.66314697265625,0.2942843437194824,0.4573092460632324,0.5256786346435547,0.08325701951980591,0.1562347412109375,2677.403564453125,0.8612983822822571,0.6673770546913147,0.6272777318954468,0.09249007701873779,10.0,0.11209673434495926,0.11013949662446976,"COMPLETE"
22,0.11239338666200638,"2025-05-16 16:02:28.439898","2025-05-16 16:02:30.243964","0 days 00:00:01.804066",80,224.0,"","","",80,208.0,160.0,"","",0.0010737192922376777,2,3,"","","","","","","","","","","","","","","","","","","","","","","","","","","","","","","","","","","","","","","","","","",0.15212002396583557,52.4920768737793,0.7103666663169861,0.7258354425430298,0.6884645223617554,-0.2849733829498291,0.20684204995632172,2232.6787109375,0.48428717255592346,0.5648115873336792,0.7878064513206482,-0.1806011199951172,0.16044437885284424,69.32306671142578,0.7038685083389282,0.6575568914413452,0.7048078179359436,-0.4781069755554199,0.12680093944072723,71.66386413574219,0.8425599932670593,0.7179287672042847,0.7576423287391663,0.24075853824615479,"","","","","","","","","","","","","","","","","","","","","","","","","","","","","","","",0.10952799767255783,0.11239338666200638,"PRUNED"
23,0.11228335648775101,"2025-05-16 16:02:30.244258","2025-05-16 16:02:30.927323","0 days 00:00:00.683065",32,"","","","",96,224.0,224.0,"","",0.00058013436661297,1,3,"","","","","","","","","","","","","","","","","","","","","","","","","","","","","","","","","","","","","","","","","","",0.15915489196777344,54.79452133178711,0.7249752879142761,0.6827762722969055,0.713160514831543,-0.394429087638855,"","","","","","","","","","","","","","","","","","","","","","","","","","","","","","","","","","","","","","","","","","","","","","","","","",0.11228335648775101,"","PRUNED"
24,0.11109785735607147,"2025-05-16 16:02:30.927604","2025-05-16 16:02:32.311792","0 days 00:00:01.384188",80,240.0,"","","",80,192.0,"","","",0.0014165579382562205,2,2,"","","","","","","","","","","","","","","","","","","","","","","","","","","","","","","","","","","","","","","","","","",0.15898923575878143,57.19609832763672,0.7590152621269226,0.6713262796401978,0.720613956451416,-0.3216819763183594,0.20529456436634064,2246.830810546875,0.45935961604118347,0.5418768525123596,0.7548498511314392,-0.1476132869720459,0.1546638011932373,76.4412612915039,0.806843101978302,0.7917735576629639,0.7692711353302002,-0.24933934211730957,0.1266826093196869,59.34294509887695,0.9146237969398499,0.7697912454605103,0.822359561920166,0.18705981969833374,"","","","","","","","","","","","","","","","","","","","","","","","","","","","","","","",0.11042135208845139,0.11109785735607147,"PRUNED"
25,0.1121479719877243,"2025-05-16 16:02:32.312052","2025-05-16 16:02:33.993496","0 days 00:00:01.681444",32,208.0,"","","",128,256.0,160.0,"","",0.0029705376376694135,2,3,"","","","","","","","","","","","","","","","","","","","","","","","","","","","","","","","","","","","","","","","","","",0.1530241072177887,54.5966911315918,0.7400236129760742,0.6863514184951782,0.6807245016098022,-0.2997579574584961,0.2359471321105957,2326.287353515625,0.2986401617527008,0.4000428318977356,0.6336363554000854,-0.379422664642334,0.15010885894298553,63.675838470458984,0.7856239080429077,0.7754692435264587,0.766967236995697,-0.34146976470947266,0.11912373453378677,55.19540786743164,0.8565618991851807,0.7497081756591797,0.7969822287559509,0.18458044528961182,"","","","","","","","","","","","","","","","","","","","","","","","","","","","","","","",0.10836409032344818,0.1121479719877243,"PRUNED"
26,0.11568694561719894,"2025-05-16 16:02:33.993790","2025-05-16 16:02:34.527179","0 days 00:00:00.533389",96,"","","","",144,160.0,"","","",0.0005123722195289123,1,2,"","","","","","","","","","","","","","","","","","","","","","","","","","","","","","","","","","","","","","","","","","",0.15110644698143005,53.30708694458008,0.8041419386863708,0.7090299725532532,0.7445515394210815,-0.2449502944946289,"","","","","","","","","","","","","","","","","","","","","","","","","","","","","","","","","","","","","","","","","","","","","","","","","",0.11568694561719894,"","PRUNED"
27,0.11491744220256805,"2025-05-16 16:02:34.527425","2025-05-16 16:02:35.275689","0 days 00:00:00.748264",208,160.0,"","","",80,224.0,224.0,"","",0.00011148949967560812,2,3,"","","","","","","","","","","","","","","","","","","","","","","","","","","","","","","","","","","","","","","","","","",0.1601678878068924,53.07611846923828,0.4881286025047302,0.5952785015106201,0.6093766093254089,-0.45954394340515137,"","","","","","","","","","","","","","","","","","","","","","","","","","","","","","","","","","","","","","","","","","","","","","","","","",0.11491744220256805,"","PRUNED"
28,0.1132781133055687,"2025-05-16 16:02:35.275969","2025-05-16 16:02:35.759460","0 days 00:00:00.483491",64,"","","","",112,192.0,"","","",0.0009072003564611485,1,2,"","","","","","","","","","","","","","","","","","","","","","","","","","","","","","","","","","","","","","","","","","",0.16504740715026855,58.9822998046875,0.39451348781585693,0.4623391330242157,0.6009714603424072,-0.4405442476272583,"","","","","","","","","","","","","","","","","","","","","","","","","","","","","","","","","","","","","","","","","","","","","","","","","",0.1132781133055687,"","PRUNED"
29,0.11626775562763214,"2025-05-16 16:02:35.759728","2025-05-16 16:02:36.450864","0 days 00:00:00.691136",32,256.0,48.0,144.0,"",16,128.0,160.0,"","",0.00037423847789349115,4,3,"","","","","","","","","","","","","","","","","","","","","","","","","","","","","","","","","","","","","","","","","","",0.15246650576591492,49.24910354614258,0.3547171652317047,0.48240357637405396,0.6293769478797913,-0.41687965393066406,"","","","","","","","","","","","","","","","","","","","","","","","","","","","","","","","","","","","","","","","","","","","","","","","","",0.11626775562763214,"","PRUNED"
30,0.11349858343601227,"2025-05-16 16:02:36.451128","2025-05-16 16:02:37.814753","0 days 00:00:01.363625",16,176.0,256.0,"","",96,160.0,"","","",0.0017674867724875103,3,2,"","","","","","","","","","","","","","","","","","","","","","","","","","","","","","","","","","","","","","","","","","",0.1484304666519165,51.283050537109375,0.5937587022781372,0.6199041604995728,0.7069337368011475,-0.2543708086013794,0.20551487803459167,1687.895751953125,0.5185998678207397,0.5882813930511475,0.7403945326805115,-0.006738781929016113,0.1652996987104416,73.21968078613281,0.6560372114181519,0.6325479745864868,0.6963247060775757,-0.5773084163665771,0.12174783647060394,67.5002212524414,0.8394184112548828,0.7311745882034302,0.773270308971405,0.25196951627731323,"","","","","","","","","","","","","","","","","","","","","","","","","","","","","","","",0.10992942005395889,0.11349858343601227,"PRUNED"
31,0.11286643147468567,"2025-05-16 16:02:37.815008","2025-05-16 16:02:38.615827","0 days 00:00:00.800819",48,208.0,"","","",176,176.0,96.0,80.0,"",0.004890278592188548,2,4,"","","","","","","","","","","","","","","","","","","","","","","","","","","","","","","","","","","","","","","","","","",0.13969828188419342,42.23813247680664,0.4128338098526001,0.3774143159389496,0.5365843176841736,-0.3515036106109619,"","","","","","","","","","","","","","","","","","","","","","","","","","","","","","","","","","","","","","","","","","","","","","","","","",0.11286643147468567,"","PRUNED"
32,0.11396249383687973,"2025-05-16 16:02:38.616080","2025-05-16 16:02:39.361863","0 days 00:00:00.745783",48,240.0,192.0,128.0,"",160,208.0,144.0,"","",0.007127688880905625,4,3,"","","","","","","","","","","","","","","","","","","","","","","","","","","","","","","","","","","","","","","","","","",0.1766098439693451,63.163089752197266,0.8039348125457764,0.7230384349822998,0.7001929879188538,-0.5584625005722046,"","","","","","","","","","","","","","","","","","","","","","","","","","","","","","","","","","","","","","","","","","","","","","","","","",0.11396249383687973,"","PRUNED"
33,0.11215049028396606,"2025-05-16 16:02:39.362121","2025-05-16 16:02:40.183051","0 days 00:00:00.820930",80,208.0,128.0,"","",128,176.0,16.0,176.0,"",0.00308626865570649,3,4,"","","","","","","","","","","","","","","","","","","","","","","","","","","","","","","","","","","","","","","","","","",0.137923926115036,40.64781188964844,0.6066708564758301,0.6131901741027832,0.6305989623069763,-0.34161102771759033,"","","","","","","","","","","","","","","","","","","","","","","","","","","","","","","","","","","","","","","","","","","","","","","","","",0.11215049028396606,"","PRUNED"
34,0.13029298186302185,"2025-05-16 16:02:40.183353","2025-05-16 16:02:40.916060","0 days 00:00:00.732707",96,240.0,80.0,64.0,16.0,64,16.0,224.0,"","",0.0003246134787429756,5,3,"","","","","","","","","","","","","","","","","","","","","","","","","","","","","","","","","","","","","","","","","","",0.16446919739246368,53.092498779296875,0.3549497127532959,0.4498571455478668,0.6035027503967285,-0.5531582832336426,"","","","","","","","","","","","","","","","","","","","","","","","","","","","","","","","","","","","","","","","","","","","","","","","","",0.13029298186302185,"","PRUNED"
35,0.11468254029750824,"2025-05-16 16:02:40.916319","2025-05-16 16:02:41.704714","0 days 00:00:00.788395",32,224.0,"","","",112,192.0,64.0,64.0,"",0.0008626167700982947,2,4,"","","","","","","","","","","","","","","","","","","","","","","","","","","","","","","","","","","","","","","","","","",0.13846367597579956,47.03741455078125,0.7600526213645935,0.6795732378959656,0.6948060393333435,-0.17420709133148193,"","","","","","","","","","","","","","","","","","","","","","","","","","","","","","","","","","","","","","","","","","","","","","","","","",0.11468254029750824,"","PRUNED"
36,0.11700630933046341,"2025-05-16 16:02:41.705014","2025-05-16 16:02:42.591653","0 days 00:00:00.886639",64,176.0,"","","",160,144.0,176.0,160.0,"",0.0001686751897680505,2,4,"","","","","","","","","","","","","","","","","","","","","","","","","","","","","","","","","","","","","","","","","","",0.15206801891326904,47.972782135009766,0.7073274254798889,0.6543464064598083,0.6769765615463257,-0.4241464138031006,"","","","","","","","","","","","","","","","","","","","","","","","","","","","","","","","","","","","","","","","","","","","","","","","","",0.11700630933046341,"","PRUNED"
37,0.15836412360270818,"2025-05-16 16:02:42.591910","2025-05-16 16:02:47.212694","0 days 00:00:04.620784",112,208.0,224.0,"","",208,240.0,"","","",0.0014443918190561636,3,2,0.15836412360270818,933.9252978006999,0.43105184733867646,0.452615362405777,0.483364083369573,-0.14107645750045777,0.20209166407585144,304.88995361328125,0.44657620787620544,0.35383909940719604,0.27042412757873535,-0.13061952590942383,0.18431109189987183,66.67236328125,0.2795034348964691,0.2362593114376068,0.27985939383506775,-0.42614781856536865,0.11628913879394531,183.11923217773438,0.11686380952596664,0.1433032751083374,0.20475448668003082,-0.055449724197387695,0.12203476577997208,95.39636993408203,0.11624033004045486,0.15984366834163666,0.22082184255123138,-0.1985079050064087,0.23463650047779083,149.94204711914062,0.6679223775863647,0.6632725596427917,0.5064913034439087,-0.33678722381591797,0.11029663681983948,189.7897186279297,0.25367632508277893,0.2410246878862381,0.28294166922569275,0.010471999645233154,0.15740878880023956,58.359718322753906,0.40227389335632324,0.5278993248939514,0.6269147396087646,-0.2993776798248291,0.20393437147140503,2140.032470703125,0.5215284824371338,0.5960918664932251,0.783261775970459,-0.1604607105255127,0.1425740271806717,74.0968017578125,0.8107404112815857,0.7667948007583618,0.7992247343063354,-0.01751577854156494,0.12567371129989624,57.10459518432617,0.8552120327949524,0.7395434975624084,0.7412042617797852,0.22628504037857056,0.10467161983251572,616.5116577148438,0.19302786886692047,0.33266764879226685,0.378028005361557,-0.14322280883789062,0.10979685932397842,1841.557861328125,0.39069387316703796,0.37379342317581177,0.38788270950317383,-0.045178771018981934,0.12600895762443542,585.5517578125,0.4818072021007538,0.6063299775123596,0.6151210069656372,0.25577861070632935,0.13730789721012115,697.2665405273438,0.28072333335876465,0.4838135838508606,0.5431341528892517,0.13656377792358398,0.2984258234500885,6948.58837890625,0.6489881277084351,0.5647537112236023,0.6103970408439636,-0.9319783449172974,10.0,0.1084224283695221,0.10739146918058395,"COMPLETE"
38,0.11651162058115005,"2025-05-16 16:02:47.213109","2025-05-16 16:02:48.746517","0 days 00:00:01.533408",16,"","","","",32,176.0,128.0,"","",0.019980995991663062,1,3,"","","","","","","","","","","","","","","","","","","","","","","","","","","","","","","","","","","","","","","","","","",0.17027097940444946,56.336063385009766,0.5035561919212341,0.4640582203865051,0.5490283966064453,-0.6479512453079224,0.20808614790439606,2314.82275390625,0.48296865820884705,0.4586789608001709,0.7072361707687378,-0.16446435451507568,0.22599674761295319,116.35054016113281,0.2318917214870453,0.2679908573627472,0.3980921506881714,-1.5386021137237549,0.13740964233875275,59.02378463745117,0.33807700872421265,0.3696090579032898,0.6237889528274536,-0.09583914279937744,"","","","","","","","","","","","","","","","","","","","","","","","","","","","","","","",0.11191986501216888,0.11651162058115005,"PRUNED"
