"number","value","datetime_start","datetime_complete","duration","params_decoder_layer_width_0","params_decoder_layer_width_1","params_decoder_layer_width_2","params_decoder_layer_width_3","params_decoder_layer_width_4","params_encoder_layer_width_0","params_encoder_layer_width_1","params_encoder_layer_width_2","params_encoder_layer_width_3","params_encoder_layer_width_4","params_lr","params_n_decoder_layers","params_n_encoder_layers","user_attrs_avg_mae","user_attrs_avg_mape","user_attrs_avg_ndcg10","user_attrs_avg_ndcg20","user_attrs_avg_ndcg50","user_attrs_avg_r2","user_attrs_fold10_mae","user_attrs_fold10_mape","user_attrs_fold10_ndcg10","user_attrs_fold10_ndcg20","user_attrs_fold10_ndcg50","user_attrs_fold10_r2","user_attrs_fold11_mae","user_attrs_fold11_mape","user_attrs_fold11_ndcg10","user_attrs_fold11_ndcg20","user_attrs_fold11_ndcg50","user_attrs_fold11_r2","user_attrs_fold12_mae","user_attrs_fold12_mape","user_attrs_fold12_ndcg10","user_attrs_fold12_ndcg20","user_attrs_fold12_ndcg50","user_attrs_fold12_r2","user_attrs_fold13_mae","user_attrs_fold13_mape","user_attrs_fold13_ndcg10","user_attrs_fold13_ndcg20","user_attrs_fold13_ndcg50","user_attrs_fold13_r2","user_attrs_fold14_mae","user_attrs_fold14_mape","user_attrs_fold14_ndcg10","user_attrs_fold14_ndcg20","user_attrs_fold14_ndcg50","user_attrs_fold14_r2","user_attrs_fold15_mae","user_attrs_fold15_mape","user_attrs_fold15_ndcg10","user_attrs_fold15_ndcg20","user_attrs_fold15_ndcg50","user_attrs_fold15_r2","user_attrs_fold1_mae","user_attrs_fold1_mape","user_attrs_fold1_ndcg10","user_attrs_fold1_ndcg20","user_attrs_fold1_ndcg50","user_attrs_fold1_r2","user_attrs_fold2_mae","user_attrs_fold2_mape","user_attrs_fold2_ndcg10","user_attrs_fold2_ndcg20","user_attrs_fold2_ndcg50","user_attrs_fold2_r2","user_attrs_fold3_mae","user_attrs_fold3_mape","user_attrs_fold3_ndcg10","user_attrs_fold3_ndcg20","user_attrs_fold3_ndcg50","user_attrs_fold3_r2","user_attrs_fold4_mae","user_attrs_fold4_mape","user_attrs_fold4_ndcg10","user_attrs_fold4_ndcg20","user_attrs_fold4_ndcg50","user_attrs_fold4_r2","user_attrs_fold5_mae","user_attrs_fold5_mape","user_attrs_fold5_ndcg10","user_attrs_fold5_ndcg20","user_attrs_fold5_ndcg50","user_attrs_fold5_r2","user_attrs_fold6_mae","user_attrs_fold6_mape","user_attrs_fold6_ndcg10","user_attrs_fold6_ndcg20","user_attrs_fold6_ndcg50","user_attrs_fold6_r2","user_attrs_fold7_mae","user_attrs_fold7_mape","user_attrs_fold7_ndcg10","user_attrs_fold7_ndcg20","user_attrs_fold7_ndcg50","user_attrs_fold7_r2","user_attrs_fold8_mae","user_attrs_fold8_mape","user_attrs_fold8_ndcg10","user_attrs_fold8_ndcg20","user_attrs_fold8_ndcg50","user_attrs_fold8_r2","user_attrs_fold9_mae","user_attrs_fold9_mape","user_attrs_fold9_ndcg10","user_attrs_fold9_ndcg20","user_attrs_fold9_ndcg50","user_attrs_fold9_r2","user_attrs_pca_components","system_attrs_completed_rung_0","system_attrs_completed_rung_1","state"
90,0.1205669417977333,"2025-05-16 16:04:12.862467","2025-05-16 16:04:13.629341","0 days 00:00:00.766874",32,240.0,160.0,208.0,"",176,208.0,192.0,"","",0.00013767256830657176,4,3,"","","","","","","","","","","","","","","","","","","","","","","","","","","","","","","","","","","","","","","","","","",0.1508581042289734,49.356468200683594,0.38695886731147766,0.46607279777526855,0.5696517825126648,-0.3810100555419922,"","","","","","","","","","","","","","","","","","","","","","","","","","","","","","","","","","","","","","","","","","","","","","","","","",0.1205669417977333,"","PRUNED"
91,0.11005137860774994,"2025-05-16 16:04:13.629648","2025-05-16 16:04:14.165313","0 days 00:00:00.535665",144,208.0,240.0,160.0,"",224,"","","","",0.001072433232636235,4,1,"","","","","","","","","","","","","","","","","","","","","","","","","","","","","","","","","","","","","","","","","","",0.15572156012058258,57.73527145385742,0.8416980504989624,0.708555281162262,0.7354316115379333,-0.23163247108459473,"","","","","","","","","","","","","","","","","","","","","","","","","","","","","","","","","","","","","","","","","","","","","","","","","",0.11005137860774994,"","PRUNED"
92,0.11361229419708252,"2025-05-16 16:04:14.165576","2025-05-16 16:04:14.705792","0 days 00:00:00.540216",144,208.0,224.0,144.0,"",240,"","","","",0.0007041285795207013,4,1,"","","","","","","","","","","","","","","","","","","","","","","","","","","","","","","","","","","","","","","","","","",0.158122256398201,60.13100814819336,0.7804442048072815,0.6829357147216797,0.6811532378196716,-0.25074613094329834,"","","","","","","","","","","","","","","","","","","","","","","","","","","","","","","","","","","","","","","","","","","","","","","","","",0.11361229419708252,"","PRUNED"
93,0.15161233146985373,"2025-05-16 16:04:14.706051","2025-05-16 16:04:18.445838","0 days 00:00:03.739787",128,224.0,240.0,224.0,"",224,"","","","",0.0015416049449536603,4,1,0.15161233146985373,735.4219212849935,0.4275715524951617,0.4244678099950155,0.4675247699022293,-0.1331611474355062,0.1939336210489273,209.00897216796875,0.15809881687164307,0.12852159142494202,0.2022264301776886,-0.18642985820770264,0.20101439952850342,84.9044189453125,0.11070945113897324,0.13280798494815826,0.17467151582241058,-0.5509994029998779,0.11924494057893753,194.74993896484375,0.10441814363002777,0.1325381100177765,0.15174618363380432,-0.07757699489593506,0.11885184794664383,85.26653289794922,0.25980091094970703,0.23128004372119904,0.26864635944366455,-0.19955897331237793,0.22999519109725952,187.70877075195312,0.7695749402046204,0.6947699785232544,0.6681046485900879,-0.20747637748718262,0.10288034379482269,146.64788818359375,0.28865867853164673,0.2849741280078888,0.3181275427341461,-0.04685020446777344,0.1528664529323578,58.06193542480469,0.7938416004180908,0.7073083519935608,0.6860811710357666,-0.1587541103363037,0.20760682225227356,1817.313232421875,0.5835781097412109,0.6039989590644836,0.7507709860801697,-0.13703346252441406,0.1500728577375412,89.94756317138672,0.8165621757507324,0.7387171983718872,0.7463321685791016,-0.02433156967163086,0.13995586335659027,66.84088897705078,0.6845254898071289,0.6779821515083313,0.730835497379303,0.09397220611572266,0.102418452501297,374.2767639160156,0.24760228395462036,0.29662108421325684,0.3566872179508209,-0.18408727645874023,0.10643672943115234,1612.9906005859375,0.19413243234157562,0.25591325759887695,0.30407142639160156,-0.04191005229949951,0.12945856153964996,253.51930236816406,0.5098026990890503,0.406814843416214,0.5279456973075867,-0.008734464645385742,0.11723726987838745,365.2609558105469,0.5976208448410034,0.737454891204834,0.6300805807113647,0.11252391338348389,0.20221161842346191,5484.8310546875,0.2946467101573944,0.33731457591056824,0.49654412269592285,-0.3801705837249756,10.0,0.10619007050991058,0.10264759510755539,"COMPLETE"
94,0.10905511677265167,"2025-05-16 16:04:18.446283","2025-05-16 16:04:19.766873","0 days 00:00:01.320590",128,224.0,224.0,256.0,"",240,"","","","",0.0016740908686081496,4,1,"","","","","","","","","","","","","","","","","","","","","","","","","","","","","","","","","","","","","","","","","","",0.15055783092975616,59.486412048339844,0.8477866053581238,0.7238079905509949,0.7099107503890991,-0.10253751277923584,0.1777583658695221,1636.7862548828125,0.8389578461647034,0.7820132374763489,0.9280465841293335,0.19573742151260376,0.16210219264030457,92.60000610351562,0.7950325608253479,0.7362329363822937,0.7213498950004578,-0.17048180103302002,0.137173131108284,76.86988830566406,0.820758581161499,0.709460973739624,0.7002301216125488,0.1343240737915039,"","","","","","","","","","","","","","","","","","","","","","","","","","","","","","","",0.10027289390563965,0.10905511677265167,"PRUNED"
95,0.10678799450397491,"2025-05-16 16:04:19.767153","2025-05-16 16:04:21.205460","0 days 00:00:01.438307",128,240.0,256.0,224.0,"",224,16.0,"","","",0.0019893986952548522,4,2,"","","","","","","","","","","","","","","","","","","","","","","","","","","","","","","","","","","","","","","","","","",0.15378659963607788,62.86375427246094,0.8677361607551575,0.764196515083313,0.730888307094574,-0.09633731842041016,0.1855621039867401,2014.795654296875,0.6852685809135437,0.7028694152832031,0.8516748547554016,0.09610253572463989,0.13863876461982727,79.0257339477539,0.8107404112815857,0.8022909164428711,0.8067025542259216,0.09190213680267334,0.10958757996559143,73.12364959716797,0.853505551815033,0.7731700539588928,0.7969548106193542,0.40255576372146606,"","","","","","","","","","","","","","","","","","","","","","","","","","","","","","","",0.10688421130180359,0.10678799450397491,"PRUNED"
96,0.1612419878443082,"2025-05-16 16:04:21.205740","2025-05-16 16:04:24.787537","0 days 00:00:03.581797",112,224.0,240.0,224.0,"",192,"","","","",0.008115892869646365,4,1,0.1612419878443082,749.1820678710938,0.38921761500338714,0.40124188413222633,0.445319872101148,-0.21289135217666627,0.19290786981582642,263.2564697265625,0.09449662268161774,0.15206438302993774,0.3660031259059906,-0.06850099563598633,0.195226788520813,84.88639831542969,0.08083902299404144,0.1034054085612297,0.17245608568191528,-0.4432976245880127,0.1287035346031189,243.39892578125,0.1487123966217041,0.1444234848022461,0.20565791428089142,-0.060700058937072754,0.1319373995065689,100.27595520019531,0.23109573125839233,0.22492344677448273,0.2936097979545593,-0.3219630718231201,0.23372533917427063,190.2759552001953,0.8122999668121338,0.6873981952667236,0.4983215034008026,-0.26169371604919434,0.17405462265014648,351.3621520996094,0.27614137530326843,0.31127992272377014,0.39345037937164307,-0.6637239456176758,0.15951484441757202,70.76913452148438,0.7940317392349243,0.7153844237327576,0.7258199453353882,-0.13336682319641113,0.19899825751781464,2192.875,0.6257743835449219,0.7409232258796692,0.8502887487411499,-0.03979694843292236,0.17384088039398193,93.64527130126953,0.43981027603149414,0.4934062957763672,0.5580987930297852,-0.5712939500808716,0.1404310166835785,72.40081024169922,0.4070979952812195,0.42333081364631653,0.5941067337989807,-0.01932203769683838,0.10933618992567062,362.75396728515625,0.2174447625875473,0.2595880329608917,0.2905743420124054,-0.37710750102996826,0.1031128466129303,1195.84423828125,0.22607767581939697,0.16313783824443817,0.13852053880691528,-0.17293667793273926,0.12751659750938416,175.9550018310547,0.8502370119094849,0.7619814276695251,0.6920256018638611,0.0848463773727417,0.13222190737724304,578.82080078125,0.6151109337806702,0.6732800006866455,0.5697818994522095,0.18372660875320435,0.21710172295570374,5261.2109375,0.019094331189990044,0.16410136222839355,0.33108267188072205,-0.32823991775512695,10.0,0.1032339483499527,0.10115791857242584,"COMPLETE"
97,0.11447577178478241,"2025-05-16 16:04:24.787978","2025-05-16 16:04:26.171284","0 days 00:00:01.383306",96,256.0,208.0,176.0,192.0,256,"","","","",0.001240803675368474,5,1,"","","","","","","","","","","","","","","","","","","","","","","","","","","","","","","","","","","","","","","","","","",0.14748094975948334,55.95056915283203,0.8127390146255493,0.7154560685157776,0.7075918912887573,-0.12819266319274902,0.18717221915721893,1949.9822998046875,0.7204004526138306,0.720780074596405,0.8597574234008789,0.0868188738822937,0.1680443435907364,87.0407485961914,0.7716060876846313,0.7151516675949097,0.710458517074585,-0.33353257179260254,0.12751828134059906,80.54266357421875,0.8392605781555176,0.7127414345741272,0.7370247840881348,0.26767098903656006,"","","","","","","","","","","","","","","","","","","","","","","","","","","","","","","",0.1054334044456482,0.11447577178478241,"PRUNED"
98,0.11809861660003662,"2025-05-16 16:04:26.171552","2025-05-16 16:04:26.798915","0 days 00:00:00.627363",112,192.0,128.0,192.0,"",80,192.0,"","","",0.0002286867294136366,4,2,"","","","","","","","","","","","","","","","","","","","","","","","","","","","","","","","","","","","","","","","","","",0.16862134635448456,58.19102478027344,0.4586247503757477,0.47289392352104187,0.5945646166801453,-0.5441640615463257,"","","","","","","","","","","","","","","","","","","","","","","","","","","","","","","","","","","","","","","","","","","","","","","","","",0.11809861660003662,"","PRUNED"
99,0.11296751350164413,"2025-05-16 16:04:26.799188","2025-05-16 16:04:27.631138","0 days 00:00:00.831950",48,224.0,"","","",112,176.0,64.0,144.0,"",0.0023479631524579913,2,4,"","","","","","","","","","","","","","","","","","","","","","","","","","","","","","","","","","","","","","","","","","",0.1516856700181961,53.95058822631836,0.8490310311317444,0.7294438481330872,0.6933726072311401,-0.26519036293029785,"","","","","","","","","","","","","","","","","","","","","","","","","","","","","","","","","","","","","","","","","","","","","","","","","",0.11296751350164413,"","PRUNED"
