"number","value","datetime_start","datetime_complete","duration","params_decoder_layer_width_0","params_decoder_layer_width_1","params_decoder_layer_width_2","params_decoder_layer_width_3","params_decoder_layer_width_4","params_encoder_layer_width_0","params_encoder_layer_width_1","params_encoder_layer_width_2","params_encoder_layer_width_3","params_encoder_layer_width_4","params_lr","params_n_decoder_layers","params_n_encoder_layers","user_attrs_avg_mae","user_attrs_avg_mape","user_attrs_avg_ndcg10","user_attrs_avg_ndcg20","user_attrs_avg_ndcg50","user_attrs_avg_r2","user_attrs_fold10_mae","user_attrs_fold10_mape","user_attrs_fold10_ndcg10","user_attrs_fold10_ndcg20","user_attrs_fold10_ndcg50","user_attrs_fold10_r2","user_attrs_fold11_mae","user_attrs_fold11_mape","user_attrs_fold11_ndcg10","user_attrs_fold11_ndcg20","user_attrs_fold11_ndcg50","user_attrs_fold11_r2","user_attrs_fold12_mae","user_attrs_fold12_mape","user_attrs_fold12_ndcg10","user_attrs_fold12_ndcg20","user_attrs_fold12_ndcg50","user_attrs_fold12_r2","user_attrs_fold13_mae","user_attrs_fold13_mape","user_attrs_fold13_ndcg10","user_attrs_fold13_ndcg20","user_attrs_fold13_ndcg50","user_attrs_fold13_r2","user_attrs_fold14_mae","user_attrs_fold14_mape","user_attrs_fold14_ndcg10","user_attrs_fold14_ndcg20","user_attrs_fold14_ndcg50","user_attrs_fold14_r2","user_attrs_fold15_mae","user_attrs_fold15_mape","user_attrs_fold15_ndcg10","user_attrs_fold15_ndcg20","user_attrs_fold15_ndcg50","user_attrs_fold15_r2","user_attrs_fold1_mae","user_attrs_fold1_mape","user_attrs_fold1_ndcg10","user_attrs_fold1_ndcg20","user_attrs_fold1_ndcg50","user_attrs_fold1_r2","user_attrs_fold2_mae","user_attrs_fold2_mape","user_attrs_fold2_ndcg10","user_attrs_fold2_ndcg20","user_attrs_fold2_ndcg50","user_attrs_fold2_r2","user_attrs_fold3_mae","user_attrs_fold3_mape","user_attrs_fold3_ndcg10","user_attrs_fold3_ndcg20","user_attrs_fold3_ndcg50","user_attrs_fold3_r2","user_attrs_fold4_mae","user_attrs_fold4_mape","user_attrs_fold4_ndcg10","user_attrs_fold4_ndcg20","user_attrs_fold4_ndcg50","user_attrs_fold4_r2","user_attrs_fold5_mae","user_attrs_fold5_mape","user_attrs_fold5_ndcg10","user_attrs_fold5_ndcg20","user_attrs_fold5_ndcg50","user_attrs_fold5_r2","user_attrs_fold6_mae","user_attrs_fold6_mape","user_attrs_fold6_ndcg10","user_attrs_fold6_ndcg20","user_attrs_fold6_ndcg50","user_attrs_fold6_r2","user_attrs_fold7_mae","user_attrs_fold7_mape","user_attrs_fold7_ndcg10","user_attrs_fold7_ndcg20","user_attrs_fold7_ndcg50","user_attrs_fold7_r2","user_attrs_fold8_mae","user_attrs_fold8_mape","user_attrs_fold8_ndcg10","user_attrs_fold8_ndcg20","user_attrs_fold8_ndcg50","user_attrs_fold8_r2","user_attrs_fold9_mae","user_attrs_fold9_mape","user_attrs_fold9_ndcg10","user_attrs_fold9_ndcg20","user_attrs_fold9_ndcg50","user_attrs_fold9_r2","user_attrs_pca_components","system_attrs_completed_rung_0","system_attrs_completed_rung_1","state"
0,0.14866139541069667,"2025-05-16 16:01:45.672204","2025-05-16 16:01:50.987014","0 days 00:00:05.314810",48,224.0,96.0,48.0,"",128,208.0,224.0,"","",0.00035025378430070595,4,3,0.14866139541069667,471.8211135864258,0.40709325273831687,0.41681598325570424,0.45656576951344807,-0.19763382275899252,0.1988108903169632,270.9580993652344,0.7225573062896729,0.6045289635658264,0.5037171840667725,-0.15514791011810303,0.18680110573768616,65.27680206298828,0.2973308265209198,0.235345259308815,0.31153175234794617,-0.4647700786590576,0.11656112968921661,192.855712890625,0.26939916610717773,0.27395156025886536,0.2794909179210663,-0.04810893535614014,0.11751994490623474,92.82547760009766,0.27009424567222595,0.2517465353012085,0.28205591440200806,-0.129805326461792,0.24074850976467133,206.77777099609375,0.321293443441391,0.33933818340301514,0.3371746838092804,-0.31743085384368896,0.10269934684038162,149.13973999023438,0.2807057499885559,0.2902819812297821,0.3042989671230316,-0.04440164566040039,0.15450015664100647,53.484580993652344,0.46948006749153137,0.5275052785873413,0.6055382490158081,-0.3606746196746826,0.20228101313114166,1225.6383056640625,0.5160019397735596,0.5488583445549011,0.724046528339386,-0.27750980854034424,0.17997437715530396,80.10258483886719,0.7982531189918518,0.7825654149055481,0.7726481556892395,-0.8188300132751465,0.13292503356933594,53.88812255859375,0.43216457962989807,0.5239565372467041,0.6292690634727478,-0.10485339164733887,0.10228513181209564,441.95965576171875,0.37765830755233765,0.4480043947696686,0.43860071897506714,-0.205358624458313,0.09518638253211975,1343.199462890625,0.3967820107936859,0.35785335302352905,0.4933868646621704,0.027231335639953613,0.1275082230567932,347.2268981933594,0.48883453011512756,0.40480512380599976,0.4670664966106415,-0.047273874282836914,0.12898972630500793,452.9976501464844,0.3189082741737366,0.31792154908180237,0.316159188747406,-0.015851736068725586,0.14312995970249176,2100.98583984375,0.14693522453308105,0.34557726979255676,0.3835018575191498,-0.0017218589782714844,10.0,"","","COMPLETE"
1,0.16770898550748825,"2025-05-16 16:01:50.987484","2025-05-16 16:01:54.741917","0 days 00:00:03.754433",16,128.0,144.0,192.0,"",16,16.0,"","","",0.009763412019019906,4,2,0.16770898550748825,1002.2136980692545,0.45348474917312465,0.45954524191717305,0.4848963713273406,-0.2591875632603963,0.19649793207645416,249.80892944335938,0.5224444270133972,0.6232237219810486,0.4440440535545349,-0.15693438053131104,0.1884463131427765,62.81612014770508,0.2856069505214691,0.23427726328372955,0.27620407938957214,-0.4926067590713501,0.11529809236526489,183.5657958984375,0.2126549631357193,0.17825452983379364,0.19775277376174927,-0.04588329792022705,0.12646658718585968,90.9102783203125,0.1775495558977127,0.17334742844104767,0.18782012164592743,-0.2859523296356201,0.23608103394508362,182.62086486816406,0.9929260611534119,0.9069215059280396,0.7567780613899231,-0.297965407371521,0.10112889856100082,149.2263641357422,0.2892147898674011,0.2840907573699951,0.3026740849018097,-0.03791499137878418,0.17140641808509827,64.8230209350586,0.5735855102539062,0.5775426626205444,0.6771203279495239,-0.4419625997543335,0.2614193558692932,2414.659423828125,0.2729976773262024,0.4310205578804016,0.611615002155304,-0.4498331546783447,0.15955862402915955,77.1055679321289,0.7880216240882874,0.7771106958389282,0.7883451581001282,-0.3798767328262329,0.13171936571598053,64.48111724853516,0.7090187668800354,0.685886800289154,0.7501436471939087,0.10454529523849487,0.10939009487628937,623.696044921875,0.2521129548549652,0.38769444823265076,0.4072422385215759,-0.22526657581329346,0.118120938539505,1865.4989013671875,0.01697789691388607,0.00923118181526661,0.01368717197328806,-0.06828022003173828,0.14408963918685913,551.4429321289062,0.4889945387840271,0.3981654644012451,0.6140341758728027,-0.004823446273803711,0.1351669281721115,612.6165161132812,0.32609084248542786,0.45886746048927307,0.5173943042755127,0.12412792444229126,0.3208445608615875,7839.93359375,0.8940746784210205,0.767544150352478,0.7285903692245483,-1.229186773300171,10.0,0.11262614279985428,0.11115270853042603,"COMPLETE"
2,0.1190486028790474,"2025-05-16 16:01:54.742338","2025-05-16 16:01:55.203692","0 days 00:00:00.461354",80,32.0,112.0,192.0,240.0,112,"","","","",0.00017737090194317544,5,1,"","","","","","","","","","","","","","","","","","","","","","","","","","","","","","","","","","","","","","","","","","",0.1823083907365799,62.48048400878906,0.5570746064186096,0.5419023633003235,0.6235125064849854,-0.7233738899230957,"","","","","","","","","","","","","","","","","","","","","","","","","","","","","","","","","","","","","","","","","","","","","","","","","",0.1190486028790474,"","PRUNED"
3,0.11681263148784637,"2025-05-16 16:01:55.203978","2025-05-16 16:01:55.542043","0 days 00:00:00.338065",112,128.0,"","","",48,"","","","",0.00034486321114550646,2,1,"","","","","","","","","","","","","","","","","","","","","","","","","","","","","","","","","","","","","","","","","","",0.16683071851730347,60.406654357910156,0.728435754776001,0.6787466406822205,0.7209388017654419,-0.4309917688369751,"","","","","","","","","","","","","","","","","","","","","","","","","","","","","","","","","","","","","","","","","","","","","","","","","",0.11681263148784637,"","PRUNED"
4,0.12000460177659988,"2025-05-16 16:01:55.542288","2025-05-16 16:01:55.850787","0 days 00:00:00.308499",240,"","","","",32,"","","","",0.00027456308946391,1,1,"","","","","","","","","","","","","","","","","","","","","","","","","","","","","","","","","","","","","","","","","","",0.16912220418453217,59.301055908203125,0.6162354946136475,0.5975410342216492,0.677742063999176,-0.5092048645019531,"","","","","","","","","","","","","","","","","","","","","","","","","","","","","","","","","","","","","","","","","","","","","","","","","",0.12000460177659988,"","PRUNED"
5,0.11401458084583282,"2025-05-16 16:01:55.851008","2025-05-16 16:01:56.574673","0 days 00:00:00.723665",16,112.0,"","","",48,80.0,112.0,224.0,"",0.014124310500079599,2,4,"","","","","","","","","","","","","","","","","","","","","","","","","","","","","","","","","","","","","","","","","","",0.16273684799671173,53.580326080322266,0.2551063597202301,0.30398768186569214,0.4214039146900177,-0.5959588289260864,"","","","","","","","","","","","","","","","","","","","","","","","","","","","","","","","","","","","","","","","","","","","","","","","","",0.11401458084583282,"","PRUNED"
6,0.11424579471349716,"2025-05-16 16:01:56.574927","2025-05-16 16:01:57.022771","0 days 00:00:00.447844",144,"","","","",256,80.0,"","","",0.0006487219081777987,1,2,"","","","","","","","","","","","","","","","","","","","","","","","","","","","","","","","","","","","","","","","","","",0.16395840048789978,57.47930908203125,0.6479915380477905,0.6199692487716675,0.6828075051307678,-0.42838454246520996,"","","","","","","","","","","","","","","","","","","","","","","","","","","","","","","","","","","","","","","","","","","","","","","","","",0.11424579471349716,"","PRUNED"
7,0.11506510525941849,"2025-05-16 16:01:57.023027","2025-05-16 16:01:57.520499","0 days 00:00:00.497472",64,48.0,208.0,"","",144,112.0,"","","",0.001064397634562519,3,2,"","","","","","","","","","","","","","","","","","","","","","","","","","","","","","","","","","","","","","","","","","",0.16271185874938965,56.33151626586914,0.43376001715660095,0.43775510787963867,0.5891534686088562,-0.467920184135437,"","","","","","","","","","","","","","","","","","","","","","","","","","","","","","","","","","","","","","","","","","","","","","","","","",0.11506510525941849,"","PRUNED"
8,0.12998434901237488,"2025-05-16 16:01:57.520741","2025-05-16 16:01:58.174137","0 days 00:00:00.653396",112,256.0,80.0,32.0,"",64,48.0,128.0,"","",0.09347055837250384,4,3,"","","","","","","","","","","","","","","","","","","","","","","","","","","","","","","","","","","","","","","","","","",0.2084832787513733,77.41112518310547,0.3079359233379364,0.3392367362976074,0.38500848412513733,-1.0201585292816162,"","","","","","","","","","","","","","","","","","","","","","","","","","","","","","","","","","","","","","","","","","","","","","","","","",0.12998434901237488,"","PRUNED"
9,0.12046580761671066,"2025-05-16 16:01:58.174381","2025-05-16 16:01:58.606535","0 days 00:00:00.432154",240,48.0,32.0,96.0,224.0,48,"","","","",0.0002113067967410559,5,1,"","","","","","","","","","","","","","","","","","","","","","","","","","","","","","","","","","","","","","","","","","",0.18579630553722382,64.69087219238281,0.4855287969112396,0.5120844841003418,0.626029908657074,-0.7529778480529785,"","","","","","","","","","","","","","","","","","","","","","","","","","","","","","","","","","","","","","","","","","","","","","","","","",0.12046580761671066,"","PRUNED"
10,0.11490906029939651,"2025-05-16 16:01:58.606795","2025-05-16 16:01:59.609919","0 days 00:00:01.003124",192,256.0,256.0,16.0,"",192,240.0,256.0,32.0,48.0,0.002343180600703102,4,5,"","","","","","","","","","","","","","","","","","","","","","","","","","","","","","","","","","","","","","","","","","",0.14426776766777039,44.67909622192383,0.4329952299594879,0.3860492706298828,0.529215395450592,-0.3748544454574585,"","","","","","","","","","","","","","","","","","","","","","","","","","","","","","","","","","","","","","","","","","","","","","","","","",0.11490906029939651,"","PRUNED"
11,0.11228974908590317,"2025-05-16 16:01:59.610184","2025-05-16 16:02:01.433520","0 days 00:00:01.823336",16,192.0,160.0,256.0,"",112,208.0,256.0,"","",0.010903943298391615,4,3,"","","","","","","","","","","","","","","","","","","","","","","","","","","","","","","","","","","","","","","","","","",0.16857610642910004,58.7613525390625,0.3491162955760956,0.3973797559738159,0.4724041521549225,-0.5507410764694214,0.21215680241584778,1183.14599609375,0.42547518014907837,0.5822434425354004,0.728246808052063,-0.30376577377319336,0.19730158150196075,93.46524047851562,0.15729229152202606,0.44170698523521423,0.5248095989227295,-1.0772395133972168,0.12738284468650818,63.03303146362305,0.4589415490627289,0.5516313910484314,0.6947746872901917,0.07456165552139282,"","","","","","","","","","","","","","","","","","","","","","","","","","","","","","","",0.11357099562883377,0.11228974908590317,"PRUNED"
12,0.1510017082095146,"2025-05-16 16:02:01.433796","2025-05-16 16:02:07.238188","0 days 00:00:05.804392",48,192.0,144.0,"","",176,176.0,32.0,16.0,"",0.006515225728137477,3,4,0.1510017082095146,657.9981201171875,0.3913571576277415,0.3898524731397629,0.4460042188564936,-0.10922909180323283,0.2008814662694931,314.0218505859375,0.2931137979030609,0.31294411420822144,0.264117568731308,-0.0901113748550415,0.191618412733078,60.58430480957031,0.6172363758087158,0.6501392722129822,0.5410689115524292,-0.5091574192047119,0.11513183265924454,184.64260864257812,0.3998010754585266,0.397066205739975,0.34093284606933594,-0.04782378673553467,0.12557777762413025,117.53160858154297,0.08820856362581253,0.11841189116239548,0.16226544976234436,-0.19558095932006836,0.23414303362369537,156.00706481933594,0.09207708388566971,0.09792018681764603,0.214260533452034,-0.3228245973587036,0.10173255205154419,136.25445556640625,0.0738987922668457,0.10406962037086487,0.14347559213638306,-0.057135820388793945,0.1648513823747635,57.449012756347656,0.5928768515586853,0.6390401721000671,0.7240980863571167,-0.4624803066253662,0.23551198840141296,3082.68701171875,0.1432155817747116,0.24653521180152893,0.5679271817207336,-0.2806251049041748,0.14530007541179657,91.8128662109375,0.7634571194648743,0.7486423850059509,0.7542300224304199,-0.04543304443359375,0.1297386735677719,83.44796752929688,0.8579814434051514,0.7517066597938538,0.8049002289772034,0.2675018310546875,0.1000845655798912,402.4621887207031,0.181645467877388,0.2206094115972519,0.34301215410232544,-0.15528500080108643,0.08005359023809433,881.4945068359375,0.20866040885448456,0.23456591367721558,0.19881775975227356,0.01930081844329834,0.14952512085437775,763.5751342773438,0.29631027579307556,0.3060357868671417,0.5171108245849609,0.08557897806167603,0.12496306002140045,427.22216796875,0.2808091938495636,0.30186977982521057,0.4417176842689514,0.022529423236846924,0.16591209173202515,3110.779052734375,0.9810653328895569,0.7182304859161377,0.672128438949585,0.13310998678207397,10.0,0.111757792532444,0.11070972681045532,"COMPLETE"
13,0.11461100727319717,"2025-05-16 16:02:07.238631","2025-05-16 16:02:09.359645","0 days 00:00:02.121014",64,192.0,64.0,"","",176,176.0,32.0,16.0,"",0.0019067942557412605,3,4,"","","","","","","","","","","","","","","","","","","","","","","","","","","","","","","","","","","","","","","","","","",0.14811699092388153,48.52394485473633,0.5679096579551697,0.6017758250236511,0.6760265827178955,-0.33342742919921875,0.21768750250339508,2102.9091796875,0.28665488958358765,0.3627432584762573,0.633980929851532,-0.32720887660980225,0.1704658418893814,77.49553680419922,0.6706074476242065,0.6366174817085266,0.7101824283599854,-0.5708606243133545,0.12650465965270996,72.34837341308594,0.8194137811660767,0.7259493470191956,0.7703405618667603,0.1823093295097351,"","","","","","","","","","","","","","","","","","","","","","","","","","","","","","","",0.109689861536026,0.11461100727319717,"PRUNED"
14,0.13007241487503052,"2025-05-16 16:02:09.359927","2025-05-16 16:02:10.250577","0 days 00:00:00.890650",48,192.0,"","","",224,160.0,32.0,128.0,"",0.033171781132747304,2,4,"","","","","","","","","","","","","","","","","","","","","","","","","","","","","","","","","","","","","","","","","","",0.2158970832824707,82.80148315429688,0.47231605648994446,0.443744421005249,0.6218005418777466,-1.0689313411712646,"","","","","","","","","","","","","","","","","","","","","","","","","","","","","","","","","","","","","","","","","","","","","","","","","",0.13007241487503052,"","PRUNED"
15,0.11285995692014694,"2025-05-16 16:02:10.250863","2025-05-16 16:02:11.340574","0 days 00:00:01.089711",160,224.0,160.0,"","",160,256.0,192.0,112.0,224.0,0.004548099605151542,3,5,"","","","","","","","","","","","","","","","","","","","","","","","","","","","","","","","","","","","","","","","","","",0.15020892024040222,51.52228927612305,0.742749810218811,0.688559353351593,0.6785188913345337,-0.30679285526275635,"","","","","","","","","","","","","","","","","","","","","","","","","","","","","","","","","","","","","","","","","","","","","","","","","",0.11285995692014694,"","PRUNED"
16,0.12569965422153473,"2025-05-16 16:02:11.340844","2025-05-16 16:02:12.092852","0 days 00:00:00.752008",96,160.0,112.0,96.0,32.0,96,192.0,192.0,"","",0.0001123751689996771,5,3,"","","","","","","","","","","","","","","","","","","","","","","","","","","","","","","","","","","","","","","","","","",0.15122352540493011,47.09794998168945,0.26524418592453003,0.2904968559741974,0.5608779788017273,-0.4344620704650879,"","","","","","","","","","","","","","","","","","","","","","","","","","","","","","","","","","","","","","","","","","","","","","","","","",0.12569965422153473,"","PRUNED"
17,0.11412670463323593,"2025-05-16 16:02:12.093163","2025-05-16 16:02:14.293407","0 days 00:00:02.200244",48,224.0,192.0,64.0,"",192,144.0,80.0,256.0,"",0.005023792067768712,4,4,"","","","","","","","","","","","","","","","","","","","","","","","","","","","","","","","","","","","","","","","","","",0.16798020899295807,58.08656311035156,0.5551992058753967,0.5990566611289978,0.689602792263031,-0.5240018367767334,0.21596717834472656,2681.000732421875,0.16081543266773224,0.36550939083099365,0.6090239882469177,-0.2735792398452759,0.16802702844142914,71.96977233886719,0.6517238616943359,0.6572617292404175,0.6737039685249329,-0.6517324447631836,0.12808319926261902,60.030155181884766,0.7576549053192139,0.6731826066970825,0.7907559871673584,0.022030532360076904,"","","","","","","","","","","","","","","","","","","","","","","","","","","","","","","",0.11172059178352356,0.11412670463323593,"PRUNED"
