"number","value","datetime_start","datetime_complete","duration","params_decoder_layer_width_0","params_decoder_layer_width_1","params_decoder_layer_width_2","params_decoder_layer_width_3","params_decoder_layer_width_4","params_lr","params_n_decoder_layers","user_attrs_avg_mae","user_attrs_avg_mape","user_attrs_avg_ndcg10","user_attrs_avg_ndcg20","user_attrs_avg_ndcg50","user_attrs_avg_r2","user_attrs_fold10_mae","user_attrs_fold10_mape","user_attrs_fold10_ndcg10","user_attrs_fold10_ndcg20","user_attrs_fold10_ndcg50","user_attrs_fold10_r2","user_attrs_fold11_mae","user_attrs_fold11_mape","user_attrs_fold11_ndcg10","user_attrs_fold11_ndcg20","user_attrs_fold11_ndcg50","user_attrs_fold11_r2","user_attrs_fold12_mae","user_attrs_fold12_mape","user_attrs_fold12_ndcg10","user_attrs_fold12_ndcg20","user_attrs_fold12_ndcg50","user_attrs_fold12_r2","user_attrs_fold13_mae","user_attrs_fold13_mape","user_attrs_fold13_ndcg10","user_attrs_fold13_ndcg20","user_attrs_fold13_ndcg50","user_attrs_fold13_r2","user_attrs_fold14_mae","user_attrs_fold14_mape","user_attrs_fold14_ndcg10","user_attrs_fold14_ndcg20","user_attrs_fold14_ndcg50","user_attrs_fold14_r2","user_attrs_fold15_mae","user_attrs_fold15_mape","user_attrs_fold15_ndcg10","user_attrs_fold15_ndcg20","user_attrs_fold15_ndcg50","user_attrs_fold15_r2","user_attrs_fold1_mae","user_attrs_fold1_mape","user_attrs_fold1_ndcg10","user_attrs_fold1_ndcg20","user_attrs_fold1_ndcg50","user_attrs_fold1_r2","user_attrs_fold2_mae","user_attrs_fold2_mape","user_attrs_fold2_ndcg10","user_attrs_fold2_ndcg20","user_attrs_fold2_ndcg50","user_attrs_fold2_r2","user_attrs_fold3_mae","user_attrs_fold3_mape","user_attrs_fold3_ndcg10","user_attrs_fold3_ndcg20","user_attrs_fold3_ndcg50","user_attrs_fold3_r2","user_attrs_fold4_mae","user_attrs_fold4_mape","user_attrs_fold4_ndcg10","user_attrs_fold4_ndcg20","user_attrs_fold4_ndcg50","user_attrs_fold4_r2","user_attrs_fold5_mae","user_attrs_fold5_mape","user_attrs_fold5_ndcg10","user_attrs_fold5_ndcg20","user_attrs_fold5_ndcg50","user_attrs_fold5_r2","user_attrs_fold6_mae","user_attrs_fold6_mape","user_attrs_fold6_ndcg10","user_attrs_fold6_ndcg20","user_attrs_fold6_ndcg50","user_attrs_fold6_r2","user_attrs_fold7_mae","user_attrs_fold7_mape","user_attrs_fold7_ndcg10","user_attrs_fold7_ndcg20","user_attrs_fold7_ndcg50","user_attrs_fold7_r2","user_attrs_fold8_mae","user_attrs_fold8_mape","user_attrs_fold8_ndcg10","user_attrs_fold8_ndcg20","user_attrs_fold8_ndcg50","user_attrs_fold8_r2","user_attrs_fold9_mae","user_attrs_fold9_mape","user_attrs_fold9_ndcg10","user_attrs_fold9_ndcg20","user_attrs_fold9_ndcg50","user_attrs_fold9_r2","user_attrs_pca_components","system_attrs_completed_rung_0","system_attrs_completed_rung_1","state"
41,0.15555773178736368,"2025-05-16 16:20:50.198224","2025-05-16 16:20:51.507379","0 days 00:00:01.309155",112,"","","","",0.03638410690592527,1,0.15555773178736368,582.0140029907227,0.3137035598357519,0.318089093764623,0.3815023442109426,-0.18373299837112428,0.2001388818025589,266.08966064453125,0.4547511637210846,0.37153691053390503,0.23412315547466278,-0.16127216815948486,0.20262275636196136,93.4555435180664,0.19917578995227814,0.1839437037706375,0.16924384236335754,-0.5283486843109131,0.1382073312997818,256.044921875,0.29706332087516785,0.2955700159072876,0.26173314452171326,-0.16314458847045898,0.12420975416898727,91.206787109375,0.2041461020708084,0.19955888390541077,0.20560070872306824,-0.20083796977996826,0.2360771745443344,177.6177978515625,0.1989106684923172,0.20325887203216553,0.3182593286037445,-0.30477094650268555,0.11090880632400513,164.62306213378906,0.28348204493522644,0.26803091168403625,0.27639827132225037,-0.10863733291625977,0.17243310809135437,67.26129913330078,0.2947831153869629,0.2607169449329376,0.48444417119026184,-0.4767657518386841,0.22347280383110046,2409.66357421875,0.5153578519821167,0.6015399694442749,0.7673072814941406,-0.26087963581085205,0.1379406899213791,77.2714614868164,0.41652339696884155,0.5436087846755981,0.6040085554122925,-0.192297101020813,0.15299798548221588,77.62861633300781,0.4904593825340271,0.48209989070892334,0.6095654368400574,-0.05964779853820801,0.11857546120882034,972.0252685546875,0.13405007123947144,0.21161487698554993,0.32074442505836487,-0.32736659049987793,0.1094631478190422,1565.059326171875,0.16290199756622314,0.15409894287586212,0.1223965585231781,-0.045351386070251465,0.14633971452713013,329.9045104980469,0.08821123838424683,0.11086231470108032,0.23088552057743073,-0.22024154663085938,0.1381710022687912,626.0661010742188,0.31681928038597107,0.27995848655700684,0.3882993161678314,-0.029692411422729492,0.12180735915899277,1556.2921142578125,0.6489179730415344,0.6049368977546692,0.7295254468917847,0.3232589364051819,10.0,0.10656088590621948,0.10775662213563919,"COMPLETE"
42,0.10939161479473114,"2025-05-16 16:20:51.507763","2025-05-16 16:20:51.988626","0 days 00:00:00.480863",112,"","","","",0.06928048052500098,1,"","","","","","","","","","","","","","","","","","","","","","","","","","","","","","","","","","","","","","","","","","",0.19296929240226746,87.68873596191406,0.285820871591568,0.261554479598999,0.443591445684433,-0.848122239112854,0.23125021159648895,1467.4571533203125,0.5412265658378601,0.5544736385345459,0.7244822978973389,-0.36781179904937744,0.1808907389640808,109.93531036376953,0.3421110510826111,0.4068906009197235,0.4502604305744171,-1.794673204421997,0.1676620990037918,90.83950805664062,0.3557400703430176,0.34519875049591064,0.56380695104599,-0.3106412887573242,"","","","","","","","","","","","","","","","","","","","","","","","","","","","","","","",0.10684125125408173,0.10939161479473114,"PRUNED"
43,0.10847466439008713,"2025-05-16 16:20:51.988852","2025-05-16 16:20:52.448944","0 days 00:00:00.460092",128,"","","","",0.036398294120231565,1,"","","","","","","","","","","","","","","","","","","","","","","","","","","","","","","","","","","","","","","","","","",0.1635250300168991,62.38037872314453,0.519210159778595,0.431704044342041,0.5319669246673584,-0.36124658584594727,0.22266902029514313,2479.179931640625,0.5969412922859192,0.5994905233383179,0.806468665599823,-0.15284264087677002,0.14823965728282928,98.3326187133789,0.3543519079685211,0.44574904441833496,0.6153414249420166,-0.3287816047668457,0.1371462643146515,61.006134033203125,0.4905807673931122,0.5096729397773743,0.6589853763580322,-0.060352444648742676,"","","","","","","","","","","","","","","","","","","","","","","","","","","","","","","",0.10441829264163971,0.10847466439008713,"PRUNED"
44,0.12994350492954254,"2025-05-16 16:20:52.449167","2025-05-16 16:20:52.714291","0 days 00:00:00.265124",176,192.0,"","","",0.020186852582146305,2,"","","","","","","","","","","","","","","","","","","","","","","","","","","","","","","","","","","","","","","","","","",0.1681869477033615,56.80515670776367,0.495932936668396,0.44824647903442383,0.5650513172149658,-0.5609668493270874,"","","","","","","","","","","","","","","","","","","","","","","","","","","","","","","","","","","","","","","","","","","","","","","","","",0.12994350492954254,"","PRUNED"
45,0.11067287623882294,"2025-05-16 16:20:52.714524","2025-05-16 16:20:52.973974","0 days 00:00:00.259450",80,240.0,"","","",0.07224725600568911,2,"","","","","","","","","","","","","","","","","","","","","","","","","","","","","","","","","","","","","","","","","","",0.19135113060474396,72.13299560546875,0.12860676646232605,0.20743529498577118,0.4358409345149994,-0.7615188360214233,"","","","","","","","","","","","","","","","","","","","","","","","","","","","","","","","","","","","","","","","","","","","","","","","","",0.11067287623882294,"","PRUNED"
46,0.12999124825000763,"2025-05-16 16:20:52.974205","2025-05-16 16:20:53.311864","0 days 00:00:00.337659",112,112.0,176.0,176.0,128.0,0.031294560687094554,5,"","","","","","","","","","","","","","","","","","","","","","","","","","","","","","","","","","","","","","","","","","",0.187970370054245,64.08076477050781,0.3079359233379364,0.3392367362976074,0.38500848412513733,-0.8292855024337769,"","","","","","","","","","","","","","","","","","","","","","","","","","","","","","","","","","","","","","","","","","","","","","","","","",0.12999124825000763,"","PRUNED"
47,0.10828211158514023,"2025-05-16 16:20:53.312117","2025-05-16 16:20:53.494304","0 days 00:00:00.182187",144,"","","","",0.00878101442931974,1,"","","","","","","","","","","","","","","","","","","","","","","","","","","","","","","","","","","","","","","","","","",0.1490214765071869,54.015785217285156,0.5017361640930176,0.5392194986343384,0.5692222714424133,-0.2450166940689087,"","","","","","","","","","","","","","","","","","","","","","","","","","","","","","","","","","","","","","","","","","","","","","","","","",0.10828211158514023,"","PRUNED"
48,0.11328496783971786,"2025-05-16 16:20:53.494533","2025-05-16 16:20:53.706528","0 days 00:00:00.211995",48,128.0,"","","",0.01540593626828759,2,"","","","","","","","","","","","","","","","","","","","","","","","","","","","","","","","","","","","","","","","","","",0.16555464267730713,64.05624389648438,0.6783835291862488,0.663390576839447,0.6527516841888428,-0.317981481552124,"","","","","","","","","","","","","","","","","","","","","","","","","","","","","","","","","","","","","","","","","","","","","","","","","",0.11328496783971786,"","PRUNED"
49,0.11187744140625,"2025-05-16 16:20:53.706751","2025-05-16 16:20:53.897633","0 days 00:00:00.190882",192,"","","","",0.0015528852803394007,1,"","","","","","","","","","","","","","","","","","","","","","","","","","","","","","","","","","","","","","","","","","",0.17570844292640686,66.22132873535156,0.515591025352478,0.5924099087715149,0.6919546723365784,-0.5114936828613281,"","","","","","","","","","","","","","","","","","","","","","","","","","","","","","","","","","","","","","","","","","","","","","","","","",0.11187744140625,"","PRUNED"
50,0.11892896145582199,"2025-05-16 16:20:53.897864","2025-05-16 16:20:54.126437","0 days 00:00:00.228573",64,48.0,128.0,"","",0.06067031931516374,3,"","","","","","","","","","","","","","","","","","","","","","","","","","","","","","","","","","","","","","","","","","",0.1763799786567688,57.341552734375,0.3079359233379364,0.3392367362976074,0.38500848412513733,-0.7236829996109009,"","","","","","","","","","","","","","","","","","","","","","","","","","","","","","","","","","","","","","","","","","","","","","","","","",0.11892896145582199,"","PRUNED"
51,0.1619888186454773,"2025-05-16 16:20:54.126674","2025-05-16 16:20:55.415391","0 days 00:00:01.288717",112,"","","","",0.04305183269331108,1,0.1619888186454773,727.824442799886,0.2878811291108529,0.29115063361823557,0.3700183326999346,-0.25670636097590127,0.2078850418329239,314.0548095703125,0.17380598187446594,0.2190256118774414,0.17504936456680298,-0.16359257698059082,0.21273937821388245,110.8816146850586,0.2369680404663086,0.18770983815193176,0.1764519065618515,-0.6683269739151001,0.12860815227031708,237.01768493652344,0.3207731246948242,0.3110315799713135,0.2994658946990967,-0.054065823554992676,0.11745291948318481,85.2471694946289,0.2181243598461151,0.2091098129749298,0.3098970651626587,-0.1398228406906128,0.2482013702392578,201.5338897705078,0.35964587330818176,0.3253151774406433,0.3352370858192444,-0.36183440685272217,0.10260511934757233,140.20034790039062,0.2284846007823944,0.2196246087551117,0.29125306010246277,-0.04349648952484131,0.16777744889259338,68.60890197753906,0.37243586778640747,0.3880961239337921,0.5569177269935608,-0.35886120796203613,0.23523160815238953,2979.227294921875,0.2710808217525482,0.3620010316371918,0.5945422649383545,-0.3633817434310913,0.15613792836666107,84.29600524902344,0.5053181052207947,0.5169423222541809,0.6178458333015442,-0.3980900049209595,0.14245641231536865,63.999332427978516,0.4639277160167694,0.5078386068344116,0.6245734691619873,-0.04371845722198486,0.12570269405841827,1166.8072509765625,0.189943328499794,0.21396321058273315,0.2747010290622711,-0.52076256275177,0.15034237504005432,2647.42529296875,0.01049615629017353,0.01745222695171833,0.042786069214344025,-0.4098021984100342,0.15873652696609497,425.9740905761719,0.20521244406700134,0.1783353090286255,0.26238733530044556,-0.4025336503982544,0.1321364939212799,386.59197998046875,0.582295835018158,0.517947256565094,0.5100954174995422,-0.028568744659423828,0.14381881058216095,2005.5009765625,0.1797046810388565,0.19286678731441498,0.4790714681148529,0.10626226663589478,10.0,0.10627878457307816,0.10646355152130127,"COMPLETE"
52,0.15269711365302405,"2025-05-16 16:20:55.415755","2025-05-16 16:20:56.790981","0 days 00:00:01.375226",96,"","","","",0.03537445550640923,1,0.15269711365302405,627.2015240987142,0.3097448065876961,0.33194006184736885,0.40130412876605986,-0.17759122848510742,0.20058713853359222,257.58514404296875,0.20243552327156067,0.18646955490112305,0.14580979943275452,-0.1861346960067749,0.21084347367286682,108.91259002685547,0.11295758932828903,0.16951806843280792,0.17008313536643982,-0.6379687786102295,0.1186148151755333,206.02455139160156,0.30003923177719116,0.30318546295166016,0.3001762926578522,-0.024338722229003906,0.1224450170993805,82.8374252319336,0.2129812389612198,0.19760079681873322,0.2526565492153168,-0.23662400245666504,0.24424700438976288,202.6507568359375,0.29306426644325256,0.26708802580833435,0.21916311979293823,-0.3549755811691284,0.10104648768901825,130.56703186035156,0.2093634158372879,0.23120567202568054,0.2559608519077301,-0.05994236469268799,0.1586940586566925,55.26081466674805,0.34354615211486816,0.4103906452655792,0.5355479717254639,-0.4196286201477051,0.22084195911884308,3290.878662109375,0.4923824369907379,0.594318151473999,0.7962684631347656,-0.15634334087371826,0.159284308552742,99.02357482910156,0.26678353548049927,0.3173808455467224,0.5201698541641235,-0.4848337173461914,0.15317685902118683,70.90880584716797,0.31327512860298157,0.3813757598400116,0.57197105884552,-0.23750388622283936,0.10512842237949371,809.5034790039062,0.28072795271873474,0.3433755040168762,0.446687787771225,-0.09112906455993652,0.10425494611263275,1405.57373046875,0.1826372742652893,0.1643444448709488,0.14211054146289825,-0.04988241195678711,0.14018748700618744,373.7919616699219,0.19204241037368774,0.2710602283477783,0.38824138045310974,-0.08959424495697021,0.1273915320634842,486.32379150390625,0.6778271198272705,0.6084213256835938,0.6127662658691406,0.0740044116973877,0.12371319532394409,1828.1805419921875,0.5661088228225708,0.5333664417266846,0.6619488596916199,0.29102659225463867,10.0,0.10683181881904602,0.10787339508533478,"COMPLETE"
53,0.10933470726013184,"2025-05-16 16:20:56.791347","2025-05-16 16:20:56.992622","0 days 00:00:00.201275",96,"","","","",0.021962481620736166,1,"","","","","","","","","","","","","","","","","","","","","","","","","","","","","","","","","","","","","","","","","","",0.15459907054901123,57.6945915222168,0.6262851357460022,0.6483285427093506,0.65549635887146,-0.22616171836853027,"","","","","","","","","","","","","","","","","","","","","","","","","","","","","","","","","","","","","","","","","","","","","","","","","",0.10933470726013184,"","PRUNED"
54,0.10929860919713974,"2025-05-16 16:20:56.992843","2025-05-16 16:20:57.190644","0 days 00:00:00.197801",80,"","","","",0.011984112533678617,1,"","","","","","","","","","","","","","","","","","","","","","","","","","","","","","","","","","","","","","","","","","",0.14847856760025024,52.59394073486328,0.697026789188385,0.62714022397995,0.7005093097686768,-0.248335599899292,"","","","","","","","","","","","","","","","","","","","","","","","","","","","","","","","","","","","","","","","","","","","","","","","","",0.10929860919713974,"","PRUNED"
55,0.11866210401058197,"2025-05-16 16:20:57.190862","2025-05-16 16:20:57.444617","0 days 00:00:00.253755",96,160.0,"","","",0.03311447395603705,2,"","","","","","","","","","","","","","","","","","","","","","","","","","","","","","","","","","","","","","","","","","",0.1554822474718094,48.254539489746094,0.2507106065750122,0.3352346420288086,0.53807133436203,-0.519993782043457,"","","","","","","","","","","","","","","","","","","","","","","","","","","","","","","","","","","","","","","","","","","","","","","","","",0.11866210401058197,"","PRUNED"
56,0.11517360061407089,"2025-05-16 16:20:57.444837","2025-05-16 16:20:57.687182","0 days 00:00:00.242345",128,96.0,"","","",0.0771922258299701,2,"","","","","","","","","","","","","","","","","","","","","","","","","","","","","","","","","","","","","","","","","","",0.1762046068906784,63.2067756652832,0.287617564201355,0.40038564801216125,0.526957094669342,-0.6247649192810059,"","","","","","","","","","","","","","","","","","","","","","","","","","","","","","","","","","","","","","","","","","","","","","","","","",0.11517360061407089,"","PRUNED"
57,0.10880955308675766,"2025-05-16 16:20:57.687425","2025-05-16 16:20:57.885441","0 days 00:00:00.198016",64,"","","","",0.05126223797891165,1,"","","","","","","","","","","","","","","","","","","","","","","","","","","","","","","","","","","","","","","","","","",0.1693045198917389,65.77620697021484,0.3380175530910492,0.43708884716033936,0.555255651473999,-0.47647571563720703,"","","","","","","","","","","","","","","","","","","","","","","","","","","","","","","","","","","","","","","","","","","","","","","","","",0.10880955308675766,"","PRUNED"
58,0.12060417979955673,"2025-05-16 16:20:57.885665","2025-05-16 16:20:58.531922","0 days 00:00:00.646257",80,192.0,"","","",0.026602666378990544,2,"","","","","","","","","","","","","","","","","","","","","","","","","","","","","","","","","","","","","","","","","","",0.17792661488056183,58.071773529052734,0.3079359233379364,0.3392367362976074,0.38500848412513733,-0.7384850978851318,0.22020967304706573,2159.464111328125,0.41138148307800293,0.5209335684776306,0.7153717875480652,-0.35161280632019043,0.13979795575141907,62.05165481567383,0.3074106276035309,0.3877711892127991,0.5013818144798279,-0.40139079093933105,0.1540745347738266,76.07139587402344,0.5277816653251648,0.5961410403251648,0.5904762744903564,-0.11865615844726562,"","","","","","","","","","","","","","","","","","","","","","","","","","","","","","","",0.10265359282493591,0.12060417979955673,"PRUNED"
59,0.15005277345577875,"2025-05-16 16:20:58.532166","2025-05-16 16:20:59.955942","0 days 00:00:01.423776",144,"","","","",0.014350334272346669,1,0.15005277345577875,600.2501866658529,0.3469647325575352,0.3531260601555308,0.4180330097675323,-0.13914736111958823,0.20036323368549347,267.18048095703125,0.355593740940094,0.24062420427799225,0.20965434610843658,-0.16989433765411377,0.19317978620529175,78.3609848022461,0.09727621078491211,0.16523514688014984,0.1684558391571045,-0.47750556468963623,0.11922348290681839,196.8605194091797,0.3510992228984833,0.3331737518310547,0.3211514949798584,-0.04423332214355469,0.11802738159894943,82.33651733398438,0.15199904143810272,0.20202131569385529,0.23151828348636627,-0.18501102924346924,0.24078111350536346,185.81622314453125,0.2368323653936386,0.17821048200130463,0.25563642382621765,-0.34753525257110596,0.10178796947002411,139.41378784179688,0.18363085389137268,0.22665108740329742,0.2776971459388733,-0.05147898197174072,0.15598511695861816,58.16925811767578,0.5961757898330688,0.5874703526496887,0.6761074066162109,-0.29376256465911865,0.21537043154239655,2624.951171875,0.608567476272583,0.609247624874115,0.7999982237815857,-0.12008440494537354,0.14786937832832336,80.1298828125,0.24010109901428223,0.27255183458328247,0.5251643657684326,-0.36912035942077637,0.14133240282535553,69.72406768798828,0.4397006034851074,0.4824698567390442,0.6184482574462891,-0.06483745574951172,0.11275701969861984,914.5768432617188,0.22985942661762238,0.27069711685180664,0.2804306447505951,-0.23178577423095703,0.1017315685749054,1374.9002685546875,0.010070424526929855,0.008182140998542309,0.16760188341140747,-0.025961756706237793,0.13244754076004028,435.6711730957031,0.5309292674064636,0.5620439648628235,0.5679278373718262,0.056773483753204346,0.1355421394109726,515.826171875,0.6729504466056824,0.5452147126197815,0.5339053869247437,0.005160033702850342,0.13439303636550903,1979.83544921875,0.49968501925468445,0.6130973100662231,0.6367976069450378,0.23206686973571777,10.0,0.10753586888313293,0.10780806094408035,"COMPLETE"
60,0.1125071719288826,"2025-05-16 16:20:59.956308","2025-05-16 16:21:00.323062","0 days 00:00:00.366754",256,224.0,224.0,"","",0.005090022133757167,3,"","","","","","","","","","","","","","","","","","","","","","","","","","","","","","","","","","","","","","","","","","",0.16251547634601593,62.60797882080078,0.570695161819458,0.625286877155304,0.6194331645965576,-0.2963496446609497,"","","","","","","","","","","","","","","","","","","","","","","","","","","","","","","","","","","","","","","","","","","","","","","","","",0.1125071719288826,"","PRUNED"
61,0.109897680580616,"2025-05-16 16:21:00.323322","2025-05-16 16:21:00.521722","0 days 00:00:00.198400",240,"","","","",0.0190249386751492,1,"","","","","","","","","","","","","","","","","","","","","","","","","","","","","","","","","","","","","","","","","","",0.1649041771888733,60.49484634399414,0.44961947202682495,0.4563315808773041,0.5291133522987366,-0.43983912467956543,"","","","","","","","","","","","","","","","","","","","","","","","","","","","","","","","","","","","","","","","","","","","","","","","","",0.109897680580616,"","PRUNED"
