"number","value","datetime_start","datetime_complete","duration","params_decoder_layer_width_0","params_decoder_layer_width_1","params_decoder_layer_width_2","params_decoder_layer_width_3","params_decoder_layer_width_4","params_encoder_layer_width_0","params_encoder_layer_width_1","params_encoder_layer_width_2","params_encoder_layer_width_3","params_encoder_layer_width_4","params_gatv2_dropout","params_gatv2_heads","params_lr","params_n_decoder_layers","params_n_encoder_layers","user_attrs_avg_mae","user_attrs_avg_mape","user_attrs_avg_ndcg10","user_attrs_avg_ndcg20","user_attrs_avg_ndcg50","user_attrs_avg_r2","user_attrs_fold10_mae","user_attrs_fold10_mape","user_attrs_fold10_ndcg10","user_attrs_fold10_ndcg20","user_attrs_fold10_ndcg50","user_attrs_fold10_r2","user_attrs_fold11_mae","user_attrs_fold11_mape","user_attrs_fold11_ndcg10","user_attrs_fold11_ndcg20","user_attrs_fold11_ndcg50","user_attrs_fold11_r2","user_attrs_fold12_mae","user_attrs_fold12_mape","user_attrs_fold12_ndcg10","user_attrs_fold12_ndcg20","user_attrs_fold12_ndcg50","user_attrs_fold12_r2","user_attrs_fold13_mae","user_attrs_fold13_mape","user_attrs_fold13_ndcg10","user_attrs_fold13_ndcg20","user_attrs_fold13_ndcg50","user_attrs_fold13_r2","user_attrs_fold14_mae","user_attrs_fold14_mape","user_attrs_fold14_ndcg10","user_attrs_fold14_ndcg20","user_attrs_fold14_ndcg50","user_attrs_fold14_r2","user_attrs_fold15_mae","user_attrs_fold15_mape","user_attrs_fold15_ndcg10","user_attrs_fold15_ndcg20","user_attrs_fold15_ndcg50","user_attrs_fold15_r2","user_attrs_fold1_mae","user_attrs_fold1_mape","user_attrs_fold1_ndcg10","user_attrs_fold1_ndcg20","user_attrs_fold1_ndcg50","user_attrs_fold1_r2","user_attrs_fold2_mae","user_attrs_fold2_mape","user_attrs_fold2_ndcg10","user_attrs_fold2_ndcg20","user_attrs_fold2_ndcg50","user_attrs_fold2_r2","user_attrs_fold3_mae","user_attrs_fold3_mape","user_attrs_fold3_ndcg10","user_attrs_fold3_ndcg20","user_attrs_fold3_ndcg50","user_attrs_fold3_r2","user_attrs_fold4_mae","user_attrs_fold4_mape","user_attrs_fold4_ndcg10","user_attrs_fold4_ndcg20","user_attrs_fold4_ndcg50","user_attrs_fold4_r2","user_attrs_fold5_mae","user_attrs_fold5_mape","user_attrs_fold5_ndcg10","user_attrs_fold5_ndcg20","user_attrs_fold5_ndcg50","user_attrs_fold5_r2","user_attrs_fold6_mae","user_attrs_fold6_mape","user_attrs_fold6_ndcg10","user_attrs_fold6_ndcg20","user_attrs_fold6_ndcg50","user_attrs_fold6_r2","user_attrs_fold7_mae","user_attrs_fold7_mape","user_attrs_fold7_ndcg10","user_attrs_fold7_ndcg20","user_attrs_fold7_ndcg50","user_attrs_fold7_r2","user_attrs_fold8_mae","user_attrs_fold8_mape","user_attrs_fold8_ndcg10","user_attrs_fold8_ndcg20","user_attrs_fold8_ndcg50","user_attrs_fold8_r2","user_attrs_fold9_mae","user_attrs_fold9_mape","user_attrs_fold9_ndcg10","user_attrs_fold9_ndcg20","user_attrs_fold9_ndcg50","user_attrs_fold9_r2","user_attrs_pca_components","system_attrs_completed_rung_0","system_attrs_completed_rung_1","state"
74,0.14660976380109786,"2025-05-16 16:10:18.848312","2025-05-16 16:10:22.953806","0 days 00:00:04.105494",144,160.0,208.0,256.0,"",48,"","","","",0.2,3,0.0032976175145472183,4,1,0.14660976380109786,615.2987785339355,0.6241141180197398,0.6179968078931173,0.6394730488459269,-0.0402794599533081,0.17757722735404968,196.48838806152344,0.9977991580963135,0.9459337592124939,0.7988442182540894,0.09115362167358398,0.16344676911830902,62.940128326416016,0.5558412671089172,0.6025575399398804,0.650708019733429,-0.10695540904998779,0.10438156127929688,131.07760620117188,0.9269531965255737,0.8577159643173218,0.7046172022819519,0.16387838125228882,0.11574902385473251,95.21226501464844,0.5020085573196411,0.48812997341156006,0.5199904441833496,-0.08408474922180176,0.23496036231517792,178.75289916992188,0.9035936594009399,0.8963215947151184,0.821768581867218,-0.2902719974517822,0.08547115325927734,111.88301849365234,0.8507664799690247,0.8137404918670654,0.7867863774299622,0.35151249170303345,0.15794812142848969,67.20863342285156,0.5313155651092529,0.5318494439125061,0.6225404143333435,-0.18150198459625244,0.21014189720153809,3237.816650390625,0.3683328330516815,0.5334810614585876,0.6642794609069824,-0.020305275917053223,0.17946873605251312,80.86565399169922,0.7381319403648376,0.7132032513618469,0.7818495035171509,-0.7896163463592529,0.16192147135734558,122.35107421875,0.4334671199321747,0.5166836380958557,0.6080577969551086,0.01992058753967285,0.10623670369386673,172.1314239501953,0.22773012518882751,0.28165674209594727,0.35491690039634705,-0.40376734733581543,0.08766242116689682,1051.1419677734375,0.3288377821445465,0.294112890958786,0.24109604954719543,0.048960328102111816,0.12132757902145386,316.2179870605469,0.6974231004714966,0.5908955931663513,0.6633046269416809,0.1445135474205017,0.16324563324451447,975.6215209960938,0.39494797587394714,0.3494134843349457,0.5701363682746887,0.07979464530944824,0.12960779666900635,2429.7724609375,0.9045630097389221,0.8542566895484924,0.8031997680664062,0.37257760763168335,10.0,0.1094035804271698,0.1022944375872612,"COMPLETE"
75,0.11227843165397644,"2025-05-16 16:10:22.954251","2025-05-16 16:10:23.537343","0 days 00:00:00.583092",144,160.0,208.0,256.0,"",48,"","","","",0.2,4,0.0032171195293132873,4,1,"","","","","","","","","","","","","","","","","","","","","","","","","","","","","","","","","","","","","","","","","","",0.17179203033447266,65.29397583007812,0.19555719196796417,0.2794018089771271,0.48235616087913513,-0.49680817127227783,"","","","","","","","","","","","","","","","","","","","","","","","","","","","","","","","","","","","","","","","","","","","","","","","","",0.11227843165397644,"","PRUNED"
76,0.11288458853960037,"2025-05-16 16:10:23.537631","2025-05-16 16:10:24.858386","0 days 00:00:01.320755",128,144.0,176.0,256.0,"",32,"","","","",0.4,5,0.0020859735252007883,4,1,"","","","","","","","","","","","","","","","","","","","","","","","","","","","","","","","","","","","","","","","","","",0.16574060916900635,78.4840087890625,0.6833093166351318,0.6353391408920288,0.6659181714057922,-0.1346437931060791,0.2700796127319336,3452.918701171875,0.19820627570152283,0.44678905606269836,0.6073558330535889,-0.541908860206604,0.18469910323619843,82.07723236083984,0.30851754546165466,0.33918386697769165,0.4448758065700531,-0.9361672401428223,0.15780161321163177,101.61605834960938,0.28716346621513367,0.4003565311431885,0.5388110876083374,-0.05037271976470947,"","","","","","","","","","","","","","","","","","","","","","","","","","","","","","","",0.10291372239589691,0.11288458853960037,"PRUNED"
77,0.11129985004663467,"2025-05-16 16:10:24.858690","2025-05-16 16:10:26.237845","0 days 00:00:01.379155",112,176.0,240.0,224.0,"",64,"","","","",0.2,3,0.006797264458384804,4,1,"","","","","","","","","","","","","","","","","","","","","","","","","","","","","","","","","","","","","","","","","","",0.1587390899658203,86.59082794189453,0.8304599523544312,0.7255434393882751,0.7511322498321533,0.07977735996246338,0.20712517201900482,3044.40869140625,0.47051864862442017,0.5504886507987976,0.7422918677330017,-0.07241165637969971,0.17808236181735992,76.01972198486328,0.21206247806549072,0.251559853553772,0.33388516306877136,-0.9247640371322632,0.1684185266494751,122.5960464477539,0.30567359924316406,0.4589133560657501,0.5554506182670593,-0.04726576805114746,"","","","","","","","","","","","","","","","","","","","","","","","","","","","","","","",0.10763941705226898,0.11129985004663467,"PRUNED"
78,0.11154805123806,"2025-05-16 16:10:26.238136","2025-05-16 16:10:26.880133","0 days 00:00:00.641997",144,192.0,224.0,240.0,208.0,48,"","","","",0.30000000000000004,4,0.003171376853665188,5,1,"","","","","","","","","","","","","","","","","","","","","","","","","","","","","","","","","","","","","","","","","","",0.16788767278194427,72.9180908203125,0.350933313369751,0.3307068645954132,0.48694559931755066,-0.3406038284301758,"","","","","","","","","","","","","","","","","","","","","","","","","","","","","","","","","","","","","","","","","","","","","","","","","",0.11154805123806,"","PRUNED"
79,0.1468581587076187,"2025-05-16 16:10:26.880395","2025-05-16 16:10:30.557281","0 days 00:00:03.676886",160,112.0,208.0,256.0,"",16,"","","","",0.30000000000000004,2,0.004863849818730634,4,1,0.1468581587076187,407.8322151184082,0.6174393177032471,0.6091697404781977,0.6429299394289653,-0.12208929061889648,0.19051264226436615,189.0358123779297,0.9986114501953125,0.9268750548362732,0.7644208669662476,-0.16163432598114014,0.1900268793106079,59.5850715637207,0.628848135471344,0.5730493664741516,0.6517893075942993,-0.45915794372558594,0.11054971069097519,185.064453125,0.8915939331054688,0.8225932717323303,0.7289355993270874,0.12027806043624878,0.11267977952957153,94.36560821533203,0.43399283289909363,0.48717501759529114,0.5467803478240967,-0.01089775562286377,0.2319776862859726,137.9549560546875,0.7587504982948303,0.7867146134376526,0.7095071077346802,-0.29668986797332764,0.09689898043870926,103.66759490966797,0.762216329574585,0.7371450662612915,0.7304382920265198,0.028019607067108154,0.1608482450246811,63.048500061035156,0.7698383927345276,0.7036869525909424,0.7811724543571472,-0.22839224338531494,0.24747958779335022,2212.86328125,0.22325287759304047,0.34158968925476074,0.5998700261116028,-0.4812277555465698,0.17995907366275787,81.95701599121094,0.5679399371147156,0.6330195665359497,0.6619539856910706,-0.8199384212493896,0.1376466155052185,89.58676147460938,0.6105316281318665,0.5965864658355713,0.6694453358650208,0.16411375999450684,0.10082294791936874,265.84674072265625,0.1606106013059616,0.23953087627887726,0.3915305733680725,-0.20254087448120117,0.08009669929742813,899.895263671875,0.5959174036979675,0.45649856328964233,0.38616734743118286,0.10089677572250366,0.12616199254989624,203.22251892089844,0.48743075132369995,0.47757524251937866,0.645591676235199,0.014271557331085205,0.13144423067569733,574.5325317382812,0.4860609173774719,0.607191264629364,0.5933080911636353,0.16978299617767334,0.10576730966567993,956.8571166992188,0.8859940767288208,0.7483150959014893,0.7830380797386169,0.23177707195281982,10.0,0.1044394001364708,0.10516966134309769,"COMPLETE"
80,0.11176850646734238,"2025-05-16 16:10:30.557771","2025-05-16 16:10:31.687857","0 days 00:00:01.130086",160,112.0,192.0,"","",16,"","","","",0.2,2,0.004755082244993336,3,1,"","","","","","","","","","","","","","","","","","","","","","","","","","","","","","","","","","","","","","","","","","",0.1642330139875412,63.50014114379883,0.6056787967681885,0.562192976474762,0.614916205406189,-0.382287859916687,0.2836315929889679,2818.40576171875,0.2439206838607788,0.4357564151287079,0.6120802760124207,-0.8725787401199341,0.16860206425189972,76.7394790649414,0.851038932800293,0.8144930005073547,0.7823842763900757,-0.5201996564865112,0.14782020449638367,107.82904815673828,0.6775995492935181,0.711177408695221,0.764808714389801,0.17698830366134644,"","","","","","","","","","","","","","","","","","","","","","","","","","","","","","","",0.10308008641004562,0.11176850646734238,"PRUNED"
81,0.11041427403688431,"2025-05-16 16:10:31.688131","2025-05-16 16:10:33.063145","0 days 00:00:01.375014",160,128.0,208.0,256.0,"",32,"","","","",0.30000000000000004,3,0.0018246043743911824,4,1,"","","","","","","","","","","","","","","","","","","","","","","","","","","","","","","","","","","","","","","","","","",0.15057291090488434,64.01746368408203,0.5894424915313721,0.6878179311752319,0.7432795166969299,-0.05182349681854248,0.2386750876903534,3465.96630859375,0.1806272566318512,0.4178643524646759,0.5997031331062317,-0.26166629791259766,0.184908926486969,86.17003631591797,0.5835919380187988,0.6228336691856384,0.6660284399986267,-0.8275051116943359,0.1299007087945938,73.67754364013672,0.7068347930908203,0.6939005255699158,0.7787066698074341,0.1936122179031372,"","","","","","","","","","","","","","","","","","","","","","","","","","","","","","","",0.10665036737918854,0.11041427403688431,"PRUNED"
82,0.10919361561536789,"2025-05-16 16:10:33.063421","2025-05-16 16:10:34.382053","0 days 00:00:01.318632",144,160.0,208.0,240.0,"",16,"","","","",0.30000000000000004,3,0.0013790936639702666,4,1,"","","","","","","","","","","","","","","","","","","","","","","","","","","","","","","","","","","","","","","","","","",0.16078369319438934,64.4488525390625,0.4927304983139038,0.5387073159217834,0.6453954577445984,-0.24045729637145996,0.27535480260849,2829.98876953125,0.24144583940505981,0.31872236728668213,0.5855064988136292,-0.7286250591278076,0.1740511953830719,77.38932800292969,0.7979363203048706,0.7604736089706421,0.7710922360420227,-0.7275955677032471,0.1402885466814041,96.59225463867188,0.6773431301116943,0.6663774251937866,0.7364286780357361,0.25489962100982666,"","","","","","","","","","","","","","","","","","","","","","","","","","","","","","","",0.10383765399456024,0.10919361561536789,"PRUNED"
83,0.10908127576112747,"2025-05-16 16:10:34.382360","2025-05-16 16:10:35.744686","0 days 00:00:01.362326",176,144.0,224.0,240.0,"",48,"","","","",0.30000000000000004,2,0.002455684128618127,4,1,"","","","","","","","","","","","","","","","","","","","","","","","","","","","","","","","","","","","","","","","","","",0.17040283977985382,69.43428802490234,0.6159518957138062,0.5940365791320801,0.6522497534751892,-0.3611050844192505,0.23131923377513885,2728.9892578125,0.24256181716918945,0.39523541927337646,0.612623929977417,-0.2857924699783325,0.18868838250637054,85.25294494628906,0.22317303717136383,0.43511223793029785,0.4737904369831085,-0.9787644147872925,0.13990789651870728,99.19429779052734,0.6575487852096558,0.6791950464248657,0.7757312059402466,0.30725419521331787,"","","","","","","","","","","","","","","","","","","","","","","","","","","","","","","",0.10440225154161453,0.10908127576112747,"PRUNED"
84,0.11255742609500885,"2025-05-16 16:10:35.745010","2025-05-16 16:10:36.492842","0 days 00:00:00.747832",128,112.0,176.0,"","",32,256.0,"","","",0.30000000000000004,1,0.0008999779488089233,3,2,"","","","","","","","","","","","","","","","","","","","","","","","","","","","","","","","","","","","","","","","","","",0.1756584793329239,60.13637161254883,0.8317051529884338,0.7155006527900696,0.6740924715995789,-0.6297131776809692,"","","","","","","","","","","","","","","","","","","","","","","","","","","","","","","","","","","","","","","","","","","","","","","","","",0.11255742609500885,"","PRUNED"
85,0.1109638586640358,"2025-05-16 16:10:36.493110","2025-05-16 16:10:37.103464","0 days 00:00:00.610354",112,96.0,240.0,256.0,"",64,"","","","",0.4,4,0.003552002441084912,4,1,"","","","","","","","","","","","","","","","","","","","","","","","","","","","","","","","","","","","","","","","","","",0.15224894881248474,57.24553298950195,0.6459969878196716,0.6510177254676819,0.6854065656661987,-0.2627377510070801,"","","","","","","","","","","","","","","","","","","","","","","","","","","","","","","","","","","","","","","","","","","","","","","","","",0.1109638586640358,"","PRUNED"
86,0.10955099761486053,"2025-05-16 16:10:37.103757","2025-05-16 16:10:37.659218","0 days 00:00:00.555461",144,128.0,208.0,224.0,"",32,"","","","",0.2,3,0.004654734885650647,4,1,"","","","","","","","","","","","","","","","","","","","","","","","","","","","","","","","","","","","","","","","","","",0.1631597876548767,84.17772674560547,0.46248579025268555,0.5222131609916687,0.6113331317901611,-0.0173795223236084,"","","","","","","","","","","","","","","","","","","","","","","","","","","","","","","","","","","","","","","","","","","","","","","","","",0.10955099761486053,"","PRUNED"
87,0.11803166568279266,"2025-05-16 16:10:37.659486","2025-05-16 16:10:38.915963","0 days 00:00:01.256477",176,144.0,160.0,"","",16,240.0,"","","",0.30000000000000004,4,0.006206780689574047,3,2,"","","","","","","","","","","","","","","","","","","","","","","","","","","","","","","","","","","","","","","","","","",0.15665827691555023,58.28020477294922,0.7367121577262878,0.7049250602722168,0.7571515440940857,-0.29204487800598145,"","","","","","","","","","","","","","","","","","","","","","","","","","","","","","","","","","","","","","","","","","","","","","","","","",0.11803166568279266,"","PRUNED"
88,0.145502773920695,"2025-05-16 16:10:38.916252","2025-05-16 16:10:42.984461","0 days 00:00:04.068209",160,176.0,224.0,208.0,"",48,"","","","",0.30000000000000004,2,0.0015906670944316242,4,1,0.145502773920695,339.9693028767904,0.6113533933957418,0.59445687631766,0.6337826410929362,-0.14148466189702352,0.1867007464170456,171.78506469726562,0.9988996386528015,0.9321908950805664,0.8121389746665955,-0.10911047458648682,0.19750559329986572,59.88338088989258,0.5290208458900452,0.5130146145820618,0.6392585635185242,-0.5737135410308838,0.11073322594165802,113.61541748046875,0.92005854845047,0.8007477521896362,0.729305624961853,-0.10811376571655273,0.12034133821725845,70.59874725341797,0.5855549573898315,0.504027247428894,0.49820026755332947,-0.24067091941833496,0.23413702845573425,145.630615234375,1.0,1.0,0.8265759348869324,-0.31486403942108154,0.09550625085830688,95.80014038085938,0.2833196222782135,0.3001540005207062,0.47653722763061523,-0.041341304779052734,0.1584768146276474,60.34004592895508,0.7142698764801025,0.7114460468292236,0.6946222186088562,-0.25909149646759033,0.2274027317762375,1891.6011962890625,0.2502768039703369,0.4090431034564972,0.6163652539253235,-0.22941279411315918,0.1831083595752716,82.17434692382812,0.7025145292282104,0.6676486134529114,0.6992924213409424,-0.8766264915466309,0.1434362679719925,82.0145034790039,0.5339043140411377,0.5673009157180786,0.6289194226264954,0.10264968872070312,0.0912860706448555,168.82876586914062,0.7026118040084839,0.7025005221366882,0.6880569458007812,-0.05708038806915283,0.0840039849281311,991.6362915039062,0.2329326570034027,0.24657681584358215,0.2484181523323059,0.10474658012390137,0.12811526656150818,206.0576629638672,0.5564835667610168,0.4913673400878906,0.5974441766738892,-0.048424601554870605,0.13400976359844208,488.68603515625,0.2578986883163452,0.23395060002803802,0.4464753568172455,0.07715195417404175,0.08777816593647003,470.8873291015625,0.9025550484657288,0.8368846774101257,0.905129075050354,0.45163166522979736,10.0,0.10891290754079819,0.10342865437269211,"COMPLETE"
89,0.11062708497047424,"2025-05-16 16:10:42.984970","2025-05-16 16:10:43.570968","0 days 00:00:00.585998",160,176.0,256.0,208.0,80.0,32,"","","","",0.4,1,0.0007711848197765042,5,1,"","","","","","","","","","","","","","","","","","","","","","","","","","","","","","","","","","","","","","","","","","",0.18747945129871368,69.1966323852539,0.6768314242362976,0.6518539190292358,0.6460364460945129,-0.6802229881286621,"","","","","","","","","","","","","","","","","","","","","","","","","","","","","","","","","","","","","","","","","","","","","","","","","",0.11062708497047424,"","PRUNED"
90,0.14347844968239468,"2025-05-16 16:10:43.571256","2025-05-16 16:10:47.375937","0 days 00:00:03.804681",80,192.0,224.0,"","",48,"","","","",0.30000000000000004,2,0.00281636345323924,3,1,0.14347844968239468,466.1239565531413,0.5475470811128617,0.5486552928884824,0.591372533639272,-0.07803143660227457,0.1838880479335785,174.55322265625,0.9992160201072693,0.8787739276885986,0.8060367107391357,-0.05544257164001465,0.19532573223114014,60.13368225097656,0.37183958292007446,0.382489413022995,0.32722118496894836,-0.5637021064758301,0.11124204844236374,135.35946655273438,0.7448828816413879,0.6034257411956787,0.5837026834487915,-0.08577179908752441,0.12177319079637527,74.37464904785156,0.240652397274971,0.27075231075286865,0.30623766779899597,-0.26943063735961914,0.21670052409172058,124.64456176757812,0.8943560719490051,0.9318207502365112,0.8773043751716614,-0.11981058120727539,0.09195409715175629,103.58220672607422,0.6421957015991211,0.6670354008674622,0.7063270211219788,0.1706426739692688,0.15437771379947662,59.98923873901367,0.853188693523407,0.7267673015594482,0.6979835629463196,-0.17033588886260986,0.2234121859073639,3418.66650390625,0.20140890777111053,0.3882915675640106,0.6108806729316711,-0.13043975830078125,0.16695262491703033,76.62251281738281,0.8284032344818115,0.8167294263839722,0.8004354238510132,-0.45654332637786865,0.13694743812084198,85.9083251953125,0.7677607536315918,0.7032370567321777,0.681614100933075,0.22263699769973755,0.09856972843408585,163.8794708251953,0.4162883460521698,0.5461081862449646,0.5501120686531067,-0.2385392189025879,0.08848125487565994,1104.0137939453125,0.24530179798603058,0.24135750532150269,0.28129005432128906,0.07791703939437866,0.12125026434659958,282.87213134765625,0.5505068302154541,0.5105534195899963,0.618442714214325,0.19163918495178223,0.1419716775417328,460.12921142578125,0.14753228425979614,0.11501573771238327,0.34905898571014404,-0.010069608688354492,0.09933021664619446,667.13037109375,0.3096727132797241,0.44747164845466614,0.6739407777786255,0.26677805185317993,10.0,0.10797269642353058,0.10565690696239471,"COMPLETE"
91,0.10916316509246826,"2025-05-16 16:10:47.376439","2025-05-16 16:10:48.669932","0 days 00:00:01.293493",80,192.0,224.0,"","",48,"","","","",0.30000000000000004,2,0.0027802063750352623,3,1,"","","","","","","","","","","","","","","","","","","","","","","","","","","","","","","","","","","","","","","","","","",0.15947337448596954,63.207481384277344,0.6869662404060364,0.6787552833557129,0.6536533832550049,-0.24638140201568604,0.24441081285476685,3262.6708984375,0.32773903012275696,0.39779478311538696,0.6182503700256348,-0.322334885597229,0.1764374077320099,81.46408081054688,0.7267415523529053,0.7049989700317383,0.7153782844543457,-0.6406935453414917,0.1543015092611313,101.034912109375,0.7287600636482239,0.6426189541816711,0.6852862238883972,0.13684242963790894,"","","","","","","","","","","","","","","","","","","","","","","","","","","","","","","",0.10572823137044907,0.10916316509246826,"PRUNED"
