"number","value","datetime_start","datetime_complete","duration","params_decoder_layer_width_0","params_decoder_layer_width_1","params_decoder_layer_width_2","params_decoder_layer_width_3","params_decoder_layer_width_4","params_lr","params_n_decoder_layers","user_attrs_avg_mae","user_attrs_avg_mape","user_attrs_avg_ndcg10","user_attrs_avg_ndcg20","user_attrs_avg_ndcg50","user_attrs_avg_r2","user_attrs_fold10_mae","user_attrs_fold10_mape","user_attrs_fold10_ndcg10","user_attrs_fold10_ndcg20","user_attrs_fold10_ndcg50","user_attrs_fold10_r2","user_attrs_fold11_mae","user_attrs_fold11_mape","user_attrs_fold11_ndcg10","user_attrs_fold11_ndcg20","user_attrs_fold11_ndcg50","user_attrs_fold11_r2","user_attrs_fold12_mae","user_attrs_fold12_mape","user_attrs_fold12_ndcg10","user_attrs_fold12_ndcg20","user_attrs_fold12_ndcg50","user_attrs_fold12_r2","user_attrs_fold13_mae","user_attrs_fold13_mape","user_attrs_fold13_ndcg10","user_attrs_fold13_ndcg20","user_attrs_fold13_ndcg50","user_attrs_fold13_r2","user_attrs_fold14_mae","user_attrs_fold14_mape","user_attrs_fold14_ndcg10","user_attrs_fold14_ndcg20","user_attrs_fold14_ndcg50","user_attrs_fold14_r2","user_attrs_fold15_mae","user_attrs_fold15_mape","user_attrs_fold15_ndcg10","user_attrs_fold15_ndcg20","user_attrs_fold15_ndcg50","user_attrs_fold15_r2","user_attrs_fold1_mae","user_attrs_fold1_mape","user_attrs_fold1_ndcg10","user_attrs_fold1_ndcg20","user_attrs_fold1_ndcg50","user_attrs_fold1_r2","user_attrs_fold2_mae","user_attrs_fold2_mape","user_attrs_fold2_ndcg10","user_attrs_fold2_ndcg20","user_attrs_fold2_ndcg50","user_attrs_fold2_r2","user_attrs_fold3_mae","user_attrs_fold3_mape","user_attrs_fold3_ndcg10","user_attrs_fold3_ndcg20","user_attrs_fold3_ndcg50","user_attrs_fold3_r2","user_attrs_fold4_mae","user_attrs_fold4_mape","user_attrs_fold4_ndcg10","user_attrs_fold4_ndcg20","user_attrs_fold4_ndcg50","user_attrs_fold4_r2","user_attrs_fold5_mae","user_attrs_fold5_mape","user_attrs_fold5_ndcg10","user_attrs_fold5_ndcg20","user_attrs_fold5_ndcg50","user_attrs_fold5_r2","user_attrs_fold6_mae","user_attrs_fold6_mape","user_attrs_fold6_ndcg10","user_attrs_fold6_ndcg20","user_attrs_fold6_ndcg50","user_attrs_fold6_r2","user_attrs_fold7_mae","user_attrs_fold7_mape","user_attrs_fold7_ndcg10","user_attrs_fold7_ndcg20","user_attrs_fold7_ndcg50","user_attrs_fold7_r2","user_attrs_fold8_mae","user_attrs_fold8_mape","user_attrs_fold8_ndcg10","user_attrs_fold8_ndcg20","user_attrs_fold8_ndcg50","user_attrs_fold8_r2","user_attrs_fold9_mae","user_attrs_fold9_mape","user_attrs_fold9_ndcg10","user_attrs_fold9_ndcg20","user_attrs_fold9_ndcg50","user_attrs_fold9_r2","user_attrs_pca_components","system_attrs_completed_rung_0","system_attrs_completed_rung_1","state"
19,0.15423018683989842,"2025-05-16 16:20:40.763783","2025-05-16 16:20:42.550397","0 days 00:00:01.786614",80,208.0,112.0,"","",0.010533073255786467,3,0.15423018683989842,600.9099718729655,0.22062587669740122,0.2505406033247709,0.34098005046447116,-0.18907393217086793,0.2051864117383957,297.1037902832031,0.13259199261665344,0.1207456886768341,0.13849861919879913,-0.1527014970779419,0.197944775223732,86.2601547241211,0.14247559010982513,0.18457117676734924,0.16900578141212463,-0.4944000244140625,0.12152652442455292,204.39300537109375,0.1172010526061058,0.13434727489948273,0.2279026210308075,-0.05005621910095215,0.12778614461421967,109.95247650146484,0.1557331085205078,0.16338591277599335,0.19517508149147034,-0.20314908027648926,0.23866087198257446,207.5225372314453,0.25153422355651855,0.18062599003314972,0.20460526645183563,-0.28516900539398193,0.10278022289276123,146.37051391601562,0.15657278895378113,0.18858373165130615,0.2655717134475708,-0.04012107849121094,0.16263185441493988,63.1617317199707,0.6089999675750732,0.6465805768966675,0.6520779132843018,-0.2774934768676758,0.2299909144639969,3236.109619140625,0.30302372574806213,0.43184906244277954,0.6375741958618164,-0.3630145788192749,0.14875249564647675,75.22298431396484,0.29235050082206726,0.4877411723136902,0.58664470911026,-0.33989858627319336,0.1451353281736374,73.52069091796875,0.47563180327415466,0.4858079254627228,0.6505398154258728,-0.06901931762695312,0.1075838953256607,654.7896118164062,0.29281866550445557,0.29535675048828125,0.3471464514732361,-0.2661038637161255,0.10194433480501175,1277.322021484375,0.011050988920032978,0.019084373489022255,0.03120257705450058,-0.0787428617477417,0.14922666549682617,315.8828125,0.2045096457004547,0.21650971472263336,0.24867552518844604,-0.28179001808166504,0.13076931238174438,373.0207824707031,0.10833628475666046,0.11192343384027481,0.39695796370506287,0.016769111156463623,0.14353305101394653,1893.016845703125,0.05655781179666519,0.09099626541137695,0.36312252283096313,0.048781514167785645,10.0,0.10414426028728485,0.10850059986114502,"COMPLETE"
20,0.110793836414814,"2025-05-16 16:20:42.550796","2025-05-16 16:20:42.798901","0 days 00:00:00.248105",224,208.0,"","","",0.0037916706099477542,2,"","","","","","","","","","","","","","","","","","","","","","","","","","","","","","","","","","","","","","","","","","",0.1501702070236206,54.618431091308594,0.5618942379951477,0.6501217484474182,0.7117106914520264,-0.20552492141723633,"","","","","","","","","","","","","","","","","","","","","","","","","","","","","","","","","","","","","","","","","","","","","","","","","",0.110793836414814,"","PRUNED"
21,0.11316198855638504,"2025-05-16 16:20:42.799127","2025-05-16 16:20:43.049632","0 days 00:00:00.250505",80,208.0,96.0,"","",0.010940209038864102,3,"","","","","","","","","","","","","","","","","","","","","","","","","","","","","","","","","","","","","","","","","","",0.1612638533115387,60.95511245727539,0.5649808049201965,0.5648462772369385,0.6184029579162598,-0.3212161064147949,"","","","","","","","","","","","","","","","","","","","","","","","","","","","","","","","","","","","","","","","","","","","","","","","","",0.11316198855638504,"","PRUNED"
22,0.1299925148487091,"2025-05-16 16:20:43.049872","2025-05-16 16:20:43.330131","0 days 00:00:00.280259",48,224.0,192.0,16.0,"",0.027290764913802504,4,"","","","","","","","","","","","","","","","","","","","","","","","","","","","","","","","","","","","","","","","","","",0.1684805005788803,65.6624526977539,0.3879566490650177,0.38836681842803955,0.47035104036331177,-0.4648216962814331,"","","","","","","","","","","","","","","","","","","","","","","","","","","","","","","","","","","","","","","","","","","","","","","","","",0.1299925148487091,"","PRUNED"
23,0.1097370982170105,"2025-05-16 16:20:43.330367","2025-05-16 16:20:43.559131","0 days 00:00:00.228764",80,144.0,128.0,"","",0.00266065999692573,3,"","","","","","","","","","","","","","","","","","","","","","","","","","","","","","","","","","","","","","","","","","",0.15736114978790283,56.93851852416992,0.49529901146888733,0.6315429210662842,0.6270526051521301,-0.31582486629486084,"","","","","","","","","","","","","","","","","","","","","","","","","","","","","","","","","","","","","","","","","","","","","","","","","",0.1097370982170105,"","PRUNED"
24,0.11519645899534225,"2025-05-16 16:20:43.559364","2025-05-16 16:20:44.090001","0 days 00:00:00.530637",128,176.0,"","","",0.00894281688542378,2,"","","","","","","","","","","","","","","","","","","","","","","","","","","","","","","","","","","","","","","","","","",0.16646435856819153,62.756683349609375,0.42276182770729065,0.5294742584228516,0.6342893838882446,-0.40686047077178955,0.2237570732831955,2660.8349609375,0.5349123477935791,0.6055715084075928,0.8044775724411011,-0.21495461463928223,0.14142005145549774,67.72509002685547,0.3289549946784973,0.5257569551467896,0.6108955144882202,-0.29476189613342285,0.14514076709747314,77.2449951171875,0.5069518685340881,0.6175428032875061,0.6437841653823853,0.00508493185043335,"","","","","","","","","","","","","","","","","","","","","","","","","","","","","","","",0.10638349503278732,0.11519645899534225,"PRUNED"
25,0.15752728780110678,"2025-05-16 16:20:44.090244","2025-05-16 16:20:45.376209","0 days 00:00:01.285965",112,"","","","",0.04197910799460677,1,0.15752728780110678,693.8333094278971,0.3143776794274648,0.34175800705949466,0.4011015276114146,-0.20466055870056152,0.19673675298690796,274.6451721191406,0.2323192059993744,0.26753532886505127,0.2975091338157654,-0.09271752834320068,0.2085152268409729,108.39567565917969,0.2328595370054245,0.18539023399353027,0.17529095709323883,-0.57816481590271,0.12662361562252045,235.87744140625,0.2686749994754791,0.2859882414340973,0.30119994282722473,-0.05103015899658203,0.12029459327459335,99.271484375,0.2373691201210022,0.27062562108039856,0.3010501265525818,-0.14436638355255127,0.24197696149349213,204.21304321289062,0.6423928141593933,0.5440044403076172,0.3803448975086212,-0.319644570350647,0.11419697850942612,158.49366760253906,0.2926783263683319,0.285075306892395,0.30780133605003357,-0.21503758430480957,0.16213718056678772,60.67546081542969,0.34834015369415283,0.40729400515556335,0.5478498339653015,-0.3858611583709717,0.2278999537229538,3232.6875,0.5418459177017212,0.5681185126304626,0.7573381066322327,-0.18243801593780518,0.15387891232967377,92.79608917236328,0.27077439427375793,0.2996700704097748,0.427665650844574,-0.5699516534805298,0.15193916857242584,72.19502258300781,0.3472284972667694,0.3793797194957733,0.5467427372932434,-0.25054681301116943,0.1214190125465393,919.3007202148438,0.35885176062583923,0.35821226239204407,0.38435840606689453,-0.375624418258667,0.11085200309753418,1615.746337890625,0.04594750702381134,0.0374838151037693,0.09572194516658783,-0.06885290145874023,0.15580889582633972,438.11968994140625,0.19565033912658691,0.17062503099441528,0.3863823115825653,-0.13893485069274902,0.14091907441616058,558.0586547851562,0.13846048712730408,0.4068293869495392,0.40370818972587585,-0.00832664966583252,0.12971098721027374,2337.023681640625,0.5622721314430237,0.6601381301879883,0.7035593390464783,0.3115891218185425,10.0,0.10558174550533295,0.10844098776578903,"COMPLETE"
26,0.13004547357559204,"2025-05-16 16:20:45.376553","2025-05-16 16:20:45.714567","0 days 00:00:00.338014",144,240.0,96.0,144.0,"",0.016452820910733572,4,"","","","","","","","","","","","","","","","","","","","","","","","","","","","","","","","","","","","","","","","","","",0.15058781206607819,64.52058410644531,0.5876836776733398,0.6898841261863708,0.7004939317703247,-0.03779482841491699,"","","","","","","","","","","","","","","","","","","","","","","","","","","","","","","","","","","","","","","","","","","","","","","","","",0.13004547357559204,"","PRUNED"
27,0.11541314423084259,"2025-05-16 16:20:45.714801","2025-05-16 16:20:45.924848","0 days 00:00:00.210047",80,144.0,"","","",0.09581779210380448,2,"","","","","","","","","","","","","","","","","","","","","","","","","","","","","","","","","","","","","","","","","","",0.1776682436466217,59.24626541137695,0.2603304982185364,0.3355964422225952,0.4343254566192627,-0.770855188369751,"","","","","","","","","","","","","","","","","","","","","","","","","","","","","","","","","","","","","","","","","","","","","","","","","",0.11541314423084259,"","PRUNED"
28,0.12939561903476715,"2025-05-16 16:20:45.925076","2025-05-16 16:20:46.170425","0 days 00:00:00.245349",48,192.0,96.0,"","",0.02291264284631279,3,"","","","","","","","","","","","","","","","","","","","","","","","","","","","","","","","","","","","","","","","","","",0.17357145249843597,60.863677978515625,0.6860877871513367,0.6000210046768188,0.6137313842773438,-0.586801290512085,"","","","","","","","","","","","","","","","","","","","","","","","","","","","","","","","","","","","","","","","","","","","","","","","","",0.12939561903476715,"","PRUNED"
29,0.12671267986297607,"2025-05-16 16:20:46.170650","2025-05-16 16:20:46.352210","0 days 00:00:00.181560",96,"","","","",0.00011723033191382643,1,"","","","","","","","","","","","","","","","","","","","","","","","","","","","","","","","","","","","","","","","","","",0.18240173161029816,67.40567016601562,0.2421255260705948,0.24821466207504272,0.37991347908973694,-0.770919919013977,"","","","","","","","","","","","","","","","","","","","","","","","","","","","","","","","","","","","","","","","","","","","","","","","","",0.12671267986297607,"","PRUNED"
30,0.11141353845596313,"2025-05-16 16:20:46.352431","2025-05-16 16:20:46.568463","0 days 00:00:00.216032",96,80.0,"","","",0.004387500748086701,2,"","","","","","","","","","","","","","","","","","","","","","","","","","","","","","","","","","","","","","","","","","",0.1437510997056961,52.72566604614258,0.48323699831962585,0.5840380191802979,0.655764102935791,-0.15879333019256592,"","","","","","","","","","","","","","","","","","","","","","","","","","","","","","","","","","","","","","","","","","","","","","","","","",0.11141353845596313,"","PRUNED"
31,0.16082942187786103,"2025-05-16 16:20:46.568691","2025-05-16 16:20:47.870443","0 days 00:00:01.301752",112,"","","","",0.041398826751758606,1,0.16082942187786103,649.7052861531575,0.2853642205397288,0.3007461532950401,0.3583078682422638,-0.25270763238271077,0.19752949476242065,249.62606811523438,0.4417504370212555,0.4952772855758667,0.34751754999160767,-0.17154955863952637,0.21214227378368378,114.79447937011719,0.141057088971138,0.1820075660943985,0.17038117349147797,-0.6374472379684448,0.13029855489730835,234.0542755126953,0.2368295043706894,0.25424206256866455,0.22277498245239258,-0.11812901496887207,0.13394220173358917,108.50534057617188,0.22378630936145782,0.1988442987203598,0.21306100487709045,-0.36572062969207764,0.23841048777103424,196.9683837890625,0.21976318955421448,0.20049269497394562,0.25465765595436096,-0.29672038555145264,0.11560986936092377,170.8458709716797,0.2615939974784851,0.254147469997406,0.2862510681152344,-0.22569406032562256,0.16142044961452484,66.37751770019531,0.4602157771587372,0.548249363899231,0.600028932094574,-0.22737526893615723,0.21379396319389343,2519.69970703125,0.6653897166252136,0.6225180625915527,0.8231747150421143,0.007445573806762695,0.15588505566120148,83.4202880859375,0.3189372420310974,0.4106534719467163,0.46647992730140686,-0.6686807870864868,0.14951902627944946,75.43134307861328,0.4107273519039154,0.440915584564209,0.5814242959022522,-0.12043070793151855,0.12092858552932739,709.3950805664062,0.30868151783943176,0.36118894815444946,0.39091557264328003,-0.3989896774291992,0.1156364232301712,1768.9981689453125,0.03938671573996544,0.034074053168296814,0.17150740325450897,-0.04686093330383301,0.1631045937538147,485.062255859375,0.18438376486301422,0.1715037077665329,0.3700425326824188,-0.31711018085479736,0.13418088853359222,569.9310302734375,0.3295373320579529,0.28962257504463196,0.34183332324028015,0.0543978214263916,0.17003946006298065,2392.469482421875,0.038423363119363785,0.04745515435934067,0.13456788659095764,-0.25774943828582764,10.0,0.10650721937417984,0.10545893013477325,"COMPLETE"
32,0.10876451432704926,"2025-05-16 16:20:47.870922","2025-05-16 16:20:48.067738","0 days 00:00:00.196816",112,"","","","",0.04932924431262265,1,"","","","","","","","","","","","","","","","","","","","","","","","","","","","","","","","","","","","","","","","","","",0.17674456536769867,73.51123809814453,0.30943483114242554,0.2904578447341919,0.48496708273887634,-0.5303391218185425,"","","","","","","","","","","","","","","","","","","","","","","","","","","","","","","","","","","","","","","","","","","","","","","","","",0.10876451432704926,"","PRUNED"
33,0.10964614152908325,"2025-05-16 16:20:48.067965","2025-05-16 16:20:48.269878","0 days 00:00:00.201913",160,"","","","",0.007808828801951401,1,"","","","","","","","","","","","","","","","","","","","","","","","","","","","","","","","","","","","","","","","","","",0.15964336693286896,60.39832305908203,0.36183062195777893,0.46531349420547485,0.5910000801086426,-0.3083277940750122,"","","","","","","","","","","","","","","","","","","","","","","","","","","","","","","","","","","","","","","","","","","","","","","","","",0.10964614152908325,"","PRUNED"
34,0.11302658915519714,"2025-05-16 16:20:48.270105","2025-05-16 16:20:48.467569","0 days 00:00:00.197464",96,"","","","",0.002190799653381621,1,"","","","","","","","","","","","","","","","","","","","","","","","","","","","","","","","","","","","","","","","","","",0.17475740611553192,62.70940399169922,0.5822175145149231,0.5283653140068054,0.5995404124259949,-0.5559014081954956,"","","","","","","","","","","","","","","","","","","","","","","","","","","","","","","","","","","","","","","","","","","","","","","","","",0.11302658915519714,"","PRUNED"
35,0.11687073856592178,"2025-05-16 16:20:48.467802","2025-05-16 16:20:48.705553","0 days 00:00:00.237751",64,128.0,"","","",0.030968196114654567,2,"","","","","","","","","","","","","","","","","","","","","","","","","","","","","","","","","","","","","","","","","","",0.16599087417125702,61.430633544921875,0.6306740045547485,0.6696344017982483,0.6153343319892883,-0.4054274559020996,"","","","","","","","","","","","","","","","","","","","","","","","","","","","","","","","","","","","","","","","","","","","","","","","","",0.11687073856592178,"","PRUNED"
36,0.11254972964525223,"2025-05-16 16:20:48.705789","2025-05-16 16:20:49.175920","0 days 00:00:00.470131",128,"","","","",0.012720723909402692,1,"","","","","","","","","","","","","","","","","","","","","","","","","","","","","","","","","","","","","","","","","","",0.16418734192848206,60.903953552246094,0.6017155647277832,0.6034700870513916,0.6733022928237915,-0.35226762294769287,0.22157390415668488,2933.889404296875,0.6019067764282227,0.6306366324424744,0.8076964020729065,-0.06524884700775146,0.14825372397899628,73.09297180175781,0.24890102446079254,0.3401283919811249,0.4468565881252289,-0.4969806671142578,0.1453658491373062,66.140869140625,0.37629425525665283,0.5512445569038391,0.6238675713539124,-0.13802456855773926,"","","","","","","","","","","","","","","","","","","","","","","","","","","","","","","",0.10808034986257553,0.11254972964525223,"PRUNED"
37,0.11078139394521713,"2025-05-16 16:20:49.176148","2025-05-16 16:20:49.362132","0 days 00:00:00.185984",16,"","","","",0.058288311085073666,1,"","","","","","","","","","","","","","","","","","","","","","","","","","","","","","","","","","","","","","","","","","",0.1716146320104599,61.99386215209961,0.3248423933982849,0.37106794118881226,0.450391560792923,-0.5495383739471436,"","","","","","","","","","","","","","","","","","","","","","","","","","","","","","","","","","","","","","","","","","","","","","","","","",0.11078139394521713,"","PRUNED"
38,0.11395622789859772,"2025-05-16 16:20:49.362350","2025-05-16 16:20:49.751489","0 days 00:00:00.389139",160,224.0,192.0,112.0,"",0.0002606607538600078,4,"","","","","","","","","","","","","","","","","","","","","","","","","","","","","","","","","","","","","","","","","","",0.1768474280834198,63.65113830566406,0.6304146647453308,0.6728403568267822,0.6913138628005981,-0.5596981048583984,"","","","","","","","","","","","","","","","","","","","","","","","","","","","","","","","","","","","","","","","","","","","","","","","","",0.11395622789859772,"","PRUNED"
39,0.10949978232383728,"2025-05-16 16:20:49.751729","2025-05-16 16:20:49.933827","0 days 00:00:00.182098",96,"","","","",0.006354363918585752,1,"","","","","","","","","","","","","","","","","","","","","","","","","","","","","","","","","","","","","","","","","","",0.15828527510166168,56.24327087402344,0.40471601486206055,0.4445720314979553,0.5980546474456787,-0.38928961753845215,"","","","","","","","","","","","","","","","","","","","","","","","","","","","","","","","","","","","","","","","","","","","","","","","","",0.10949978232383728,"","PRUNED"
40,0.11785619705915451,"2025-05-16 16:20:49.934052","2025-05-16 16:20:50.197904","0 days 00:00:00.263852",240,160.0,64.0,"","",0.019826012665495826,3,"","","","","","","","","","","","","","","","","","","","","","","","","","","","","","","","","","","","","","","","","","",0.1490115076303482,57.5164794921875,0.6012112498283386,0.6339823007583618,0.668192982673645,-0.12656736373901367,"","","","","","","","","","","","","","","","","","","","","","","","","","","","","","","","","","","","","","","","","","","","","","","","","",0.11785619705915451,"","PRUNED"
