"number","value","datetime_start","datetime_complete","duration","params_decoder_layer_width_0","params_decoder_layer_width_1","params_decoder_layer_width_2","params_decoder_layer_width_3","params_decoder_layer_width_4","params_encoder_layer_width_0","params_encoder_layer_width_1","params_encoder_layer_width_2","params_encoder_layer_width_3","params_lr","params_n_decoder_layers","params_n_encoder_layers","params_transformer_dropout","params_transformer_heads","user_attrs_avg_mae","user_attrs_avg_mape","user_attrs_avg_ndcg10","user_attrs_avg_ndcg20","user_attrs_avg_ndcg50","user_attrs_avg_r2","user_attrs_fold10_mae","user_attrs_fold10_mape","user_attrs_fold10_ndcg10","user_attrs_fold10_ndcg20","user_attrs_fold10_ndcg50","user_attrs_fold10_r2","user_attrs_fold11_mae","user_attrs_fold11_mape","user_attrs_fold11_ndcg10","user_attrs_fold11_ndcg20","user_attrs_fold11_ndcg50","user_attrs_fold11_r2","user_attrs_fold12_mae","user_attrs_fold12_mape","user_attrs_fold12_ndcg10","user_attrs_fold12_ndcg20","user_attrs_fold12_ndcg50","user_attrs_fold12_r2","user_attrs_fold13_mae","user_attrs_fold13_mape","user_attrs_fold13_ndcg10","user_attrs_fold13_ndcg20","user_attrs_fold13_ndcg50","user_attrs_fold13_r2","user_attrs_fold14_mae","user_attrs_fold14_mape","user_attrs_fold14_ndcg10","user_attrs_fold14_ndcg20","user_attrs_fold14_ndcg50","user_attrs_fold14_r2","user_attrs_fold15_mae","user_attrs_fold15_mape","user_attrs_fold15_ndcg10","user_attrs_fold15_ndcg20","user_attrs_fold15_ndcg50","user_attrs_fold15_r2","user_attrs_fold1_mae","user_attrs_fold1_mape","user_attrs_fold1_ndcg10","user_attrs_fold1_ndcg20","user_attrs_fold1_ndcg50","user_attrs_fold1_r2","user_attrs_fold2_mae","user_attrs_fold2_mape","user_attrs_fold2_ndcg10","user_attrs_fold2_ndcg20","user_attrs_fold2_ndcg50","user_attrs_fold2_r2","user_attrs_fold3_mae","user_attrs_fold3_mape","user_attrs_fold3_ndcg10","user_attrs_fold3_ndcg20","user_attrs_fold3_ndcg50","user_attrs_fold3_r2","user_attrs_fold4_mae","user_attrs_fold4_mape","user_attrs_fold4_ndcg10","user_attrs_fold4_ndcg20","user_attrs_fold4_ndcg50","user_attrs_fold4_r2","user_attrs_fold5_mae","user_attrs_fold5_mape","user_attrs_fold5_ndcg10","user_attrs_fold5_ndcg20","user_attrs_fold5_ndcg50","user_attrs_fold5_r2","user_attrs_fold6_mae","user_attrs_fold6_mape","user_attrs_fold6_ndcg10","user_attrs_fold6_ndcg20","user_attrs_fold6_ndcg50","user_attrs_fold6_r2","user_attrs_fold7_mae","user_attrs_fold7_mape","user_attrs_fold7_ndcg10","user_attrs_fold7_ndcg20","user_attrs_fold7_ndcg50","user_attrs_fold7_r2","user_attrs_fold8_mae","user_attrs_fold8_mape","user_attrs_fold8_ndcg10","user_attrs_fold8_ndcg20","user_attrs_fold8_ndcg50","user_attrs_fold8_r2","user_attrs_fold9_mae","user_attrs_fold9_mape","user_attrs_fold9_ndcg10","user_attrs_fold9_ndcg20","user_attrs_fold9_ndcg50","user_attrs_fold9_r2","user_attrs_pca_components","system_attrs_completed_rung_0","system_attrs_completed_rung_1","state"
90,0.10210580055912336,"2025-05-16 16:19:35.490878","2025-05-16 16:19:51.629361","0 days 00:00:16.138483",224,192.0,144.0,"","",112,208.0,96.0,"",0.001174757129694276,3,3,0.0,6,0.10210580055912336,315.48685048421225,0.8066107273101807,0.7955926477909088,0.7803534507751465,0.3374266783396403,0.14347054064273834,143.87677001953125,1.0,1.0,0.8326431512832642,0.23609328269958496,0.10178618133068085,57.14790344238281,1.0,1.0,0.9157642126083374,0.6074735820293427,0.09286699444055557,92.94979095458984,1.0,0.8405908942222595,0.7591663002967834,0.2902190685272217,0.081940196454525,59.34550857543945,0.9386910200119019,0.8546478152275085,0.820604145526886,0.4936113953590393,0.13366329669952393,85.6085433959961,1.0,1.0,0.9628441333770752,0.478493869304657,0.07258439064025879,72.7239990234375,0.8880692720413208,0.839730978012085,0.8079178333282471,0.44206786155700684,0.096242256462574,41.397911071777344,0.7413397431373596,0.7897687554359436,0.8024140000343323,0.452778160572052,0.16603726148605347,1807.478759765625,0.696406364440918,0.6591468453407288,0.8489145040512085,0.07562822103500366,0.08318658918142319,47.131011962890625,0.9040508270263672,0.9139609336853027,0.884037435054779,0.5601322948932648,0.09936103969812393,42.162166595458984,0.6862369775772095,0.7664446234703064,0.8013060092926025,0.3921767473220825,0.09632086753845215,358.44378662109375,0.33477991819381714,0.40432360768318176,0.44692888855934143,-0.1474055051803589,0.050549011677503586,282.3453063964844,1.0,1.0,0.8144235014915466,0.4131484627723694,0.11782056838274002,268.00054931640625,0.5501917600631714,0.5852211713790894,0.6507850885391235,0.11698096990585327,0.1099957600235939,227.6282501220703,0.4326220154762268,0.45478177070617676,0.4828392565250397,0.016331851482391357,0.08576205372810364,1146.0625,0.9267730116844177,0.8252723217010498,0.8747133016586304,0.633669912815094,10.0,0.07867483049631119,0.07882954180240631,"COMPLETE"
91,0.08053441345691681,"2025-05-16 16:19:51.629906","2025-05-16 16:19:53.199441","0 days 00:00:01.569535",224,128.0,112.0,"","",80,192.0,144.0,"",0.00022134250181384934,3,3,0.0,4,"","","","","","","","","","","","","","","","","","","","","","","","","","","","","","","","","","","","","","","","","","",0.09671861678361893,39.98344039916992,0.7452681064605713,0.7848107218742371,0.8020769357681274,0.382757306098938,"","","","","","","","","","","","","","","","","","","","","","","","","","","","","","","","","","","","","","","","","","","","","","","","","",0.08053441345691681,"","PRUNED"
92,0.0793890431523323,"2025-05-16 16:19:53.199747","2025-05-16 16:19:54.709009","0 days 00:00:01.509262",208,144.0,128.0,"","",96,192.0,128.0,"",0.00014911444026710188,3,3,0.0,4,"","","","","","","","","","","","","","","","","","","","","","","","","","","","","","","","","","","","","","","","","","",0.09747076779603958,38.227394104003906,0.7419900894165039,0.7743700742721558,0.8134227395057678,0.3885078430175781,"","","","","","","","","","","","","","","","","","","","","","","","","","","","","","","","","","","","","","","","","","","","","","","","","",0.0793890431523323,"","PRUNED"
93,0.07927148789167404,"2025-05-16 16:19:54.709288","2025-05-16 16:19:56.649666","0 days 00:00:01.940378",240,96.0,80.0,"","",80,176.0,160.0,"",0.00032030990516607503,3,3,0.0,5,"","","","","","","","","","","","","","","","","","","","","","","","","","","","","","","","","","","","","","","","","","",0.09487783163785934,37.90211486816406,0.7419900894165039,0.7816809415817261,0.805158257484436,0.3954504728317261,"","","","","","","","","","","","","","","","","","","","","","","","","","","","","","","","","","","","","","","","","","","","","","","","","",0.07927148789167404,"","PRUNED"
94,0.07938170433044434,"2025-05-16 16:19:56.649951","2025-05-16 16:19:58.771006","0 days 00:00:02.121055",240,160.0,256.0,"","",112,192.0,144.0,"",0.0002334284664451675,3,3,0.0,5,"","","","","","","","","","","","","","","","","","","","","","","","","","","","","","","","","","","","","","","","","","",0.09731369465589523,39.94063186645508,0.7419900894165039,0.7477399110794067,0.7844260931015015,0.38440191745758057,"","","","","","","","","","","","","","","","","","","","","","","","","","","","","","","","","","","","","","","","","","","","","","","","","",0.07938170433044434,"","PRUNED"
95,0.083065465092659,"2025-05-16 16:19:58.771280","2025-05-16 16:20:02.760938","0 days 00:00:03.989658",256,112.0,96.0,"","",96,208.0,128.0,"",0.00018693746510274254,3,3,0.0,4,"","","","","","","","","","","","","","","","","","","","","","","","","","","","","","","","","","","","","","","","","","",0.09880268573760986,38.29426574707031,0.6687200665473938,0.7782437801361084,0.8016762733459473,0.38639068603515625,0.16286048293113708,1750.564208984375,0.696406364440918,0.6719663739204407,0.849620521068573,0.08676367998123169,0.0817224457859993,48.0422248840332,0.8766089677810669,0.8862655758857727,0.8636847138404846,0.5534877479076385,0.09631910175085068,40.68780517578125,0.6295602917671204,0.698335587978363,0.788563072681427,0.3440091609954834,"","","","","","","","","","","","","","","","","","","","","","","","","","","","","","","",0.07910886406898499,0.083065465092659,"PRUNED"
96,0.09969068492452303,"2025-05-16 16:20:02.761249","2025-05-16 16:20:11.938854","0 days 00:00:09.177605",224,176.0,112.0,"","",112,176.0,144.0,"",0.00027308078657108353,3,3,0.0,3,0.09969068492452303,283.62261250813805,0.7990002393722534,0.7844473401705424,0.7750213086605072,0.3429867168267568,0.1441444605588913,145.90936279296875,1.0,0.9996525049209595,0.8260576725006104,0.2260798215866089,0.10008860379457474,55.09514617919922,1.0,1.0,0.9090070128440857,0.6075066328048706,0.09170776605606079,104.6128158569336,1.0,0.8293428421020508,0.7539319396018982,0.3407973647117615,0.08197358250617981,57.815731048583984,0.9191439151763916,0.853254497051239,0.8138734102249146,0.5062049627304077,0.13440661132335663,99.77134704589844,1.0,1.0,0.9628441333770752,0.4840756058692932,0.07416297495365143,78.37676239013672,0.8961189985275269,0.8406985998153687,0.8185443878173828,0.449978232383728,0.09806826710700989,40.55387878417969,0.7419900894165039,0.7808837294578552,0.7905533909797668,0.38515758514404297,0.16088861227035522,1830.956787109375,0.696406364440918,0.7048134803771973,0.8526942729949951,0.11062467098236084,0.07935333997011185,47.44300079345703,0.8533626198768616,0.8691032528877258,0.8654006123542786,0.5730952620506287,0.09907706826925278,45.35844802856445,0.6295602917671204,0.6990285515785217,0.7873547673225403,0.3451101779937744,0.09178826212882996,437.8998718261719,0.37291619181632996,0.3813804090023041,0.4827058017253876,-0.0010472536087036133,0.0493791289627552,298.3268127441406,1.0,1.0,0.8130944967269897,0.4346051812171936,0.11342882364988327,253.63558959960938,0.5067443251609802,0.4812396466732025,0.564967155456543,0.048633456230163574,0.10689673572778702,185.5475616455078,0.45616814494132996,0.49065548181533813,0.5047286152839661,0.011702418327331543,0.06999603658914566,573.0360717773438,0.9125926494598389,0.8366571068763733,0.8795619606971741,0.62227663397789,10.0,0.07890930771827698,0.07853006571531296,"COMPLETE"
97,0.08106854557991028,"2025-05-16 16:20:11.939315","2025-05-16 16:20:13.279761","0 days 00:00:01.340446",240,192.0,224.0,"","",128,176.0,144.0,"",0.0002850411069951114,3,3,0.1,3,"","","","","","","","","","","","","","","","","","","","","","","","","","","","","","","","","","","","","","","","","","",0.0976000651717186,37.153419494628906,0.7419900894165039,0.7747249603271484,0.8176146149635315,0.3515586256980896,"","","","","","","","","","","","","","","","","","","","","","","","","","","","","","","","","","","","","","","","","","","","","","","","","",0.08106854557991028,"","PRUNED"
98,0.10139654303590456,"2025-05-16 16:20:13.280031","2025-05-16 16:20:28.516832","0 days 00:00:15.236801",192,176.0,128.0,"","",128,144.0,128.0,"",0.0005125624021690348,3,3,0.0,6,0.10139654303590456,312.0172810872396,0.7985020796457927,0.791695096095403,0.7742520769437155,0.3413125177224477,0.14372611045837402,107.50132751464844,1.0,1.0,0.8326026201248169,0.1784035563468933,0.1006971076130867,59.116798400878906,1.0,1.0,0.9091430902481079,0.6125209927558899,0.09236405044794083,94.59733581542969,1.0,0.8397557735443115,0.7566168904304504,0.3018066883087158,0.08292306214570999,75.33631896972656,0.9191439151763916,0.8534815907478333,0.8079459071159363,0.5370055139064789,0.13455858826637268,94.36481475830078,1.0,1.0,0.9628441333770752,0.4776102900505066,0.07337359338998795,70.2859115600586,0.888232409954071,0.8400125503540039,0.7977436184883118,0.4308827519416809,0.09580358862876892,40.94180679321289,0.7397052049636841,0.7881765961647034,0.7881385684013367,0.4346737861633301,0.16839344799518585,2018.038330078125,0.6338675618171692,0.6543161869049072,0.8478695154190063,0.07792723178863525,0.08722288906574249,47.648860931396484,0.9036563634872437,0.8648619651794434,0.8775541186332703,0.5099603235721588,0.09864875674247742,46.307456970214844,0.6287127137184143,0.7058147192001343,0.7855103015899658,0.39464449882507324,0.09640078246593475,505.287109375,0.323899507522583,0.376141220331192,0.4427195191383362,-0.060756683349609375,0.04960089549422264,268.0821838378906,1.0,1.0,0.8075367212295532,0.4028806686401367,0.11617925763130188,270.2419128417969,0.5961644053459167,0.6082001328468323,0.5657461285591125,0.11542820930480957,0.10884875059127808,237.0674591064453,0.4320942759513855,0.47427332401275635,0.5381509065628052,0.05183148384094238,0.0722072646021843,745.4415893554688,0.9120548367500305,0.870392382144928,0.8936591148376465,0.6548684537410736,10.0,0.07876965403556824,0.07801420986652374,"COMPLETE"
99,0.08013743907213211,"2025-05-16 16:20:28.517311","2025-05-16 16:20:29.827646","0 days 00:00:01.310335",256,176.0,80.0,"","",112,160.0,176.0,"",0.00036410474258802067,3,3,0.0,3,"","","","","","","","","","","","","","","","","","","","","","","","","","","","","","","","","","","","","","","","","","",0.09595580399036407,39.38331985473633,0.7286834716796875,0.7806374430656433,0.7809059619903564,0.3930649161338806,"","","","","","","","","","","","","","","","","","","","","","","","","","","","","","","","","","","","","","","","","","","","","","","","","",0.08013743907213211,"","PRUNED"
