"number","value","datetime_start","datetime_complete","duration","params_decoder_layer_width_0","params_decoder_layer_width_1","params_decoder_layer_width_2","params_decoder_layer_width_3","params_decoder_layer_width_4","params_encoder_layer_width_0","params_encoder_layer_width_1","params_encoder_layer_width_2","params_encoder_layer_width_3","params_encoder_layer_width_4","params_gatv2_dropout","params_gatv2_heads","params_lr","params_n_decoder_layers","params_n_encoder_layers","user_attrs_avg_mae","user_attrs_avg_mape","user_attrs_avg_ndcg10","user_attrs_avg_ndcg20","user_attrs_avg_ndcg50","user_attrs_avg_r2","user_attrs_fold10_mae","user_attrs_fold10_mape","user_attrs_fold10_ndcg10","user_attrs_fold10_ndcg20","user_attrs_fold10_ndcg50","user_attrs_fold10_r2","user_attrs_fold11_mae","user_attrs_fold11_mape","user_attrs_fold11_ndcg10","user_attrs_fold11_ndcg20","user_attrs_fold11_ndcg50","user_attrs_fold11_r2","user_attrs_fold12_mae","user_attrs_fold12_mape","user_attrs_fold12_ndcg10","user_attrs_fold12_ndcg20","user_attrs_fold12_ndcg50","user_attrs_fold12_r2","user_attrs_fold13_mae","user_attrs_fold13_mape","user_attrs_fold13_ndcg10","user_attrs_fold13_ndcg20","user_attrs_fold13_ndcg50","user_attrs_fold13_r2","user_attrs_fold14_mae","user_attrs_fold14_mape","user_attrs_fold14_ndcg10","user_attrs_fold14_ndcg20","user_attrs_fold14_ndcg50","user_attrs_fold14_r2","user_attrs_fold15_mae","user_attrs_fold15_mape","user_attrs_fold15_ndcg10","user_attrs_fold15_ndcg20","user_attrs_fold15_ndcg50","user_attrs_fold15_r2","user_attrs_fold1_mae","user_attrs_fold1_mape","user_attrs_fold1_ndcg10","user_attrs_fold1_ndcg20","user_attrs_fold1_ndcg50","user_attrs_fold1_r2","user_attrs_fold2_mae","user_attrs_fold2_mape","user_attrs_fold2_ndcg10","user_attrs_fold2_ndcg20","user_attrs_fold2_ndcg50","user_attrs_fold2_r2","user_attrs_fold3_mae","user_attrs_fold3_mape","user_attrs_fold3_ndcg10","user_attrs_fold3_ndcg20","user_attrs_fold3_ndcg50","user_attrs_fold3_r2","user_attrs_fold4_mae","user_attrs_fold4_mape","user_attrs_fold4_ndcg10","user_attrs_fold4_ndcg20","user_attrs_fold4_ndcg50","user_attrs_fold4_r2","user_attrs_fold5_mae","user_attrs_fold5_mape","user_attrs_fold5_ndcg10","user_attrs_fold5_ndcg20","user_attrs_fold5_ndcg50","user_attrs_fold5_r2","user_attrs_fold6_mae","user_attrs_fold6_mape","user_attrs_fold6_ndcg10","user_attrs_fold6_ndcg20","user_attrs_fold6_ndcg50","user_attrs_fold6_r2","user_attrs_fold7_mae","user_attrs_fold7_mape","user_attrs_fold7_ndcg10","user_attrs_fold7_ndcg20","user_attrs_fold7_ndcg50","user_attrs_fold7_r2","user_attrs_fold8_mae","user_attrs_fold8_mape","user_attrs_fold8_ndcg10","user_attrs_fold8_ndcg20","user_attrs_fold8_ndcg50","user_attrs_fold8_r2","user_attrs_fold9_mae","user_attrs_fold9_mape","user_attrs_fold9_ndcg10","user_attrs_fold9_ndcg20","user_attrs_fold9_ndcg50","user_attrs_fold9_r2","user_attrs_pca_components","system_attrs_completed_rung_0","system_attrs_completed_rung_1","state"
60,0.11230120807886124,"2025-05-16 16:09:46.179429","2025-05-16 16:09:47.623109","0 days 00:00:01.443680",32,144.0,224.0,144.0,128.0,32,"","","","",0.2,4,0.000938896277588178,5,1,"","","","","","","","","","","","","","","","","","","","","","","","","","","","","","","","","","","","","","","","","","",0.18255239725112915,68.10059356689453,0.5669971108436584,0.602292537689209,0.6267051696777344,-0.6226361989974976,0.2071964293718338,2434.73828125,0.5068671703338623,0.49836018681526184,0.6951645016670227,-0.10017180442810059,0.1754199117422104,78.71705627441406,0.2814699411392212,0.502088189125061,0.6060535311698914,-0.7815573215484619,0.15973296761512756,64.13861083984375,0.6794857978820801,0.6694902181625366,0.6826592683792114,-0.3250943422317505,"","","","","","","","","","","","","","","","","","","","","","","","","","","","","","","",0.11108089238405228,0.11230120807886124,"PRUNED"
61,0.14546043972174327,"2025-05-16 16:09:47.623409","2025-05-16 16:09:51.405898","0 days 00:00:03.782489",64,112.0,224.0,224.0,"",64,"","","","",0.30000000000000004,2,0.002339915480164713,4,1,0.14546043972174327,468.3799207051595,0.5549095163742701,0.5617112358411153,0.6027570346991221,-0.04941018025080363,0.18549403548240662,279.27435302734375,1.0,0.9043616652488708,0.8000251650810242,0.0995856523513794,0.16999481618404388,56.247074127197266,1.0,0.8471614718437195,0.7587604522705078,-0.18723607063293457,0.11178527772426605,175.58688354492188,0.5279906392097473,0.601148784160614,0.6225021481513977,0.025092780590057373,0.12578289210796356,142.39822387695312,0.44313594698905945,0.4270439147949219,0.4671798646450043,0.04235762357711792,0.23169061541557312,181.50660705566406,0.9507024884223938,0.9042510390281677,0.8005827069282532,-0.24383366107940674,0.09305485337972641,107.72457122802734,0.782576322555542,0.7782248854637146,0.7847070097923279,0.15312069654464722,0.16638116538524628,77.59339141845703,0.2732515335083008,0.3327866494655609,0.46628856658935547,-0.1927196979522705,0.22997012734413147,3174.38916015625,0.22462835907936096,0.40042242407798767,0.6181854009628296,-0.1863163709640503,0.18100306391716003,79.4654312133789,0.24514520168304443,0.271281898021698,0.3967878818511963,-0.9125039577484131,0.15113511681556702,119.6991195678711,0.7429032325744629,0.6527817249298096,0.7407349348068237,0.22314316034317017,0.10484547168016434,191.36105346679688,0.22290761768817902,0.2494150996208191,0.35043177008628845,-0.3577228784561157,0.06988931447267532,601.781005859375,0.4372250735759735,0.4255196154117584,0.3541239798069,0.10212182998657227,0.14170075953006744,518.5558471679688,0.4019685685634613,0.41226494312286377,0.5565541982650757,0.18614554405212402,0.12851576507091522,426.34490966796875,0.27415210008621216,0.4152611792087555,0.4675823450088501,0.03276115655899048,0.09066332131624222,893.7711791992188,0.7970556616783142,0.8037432432174683,0.8569090962409973,0.47485148906707764,10.0,0.10694679617881775,0.10704435408115387,"COMPLETE"
62,0.1427035594979922,"2025-05-16 16:09:51.406345","2025-05-16 16:09:55.034853","0 days 00:00:03.628508",80,112.0,240.0,240.0,"",48,"","","","",0.30000000000000004,2,0.0022577019094415485,4,1,0.1427035594979922,443.9296595255534,0.6488267888625463,0.6448869268099467,0.6537382264931997,-0.051421479384104414,0.18973521888256073,173.94798278808594,0.8293711543083191,0.8607292175292969,0.8139860033988953,-0.16203093528747559,0.17033787071704865,56.594635009765625,0.9745516777038574,0.849760115146637,0.7791498303413391,-0.18925130367279053,0.1069217175245285,131.84877014160156,0.8084555268287659,0.823219895362854,0.7158631682395935,0.044684410095214844,0.12073064595460892,122.75562286376953,0.5409350395202637,0.5617102980613708,0.5294128060340881,0.09412199258804321,0.20847412943840027,158.97442626953125,1.0,1.0,0.8595151901245117,0.020671844482421875,0.09068872034549713,103.06163787841797,0.7612906098365784,0.7491046190261841,0.7169523239135742,0.12683409452438354,0.16555415093898773,69.31507110595703,0.8355625867843628,0.7323489785194397,0.6977729201316833,-0.23817765712738037,0.22868075966835022,3234.67626953125,0.16583645343780518,0.4477829933166504,0.5909786820411682,-0.17323017120361328,0.1780640333890915,78.75393676757812,0.4593895673751831,0.6370933055877686,0.6887398362159729,-0.8044459819793701,0.14325527846813202,96.00631713867188,0.6250817179679871,0.5882124900817871,0.6960382461547852,0.1908283829689026,0.10220082104206085,198.2403564453125,0.2009054273366928,0.2778099775314331,0.359651654958725,-0.2857283353805542,0.07948023825883865,842.5364379882812,0.4257871210575104,0.35437992215156555,0.28833910822868347,0.10952478647232056,0.12206918001174927,334.2371520996094,0.7796627879142761,0.646281898021698,0.7184394001960754,0.2157611846923828,0.13336414098739624,422.28582763671875,0.4180004894733429,0.2704332172870636,0.4742659032344818,0.01675516366958618,0.1009964868426323,635.71044921875,0.9075716733932495,0.8744369745254517,0.8769683241844177,0.2623603343963623,10.0,0.10610857605934143,0.10711454600095749,"COMPLETE"
63,0.10997942835092545,"2025-05-16 16:09:55.035290","2025-05-16 16:09:56.362447","0 days 00:00:01.327157",80,112.0,240.0,240.0,"",48,"","","","",0.30000000000000004,1,0.002262837308462585,4,1,"","","","","","","","","","","","","","","","","","","","","","","","","","","","","","","","","","","","","","","","","","",0.16849768161773682,64.4083480834961,0.7668082118034363,0.7072256207466125,0.7266175150871277,-0.37407755851745605,0.24148599803447723,3099.480224609375,0.25964096188545227,0.3686045706272125,0.6072900891304016,-0.28573012351989746,0.19151026010513306,90.53440856933594,0.7161334753036499,0.7295517921447754,0.7460123300552368,-0.9391330480575562,0.13142573833465576,71.68584442138672,0.7485542893409729,0.7026508450508118,0.7366014122962952,0.16414695978164673,"","","","","","","","","","","","","","","","","","","","","","","","","","","","","","","",0.10632549226284027,0.10997942835092545,"PRUNED"
64,0.11010269820690155,"2025-05-16 16:09:56.362756","2025-05-16 16:09:57.785338","0 days 00:00:01.422582",96,128.0,256.0,256.0,"",64,"","","","",0.30000000000000004,2,0.0012922798576558425,4,1,"","","","","","","","","","","","","","","","","","","","","","","","","","","","","","","","","","","","","","","","","","",0.1581476330757141,68.58863067626953,0.7816913723945618,0.7128273248672485,0.6941525936126709,-0.09516704082489014,0.30138158798217773,4291.72900390625,0.1776289939880371,0.30348601937294006,0.5882085561752319,-1.0265417098999023,0.17874832451343536,76.68289947509766,0.3025912940502167,0.460986465215683,0.4740932881832123,-0.8622653484344482,0.14669470489025116,82.34200286865234,0.8189301490783691,0.7181236147880554,0.7024192810058594,0.10091781616210938,"","","","","","","","","","","","","","","","","","","","","","","","","","","","","","","",0.10338551551103592,0.11010269820690155,"PRUNED"
65,0.10974138230085373,"2025-05-16 16:09:57.785618","2025-05-16 16:09:59.236210","0 days 00:00:01.450592",112,96.0,208.0,224.0,"",80,"","","","",0.4,2,0.001724024295279356,4,1,"","","","","","","","","","","","","","","","","","","","","","","","","","","","","","","","","","","","","","","","","","",0.16534943878650665,63.573219299316406,0.5967572927474976,0.5928321480751038,0.6539536118507385,-0.36556386947631836,0.20885886251926422,2424.296142578125,0.4364841878414154,0.5462923645973206,0.7410706877708435,-0.13132870197296143,0.1731308400630951,73.0818862915039,0.5965413451194763,0.5247729420661926,0.5786283016204834,-0.7633851766586304,0.14215610921382904,83.76954650878906,0.32255983352661133,0.4751882553100586,0.566136360168457,-0.00907135009765625,"","","","","","","","","","","","","","","","","","","","","","","","","","","","","","","",0.11012006551027298,0.10974138230085373,"PRUNED"
66,0.14910791118939717,"2025-05-16 16:09:59.236531","2025-05-16 16:10:03.567147","0 days 00:00:04.330616",128,144.0,224.0,240.0,"",48,"","","","",0.30000000000000004,3,0.0034422773346590206,4,1,0.14910791118939717,495.68802007039386,0.5879393875598907,0.5994909962018331,0.6219029247760772,-0.08135603666305542,0.18569622933864594,203.47335815429688,0.9742760062217712,0.9379192590713501,0.8326128125190735,-0.046373844146728516,0.16435538232326508,54.83585739135742,1.0,0.9185250401496887,0.7981345653533936,-0.05696821212768555,0.11513374745845795,203.6439666748047,0.7488100528717041,0.6701415181159973,0.6099615693092346,0.04519808292388916,0.12655293941497803,134.98760986328125,0.41519662737846375,0.4411015510559082,0.42385831475257874,-0.08507084846496582,0.2224263846874237,128.36428833007812,1.0,0.9987064003944397,0.9283990263938904,-0.1996849775314331,0.08936214447021484,121.2331771850586,0.6422551870346069,0.6612277030944824,0.6848453283309937,0.19002699851989746,0.16457483172416687,78.82220458984375,0.37258824706077576,0.40127238631248474,0.4966915249824524,-0.16746282577514648,0.20901770889759064,2812.075439453125,0.5534723401069641,0.6195186972618103,0.7853840589523315,-0.06393373012542725,0.18375763297080994,82.85978698730469,0.6085688471794128,0.6119050979614258,0.6467007398605347,-0.8423055410385132,0.15123438835144043,120.16574096679688,0.7680203318595886,0.7228207588195801,0.7271720767021179,0.21843403577804565,0.10999371856451035,111.22160339355469,0.2487742006778717,0.3854491114616394,0.45616286993026733,-0.46889305114746094,0.11438725143671036,1715.7283935546875,0.16480809450149536,0.24167706072330475,0.24221119284629822,-0.05449521541595459,0.16430826485157013,620.08349609375,0.27673590183258057,0.32380878925323486,0.4788733124732971,0.0008074641227722168,0.13714131712913513,520.7431030273438,0.2514665722846985,0.24242575466632843,0.4149418771266937,0.07018512487411499,0.09867672622203827,527.082275390625,0.7941184043884277,0.8158658146858215,0.8025946021080017,0.24019598960876465,10.0,0.10825788229703903,0.1066991537809372,"COMPLETE"
67,0.14480509410301845,"2025-05-16 16:10:03.567621","2025-05-16 16:10:07.601058","0 days 00:00:04.033437",144,144.0,192.0,240.0,"",32,"","","","",0.30000000000000004,3,0.003444816247548125,4,1,0.14480509410301845,440.32599309285484,0.6357250536481539,0.6290250341097514,0.6472642223040262,-0.08265787760416667,0.19000813364982605,154.95155334472656,1.0,0.960959792137146,0.8405194878578186,-0.18996167182922363,0.16570426523685455,54.036991119384766,0.9231979250907898,0.9303093552589417,0.8298419117927551,-0.09865069389343262,0.10588612407445908,97.41560363769531,0.9633206725120544,0.8372160792350769,0.7551789879798889,0.0925186276435852,0.12299109995365143,138.9901885986328,0.2995648682117462,0.38272595405578613,0.4310978651046753,-0.00454258918762207,0.2027394324541092,147.28076171875,1.0,1.0,0.8302674293518066,0.07304996252059937,0.08841688185930252,107.83570098876953,0.8894895911216736,0.7847983837127686,0.7674808502197266,0.21374058723449707,0.16424526274204254,65.49989318847656,0.8045246601104736,0.7163453698158264,0.7165974974632263,-0.265322208404541,0.2213573008775711,2827.87353515625,0.1831495612859726,0.3542183041572571,0.5899153351783752,-0.2427201271057129,0.18522076308727264,83.34727478027344,0.47120508551597595,0.47548335790634155,0.5633751153945923,-0.9040616750717163,0.1368384063243866,93.1879653930664,0.8165880441665649,0.7100774049758911,0.7360325455665588,0.2956392765045166,0.10387084633111954,158.5610809326172,0.10990431159734726,0.2271035611629486,0.35875028371810913,-0.3674793243408203,0.10576978325843811,1496.6402587890625,0.47840002179145813,0.35223037004470825,0.29955238103866577,-0.0026006698608398438,0.13409192860126495,201.5521240234375,0.28179290890693665,0.3301917612552643,0.5464422106742859,-0.08814859390258789,0.13820619881153107,759.4778442382812,0.5405669808387756,0.6024980545043945,0.6480262279510498,0.21889740228652954,0.10672998428344727,218.23912048339844,0.7741711735725403,0.7712177634239197,0.7958852052688599,0.0297735333442688,10.0,0.10618368536233902,0.10361425578594208,"COMPLETE"
68,0.1498719741900762,"2025-05-16 16:10:07.601525","2025-05-16 16:10:11.217441","0 days 00:00:03.615916",144,144.0,192.0,240.0,"",16,"","","","",0.4,3,0.003639256325849783,4,1,0.1498719741900762,470.0399620056152,0.6052123844623566,0.5895951559146245,0.6445995748043061,-0.17675074140230815,0.18711434304714203,195.93035888671875,1.0,0.886171817779541,0.7642056941986084,-0.0899362564086914,0.20324145257472992,60.03958511352539,0.6708706617355347,0.7631393671035767,0.7368164658546448,-0.6242377758026123,0.11500976979732513,92.14771270751953,0.877348005771637,0.82832932472229,0.7059429287910461,-0.1971665620803833,0.12751291692256927,130.4755096435547,0.25634998083114624,0.3088749051094055,0.39504796266555786,-0.10126948356628418,0.23245754837989807,115.0212173461914,0.9522844552993774,0.7899730801582336,0.8102228045463562,-0.3278641700744629,0.08943270146846771,113.93399047851562,0.8563562631607056,0.7860560417175293,0.794063150882721,0.28983354568481445,0.1751839816570282,70.82179260253906,0.6270924806594849,0.617047131061554,0.723831832408905,-0.36386704444885254,0.28774523735046387,4371.57421875,0.1758294403553009,0.2995927631855011,0.571833074092865,-0.9193761348724365,0.1802852898836136,81.39478302001953,0.7170290946960449,0.7035224437713623,0.7721409797668457,-0.8044548034667969,0.13932546973228455,95.83991241455078,0.7542086839675903,0.6639235615730286,0.7471420168876648,0.23861443996429443,0.10152079910039902,185.84384155273438,0.3167214095592499,0.39535975456237793,0.48430323600769043,-0.2894500494003296,0.07058458775281906,531.818603515625,0.13986805081367493,0.2141541987657547,0.20992252230644226,-0.005347251892089844,0.12676486372947693,166.18121337890625,0.4196895956993103,0.4294843077659607,0.5767995119094849,-0.03135883808135986,0.12396148592233658,392.73468017578125,0.43325668573379517,0.39229705929756165,0.5129405856132507,0.051665425300598145,0.08793916553258896,446.8420104980469,0.8812809586524963,0.7660015821456909,0.8637808561325073,0.5229538381099701,10.0,0.10259144753217697,0.1053735688328743,"COMPLETE"
69,0.14559126297632854,"2025-05-16 16:10:11.217932","2025-05-16 16:10:15.575526","0 days 00:00:04.357594",128,128.0,224.0,240.0,192.0,32,"","","","",0.30000000000000004,3,0.0011433028825794693,5,1,0.14559126297632854,438.62928110758463,0.5886171499888102,0.6012656410535177,0.6129875461260478,-0.1207068959871928,0.18689440190792084,167.11859130859375,0.9986114501953125,0.9245765209197998,0.7818766832351685,-0.11642825603485107,0.17750194668769836,59.871055603027344,0.9491034150123596,0.9162114858627319,0.772282063961029,-0.32516229152679443,0.10756111890077591,139.97836303710938,0.9195685386657715,0.7693965435028076,0.7339587211608887,0.04053622484207153,0.12139911949634552,77.67889404296875,0.24104127287864685,0.2538852393627167,0.2569969892501831,-0.25826120376586914,0.23622868955135345,162.68699645996094,0.866692066192627,0.8235145807266235,0.722649872303009,-0.3252871036529541,0.09111408144235611,136.0392608642578,0.3878971338272095,0.5107653737068176,0.5754901170730591,0.19012171030044556,0.170429527759552,64.7579116821289,0.7244006395339966,0.6952865123748779,0.6736785769462585,-0.4447568655014038,0.22368749976158142,2860.117431640625,0.1931290328502655,0.34503600001335144,0.5906277298927307,-0.25164055824279785,0.18040744960308075,80.3389663696289,0.7269029021263123,0.6397726535797119,0.6536980271339417,-0.786475419998169,0.1410086303949356,71.10690307617188,0.7956221103668213,0.7008507251739502,0.6800418496131897,0.07397997379302979,0.09673159569501877,254.05047607421875,0.21259534358978271,0.3826969861984253,0.5043532848358154,-0.15876376628875732,0.09882218390703201,1369.01220703125,0.39556995034217834,0.3476620316505432,0.24692904949188232,0.0651741623878479,0.12629792094230652,262.1949462890625,0.5066738724708557,0.5264376401901245,0.6414051651954651,0.15191394090652466,0.12413955479860306,573.6927490234375,0.48126673698425293,0.5996336340904236,0.6280907392501831,0.22716152667999268,0.10164522379636765,300.7944641113281,0.4301827847957611,0.5832586884498596,0.7327343225479126,0.10728448629379272,10.0,0.10617653280496597,0.10541365295648575,"COMPLETE"
70,0.10883286595344543,"2025-05-16 16:10:15.575987","2025-05-16 16:10:17.078984","0 days 00:00:01.502997",128,128.0,224.0,240.0,192.0,32,"","","","",0.30000000000000004,3,0.0023494172399511517,5,1,"","","","","","","","","","","","","","","","","","","","","","","","","","","","","","","","","","","","","","","","","","",0.15426738560199738,72.1606216430664,0.6193777918815613,0.6439876556396484,0.6835044026374817,0.016384363174438477,0.2056903839111328,2836.16748046875,0.3446388244628906,0.48837220668792725,0.6333565711975098,-0.034255385398864746,0.1704714000225067,75.36922454833984,0.30750536918640137,0.47192466259002686,0.5939474105834961,-0.7131330966949463,0.18306571245193481,148.22601318359375,0.5334632992744446,0.5854015350341797,0.6744195222854614,-0.1605374813079834,"","","","","","","","","","","","","","","","","","","","","","","","","","","","","","","",0.10915201157331467,0.10883286595344543,"PRUNED"
71,0.11399484425783157,"2025-05-16 16:10:17.079285","2025-05-16 16:10:17.715735","0 days 00:00:00.636450",160,112.0,208.0,256.0,192.0,48,"","","","",0.30000000000000004,3,0.001565045757689702,5,1,"","","","","","","","","","","","","","","","","","","","","","","","","","","","","","","","","","","","","","","","","","",0.1705339252948761,71.92153930664062,0.6167001724243164,0.5958459377288818,0.6558346748352051,-0.310306191444397,"","","","","","","","","","","","","","","","","","","","","","","","","","","","","","","","","","","","","","","","","","","","","","","","","",0.11399484425783157,"","PRUNED"
72,0.11195433139801025,"2025-05-16 16:10:17.716042","2025-05-16 16:10:18.302694","0 days 00:00:00.586652",128,144.0,224.0,224.0,80.0,32,"","","","",0.30000000000000004,2,0.0011382376414332215,5,1,"","","","","","","","","","","","","","","","","","","","","","","","","","","","","","","","","","","","","","","","","","",0.16044743359088898,61.93199920654297,0.7637028098106384,0.7317276000976562,0.7322524189949036,-0.2562335729598999,"","","","","","","","","","","","","","","","","","","","","","","","","","","","","","","","","","","","","","","","","","","","","","","","","",0.11195433139801025,"","PRUNED"
73,0.11301744729280472,"2025-05-16 16:10:18.302974","2025-05-16 16:10:18.848021","0 days 00:00:00.545047",112,128.0,192.0,240.0,"",16,"","","","",0.30000000000000004,2,0.0006848253915752389,4,1,"","","","","","","","","","","","","","","","","","","","","","","","","","","","","","","","","","","","","","","","","","",0.17484068870544434,67.3382797241211,0.6862049698829651,0.6884392499923706,0.6933603286743164,-0.4106332063674927,"","","","","","","","","","","","","","","","","","","","","","","","","","","","","","","","","","","","","","","","","","","","","","","","","",0.11301744729280472,"","PRUNED"
