"number","value","datetime_start","datetime_complete","duration","params_decoder_layer_width_0","params_decoder_layer_width_1","params_decoder_layer_width_2","params_decoder_layer_width_3","params_decoder_layer_width_4","params_encoder_layer_width_0","params_encoder_layer_width_1","params_encoder_layer_width_2","params_encoder_layer_width_3","params_lr","params_n_decoder_layers","params_n_encoder_layers","params_transformer_dropout","params_transformer_heads","user_attrs_avg_mae","user_attrs_avg_mape","user_attrs_avg_ndcg10","user_attrs_avg_ndcg20","user_attrs_avg_ndcg50","user_attrs_avg_r2","user_attrs_fold10_mae","user_attrs_fold10_mape","user_attrs_fold10_ndcg10","user_attrs_fold10_ndcg20","user_attrs_fold10_ndcg50","user_attrs_fold10_r2","user_attrs_fold11_mae","user_attrs_fold11_mape","user_attrs_fold11_ndcg10","user_attrs_fold11_ndcg20","user_attrs_fold11_ndcg50","user_attrs_fold11_r2","user_attrs_fold12_mae","user_attrs_fold12_mape","user_attrs_fold12_ndcg10","user_attrs_fold12_ndcg20","user_attrs_fold12_ndcg50","user_attrs_fold12_r2","user_attrs_fold13_mae","user_attrs_fold13_mape","user_attrs_fold13_ndcg10","user_attrs_fold13_ndcg20","user_attrs_fold13_ndcg50","user_attrs_fold13_r2","user_attrs_fold14_mae","user_attrs_fold14_mape","user_attrs_fold14_ndcg10","user_attrs_fold14_ndcg20","user_attrs_fold14_ndcg50","user_attrs_fold14_r2","user_attrs_fold15_mae","user_attrs_fold15_mape","user_attrs_fold15_ndcg10","user_attrs_fold15_ndcg20","user_attrs_fold15_ndcg50","user_attrs_fold15_r2","user_attrs_fold1_mae","user_attrs_fold1_mape","user_attrs_fold1_ndcg10","user_attrs_fold1_ndcg20","user_attrs_fold1_ndcg50","user_attrs_fold1_r2","user_attrs_fold2_mae","user_attrs_fold2_mape","user_attrs_fold2_ndcg10","user_attrs_fold2_ndcg20","user_attrs_fold2_ndcg50","user_attrs_fold2_r2","user_attrs_fold3_mae","user_attrs_fold3_mape","user_attrs_fold3_ndcg10","user_attrs_fold3_ndcg20","user_attrs_fold3_ndcg50","user_attrs_fold3_r2","user_attrs_fold4_mae","user_attrs_fold4_mape","user_attrs_fold4_ndcg10","user_attrs_fold4_ndcg20","user_attrs_fold4_ndcg50","user_attrs_fold4_r2","user_attrs_fold5_mae","user_attrs_fold5_mape","user_attrs_fold5_ndcg10","user_attrs_fold5_ndcg20","user_attrs_fold5_ndcg50","user_attrs_fold5_r2","user_attrs_fold6_mae","user_attrs_fold6_mape","user_attrs_fold6_ndcg10","user_attrs_fold6_ndcg20","user_attrs_fold6_ndcg50","user_attrs_fold6_r2","user_attrs_fold7_mae","user_attrs_fold7_mape","user_attrs_fold7_ndcg10","user_attrs_fold7_ndcg20","user_attrs_fold7_ndcg50","user_attrs_fold7_r2","user_attrs_fold8_mae","user_attrs_fold8_mape","user_attrs_fold8_ndcg10","user_attrs_fold8_ndcg20","user_attrs_fold8_ndcg50","user_attrs_fold8_r2","user_attrs_fold9_mae","user_attrs_fold9_mape","user_attrs_fold9_ndcg10","user_attrs_fold9_ndcg20","user_attrs_fold9_ndcg50","user_attrs_fold9_r2","user_attrs_pca_components","system_attrs_completed_rung_0","system_attrs_completed_rung_1","state"
14,0.08051706105470657,"2025-05-16 16:12:48.308011","2025-05-16 16:12:49.484586","0 days 00:00:01.176575",96,256.0,256.0,"","",48,112.0,80.0,"",0.002636330847092199,3,3,0.0,5,"","","","","","","","","","","","","","","","","","","","","","","","","","","","","","","","","","","","","","","","","","",0.09682391583919525,38.35837936401367,0.7455540299415588,0.7943792343139648,0.790330171585083,0.4119144678115845,"","","","","","","","","","","","","","","","","","","","","","","","","","","","","","","","","","","","","","","","","","","","","","","","","",0.08051706105470657,"","PRUNED"
15,0.08188808709383011,"2025-05-16 16:12:49.484858","2025-05-16 16:12:51.189525","0 days 00:00:01.704667",48,"","","","",96,160.0,"","",0.00011345904760193131,1,2,0.2,8,"","","","","","","","","","","","","","","","","","","","","","","","","","","","","","","","","","","","","","","","","","",0.1019231528043747,39.636112213134766,0.7134508490562439,0.7789309620857239,0.8041515946388245,0.3694370985031128,"","","","","","","","","","","","","","","","","","","","","","","","","","","","","","","","","","","","","","","","","","","","","","","","","",0.08188808709383011,"","PRUNED"
16,0.10285559296607971,"2025-05-16 16:12:51.189782","2025-05-16 16:12:54.027810","0 days 00:00:02.838028",224,192.0,"","","",64,176.0,176.0,112.0,0.011776019913947314,2,4,0.1,6,"","","","","","","","","","","","","","","","","","","","","","","","","","","","","","","","","","","","","","","","","","",0.1116202175617218,52.26103210449219,0.7344785332679749,0.747656524181366,0.8082878589630127,0.38336700201034546,"","","","","","","","","","","","","","","","","","","","","","","","","","","","","","","","","","","","","","","","","","","","","","","","","",0.10285559296607971,"","PRUNED"
17,0.084355928003788,"2025-05-16 16:12:54.028092","2025-05-16 16:12:55.407556","0 days 00:00:01.379464",144,"","","","",144,96.0,160.0,"",0.00020831591875050722,1,3,0.30000000000000004,4,"","","","","","","","","","","","","","","","","","","","","","","","","","","","","","","","","","","","","","","","","","",0.10623905062675476,41.39542770385742,0.7145124077796936,0.7745939493179321,0.809425950050354,0.3542057275772095,"","","","","","","","","","","","","","","","","","","","","","","","","","","","","","","","","","","","","","","","","","","","","","","","","",0.084355928003788,"","PRUNED"
18,0.09374698996543884,"2025-05-16 16:12:55.407893","2025-05-16 16:12:56.289164","0 days 00:00:00.881271",64,64.0,"","","",96,128.0,80.0,32.0,0.0004718518808994301,2,4,0.5,1,"","","","","","","","","","","","","","","","","","","","","","","","","","","","","","","","","","","","","","","","","","",0.11010298877954483,41.644039154052734,0.7097927927970886,0.7674949169158936,0.8135868906974792,0.30767226219177246,"","","","","","","","","","","","","","","","","","","","","","","","","","","","","","","","","","","","","","","","","","","","","","","","","",0.09374698996543884,"","PRUNED"
19,0.08051450550556183,"2025-05-16 16:12:56.289432","2025-05-16 16:13:01.766687","0 days 00:00:05.477255",128,16.0,160.0,"","",16,176.0,208.0,"",0.0018650445936924712,3,3,0.0,6,"","","","","","","","","","","","","","","","","","","","","","","","","","","","","","","","","","","","","","","","","","",0.09697752445936203,40.424964904785156,0.7460228204727173,0.783599317073822,0.7872026562690735,0.4390214681625366,0.1658160388469696,1797.6229248046875,0.696406364440918,0.6213703751564026,0.8467475771903992,0.08405172824859619,0.08639448136091232,48.39457702636719,0.8498780131340027,0.864974319934845,0.8706124424934387,0.4997275471687317,0.09636631608009338,40.01678466796875,0.6275394558906555,0.7521752119064331,0.7840709686279297,0.3652459979057312,"","","","","","","","","","","","","","","","","","","","","","","","","","","","","","","",0.07840634882450104,0.08051450550556183,"PRUNED"
20,0.09880653023719788,"2025-05-16 16:13:01.767033","2025-05-16 16:13:02.817904","0 days 00:00:01.050871",176,176.0,144.0,"","",48,80.0,"","",0.005390087656067318,3,2,0.4,8,"","","","","","","","","","","","","","","","","","","","","","","","","","","","","","","","","","","","","","","","","","",0.12442538887262344,49.19217300415039,0.6399163603782654,0.7146943807601929,0.7621170878410339,0.19986212253570557,"","","","","","","","","","","","","","","","","","","","","","","","","","","","","","","","","","","","","","","","","","","","","","","","","",0.09880653023719788,"","PRUNED"
21,0.0852876529097557,"2025-05-16 16:13:02.818175","2025-05-16 16:13:04.431038","0 days 00:00:01.612863",256,112.0,"","","",208,"","","",0.000989043053306811,2,1,0.2,9,"","","","","","","","","","","","","","","","","","","","","","","","","","","","","","","","","","","","","","","","","","",0.10749465227127075,44.9266357421875,0.7097780704498291,0.8054021596908569,0.8045477271080017,0.4141981601715088,"","","","","","","","","","","","","","","","","","","","","","","","","","","","","","","","","","","","","","","","","","","","","","","","","",0.0852876529097557,"","PRUNED"
22,0.08698321133852005,"2025-05-16 16:13:04.431293","2025-05-16 16:13:06.810036","0 days 00:00:02.378743",224,"","","","",160,128.0,"","",0.0010572875021866207,1,2,0.2,9,"","","","","","","","","","","","","","","","","","","","","","","","","","","","","","","","","","","","","","","","","","",0.11302222311496735,43.99821853637695,0.6944870352745056,0.7560357451438904,0.7995288968086243,0.29286569356918335,"","","","","","","","","","","","","","","","","","","","","","","","","","","","","","","","","","","","","","","","","","","","","","","","","",0.08698321133852005,"","PRUNED"
23,0.08270055800676346,"2025-05-16 16:13:06.810290","2025-05-16 16:13:08.076057","0 days 00:00:01.265767",224,128.0,"","","",176,"","","",0.00041602849230488374,2,1,0.1,8,"","","","","","","","","","","","","","","","","","","","","","","","","","","","","","","","","","","","","","","","","","",0.10136910527944565,43.72075653076172,0.7807000875473022,0.8321738839149475,0.8425320386886597,0.4688056707382202,"","","","","","","","","","","","","","","","","","","","","","","","","","","","","","","","","","","","","","","","","","","","","","","","","",0.08270055800676346,"","PRUNED"
24,0.08113507926464081,"2025-05-16 16:13:08.076320","2025-05-16 16:13:15.079167","0 days 00:00:07.002847",240,112.0,"","","",112,192.0,48.0,"",0.00024162530160453017,2,3,0.2,9,"","","","","","","","","","","","","","","","","","","","","","","","","","","","","","","","","","","","","","","","","","",0.09480583667755127,36.93815231323242,0.7671815156936646,0.7841487526893616,0.8102858662605286,0.4022138714790344,0.17024436593055725,2138.364501953125,0.6520388126373291,0.5988556146621704,0.8493292331695557,0.09941750764846802,0.08509889990091324,46.50901794433594,0.8997591733932495,0.8646860122680664,0.8600964546203613,0.5137172043323517,0.09758957475423813,44.90481185913086,0.6821471452713013,0.7360478639602661,0.7910981178283691,0.4258055090904236,"","","","","","","","","","","","","","","","","","","","","","","","","","","","","","","",0.07987748831510544,0.08113507926464081,"PRUNED"
25,0.0854823887348175,"2025-05-16 16:13:15.079443","2025-05-16 16:13:16.144636","0 days 00:00:01.065193",192,"","","","",144,144.0,"","",0.0009340587535706696,1,2,0.30000000000000004,4,"","","","","","","","","","","","","","","","","","","","","","","","","","","","","","","","","","","","","","","","","","",0.11000770330429077,43.79698181152344,0.7494261860847473,0.7362760305404663,0.7950413823127747,0.27773112058639526,"","","","","","","","","","","","","","","","","","","","","","","","","","","","","","","","","","","","","","","","","","","","","","","","","",0.0854823887348175,"","PRUNED"
26,0.08070219308137894,"2025-05-16 16:13:16.144896","2025-05-16 16:13:19.183111","0 days 00:00:03.038215",160,48.0,192.0,208.0,"",208,96.0,144.0,160.0,0.00017809210610509552,4,4,0.1,6,"","","","","","","","","","","","","","","","","","","","","","","","","","","","","","","","","","","","","","","","","","",0.09784861654043198,41.29961013793945,0.7419900894165039,0.7473723292350769,0.8007084131240845,0.39518409967422485,"","","","","","","","","","","","","","","","","","","","","","","","","","","","","","","","","","","","","","","","","","","","","","","","","",0.08070219308137894,"","PRUNED"
27,0.08463303744792938,"2025-05-16 16:13:19.183400","2025-05-16 16:13:19.934304","0 days 00:00:00.750904",112,224.0,"","","",96,"","","",0.00039946420294312485,2,1,0.2,8,"","","","","","","","","","","","","","","","","","","","","","","","","","","","","","","","","","","","","","","","","","",0.10230713337659836,43.227596282958984,0.7472522258758545,0.8050342798233032,0.8328381776809692,0.44231754541397095,"","","","","","","","","","","","","","","","","","","","","","","","","","","","","","","","","","","","","","","","","","","","","","","","","",0.08463303744792938,"","PRUNED"
28,0.08622950315475464,"2025-05-16 16:13:19.934559","2025-05-16 16:13:23.579124","0 days 00:00:03.644565",16,"","","","",128,176.0,96.0,"",0.0007199581099275722,1,3,0.0,10,"","","","","","","","","","","","","","","","","","","","","","","","","","","","","","","","","","","","","","","","","","",0.10407871752977371,40.25698471069336,0.7116585373878479,0.7516278624534607,0.784949541091919,0.353182315826416,"","","","","","","","","","","","","","","","","","","","","","","","","","","","","","","","","","","","","","","","","","","","","","","","","",0.08622950315475464,"","PRUNED"
29,0.09160277247428894,"2025-05-16 16:13:23.579432","2025-05-16 16:13:24.120002","0 days 00:00:00.540570",144,144.0,96.0,"","",160,16.0,"","",0.036093646432343425,3,2,0.30000000000000004,1,"","","","","","","","","","","","","","","","","","","","","","","","","","","","","","","","","","","","","","","","","","",0.1812719702720642,59.727783203125,0.3079359233379364,0.3392367362976074,0.38500848412513733,-0.7712347507476807,"","","","","","","","","","","","","","","","","","","","","","","","","","","","","","","","","","","","","","","","","","","","","","","","","",0.09160277247428894,"","PRUNED"
30,0.08396846055984497,"2025-05-16 16:13:24.120279","2025-05-16 16:13:26.223176","0 days 00:00:02.102897",80,96.0,"","","",80,192.0,32.0,80.0,0.00033566094814432466,2,4,0.4,7,"","","","","","","","","","","","","","","","","","","","","","","","","","","","","","","","","","","","","","","","","","",0.09701601415872574,37.049415588378906,0.7427001595497131,0.7814721465110779,0.8143401145935059,0.3534197211265564,"","","","","","","","","","","","","","","","","","","","","","","","","","","","","","","","","","","","","","","","","","","","","","","","","",0.08396846055984497,"","PRUNED"
31,0.14080284535884857,"2025-05-16 16:13:26.223499","2025-05-16 16:13:26.855001","0 days 00:00:00.631502",128,192.0,16.0,112.0,256.0,176,16.0,"","",0.07919623866752339,5,2,0.30000000000000004,2,"","","","","","","","","","","","","","","","","","","","","","","","","","","","","","","","","","","","","","","","","","",0.23083913326263428,164.71353149414062,0.3079359233379364,0.3392367362976074,0.38500848412513733,-0.508323073387146,"","","","","","","","","","","","","","","","","","","","","","","","","","","","","","","","","","","","","","","","","","","","","","","","","",0.14080284535884857,"","PRUNED"
32,0.13013018667697906,"2025-05-16 16:13:26.855294","2025-05-16 16:13:27.365428","0 days 00:00:00.510134",96,208.0,96.0,112.0,192.0,160,"","","",0.08453417741866733,5,1,0.30000000000000004,1,"","","","","","","","","","","","","","","","","","","","","","","","","","","","","","","","","","","","","","","","","","",0.17741505801677704,61.18292999267578,0.2939135730266571,0.30714401602745056,0.3774140179157257,-0.7262722253799438,"","","","","","","","","","","","","","","","","","","","","","","","","","","","","","","","","","","","","","","","","","","","","","","","","",0.13013018667697906,"","PRUNED"
33,0.09816044569015503,"2025-05-16 16:13:27.365697","2025-05-16 16:13:28.051153","0 days 00:00:00.685456",160,160.0,96.0,"","",192,"","","",0.02711038578953253,3,1,0.1,3,"","","","","","","","","","","","","","","","","","","","","","","","","","","","","","","","","","","","","","","","","","",0.16270442306995392,72.66924285888672,0.6101500988006592,0.593199610710144,0.6603285074234009,-0.2269742488861084,"","","","","","","","","","","","","","","","","","","","","","","","","","","","","","","","","","","","","","","","","","","","","","","","","",0.09816044569015503,"","PRUNED"
34,0.08224878460168839,"2025-05-16 16:13:28.051418","2025-05-16 16:13:28.685294","0 days 00:00:00.633876",192,128.0,48.0,80.0,"",144,32.0,"","",0.005016484288713757,4,2,0.4,2,"","","","","","","","","","","","","","","","","","","","","","","","","","","","","","","","","","","","","","","","","","",0.10489218682050705,40.14644241333008,0.7018100619316101,0.777993381023407,0.8217851519584656,0.35543227195739746,"","","","","","","","","","","","","","","","","","","","","","","","","","","","","","","","","","","","","","","","","","","","","","","","","",0.08224878460168839,"","PRUNED"
35,0.0818096175789833,"2025-05-16 16:13:28.685569","2025-05-16 16:13:29.423015","0 days 00:00:00.737446",208,176.0,112.0,176.0,"",176,"","","",0.008188806705438033,4,1,0.2,3,"","","","","","","","","","","","","","","","","","","","","","","","","","","","","","","","","","","","","","","","","","",0.09760426729917526,40.96965026855469,0.707457959651947,0.7800273299217224,0.8183727264404297,0.49104589223861694,"","","","","","","","","","","","","","","","","","","","","","","","","","","","","","","","","","","","","","","","","","","","","","","","","",0.0818096175789833,"","PRUNED"
36,0.12224176526069641,"2025-05-16 16:13:29.423285","2025-05-16 16:13:30.059242","0 days 00:00:00.635957",128,80.0,192.0,64.0,16.0,192,80.0,"","",0.00016349531117774803,5,2,0.30000000000000004,1,"","","","","","","","","","","","","","","","","","","","","","","","","","","","","","","","","","","","","","","","","","",0.17883047461509705,63.10408020019531,0.6132332682609558,0.6512059569358826,0.7398714423179626,-0.6261774301528931,"","","","","","","","","","","","","","","","","","","","","","","","","","","","","","","","","","","","","","","","","","","","","","","","","",0.12224176526069641,"","PRUNED"
37,0.08453497290611267,"2025-05-16 16:13:30.059564","2025-05-16 16:13:33.117689","0 days 00:00:03.058125",160,112.0,16.0,"","",32,112.0,176.0,"",0.001727337711709708,3,3,0.4,10,"","","","","","","","","","","","","","","","","","","","","","","","","","","","","","","","","","","","","","","","","","",0.11734666675329208,44.7376708984375,0.7679400444030762,0.8283427953720093,0.8097174763679504,0.23025262355804443,"","","","","","","","","","","","","","","","","","","","","","","","","","","","","","","","","","","","","","","","","","","","","","","","","",0.08453497290611267,"","PRUNED"
38,0.08337690681219101,"2025-05-16 16:13:33.117968","2025-05-16 16:13:34.262761","0 days 00:00:01.144793",96,144.0,176.0,"","",128,64.0,112.0,160.0,0.0006758774310139917,3,4,0.2,2,"","","","","","","","","","","","","","","","","","","","","","","","","","","","","","","","","","","","","","","","","","",0.09669160097837448,40.10483169555664,0.7419900894165039,0.7798989415168762,0.8000770211219788,0.37848085165023804,"","","","","","","","","","","","","","","","","","","","","","","","","","","","","","","","","","","","","","","","","","","","","","","","","",0.08337690681219101,"","PRUNED"
39,0.08358609676361084,"2025-05-16 16:13:34.263111","2025-05-16 16:13:35.013781","0 days 00:00:00.750670",176,208.0,128.0,256.0,"",112,"","","",0.020063745158379873,4,1,0.1,5,"","","","","","","","","","","","","","","","","","","","","","","","","","","","","","","","","","","","","","","","","","",0.1314820796251297,67.23989868164062,0.7806491851806641,0.8204501867294312,0.8267537355422974,0.3378913402557373,"","","","","","","","","","","","","","","","","","","","","","","","","","","","","","","","","","","","","","","","","","","","","","","","","",0.08358609676361084,"","PRUNED"
40,0.08525325357913971,"2025-05-16 16:13:35.014059","2025-05-16 16:13:35.944701","0 days 00:00:00.930642",208,"","","","",160,144.0,144.0,"",0.0034286022918966932,1,3,0.5,2,"","","","","","","","","","","","","","","","","","","","","","","","","","","","","","","","","","","","","","","","","","",0.1034332737326622,36.9477653503418,0.7646190524101257,0.7933518886566162,0.80921870470047,0.28456777334213257,"","","","","","","","","","","","","","","","","","","","","","","","","","","","","","","","","","","","","","","","","","","","","","","","","",0.08525325357913971,"","PRUNED"
41,0.13008321821689606,"2025-05-16 16:13:35.945014","2025-05-16 16:13:43.079125","0 days 00:00:07.134111",112,160.0,48.0,160.0,"",176,160.0,192.0,160.0,0.049974455248682305,4,4,0.0,10,"","","","","","","","","","","","","","","","","","","","","","","","","","","","","","","","","","","","","","","","","","",0.1653425544500351,52.20819854736328,0.3079359233379364,0.3392367362976074,0.38500848412513733,-0.618718147277832,"","","","","","","","","","","","","","","","","","","","","","","","","","","","","","","","","","","","","","","","","","","","","","","","","",0.13008321821689606,"","PRUNED"
42,0.13861389458179474,"2025-05-16 16:13:43.079420","2025-05-16 16:13:49.188190","0 days 00:00:06.108770",80,160.0,32.0,"","",144,144.0,192.0,192.0,0.06871079268187756,3,4,0.1,9,"","","","","","","","","","","","","","","","","","","","","","","","","","","","","","","","","","","","","","","","","","",0.17215631902217865,55.383087158203125,0.3079359233379364,0.3392367362976074,0.38500848412513733,-0.6822526454925537,"","","","","","","","","","","","","","","","","","","","","","","","","","","","","","","","","","","","","","","","","","","","","","","","","",0.13861389458179474,"","PRUNED"
43,4.234082221984863,"2025-05-16 16:13:49.188494","2025-05-16 16:13:55.618990","0 days 00:00:06.430496",112,176.0,"","","",192,192.0,176.0,144.0,0.05677752670600141,2,4,0.0,9,"","","","","","","","","","","","","","","","","","","","","","","","","","","","","","","","","","","","","","","","","","",9.701436042785645,5399.98974609375,0.5349336266517639,0.5680727958679199,0.6538993120193481,-6061.162109375,"","","","","","","","","","","","","","","","","","","","","","","","","","","","","","","","","","","","","","","","","","","","","","","","","",4.234082221984863,"","PRUNED"
