"number","value","datetime_start","datetime_complete","duration","params_decoder_layer_width_0","params_decoder_layer_width_1","params_decoder_layer_width_2","params_decoder_layer_width_3","params_decoder_layer_width_4","params_encoder_layer_width_0","params_encoder_layer_width_1","params_encoder_layer_width_2","params_encoder_layer_width_3","params_lr","params_n_decoder_layers","params_n_encoder_layers","params_transformer_dropout","params_transformer_heads","user_attrs_avg_mae","user_attrs_avg_mape","user_attrs_avg_ndcg10","user_attrs_avg_ndcg20","user_attrs_avg_ndcg50","user_attrs_avg_r2","user_attrs_fold10_mae","user_attrs_fold10_mape","user_attrs_fold10_ndcg10","user_attrs_fold10_ndcg20","user_attrs_fold10_ndcg50","user_attrs_fold10_r2","user_attrs_fold11_mae","user_attrs_fold11_mape","user_attrs_fold11_ndcg10","user_attrs_fold11_ndcg20","user_attrs_fold11_ndcg50","user_attrs_fold11_r2","user_attrs_fold12_mae","user_attrs_fold12_mape","user_attrs_fold12_ndcg10","user_attrs_fold12_ndcg20","user_attrs_fold12_ndcg50","user_attrs_fold12_r2","user_attrs_fold13_mae","user_attrs_fold13_mape","user_attrs_fold13_ndcg10","user_attrs_fold13_ndcg20","user_attrs_fold13_ndcg50","user_attrs_fold13_r2","user_attrs_fold14_mae","user_attrs_fold14_mape","user_attrs_fold14_ndcg10","user_attrs_fold14_ndcg20","user_attrs_fold14_ndcg50","user_attrs_fold14_r2","user_attrs_fold15_mae","user_attrs_fold15_mape","user_attrs_fold15_ndcg10","user_attrs_fold15_ndcg20","user_attrs_fold15_ndcg50","user_attrs_fold15_r2","user_attrs_fold1_mae","user_attrs_fold1_mape","user_attrs_fold1_ndcg10","user_attrs_fold1_ndcg20","user_attrs_fold1_ndcg50","user_attrs_fold1_r2","user_attrs_fold2_mae","user_attrs_fold2_mape","user_attrs_fold2_ndcg10","user_attrs_fold2_ndcg20","user_attrs_fold2_ndcg50","user_attrs_fold2_r2","user_attrs_fold3_mae","user_attrs_fold3_mape","user_attrs_fold3_ndcg10","user_attrs_fold3_ndcg20","user_attrs_fold3_ndcg50","user_attrs_fold3_r2","user_attrs_fold4_mae","user_attrs_fold4_mape","user_attrs_fold4_ndcg10","user_attrs_fold4_ndcg20","user_attrs_fold4_ndcg50","user_attrs_fold4_r2","user_attrs_fold5_mae","user_attrs_fold5_mape","user_attrs_fold5_ndcg10","user_attrs_fold5_ndcg20","user_attrs_fold5_ndcg50","user_attrs_fold5_r2","user_attrs_fold6_mae","user_attrs_fold6_mape","user_attrs_fold6_ndcg10","user_attrs_fold6_ndcg20","user_attrs_fold6_ndcg50","user_attrs_fold6_r2","user_attrs_fold7_mae","user_attrs_fold7_mape","user_attrs_fold7_ndcg10","user_attrs_fold7_ndcg20","user_attrs_fold7_ndcg50","user_attrs_fold7_r2","user_attrs_fold8_mae","user_attrs_fold8_mape","user_attrs_fold8_ndcg10","user_attrs_fold8_ndcg20","user_attrs_fold8_ndcg50","user_attrs_fold8_r2","user_attrs_fold9_mae","user_attrs_fold9_mape","user_attrs_fold9_ndcg10","user_attrs_fold9_ndcg20","user_attrs_fold9_ndcg50","user_attrs_fold9_r2","user_attrs_pca_components","system_attrs_completed_rung_0","system_attrs_completed_rung_1","state"
44,0.08375987410545349,"2025-05-16 16:13:55.619276","2025-05-16 16:14:00.188578","0 days 00:00:04.569302",144,"","","","",128,48.0,208.0,128.0,0.00010240659131425679,1,4,0.2,10,"","","","","","","","","","","","","","","","","","","","","","","","","","","","","","","","","","","","","","","","","","",0.09821736067533493,38.49444580078125,0.7116585373878479,0.7574204206466675,0.8062487244606018,0.3787662386894226,"","","","","","","","","","","","","","","","","","","","","","","","","","","","","","","","","","","","","","","","","","","","","","","","","",0.08375987410545349,"","PRUNED"
45,0.13047833740711212,"2025-05-16 16:14:00.188862","2025-05-16 16:14:04.688397","0 days 00:00:04.499535",48,240.0,"","","",144,160.0,160.0,"",0.04000534073629722,2,3,0.1,10,"","","","","","","","","","","","","","","","","","","","","","","","","","","","","","","","","","","","","","","","","","",0.1780281662940979,58.11910629272461,0.3079359233379364,0.3392367362976074,0.38500848412513733,-0.7394945621490479,"","","","","","","","","","","","","","","","","","","","","","","","","","","","","","","","","","","","","","","","","","","","","","","","","",0.13047833740711212,"","PRUNED"
46,0.12709300220012665,"2025-05-16 16:14:04.688663","2025-05-16 16:14:07.921035","0 days 00:00:03.232372",80,80.0,64.0,80.0,128.0,64,192.0,192.0,64.0,0.019858007067208864,5,4,0.0,7,"","","","","","","","","","","","","","","","","","","","","","","","","","","","","","","","","","","","","","","","","","",0.09719888865947723,40.356388092041016,0.7314608097076416,0.7684616446495056,0.8306241035461426,0.45286744832992554,"","","","","","","","","","","","","","","","","","","","","","","","","","","","","","","","","","","","","","","","","","","","","","","","","",0.12709300220012665,"","PRUNED"
47,0.10087902645270029,"2025-05-16 16:14:07.921323","2025-05-16 16:14:31.012626","0 days 00:00:23.091303",240,128.0,80.0,"","",48,208.0,160.0,"",0.0003261314136103531,3,3,0.1,8,0.10087902645270029,291.96703033447267,0.7998534123102824,0.7896112243334452,0.7731517553329468,0.33526332179705304,0.1442365199327469,130.739013671875,1.0,1.0,0.8322350382804871,0.19972950220108032,0.10086259245872498,53.01451873779297,1.0,1.0,0.9090743660926819,0.5939903557300568,0.09214162081480026,99.02454376220703,1.0,0.8397557735443115,0.7569780349731445,0.32426929473876953,0.08120846003293991,63.36040496826172,0.9191439151763916,0.8540616035461426,0.7926582098007202,0.5173002481460571,0.13674940168857574,88.29763793945312,1.0,1.0,0.9628441333770752,0.4714536666870117,0.07275483757257462,78.28890228271484,0.8921757340431213,0.8400640487670898,0.7952572703361511,0.45734846591949463,0.09783069789409637,38.72418212890625,0.7379530668258667,0.7554631233215332,0.7922846674919128,0.3646663427352905,0.17076748609542847,1971.0673828125,0.6777278184890747,0.6125438213348389,0.8459408283233643,0.04714322090148926,0.08022788912057877,47.0146484375,0.8533626198768616,0.8789702653884888,0.8641063570976257,0.5475515425205231,0.09773494303226471,44.017845153808594,0.6722822189331055,0.7585080862045288,0.7940921187400818,0.40350812673568726,0.0945606678724289,489.34375,0.3204320967197418,0.3931102454662323,0.4506152272224426,-0.028255343437194824,0.0499110221862793,213.505859375,1.0,1.0,0.8270131349563599,0.39214926958084106,0.11500388383865356,228.7727813720703,0.5559629201889038,0.5975264310836792,0.5731924772262573,0.04325306415557861,0.10826057940721512,257.1246337890625,0.45616814494132996,0.4900430738925934,0.5279250741004944,0.07480108737945557,0.07093479484319687,577.2093505859375,0.9125926494598389,0.82412189245224,0.8730593919754028,0.6200409829616547,10.0,0.07893477380275726,0.07933207601308823,"COMPLETE"
48,0.10090385600924492,"2025-05-16 16:14:31.013333","2025-05-16 16:14:52.881214","0 days 00:00:21.867881",240,96.0,80.0,"","",48,208.0,144.0,"",0.00029562219767192256,3,3,0.1,8,0.10090385600924492,283.1687660217285,0.801037585735321,0.7865744352340698,0.7741347551345825,0.3346643030643463,0.14503487944602966,116.98138427734375,1.0,1.0,0.825954258441925,0.18499362468719482,0.10018201172351837,54.02674865722656,1.0,1.0,0.9090659022331238,0.5979949831962585,0.09199323505163193,101.78673553466797,1.0,0.8397557735443115,0.7572827935218811,0.3312276601791382,0.08189602196216583,61.696590423583984,0.9191439151763916,0.8530052304267883,0.8074169754981995,0.5039219260215759,0.13533924520015717,84.7844009399414,1.0,1.0,0.9628441333770752,0.4657507538795471,0.07337247580289841,70.38111877441406,0.8921757340431213,0.8405999541282654,0.7948139309883118,0.42901545763015747,0.1007523462176323,38.48883056640625,0.739427924156189,0.7569354176521301,0.7873055338859558,0.32866787910461426,0.16593794524669647,1826.02685546875,0.6767438054084778,0.6185278296470642,0.8434865474700928,0.07206279039382935,0.08449983596801758,47.00767517089844,0.8508955240249634,0.869320809841156,0.8580188751220703,0.5161094963550568,0.09816670417785645,46.71891784667969,0.6699030995368958,0.7081370949745178,0.7876740097999573,0.40153539180755615,0.0931691825389862,488.5379638671875,0.3447430729866028,0.3941149115562439,0.45992857217788696,0.0005083084106445312,0.04934167489409447,216.38038635253906,1.0,1.0,0.8243237137794495,0.3976292014122009,0.11308345198631287,253.94956970214844,0.555184006690979,0.6081957817077637,0.6190973520278931,0.10009968280792236,0.1102745532989502,286.9458312988281,0.4547540545463562,0.4859018325805664,0.5154526829719543,0.06538063287734985,0.07051427662372589,553.8184814453125,0.9125926494598389,0.82412189245224,0.8593560457229614,0.6250667572021484,10.0,0.0799405425786972,0.07927931100130081,"COMPLETE"
49,0.08091913908720016,"2025-05-16 16:14:52.881681","2025-05-16 16:15:00.561262","0 days 00:00:07.679581",240,112.0,128.0,"","",48,208.0,144.0,"",0.00015470615972050416,3,3,0.1,8,"","","","","","","","","","","","","","","","","","","","","","","","","","","","","","","","","","","","","","","","","","",0.09798704087734222,39.775733947753906,0.7452681064605713,0.7845295071601868,0.7819324135780334,0.3831702470779419,0.1639319509267807,1601.7662353515625,0.696406364440918,0.6567863821983337,0.8481523394584656,0.07628393173217773,0.08129904419183731,45.90626525878906,0.8508955240249634,0.8688061237335205,0.8672926425933838,0.5377906858921051,0.09780801832675934,41.85495376586914,0.6264196634292603,0.6975075602531433,0.7866735458374023,0.3239783048629761,"","","","","","","","","","","","","","","","","","","","","","","","","","","","","","","",0.08128320425748825,0.08091913908720016,"PRUNED"
50,0.08045970648527145,"2025-05-16 16:15:00.561604","2025-05-16 16:15:06.955388","0 days 00:00:06.393784",240,96.0,"","","",32,208.0,112.0,"",0.0002985671462611057,2,3,0.1,8,"","","","","","","","","","","","","","","","","","","","","","","","","","","","","","","","","","","","","","","","","","",0.09507923573255539,38.052608489990234,0.6939114928245544,0.7834142446517944,0.7991453409194946,0.40551555156707764,0.16772101819515228,2006.258056640625,0.6803448796272278,0.6590520143508911,0.8517141342163086,0.08854997158050537,0.08263377100229263,47.102195739746094,0.8590125441551208,0.8725926280021667,0.8557969331741333,0.5442349016666412,0.09664476662874222,43.39261245727539,0.7158171534538269,0.7382217049598694,0.795896589756012,0.41415780782699585,"","","","","","","","","","","","","","","","","","","","","","","","","","","","","","","",0.07916165888309479,0.08045970648527145,"PRUNED"
51,0.08077777922153473,"2025-05-16 16:15:06.955664","2025-05-16 16:15:09.929618","0 days 00:00:02.973954",256,128.0,80.0,48.0,"",64,208.0,160.0,"",0.00054410985236727,4,3,0.2,7,"","","","","","","","","","","","","","","","","","","","","","","","","","","","","","","","","","","","","","","","","","",0.10737138986587524,42.16590118408203,0.7469261288642883,0.7545875906944275,0.7932132482528687,0.2813591957092285,"","","","","","","","","","","","","","","","","","","","","","","","","","","","","","","","","","","","","","","","","","","","","","","","","",0.08077777922153473,"","PRUNED"
52,0.0837058573961258,"2025-05-16 16:15:09.929903","2025-05-16 16:15:12.306368","0 days 00:00:02.376465",240,"","","","",16,176.0,128.0,"",0.00021459451329007955,1,3,0.30000000000000004,8,"","","","","","","","","","","","","","","","","","","","","","","","","","","","","","","","","","","","","","","","","","",0.10704673081636429,42.35647201538086,0.737526535987854,0.7546753883361816,0.7933692336082458,0.32223987579345703,"","","","","","","","","","","","","","","","","","","","","","","","","","","","","","","","","","","","","","","","","","","","","","","","","",0.0837058573961258,"","PRUNED"
53,0.0822845846414566,"2025-05-16 16:15:12.306644","2025-05-16 16:15:17.531889","0 days 00:00:05.225245",224,64.0,80.0,"","",48,192.0,96.0,"",0.00013879540785584913,3,3,0.0,7,"","","","","","","","","","","","","","","","","","","","","","","","","","","","","","","","","","","","","","","","","","",0.09833675622940063,38.48749542236328,0.7419900894165039,0.7818455100059509,0.8054004311561584,0.3805973529815674,0.16264328360557556,1900.809814453125,0.696406364440918,0.6223676204681396,0.8452873826026917,0.11651593446731567,0.0880427360534668,48.81908416748047,0.8766089677810669,0.8829506039619446,0.8811424970626831,0.5304696559906006,0.09862784296274185,39.988712310791016,0.6397994756698608,0.6767929792404175,0.7803429365158081,0.3131678104400635,"","","","","","","","","","","","","","","","","","","","","","","","","","","","","","","",0.08004020154476166,0.0822845846414566,"PRUNED"
54,0.0850696861743927,"2025-05-16 16:15:17.532175","2025-05-16 16:15:19.581552","0 days 00:00:02.049377",256,"","","","",32,208.0,"","",0.0003349832819959215,1,2,0.2,9,"","","","","","","","","","","","","","","","","","","","","","","","","","","","","","","","","","","","","","","","","","",0.11829444766044617,47.93085479736328,0.7145124077796936,0.765747606754303,0.7986811995506287,0.27614301443099976,"","","","","","","","","","","","","","","","","","","","","","","","","","","","","","","","","","","","","","","","","","","","","","","","","",0.0850696861743927,"","PRUNED"
55,0.08116411417722702,"2025-05-16 16:15:19.581844","2025-05-16 16:15:22.713806","0 days 00:00:03.131962",176,80.0,"","","",64,32.0,128.0,"",0.0013625020373117178,2,3,0.1,6,"","","","","","","","","","","","","","","","","","","","","","","","","","","","","","","","","","","","","","","","","","",0.09519855678081512,37.0890007019043,0.7432423830032349,0.7971310019493103,0.8117120265960693,0.4247586727142334,0.16752280294895172,1993.0609130859375,0.6520388126373291,0.647919774055481,0.8497427701950073,0.09636890888214111,0.08170752972364426,51.31245422363281,0.8767703175544739,0.8991551995277405,0.8864267468452454,0.595538467168808,0.09748542308807373,45.812137603759766,0.7034006118774414,0.7473173141479492,0.8121651411056519,0.46907883882522583,"","","","","","","","","","","","","","","","","","","","","","","","","","","","","","","",0.079205721616745,0.08116411417722702,"PRUNED"
56,0.08309594541788101,"2025-05-16 16:15:22.714081","2025-05-16 16:15:24.436631","0 days 00:00:01.722550",208,96.0,"","","",80,176.0,"","",0.0006537022461353293,2,2,0.2,7,"","","","","","","","","","","","","","","","","","","","","","","","","","","","","","","","","","","","","","","","","","",0.09846090525388718,38.85915756225586,0.7427001595497131,0.773556649684906,0.8128761649131775,0.3994462490081787,"","","","","","","","","","","","","","","","","","","","","","","","","","","","","","","","","","","","","","","","","","","","","","","","","",0.08309594541788101,"","PRUNED"
57,0.10037630697091421,"2025-05-16 16:15:24.436896","2025-05-16 16:15:38.771944","0 days 00:00:14.335048",240,144.0,112.0,"","",96,192.0,144.0,"",0.00023333871068912334,3,3,0.0,5,0.10037630697091421,279.7253593444824,0.79928986231486,0.7837842305501302,0.7749382098515828,0.3413086493810018,0.1440727710723877,138.85043334960938,1.0,1.0,0.8259819746017456,0.2175413966178894,0.09981239587068558,51.34434127807617,1.0,1.0,0.9090743660926819,0.5978053510189056,0.0918494164943695,100.19762420654297,1.0,0.8397557735443115,0.7584152817726135,0.32809215784072876,0.08198773115873337,72.43387603759766,0.9191439151763916,0.853254497051239,0.823543131351471,0.5419527292251587,0.1339040845632553,90.9459457397461,1.0,1.0,0.9628344774246216,0.4709274172782898,0.07309279590845108,78.39775085449219,0.8921757340431213,0.8403826355934143,0.8051230907440186,0.4522392749786377,0.09800448268651962,39.88616180419922,0.7419900894165039,0.7803481221199036,0.7897975444793701,0.38593631982803345,0.16731084883213043,1778.5057373046875,0.6795506477355957,0.6204661130905151,0.84792160987854,0.057972490787506104,0.08117739111185074,46.916988372802734,0.8533626198768616,0.8691843748092651,0.8616471290588379,0.5480659008026123,0.0973595455288887,41.71303939819336,0.6290361285209656,0.7308666706085205,0.7827067971229553,0.37195706367492676,0.09017432481050491,378.43328857421875,0.35034894943237305,0.40179213881492615,0.4980534315109253,-0.013365030288696289,0.05215387046337128,369.1898498535156,1.0,1.0,0.8089808225631714,0.4031807780265808,0.11527925729751587,253.56082153320312,0.5565822124481201,0.5462691783905029,0.569707453250885,0.07813620567321777,0.10990896075963974,254.07383728027344,0.44092249870300293,0.4797588884830475,0.5284268260002136,0.06461125612258911,0.06955672800540924,501.4306945800781,0.9262351393699646,0.7946850657463074,0.8518592119216919,0.6145764291286469,10.0,0.07891562581062317,0.07847472280263901,"COMPLETE"
58,0.10044175609946251,"2025-05-16 16:15:38.772401","2025-05-16 16:15:50.077021","0 days 00:00:11.304620",224,144.0,112.0,"","",96,192.0,144.0,"",0.00019726330052615985,3,3,0.0,4,0.10044175609946251,287.5097279866537,0.8009197851022084,0.7876262327035268,0.7799758931001027,0.3479091008504232,0.14428971707820892,146.23780822753906,1.0,1.0,0.8322405815124512,0.22438639402389526,0.10221081972122192,55.09362030029297,1.0,1.0,0.9090717434883118,0.6080222427845001,0.0919623002409935,107.7240219116211,1.0,0.8295333385467529,0.7548010945320129,0.3432113528251648,0.08125843107700348,64.05529022216797,0.9191439151763916,0.852961003780365,0.8180041909217834,0.524741917848587,0.1348574459552765,90.7069320678711,1.0,1.0,0.9628545045852661,0.466643750667572,0.07360934466123581,88.50232696533203,0.8921757340431213,0.8405999541282654,0.8166855573654175,0.47490763664245605,0.1022382602095604,40.04179000854492,0.7116585373878479,0.7585443258285522,0.8106595277786255,0.3807371258735657,0.16442295908927917,2058.0205078125,0.696406364440918,0.6612794995307922,0.8483062982559204,0.12948369979858398,0.08342698216438293,46.90410614013672,0.8533626198768616,0.8788938522338867,0.8584280014038086,0.5298659801483154,0.09662159532308578,42.74019241333008,0.6283852458000183,0.6976997256278992,0.7832490801811218,0.3556334376335144,0.08861683309078217,427.4439697265625,0.38702037930488586,0.41866764426231384,0.545233964920044,0.06652951240539551,0.05010964348912239,192.03555297851562,1.0,1.0,0.8119899034500122,0.3716104030609131,0.11397764831781387,254.14529418945312,0.5584863424301147,0.6064797043800354,0.6023873090744019,0.08088231086730957,0.11018401384353638,252.40142822265625,0.44092249870300293,0.47498416900634766,0.49448779225349426,0.04473555088043213,0.06884034723043442,446.59307861328125,0.9262351393699646,0.7947502732276917,0.8512388467788696,0.6172451972961426,10.0,0.08035007864236832,0.07954268902540207,"COMPLETE"
59,0.07962823659181595,"2025-05-16 16:15:50.077509","2025-05-16 16:15:53.993256","0 days 00:00:03.915747",224,144.0,112.0,"","",96,192.0,144.0,"",0.00019911888270676052,3,3,0.0,4,"","","","","","","","","","","","","","","","","","","","","","","","","","","","","","","","","","","","","","","","","","",0.09777358919382095,36.6539306640625,0.7419900894165039,0.7818455100059509,0.8133684396743774,0.3689081072807312,0.16311459243297577,1797.51513671875,0.6935995817184448,0.6181268095970154,0.8444015383720398,0.08322417736053467,0.08665706217288971,48.602134704589844,0.8766089677810669,0.8813708424568176,0.875046968460083,0.5320543348789215,0.09743323177099228,41.782100677490234,0.6295602917671204,0.6987879872322083,0.7845895886421204,0.32760167121887207,"","","","","","","","","","","","","","","","","","","","","","","","","","","","","","","",0.07941585779190063,0.07962823659181595,"PRUNED"
60,0.07985159009695053,"2025-05-16 16:15:53.993533","2025-05-16 16:15:59.384207","0 days 00:00:05.390674",208,160.0,144.0,"","",96,208.0,160.0,"",0.00012503363269771104,3,3,0.0,5,"","","","","","","","","","","","","","","","","","","","","","","","","","","","","","","","","","","","","","","","","","",0.09672971069812775,38.07174301147461,0.6687200665473938,0.7467018365859985,0.7965781092643738,0.3863822817802429,0.16469039022922516,1970.1229248046875,0.6935995817184448,0.617689311504364,0.8415539860725403,0.09464681148529053,0.08103576302528381,48.03976821899414,0.8494654297828674,0.8898743987083435,0.8659928441047668,0.5659632980823517,0.0984368845820427,41.215755462646484,0.6397994756698608,0.6961655020713806,0.7874691486358643,0.31167829036712646,"","","","","","","","","","","","","","","","","","","","","","","","","","","","","","","",0.0794096440076828,0.07985159009695053,"PRUNED"
