"number","value","datetime_start","datetime_complete","duration","params_decoder_layer_width_0","params_decoder_layer_width_1","params_decoder_layer_width_2","params_decoder_layer_width_3","params_decoder_layer_width_4","params_encoder_layer_width_0","params_encoder_layer_width_1","params_encoder_layer_width_2","params_encoder_layer_width_3","params_encoder_layer_width_4","params_graphsage_aggregator","params_lr","params_n_decoder_layers","params_n_encoder_layers","user_attrs_avg_mae","user_attrs_avg_mape","user_attrs_avg_ndcg10","user_attrs_avg_ndcg20","user_attrs_avg_ndcg50","user_attrs_avg_r2","user_attrs_fold10_mae","user_attrs_fold10_mape","user_attrs_fold10_ndcg10","user_attrs_fold10_ndcg20","user_attrs_fold10_ndcg50","user_attrs_fold10_r2","user_attrs_fold11_mae","user_attrs_fold11_mape","user_attrs_fold11_ndcg10","user_attrs_fold11_ndcg20","user_attrs_fold11_ndcg50","user_attrs_fold11_r2","user_attrs_fold12_mae","user_attrs_fold12_mape","user_attrs_fold12_ndcg10","user_attrs_fold12_ndcg20","user_attrs_fold12_ndcg50","user_attrs_fold12_r2","user_attrs_fold13_mae","user_attrs_fold13_mape","user_attrs_fold13_ndcg10","user_attrs_fold13_ndcg20","user_attrs_fold13_ndcg50","user_attrs_fold13_r2","user_attrs_fold14_mae","user_attrs_fold14_mape","user_attrs_fold14_ndcg10","user_attrs_fold14_ndcg20","user_attrs_fold14_ndcg50","user_attrs_fold14_r2","user_attrs_fold15_mae","user_attrs_fold15_mape","user_attrs_fold15_ndcg10","user_attrs_fold15_ndcg20","user_attrs_fold15_ndcg50","user_attrs_fold15_r2","user_attrs_fold1_mae","user_attrs_fold1_mape","user_attrs_fold1_ndcg10","user_attrs_fold1_ndcg20","user_attrs_fold1_ndcg50","user_attrs_fold1_r2","user_attrs_fold2_mae","user_attrs_fold2_mape","user_attrs_fold2_ndcg10","user_attrs_fold2_ndcg20","user_attrs_fold2_ndcg50","user_attrs_fold2_r2","user_attrs_fold3_mae","user_attrs_fold3_mape","user_attrs_fold3_ndcg10","user_attrs_fold3_ndcg20","user_attrs_fold3_ndcg50","user_attrs_fold3_r2","user_attrs_fold4_mae","user_attrs_fold4_mape","user_attrs_fold4_ndcg10","user_attrs_fold4_ndcg20","user_attrs_fold4_ndcg50","user_attrs_fold4_r2","user_attrs_fold5_mae","user_attrs_fold5_mape","user_attrs_fold5_ndcg10","user_attrs_fold5_ndcg20","user_attrs_fold5_ndcg50","user_attrs_fold5_r2","user_attrs_fold6_mae","user_attrs_fold6_mape","user_attrs_fold6_ndcg10","user_attrs_fold6_ndcg20","user_attrs_fold6_ndcg50","user_attrs_fold6_r2","user_attrs_fold7_mae","user_attrs_fold7_mape","user_attrs_fold7_ndcg10","user_attrs_fold7_ndcg20","user_attrs_fold7_ndcg50","user_attrs_fold7_r2","user_attrs_fold8_mae","user_attrs_fold8_mape","user_attrs_fold8_ndcg10","user_attrs_fold8_ndcg20","user_attrs_fold8_ndcg50","user_attrs_fold8_r2","user_attrs_fold9_mae","user_attrs_fold9_mape","user_attrs_fold9_ndcg10","user_attrs_fold9_ndcg20","user_attrs_fold9_ndcg50","user_attrs_fold9_r2","user_attrs_pca_components","system_attrs_completed_rung_0","system_attrs_completed_rung_1","state"
11,0.0993393063545227,"2025-05-16 16:04:52.354706","2025-05-16 16:04:53.054381","0 days 00:00:00.699675",80,112.0,"","","",128,"","","","","add",0.004466893098732474,2,1,"","","","","","","","","","","","","","","","","","","","","","","","","","","","","","","","","","","","","","","","","","",0.13274472951889038,61.089908599853516,0.6065917611122131,0.7019149661064148,0.6986666321754456,0.1395564079284668,0.2271278351545334,4548.78759765625,0.5403297543525696,0.508069634437561,0.7809105515480042,-0.17364585399627686,0.12949199974536896,62.88648223876953,0.5174933075904846,0.5936408638954163,0.6512337923049927,-0.0800703763961792,0.12227987498044968,64.63239288330078,0.4571567475795746,0.5846092104911804,0.6781193614006042,0.20782244205474854,"","","","","","","","","","","","","","","","","","","","","","","","","","","","","","","",0.10322769731283188,0.0993393063545227,"PRUNED"
12,0.09934502840042114,"2025-05-16 16:04:53.054646","2025-05-16 16:04:53.977275","0 days 00:00:00.922629",96,176.0,"","","",80,144.0,"","","","add",0.0024638308190032925,2,2,"","","","","","","","","","","","","","","","","","","","","","","","","","","","","","","","","","","","","","","","","","",0.14306823909282684,52.288883209228516,0.7902120351791382,0.8281646370887756,0.8223075866699219,-0.014214634895324707,0.19313716888427734,3706.222900390625,0.6447194814682007,0.6136391758918762,0.8395618200302124,0.17730098962783813,0.10071010142564774,62.11812973022461,0.9135793447494507,0.8553214073181152,0.8800154328346252,0.45402443408966064,0.10012498497962952,50.04982376098633,0.7267700433731079,0.7715178728103638,0.8048669695854187,0.42858994007110596,"","","","","","","","","","","","","","","","","","","","","","","","","","","","","","","",0.09317213296890259,0.09934502840042114,"PRUNED"
13,0.13004516065120697,"2025-05-16 16:04:53.977597","2025-05-16 16:04:54.369883","0 days 00:00:00.392286",16,48.0,"","","",256,192.0,"","","","max",0.008581459542700938,2,2,"","","","","","","","","","","","","","","","","","","","","","","","","","","","","","","","","","","","","","","","","","",0.13500858843326569,50.10417175292969,0.7416810393333435,0.7364985942840576,0.7784498333930969,-0.015221238136291504,"","","","","","","","","","","","","","","","","","","","","","","","","","","","","","","","","","","","","","","","","","","","","","","","","",0.13004516065120697,"","PRUNED"
14,0.1059843897819519,"2025-05-16 16:04:54.370168","2025-05-16 16:04:54.903715","0 days 00:00:00.533547",112,96.0,"","","",160,80.0,256.0,256.0,"","mean",0.0010754305721881762,2,4,"","","","","","","","","","","","","","","","","","","","","","","","","","","","","","","","","","","","","","","","","","",0.1561604142189026,54.97847366333008,0.7404504418373108,0.7169082760810852,0.7357011437416077,-0.2854294776916504,"","","","","","","","","","","","","","","","","","","","","","","","","","","","","","","","","","","","","","","","","","","","","","","","","",0.1059843897819519,"","PRUNED"
15,0.10484276711940765,"2025-05-16 16:04:54.903992","2025-05-16 16:04:55.288561","0 days 00:00:00.384569",208,160.0,256.0,16.0,"",64,"","","","","max",0.0047224522466646785,4,1,"","","","","","","","","","","","","","","","","","","","","","","","","","","","","","","","","","","","","","","","","","",0.11850398778915405,50.046043395996094,0.655360996723175,0.7270126938819885,0.7637432813644409,0.2200884222984314,"","","","","","","","","","","","","","","","","","","","","","","","","","","","","","","","","","","","","","","","","","","","","","","","","",0.10484276711940765,"","PRUNED"
16,0.12786786258220673,"2025-05-16 16:04:55.288835","2025-05-16 16:04:55.803938","0 days 00:00:00.515103",160,208.0,128.0,"","",192,176.0,112.0,16.0,"","add",0.018423564849765914,3,4,"","","","","","","","","","","","","","","","","","","","","","","","","","","","","","","","","","","","","","","","","","",0.127301424741745,47.45117950439453,0.761737585067749,0.7978624701499939,0.8383039832115173,0.16112273931503296,"","","","","","","","","","","","","","","","","","","","","","","","","","","","","","","","","","","","","","","","","","","","","","","","","",0.12786786258220673,"","PRUNED"
17,0.10787469893693924,"2025-05-16 16:04:55.804264","2025-05-16 16:04:56.158069","0 days 00:00:00.353805",64,"","","","",144,96.0,"","","","max",0.0019665059881770436,1,2,"","","","","","","","","","","","","","","","","","","","","","","","","","","","","","","","","","","","","","","","","","",0.14342689514160156,48.10640335083008,0.7388755083084106,0.6967296600341797,0.7401009798049927,-0.21359407901763916,"","","","","","","","","","","","","","","","","","","","","","","","","","","","","","","","","","","","","","","","","","","","","","","","","",0.10787469893693924,"","PRUNED"
18,0.10418398678302765,"2025-05-16 16:04:56.158343","2025-05-16 16:04:56.837544","0 days 00:00:00.679201",112,144.0,"","","",32,"","","","","add",0.000842598748276162,2,1,"","","","","","","","","","","","","","","","","","","","","","","","","","","","","","","","","","","","","","","","","","",0.14000213146209717,51.977867126464844,0.4963665306568146,0.4709574580192566,0.6346004605293274,-0.1560455560684204,0.22037480771541595,4023.553955078125,0.4650372266769409,0.46941107511520386,0.7289690971374512,-0.12051165103912354,0.1437402218580246,63.524349212646484,0.378946453332901,0.48021429777145386,0.6168402433395386,-0.389650821685791,0.13577529788017273,73.37640380859375,0.42643365263938904,0.41430455446243286,0.662493884563446,0.04278409481048584,"","","","","","","","","","","","","","","","","","","","","","","","","","","","","","","",0.10275784134864807,0.10418398678302765,"PRUNED"
19,0.12891818583011627,"2025-05-16 16:04:56.837841","2025-05-16 16:04:57.353197","0 days 00:00:00.515356",32,64.0,208.0,144.0,"",96,208.0,208.0,"","","mean",0.06901285916695085,4,3,"","","","","","","","","","","","","","","","","","","","","","","","","","","","","","","","","","","","","","","","","","",0.1962866187095642,85.50489807128906,0.6555114388465881,0.6026747822761536,0.7002946138381958,-0.5615663528442383,"","","","","","","","","","","","","","","","","","","","","","","","","","","","","","","","","","","","","","","","","","","","","","","","","",0.12891818583011627,"","PRUNED"
20,0.11690835654735565,"2025-05-16 16:04:57.353495","2025-05-16 16:04:58.285635","0 days 00:00:00.932140",128,208.0,"","","",256,112.0,"","","","add",0.007401016070643808,2,2,"","","","","","","","","","","","","","","","","","","","","","","","","","","","","","","","","","","","","","","","","","",0.1742873191833496,57.51530075073242,0.5634099245071411,0.6233854293823242,0.7739714980125427,-0.6609174013137817,0.1555035263299942,1755.05810546875,0.6870618462562561,0.6685788631439209,0.8646188974380493,0.20873767137527466,0.18107128143310547,83.82792663574219,0.8486545085906982,0.7469732761383057,0.8135436773300171,-0.7246781587600708,0.1426176279783249,50.89070129394531,0.533277153968811,0.5735930800437927,0.6551597714424133,-0.31329381465911865,"","","","","","","","","","","","","","","","","","","","","","","","","","","","","","","",0.09913874417543411,0.11690835654735565,"PRUNED"
21,0.11149802803993225,"2025-05-16 16:04:58.285912","2025-05-16 16:04:59.044129","0 days 00:00:00.758217",160,240.0,224.0,"","",128,224.0,256.0,240.0,48.0,"max",0.00011010808104823068,3,5,"","","","","","","","","","","","","","","","","","","","","","","","","","","","","","","","","","","","","","","","","","",0.17503027617931366,62.732643127441406,0.7493970990180969,0.6721729040145874,0.7477999329566956,-0.5500364303588867,"","","","","","","","","","","","","","","","","","","","","","","","","","","","","","","","","","","","","","","","","","","","","","","","","",0.11149802803993225,"","PRUNED"
22,0.1108756810426712,"2025-05-16 16:04:59.044437","2025-05-16 16:04:59.713090","0 days 00:00:00.668653",256,128.0,208.0,"","",96,176.0,256.0,192.0,"","max",0.00040881382574203134,3,4,"","","","","","","","","","","","","","","","","","","","","","","","","","","","","","","","","","","","","","","","","","",0.14769764244556427,48.110740661621094,0.8051915168762207,0.7117034792900085,0.7499163746833801,-0.30791687965393066,"","","","","","","","","","","","","","","","","","","","","","","","","","","","","","","","","","","","","","","","","","","","","","","","","",0.1108756810426712,"","PRUNED"
23,0.10688085854053497,"2025-05-16 16:04:59.713377","2025-05-16 16:05:00.323623","0 days 00:00:00.610246",80,256.0,160.0,"","",144,176.0,224.0,176.0,"","max",0.003453109844754607,3,4,"","","","","","","","","","","","","","","","","","","","","","","","","","","","","","","","","","","","","","","","","","",0.10950366407632828,54.10486602783203,0.8264783620834351,0.7321619987487793,0.7858290672302246,0.3728257417678833,"","","","","","","","","","","","","","","","","","","","","","","","","","","","","","","","","","","","","","","","","","","","","","","","","",0.10688085854053497,"","PRUNED"
24,0.11477150022983551,"2025-05-16 16:05:00.323912","2025-05-16 16:05:01.015097","0 days 00:00:00.691185",208,224.0,"","","",176,256.0,160.0,96.0,112.0,"max",0.01700973297046304,2,5,"","","","","","","","","","","","","","","","","","","","","","","","","","","","","","","","","","","","","","","","","","",0.19453810155391693,76.01505279541016,0.8007134795188904,0.7195165157318115,0.7567487359046936,-0.7054336071014404,"","","","","","","","","","","","","","","","","","","","","","","","","","","","","","","","","","","","","","","","","","","","","","","","","",0.11477150022983551,"","PRUNED"
25,0.11125054955482483,"2025-05-16 16:05:01.015405","2025-05-16 16:05:01.554076","0 days 00:00:00.538671",16,96.0,224.0,"","",112,208.0,176.0,"","","max",0.00039679218774237403,3,3,"","","","","","","","","","","","","","","","","","","","","","","","","","","","","","","","","","","","","","","","","","",0.14766080677509308,47.66242218017578,0.42822539806365967,0.4539531171321869,0.6683223247528076,-0.34811830520629883,"","","","","","","","","","","","","","","","","","","","","","","","","","","","","","","","","","","","","","","","","","","","","","","","","",0.11125054955482483,"","PRUNED"
26,0.13040147721767426,"2025-05-16 16:05:01.554378","2025-05-16 16:05:02.101609","0 days 00:00:00.547231",128,48.0,256.0,112.0,"",48,160.0,224.0,"","","max",0.0410086453805355,4,3,"","","","","","","","","","","","","","","","","","","","","","","","","","","","","","","","","","","","","","","","","","",0.18343989551067352,61.13661575317383,0.3079359233379364,0.3392367362976074,0.38500848412513733,-0.7897920608520508,"","","","","","","","","","","","","","","","","","","","","","","","","","","","","","","","","","","","","","","","","","","","","","","","","",0.13040147721767426,"","PRUNED"
27,0.10902787744998932,"2025-05-16 16:05:02.101969","2025-05-16 16:05:03.585541","0 days 00:00:01.483572",176,192.0,128.0,"","",112,64.0,96.0,192.0,"","max",0.0016367585625894083,3,4,"","","","","","","","","","","","","","","","","","","","","","","","","","","","","","","","","","","","","","","","","","",0.14218223094940186,50.27091979980469,0.8401092886924744,0.8114701509475708,0.8019208312034607,-0.11142289638519287,0.18722768127918243,2271.53857421875,0.5591715574264526,0.5356642007827759,0.8147181272506714,0.017595529556274414,0.1340991109609604,64.7760009765625,0.8598573207855225,0.8783592581748962,0.8595150113105774,0.14009737968444824,0.12182442843914032,47.42086410522461,0.6245244145393372,0.6973804235458374,0.7464795112609863,0.14558351039886475,"","","","","","","","","","","","","","","","","","","","","","","","","","","","","","","",0.10052572190761566,0.10902787744998932,"PRUNED"
28,0.11435171961784363,"2025-05-16 16:05:03.585863","2025-05-16 16:05:03.944765","0 days 00:00:00.358902",96,"","","","",80,224.0,"","","","mean",0.00024007628920856902,1,2,"","","","","","","","","","","","","","","","","","","","","","","","","","","","","","","","","","","","","","","","","","",0.17616979777812958,68.59264373779297,0.7746288180351257,0.7112547159194946,0.7412090301513672,-0.4549163579940796,"","","","","","","","","","","","","","","","","","","","","","","","","","","","","","","","","","","","","","","","","","","","","","","","","",0.11435171961784363,"","PRUNED"
29,0.13588214466969173,"2025-05-16 16:05:03.945015","2025-05-16 16:05:06.758217","0 days 00:00:02.813202",144,160.0,192.0,176.0,"",160,"","","","","add",0.0007048060503640148,4,1,0.13588214466969173,965.6069669087727,0.6975135723749797,0.6902643392483393,0.690384574731191,0.0948853333791097,0.16453969478607178,272.401123046875,1.0,1.0,0.7797707915306091,0.32955867052078247,0.11150836199522018,61.94432830810547,1.0,1.0,0.9030740261077881,0.5977638363838196,0.0975189357995987,111.05925750732422,1.0,0.8418592214584351,0.7517321705818176,0.32886505126953125,0.09185687452554703,71.14533996582031,0.8944607377052307,0.8136053085327148,0.8236116766929626,0.46349161863327026,0.16430224478244781,139.30413818359375,1.0,1.0,0.9385177493095398,0.48185598850250244,0.0815160945057869,80.4874267578125,0.9081467390060425,0.8444294333457947,0.837346076965332,0.43534159660339355,0.13200002908706665,62.640804290771484,0.5764158368110657,0.7071377038955688,0.6952440142631531,0.21593302488327026,0.24412652850151062,7453.7705078125,0.43537265062332153,0.403920978307724,0.6801220774650574,-0.44719815254211426,0.1369417905807495,69.7326889038086,0.5355640649795532,0.6380863785743713,0.6380870342254639,-0.17999327182769775,0.12502427399158478,78.39507293701172,0.48547813296318054,0.6156965494155884,0.7279725670814514,0.2967015504837036,0.1605762243270874,1806.07373046875,0.35220468044281006,0.36860600113868713,0.36882108449935913,-1.2775485515594482,0.08998070657253265,964.6255493164062,0.9305158853530884,0.8989337086677551,0.7677982449531555,0.19337844848632812,0.15581633150577545,373.7857666015625,0.0970829427242279,0.0968741923570633,0.15573841333389282,-0.38763427734375,0.14430555701255798,633.052490234375,0.30455881357192993,0.3390309512615204,0.5260320901870728,-0.008652567863464355,0.13821852207183838,2305.686279296875,0.9429031014442444,0.7857846617698669,0.7619006037712097,0.38141703605651855,10.0,0.08884116262197495,0.09005829691886902,"COMPLETE"
30,0.13843966325124105,"2025-05-16 16:05:06.758631","2025-05-16 16:05:09.697781","0 days 00:00:02.939150",224,144.0,160.0,176.0,16.0,160,"","","","","add",0.0009286302910538016,5,1,0.13843966325124105,864.4053891499838,0.6756610547502836,0.6812146067619324,0.6959843367338181,0.08656548261642456,0.1562458723783493,238.78857421875,1.0,1.0,0.7998171448707581,0.3462808132171631,0.12077131867408752,67.82463836669922,1.0,1.0,0.9089446067810059,0.5715910792350769,0.09754294902086258,144.4392547607422,1.0,0.8217434287071228,0.7542790174484253,0.3829272389411926,0.09961338341236115,75.01806640625,0.3747726380825043,0.48967963457107544,0.6811536550521851,0.20745986700057983,0.1761966198682785,138.14581298828125,1.0,1.0,0.950160801410675,0.39869141578674316,0.07954831421375275,87.84355926513672,0.9348971247673035,0.8353542685508728,0.835804283618927,0.4578610062599182,0.1359294205904007,62.82495880126953,0.5629047751426697,0.7176487445831299,0.6940714120864868,0.16725605726242065,0.22921122610569,4958.59619140625,0.5402244925498962,0.494112491607666,0.7672089338302612,-0.1969456672668457,0.12388233095407486,59.75471878051758,0.7854390144348145,0.8041709065437317,0.7551671862602234,-0.08579134941101074,0.13688145577907562,89.81582641601562,0.38824623823165894,0.5121905207633972,0.7012362480163574,0.20604658126831055,0.15953798592090607,1916.7874755859375,0.29340702295303345,0.45766502618789673,0.4311140775680542,-1.1457788944244385,0.14456605911254883,2469.914306640625,0.9460423588752747,0.766642689704895,0.6434518098831177,-0.23812782764434814,0.14964786171913147,428.697021484375,0.09119867533445358,0.17946144938468933,0.2350519448518753,-0.2006319761276245,0.13768643140792847,591.7280883789062,0.33622416853904724,0.339423269033432,0.47890883684158325,0.04493814706802368,0.1293337196111679,1635.90234375,0.8815593123435974,0.8001266717910767,0.8033950924873352,0.3827057480812073,10.0,0.09705844521522522,0.08953183144330978,"COMPLETE"
31,0.0930018201470375,"2025-05-16 16:05:09.698221","2025-05-16 16:05:10.704266","0 days 00:00:01.006045",240,144.0,160.0,160.0,32.0,176,"","","","","add",0.0009231730938357323,5,1,"","","","","","","","","","","","","","","","","","","","","","","","","","","","","","","","","","","","","","","","","","",0.12457078695297241,55.68391036987305,0.5841661095619202,0.7194792628288269,0.7411730885505676,0.25942617654800415,0.2488938421010971,7405.84716796875,0.4067598283290863,0.4003130793571472,0.6754552721977234,-0.4505321979522705,0.1271679848432541,69.7040786743164,0.35325488448143005,0.48598361015319824,0.5865598320960999,-0.11471116542816162,0.1252737194299698,75.4379653930664,0.4768354296684265,0.6525152921676636,0.7266090512275696,0.2430759072303772,"","","","","","","","","","","","","","","","","","","","","","","","","","","","","","","",0.08801659941673279,0.0930018201470375,"PRUNED"
32,0.09222055226564407,"2025-05-16 16:05:10.704538","2025-05-16 16:05:11.747870","0 days 00:00:01.043332",224,160.0,112.0,192.0,176.0,160,"","","","","add",0.0005897749643102275,5,1,"","","","","","","","","","","","","","","","","","","","","","","","","","","","","","","","","","","","","","","","","","",0.12384849786758423,59.226470947265625,0.5768547058105469,0.7016651034355164,0.7359124422073364,0.2644345760345459,0.22644270956516266,6487.72900390625,0.4194505512714386,0.3885705769062042,0.6643098592758179,-0.30148589611053467,0.12841488420963287,73.27860260009766,0.2837514579296112,0.3832376301288605,0.5446248054504395,-0.1417679786682129,0.11706537753343582,72.75772857666016,0.6200618743896484,0.6967393159866333,0.7854189872741699,0.4009259343147278,"","","","","","","","","","","","","","","","","","","","","","","","","","","","","","","",0.08547765761613846,0.09222055226564407,"PRUNED"
