"number","value","datetime_start","datetime_complete","duration","params_decoder_layer_width_0","params_decoder_layer_width_1","params_decoder_layer_width_2","params_decoder_layer_width_3","params_decoder_layer_width_4","params_encoder_layer_width_0","params_encoder_layer_width_1","params_encoder_layer_width_2","params_encoder_layer_width_3","params_encoder_layer_width_4","params_lr","params_n_decoder_layers","params_n_encoder_layers","user_attrs_avg_mae","user_attrs_avg_mape","user_attrs_avg_ndcg10","user_attrs_avg_ndcg20","user_attrs_avg_ndcg50","user_attrs_avg_r2","user_attrs_fold10_mae","user_attrs_fold10_mape","user_attrs_fold10_ndcg10","user_attrs_fold10_ndcg20","user_attrs_fold10_ndcg50","user_attrs_fold10_r2","user_attrs_fold11_mae","user_attrs_fold11_mape","user_attrs_fold11_ndcg10","user_attrs_fold11_ndcg20","user_attrs_fold11_ndcg50","user_attrs_fold11_r2","user_attrs_fold12_mae","user_attrs_fold12_mape","user_attrs_fold12_ndcg10","user_attrs_fold12_ndcg20","user_attrs_fold12_ndcg50","user_attrs_fold12_r2","user_attrs_fold13_mae","user_attrs_fold13_mape","user_attrs_fold13_ndcg10","user_attrs_fold13_ndcg20","user_attrs_fold13_ndcg50","user_attrs_fold13_r2","user_attrs_fold14_mae","user_attrs_fold14_mape","user_attrs_fold14_ndcg10","user_attrs_fold14_ndcg20","user_attrs_fold14_ndcg50","user_attrs_fold14_r2","user_attrs_fold15_mae","user_attrs_fold15_mape","user_attrs_fold15_ndcg10","user_attrs_fold15_ndcg20","user_attrs_fold15_ndcg50","user_attrs_fold15_r2","user_attrs_fold1_mae","user_attrs_fold1_mape","user_attrs_fold1_ndcg10","user_attrs_fold1_ndcg20","user_attrs_fold1_ndcg50","user_attrs_fold1_r2","user_attrs_fold2_mae","user_attrs_fold2_mape","user_attrs_fold2_ndcg10","user_attrs_fold2_ndcg20","user_attrs_fold2_ndcg50","user_attrs_fold2_r2","user_attrs_fold3_mae","user_attrs_fold3_mape","user_attrs_fold3_ndcg10","user_attrs_fold3_ndcg20","user_attrs_fold3_ndcg50","user_attrs_fold3_r2","user_attrs_fold4_mae","user_attrs_fold4_mape","user_attrs_fold4_ndcg10","user_attrs_fold4_ndcg20","user_attrs_fold4_ndcg50","user_attrs_fold4_r2","user_attrs_fold5_mae","user_attrs_fold5_mape","user_attrs_fold5_ndcg10","user_attrs_fold5_ndcg20","user_attrs_fold5_ndcg50","user_attrs_fold5_r2","user_attrs_fold6_mae","user_attrs_fold6_mape","user_attrs_fold6_ndcg10","user_attrs_fold6_ndcg20","user_attrs_fold6_ndcg50","user_attrs_fold6_r2","user_attrs_fold7_mae","user_attrs_fold7_mape","user_attrs_fold7_ndcg10","user_attrs_fold7_ndcg20","user_attrs_fold7_ndcg50","user_attrs_fold7_r2","user_attrs_fold8_mae","user_attrs_fold8_mape","user_attrs_fold8_ndcg10","user_attrs_fold8_ndcg20","user_attrs_fold8_ndcg50","user_attrs_fold8_r2","user_attrs_fold9_mae","user_attrs_fold9_mape","user_attrs_fold9_ndcg10","user_attrs_fold9_ndcg20","user_attrs_fold9_ndcg50","user_attrs_fold9_r2","user_attrs_pca_components","system_attrs_completed_rung_0","system_attrs_completed_rung_1","state"
66,0.1242202416062355,"2025-05-16 15:08:09.917882","2025-05-16 15:08:13.376499","0 days 00:00:03.458617",240,48.0,240.0,"","",224,"","","","",0.0024800967552232643,3,1,0.1242202416062355,991.059285736084,0.77781929752479,0.7573880809669693,0.7581349045038224,0.06917341748873393,0.135684996843338,245.3155517578125,0.9692995548248291,0.9006021618843079,0.8151940107345581,0.46617740392684937,0.10050396621227264,56.251739501953125,1.0,0.9745021462440491,0.9203872680664062,0.6127866208553314,0.07618000358343124,130.8338165283203,0.910476565361023,0.9207960367202759,0.9127929210662842,0.616617351770401,0.080961674451828,69.97538757324219,0.8347317576408386,0.8750737905502319,0.8777416348457336,0.5333391726016998,0.1274918168783188,129.36297607421875,0.9691872000694275,0.9392333030700684,0.9321483969688416,0.6165740489959717,0.09315177798271179,130.88507080078125,0.6815627813339233,0.6715537905693054,0.6776427030563354,0.14512795209884644,0.11931435018777847,51.28995132446289,0.9059423208236694,0.8436836004257202,0.8140120506286621,0.2326340675354004,0.2048557698726654,3358.3369140625,0.5291602611541748,0.6289037466049194,0.8000739216804504,0.0998113751411438,0.10639368742704391,69.9943618774414,0.8627766966819763,0.8399933576583862,0.8264191746711731,0.3487132787704468,0.08398912847042084,46.272422790527344,0.943824827671051,0.864677906036377,0.8727670311927795,0.5383365750312805,0.1484045833349228,1260.2799072265625,0.6954492926597595,0.6973935961723328,0.655305027961731,-0.90645432472229,0.23520122468471527,5451.18017578125,0.009601053781807423,0.014361974783241749,0.11945845186710358,-3.3615059852600098,0.0925072431564331,303.2106628417969,0.9874305725097656,0.8626239895820618,0.8290930390357971,0.5949669480323792,0.1311536282300949,459.5885314941406,0.4127304255962372,0.4045424163341522,0.49443909525871277,0.06391149759292603,0.12750977277755737,3103.11181640625,0.9551161527633667,0.9228793978691101,0.8245488405227661,0.4365652799606323,0.0,0.07208797335624695,0.05577768757939339,"COMPLETE"
67,0.08607779443264008,"2025-05-16 15:08:13.376952","2025-05-16 15:08:13.863781","0 days 00:00:00.486829",240,48.0,224.0,"","",224,"","","","",0.0006966999474010955,3,1,"","","","","","","","","","","","","","","","","","","","","","","","","","","","","","","","","","","","","","","","","","",0.1409352868795395,59.90287780761719,0.811364471912384,0.7515919804573059,0.7635523080825806,0.02500683069229126,"","","","","","","","","","","","","","","","","","","","","","","","","","","","","","","","","","","","","","","","","","","","","","","","","",0.08607779443264008,"","PRUNED"
68,0.11996043175458908,"2025-05-16 15:08:13.864046","2025-05-16 15:08:17.311239","0 days 00:00:03.447193",240,64.0,256.0,"","",192,"","","","",0.0021593249713358527,3,1,0.11996043175458908,877.1141688028971,0.7577648814146717,0.7486593107382457,0.7544645696878434,0.17535400191942851,0.11414649337530136,214.9273681640625,0.928156852722168,0.908549964427948,0.8976226449012756,0.585203617811203,0.10739124566316605,55.1900634765625,1.0,0.9483307600021362,0.9100978970527649,0.5502031147480011,0.08493675291538239,147.89295959472656,0.9217739105224609,0.814258873462677,0.8375522494316101,0.487088680267334,0.07962621003389359,55.70415115356445,0.9015892148017883,0.882857620716095,0.8939424157142639,0.5317832231521606,0.1430545449256897,164.67779541015625,0.9789347648620605,0.9695944786071777,0.9323883056640625,0.5307260453701019,0.10046378523111343,160.71963500976562,0.5291504859924316,0.5856223106384277,0.6965954899787903,0.01521611213684082,0.12146057933568954,51.90220642089844,0.8996880054473877,0.7479076981544495,0.8163455724716187,0.2082921862602234,0.1963687390089035,3471.65185546875,0.5161288976669312,0.5603461861610413,0.7932746410369873,0.09687507152557373,0.10852250456809998,70.65591430664062,0.8498866558074951,0.8182745575904846,0.8237864971160889,0.2467305064201355,0.09590059518814087,52.68477249145508,0.9160452485084534,0.8464626669883728,0.8333871960639954,0.45684802532196045,0.11747431010007858,959.1475219726562,0.4786398708820343,0.5425806641578674,0.5625380873680115,-0.0679711103439331,0.21103239059448242,4731.7744140625,0.008977764286100864,0.25572332739830017,0.1570231169462204,-2.4078128337860107,0.09506146609783173,309.95245361328125,0.9682992696762085,0.8621718883514404,0.7588430047035217,0.5643768906593323,0.12865662574768066,533.0828857421875,0.5200348496437073,0.5608326196670532,0.5624113082885742,0.18457335233688354,0.09531023353338242,2176.74853515625,0.9491674304008484,0.9263760447502136,0.8411601185798645,0.6481771469116211,0.0,0.05998991057276726,0.06046159565448761,"COMPLETE"
69,0.09435190260410309,"2025-05-16 15:08:17.311650","2025-05-16 15:08:17.801025","0 days 00:00:00.489375",240,32.0,256.0,"","",224,"","","","",0.0005489885161136783,3,1,"","","","","","","","","","","","","","","","","","","","","","","","","","","","","","","","","","","","","","","","","","",0.1406405121088028,59.24287414550781,0.8174262642860413,0.7697635293006897,0.7674807906150818,0.030668437480926514,"","","","","","","","","","","","","","","","","","","","","","","","","","","","","","","","","","","","","","","","","","","","","","","","","",0.09435190260410309,"","PRUNED"
70,0.11835607886314392,"2025-05-16 15:08:17.801314","2025-05-16 15:08:21.139345","0 days 00:00:03.338031",256,64.0,256.0,"","",192,"","","","",0.002234064274065686,3,1,0.11835607886314392,948.5515106201171,0.7646573543548584,0.7517204254865646,0.7529628992080688,0.19991087714831035,0.1165994331240654,213.293212890625,0.9837048649787903,0.9118120074272156,0.912173867225647,0.5632284283638,0.11232876777648926,66.74446868896484,1.0,0.9618229269981384,0.9184503555297852,0.5436578989028931,0.08305302262306213,139.6871337890625,0.896523118019104,0.8458013534545898,0.8243160247802734,0.5051712989807129,0.08209820091724396,59.128292083740234,0.8408894538879395,0.8823986649513245,0.865332305431366,0.5064316391944885,0.1267467439174652,173.6331329345703,0.9765607118606567,0.9738965034484863,0.9264314770698547,0.6189783215522766,0.09213840961456299,139.02809143066406,0.598966121673584,0.6342008113861084,0.6992800831794739,0.11590039730072021,0.11654729396104813,49.21562194824219,0.9114218950271606,0.7945429682731628,0.814996063709259,0.2286834716796875,0.20598074793815613,4320.97998046875,0.4760875999927521,0.5910009145736694,0.7949895858764648,0.07724499702453613,0.11858319491147995,77.48619079589844,0.7941017746925354,0.8018379211425781,0.7976241707801819,0.06782728433609009,0.09290426969528198,53.78658676147461,0.9421074390411377,0.817731499671936,0.8313190340995789,0.4723969101905823,0.10657474398612976,973.7499389648438,0.6619747281074524,0.6826540231704712,0.6661251783370972,0.09734141826629639,0.1980571150779724,4954.6572265625,0.06455716490745544,0.22181598842144012,0.1613379418849945,-2.059272289276123,0.09373773634433746,252.80087280273438,0.9732753038406372,0.8484487533569336,0.766883134841919,0.53642737865448,0.1345234513282776,604.1661376953125,0.39127182960510254,0.3582775890827179,0.48362818360328674,0.07813692092895508,0.09546805173158646,2149.915771484375,0.9584183096885681,0.9495644569396973,0.8315560817718506,0.6465090811252594,0.0,0.07312227040529251,0.06826713681221008,"COMPLETE"
71,0.07263993471860886,"2025-05-16 15:08:21.139803","2025-05-16 15:08:22.273956","0 days 00:00:01.134153",256,64.0,256.0,"","",192,"","","","",0.002331766182598356,3,1,"","","","","","","","","","","","","","","","","","","","","","","","","","","","","","","","","","","","","","","","","","",0.14708608388900757,60.55754852294922,0.8792351484298706,0.8379842638969421,0.7963683605194092,-0.002489447593688965,0.18681275844573975,3203.060546875,0.6224485039710999,0.6103695631027222,0.8268333077430725,0.14073461294174194,0.10960837453603745,73.16859436035156,0.7308670282363892,0.744880199432373,0.7809593081474304,0.24381279945373535,0.1013360247015953,56.66560363769531,0.9429739713668823,0.8152915239334106,0.8055987358093262,0.4468355178833008,"","","","","","","","","","","","","","","","","","","","","","","","","","","","","","","",0.06676329672336578,0.07263993471860886,"PRUNED"
72,0.14223723312218983,"2025-05-16 15:08:22.274220","2025-05-16 15:08:25.641937","0 days 00:00:03.367717",256,16.0,240.0,"","",208,"","","","",0.0019300895934807802,3,1,0.14223723312218983,1229.963333384196,0.728535674760739,0.6946870565414429,0.6948837457845608,-0.4096391797065735,0.16428795456886292,265.9817199707031,0.7413013577461243,0.6646143198013306,0.6240081787109375,0.24255383014678955,0.1293104737997055,61.04975509643555,0.9068411588668823,0.8547793030738831,0.8054147958755493,0.36426103115081787,0.11118768900632858,173.55007934570312,0.5957156419754028,0.5716157555580139,0.5737661719322205,0.0917171835899353,0.07964292168617249,59.30775451660156,0.8927597403526306,0.8759034276008606,0.8837877511978149,0.5548250675201416,0.12608224153518677,152.9600830078125,0.983070969581604,0.9709991812705994,0.9121242761611938,0.6066003441810608,0.10267385095357895,149.99441528320312,0.6632022261619568,0.6431237459182739,0.6861625909805298,-0.0039052963256835938,0.1284896433353424,54.192657470703125,0.830230712890625,0.7598929405212402,0.7541989088058472,0.09144693613052368,0.2150152176618576,3823.096923828125,0.4849013388156891,0.5289575457572937,0.7732792496681213,-0.002163529396057129,0.12098284810781479,71.30281066894531,0.7846224308013916,0.7914949655532837,0.7823922038078308,0.19867151975631714,0.09579752385616302,58.95563507080078,0.943824827671051,0.8293258547782898,0.8201795816421509,0.48677873611450195,0.10400780290365219,969.7728881835938,0.6957895159721375,0.7192947864532471,0.6795313954353333,0.15486443042755127,0.39506155252456665,8679.048828125,0.012981217354536057,0.01919570565223694,0.021848468109965324,-10.000770568847656,0.10569380223751068,358.2890930175781,0.9721893668174744,0.8082168698310852,0.7429021000862122,0.4813383221626282,0.12689875066280365,509.4827575683594,0.4641353189945221,0.4922164976596832,0.5870122313499451,0.15575385093688965,0.1284262239933014,3062.464599609375,0.9564692974090576,0.8906749486923218,0.7766482830047607,0.4334404468536377,0.0,0.07415496557950974,0.06852561235427856,"COMPLETE"
73,0.07968927174806595,"2025-05-16 15:08:25.642376","2025-05-16 15:08:26.169705","0 days 00:00:00.527329",224,48.0,256.0,"","",240,"","","","",0.0015648316536441274,3,1,"","","","","","","","","","","","","","","","","","","","","","","","","","","","","","","","","","","","","","","","","","",0.11598723381757736,53.6176872253418,0.9109206199645996,0.788573682308197,0.8018431067466736,0.2616316080093384,"","","","","","","","","","","","","","","","","","","","","","","","","","","","","","","","","","","","","","","","","","","","","","","","","",0.07968927174806595,"","PRUNED"
74,0.08991745114326477,"2025-05-16 15:08:26.169957","2025-05-16 15:08:26.669603","0 days 00:00:00.499646",240,48.0,224.0,"","",192,"","","","",0.001206701356778361,3,1,"","","","","","","","","","","","","","","","","","","","","","","","","","","","","","","","","","","","","","","","","","",0.11968012154102325,53.05068588256836,0.9111979603767395,0.847919225692749,0.7914144992828369,0.21932876110076904,"","","","","","","","","","","","","","","","","","","","","","","","","","","","","","","","","","","","","","","","","","","","","","","","","",0.08991745114326477,"","PRUNED"
75,0.07784205675125122,"2025-05-16 15:08:26.669882","2025-05-16 15:08:27.877348","0 days 00:00:01.207466",256,32.0,240.0,"","",208,"","","","",0.0026068622401421142,3,1,"","","","","","","","","","","","","","","","","","","","","","","","","","","","","","","","","","","","","","","","","","",0.11820057034492493,51.104557037353516,0.9203622341156006,0.8368282318115234,0.8070301413536072,0.2304060459136963,0.19666597247123718,3487.8974609375,0.6132462620735168,0.5990560054779053,0.8135590553283691,0.14376652240753174,0.1194211095571518,75.1453628540039,0.8447079658508301,0.8273705244064331,0.8118842244148254,0.09912467002868652,0.1000145748257637,52.40335464477539,0.927478015422821,0.8385189175605774,0.8210981488227844,0.44711071252822876,"","","","","","","","","","","","","","","","","","","","","","","","","","","","","","","",0.06882983446121216,0.07784205675125122,"PRUNED"
76,0.12184382577737173,"2025-05-16 15:08:27.877648","2025-05-16 15:08:31.321981","0 days 00:00:03.444333",208,80.0,256.0,"","",160,"","","","",0.0033290964780350795,3,1,0.12184382577737173,846.2151166280111,0.8092911024888356,0.7702684422334035,0.7635500947634379,0.16087750792503358,0.13816049695014954,235.66644287109375,0.9690149426460266,0.9455224871635437,0.8299413323402405,0.4393436908721924,0.11965803802013397,63.5139045715332,1.0,0.9780194163322449,0.8854352235794067,0.5073733031749725,0.07382515072822571,129.55357360839844,0.9484145045280457,0.9222322702407837,0.911130964756012,0.6347670257091522,0.07662438601255417,53.36161804199219,0.9450042843818665,0.9375818967819214,0.8895256519317627,0.579500138759613,0.10087959468364716,140.08221435546875,0.9955981969833374,0.9920821785926819,0.9547954201698303,0.7304506301879883,0.0990777462720871,156.63560485839844,0.5893516540527344,0.6274479627609253,0.6976845860481262,0.03733253479003906,0.11974596977233887,51.93846893310547,0.9226544499397278,0.7753756642341614,0.8134168386459351,0.21490049362182617,0.2069305181503296,3764.771240234375,0.543503999710083,0.5877664685249329,0.7950816750526428,0.014840006828308105,0.11675550788640976,64.94335174560547,0.8009994029998779,0.7838530540466309,0.7878355383872986,0.24599730968475342,0.09825854003429413,61.63188171386719,0.8992910385131836,0.8425779342651367,0.8261111378669739,0.49743640422821045,0.16828961670398712,1677.599853515625,0.5630484223365784,0.5537381768226624,0.5348063111305237,-1.4352729320526123,0.16270732879638672,3565.4365234375,0.7009754180908203,0.5224087238311768,0.43106043338775635,-1.1039814949035645,0.12256000936031342,440.7273254394531,0.9549261331558228,0.8374488353729248,0.7789879441261292,0.3603091835975647,0.13488756120204926,507.257568359375,0.35146793723106384,0.32471540570259094,0.45803749561309814,0.029343903064727783,0.08929692208766937,1780.107177734375,0.9551161527633667,0.9232561588287354,0.8594008684158325,0.6608224213123322,0.0,0.06691193580627441,0.06292930990457535,"COMPLETE"
77,0.12461324880520502,"2025-05-16 15:08:31.322407","2025-05-16 15:08:34.656162","0 days 00:00:03.333755",208,80.0,256.0,"","",160,"","","","",0.0033794777770717824,3,1,0.12461324880520502,913.9703107198079,0.7757114545597384,0.7453260347868006,0.7416955061256886,-0.03791528344154358,0.1185113713145256,188.17140197753906,0.9804873466491699,0.965423047542572,0.9105606079101562,0.5646394491195679,0.11595694720745087,64.59558868408203,1.0,0.9506827592849731,0.873197615146637,0.513443797826767,0.0855640172958374,159.8970184326172,0.9225359559059143,0.8522529602050781,0.8231963515281677,0.49371033906936646,0.07634427398443222,67.32931518554688,0.8921756744384766,0.9123131036758423,0.8937904238700867,0.5700508952140808,0.1109507605433464,146.01727294921875,0.986811101436615,0.9874006509780884,0.9512878656387329,0.6958051919937134,0.09859012067317963,144.80264282226562,0.5894999504089355,0.598823070526123,0.6602457165718079,0.007958590984344482,0.1284651905298233,54.85642623901367,0.8975421190261841,0.8433285355567932,0.813916027545929,0.17230719327926636,0.1992621123790741,3364.173828125,0.5722250938415527,0.6339563727378845,0.8036802411079407,0.0374295711517334,0.09840167313814163,67.6458740234375,0.831017792224884,0.811909019947052,0.8205588459968567,0.3527970314025879,0.11499807983636856,73.01670837402344,0.9377521872520447,0.801653265953064,0.7978643178939819,0.391180157661438,0.15104493498802185,1508.4364013671875,0.6718456149101257,0.6528365612030029,0.6167948842048645,-0.8683362007141113,0.2645905315876007,6365.34130859375,0.003097498556599021,0.006189563311636448,0.005164843052625656,-4.682167053222656,0.10612677782773972,282.6927490234375,0.9749302864074707,0.8323589563369751,0.7842715382575989,0.4593393802642822,0.12979894876480103,430.22662353515625,0.420715868473053,0.40742090344429016,0.507928192615509,0.046031415462493896,0.07059299200773239,792.3515014648438,0.9550353288650513,0.9233417510986328,0.8629751205444336,0.6770809888839722,0.0,0.06056402996182442,0.06425688415765762,"COMPLETE"
78,0.07603719830513,"2025-05-16 15:08:34.656625","2025-05-16 15:08:35.811399","0 days 00:00:01.154774",224,64.0,256.0,"","",192,"","","","",0.003924026544764729,3,1,"","","","","","","","","","","","","","","","","","","","","","","","","","","","","","","","","","","","","","","","","","",0.11427018791437149,51.82950973510742,0.9065903425216675,0.8317407965660095,0.7994585633277893,0.26590830087661743,0.20141223073005676,3902.627197265625,0.5071381330490112,0.5739715099334717,0.7851903438568115,0.05360215902328491,0.1100761666893959,81.66529846191406,0.8299166560173035,0.7614077925682068,0.7923882603645325,0.24838000535964966,0.10180287808179855,61.743534088134766,0.9195994138717651,0.8234670758247375,0.8130085468292236,0.4320370554924011,"","","","","","","","","","","","","","","","","","","","","","","","","","","","","","","",0.06159958615899086,0.07603719830513,"PRUNED"
