"number","value","datetime_start","datetime_complete","duration","params_decoder_layer_width_0","params_decoder_layer_width_1","params_decoder_layer_width_2","params_decoder_layer_width_3","params_decoder_layer_width_4","params_lr","params_n_decoder_layers","user_attrs_avg_mae","user_attrs_avg_mape","user_attrs_avg_ndcg10","user_attrs_avg_ndcg20","user_attrs_avg_ndcg50","user_attrs_avg_r2","user_attrs_fold10_mae","user_attrs_fold10_mape","user_attrs_fold10_ndcg10","user_attrs_fold10_ndcg20","user_attrs_fold10_ndcg50","user_attrs_fold10_r2","user_attrs_fold11_mae","user_attrs_fold11_mape","user_attrs_fold11_ndcg10","user_attrs_fold11_ndcg20","user_attrs_fold11_ndcg50","user_attrs_fold11_r2","user_attrs_fold12_mae","user_attrs_fold12_mape","user_attrs_fold12_ndcg10","user_attrs_fold12_ndcg20","user_attrs_fold12_ndcg50","user_attrs_fold12_r2","user_attrs_fold13_mae","user_attrs_fold13_mape","user_attrs_fold13_ndcg10","user_attrs_fold13_ndcg20","user_attrs_fold13_ndcg50","user_attrs_fold13_r2","user_attrs_fold14_mae","user_attrs_fold14_mape","user_attrs_fold14_ndcg10","user_attrs_fold14_ndcg20","user_attrs_fold14_ndcg50","user_attrs_fold14_r2","user_attrs_fold15_mae","user_attrs_fold15_mape","user_attrs_fold15_ndcg10","user_attrs_fold15_ndcg20","user_attrs_fold15_ndcg50","user_attrs_fold15_r2","user_attrs_fold1_mae","user_attrs_fold1_mape","user_attrs_fold1_ndcg10","user_attrs_fold1_ndcg20","user_attrs_fold1_ndcg50","user_attrs_fold1_r2","user_attrs_fold2_mae","user_attrs_fold2_mape","user_attrs_fold2_ndcg10","user_attrs_fold2_ndcg20","user_attrs_fold2_ndcg50","user_attrs_fold2_r2","user_attrs_fold3_mae","user_attrs_fold3_mape","user_attrs_fold3_ndcg10","user_attrs_fold3_ndcg20","user_attrs_fold3_ndcg50","user_attrs_fold3_r2","user_attrs_fold4_mae","user_attrs_fold4_mape","user_attrs_fold4_ndcg10","user_attrs_fold4_ndcg20","user_attrs_fold4_ndcg50","user_attrs_fold4_r2","user_attrs_fold5_mae","user_attrs_fold5_mape","user_attrs_fold5_ndcg10","user_attrs_fold5_ndcg20","user_attrs_fold5_ndcg50","user_attrs_fold5_r2","user_attrs_fold6_mae","user_attrs_fold6_mape","user_attrs_fold6_ndcg10","user_attrs_fold6_ndcg20","user_attrs_fold6_ndcg50","user_attrs_fold6_r2","user_attrs_fold7_mae","user_attrs_fold7_mape","user_attrs_fold7_ndcg10","user_attrs_fold7_ndcg20","user_attrs_fold7_ndcg50","user_attrs_fold7_r2","user_attrs_fold8_mae","user_attrs_fold8_mape","user_attrs_fold8_ndcg10","user_attrs_fold8_ndcg20","user_attrs_fold8_ndcg50","user_attrs_fold8_r2","user_attrs_fold9_mae","user_attrs_fold9_mape","user_attrs_fold9_ndcg10","user_attrs_fold9_ndcg20","user_attrs_fold9_ndcg50","user_attrs_fold9_r2","user_attrs_pca_components","system_attrs_completed_rung_0","system_attrs_completed_rung_1","state"
14,0.13013194501399994,"2025-05-16 15:29:08.133510","2025-05-16 15:29:08.526986","0 days 00:00:00.393476",176,96.0,"","","",0.09308083259588083,2,"","","","","","","","","","","","","","","","","","","","","","","","","","","","","","","","","","","","","","","","","","",0.1930607557296753,67.38876342773438,0.3079359233379364,0.3392367362976074,0.38500848412513733,-0.8748092651367188,"","","","","","","","","","","","","","","","","","","","","","","","","","","","","","","","","","","","","","","","","","","","","","","","","",0.13013194501399994,"","PRUNED"
15,0.08659166097640991,"2025-05-16 15:29:08.527220","2025-05-16 15:29:08.965508","0 days 00:00:00.438288",144,144.0,256.0,"","",0.000931710154831708,3,"","","","","","","","","","","","","","","","","","","","","","","","","","","","","","","","","","","","","","","","","","",0.13548432290554047,61.66303634643555,0.7453644871711731,0.7721529603004456,0.7822462320327759,0.056734681129455566,"","","","","","","","","","","","","","","","","","","","","","","","","","","","","","","","","","","","","","","","","","","","","","","","","",0.08659166097640991,"","PRUNED"
16,0.150248554845651,"2025-05-16 15:29:08.965744","2025-05-16 15:29:12.303058","0 days 00:00:03.337314",208,224.0,144.0,"","",0.008467181467243958,3,0.150248554845651,996.7101699829102,0.5381775697072347,0.5651801288127899,0.6045977542797725,-0.312777046362559,0.1539652794599533,219.5228271484375,0.5401580333709717,0.6587846279144287,0.6728090047836304,0.2829899787902832,0.16273829340934753,77.81341552734375,0.2705707550048828,0.4468783438205719,0.5150227546691895,-0.06302464008331299,0.10675042867660522,154.2694549560547,0.547724723815918,0.5704822540283203,0.5574171543121338,0.14715427160263062,0.10599435865879059,74.73448181152344,0.6383136510848999,0.6724143624305725,0.6973430514335632,0.1502099633216858,0.18544307351112366,188.1850128173828,0.8879968523979187,0.8870092630386353,0.7408958077430725,0.23528504371643066,0.11693496257066727,163.90301513671875,0.4705667793750763,0.42163708806037903,0.473236083984375,-0.3559013605117798,0.13777121901512146,65.48823547363281,0.5739997029304504,0.5999357104301453,0.7055227160453796,-0.00440216064453125,0.22402553260326385,3119.085693359375,0.4721200168132782,0.5546512603759766,0.7589438557624817,-0.1170494556427002,0.13266198337078094,74.71898651123047,0.4970056712627411,0.6086135506629944,0.6515282392501831,-0.07019579410552979,0.1270999163389206,72.22320556640625,0.7770957350730896,0.6887406706809998,0.7397192716598511,0.13605338335037231,0.11077043414115906,793.9793090820312,0.2168169617652893,0.27113771438598633,0.40264061093330383,-0.11271357536315918,0.3107878565788269,6990.1083984375,0.3350449204444885,0.2983442544937134,0.2148117572069168,-5.69064474105835,0.11697863042354584,349.5658264160156,0.8962823748588562,0.7439464926719666,0.7445265650749207,0.36526429653167725,0.12780994176864624,457.49072265625,0.39928486943244934,0.41745004057884216,0.5107202529907227,0.0733191967010498,0.1339964121580124,2149.56396484375,0.5496824979782104,0.6376762986183167,0.6838291883468628,0.33199989795684814,0.0,0.07332225888967514,0.06639814376831055,"COMPLETE"
17,0.11639239639043808,"2025-05-16 15:29:12.303452","2025-05-16 15:29:12.690972","0 days 00:00:00.387520",64,144.0,64.0,176.0,"",0.00045904227345646483,4,"","","","","","","","","","","","","","","","","","","","","","","","","","","","","","","","","","","","","","","","","","",0.15811176598072052,54.122745513916016,0.6466193795204163,0.6480125784873962,0.6958839297294617,-0.3955099582672119,"","","","","","","","","","","","","","","","","","","","","","","","","","","","","","","","","","","","","","","","","","","","","","","","","",0.11639239639043808,"","PRUNED"
18,0.07367101311683655,"2025-05-16 15:29:12.691210","2025-05-16 15:29:13.563157","0 days 00:00:00.871947",128,80.0,"","","",0.002107630670865744,2,"","","","","","","","","","","","","","","","","","","","","","","","","","","","","","","","","","","","","","","","","","",0.14018994569778442,63.71198272705078,0.7131395936012268,0.7081567049026489,0.7539695501327515,-0.03215789794921875,0.21849416196346283,3661.23974609375,0.46278682351112366,0.5352397561073303,0.7560345530509949,-0.06924271583557129,0.13553506135940552,67.66075134277344,0.485462486743927,0.6744194030761719,0.6806110739707947,-0.15742337703704834,0.11806230247020721,75.46955871582031,0.7313851118087769,0.7103009819984436,0.7698301076889038,0.25401532649993896,"","","","","","","","","","","","","","","","","","","","","","","","","","","","","","","",0.06462842226028442,0.07367101311683655,"PRUNED"
19,0.08021903783082962,"2025-05-16 15:29:13.563400","2025-05-16 15:29:13.981221","0 days 00:00:00.417821",80,224.0,144.0,16.0,16.0,0.0051052076791132375,5,"","","","","","","","","","","","","","","","","","","","","","","","","","","","","","","","","","","","","","","","","","",0.14143116772174835,64.41313171386719,0.6590396165847778,0.6366491317749023,0.7173952460289001,0.012375354766845703,"","","","","","","","","","","","","","","","","","","","","","","","","","","","","","","","","","","","","","","","","","","","","","","","","",0.08021903783082962,"","PRUNED"
20,0.15260620266199112,"2025-05-16 15:29:13.981484","2025-05-16 15:29:16.934569","0 days 00:00:02.953085",144,160.0,80.0,"","",0.010409769702563808,3,0.15260620266199112,1106.887399291992,0.5364973415310185,0.5574389224871993,0.5948750524471204,-0.4513012369473775,0.15125229954719543,211.79513549804688,0.5769968628883362,0.6509817242622375,0.6648983955383301,0.3152867555618286,0.15854358673095703,78.73772430419922,0.4808174967765808,0.5698650479316711,0.5619566440582275,0.038192152976989746,0.10978136956691742,169.71051025390625,0.6243212223052979,0.6356220245361328,0.6029009819030762,0.13888823986053467,0.10571447759866714,79.69512176513672,0.6587828397750854,0.683449923992157,0.7001534104347229,0.13906097412109375,0.20100301504135132,174.391357421875,0.7583519816398621,0.7459476590156555,0.6304258108139038,0.06052595376968384,0.12137218564748764,171.49342346191406,0.532916247844696,0.48467010259628296,0.5314201712608337,-0.4350472688674927,0.13753238320350647,66.06327056884766,0.7469474673271179,0.7730474472045898,0.7684707045555115,0.03561443090438843,0.22524653375148773,3793.112548828125,0.44510239362716675,0.5703126192092896,0.7551954388618469,-0.15901362895965576,0.13299094140529633,72.76689147949219,0.5265510082244873,0.5457056164741516,0.655140221118927,-0.15062427520751953,0.11251849681138992,64.28148651123047,0.7630615234375,0.7387557625770569,0.7812780141830444,0.285222589969635,0.12866432964801788,1019.98779296875,0.16230595111846924,0.21934248507022858,0.40550288558006287,-0.5063544511795044,0.3224034309387207,7662.94482421875,0.01484577264636755,0.012237452901899815,0.0093927513808012,-7.185609817504883,0.11444319784641266,334.5667419433594,0.8747868537902832,0.7188137769699097,0.7325112819671631,0.3429473042488098,0.12764471769332886,440.29931640625,0.4372287094593048,0.47909632325172424,0.5253155827522278,0.06437277793884277,0.13998207449913025,2263.46484375,0.44444379210472107,0.5337358713150024,0.5985634922981262,0.2470197081565857,0.0,0.06381148844957352,0.0652337595820427,"COMPLETE"
21,0.11328291147947311,"2025-05-16 15:29:16.934938","2025-05-16 15:29:17.435433","0 days 00:00:00.500495",208,256.0,176.0,64.0,"",0.00014059562936441505,4,"","","","","","","","","","","","","","","","","","","","","","","","","","","","","","","","","","","","","","","","","","",0.15706443786621094,52.16693115234375,0.6169208884239197,0.6769829988479614,0.7170438766479492,-0.4276989698410034,"","","","","","","","","","","","","","","","","","","","","","","","","","","","","","","","","","","","","","","","","","","","","","","","","",0.11328291147947311,"","PRUNED"
22,0.10626523941755295,"2025-05-16 15:29:17.435678","2025-05-16 15:29:17.936864","0 days 00:00:00.501186",224,224.0,176.0,80.0,"",0.00035047568740235286,4,"","","","","","","","","","","","","","","","","","","","","","","","","","","","","","","","","","","","","","","","","","",0.1455288678407669,60.946319580078125,0.7264865040779114,0.648896336555481,0.7525293231010437,-0.05838191509246826,"","","","","","","","","","","","","","","","","","","","","","","","","","","","","","","","","","","","","","","","","","","","","","","","","",0.10626523941755295,"","PRUNED"
23,0.08283494412899017,"2025-05-16 15:29:17.937111","2025-05-16 15:29:18.413008","0 days 00:00:00.475897",192,256.0,128.0,192.0,"",0.0008589255709497046,4,"","","","","","","","","","","","","","","","","","","","","","","","","","","","","","","","","","","","","","","","","","",0.14094071090221405,63.678550720214844,0.7307429313659668,0.7774554491043091,0.7845873832702637,0.003504812717437744,"","","","","","","","","","","","","","","","","","","","","","","","","","","","","","","","","","","","","","","","","","","","","","","","","",0.08283494412899017,"","PRUNED"
24,0.11910416930913925,"2025-05-16 15:29:18.413251","2025-05-16 15:29:18.908712","0 days 00:00:00.495461",160,208.0,208.0,32.0,240.0,0.00020342963978388942,5,"","","","","","","","","","","","","","","","","","","","","","","","","","","","","","","","","","","","","","","","","","",0.16888028383255005,56.76734924316406,0.5384883880615234,0.6067073345184326,0.6634938716888428,-0.5712776184082031,"","","","","","","","","","","","","","","","","","","","","","","","","","","","","","","","","","","","","","","","","","","","","","","","","",0.11910416930913925,"","PRUNED"
25,0.09444397687911987,"2025-05-16 15:29:18.908983","2025-05-16 15:29:19.340217","0 days 00:00:00.431234",224,112.0,"","","",0.0006583015001485625,2,"","","","","","","","","","","","","","","","","","","","","","","","","","","","","","","","","","","","","","","","","","",0.13551463186740875,57.50703048706055,0.6922340989112854,0.6934601664543152,0.7616385817527771,0.04574012756347656,"","","","","","","","","","","","","","","","","","","","","","","","","","","","","","","","","","","","","","","","","","","","","","","","","",0.09444397687911987,"","PRUNED"
26,0.082590252161026,"2025-05-16 15:29:19.340462","2025-05-16 15:29:20.516265","0 days 00:00:01.175803",224,64.0,256.0,112.0,"",0.00163966319544999,4,"","","","","","","","","","","","","","","","","","","","","","","","","","","","","","","","","","","","","","","","","","",0.13012637197971344,61.347930908203125,0.6766880750656128,0.6974731087684631,0.7527666687965393,0.0810171365737915,0.2190062403678894,3526.62060546875,0.4425630569458008,0.5580897927284241,0.7493877410888672,-0.048499464988708496,0.13065163791179657,70.87393188476562,0.5414606928825378,0.6586329936981201,0.6842294931411743,-0.03963947296142578,0.13235683739185333,70.70354461669922,0.7049679756164551,0.7341966032981873,0.7577275037765503,0.06968426704406738,"","","","","","","","","","","","","","","","","","","","","","","","","","","","","","","",0.06449844688177109,0.082590252161026,"PRUNED"
27,0.10909413546323776,"2025-05-16 15:29:20.516548","2025-05-16 15:29:20.964603","0 days 00:00:00.448055",192,240.0,160.0,"","",0.00020461189905497546,3,"","","","","","","","","","","","","","","","","","","","","","","","","","","","","","","","","","","","","","","","","","",0.1688699722290039,58.234031677246094,0.6446447968482971,0.6430715918540955,0.7012837529182434,-0.5166853666305542,"","","","","","","","","","","","","","","","","","","","","","","","","","","","","","","","","","","","","","","","","","","","","","","","","",0.10909413546323776,"","PRUNED"
28,0.10730430483818054,"2025-05-16 15:29:20.964835","2025-05-16 15:29:21.443819","0 days 00:00:00.478984",128,176.0,224.0,192.0,160.0,0.00014673310887329508,5,"","","","","","","","","","","","","","","","","","","","","","","","","","","","","","","","","","","","","","","","","","",0.16424505412578583,58.181922912597656,0.6243360042572021,0.6485323309898376,0.7209552526473999,-0.4449983835220337,"","","","","","","","","","","","","","","","","","","","","","","","","","","","","","","","","","","","","","","","","","","","","","","","","",0.10730430483818054,"","PRUNED"
29,0.10149531066417694,"2025-05-16 15:29:21.444066","2025-05-16 15:29:21.712943","0 days 00:00:00.268877",32,"","","","",0.0002858953782716929,1,"","","","","","","","","","","","","","","","","","","","","","","","","","","","","","","","","","","","","","","","","","",0.1427260786294937,51.1794319152832,0.7747187614440918,0.6994717121124268,0.7613977193832397,-0.15228354930877686,"","","","","","","","","","","","","","","","","","","","","","","","","","","","","","","","","","","","","","","","","","","","","","","","","",0.10149531066417694,"","PRUNED"
30,0.14986181557178496,"2025-05-16 15:29:21.713175","2025-05-16 15:29:24.893346","0 days 00:00:03.180171",240,128.0,112.0,"","",0.0032086516625975912,3,0.14986181557178496,1121.98790918986,0.5359746237595876,0.5581147859493891,0.6008727977673213,-0.2676241715749105,0.15598143637180328,235.66661071777344,0.5508785247802734,0.6033486723899841,0.6040225625038147,0.30275845527648926,0.1538861095905304,71.3762435913086,0.5080518126487732,0.5569332838058472,0.5579038858413696,0.06619113683700562,0.10258473455905914,145.04721069335938,0.6170491576194763,0.6438785195350647,0.613684892654419,0.21698927879333496,0.1037747785449028,77.73628234863281,0.6955690979957581,0.7204117178916931,0.7243215441703796,0.15639084577560425,0.18739581108093262,217.989990234375,0.9115146994590759,0.8916792869567871,0.7055131793022156,0.25406694412231445,0.1171189472079277,168.81715393066406,0.4725106656551361,0.5186125636100769,0.5167756080627441,-0.3773447275161743,0.11938652396202087,61.31898880004883,0.7609241604804993,0.7071574926376343,0.7846598625183105,0.13232630491256714,0.23967251181602478,4056.172119140625,0.43725836277008057,0.45750725269317627,0.7311932444572449,-0.21377480030059814,0.12890958786010742,74.1034927368164,0.4400111138820648,0.6028043627738953,0.6472779512405396,-0.024304628372192383,0.11269084364175797,70.70919799804688,0.7647243142127991,0.7971176505088806,0.8104340434074402,0.33546626567840576,0.12529538571834564,1071.9898681640625,0.19818776845932007,0.2793451249599457,0.4049520492553711,-0.2849830389022827,0.30011940002441406,7177.6337890625,0.1350223273038864,0.2285836786031723,0.1734745055437088,-5.181743144989014,0.1114591732621193,302.3250732421875,0.9331737160682678,0.7373554706573486,0.7376197576522827,0.37313365936279297,0.132539764046669,525.34521484375,0.3843045234680176,0.3624210059642792,0.4541086256504059,0.06634795665740967,0.1571122258901596,2573.58740234375,0.23043911159038544,0.26456570625305176,0.5471502542495728,0.16411691904067993,0.0,0.05600704997777939,0.058005690574645996,"COMPLETE"
31,0.14888729055722555,"2025-05-16 15:29:24.893744","2025-05-16 15:29:28.080125","0 days 00:00:03.186381",240,128.0,112.0,"","",0.0030023320883573934,3,0.14888729055722555,1065.7915583292643,0.5749972482522329,0.5784028808275858,0.6259337882200877,-0.2627340753873189,0.14371991157531738,210.43234252929688,0.5808403491973877,0.6623462438583374,0.7099519371986389,0.37432485818862915,0.1542443484067917,72.87944793701172,0.4062419533729553,0.564913272857666,0.5935520529747009,0.07375174760818481,0.11390282213687897,179.01869201660156,0.7054216265678406,0.6348657011985779,0.6272120475769043,0.1087082028388977,0.1049015074968338,76.55191040039062,0.538843035697937,0.5449286103248596,0.6785433292388916,0.1343822479248047,0.17624633014202118,204.43760681152344,0.9160674810409546,0.9233270883560181,0.8004918694496155,0.3301597237586975,0.11161746829748154,162.7124481201172,0.3475315570831299,0.3199891149997711,0.43673643469810486,-0.26072680950164795,0.1307709664106369,63.111488342285156,0.6711996793746948,0.651067852973938,0.7254647612571716,0.0464930534362793,0.21212610602378845,2959.2626953125,0.47025033831596375,0.5761581659317017,0.7659296989440918,-0.026311039924621582,0.1312846690416336,79.20684051513672,0.4107069969177246,0.4781973659992218,0.6248833537101746,-0.10839664936065674,0.11396462470293045,65.44355773925781,0.7430305480957031,0.7361310720443726,0.7737464904785156,0.23041480779647827,0.12294171750545502,1125.9593505859375,0.27675437927246094,0.27478986978530884,0.4216262400150299,-0.17617595195770264,0.3138512969017029,6776.98583984375,0.7838588953018188,0.5245271325111389,0.3120344579219818,-5.394541263580322,0.11503975093364716,392.41986083984375,0.9250074625015259,0.7370762228965759,0.7278082966804504,0.3310886025428772,0.1335480660200119,542.9481201171875,0.46773675084114075,0.5090171098709106,0.5313663482666016,0.14297562837600708,0.15514977276325226,3075.503173828125,0.38146767020225525,0.5387083888053894,0.6596595048904419,0.2528417110443115,0.0,0.07028795033693314,0.05577370151877403,"COMPLETE"
32,0.15258992115656536,"2025-05-16 15:29:28.080509","2025-05-16 15:29:31.488452","0 days 00:00:03.407943",240,112.0,80.0,64.0,"",0.004759854801150639,4,0.15258992115656536,1055.5485580444335,0.5282006482283275,0.5197818656762441,0.5928281009197235,-0.33645308017730713,0.15930679440498352,226.09512329101562,0.6393266916275024,0.6571062803268433,0.6446561813354492,0.27844762802124023,0.1586671769618988,71.71846008300781,0.46165579557418823,0.46468284726142883,0.5370909571647644,-0.015605926513671875,0.1048600897192955,161.88021850585938,0.6974546909332275,0.6484435200691223,0.6392683982849121,0.20926541090011597,0.10510460287332535,70.09577178955078,0.49642252922058105,0.5890362858772278,0.6486577391624451,0.15641731023788452,0.19916871190071106,200.7933349609375,0.7496958374977112,0.7085689902305603,0.6507847905158997,0.12304145097732544,0.13309796154499054,189.7621307373047,0.48924222588539124,0.46028780937194824,0.5110604763031006,-0.6718628406524658,0.13358648121356964,64.24899291992188,0.6387248039245605,0.6332936882972717,0.7086275219917297,-0.011594057083129883,0.2326347678899765,3688.26171875,0.44403088092803955,0.4866994321346283,0.7350554466247559,-0.18002104759216309,0.13275158405303955,76.98656463623047,0.4402897357940674,0.5071885585784912,0.6182445287704468,-0.08684909343719482,0.11225228756666183,70.7344741821289,0.7179369926452637,0.7034005522727966,0.7267139554023743,0.32422155141830444,0.13222377002239227,1150.2349853515625,0.08060777187347412,0.2003995180130005,0.40204301476478577,-0.46368837356567383,0.3002859652042389,6973.33740234375,0.5457879304885864,0.3933948278427124,0.25731366872787476,-5.316326141357422,0.12169411033391953,483.8121032714844,0.927991509437561,0.7334092855453491,0.7498697638511658,0.35226112604141235,0.13208945095539093,536.2735595703125,0.3219284415245056,0.3580492436885834,0.4709204435348511,0.053778111934661865,0.1311250627040863,1868.9935302734375,0.27191388607025146,0.2527671456336975,0.5921146273612976,0.20171868801116943,0.0,0.057401515543460846,0.06278584152460098,"COMPLETE"
