"number","value","datetime_start","datetime_complete","duration","params_decoder_layer_width_0","params_decoder_layer_width_1","params_decoder_layer_width_2","params_decoder_layer_width_3","params_decoder_layer_width_4","params_encoder_layer_width_0","params_encoder_layer_width_1","params_encoder_layer_width_2","params_encoder_layer_width_3","params_encoder_layer_width_4","params_lr","params_n_decoder_layers","params_n_encoder_layers","user_attrs_avg_mae","user_attrs_avg_mape","user_attrs_avg_ndcg10","user_attrs_avg_ndcg20","user_attrs_avg_ndcg50","user_attrs_avg_r2","user_attrs_fold10_mae","user_attrs_fold10_mape","user_attrs_fold10_ndcg10","user_attrs_fold10_ndcg20","user_attrs_fold10_ndcg50","user_attrs_fold10_r2","user_attrs_fold11_mae","user_attrs_fold11_mape","user_attrs_fold11_ndcg10","user_attrs_fold11_ndcg20","user_attrs_fold11_ndcg50","user_attrs_fold11_r2","user_attrs_fold12_mae","user_attrs_fold12_mape","user_attrs_fold12_ndcg10","user_attrs_fold12_ndcg20","user_attrs_fold12_ndcg50","user_attrs_fold12_r2","user_attrs_fold13_mae","user_attrs_fold13_mape","user_attrs_fold13_ndcg10","user_attrs_fold13_ndcg20","user_attrs_fold13_ndcg50","user_attrs_fold13_r2","user_attrs_fold14_mae","user_attrs_fold14_mape","user_attrs_fold14_ndcg10","user_attrs_fold14_ndcg20","user_attrs_fold14_ndcg50","user_attrs_fold14_r2","user_attrs_fold15_mae","user_attrs_fold15_mape","user_attrs_fold15_ndcg10","user_attrs_fold15_ndcg20","user_attrs_fold15_ndcg50","user_attrs_fold15_r2","user_attrs_fold1_mae","user_attrs_fold1_mape","user_attrs_fold1_ndcg10","user_attrs_fold1_ndcg20","user_attrs_fold1_ndcg50","user_attrs_fold1_r2","user_attrs_fold2_mae","user_attrs_fold2_mape","user_attrs_fold2_ndcg10","user_attrs_fold2_ndcg20","user_attrs_fold2_ndcg50","user_attrs_fold2_r2","user_attrs_fold3_mae","user_attrs_fold3_mape","user_attrs_fold3_ndcg10","user_attrs_fold3_ndcg20","user_attrs_fold3_ndcg50","user_attrs_fold3_r2","user_attrs_fold4_mae","user_attrs_fold4_mape","user_attrs_fold4_ndcg10","user_attrs_fold4_ndcg20","user_attrs_fold4_ndcg50","user_attrs_fold4_r2","user_attrs_fold5_mae","user_attrs_fold5_mape","user_attrs_fold5_ndcg10","user_attrs_fold5_ndcg20","user_attrs_fold5_ndcg50","user_attrs_fold5_r2","user_attrs_fold6_mae","user_attrs_fold6_mape","user_attrs_fold6_ndcg10","user_attrs_fold6_ndcg20","user_attrs_fold6_ndcg50","user_attrs_fold6_r2","user_attrs_fold7_mae","user_attrs_fold7_mape","user_attrs_fold7_ndcg10","user_attrs_fold7_ndcg20","user_attrs_fold7_ndcg50","user_attrs_fold7_r2","user_attrs_fold8_mae","user_attrs_fold8_mape","user_attrs_fold8_ndcg10","user_attrs_fold8_ndcg20","user_attrs_fold8_ndcg50","user_attrs_fold8_r2","user_attrs_fold9_mae","user_attrs_fold9_mape","user_attrs_fold9_ndcg10","user_attrs_fold9_ndcg20","user_attrs_fold9_ndcg50","user_attrs_fold9_r2","user_attrs_pca_components","system_attrs_completed_rung_0","system_attrs_completed_rung_1","state"
13,0.13181977172692616,"2025-05-16 15:06:46.691025","2025-05-16 15:06:50.921881","0 days 00:00:04.230856",64,256.0,256.0,16.0,"",64,16.0,"","","",0.006958402114436887,4,2,0.13181977172692616,1037.6519541422526,0.7257881840070088,0.688745508591334,0.7132421195507049,0.14179684718449911,0.1459902673959732,230.7320556640625,0.9392541646957397,0.9242203235626221,0.8289890289306641,0.3436225652694702,0.12177574634552002,55.79500198364258,0.9627450704574585,0.9124058485031128,0.8388839364051819,0.41289567947387695,0.09533948451280594,152.1169891357422,0.8073620796203613,0.7564635872840881,0.7355994582176208,0.3059486746788025,0.0942966639995575,91.10872650146484,0.8083204030990601,0.7648031115531921,0.8301360607147217,0.4199323058128357,0.1300402283668518,111.78254699707031,0.9815638065338135,0.981104850769043,0.9681953191757202,0.5937034487724304,0.09816522151231766,146.03619384765625,0.738299548625946,0.7370423078536987,0.7211283445358276,0.24321246147155762,0.11665000021457672,56.79283142089844,0.9173988103866577,0.7987704277038574,0.800304114818573,0.2839902639389038,0.2085568904876709,3593.602783203125,0.5844583511352539,0.6193409562110901,0.8180342316627502,0.07349562644958496,0.13629503548145294,60.4911994934082,0.6037180423736572,0.5248515009880066,0.7828556299209595,-0.2836942672729492,0.10431621968746185,65.7479248046875,0.8776565790176392,0.8190149068832397,0.7977718710899353,0.4888765811920166,0.10731527954339981,950.3699340820312,0.29033559560775757,0.368574321269989,0.43439218401908875,0.09486216306686401,0.16136206686496735,3055.989501953125,0.3107564151287079,0.2297748625278473,0.22935497760772705,-0.6335046291351318,0.11286597698926926,370.6986999511719,0.9169131517410278,0.8237704634666443,0.7574151158332825,0.3897857069969177,0.12246763706207275,411.3161926269531,0.2798345983028412,0.3229650855064392,0.44579917192459106,-0.02841043472290039,0.2218598574399948,6212.19873046875,0.8682061433792114,0.7480800747871399,0.7097723484039307,-0.5777634382247925,0.0,0.08346538245677948,0.08453402668237686,"COMPLETE"
14,0.10181224346160889,"2025-05-16 15:06:50.922292","2025-05-16 15:06:52.265676","0 days 00:00:01.343384",80,80.0,144.0,16.0,"",48,176.0,"","","",0.006582252433347499,4,2,"","","","","","","","","","","","","","","","","","","","","","","","","","","","","","","","","","","","","","","","","","",0.1281270980834961,50.786407470703125,0.9194110035896301,0.78977370262146,0.792364239692688,0.10092383623123169,0.18862581253051758,2796.0166015625,0.5885367393493652,0.589145302772522,0.8110654950141907,0.1042134165763855,0.11377712339162827,70.12886047363281,0.813980221748352,0.7633247971534729,0.8044636845588684,0.28507494926452637,0.12610939145088196,53.071815490722656,0.7841609120368958,0.7344025373458862,0.7717446684837341,0.1431797742843628,"","","","","","","","","","","","","","","","","","","","","","","","","","","","","","","",0.08907944709062576,0.10181224346160889,"PRUNED"
15,0.09004905819892883,"2025-05-16 15:06:52.265994","2025-05-16 15:06:53.656491","0 days 00:00:01.390497",112,176.0,128.0,112.0,"",80,112.0,"","","",0.006253112837504081,4,2,"","","","","","","","","","","","","","","","","","","","","","","","","","","","","","","","","","","","","","","","","","",0.13847039639949799,56.855613708496094,0.8913708329200745,0.7724378705024719,0.782233715057373,0.04906421899795532,0.2182934731245041,4231.552734375,0.5970515608787537,0.5761853456497192,0.8011630177497864,-0.10167574882507324,0.12589691579341888,86.81734466552734,0.8018046617507935,0.7670526504516602,0.7978041768074036,-0.05479991436004639,0.10932616889476776,50.49897384643555,0.8813767433166504,0.7759078741073608,0.8058869242668152,0.3435670733451843,"","","","","","","","","","","","","","","","","","","","","","","","","","","","","","","",0.08734441548585892,0.09004905819892883,"PRUNED"
16,0.09294809401035309,"2025-05-16 15:06:53.656761","2025-05-16 15:06:54.151502","0 days 00:00:00.494741",64,48.0,192.0,"","",32,16.0,"","","",0.0017826778703957545,3,2,"","","","","","","","","","","","","","","","","","","","","","","","","","","","","","","","","","","","","","","","","","",0.14695477485656738,50.48374938964844,0.40884068608283997,0.4054393172264099,0.5668503046035767,-0.30947113037109375,"","","","","","","","","","","","","","","","","","","","","","","","","","","","","","","","","","","","","","","","","","","","","","","","","",0.09294809401035309,"","PRUNED"
17,0.09899205714464188,"2025-05-16 15:06:54.151771","2025-05-16 15:06:54.722949","0 days 00:00:00.571178",16,256.0,80.0,96.0,"",112,208.0,"","","",0.009636590937953984,4,2,"","","","","","","","","","","","","","","","","","","","","","","","","","","","","","","","","","","","","","","","","","",0.14238278567790985,53.636722564697266,0.674767255783081,0.706098198890686,0.7726429104804993,-0.04964172840118408,"","","","","","","","","","","","","","","","","","","","","","","","","","","","","","","","","","","","","","","","","","","","","","","","","",0.09899205714464188,"","PRUNED"
18,0.12485028058290482,"2025-05-16 15:06:54.723249","2025-05-16 15:06:55.489778","0 days 00:00:00.766529",112,112.0,256.0,192.0,192.0,64,64.0,208.0,"","",0.02020749368297703,5,3,"","","","","","","","","","","","","","","","","","","","","","","","","","","","","","","","","","","","","","","","","","",0.23080754280090332,92.71240234375,0.35983771085739136,0.3530172109603882,0.5287074446678162,-1.2330679893493652,"","","","","","","","","","","","","","","","","","","","","","","","","","","","","","","","","","","","","","","","","","","","","","","","","",0.12485028058290482,"","PRUNED"
19,0.11381235718727112,"2025-05-16 15:06:55.490047","2025-05-16 15:06:56.125707","0 days 00:00:00.635660",176,"","","","",96,96.0,192.0,"","",0.0001887361144328083,1,3,"","","","","","","","","","","","","","","","","","","","","","","","","","","","","","","","","","","","","","","","","","",0.1622549295425415,54.87185287475586,0.507668137550354,0.5274684429168701,0.6590756773948669,-0.47979283332824707,"","","","","","","","","","","","","","","","","","","","","","","","","","","","","","","","","","","","","","","","","","","","","","","","","",0.11381235718727112,"","PRUNED"
20,0.09875661879777908,"2025-05-16 15:06:56.125971","2025-05-16 15:06:57.401155","0 days 00:00:01.275184",48,48.0,176.0,"","",144,48.0,"","","",0.001597539117156126,3,2,"","","","","","","","","","","","","","","","","","","","","","","","","","","","","","","","","","","","","","","","","","",0.1258055567741394,53.80708694458008,0.8711840510368347,0.7431081533432007,0.7663633823394775,0.16328901052474976,0.2281631976366043,3659.9150390625,0.5398569703102112,0.5326600670814514,0.7982474565505981,-0.11244595050811768,0.12885574996471405,66.72947692871094,0.8229622840881348,0.7601484060287476,0.8100729584693909,0.06144338846206665,0.12169857323169708,67.29447174072266,0.7580060362815857,0.7559345364570618,0.7682293653488159,0.3129459619522095,"","","","","","","","","","","","","","","","","","","","","","","","","","","","","","","",0.09287095814943314,0.09875661879777908,"PRUNED"
21,0.11798246204853058,"2025-05-16 15:06:57.401425","2025-05-16 15:06:58.217144","0 days 00:00:00.815719",48,256.0,224.0,"","",160,48.0,64.0,160.0,"",0.00037740322469387934,3,4,"","","","","","","","","","","","","","","","","","","","","","","","","","","","","","","","","","","","","","","","","","",0.20263886451721191,75.18243408203125,0.3847716152667999,0.3396870493888855,0.47546786069869995,-0.9316966533660889,"","","","","","","","","","","","","","","","","","","","","","","","","","","","","","","","","","","","","","","","","","","","","","","","","",0.11798246204853058,"","PRUNED"
22,0.10557364672422409,"2025-05-16 15:06:58.217428","2025-05-16 15:06:59.036863","0 days 00:00:00.819435",128,240.0,"","","",112,32.0,80.0,256.0,"",0.00442429996813766,2,4,"","","","","","","","","","","","","","","","","","","","","","","","","","","","","","","","","","","","","","","","","","",0.1636349856853485,60.02995300292969,0.8459777235984802,0.7544927000999451,0.7438541054725647,-0.3206291198730469,"","","","","","","","","","","","","","","","","","","","","","","","","","","","","","","","","","","","","","","","","","","","","","","","","",0.10557364672422409,"","PRUNED"
23,0.10864400118589401,"2025-05-16 15:06:59.037126","2025-05-16 15:06:59.707976","0 days 00:00:00.670850",64,176.0,224.0,64.0,"",16,48.0,112.0,"","",0.0004264940173797675,4,3,"","","","","","","","","","","","","","","","","","","","","","","","","","","","","","","","","","","","","","","","","","",0.17357541620731354,60.05554962158203,0.5173784494400024,0.4513334631919861,0.5164201855659485,-0.6307603120803833,"","","","","","","","","","","","","","","","","","","","","","","","","","","","","","","","","","","","","","","","","","","","","","","","","",0.10864400118589401,"","PRUNED"
24,0.09622927010059357,"2025-05-16 15:06:59.708235","2025-05-16 15:07:00.362640","0 days 00:00:00.654405",32,224.0,224.0,"","",64,16.0,48.0,"","",0.001279593264390287,3,3,"","","","","","","","","","","","","","","","","","","","","","","","","","","","","","","","","","","","","","","","","","",0.15000982582569122,54.27777862548828,0.39217308163642883,0.4007017910480499,0.5701837539672852,-0.29099905490875244,"","","","","","","","","","","","","","","","","","","","","","","","","","","","","","","","","","","","","","","","","","","","","","","","","",0.09622927010059357,"","PRUNED"
25,0.12099218368530273,"2025-05-16 15:07:00.362947","2025-05-16 15:07:01.347255","0 days 00:00:00.984308",80,256.0,256.0,176.0,"",176,80.0,176.0,80.0,16.0,0.0001046969915497771,4,5,"","","","","","","","","","","","","","","","","","","","","","","","","","","","","","","","","","","","","","","","","","",0.20741288363933563,76.84098815917969,0.5562036037445068,0.4966651201248169,0.5211362838745117,-0.9996623992919922,"","","","","","","","","","","","","","","","","","","","","","","","","","","","","","","","","","","","","","","","","","","","","","","","","",0.12099218368530273,"","PRUNED"
26,0.10339940339326859,"2025-05-16 15:07:01.347556","2025-05-16 15:07:02.109868","0 days 00:00:00.762312",64,160.0,"","","",48,32.0,112.0,192.0,"",0.012530835692091328,2,4,"","","","","","","","","","","","","","","","","","","","","","","","","","","","","","","","","","","","","","","","","","",0.13887903094291687,45.53861999511719,0.42307403683662415,0.38221076130867004,0.3809327185153961,-0.3542248010635376,"","","","","","","","","","","","","","","","","","","","","","","","","","","","","","","","","","","","","","","","","","","","","","","","","",0.10339940339326859,"","PRUNED"
27,0.12472911179065704,"2025-05-16 15:07:02.110185","2025-05-16 15:07:02.672155","0 days 00:00:00.561970",32,208.0,160.0,"","",96,144.0,"","","",0.03628855834550345,3,2,"","","","","","","","","","","","","","","","","","","","","","","","","","","","","","","","","","","","","","","","","","",0.1850445568561554,62.17941665649414,0.3079359233379364,0.3392367362976074,0.38500848412513733,-0.8036702871322632,"","","","","","","","","","","","","","","","","","","","","","","","","","","","","","","","","","","","","","","","","","","","","","","","","",0.12472911179065704,"","PRUNED"
28,0.1292057211200396,"2025-05-16 15:07:02.672407","2025-05-16 15:07:07.554027","0 days 00:00:04.881620",128,112.0,208.0,"","",128,48.0,16.0,"","",0.004482078092169295,3,3,0.1292057211200396,820.6755663553873,0.802402925491333,0.7641502340634664,0.7451908767223359,0.22320051987965903,0.1532144993543625,212.72113037109375,0.9287143349647522,0.9027343988418579,0.8028544783592224,0.28715288639068604,0.12212131172418594,59.57246398925781,0.9804004430770874,0.9246701002120972,0.8073363900184631,0.3566460609436035,0.08614952117204666,160.1997833251953,0.9536652565002441,0.8740737438201904,0.8019446730613708,0.4695286750793457,0.08469095826148987,66.9135513305664,0.8563638925552368,0.8651649951934814,0.8461394309997559,0.5117449760437012,0.14963115751743317,160.2300567626953,0.9853097796440125,0.9235944151878357,0.8602705597877502,0.4640241265296936,0.08351287245750427,103.58399200439453,0.7869443297386169,0.8409433960914612,0.8013865947723389,0.39481061697006226,0.12358611077070236,53.6550407409668,0.8921155333518982,0.7526612281799316,0.7645940780639648,0.17044830322265625,0.2041185349225998,3640.759765625,0.5704565048217773,0.5918183326721191,0.8117616772651672,0.0660664439201355,0.1318306177854538,71.67991638183594,0.8242683410644531,0.7594472169876099,0.7876155972480774,0.036633312702178955,0.14444217085838318,114.07856750488281,0.8731755614280701,0.772607147693634,0.8347232341766357,0.28324031829833984,0.10616260766983032,953.2750244140625,0.3074910640716553,0.35503721237182617,0.4192527234554291,0.09884428977966309,0.16935642063617706,3139.747314453125,0.5217697620391846,0.5010600090026855,0.49170589447021484,-0.7619644403457642,0.0976240336894989,260.1051940917969,0.9793817400932312,0.818914532661438,0.7035893201828003,0.4339287281036377,0.1444459855556488,711.2838134765625,0.6208711862564087,0.7100667953491211,0.6176429390907288,0.16531676054000854,0.1371990144252777,2602.327880859375,0.9551161527633667,0.8694599866867065,0.8270455598831177,0.37158674001693726,0.0,0.07425917685031891,0.08125954121351242,"COMPLETE"
29,0.1308438112338384,"2025-05-16 15:07:07.554428","2025-05-16 15:07:11.538990","0 days 00:00:03.984562",128,112.0,64.0,"","",128,80.0,"","","",0.004218710633181107,3,2,0.1308438112338384,989.240335337321,0.7411144060393174,0.6933246473471324,0.7146548787752788,0.06769234538078309,0.15192006528377533,180.0285186767578,0.95484459400177,0.9452220797538757,0.8357167840003967,0.30402112007141113,0.13743528723716736,70.68909454345703,0.9480500221252441,0.8436391949653625,0.7789539694786072,0.2864413857460022,0.07856769859790802,129.77732849121094,0.8964771628379822,0.8827837705612183,0.8688550591468811,0.5770905315876007,0.09369900077581406,93.32501983642578,0.9786283373832703,0.8968016505241394,0.8833318948745728,0.4297237992286682,0.11526130139827728,140.21510314941406,0.9724979996681213,0.9788933992385864,0.9594728946685791,0.647200345993042,0.09786494821310043,129.445068359375,0.5350021123886108,0.5904927253723145,0.6512284874916077,0.09276318550109863,0.13258419930934906,56.874813079833984,0.9095602035522461,0.75234055519104,0.7948842644691467,0.10044240951538086,0.19350303709506989,3568.07177734375,0.6102676391601562,0.6547079682350159,0.821861743927002,0.06367224454879761,0.13334523141384125,77.8733139038086,0.7045920491218567,0.6692465543746948,0.7325755953788757,0.07243233919143677,0.10454384237527847,62.77740478515625,0.9130268692970276,0.8116641640663147,0.8154674172401428,0.43912577629089355,0.10144457966089249,947.9485473632812,0.3983543813228607,0.38271257281303406,0.4940117299556732,0.11820715665817261,0.24930135905742645,5025.8896484375,0.051178280264139175,0.04486384987831116,0.07820472121238708,-3.0476226806640625,0.11048141121864319,376.9964904785156,0.9683045744895935,0.7787477374076843,0.7365471124649048,0.4347993731498718,0.1292673647403717,492.7595520019531,0.3167282044887543,0.3375624716281891,0.49937087297439575,0.11285078525543213,0.133437842130661,3485.933349609375,0.9592036604881287,0.8301910161972046,0.7693406343460083,0.3842374086380005,0.0,0.06806246191263199,0.06981115788221359,"COMPLETE"
30,0.14394203970829647,"2025-05-16 15:07:11.539427","2025-05-16 15:07:15.876125","0 days 00:00:04.336698",144,112.0,64.0,64.0,"",128,112.0,"","","",0.002715925336199956,4,2,0.14394203970829647,1037.1087437947592,0.6912840974827608,0.6543678656220436,0.6731827350954215,-0.09373913804690043,0.16875909268856049,228.12295532226562,0.7991525530815125,0.6620047688484192,0.6192108988761902,0.1644587516784668,0.11220161616802216,55.60402297973633,1.0,0.9211943745613098,0.9016605615615845,0.5061904788017273,0.09551244974136353,168.5228271484375,0.7970551252365112,0.7558711171150208,0.7487348914146423,0.36494261026382446,0.09603914618492126,70.25760650634766,0.7555472254753113,0.7285306453704834,0.7559350728988647,0.38011568784713745,0.18267184495925903,186.20216369628906,0.651017963886261,0.7563673853874207,0.7039458155632019,0.267153799533844,0.0949617326259613,125.88916778564453,0.637495756149292,0.6048940420150757,0.6198472380638123,0.1554715633392334,0.16197866201400757,62.01294708251953,0.8945990204811096,0.7588658928871155,0.7847877144813538,-0.22071325778961182,0.22675439715385437,4879.74169921875,0.5818702578544617,0.5512409210205078,0.7997511029243469,0.011380255222320557,0.12975424528121948,71.11332702636719,0.8107404112815857,0.7852625250816345,0.8052946925163269,0.10159128904342651,0.12013981491327286,58.81815719604492,0.752216100692749,0.707343578338623,0.7630581259727478,0.20969009399414062,0.14731284976005554,1519.8170166015625,0.39873865246772766,0.45306044816970825,0.5134896636009216,-0.47334980964660645,0.26212871074676514,4831.1533203125,0.0447891540825367,0.0410403236746788,0.03739793971180916,-3.7153429985046387,0.12285041809082031,519.668212890625,0.9633891582489014,0.7943122386932373,0.713482141494751,0.3252565264701843,0.1206674575805664,375.9037780761719,0.32761475443840027,0.44361263513565063,0.5337509512901306,0.006034970283508301,0.11739815771579742,2403.803955078125,0.9550353288650513,0.8519170880317688,0.7973942160606384,0.5110329687595367,0.0,0.07529757171869278,0.08243720233440399,"COMPLETE"
31,0.09243699163198471,"2025-05-16 15:07:15.876594","2025-05-16 15:07:16.486110","0 days 00:00:00.609516",144,112.0,64.0,64.0,"",160,112.0,"","","",0.0022670680194068573,4,2,"","","","","","","","","","","","","","","","","","","","","","","","","","","","","","","","","","","","","","","","","","",0.10999063402414322,45.258663177490234,0.9228784441947937,0.833940327167511,0.8032630085945129,0.2829054594039917,"","","","","","","","","","","","","","","","","","","","","","","","","","","","","","","","","","","","","","","","","","","","","","","","","",0.09243699163198471,"","PRUNED"
32,0.08676110953092575,"2025-05-16 15:07:16.486382","2025-05-16 15:07:17.952220","0 days 00:00:01.465838",192,128.0,64.0,48.0,"",128,80.0,"","","",0.004870344247362753,4,2,"","","","","","","","","","","","","","","","","","","","","","","","","","","","","","","","","","","","","","","","","","",0.14454300701618195,59.891815185546875,0.9210168123245239,0.7719877362251282,0.7882310152053833,0.031077980995178223,0.19628173112869263,2872.788330078125,0.5602957606315613,0.582976222038269,0.8012481927871704,0.11907392740249634,0.1325933188199997,88.34769439697266,0.8030406832695007,0.7461344003677368,0.8014088869094849,0.09833699464797974,0.12333057820796967,57.20288848876953,0.8160727024078369,0.7514858245849609,0.7840269207954407,0.22970110177993774,"","","","","","","","","","","","","","","","","","","","","","","","","","","","","","","",0.07893030345439911,0.08676110953092575,"PRUNED"
