"number","value","datetime_start","datetime_complete","duration","params_decoder_layer_width_0","params_decoder_layer_width_1","params_decoder_layer_width_2","params_decoder_layer_width_3","params_decoder_layer_width_4","params_encoder_layer_width_0","params_encoder_layer_width_1","params_encoder_layer_width_2","params_encoder_layer_width_3","params_encoder_layer_width_4","params_lr","params_n_decoder_layers","params_n_encoder_layers","user_attrs_avg_mae","user_attrs_avg_mape","user_attrs_avg_ndcg10","user_attrs_avg_ndcg20","user_attrs_avg_ndcg50","user_attrs_avg_r2","user_attrs_fold10_mae","user_attrs_fold10_mape","user_attrs_fold10_ndcg10","user_attrs_fold10_ndcg20","user_attrs_fold10_ndcg50","user_attrs_fold10_r2","user_attrs_fold11_mae","user_attrs_fold11_mape","user_attrs_fold11_ndcg10","user_attrs_fold11_ndcg20","user_attrs_fold11_ndcg50","user_attrs_fold11_r2","user_attrs_fold12_mae","user_attrs_fold12_mape","user_attrs_fold12_ndcg10","user_attrs_fold12_ndcg20","user_attrs_fold12_ndcg50","user_attrs_fold12_r2","user_attrs_fold13_mae","user_attrs_fold13_mape","user_attrs_fold13_ndcg10","user_attrs_fold13_ndcg20","user_attrs_fold13_ndcg50","user_attrs_fold13_r2","user_attrs_fold14_mae","user_attrs_fold14_mape","user_attrs_fold14_ndcg10","user_attrs_fold14_ndcg20","user_attrs_fold14_ndcg50","user_attrs_fold14_r2","user_attrs_fold15_mae","user_attrs_fold15_mape","user_attrs_fold15_ndcg10","user_attrs_fold15_ndcg20","user_attrs_fold15_ndcg50","user_attrs_fold15_r2","user_attrs_fold1_mae","user_attrs_fold1_mape","user_attrs_fold1_ndcg10","user_attrs_fold1_ndcg20","user_attrs_fold1_ndcg50","user_attrs_fold1_r2","user_attrs_fold2_mae","user_attrs_fold2_mape","user_attrs_fold2_ndcg10","user_attrs_fold2_ndcg20","user_attrs_fold2_ndcg50","user_attrs_fold2_r2","user_attrs_fold3_mae","user_attrs_fold3_mape","user_attrs_fold3_ndcg10","user_attrs_fold3_ndcg20","user_attrs_fold3_ndcg50","user_attrs_fold3_r2","user_attrs_fold4_mae","user_attrs_fold4_mape","user_attrs_fold4_ndcg10","user_attrs_fold4_ndcg20","user_attrs_fold4_ndcg50","user_attrs_fold4_r2","user_attrs_fold5_mae","user_attrs_fold5_mape","user_attrs_fold5_ndcg10","user_attrs_fold5_ndcg20","user_attrs_fold5_ndcg50","user_attrs_fold5_r2","user_attrs_fold6_mae","user_attrs_fold6_mape","user_attrs_fold6_ndcg10","user_attrs_fold6_ndcg20","user_attrs_fold6_ndcg50","user_attrs_fold6_r2","user_attrs_fold7_mae","user_attrs_fold7_mape","user_attrs_fold7_ndcg10","user_attrs_fold7_ndcg20","user_attrs_fold7_ndcg50","user_attrs_fold7_r2","user_attrs_fold8_mae","user_attrs_fold8_mape","user_attrs_fold8_ndcg10","user_attrs_fold8_ndcg20","user_attrs_fold8_ndcg50","user_attrs_fold8_r2","user_attrs_fold9_mae","user_attrs_fold9_mape","user_attrs_fold9_ndcg10","user_attrs_fold9_ndcg20","user_attrs_fold9_ndcg50","user_attrs_fold9_r2","user_attrs_pca_components","system_attrs_completed_rung_0","system_attrs_completed_rung_1","state"
79,0.12323651860157649,"2025-05-16 15:08:35.811667","2025-05-16 15:08:39.520112","0 days 00:00:03.708445",224,64.0,224.0,208.0,"",176,"","","","",0.0031642822911227,4,1,0.12323651860157649,975.2553782145183,0.7652244947850704,0.73757300125435,0.740573172022899,0.0188720703125,0.11296816915273666,203.74839782714844,0.9746334552764893,0.923803448677063,0.8951676487922668,0.5809835195541382,0.11548630148172379,59.44650650024414,0.9834364652633667,0.9149482250213623,0.89036625623703,0.4966467022895813,0.0820610374212265,144.82211303710938,0.9758328795433044,0.9190516471862793,0.8461708426475525,0.5003334879875183,0.07830478250980377,62.53063201904297,0.9221736788749695,0.8976143598556519,0.8724294304847717,0.5490934252738953,0.12066534906625748,184.33172607421875,0.987266480922699,0.9863284230232239,0.9493003487586975,0.6669375896453857,0.08904958516359329,132.36949157714844,0.5823758840560913,0.6514285206794739,0.6832045912742615,0.13733112812042236,0.12763728201389313,52.38780975341797,0.9187592267990112,0.7734377384185791,0.7613214254379272,0.09175354242324829,0.2121390551328659,3636.3056640625,0.5209538340568542,0.595977246761322,0.7977155447006226,0.04181647300720215,0.11599910259246826,74.94684600830078,0.8306284546852112,0.7979423403739929,0.8008803129196167,0.07569670677185059,0.09515409171581268,53.60771560668945,0.9068340063095093,0.8317464590072632,0.8564931154251099,0.5063313245773315,0.1252979189157486,1064.3328857421875,0.47138890624046326,0.466147243976593,0.5257089734077454,-0.20681893825531006,0.2598438858985901,6582.43408203125,0.003804359585046768,0.003412566613405943,0.061168376356363297,-4.430543422698975,0.10239705443382263,313.8716125488281,0.9726110100746155,0.8118418455123901,0.755913257598877,0.4788728952407837,0.1257568895816803,439.3280029296875,0.47769638895988464,0.5594157576560974,0.5925930142402649,0.1486372947692871,0.08578727394342422,1624.3671875,0.94997239112854,0.9304991960525513,0.8201644420623779,0.6460093259811401,0.0,0.06588359922170639,0.06780187040567398,"COMPLETE"
80,0.14061729311943055,"2025-05-16 15:08:39.520566","2025-05-16 15:08:42.687954","0 days 00:00:03.167388",256,80.0,"","","",176,"","","","",0.0020322693438186152,2,1,0.14061729311943055,1265.564522043864,0.7455439957479636,0.7158851434787115,0.713248148560524,-0.3637580633163452,0.14246658980846405,232.07955932617188,0.9714487195014954,0.9404360055923462,0.8176018595695496,0.40431660413742065,0.10819800943136215,51.7200813293457,1.0,0.9305571913719177,0.8846478462219238,0.515731930732727,0.08035283535718918,156.64825439453125,0.9122916460037231,0.9056326746940613,0.845947802066803,0.5741980969905853,0.07191351056098938,57.41987991333008,0.9434653520584106,0.8961862325668335,0.9009310603141785,0.6000582277774811,0.1883038878440857,197.4700164794922,0.5977412462234497,0.612869918346405,0.6124850511550903,0.22556942701339722,0.0970115214586258,143.18142700195312,0.5571303963661194,0.5795107483863831,0.658884584903717,0.02839052677154541,0.126724973320961,57.165138244628906,0.9211083054542542,0.7685096263885498,0.7951674461364746,0.17288988828659058,0.21000471711158752,4107.00341796875,0.5413750410079956,0.6075518131256104,0.7965900301933289,0.03436386585235596,0.11645275354385376,74.77276611328125,0.8257915377616882,0.818376362323761,0.8036354184150696,0.15428471565246582,0.09706948697566986,63.38473129272461,0.9429739713668823,0.843852698802948,0.823199450969696,0.5120797157287598,0.10889708250761032,1084.4454345703125,0.6693861484527588,0.7002730965614319,0.6759851574897766,0.054949045181274414,0.3975207805633545,8691.2919921875,0.03102167323231697,0.03460676968097687,0.02685616910457611,-9.703421592712402,0.09789254516363144,328.65460205078125,0.9781236052513123,0.8138773441314697,0.7314274907112122,0.47687220573425293,0.12939834594726562,522.3904418945312,0.33618614077568054,0.3687884211540222,0.5020126104354858,0.09113585948944092,0.13705235719680786,3215.840087890625,0.9551161527633667,0.9172482490539551,0.8233502507209778,0.402210533618927,0.0,0.07009799778461456,0.057700928300619125,"COMPLETE"
81,0.1205326572060585,"2025-05-16 15:08:42.688386","2025-05-16 15:08:46.388264","0 days 00:00:03.699878",224,64.0,224.0,208.0,"",176,"","","","",0.0033803937041624473,4,1,0.1205326572060585,815.7432530721029,0.7545193737993637,0.7471511200070381,0.7428190678358078,0.13642676472663878,0.11443561315536499,203.38587951660156,0.7723088264465332,0.825875461101532,0.8351027369499207,0.5636745691299438,0.11118627339601517,55.98136901855469,1.0,0.953690230846405,0.8806837201118469,0.5107191503047943,0.08719100058078766,158.7187957763672,0.9477398991584778,0.8544511795043945,0.8272793889045715,0.46352505683898926,0.07527943700551987,60.695899963378906,0.96104896068573,0.9126444458961487,0.896415650844574,0.5855981707572937,0.11007734388113022,155.79444885253906,0.9735890030860901,0.9625571966171265,0.9529767632484436,0.7055120468139648,0.11203575134277344,168.96844482421875,0.572599470615387,0.6831739544868469,0.6687598824501038,-0.22999966144561768,0.11562550067901611,48.947601318359375,0.9168621301651001,0.848236083984375,0.8102656006813049,0.25410979986190796,0.20013727247714996,2971.3623046875,0.5764020681381226,0.5709303021430969,0.8112341165542603,0.11418527364730835,0.11178378760814667,74.40576171875,0.8450971245765686,0.840121865272522,0.8157803416252136,0.19488859176635742,0.09650678932666779,67.76094055175781,0.940577507019043,0.8861943483352661,0.8518540859222412,0.5689854025840759,0.1438143253326416,1327.2974853515625,0.6260125637054443,0.6088318824768066,0.6203171610832214,-0.6722785234451294,0.19900140166282654,4229.44775390625,0.006799319759011269,0.1077096089720726,0.15872256457805634,-2.1463801860809326,0.10626672208309174,308.5105285644531,0.9004250764846802,0.7971723675727844,0.7402974367141724,0.4237963557243347,0.1370159387588501,560.457763671875,0.3295707106590271,0.43718835711479187,0.4714304506778717,0.07606172561645508,0.08763270080089569,1844.413818359375,0.9487579464912415,0.9184895157814026,0.8011661171913147,0.6340036988258362,0.0,0.06574223935604095,0.06850384175777435,"COMPLETE"
82,0.07325240224599838,"2025-05-16 15:08:46.388740","2025-05-16 15:08:46.907715","0 days 00:00:00.518975",240,64.0,256.0,240.0,"",160,"","","","",0.004080522239329762,4,1,"","","","","","","","","","","","","","","","","","","","","","","","","","","","","","","","","","","","","","","","","","",0.12167282402515411,56.49702072143555,0.9161480069160461,0.8177816867828369,0.8063608407974243,0.2090957760810852,"","","","","","","","","","","","","","","","","","","","","","","","","","","","","","","","","","","","","","","","","","","","","","","","","",0.07325240224599838,"","PRUNED"
83,0.08613377064466476,"2025-05-16 15:08:46.908009","2025-05-16 15:08:47.377750","0 days 00:00:00.469741",224,32.0,240.0,"","",192,"","","","",0.005348437503250775,3,1,"","","","","","","","","","","","","","","","","","","","","","","","","","","","","","","","","","","","","","","","","","",0.11078167706727982,44.30555725097656,0.9210168123245239,0.8601034283638,0.8007276654243469,0.2519266605377197,"","","","","","","","","","","","","","","","","","","","","","","","","","","","","","","","","","","","","","","","","","","","","","","","","",0.08613377064466476,"","PRUNED"
84,0.11403320282697678,"2025-05-16 15:08:47.378010","2025-05-16 15:08:50.658627","0 days 00:00:03.280617",208,80.0,224.0,"","",160,"","","","",0.002904280945591407,3,1,0.11403320282697678,796.7828211466472,0.7733821142464876,0.7487944096016387,0.7526798600951831,0.2220594108104706,0.10702227056026459,201.97076416015625,0.9138530492782593,0.8926305770874023,0.8840594291687012,0.6154254376888275,0.11114145070314407,55.935401916503906,1.0,0.960503339767456,0.893555760383606,0.5221080780029297,0.08237753063440323,128.66928100585938,0.8837454915046692,0.8543826937675476,0.8434087038040161,0.5042351186275482,0.07929730415344238,63.86216735839844,0.9416872262954712,0.8907533288002014,0.8969586491584778,0.5539149641990662,0.13021710515022278,190.5298614501953,0.9850378036499023,0.9832984209060669,0.9247003197669983,0.6104418039321899,0.08523045480251312,126.86102294921875,0.5967778563499451,0.6088133454322815,0.7374809980392456,0.16807419061660767,0.11627975851297379,47.95874786376953,0.9114218950271606,0.8415639996528625,0.8172009587287903,0.22689616680145264,0.1831919103860855,3153.416015625,0.6227331757545471,0.6474592685699463,0.8303480744361877,0.18219107389450073,0.10823141038417816,73.22547149658203,0.8306284546852112,0.8221464157104492,0.7884409427642822,0.2672147750854492,0.08896173536777496,58.18598937988281,0.9595745801925659,0.8817865252494812,0.8535105586051941,0.5793212056159973,0.12926995754241943,1240.1768798828125,0.6210289597511292,0.6478623747825623,0.6076181530952454,-0.1557929515838623,0.1854158192873001,4514.95166015625,0.0010000001639127731,0.004203751217573881,0.07934307307004929,-2.028393507003784,0.09701710939407349,271.5858459472656,0.9754593968391418,0.8664230704307556,0.7706394195556641,0.535274088382721,0.13279277086257935,436.7841796875,0.39936551451683044,0.4064789414405823,0.5053088665008545,0.04258674383163452,0.07405145466327667,1387.6290283203125,0.9584183096885681,0.9236100912094116,0.8576239943504333,0.7073939740657806,0.0,0.06495611369609833,0.06236261874437332,"COMPLETE"
85,0.08755891025066376,"2025-05-16 15:08:50.659049","2025-05-16 15:08:51.803701","0 days 00:00:01.144652",208,80.0,224.0,"","",160,"","","","",0.0017208498778290948,3,1,"","","","","","","","","","","","","","","","","","","","","","","","","","","","","","","","","","","","","","","","","","",0.1292983591556549,57.24009323120117,0.9215181469917297,0.8309160470962524,0.816368043422699,0.18120670318603516,0.21801486611366272,4289.578125,0.43914008140563965,0.5565714836120605,0.7730798721313477,-0.04998672008514404,0.10229580849409103,78.08186340332031,0.7298939228057861,0.7492727637290955,0.7509942650794983,0.3006787896156311,0.10765323787927628,63.976829528808594,0.9272739887237549,0.8045477271080017,0.7942527532577515,0.39156144857406616,"","","","","","","","","","","","","","","","","","","","","","","","","","","","","","","",0.07254815101623535,0.08755891025066376,"PRUNED"
86,0.0764465257525444,"2025-05-16 15:08:51.803997","2025-05-16 15:08:53.382091","0 days 00:00:01.578094",192,96.0,256.0,"","",144,240.0,"","","",0.002656911153811598,3,2,"","","","","","","","","","","","","","","","","","","","","","","","","","","","","","","","","","","","","","","","","","",0.11358188092708588,46.10737991333008,0.9219014644622803,0.7774138450622559,0.8015413284301758,0.2162345051765442,0.17416678369045258,2006.4354248046875,0.6863997578620911,0.7237139940261841,0.86332106590271,0.22882485389709473,0.10617958754301071,65.72947692871094,0.8176364898681641,0.824467122554779,0.8238133788108826,0.3619421720504761,0.12510046362876892,51.90162658691406,0.8675060868263245,0.7776502370834351,0.7698699235916138,0.14588850736618042,"","","","","","","","","","","","","","","","","","","","","","","","","","","","","","","",0.06295624375343323,0.0764465257525444,"PRUNED"
87,0.12805788467327753,"2025-05-16 15:08:53.382369","2025-05-16 15:08:57.213292","0 days 00:00:03.830923",240,80.0,224.0,192.0,"",144,"","","","",0.006873467041541768,4,1,0.12805788467327753,986.1481132507324,0.7451673229690641,0.7210769995736579,0.7231276419013739,0.007427684466044108,0.1466463804244995,216.65118408203125,0.8569283485412598,0.8662171959877014,0.7722863554954529,0.3464322090148926,0.12110008299350739,63.027427673339844,0.7678031921386719,0.7660998106002808,0.7901228666305542,0.41047799587249756,0.09031294286251068,148.95675659179688,0.9529222249984741,0.9285910725593567,0.8508630394935608,0.4267774820327759,0.0796850323677063,62.65233612060547,0.9475163817405701,0.8970280885696411,0.8717209696769714,0.5389125347137451,0.1119319498538971,150.12144470214844,0.9840852618217468,0.976332426071167,0.938257098197937,0.6658038794994354,0.09327640384435654,127.1815414428711,0.7959833741188049,0.8168778419494629,0.7721507549285889,0.29566633701324463,0.14117984473705292,59.515750885009766,0.9134767651557922,0.7738580703735352,0.7903956770896912,0.05867189168930054,0.21549104154109955,4310.068359375,0.5315120220184326,0.548596978187561,0.795147716999054,0.012083709239959717,0.10582450777292252,76.04141998291016,0.8465425968170166,0.8119454383850098,0.8218791484832764,0.3717012405395508,0.11040561646223068,52.17887878417969,0.7863897681236267,0.7412007451057434,0.7688283920288086,0.27831828594207764,0.12133631110191345,1077.76025390625,0.5926244258880615,0.6602616906166077,0.6463596820831299,-0.10262024402618408,0.23976197838783264,5931.7861328125,0.0036512913648039103,0.006826705764979124,0.009754637256264687,-4.146617889404297,0.12217803299427032,439.4395751953125,0.9520348906517029,0.8023524284362793,0.7386994361877441,0.3301903009414673,0.13372944295406342,502.16693115234375,0.33916547894477844,0.3508353531360626,0.4733973741531372,0.01684856414794922,0.08800870180130005,1574.6737060546875,0.9068738222122192,0.8691311478614807,0.8070514798164368,0.6087689697742462,0.0,0.06843096762895584,0.06401310116052628,"COMPLETE"
88,0.06944821774959564,"2025-05-16 15:08:57.213779","2025-05-16 15:08:58.366826","0 days 00:00:01.153047",208,64.0,192.0,"","",176,"","","","",0.0029189692085541605,3,1,"","","","","","","","","","","","","","","","","","","","","","","","","","","","","","","","","","","","","","","","","","",0.12609432637691498,55.377166748046875,0.9100615978240967,0.7776544094085693,0.8062905073165894,0.1573435664176941,0.2159656435251236,3851.07958984375,0.5608898401260376,0.5485320687294006,0.7986887693405151,0.01813042163848877,0.11883918195962906,74.4209976196289,0.8143943548202515,0.8110802173614502,0.7959910035133362,0.09836280345916748,0.08363322913646698,57.057350158691406,0.9359129667282104,0.8747448921203613,0.8673291206359863,0.590131551027298,"","","","","","","","","","","","","","","","","","","","","","","","","","","","","","","",0.06884144246578217,0.06944821774959564,"PRUNED"
89,0.08801638334989548,"2025-05-16 15:08:58.367166","2025-05-16 15:08:58.809493","0 days 00:00:00.442327",192,48.0,128.0,"","",160,"","","","",0.0013771905101494372,3,1,"","","","","","","","","","","","","","","","","","","","","","","","","","","","","","","","","","","","","","","","","","",0.1302632987499237,58.15669250488281,0.9139054417610168,0.7741807103157043,0.8018897771835327,0.14496326446533203,"","","","","","","","","","","","","","","","","","","","","","","","","","","","","","","","","","","","","","","","","","","","","","","","","",0.08801638334989548,"","PRUNED"
90,0.13101571798324585,"2025-05-16 15:08:58.809786","2025-05-16 15:08:59.223501","0 days 00:00:00.413715",256,96.0,"","","",144,"","","","",0.08489438884240796,2,1,"","","","","","","","","","","","","","","","","","","","","","","","","","","","","","","","","","","","","","","","","","",0.1937980353832245,67.86788940429688,0.3079359233379364,0.3392367362976074,0.38500848412513733,-0.8815034627914429,"","","","","","","","","","","","","","","","","","","","","","","","","","","","","","","","","","","","","","","","","","","","","","","","","",0.13101571798324585,"","PRUNED"
91,0.07288555800914764,"2025-05-16 15:08:59.223773","2025-05-16 15:08:59.686394","0 days 00:00:00.462621",224,64.0,240.0,"","",176,"","","","",0.002189907674780008,3,1,"","","","","","","","","","","","","","","","","","","","","","","","","","","","","","","","","","","","","","","","","","",0.13200071454048157,55.53315734863281,0.8768990635871887,0.8302299380302429,0.7929797172546387,0.13377922773361206,"","","","","","","","","","","","","","","","","","","","","","","","","","","","","","","","","","","","","","","","","","","","","","","","","",0.07288555800914764,"","PRUNED"
92,0.06954007595777512,"2025-05-16 15:08:59.686678","2025-05-16 15:09:00.732594","0 days 00:00:01.045916",96,48.0,256.0,"","",192,"","","","",0.004171719296291132,3,1,"","","","","","","","","","","","","","","","","","","","","","","","","","","","","","","","","","","","","","","","","","",0.13224630057811737,58.000301361083984,0.921294093132019,0.7637016773223877,0.7992255091667175,0.12572157382965088,0.18102271854877472,2658.076904296875,0.5987744331359863,0.6104786992073059,0.8167779445648193,0.11899667978286743,0.1123688742518425,66.89070892333984,0.8299832940101624,0.8099859356880188,0.7979869842529297,0.29209446907043457,0.09765934944152832,58.13304901123047,0.9277111291885376,0.8449212908744812,0.825043797492981,0.48500531911849976,"","","","","","","","","","","","","","","","","","","","","","","","","","","","","","","",0.059078000485897064,0.06954007595777512,"PRUNED"
93,0.09572300314903259,"2025-05-16 15:09:00.732864","2025-05-16 15:09:01.182933","0 days 00:00:00.450069",240,16.0,240.0,"","",160,"","","","",0.0034684826503290846,3,1,"","","","","","","","","","","","","","","","","","","","","","","","","","","","","","","","","","","","","","","","","","",0.12615172564983368,54.321678161621094,0.9041895270347595,0.8428296446800232,0.8220002055168152,0.17675966024398804,"","","","","","","","","","","","","","","","","","","","","","","","","","","","","","","","","","","","","","","","","","","","","","","","","",0.09572300314903259,"","PRUNED"
