"number","value","datetime_start","datetime_complete","duration","params_decoder_layer_width_0","params_decoder_layer_width_1","params_decoder_layer_width_2","params_decoder_layer_width_3","params_decoder_layer_width_4","params_encoder_layer_width_0","params_encoder_layer_width_1","params_encoder_layer_width_2","params_encoder_layer_width_3","params_lr","params_n_decoder_layers","params_n_encoder_layers","params_transformer_dropout","params_transformer_heads","user_attrs_avg_mae","user_attrs_avg_mape","user_attrs_avg_ndcg10","user_attrs_avg_ndcg20","user_attrs_avg_ndcg50","user_attrs_avg_r2","user_attrs_fold10_mae","user_attrs_fold10_mape","user_attrs_fold10_ndcg10","user_attrs_fold10_ndcg20","user_attrs_fold10_ndcg50","user_attrs_fold10_r2","user_attrs_fold11_mae","user_attrs_fold11_mape","user_attrs_fold11_ndcg10","user_attrs_fold11_ndcg20","user_attrs_fold11_ndcg50","user_attrs_fold11_r2","user_attrs_fold12_mae","user_attrs_fold12_mape","user_attrs_fold12_ndcg10","user_attrs_fold12_ndcg20","user_attrs_fold12_ndcg50","user_attrs_fold12_r2","user_attrs_fold13_mae","user_attrs_fold13_mape","user_attrs_fold13_ndcg10","user_attrs_fold13_ndcg20","user_attrs_fold13_ndcg50","user_attrs_fold13_r2","user_attrs_fold14_mae","user_attrs_fold14_mape","user_attrs_fold14_ndcg10","user_attrs_fold14_ndcg20","user_attrs_fold14_ndcg50","user_attrs_fold14_r2","user_attrs_fold15_mae","user_attrs_fold15_mape","user_attrs_fold15_ndcg10","user_attrs_fold15_ndcg20","user_attrs_fold15_ndcg50","user_attrs_fold15_r2","user_attrs_fold1_mae","user_attrs_fold1_mape","user_attrs_fold1_ndcg10","user_attrs_fold1_ndcg20","user_attrs_fold1_ndcg50","user_attrs_fold1_r2","user_attrs_fold2_mae","user_attrs_fold2_mape","user_attrs_fold2_ndcg10","user_attrs_fold2_ndcg20","user_attrs_fold2_ndcg50","user_attrs_fold2_r2","user_attrs_fold3_mae","user_attrs_fold3_mape","user_attrs_fold3_ndcg10","user_attrs_fold3_ndcg20","user_attrs_fold3_ndcg50","user_attrs_fold3_r2","user_attrs_fold4_mae","user_attrs_fold4_mape","user_attrs_fold4_ndcg10","user_attrs_fold4_ndcg20","user_attrs_fold4_ndcg50","user_attrs_fold4_r2","user_attrs_fold5_mae","user_attrs_fold5_mape","user_attrs_fold5_ndcg10","user_attrs_fold5_ndcg20","user_attrs_fold5_ndcg50","user_attrs_fold5_r2","user_attrs_fold6_mae","user_attrs_fold6_mape","user_attrs_fold6_ndcg10","user_attrs_fold6_ndcg20","user_attrs_fold6_ndcg50","user_attrs_fold6_r2","user_attrs_fold7_mae","user_attrs_fold7_mape","user_attrs_fold7_ndcg10","user_attrs_fold7_ndcg20","user_attrs_fold7_ndcg50","user_attrs_fold7_r2","user_attrs_fold8_mae","user_attrs_fold8_mape","user_attrs_fold8_ndcg10","user_attrs_fold8_ndcg20","user_attrs_fold8_ndcg50","user_attrs_fold8_r2","user_attrs_fold9_mae","user_attrs_fold9_mape","user_attrs_fold9_ndcg10","user_attrs_fold9_ndcg20","user_attrs_fold9_ndcg50","user_attrs_fold9_r2","user_attrs_pca_components","system_attrs_completed_rung_0","system_attrs_completed_rung_1","state"
93,0.07100245356559753,"2025-05-16 15:28:40.195450","2025-05-16 15:28:41.586223","0 days 00:00:01.390773",160,224.0,240.0,"","",16,"","","",0.00234712112282035,3,1,0.0,7,"","","","","","","","","","","","","","","","","","","","","","","","","","","","","","","","","","","","","","","","","","",0.10263288766145706,46.0006103515625,0.7989519834518433,0.820418119430542,0.8277032375335693,0.421549916267395,0.1845879852771759,2206.777587890625,0.6353300213813782,0.6037155389785767,0.8243300318717957,0.06276601552963257,0.0975726917386055,57.68055725097656,0.9294915795326233,0.8942096829414368,0.8700237274169922,0.5367618501186371,0.10398219525814056,55.92061233520508,0.7892085909843445,0.8193708658218384,0.821575403213501,0.42440128326416016,"","","","","","","","","","","","","","","","","","","","","","","","","","","","","","","",0.06830817461013794,0.07100245356559753,"PRUNED"
94,0.07168055325746536,"2025-05-16 15:28:41.586507","2025-05-16 15:28:42.563832","0 days 00:00:00.977325",208,208.0,224.0,"","",64,"","","",0.004600793852114191,3,1,0.0,8,"","","","","","","","","","","","","","","","","","","","","","","","","","","","","","","","","","","","","","","","","","",0.09435946494340897,42.297447204589844,0.8706190586090088,0.8861273527145386,0.8464918732643127,0.47827470302581787,"","","","","","","","","","","","","","","","","","","","","","","","","","","","","","","","","","","","","","","","","","","","","","","","","",0.07168055325746536,"","PRUNED"
95,0.0734691172838211,"2025-05-16 15:28:42.564114","2025-05-16 15:28:43.156306","0 days 00:00:00.592192",144,224.0,256.0,"","",32,"","","",0.00793265734983065,3,1,0.0,6,"","","","","","","","","","","","","","","","","","","","","","","","","","","","","","","","","","","","","","","","","","",0.10429016500711441,43.605255126953125,0.810954749584198,0.7726854681968689,0.7976713180541992,0.3390575647354126,"","","","","","","","","","","","","","","","","","","","","","","","","","","","","","","","","","","","","","","","","","","","","","","","","",0.0734691172838211,"","PRUNED"
96,0.07387284189462662,"2025-05-16 15:28:43.156596","2025-05-16 15:28:43.888442","0 days 00:00:00.731846",96,240.0,240.0,"","",48,"","","",0.005318861571963562,3,1,0.1,7,"","","","","","","","","","","","","","","","","","","","","","","","","","","","","","","","","","","","","","","","","","",0.09927729517221451,43.12294387817383,0.916053831577301,0.8927897214889526,0.8419539928436279,0.43326711654663086,"","","","","","","","","","","","","","","","","","","","","","","","","","","","","","","","","","","","","","","","","","","","","","","","","",0.07387284189462662,"","PRUNED"
97,0.07451130449771881,"2025-05-16 15:28:43.888741","2025-05-16 15:28:44.617054","0 days 00:00:00.728313",160,240.0,208.0,"","",48,"","","",0.0008279196438065735,3,1,0.1,6,"","","","","","","","","","","","","","","","","","","","","","","","","","","","","","","","","","","","","","","","","","",0.10662996768951416,44.002071380615234,0.7919132709503174,0.8114191889762878,0.8061766624450684,0.3763080835342407,"","","","","","","","","","","","","","","","","","","","","","","","","","","","","","","","","","","","","","","","","","","","","","","","","",0.07451130449771881,"","PRUNED"
98,0.07200726866722107,"2025-05-16 15:28:44.617323","2025-05-16 15:28:46.580417","0 days 00:00:01.963094",192,208.0,256.0,96.0,"",48,"","","",0.0036233545634705437,4,1,0.0,8,"","","","","","","","","","","","","","","","","","","","","","","","","","","","","","","","","","","","","","","","","","",0.09970667958259583,41.872100830078125,0.8100337982177734,0.8138759136199951,0.8393298983573914,0.40851378440856934,0.17302857339382172,1431.330810546875,0.6531538367271423,0.6610481142997742,0.8463758230209351,0.05525416135787964,0.09730373322963715,57.34074020385742,0.9011664986610413,0.8768437504768372,0.8655233979225159,0.5382579565048218,0.10718733817338943,60.66012954711914,0.7404963970184326,0.7779944539070129,0.770846962928772,0.39452117681503296,"","","","","","","","","","","","","","","","","","","","","","","","","","","","","","","",0.06888527423143387,0.07200726866722107,"PRUNED"
99,0.07139573991298676,"2025-05-16 15:28:46.580699","2025-05-16 15:28:47.124369","0 days 00:00:00.543670",176,256.0,240.0,"","",32,"","","",0.0019011870812694399,3,1,0.0,4,"","","","","","","","","","","","","","","","","","","","","","","","","","","","","","","","","","","","","","","","","","",0.11246119439601898,48.30451965332031,0.7619527578353882,0.8119016885757446,0.8114288449287415,0.3445660471916199,"","","","","","","","","","","","","","","","","","","","","","","","","","","","","","","","","","","","","","","","","","","","","","","","","",0.07139573991298676,"","PRUNED"
