"number","value","datetime_start","datetime_complete","duration","params_decoder_layer_width_0","params_decoder_layer_width_1","params_decoder_layer_width_2","params_decoder_layer_width_3","params_decoder_layer_width_4","params_encoder_layer_width_0","params_encoder_layer_width_1","params_encoder_layer_width_2","params_encoder_layer_width_3","params_encoder_layer_width_4","params_gatv2_dropout","params_gatv2_heads","params_lr","params_n_decoder_layers","params_n_encoder_layers","user_attrs_avg_mae","user_attrs_avg_mape","user_attrs_avg_ndcg10","user_attrs_avg_ndcg20","user_attrs_avg_ndcg50","user_attrs_avg_r2","user_attrs_fold10_mae","user_attrs_fold10_mape","user_attrs_fold10_ndcg10","user_attrs_fold10_ndcg20","user_attrs_fold10_ndcg50","user_attrs_fold10_r2","user_attrs_fold11_mae","user_attrs_fold11_mape","user_attrs_fold11_ndcg10","user_attrs_fold11_ndcg20","user_attrs_fold11_ndcg50","user_attrs_fold11_r2","user_attrs_fold12_mae","user_attrs_fold12_mape","user_attrs_fold12_ndcg10","user_attrs_fold12_ndcg20","user_attrs_fold12_ndcg50","user_attrs_fold12_r2","user_attrs_fold13_mae","user_attrs_fold13_mape","user_attrs_fold13_ndcg10","user_attrs_fold13_ndcg20","user_attrs_fold13_ndcg50","user_attrs_fold13_r2","user_attrs_fold14_mae","user_attrs_fold14_mape","user_attrs_fold14_ndcg10","user_attrs_fold14_ndcg20","user_attrs_fold14_ndcg50","user_attrs_fold14_r2","user_attrs_fold15_mae","user_attrs_fold15_mape","user_attrs_fold15_ndcg10","user_attrs_fold15_ndcg20","user_attrs_fold15_ndcg50","user_attrs_fold15_r2","user_attrs_fold1_mae","user_attrs_fold1_mape","user_attrs_fold1_ndcg10","user_attrs_fold1_ndcg20","user_attrs_fold1_ndcg50","user_attrs_fold1_r2","user_attrs_fold2_mae","user_attrs_fold2_mape","user_attrs_fold2_ndcg10","user_attrs_fold2_ndcg20","user_attrs_fold2_ndcg50","user_attrs_fold2_r2","user_attrs_fold3_mae","user_attrs_fold3_mape","user_attrs_fold3_ndcg10","user_attrs_fold3_ndcg20","user_attrs_fold3_ndcg50","user_attrs_fold3_r2","user_attrs_fold4_mae","user_attrs_fold4_mape","user_attrs_fold4_ndcg10","user_attrs_fold4_ndcg20","user_attrs_fold4_ndcg50","user_attrs_fold4_r2","user_attrs_fold5_mae","user_attrs_fold5_mape","user_attrs_fold5_ndcg10","user_attrs_fold5_ndcg20","user_attrs_fold5_ndcg50","user_attrs_fold5_r2","user_attrs_fold6_mae","user_attrs_fold6_mape","user_attrs_fold6_ndcg10","user_attrs_fold6_ndcg20","user_attrs_fold6_ndcg50","user_attrs_fold6_r2","user_attrs_fold7_mae","user_attrs_fold7_mape","user_attrs_fold7_ndcg10","user_attrs_fold7_ndcg20","user_attrs_fold7_ndcg50","user_attrs_fold7_r2","user_attrs_fold8_mae","user_attrs_fold8_mape","user_attrs_fold8_ndcg10","user_attrs_fold8_ndcg20","user_attrs_fold8_ndcg50","user_attrs_fold8_r2","user_attrs_fold9_mae","user_attrs_fold9_mape","user_attrs_fold9_ndcg10","user_attrs_fold9_ndcg20","user_attrs_fold9_ndcg50","user_attrs_fold9_r2","user_attrs_pca_components","system_attrs_completed_rung_0","system_attrs_completed_rung_1","state"
21,0.0972830057144165,"2025-05-16 15:13:00.738662","2025-05-16 15:13:06.401678","0 days 00:00:05.663016",160,80.0,96.0,"","",240,160.0,"","","",0.2,14,0.0011533181527903227,3,2,"","","","","","","","","","","","","","","","","","","","","","","","","","","","","","","","","","","","","","","","","","",0.13269032537937164,50.103546142578125,0.7405455112457275,0.7681167125701904,0.7898715734481812,0.06986314058303833,"","","","","","","","","","","","","","","","","","","","","","","","","","","","","","","","","","","","","","","","","","","","","","","","","",0.0972830057144165,"","PRUNED"
22,0.08921706676483154,"2025-05-16 15:13:06.401960","2025-05-16 15:13:20.398936","0 days 00:00:13.996976",192,80.0,144.0,256.0,"",224,144.0,"","","",0.1,15,0.0026670634525044197,4,2,"","","","","","","","","","","","","","","","","","","","","","","","","","","","","","","","","","","","","","","","","","",0.12018458545207977,44.10557174682617,0.7320254445075989,0.7636880278587341,0.7705410122871399,0.1425999402999878,0.19123943150043488,2613.470947265625,0.5912607312202454,0.5865159630775452,0.8199751973152161,0.04391205310821533,0.1596609503030777,81.0501480102539,0.8763474822044373,0.8231325745582581,0.8446460366249084,-0.24343693256378174,0.1311652511358261,56.88227844238281,0.7214003205299377,0.7177459597587585,0.7078274488449097,0.02945023775100708,"","","","","","","","","","","","","","","","","","","","","","","","","","","","","","","",0.08745939284563065,0.08921706676483154,"PRUNED"
23,0.16269465188185375,"2025-05-16 15:13:20.399336","2025-05-16 15:13:43.344255","0 days 00:00:22.944919",192,144.0,176.0,256.0,"",208,"","","","",0.1,15,0.003252476507410434,4,1,0.16269465188185375,1582.881342569987,0.7449521362781525,0.7075452906390031,0.7201451234519481,-2.147314500808716,0.1296730488538742,219.0876007080078,0.9771377444267273,0.9429279565811157,0.8680245876312256,0.5349684059619904,0.12154635041952133,66.12568664550781,1.0,0.9295176267623901,0.8622133731842041,0.44752514362335205,0.08849575370550156,126.62521362304688,0.9645912051200867,0.8974376916885376,0.809992253780365,0.4459006190299988,0.09151361882686615,68.71009063720703,0.8633432984352112,0.8093445301055908,0.8146992921829224,0.4252181053161621,0.16350017488002777,122.3306884765625,1.0,0.9985796213150024,0.9216708540916443,0.36993396282196045,0.08574268221855164,114.40583801269531,0.8159030675888062,0.7496049404144287,0.7150272130966187,0.3433765172958374,0.10795547068119049,41.21675109863281,0.8954837322235107,0.8514858484268188,0.8343763947486877,0.30226463079452515,0.20652654767036438,3320.746337890625,0.5226758718490601,0.5639069080352783,0.7902464270591736,0.018759846687316895,0.12018138915300369,77.53226470947266,0.8251087069511414,0.8105459809303284,0.826343834400177,0.2512563467025757,0.10510234534740448,68.59649658203125,0.936011791229248,0.7955187559127808,0.8179976940155029,0.4350850582122803,0.09934746474027634,700.0016479492188,0.36731472611427307,0.4240829646587372,0.4954620599746704,0.06050020456314087,0.7805183529853821,16437.044921875,0.05740678310394287,0.04106206074357033,0.03639333322644234,-36.84054183959961,0.11323557794094086,293.89715576171875,0.9490430355072021,0.7782239317893982,0.6948596239089966,0.3384190797805786,0.1277976632118225,487.7220764160156,0.09860360622406006,0.22101753950119019,0.40799829363822937,0.029286682605743408,0.09928333759307861,1599.1773681640625,0.9016584753990173,0.7999230027198792,0.9068716168403625,0.62832972407341,0.0,0.07808229327201843,0.07746532559394836,"COMPLETE"
24,0.08834590762853622,"2025-05-16 15:13:43.344718","2025-05-16 15:13:50.739131","0 days 00:00:07.394413",128,144.0,208.0,192.0,"",192,"","","","",0.0,16,0.005409810668117061,4,1,"","","","","","","","","","","","","","","","","","","","","","","","","","","","","","","","","","","","","","","","","","",0.1110682561993599,43.03251266479492,0.8959593772888184,0.8673637509346008,0.8498486876487732,0.2759177088737488,0.21814493834972382,5090.41796875,0.5639610886573792,0.6059994697570801,0.8001862168312073,-0.09350025653839111,0.11841674149036407,67.54972076416016,0.833080530166626,0.8137193918228149,0.7986383438110352,0.27720963954925537,0.11783578246831894,72.23926544189453,0.8370364904403687,0.8117377758026123,0.7691681981086731,0.3218676447868347,"","","","","","","","","","","","","","","","","","","","","","","","","","","","","","","",0.08160048723220825,0.08834590762853622,"PRUNED"
25,0.08951597660779953,"2025-05-16 15:13:50.739434","2025-05-16 15:13:56.200107","0 days 00:00:05.460673",112,208.0,"","","",160,"","","","",0.1,14,0.003074649905242604,2,1,"","","","","","","","","","","","","","","","","","","","","","","","","","","","","","","","","","","","","","","","","","",0.1425533890724182,54.614776611328125,0.9007973074913025,0.8233080506324768,0.8357259631156921,-0.0006102323532104492,0.20781171321868896,3574.78564453125,0.5362891554832458,0.5250887274742126,0.7949766516685486,-0.01582646369934082,0.10697724670171738,62.335514068603516,0.840106725692749,0.8322513103485107,0.8416165709495544,0.41473090648651123,0.09740903973579407,65.17236328125,0.9379462599754333,0.8161797523498535,0.7996965646743774,0.4689329266548157,"","","","","","","","","","","","","","","","","","","","","","","","","","","","","","","",0.07869195938110352,0.08951597660779953,"PRUNED"
26,0.09743554890155792,"2025-05-16 15:13:56.200416","2025-05-16 15:14:02.528244","0 days 00:00:06.327828",256,"","","","",208,48.0,64.0,"","",0.0,9,0.004929547497561954,1,3,"","","","","","","","","","","","","","","","","","","","","","","","","","","","","","","","","","","","","","","","","","",0.12362732738256454,50.3730354309082,0.8239936232566833,0.7568337917327881,0.7503386735916138,0.10940760374069214,0.20300263166427612,2956.4306640625,0.5897168517112732,0.541904628276825,0.8141350746154785,-0.02951836585998535,0.13031406700611115,66.31895446777344,0.8397037386894226,0.8263908624649048,0.8397538661956787,0.17441308498382568,0.13202673196792603,59.933834075927734,0.8488858938217163,0.7355697154998779,0.740166425704956,0.09664332866668701,"","","","","","","","","","","","","","","","","","","","","","","","","","","","","","","",0.09166882932186127,0.09743554890155792,"PRUNED"
27,0.14878570238749186,"2025-05-16 15:14:02.528526","2025-05-16 15:14:19.200631","0 days 00:00:16.672105",208,144.0,176.0,"","",176,"","","","",0.1,12,0.0017443015996306233,3,1,0.14878570238749186,1148.336631011963,0.7420161440968513,0.7010258677105109,0.7078153796494007,-0.6533986767133076,0.16013534367084503,205.56704711914062,0.7881856560707092,0.749112069606781,0.7022696137428284,0.24232149124145508,0.1253361999988556,61.335426330566406,1.0,0.9472832083702087,0.8681507110595703,0.41294336318969727,0.0991441011428833,151.75271606445312,0.8377372622489929,0.8121524453163147,0.7396656274795532,0.3251414895057678,0.09123415499925613,71.70616149902344,0.8498238325119019,0.8000807166099548,0.7982310652732849,0.420492947101593,0.15969344973564148,155.80860900878906,1.0,0.9671561121940613,0.8520553112030029,0.41610467433929443,0.0830431580543518,85.40218353271484,0.8333175182342529,0.7555835247039795,0.7620119452476501,0.3281175494194031,0.13184556365013123,51.90508270263672,0.8093783855438232,0.7853545546531677,0.824546217918396,0.11255502700805664,0.20558978617191315,3309.567626953125,0.5417997241020203,0.551871657371521,0.8028119206428528,0.002240896224975586,0.1117752343416214,70.33063507080078,0.8488669395446777,0.8321058750152588,0.8549113869667053,0.41698145866394043,0.1114049032330513,59.245235443115234,0.865336000919342,0.7593786716461182,0.8041821122169495,0.3419067859649658,0.09579377621412277,720.78662109375,0.6278893947601318,0.5946640968322754,0.6443818211555481,0.21169978380203247,0.5094811320304871,10650.21484375,0.07899483293294907,0.057035062462091446,0.05949489399790764,-13.753853797912598,0.12562285363674164,459.5721740722656,0.8970980644226074,0.779369056224823,0.7166441082954407,0.2549523115158081,0.13230130076408386,491.6346435546875,0.27973559498786926,0.28979846835136414,0.33096766471862793,0.019115924835205078,0.08938457816839218,680.220458984375,0.8720789551734924,0.8344424962997437,0.8569062948226929,0.44829994440078735,0.0,0.07281725108623505,0.07619022578001022,"COMPLETE"
28,0.09564430266618729,"2025-05-16 15:14:19.201087","2025-05-16 15:14:24.552902","0 days 00:00:05.351815",48,208.0,224.0,"","",128,224.0,128.0,"","",0.0,12,0.0005911291543277573,3,3,"","","","","","","","","","","","","","","","","","","","","","","","","","","","","","","","","","","","","","","","","","",0.12093574553728104,45.091041564941406,0.8269534111022949,0.736754834651947,0.7800183892250061,0.09373092651367188,"","","","","","","","","","","","","","","","","","","","","","","","","","","","","","","","","","","","","","","","","","","","","","","","","",0.09564430266618729,"","PRUNED"
29,0.16386830806732178,"2025-05-16 15:14:24.553200","2025-05-16 15:14:28.762056","0 days 00:00:04.208856",96,112.0,"","","",160,112.0,32.0,96.0,224.0,0.2,8,0.015569641340323891,2,5,"","","","","","","","","","","","","","","","","","","","","","","","","","","","","","","","","","","","","","","","","","",0.1326390504837036,45.674835205078125,0.36787670850753784,0.34752941131591797,0.4189307689666748,-0.22016632556915283,"","","","","","","","","","","","","","","","","","","","","","","","","","","","","","","","","","","","","","","","","","","","","","","","","",0.16386830806732178,"","PRUNED"
30,0.09452085196971893,"2025-05-16 15:14:28.762351","2025-05-16 15:14:31.239210","0 days 00:00:02.476859",144,176.0,"","","",176,176.0,"","","",0.2,7,0.001799038413217603,2,2,"","","","","","","","","","","","","","","","","","","","","","","","","","","","","","","","","","","","","","","","","","",0.13701465725898743,49.982582092285156,0.7532287836074829,0.7934702634811401,0.7838091850280762,-0.023080110549926758,"","","","","","","","","","","","","","","","","","","","","","","","","","","","","","","","","","","","","","","","","","","","","","","","","",0.09452085196971893,"","PRUNED"
31,0.1486547326048215,"2025-05-16 15:14:31.239518","2025-05-16 15:14:54.310802","0 days 00:00:23.071284",192,144.0,176.0,192.0,"",208,"","","","",0.1,15,0.0017912269362785702,4,1,0.1486547326048215,1270.7677459716797,0.7465963112811248,0.7152129746973515,0.7294483721256256,-0.6794851541519165,0.14483289420604706,248.63534545898438,0.9405752420425415,0.8662633299827576,0.8600653409957886,0.43242520093917847,0.11927805840969086,62.36083984375,1.0,1.0,0.8833250403404236,0.5095409154891968,0.09396687150001526,129.02037048339844,0.8792496919631958,0.8160977363586426,0.7521757483482361,0.3707171082496643,0.09186136722564697,66.66338348388672,0.8101831078529358,0.7754047513008118,0.8003448843955994,0.38606005907058716,0.15000495314598083,145.94979858398438,1.0,1.0,0.9285969734191895,0.4797152280807495,0.07816681265830994,102.2952880859375,0.9264521598815918,0.9007746577262878,0.8547273278236389,0.5221197009086609,0.10869006812572479,38.14131546020508,0.9144129157066345,0.8601272106170654,0.8335825800895691,0.2520480155944824,0.24308861792087555,4977.189453125,0.5466166734695435,0.5058549046516418,0.7594515681266785,-0.1965879201889038,0.1352107971906662,72.0792465209961,0.8231425881385803,0.8198139667510986,0.8478405475616455,0.09489023685455322,0.10492397099733353,62.38827133178711,0.8044068813323975,0.7508911490440369,0.8234140276908875,0.4170033931732178,0.09812815487384796,442.05950927734375,0.5479450225830078,0.5758664608001709,0.6315692663192749,0.06529104709625244,0.5101585388183594,10728.40625,0.032286833971738815,0.044380899518728256,0.035912781953811646,-14.297148704528809,0.1290539801120758,431.7340393066406,0.9153746962547302,0.776634156703949,0.6889395117759705,0.18011122941970825,0.12964627146720886,485.15948486328125,0.33885714411735535,0.29465463757514954,0.4172782897949219,0.0329892635345459,0.09280963242053986,1069.43359375,0.7194417119026184,0.7414307594299316,0.8245016932487488,0.5585479140281677,0.0,0.08334914594888687,0.07423201948404312,"COMPLETE"
32,0.14730169028043746,"2025-05-16 15:14:54.311255","2025-05-16 15:15:13.781784","0 days 00:00:19.470529",208,128.0,160.0,"","",208,"","","","",0.1,12,0.0015358525419245453,3,1,0.14730169028043746,1192.1481778462728,0.738656509667635,0.7026489742100239,0.6940252852936586,-0.4538741111755371,0.16338646411895752,201.5897216796875,0.834861695766449,0.725465714931488,0.670210063457489,0.1997915506362915,0.12145306915044785,68.18616485595703,1.0,0.9908030033111572,0.881310760974884,0.5155075192451477,0.09512538462877274,140.79849243164062,0.8491615056991577,0.7897651195526123,0.7404804825782776,0.36070990562438965,0.09335953742265701,67.39754486083984,0.8501331210136414,0.7805923819541931,0.7943785786628723,0.407253623008728,0.16276338696479797,151.05372619628906,1.0,0.9675651788711548,0.8767734169960022,0.4069725275039673,0.08443378657102585,99.27489471435547,0.8276808857917786,0.7724412083625793,0.7217642664909363,0.3160054087638855,0.11451280862092972,46.1191520690918,0.9159058928489685,0.8032103776931763,0.8179644346237183,0.24022293090820312,0.24761371314525604,5161.8876953125,0.5518536567687988,0.5561090707778931,0.766863226890564,-0.35986828804016113,0.12076795101165771,64.92361450195312,0.8512963056564331,0.8451006412506104,0.8226943612098694,0.2961277365684509,0.11176511645317078,71.65294647216797,0.8861679434776306,0.7912227511405945,0.8300735354423523,0.4043117165565491,0.09999224543571472,629.2445068359375,0.6217412352561951,0.5999845266342163,0.6422695517539978,0.13272863626480103,0.44236698746681213,9123.119140625,0.03155819699168205,0.05206440016627312,0.0437198169529438,-10.46554183959961,0.11757852882146835,359.5756530761719,0.8893048167228699,0.7642835974693298,0.6978751420974731,0.3318776488304138,0.1276506781578064,401.7279052734375,0.3499692976474762,0.3751918375492096,0.3594406843185425,-0.04975318908691406,0.10675569623708725,1295.6715087890625,0.6202130913734436,0.7259348034858704,0.744560956954956,0.4555424451828003,0.0,0.08299540728330612,0.07491826266050339,"COMPLETE"
33,0.07700391858816147,"2025-05-16 15:15:13.782221","2025-05-16 15:15:20.293377","0 days 00:00:06.511156",208,128.0,160.0,"","",192,"","","","",0.1,12,0.0017444487786077755,3,1,"","","","","","","","","","","","","","","","","","","","","","","","","","","","","","","","","","","","","","","","","","",0.13304223120212555,54.71929168701172,0.7622782588005066,0.7393583655357361,0.7873027920722961,0.09651380777359009,0.2511930465698242,5419.76123046875,0.4985968768596649,0.5192185640335083,0.7741132974624634,-0.29427921772003174,0.12273893505334854,72.91468811035156,0.8412813544273376,0.8397249579429626,0.8494086265563965,0.27391672134399414,0.10376839339733124,68.58123016357422,0.8273676633834839,0.8197202682495117,0.8575305938720703,0.4606172442436218,"","","","","","","","","","","","","","","","","","","","","","","","","","","","","","","",0.08201545476913452,0.07700391858816147,"PRUNED"
34,0.08281534165143967,"2025-05-16 15:15:20.293690","2025-05-16 15:15:28.661263","0 days 00:00:08.367573",208,160.0,192.0,192.0,"",208,"","","","",0.1,15,0.0012620936144613014,4,1,"","","","","","","","","","","","","","","","","","","","","","","","","","","","","","","","","","","","","","","","","","",0.13078978657722473,51.28582000732422,0.7660642862319946,0.7749789953231812,0.7986189126968384,0.07649832963943481,0.22781407833099365,4241.10302734375,0.5251915454864502,0.5780656933784485,0.7912970781326294,-0.09774112701416016,0.12748993933200836,67.14582824707031,0.8752249479293823,0.841437816619873,0.8256171941757202,0.21677643060684204,0.11162862926721573,58.295448303222656,0.8594101071357727,0.7757648825645447,0.7960668206214905,0.3271631598472595,"","","","","","","","","","","","","","","","","","","","","","","","","","","","","","","",0.07850091904401779,0.08281534165143967,"PRUNED"
35,0.08433407545089722,"2025-05-16 15:15:28.661554","2025-05-16 15:15:36.566185","0 days 00:00:07.904631",176,160.0,128.0,"","",240,"","","","",0.0,13,0.0006841673971543401,3,1,"","","","","","","","","","","","","","","","","","","","","","","","","","","","","","","","","","","","","","","","","","",0.13697966933250427,56.100730895996094,0.7443963289260864,0.7116454243659973,0.7380872964859009,0.010793864727020264,0.25049442052841187,4777.890625,0.507756233215332,0.568152666091919,0.7825016975402832,-0.3360767364501953,0.11832300573587418,63.16218566894531,0.862982988357544,0.8350276947021484,0.8287025094032288,0.27182406187057495,0.131996750831604,70.13631439208984,0.745317816734314,0.7032876014709473,0.692949116230011,0.13927769660949707,"","","","","","","","","","","","","","","","","","","","","","","","","","","","","","","",0.08052968233823776,0.08433407545089722,"PRUNED"
36,0.08887407183647156,"2025-05-16 15:15:36.566513","2025-05-16 15:15:38.798452","0 days 00:00:02.231939",224,128.0,160.0,192.0,"",176,16.0,"","","",0.0,12,0.0021205989750720205,4,2,"","","","","","","","","","","","","","","","","","","","","","","","","","","","","","","","","","","","","","","","","","",0.11623026430606842,49.00975799560547,0.6655334830284119,0.7292414307594299,0.7518282532691956,0.26070117950439453,"","","","","","","","","","","","","","","","","","","","","","","","","","","","","","","","","","","","","","","","","","","","","","","","","",0.08887407183647156,"","PRUNED"
37,0.09404711425304413,"2025-05-16 15:15:38.798740","2025-05-16 15:15:40.886147","0 days 00:00:02.087407",256,96.0,208.0,"","",160,"","","","",0.1,11,0.00021236132210119762,3,1,"","","","","","","","","","","","","","","","","","","","","","","","","","","","","","","","","","","","","","","","","","",0.14418086409568787,60.1054801940918,0.6909739971160889,0.7046531438827515,0.7306472659111023,-0.056449174880981445,"","","","","","","","","","","","","","","","","","","","","","","","","","","","","","","","","","","","","","","","","","","","","","","","","",0.09404711425304413,"","PRUNED"
38,0.09187059849500656,"2025-05-16 15:15:40.886416","2025-05-16 15:15:42.703186","0 days 00:00:01.816770",192,192.0,192.0,112.0,256.0,96,"","","","",0.1,15,0.007850927814158637,5,1,"","","","","","","","","","","","","","","","","","","","","","","","","","","","","","","","","","","","","","","","","","",0.14318616688251495,53.48080825805664,0.7202461957931519,0.7569797039031982,0.7666730880737305,-0.08001828193664551,"","","","","","","","","","","","","","","","","","","","","","","","","","","","","","","","","","","","","","","","","","","","","","","","","",0.09187059849500656,"","PRUNED"
