"number","value","datetime_start","datetime_complete","duration","params_decoder_layer_width_0","params_decoder_layer_width_1","params_decoder_layer_width_2","params_decoder_layer_width_3","params_decoder_layer_width_4","params_encoder_layer_width_0","params_encoder_layer_width_1","params_encoder_layer_width_2","params_encoder_layer_width_3","params_lr","params_n_decoder_layers","params_n_encoder_layers","params_transformer_dropout","params_transformer_heads","user_attrs_avg_mae","user_attrs_avg_mape","user_attrs_avg_ndcg10","user_attrs_avg_ndcg20","user_attrs_avg_ndcg50","user_attrs_avg_r2","user_attrs_fold10_mae","user_attrs_fold10_mape","user_attrs_fold10_ndcg10","user_attrs_fold10_ndcg20","user_attrs_fold10_ndcg50","user_attrs_fold10_r2","user_attrs_fold11_mae","user_attrs_fold11_mape","user_attrs_fold11_ndcg10","user_attrs_fold11_ndcg20","user_attrs_fold11_ndcg50","user_attrs_fold11_r2","user_attrs_fold12_mae","user_attrs_fold12_mape","user_attrs_fold12_ndcg10","user_attrs_fold12_ndcg20","user_attrs_fold12_ndcg50","user_attrs_fold12_r2","user_attrs_fold13_mae","user_attrs_fold13_mape","user_attrs_fold13_ndcg10","user_attrs_fold13_ndcg20","user_attrs_fold13_ndcg50","user_attrs_fold13_r2","user_attrs_fold14_mae","user_attrs_fold14_mape","user_attrs_fold14_ndcg10","user_attrs_fold14_ndcg20","user_attrs_fold14_ndcg50","user_attrs_fold14_r2","user_attrs_fold15_mae","user_attrs_fold15_mape","user_attrs_fold15_ndcg10","user_attrs_fold15_ndcg20","user_attrs_fold15_ndcg50","user_attrs_fold15_r2","user_attrs_fold1_mae","user_attrs_fold1_mape","user_attrs_fold1_ndcg10","user_attrs_fold1_ndcg20","user_attrs_fold1_ndcg50","user_attrs_fold1_r2","user_attrs_fold2_mae","user_attrs_fold2_mape","user_attrs_fold2_ndcg10","user_attrs_fold2_ndcg20","user_attrs_fold2_ndcg50","user_attrs_fold2_r2","user_attrs_fold3_mae","user_attrs_fold3_mape","user_attrs_fold3_ndcg10","user_attrs_fold3_ndcg20","user_attrs_fold3_ndcg50","user_attrs_fold3_r2","user_attrs_fold4_mae","user_attrs_fold4_mape","user_attrs_fold4_ndcg10","user_attrs_fold4_ndcg20","user_attrs_fold4_ndcg50","user_attrs_fold4_r2","user_attrs_fold5_mae","user_attrs_fold5_mape","user_attrs_fold5_ndcg10","user_attrs_fold5_ndcg20","user_attrs_fold5_ndcg50","user_attrs_fold5_r2","user_attrs_fold6_mae","user_attrs_fold6_mape","user_attrs_fold6_ndcg10","user_attrs_fold6_ndcg20","user_attrs_fold6_ndcg50","user_attrs_fold6_r2","user_attrs_fold7_mae","user_attrs_fold7_mape","user_attrs_fold7_ndcg10","user_attrs_fold7_ndcg20","user_attrs_fold7_ndcg50","user_attrs_fold7_r2","user_attrs_fold8_mae","user_attrs_fold8_mape","user_attrs_fold8_ndcg10","user_attrs_fold8_ndcg20","user_attrs_fold8_ndcg50","user_attrs_fold8_r2","user_attrs_fold9_mae","user_attrs_fold9_mape","user_attrs_fold9_ndcg10","user_attrs_fold9_ndcg20","user_attrs_fold9_ndcg50","user_attrs_fold9_r2","user_attrs_pca_components","system_attrs_completed_rung_0","system_attrs_completed_rung_1","state"
40,0.08309980481863022,"2025-05-16 15:26:24.049201","2025-05-16 15:26:26.760838","0 days 00:00:02.711637",48,32.0,144.0,"","",144,176.0,80.0,"",0.013448416952379864,3,3,0.4,7,"","","","","","","","","","","","","","","","","","","","","","","","","","","","","","","","","","","","","","","","","","",0.10733874142169952,44.65058898925781,0.706373929977417,0.7041873931884766,0.7942711114883423,0.3684566617012024,"","","","","","","","","","","","","","","","","","","","","","","","","","","","","","","","","","","","","","","","","","","","","","","","","",0.08309980481863022,"","PRUNED"
41,0.13000667095184326,"2025-05-16 15:26:26.761144","2025-05-16 15:26:28.125658","0 days 00:00:01.364514",64,80.0,192.0,256.0,240.0,128,80.0,144.0,176.0,0.04544264678656847,5,4,0.1,2,"","","","","","","","","","","","","","","","","","","","","","","","","","","","","","","","","","","","","","","","","","",0.17961086332798004,58.85655975341797,0.3079359233379364,0.3392367362976074,0.38500848412513733,-0.7553180456161499,"","","","","","","","","","","","","","","","","","","","","","","","","","","","","","","","","","","","","","","","","","","","","","","","","",0.13000667095184326,"","PRUNED"
42,0.13011150062084198,"2025-05-16 15:26:28.125963","2025-05-16 15:26:29.291235","0 days 00:00:01.165272",112,128.0,176.0,224.0,208.0,128,80.0,176.0,144.0,0.0421892015252626,5,4,0.2,1,"","","","","","","","","","","","","","","","","","","","","","","","","","","","","","","","","","","","","","","","","","",0.1655931919813156,57.69257354736328,0.7469294667243958,0.7121159434318542,0.7838025093078613,-0.47184836864471436,"","","","","","","","","","","","","","","","","","","","","","","","","","","","","","","","","","","","","","","","","","","","","","","","","",0.13011150062084198,"","PRUNED"
43,0.08491048961877823,"2025-05-16 15:26:29.291607","2025-05-16 15:26:30.645748","0 days 00:00:01.354141",224,160.0,208.0,144.0,128.0,160,64.0,128.0,96.0,0.02688212021462062,5,4,0.0,2,"","","","","","","","","","","","","","","","","","","","","","","","","","","","","","","","","","","","","","","","","","",0.16425219178199768,54.556541442871094,0.6118302941322327,0.6421982645988464,0.7005660533905029,-0.5288143157958984,"","","","","","","","","","","","","","","","","","","","","","","","","","","","","","","","","","","","","","","","","","","","","","","","","",0.08491048961877823,"","PRUNED"
44,0.09395934641361237,"2025-05-16 15:26:30.646117","2025-05-16 15:26:32.317491","0 days 00:00:01.671374",144,240.0,240.0,208.0,"",48,96.0,192.0,144.0,0.02008465550477375,4,4,0.1,3,"","","","","","","","","","","","","","","","","","","","","","","","","","","","","","","","","","","","","","","","","","",0.15055257081985474,66.11318969726562,0.7116585373878479,0.7563865184783936,0.7808618545532227,0.008836030960083008,"","","","","","","","","","","","","","","","","","","","","","","","","","","","","","","","","","","","","","","","","","","","","","","","","",0.09395934641361237,"","PRUNED"
45,0.07971393316984177,"2025-05-16 15:26:32.317808","2025-05-16 15:26:33.910665","0 days 00:00:01.592857",16,192.0,160.0,32.0,80.0,176,48.0,144.0,"",0.00077814190893792,5,3,0.1,4,"","","","","","","","","","","","","","","","","","","","","","","","","","","","","","","","","","","","","","","","","","",0.09847060590982437,38.916160583496094,0.6775586605072021,0.7777324914932251,0.7899901270866394,0.36431455612182617,"","","","","","","","","","","","","","","","","","","","","","","","","","","","","","","","","","","","","","","","","","","","","","","","","",0.07971393316984177,"","PRUNED"
46,0.13040317595005035,"2025-05-16 15:26:33.910988","2025-05-16 15:26:36.594432","0 days 00:00:02.683444",64,256.0,96.0,"","",96,128.0,160.0,64.0,0.09240776503616549,3,4,0.2,6,"","","","","","","","","","","","","","","","","","","","","","","","","","","","","","","","","","","","","","","","","","",0.1543709933757782,47.0959587097168,0.3079359233379364,0.3392367362976074,0.38500848412513733,-0.5229389667510986,"","","","","","","","","","","","","","","","","","","","","","","","","","","","","","","","","","","","","","","","","","","","","","","","","",0.13040317595005035,"","PRUNED"
47,0.07750897854566574,"2025-05-16 15:26:36.594782","2025-05-16 15:26:37.493970","0 days 00:00:00.899188",112,208.0,176.0,192.0,"",208,32.0,112.0,"",0.008119018495119236,4,3,0.0,1,"","","","","","","","","","","","","","","","","","","","","","","","","","","","","","","","","","","","","","","","","","",0.09629815816879272,37.423831939697266,0.7620830535888672,0.8049961924552917,0.7973408102989197,0.39577436447143555,"","","","","","","","","","","","","","","","","","","","","","","","","","","","","","","","","","","","","","","","","","","","","","","","","",0.07750897854566574,"","PRUNED"
48,0.07982104271650314,"2025-05-16 15:26:37.494488","2025-05-16 15:26:39.056573","0 days 00:00:01.562085",80,224.0,256.0,64.0,208.0,64,96.0,"","",0.005363647363036714,5,2,0.1,7,"","","","","","","","","","","","","","","","","","","","","","","","","","","","","","","","","","","","","","","","","","",0.09979432076215744,40.291561126708984,0.6775586605072021,0.7591149210929871,0.7880418300628662,0.4034627676010132,"","","","","","","","","","","","","","","","","","","","","","","","","","","","","","","","","","","","","","","","","","","","","","","","","",0.07982104271650314,"","PRUNED"
49,0.0848982185125351,"2025-05-16 15:26:39.057103","2025-05-16 15:26:41.023579","0 days 00:00:01.966476",32,96.0,208.0,112.0,"",144,208.0,16.0,"",0.010464093927326227,4,3,0.30000000000000004,5,"","","","","","","","","","","","","","","","","","","","","","","","","","","","","","","","","","","","","","","","","","",0.1008182018995285,40.592994689941406,0.7168208956718445,0.7514320015907288,0.7933205366134644,0.39017003774642944,"","","","","","","","","","","","","","","","","","","","","","","","","","","","","","","","","","","","","","","","","","","","","","","","","",0.0848982185125351,"","PRUNED"
50,0.07818669080734253,"2025-05-16 15:26:41.023906","2025-05-16 15:26:49.965864","0 days 00:00:08.941958",48,48.0,16.0,"","",16,112.0,192.0,144.0,0.0013923004078603477,3,4,0.0,8,"","","","","","","","","","","","","","","","","","","","","","","","","","","","","","","","","","","","","","","","","","",0.10310706496238708,38.5052604675293,0.7001854777336121,0.7245014905929565,0.7945085763931274,0.26191937923431396,0.17152196168899536,1947.1502685546875,0.6813281178474426,0.6477177143096924,0.846517026424408,0.0662962794303894,0.0886257216334343,49.109153747558594,0.8668070435523987,0.8675046563148499,0.8641120791435242,0.4900835156440735,0.10337109863758087,44.548301696777344,0.6399555206298828,0.7415191531181335,0.7639540433883667,0.32207155227661133,"","","","","","","","","","","","","","","","","","","","","","","","","","","","","","","",0.07683787494897842,0.07818669080734253,"PRUNED"
51,0.08158576488494873,"2025-05-16 15:26:49.966230","2025-05-16 15:26:51.498846","0 days 00:00:01.532616",256,64.0,112.0,256.0,"",112,"","","",0.018823134691289677,4,1,0.5,9,"","","","","","","","","","","","","","","","","","","","","","","","","","","","","","","","","","","","","","","","","","",0.17323042452335358,57.197959899902344,0.490020215511322,0.47149038314819336,0.5983255505561829,-0.6515376567840576,"","","","","","","","","","","","","","","","","","","","","","","","","","","","","","","","","","","","","","","","","","","","","","","","","",0.08158576488494873,"","PRUNED"
52,0.11426020413637161,"2025-05-16 15:26:51.499132","2025-05-16 15:26:53.120781","0 days 00:00:01.621649",224,32.0,80.0,208.0,"",112,"","","",0.031730188818390924,4,1,0.5,10,"","","","","","","","","","","","","","","","","","","","","","","","","","","","","","","","","","","","","","","","","","",0.13111847639083862,54.181236267089844,0.7046352028846741,0.717947781085968,0.7777949571609497,0.11268264055252075,"","","","","","","","","","","","","","","","","","","","","","","","","","","","","","","","","","","","","","","","","","","","","","","","","",0.11426020413637161,"","PRUNED"
53,0.1302649974822998,"2025-05-16 15:26:53.121055","2025-05-16 15:26:55.211835","0 days 00:00:02.090780",208,32.0,64.0,176.0,144.0,176,"","","",0.06996007086156801,5,1,0.30000000000000004,9,"","","","","","","","","","","","","","","","","","","","","","","","","","","","","","","","","","","","","","","","","","",0.14527460932731628,42.85746765136719,0.3079359233379364,0.3392367362976074,0.38500848412513733,-0.4496331214904785,"","","","","","","","","","","","","","","","","","","","","","","","","","","","","","","","","","","","","","","","","","","","","","","","","",0.1302649974822998,"","PRUNED"
54,0.0846177339553833,"2025-05-16 15:26:55.212123","2025-05-16 15:26:56.512374","0 days 00:00:01.300251",240,48.0,"","","",128,128.0,"","",0.00015225906967485762,2,2,0.2,4,"","","","","","","","","","","","","","","","","","","","","","","","","","","","","","","","","","","","","","","","","","",0.09635607898235321,38.31044006347656,0.7116585373878479,0.7711872458457947,0.7983150482177734,0.4193800687789917,"","","","","","","","","","","","","","","","","","","","","","","","","","","","","","","","","","","","","","","","","","","","","","","","","",0.0846177339553833,"","PRUNED"
55,0.1300605833530426,"2025-05-16 15:26:56.512664","2025-05-16 15:26:57.897403","0 days 00:00:01.384739",192,16.0,128.0,"","",96,"","","",0.029972015826819475,3,1,0.4,10,"","","","","","","","","","","","","","","","","","","","","","","","","","","","","","","","","","","","","","","","","","",0.1380419135093689,56.898773193359375,0.7111612558364868,0.75990229845047,0.7818893194198608,0.07834482192993164,"","","","","","","","","","","","","","","","","","","","","","","","","","","","","","","","","","","","","","","","","","","","","","","","","",0.1300605833530426,"","PRUNED"
56,0.08075737953186035,"2025-05-16 15:26:57.897703","2025-05-16 15:26:58.966216","0 days 00:00:01.068513",224,64.0,144.0,224.0,"",192,160.0,"","",0.0004631888464516676,4,2,0.1,2,"","","","","","","","","","","","","","","","","","","","","","","","","","","","","","","","","","","","","","","","","","",0.0966181829571724,38.27788543701172,0.7427001595497131,0.7821021676063538,0.7875537872314453,0.3949301242828369,"","","","","","","","","","","","","","","","","","","","","","","","","","","","","","","","","","","","","","","","","","","","","","","","","",0.08075737953186035,"","PRUNED"
57,0.10374926229317984,"2025-05-16 15:26:58.966652","2025-05-16 15:27:05.084767","0 days 00:00:06.118115",144,208.0,240.0,"","",80,"","","",0.002088557746631948,3,1,0.0,6,0.10374926229317984,358.3387265523275,0.8425506591796875,0.8184411784013113,0.799451990922292,0.41528828342755636,0.1380511224269867,199.32749938964844,1.0,1.0,0.8469482660293579,0.42005354166030884,0.1031624898314476,63.57319259643555,1.0,1.0,0.9283060431480408,0.6512699127197266,0.08556238561868668,101.97915649414062,1.0,0.8597204685211182,0.7977626919746399,0.46167320013046265,0.07590996474027634,60.700042724609375,0.9414366483688354,0.8856344223022461,0.8706924915313721,0.6330011188983917,0.12882710993289948,102.87519836425781,1.0,1.0,0.9782482385635376,0.5555933117866516,0.07488179951906204,90.85651397705078,0.9089158177375793,0.8674001693725586,0.8345988988876343,0.5082530379295349,0.1021270602941513,44.39117431640625,0.769688606262207,0.7819391489028931,0.7944669723510742,0.4180397391319275,0.17841464281082153,1850.4825439453125,0.6299804449081421,0.616097092628479,0.8323535323143005,0.06995153427124023,0.09356845915317535,52.40523910522461,0.9332849979400635,0.9028517603874207,0.8828487992286682,0.5495538711547852,0.10857149213552475,55.133480072021484,0.7123360633850098,0.7511904835700989,0.779105544090271,0.37802189588546753,0.09607472270727158,506.9410705566406,0.3600838780403137,0.36535707116127014,0.4235658049583435,-0.04776632785797119,0.06546132266521454,853.474609375,0.9920474886894226,0.9751992225646973,0.8070754408836365,0.3589465022087097,0.1059296727180481,222.6906280517578,0.7821041941642761,0.7341426610946655,0.7219211459159851,0.34563004970550537,0.12789508700370789,406.7047119140625,0.6894682049751282,0.6280683279037476,0.5999915599822998,0.24278688430786133,0.07180160284042358,763.5458374023438,0.9189135432243347,0.9090168476104736,0.8938944339752197,0.6843159794807434,0.0,0.07015037536621094,0.06845179200172424,"COMPLETE"
58,0.10357497930526734,"2025-05-16 15:27:05.085255","2025-05-16 15:27:10.331490","0 days 00:00:05.246235",128,208.0,240.0,"","",64,"","","",0.002333105054726732,3,1,0.0,6,0.10357497930526734,333.43548482259115,0.8477131764094035,0.823808608452479,0.8007035712401073,0.4064147134621938,0.1407058984041214,203.69398498535156,1.0,0.9996713995933533,0.8330726027488708,0.4044536352157593,0.10284797102212906,60.316551208496094,1.0,1.0,0.9281660914421082,0.6456125676631927,0.0868462324142456,101.6708984375,1.0,0.8519127368927002,0.7740718126296997,0.43808984756469727,0.0787045881152153,61.846946716308594,0.9181355237960815,0.8609043955802917,0.8609682321548462,0.6042183637619019,0.12901969254016876,111.90109252929688,1.0,1.0,0.9775779843330383,0.5629454255104065,0.07502023130655289,82.64401245117188,0.9306546449661255,0.8693122863769531,0.8550714254379272,0.5081450343132019,0.10133020579814911,44.12028884887695,0.7377265691757202,0.7904706001281738,0.8026401400566101,0.40429508686065674,0.18144254386425018,1673.3087158203125,0.6302456259727478,0.614727795124054,0.8290965557098389,-0.009571194648742676,0.09563735127449036,53.931732177734375,0.9251331090927124,0.8991856575012207,0.8697965741157532,0.5367678701877594,0.10040201246738434,49.666988372802734,0.714493453502655,0.8236043453216553,0.8147269487380981,0.43452268838882446,0.0953654870390892,435.85321044921875,0.3285374045372009,0.3770401179790497,0.43757352232933044,-0.06629025936126709,0.061686426401138306,702.2257080078125,0.9920474886894226,0.9912862181663513,0.814171552658081,0.3448828458786011,0.10764016211032867,256.0965270996094,0.8741375207901001,0.721092700958252,0.6853572130203247,0.3383837938308716,0.1263655573129654,404.30670166015625,0.7131885290145874,0.6593283414840698,0.6057347655296326,0.24244171380996704,0.07061032950878143,759.9489135742188,0.9513977766036987,0.8985925316810608,0.9225281476974487,0.707323282957077,0.0,0.06902321428060532,0.07031315565109253,"COMPLETE"
59,0.10232665638128917,"2025-05-16 15:27:10.331950","2025-05-16 15:27:15.715150","0 days 00:00:05.383200",160,208.0,240.0,"","",64,"","","",0.002979085554498659,3,1,0.0,6,0.10232665638128917,325.12745666503906,0.8662492255369822,0.8319136659304301,0.8104085743427276,0.42577887972195944,0.13199245929718018,195.0651397705078,1.0,1.0,0.8711403012275696,0.45518606901168823,0.10717670619487762,65.03108978271484,1.0,1.0,0.9228230714797974,0.636581689119339,0.08625977486371994,103.91487121582031,0.9885482788085938,0.8759410381317139,0.8000763654708862,0.456598699092865,0.07975789159536362,61.63570785522461,0.9148881435394287,0.8620237708091736,0.8699143528938293,0.5950435400009155,0.12989474833011627,127.66712951660156,1.0,1.0,0.9730368256568909,0.5750965178012848,0.07822076231241226,100.25514221191406,0.9376556873321533,0.8865306377410889,0.8370333313941956,0.5163473188877106,0.0973869115114212,43.04938507080078,0.8062347173690796,0.8199751973152161,0.8253024816513062,0.4246407747268677,0.17959488928318024,1610.7763671875,0.6524782180786133,0.634323239326477,0.8348091244697571,0.055807530879974365,0.09385660290718079,54.548431396484375,0.9532376527786255,0.884609043598175,0.8846548795700073,0.5740924179553986,0.09984982013702393,53.03104019165039,0.7360125780105591,0.762546181678772,0.7998054623603821,0.4431472420692444,0.09752808511257172,472.6871032714844,0.35216274857521057,0.3605682849884033,0.3950619399547577,-0.08166015148162842,0.06290082633495331,859.4767456054688,0.9920474886894226,0.9916576147079468,0.8185819983482361,0.3524126410484314,0.10370373725891113,210.75120544433594,0.8996489644050598,0.7444846630096436,0.7357569336891174,0.36265820264816284,0.11560212075710297,352.5769348144531,0.8419103622436523,0.7719553709030151,0.7021775841712952,0.34534209966659546,0.0711745098233223,566.445556640625,0.9189135432243347,0.8840899467468262,0.885953962802887,0.6753886044025421,0.0,0.06807994097471237,0.06857898831367493,"COMPLETE"
60,0.10286564926306406,"2025-05-16 15:27:15.715834","2025-05-16 15:27:21.127755","0 days 00:00:05.411921",160,208.0,240.0,"","",64,"","","",0.002172581649123337,3,1,0.0,6,0.10286564926306406,336.30188852945963,0.8224517484505971,0.8146066824595134,0.7944214264551799,0.4090071936448415,0.13734287023544312,177.7951202392578,1.0,1.0,0.8341622352600098,0.3870983123779297,0.10198104381561279,59.47390365600586,1.0,1.0,0.9291846752166748,0.6379751265048981,0.08709975332021713,109.6298599243164,1.0,0.837771475315094,0.7901092171669006,0.45381104946136475,0.07784490287303925,64.0760726928711,0.9161512851715088,0.8623717427253723,0.8549562692642212,0.6220668256282806,0.12633579969406128,113.80352020263672,1.0,1.0,0.9729893803596497,0.5842970907688141,0.07382374256849289,88.3947982788086,0.9296918511390686,0.8680476546287537,0.8335081338882446,0.5178337097167969,0.09846702963113785,41.90980911254883,0.7931665182113647,0.8399710655212402,0.827846348285675,0.4289824366569519,0.17180302739143372,1697.050048828125,0.6431297659873962,0.6680816411972046,0.8391492962837219,0.0917212963104248,0.09654290229082108,55.126136779785156,0.9294915795326233,0.9031761288642883,0.8760088682174683,0.529722273349762,0.10082196444272995,50.66510009765625,0.6341749429702759,0.720271646976471,0.7445718050003052,0.4083634614944458,0.09816089272499084,491.9227600097656,0.2578659951686859,0.3239971995353699,0.42590099573135376,-0.08362758159637451,0.06099960207939148,675.9338989257812,1.0,0.995047390460968,0.8181570768356323,0.3798844814300537,0.10944677144289017,236.0097198486328,0.7753991484642029,0.6989640593528748,0.7037043571472168,0.2977791428565979,0.1249450221657753,345.2069396972656,0.5387915968894958,0.5926135778427124,0.5803936123847961,0.2019529938697815,0.07736941426992416,837.5306396484375,0.9189135432243347,0.9087866544723511,0.8856791257858276,0.6772472858428955,0.0,0.06856585294008255,0.06646368652582169,"COMPLETE"
