"number","value","datetime_start","datetime_complete","duration","params_decoder_layer_width_0","params_decoder_layer_width_1","params_decoder_layer_width_2","params_decoder_layer_width_3","params_decoder_layer_width_4","params_lr","params_n_decoder_layers","user_attrs_avg_mae","user_attrs_avg_mape","user_attrs_avg_ndcg10","user_attrs_avg_ndcg20","user_attrs_avg_ndcg50","user_attrs_avg_r2","user_attrs_fold10_mae","user_attrs_fold10_mape","user_attrs_fold10_ndcg10","user_attrs_fold10_ndcg20","user_attrs_fold10_ndcg50","user_attrs_fold10_r2","user_attrs_fold11_mae","user_attrs_fold11_mape","user_attrs_fold11_ndcg10","user_attrs_fold11_ndcg20","user_attrs_fold11_ndcg50","user_attrs_fold11_r2","user_attrs_fold12_mae","user_attrs_fold12_mape","user_attrs_fold12_ndcg10","user_attrs_fold12_ndcg20","user_attrs_fold12_ndcg50","user_attrs_fold12_r2","user_attrs_fold13_mae","user_attrs_fold13_mape","user_attrs_fold13_ndcg10","user_attrs_fold13_ndcg20","user_attrs_fold13_ndcg50","user_attrs_fold13_r2","user_attrs_fold14_mae","user_attrs_fold14_mape","user_attrs_fold14_ndcg10","user_attrs_fold14_ndcg20","user_attrs_fold14_ndcg50","user_attrs_fold14_r2","user_attrs_fold15_mae","user_attrs_fold15_mape","user_attrs_fold15_ndcg10","user_attrs_fold15_ndcg20","user_attrs_fold15_ndcg50","user_attrs_fold15_r2","user_attrs_fold1_mae","user_attrs_fold1_mape","user_attrs_fold1_ndcg10","user_attrs_fold1_ndcg20","user_attrs_fold1_ndcg50","user_attrs_fold1_r2","user_attrs_fold2_mae","user_attrs_fold2_mape","user_attrs_fold2_ndcg10","user_attrs_fold2_ndcg20","user_attrs_fold2_ndcg50","user_attrs_fold2_r2","user_attrs_fold3_mae","user_attrs_fold3_mape","user_attrs_fold3_ndcg10","user_attrs_fold3_ndcg20","user_attrs_fold3_ndcg50","user_attrs_fold3_r2","user_attrs_fold4_mae","user_attrs_fold4_mape","user_attrs_fold4_ndcg10","user_attrs_fold4_ndcg20","user_attrs_fold4_ndcg50","user_attrs_fold4_r2","user_attrs_fold5_mae","user_attrs_fold5_mape","user_attrs_fold5_ndcg10","user_attrs_fold5_ndcg20","user_attrs_fold5_ndcg50","user_attrs_fold5_r2","user_attrs_fold6_mae","user_attrs_fold6_mape","user_attrs_fold6_ndcg10","user_attrs_fold6_ndcg20","user_attrs_fold6_ndcg50","user_attrs_fold6_r2","user_attrs_fold7_mae","user_attrs_fold7_mape","user_attrs_fold7_ndcg10","user_attrs_fold7_ndcg20","user_attrs_fold7_ndcg50","user_attrs_fold7_r2","user_attrs_fold8_mae","user_attrs_fold8_mape","user_attrs_fold8_ndcg10","user_attrs_fold8_ndcg20","user_attrs_fold8_ndcg50","user_attrs_fold8_r2","user_attrs_fold9_mae","user_attrs_fold9_mape","user_attrs_fold9_ndcg10","user_attrs_fold9_ndcg20","user_attrs_fold9_ndcg50","user_attrs_fold9_r2","user_attrs_pca_components","system_attrs_completed_rung_0","system_attrs_completed_rung_1","state"
33,0.09157054126262665,"2025-05-16 15:29:31.488885","2025-05-16 15:29:31.891152","0 days 00:00:00.402267",256,"","","","",0.010992403821181065,1,"","","","","","","","","","","","","","","","","","","","","","","","","","","","","","","","","","","","","","","","","","",0.13989610970020294,59.93780517578125,0.6823900938034058,0.7179549932479858,0.7612282037734985,0.021432459354400635,"","","","","","","","","","","","","","","","","","","","","","","","","","","","","","","","","","","","","","","","","","","","","","","","","",0.09157054126262665,"","PRUNED"
34,0.08563151955604553,"2025-05-16 15:29:31.891393","2025-05-16 15:29:32.325948","0 days 00:00:00.434555",208,160.0,"","","",0.0005374324195914382,2,"","","","","","","","","","","","","","","","","","","","","","","","","","","","","","","","","","","","","","","","","","",0.14150604605674744,57.64759826660156,0.6886204481124878,0.7067045569419861,0.7590790390968323,-0.038132309913635254,"","","","","","","","","","","","","","","","","","","","","","","","","","","","","","","","","","","","","","","","","","","","","","","","","",0.08563151955604553,"","PRUNED"
35,0.08346757292747498,"2025-05-16 15:29:32.326184","2025-05-16 15:29:33.611099","0 days 00:00:01.284915",240,208.0,128.0,224.0,"",0.0012785625136496439,4,"","","","","","","","","","","","","","","","","","","","","","","","","","","","","","","","","","","","","","","","","","",0.14341199398040771,64.74609375,0.732656717300415,0.773358166217804,0.7768605351448059,-0.04233813285827637,0.21887925267219543,3490.296630859375,0.4706396758556366,0.5643123388290405,0.7592071294784546,-0.06365966796875,0.12899380922317505,78.56908416748047,0.4556913673877716,0.5269801616668701,0.67436283826828,-0.026548027992248535,0.13561402261257172,75.47083282470703,0.7242457866668701,0.7076668739318848,0.7580422163009644,0.03029942512512207,"","","","","","","","","","","","","","","","","","","","","","","","","","","","","","","",0.06334689259529114,0.08346757292747498,"PRUNED"
36,0.09785058349370956,"2025-05-16 15:29:33.611394","2025-05-16 15:29:33.932784","0 days 00:00:00.321390",16,112.0,160.0,"","",0.017512049771272492,3,"","","","","","","","","","","","","","","","","","","","","","","","","","","","","","","","","","","","","","","","","","",0.14953935146331787,71.36593627929688,0.6078341603279114,0.6458584070205688,0.7113361358642578,-0.10791194438934326,"","","","","","","","","","","","","","","","","","","","","","","","","","","","","","","","","","","","","","","","","","","","","","","","","",0.09785058349370956,"","PRUNED"
37,0.15053036908308665,"2025-05-16 15:29:33.933029","2025-05-16 15:29:36.880478","0 days 00:00:02.947449",192,192.0,64.0,"","",0.002421115884463193,3,0.15053036908308665,1019.4574305216471,0.5776586949825286,0.5765305062135061,0.617441255847613,-0.25440163612365724,0.15690423548221588,207.18304443359375,0.6733434796333313,0.7201657891273499,0.6503980159759521,0.26813173294067383,0.1560862809419632,76.30769348144531,0.45213583111763,0.5869686603546143,0.5986053943634033,0.05282109975814819,0.11431814730167389,187.7434539794922,0.687274158000946,0.6336752772331238,0.6117389798164368,0.08444154262542725,0.10286550223827362,86.57565307617188,0.6187461614608765,0.6548689007759094,0.6889088749885559,0.17620772123336792,0.1979692429304123,199.12722778320312,0.7346430420875549,0.6944138407707214,0.6269582509994507,0.13382267951965332,0.11484450101852417,155.63722229003906,0.38240349292755127,0.36265575885772705,0.4526722729206085,-0.39011192321777344,0.13260748982429504,59.15077209472656,0.7372245788574219,0.7424806952476501,0.7906941771507263,0.03614187240600586,0.23011192679405212,3685.968505859375,0.44556498527526855,0.49429506063461304,0.7424900531768799,-0.18426907062530518,0.12844452261924744,68.12545776367188,0.4341614246368408,0.5468287467956543,0.6398785710334778,-0.09918296337127686,0.12671062350273132,67.0831069946289,0.7205283045768738,0.6839560270309448,0.7606551051139832,0.10738873481750488,0.12134481966495514,958.5809936523438,0.30894771218299866,0.39530259370803833,0.4508020877838135,-0.19356369972229004,0.29039666056632996,6224.6689453125,0.4783584773540497,0.37412378191947937,0.23308934271335602,-4.697075366973877,0.11630529165267944,381.9618835449219,0.9260600209236145,0.7417135834693909,0.7487044930458069,0.3762891888618469,0.12371370196342468,614.5143432617188,0.8637728095054626,0.7382130026817322,0.6739967465400696,0.32539600133895874,0.14533258974552155,2319.233154296875,0.20171594619750977,0.2782958745956421,0.5920264720916748,0.18753790855407715,0.0,0.06059698387980461,0.06368666887283325,"COMPLETE"
38,0.10611192882061005,"2025-05-16 15:29:36.880877","2025-05-16 15:29:37.287000","0 days 00:00:00.406123",256,"","","","",0.00010973817432809598,1,"","","","","","","","","","","","","","","","","","","","","","","","","","","","","","","","","","","","","","","","","","",0.15615680813789368,54.62263107299805,0.6835548281669617,0.6662517189979553,0.7279424667358398,-0.33425450325012207,"","","","","","","","","","","","","","","","","","","","","","","","","","","","","","","","","","","","","","","","","","","","","","","","","",0.10611192882061005,"","PRUNED"
39,0.1301620900630951,"2025-05-16 15:29:37.287239","2025-05-16 15:29:37.631941","0 days 00:00:00.344702",48,160.0,112.0,"","",0.033066889852257704,3,"","","","","","","","","","","","","","","","","","","","","","","","","","","","","","","","","","","","","","","","","","",0.17129577696323395,54.982120513916016,0.3079359233379364,0.3392367362976074,0.38500848412513733,-0.6740572452545166,"","","","","","","","","","","","","","","","","","","","","","","","","","","","","","","","","","","","","","","","","","","","","","","","","",0.1301620900630951,"","PRUNED"
40,0.13015377521514893,"2025-05-16 15:29:37.632174","2025-05-16 15:29:38.015784","0 days 00:00:00.383610",160,16.0,"","","",0.04852073062756941,2,"","","","","","","","","","","","","","","","","","","","","","","","","","","","","","","","","","","","","","","","","","",0.1941930204629898,68.12456512451172,0.3079359233379364,0.3392367362976074,0.38500848412513733,-0.885100245475769,"","","","","","","","","","","","","","","","","","","","","","","","","","","","","","","","","","","","","","","","","","","","","","","","","",0.13015377521514893,"","PRUNED"
41,0.146241062382857,"2025-05-16 15:29:38.016031","2025-05-16 15:29:41.195345","0 days 00:00:03.179314",240,128.0,112.0,"","",0.003252857774351007,3,0.146241062382857,985.3523137410482,0.5623020390669505,0.5757216682036718,0.622037963072459,-0.24182461102803549,0.13992667198181152,193.16317749023438,0.8284639716148376,0.782246470451355,0.7215110659599304,0.37964028120040894,0.1546071469783783,76.24420928955078,0.42287373542785645,0.5382802486419678,0.5864039659500122,0.03287351131439209,0.11284737288951874,173.95115661621094,0.6063927412033081,0.6019007563591003,0.6004247069358826,0.08609062433242798,0.10467265546321869,87.40068054199219,0.7008075714111328,0.7092869877815247,0.7319864630699158,0.1724085807800293,0.18359209597110748,187.82025146484375,0.9072638154029846,0.8878114819526672,0.820256769657135,0.2536880373954773,0.12509478628635406,173.6916961669922,0.5745879411697388,0.5170289874076843,0.5271900296211243,-0.6251870393753052,0.12442558258771896,62.81840896606445,0.6067205667495728,0.665870189666748,0.7175024747848511,0.062287092208862305,0.2248263657093048,3139.55029296875,0.4457419514656067,0.48211923241615295,0.7434142231941223,-0.180902361869812,0.13271568715572357,73.88966369628906,0.45943811535835266,0.5681087970733643,0.6548657417297363,-0.08949363231658936,0.10386545211076736,63.49338912963867,0.7615397572517395,0.7682480216026306,0.80402010679245,0.36562633514404297,0.12388559430837631,1106.3392333984375,0.19784723222255707,0.2238636463880539,0.38450056314468384,-0.2951517105102539,0.28590908646583557,6589.65625,0.3840521275997162,0.3505585789680481,0.21540966629981995,-4.491945743560791,0.10966269671916962,325.04888916015625,0.8913551568984985,0.7533969879150391,0.7317184209823608,0.36713075637817383,0.13497374951839447,542.8404541015625,0.43172019720077515,0.4000737965106964,0.49541595578193665,0.0960586667060852,0.1326109915971756,1984.376953125,0.21572570502758026,0.38703083992004395,0.5959492921829224,0.23950743675231934,0.0,0.05817542225122452,0.06045689806342125,"COMPLETE"
42,0.14441249271233877,"2025-05-16 15:29:41.195730","2025-05-16 15:29:44.561712","0 days 00:00:03.365982",224,128.0,96.0,144.0,"",0.00321613987824969,4,0.14441249271233877,902.8913370768229,0.5885227511326472,0.5900328993797302,0.6178739845752717,-0.17930635213851928,0.14348454773426056,199.66046142578125,0.7188210487365723,0.7094581723213196,0.7075747847557068,0.3553113341331482,0.15419259667396545,71.29747772216797,0.5889771580696106,0.5619819760322571,0.5834059715270996,0.0746801495552063,0.11413785070180893,178.89654541015625,0.6193768978118896,0.6140632033348083,0.5791150331497192,0.08211565017700195,0.10582298040390015,85.16187286376953,0.7550185918807983,0.7255736589431763,0.724298894405365,0.15742653608322144,0.19286905229091644,226.72067260742188,0.8376057147979736,0.8395547866821289,0.7045074701309204,0.2308584451675415,0.12732326984405518,190.22727966308594,0.3462262749671936,0.40076738595962524,0.45504042506217957,-0.5320190191268921,0.12635266780853271,60.956825256347656,0.6986260414123535,0.7205674052238464,0.7556508183479309,0.10119688510894775,0.2181081771850586,3308.083740234375,0.46237242221832275,0.4655155539512634,0.7423080205917358,-0.11007952690124512,0.1350650042295456,74.14287567138672,0.41280409693717957,0.5293228626251221,0.6148989200592041,-0.12984013557434082,0.11584027111530304,66.66941833496094,0.690030038356781,0.7028241157531738,0.7258718013763428,0.23744183778762817,0.12269291281700134,955.4837036132812,0.18477211892604828,0.29304787516593933,0.43414223194122314,-0.29871833324432373,0.2511366605758667,5444.5751953125,0.5358124375343323,0.4226163923740387,0.27071672677993774,-3.700425624847412,0.11352959275245667,328.1385803222656,0.8979367017745972,0.7410109043121338,0.7477409243583679,0.3730676770210266,0.12253676354885101,413.66754150390625,0.6085168719291687,0.5532225370407104,0.5665046572685242,0.1269545555114746,0.12309504300355911,1939.6878662109375,0.4709448516368866,0.5709666609764099,0.6563330888748169,0.342434287071228,0.0,0.06070129945874214,0.05799142271280289,"COMPLETE"
43,0.0682566836476326,"2025-05-16 15:29:44.562127","2025-05-16 15:29:45.786577","0 days 00:00:01.224450",240,128.0,96.0,160.0,"",0.0035456212747682005,4,"","","","","","","","","","","","","","","","","","","","","","","","","","","","","","","","","","","","","","","","","","",0.1291847974061966,65.31490325927734,0.7612931132316589,0.7172060608863831,0.7743508219718933,0.051802992820739746,0.21898877620697021,2914.943359375,0.47864609956741333,0.5303381085395813,0.7503423690795898,-0.11541116237640381,0.13673463463783264,77.53169250488281,0.44926610589027405,0.5112260580062866,0.6299980282783508,-0.11952412128448486,0.10907559096813202,60.54844665527344,0.7358421087265015,0.7578129768371582,0.7787395119667053,0.30152398347854614,"","","","","","","","","","","","","","","","","","","","","","","","","","","","","","","",0.057413894683122635,0.0682566836476326,"PRUNED"
44,0.07117536664009094,"2025-05-16 15:29:45.786930","2025-05-16 15:29:46.228508","0 days 00:00:00.441578",208,96.0,64.0,"","",0.0061138899055273276,3,"","","","","","","","","","","","","","","","","","","","","","","","","","","","","","","","","","","","","","","","","","",0.136524498462677,67.20295715332031,0.7060820460319519,0.6090698838233948,0.7384640574455261,0.016099989414215088,"","","","","","","","","","","","","","","","","","","","","","","","","","","","","","","","","","","","","","","","","","","","","","","","","",0.07117536664009094,"","PRUNED"
45,0.07339143007993698,"2025-05-16 15:29:46.228747","2025-05-16 15:29:46.681742","0 days 00:00:00.452995",256,144.0,"","","",0.0019670805734536482,2,"","","","","","","","","","","","","","","","","","","","","","","","","","","","","","","","","","","","","","","","","","",0.1301475614309311,63.42527389526367,0.6485456228256226,0.6735122203826904,0.7275254726409912,0.07899105548858643,"","","","","","","","","","","","","","","","","","","","","","","","","","","","","","","","","","","","","","","","","","","","","","","","","",0.07339143007993698,"","PRUNED"
46,0.06930113583803177,"2025-05-16 15:29:46.682001","2025-05-16 15:29:47.887479","0 days 00:00:01.205478",224,80.0,96.0,208.0,"",0.0038405153401125294,4,"","","","","","","","","","","","","","","","","","","","","","","","","","","","","","","","","","","","","","","","","","",0.12449268996715546,61.890647888183594,0.7768231630325317,0.7537930607795715,0.7967306971549988,0.11512184143066406,0.23249416053295135,3665.15771484375,0.4240705370903015,0.4913410246372223,0.737600564956665,-0.25769102573394775,0.1358676254749298,71.84500122070312,0.4798944890499115,0.5749993920326233,0.649853527545929,-0.155553936958313,0.12096082419157028,73.28119659423828,0.7075180411338806,0.7505987882614136,0.7702451944351196,0.23042726516723633,"","","","","","","","","","","","","","","","","","","","","","","","","","","","","","","",0.05966443940997124,0.06930113583803177,"PRUNED"
47,0.06548363715410233,"2025-05-16 15:29:47.887775","2025-05-16 15:29:48.351899","0 days 00:00:00.464124",224,128.0,128.0,"","",0.01473984919104743,3,"","","","","","","","","","","","","","","","","","","","","","","","","","","","","","","","","","","","","","","","","","",0.1292959749698639,58.4127197265625,0.7454693913459778,0.7694938778877258,0.7744235396385193,0.05064046382904053,"","","","","","","","","","","","","","","","","","","","","","","","","","","","","","","","","","","","","","","","","","","","","","","","","",0.06548363715410233,"","PRUNED"
48,0.07163399457931519,"2025-05-16 15:29:48.352143","2025-05-16 15:29:48.771734","0 days 00:00:00.419591",96,176.0,80.0,256.0,"",0.0012595466666411117,4,"","","","","","","","","","","","","","","","","","","","","","","","","","","","","","","","","","","","","","","","","","",0.13944658637046814,62.995506286621094,0.671678900718689,0.7231682538986206,0.7605921626091003,0.04011738300323486,"","","","","","","","","","","","","","","","","","","","","","","","","","","","","","","","","","","","","","","","","","","","","","","","","",0.07163399457931519,"","PRUNED"
49,0.06785382330417633,"2025-05-16 15:29:48.771967","2025-05-16 15:29:49.282268","0 days 00:00:00.510301",240,112.0,48.0,128.0,160.0,0.007217295739612647,5,"","","","","","","","","","","","","","","","","","","","","","","","","","","","","","","","","","","","","","","","","","",0.13990886509418488,68.44242858886719,0.7579151391983032,0.7217138409614563,0.7685813903808594,0.027255654335021973,"","","","","","","","","","","","","","","","","","","","","","","","","","","","","","","","","","","","","","","","","","","","","","","","","",0.06785382330417633,"","PRUNED"
50,0.1513481373588244,"2025-05-16 15:29:49.282521","2025-05-16 15:29:52.122182","0 days 00:00:02.839661",192,96.0,"","","",0.004681822864821624,2,0.1513481373588244,1079.9725359598795,0.5673615962266922,0.5568574825922649,0.6122398336728414,-0.31225152413050333,0.15449397265911102,220.83367919921875,0.6005871891975403,0.657878577709198,0.6412976384162903,0.2919871211051941,0.15449808537960052,70.65030670166016,0.5807821154594421,0.5598029494285583,0.5791131258010864,0.06913048028945923,0.10364142805337906,145.94985961914062,0.7303382754325867,0.6512730121612549,0.6205735802650452,0.19006121158599854,0.10527116805315018,81.48460388183594,0.5952929258346558,0.6430122256278992,0.6925478577613831,0.16317248344421387,0.19123995304107666,209.35557556152344,0.855059802532196,0.7885794639587402,0.6872087121009827,0.2181287407875061,0.11612068116664886,170.9180908203125,0.47459837794303894,0.40417852997779846,0.48768696188926697,-0.3921393156051636,0.12786006927490234,63.461666107177734,0.741513729095459,0.6825156211853027,0.7727842926979065,0.040006935596466064,0.22176364064216614,3298.30810546875,0.4464191496372223,0.5048739314079285,0.7372728586196899,-0.1039731502532959,0.1336611658334732,74.20146179199219,0.4747868776321411,0.5149552822113037,0.6571190357208252,-0.12807607650756836,0.1220235526561737,71.18668365478516,0.7556681036949158,0.7319099307060242,0.7718833684921265,0.19821125268936157,0.11764071881771088,1064.5784912109375,0.27822399139404297,0.42035791277885437,0.44740721583366394,-0.11561357975006104,0.32652711868286133,7210.818359375,0.32307174801826477,0.2644909918308258,0.19438493251800537,-5.770443439483643,0.11753819137811661,375.4420166015625,0.8805887699127197,0.7077275514602661,0.7400183081626892,0.33542191982269287,0.12862080335617065,477.6520690917969,0.5455261468887329,0.4973006248474121,0.5664750337600708,0.13057905435562134,0.149321511387825,2664.7470703125,0.22796674072742462,0.3240056335926056,0.5878245830535889,0.18977349996566772,0.0,0.06109914183616638,0.060384586453437805,"COMPLETE"
51,0.08025471121072769,"2025-05-16 15:29:52.122583","2025-05-16 15:29:52.624087","0 days 00:00:00.501504",208,240.0,112.0,96.0,"",0.0021615443819497098,4,"","","","","","","","","","","","","","","","","","","","","","","","","","","","","","","","","","","","","","","","","","",0.13662368059158325,66.26722717285156,0.7609258890151978,0.7557072639465332,0.7826151251792908,0.05916702747344971,"","","","","","","","","","","","","","","","","","","","","","","","","","","","","","","","","","","","","","","","","","","","","","","","","",0.08025471121072769,"","PRUNED"
52,0.09318900108337402,"2025-05-16 15:29:52.624332","2025-05-16 15:29:53.145412","0 days 00:00:00.521080",240,144.0,160.0,32.0,16.0,0.002621862877837734,5,"","","","","","","","","","","","","","","","","","","","","","","","","","","","","","","","","","","","","","","","","","",0.14142899215221405,62.746280670166016,0.6762701869010925,0.6799436211585999,0.7504984140396118,0.03048008680343628,"","","","","","","","","","","","","","","","","","","","","","","","","","","","","","","","","","","","","","","","","","","","","","","","","",0.09318900108337402,"","PRUNED"
53,0.06608129292726517,"2025-05-16 15:29:53.145687","2025-05-16 15:29:53.593283","0 days 00:00:00.447596",176,128.0,112.0,144.0,"",0.010020793212594598,4,"","","","","","","","","","","","","","","","","","","","","","","","","","","","","","","","","","","","","","","","","","",0.12651830911636353,69.07832336425781,0.7574843168258667,0.7715645432472229,0.7753174901008606,0.13256096839904785,"","","","","","","","","","","","","","","","","","","","","","","","","","","","","","","","","","","","","","","","","","","","","","","","","",0.06608129292726517,"","PRUNED"
