"number","value","datetime_start","datetime_complete","duration","params_decoder_layer_width_0","params_decoder_layer_width_1","params_decoder_layer_width_2","params_decoder_layer_width_3","params_decoder_layer_width_4","params_encoder_layer_width_0","params_encoder_layer_width_1","params_encoder_layer_width_2","params_encoder_layer_width_3","params_encoder_layer_width_4","params_graphsage_aggregator","params_lr","params_n_decoder_layers","params_n_encoder_layers","user_attrs_avg_mae","user_attrs_avg_mape","user_attrs_avg_ndcg10","user_attrs_avg_ndcg20","user_attrs_avg_ndcg50","user_attrs_avg_r2","user_attrs_fold10_mae","user_attrs_fold10_mape","user_attrs_fold10_ndcg10","user_attrs_fold10_ndcg20","user_attrs_fold10_ndcg50","user_attrs_fold10_r2","user_attrs_fold11_mae","user_attrs_fold11_mape","user_attrs_fold11_ndcg10","user_attrs_fold11_ndcg20","user_attrs_fold11_ndcg50","user_attrs_fold11_r2","user_attrs_fold12_mae","user_attrs_fold12_mape","user_attrs_fold12_ndcg10","user_attrs_fold12_ndcg20","user_attrs_fold12_ndcg50","user_attrs_fold12_r2","user_attrs_fold13_mae","user_attrs_fold13_mape","user_attrs_fold13_ndcg10","user_attrs_fold13_ndcg20","user_attrs_fold13_ndcg50","user_attrs_fold13_r2","user_attrs_fold14_mae","user_attrs_fold14_mape","user_attrs_fold14_ndcg10","user_attrs_fold14_ndcg20","user_attrs_fold14_ndcg50","user_attrs_fold14_r2","user_attrs_fold15_mae","user_attrs_fold15_mape","user_attrs_fold15_ndcg10","user_attrs_fold15_ndcg20","user_attrs_fold15_ndcg50","user_attrs_fold15_r2","user_attrs_fold1_mae","user_attrs_fold1_mape","user_attrs_fold1_ndcg10","user_attrs_fold1_ndcg20","user_attrs_fold1_ndcg50","user_attrs_fold1_r2","user_attrs_fold2_mae","user_attrs_fold2_mape","user_attrs_fold2_ndcg10","user_attrs_fold2_ndcg20","user_attrs_fold2_ndcg50","user_attrs_fold2_r2","user_attrs_fold3_mae","user_attrs_fold3_mape","user_attrs_fold3_ndcg10","user_attrs_fold3_ndcg20","user_attrs_fold3_ndcg50","user_attrs_fold3_r2","user_attrs_fold4_mae","user_attrs_fold4_mape","user_attrs_fold4_ndcg10","user_attrs_fold4_ndcg20","user_attrs_fold4_ndcg50","user_attrs_fold4_r2","user_attrs_fold5_mae","user_attrs_fold5_mape","user_attrs_fold5_ndcg10","user_attrs_fold5_ndcg20","user_attrs_fold5_ndcg50","user_attrs_fold5_r2","user_attrs_fold6_mae","user_attrs_fold6_mape","user_attrs_fold6_ndcg10","user_attrs_fold6_ndcg20","user_attrs_fold6_ndcg50","user_attrs_fold6_r2","user_attrs_fold7_mae","user_attrs_fold7_mape","user_attrs_fold7_ndcg10","user_attrs_fold7_ndcg20","user_attrs_fold7_ndcg50","user_attrs_fold7_r2","user_attrs_fold8_mae","user_attrs_fold8_mape","user_attrs_fold8_ndcg10","user_attrs_fold8_ndcg20","user_attrs_fold8_ndcg50","user_attrs_fold8_r2","user_attrs_fold9_mae","user_attrs_fold9_mape","user_attrs_fold9_ndcg10","user_attrs_fold9_ndcg20","user_attrs_fold9_ndcg50","user_attrs_fold9_r2","user_attrs_pca_components","system_attrs_completed_rung_0","system_attrs_completed_rung_1","state"
15,0.09881185740232468,"2025-05-16 15:09:30.605523","2025-05-16 15:09:31.010955","0 days 00:00:00.405432",80,192.0,16.0,16.0,"",208,"","","","","add",0.0004080591891419265,4,1,"","","","","","","","","","","","","","","","","","","","","","","","","","","","","","","","","","","","","","","","","","",0.1358795315027237,44.301300048828125,0.8326667547225952,0.8143953680992126,0.8139817714691162,-0.1377582550048828,"","","","","","","","","","","","","","","","","","","","","","","","","","","","","","","","","","","","","","","","","","","","","","","","","",0.09881185740232468,"","PRUNED"
16,0.12221868385871251,"2025-05-16 15:09:31.011249","2025-05-16 15:09:33.903564","0 days 00:00:02.892315",16,160.0,112.0,"","",256,"","","","","max",0.001980768128914416,3,1,0.12221868385871251,598.350848642985,0.7556971877813339,0.7300119519233703,0.7333958049615225,0.2670159061749776,0.15419498085975647,252.31103515625,0.8011850714683533,0.7746531367301941,0.7606727480888367,0.35116636753082275,0.12706832587718964,77.5941162109375,1.0,0.9224486351013184,0.8553363084793091,0.47315478324890137,0.09600744396448135,113.29368591308594,0.7784416675567627,0.801028311252594,0.7523850202560425,0.35309821367263794,0.08948086947202682,69.26654815673828,0.7774077653884888,0.7719914317131042,0.7771294713020325,0.45714861154556274,0.15233772993087769,136.08238220214844,0.8955252766609192,0.9068433046340942,0.8301025629043579,0.47087252140045166,0.08641311526298523,111.2202377319336,0.7755595445632935,0.8058894872665405,0.7778115272521973,0.3613623380661011,0.11135277152061462,42.00364303588867,0.7536519169807434,0.7810255885124207,0.7820847034454346,0.24154144525527954,0.21168698370456696,2481.01220703125,0.4880053699016571,0.4605918526649475,0.7554804086685181,-0.0788801908493042,0.1106867864727974,82.48870086669922,0.7753954529762268,0.7663876414299011,0.8191239833831787,0.307606041431427,0.11907324194908142,63.2786865234375,0.7094203233718872,0.698684811592102,0.7240294218063354,0.16913914680480957,0.11984874308109283,1256.160400390625,0.21582667529582977,0.25965988636016846,0.37092265486717224,-0.10086166858673096,0.1268279105424881,2119.8916015625,0.8356413841247559,0.727308988571167,0.588492214679718,-0.08213555812835693,0.10507521033287048,261.59576416015625,0.916182816028595,0.7915163040161133,0.7328037023544312,0.3547334671020508,0.11927520483732224,563.1748046875,0.658563494682312,0.5835251808166504,0.602473795413971,0.2737559676170349,0.10395094007253647,1345.888916015625,0.9546510577201843,0.8986247181892395,0.8720885515213013,0.45353710651397705,0.0,0.07273205369710922,0.07238151878118515,"COMPLETE"
17,0.0835038423538208,"2025-05-16 15:09:33.903994","2025-05-16 15:09:35.385738","0 days 00:00:01.481744",96,224.0,160.0,160.0,256.0,96,112.0,128.0,"","","max",0.0031444670405741046,5,3,"","","","","","","","","","","","","","","","","","","","","","","","","","","","","","","","","","","","","","","","","","",0.09721431136131287,40.47168731689453,0.7305933833122253,0.7290809154510498,0.8040974140167236,0.3614068627357483,0.18181198835372925,2109.856689453125,0.5746720433235168,0.6237084269523621,0.8200119733810425,0.03861987590789795,0.1058388352394104,63.603275299072266,0.8350328803062439,0.8371822834014893,0.8699342608451843,0.43950217962265015,0.11932490020990372,48.24506759643555,0.7428074479103088,0.7840585112571716,0.8305601477622986,0.22245872020721436,"","","","","","","","","","","","","","","","","","","","","","","","","","","","","","","",0.07605091482400894,0.0835038423538208,"PRUNED"
18,0.13042069971561432,"2025-05-16 15:09:35.386029","2025-05-16 15:09:35.778231","0 days 00:00:00.392202",48,80.0,"","","",144,176.0,"","","","add",0.08622270304716356,2,2,"","","","","","","","","","","","","","","","","","","","","","","","","","","","","","","","","","","","","","","","","","",1.2604864835739136,761.0582885742188,0.3079359233379364,0.3392367362976074,0.38500848412513733,-37.290802001953125,"","","","","","","","","","","","","","","","","","","","","","","","","","","","","","","","","","","","","","","","","","","","","","","","","",0.13042069971561432,"","PRUNED"
19,0.12472039461135864,"2025-05-16 15:09:35.778484","2025-05-16 15:09:36.326454","0 days 00:00:00.547970",48,80.0,80.0,240.0,"",224,96.0,16.0,16.0,"","mean",0.00039042897356483895,4,4,"","","","","","","","","","","","","","","","","","","","","","","","","","","","","","","","","","","","","","","","","","",0.1592877060174942,53.56678771972656,0.5681136250495911,0.6062636375427246,0.6755290031433105,-0.45091259479522705,"","","","","","","","","","","","","","","","","","","","","","","","","","","","","","","","","","","","","","","","","","","","","","","","","",0.12472039461135864,"","PRUNED"
20,0.07722659409046173,"2025-05-16 15:09:36.326724","2025-05-16 15:09:36.738987","0 days 00:00:00.412263",96,256.0,176.0,"","",192,"","","","","add",0.008978213571576181,3,1,"","","","","","","","","","","","","","","","","","","","","","","","","","","","","","","","","","","","","","","","","","",0.10705791413784027,42.82993698120117,0.8107941150665283,0.8118577599525452,0.8133953809738159,0.2986670732498169,"","","","","","","","","","","","","","","","","","","","","","","","","","","","","","","","","","","","","","","","","","","","","","","","","",0.07722659409046173,"","PRUNED"
21,0.07757051289081573,"2025-05-16 15:09:36.739241","2025-05-16 15:09:37.126385","0 days 00:00:00.387144",16,160.0,96.0,"","",240,"","","","","max",0.002444101959810318,3,1,"","","","","","","","","","","","","","","","","","","","","","","","","","","","","","","","","","","","","","","","","","",0.11724808067083359,48.93955612182617,0.8477505445480347,0.7919936776161194,0.8032740354537964,0.2301369309425354,"","","","","","","","","","","","","","","","","","","","","","","","","","","","","","","","","","","","","","","","","","","","","","","","","",0.07757051289081573,"","PRUNED"
22,0.07978131622076035,"2025-05-16 15:09:37.126644","2025-05-16 15:09:37.499010","0 days 00:00:00.372366",16,176.0,"","","",256,"","","","","max",0.0016531715974027843,2,1,"","","","","","","","","","","","","","","","","","","","","","","","","","","","","","","","","","","","","","","","","","",0.11372818052768707,42.88743591308594,0.7123351097106934,0.7626972198486328,0.7619257569313049,0.16651254892349243,"","","","","","","","","","","","","","","","","","","","","","","","","","","","","","","","","","","","","","","","","","","","","","","","","",0.07978131622076035,"","PRUNED"
23,0.08191532641649246,"2025-05-16 15:09:37.499264","2025-05-16 15:09:37.981419","0 days 00:00:00.482155",64,96.0,128.0,"","",256,208.0,"","","","max",0.000892554213928744,3,2,"","","","","","","","","","","","","","","","","","","","","","","","","","","","","","","","","","","","","","","","","","",0.10654503107070923,38.76944351196289,0.7437893152236938,0.7894799113273621,0.8194619417190552,0.30420273542404175,"","","","","","","","","","","","","","","","","","","","","","","","","","","","","","","","","","","","","","","","","","","","","","","","","",0.08191532641649246,"","PRUNED"
24,0.12153299748897553,"2025-05-16 15:09:37.981709","2025-05-16 15:09:40.679779","0 days 00:00:02.698070",32,224.0,48.0,128.0,"",128,"","","","","max",0.002522970801534512,4,1,0.12153299748897553,592.8403612772623,0.7699721992015839,0.7529095053672791,0.7470068116982778,0.27099350492159524,0.1452271193265915,265.77679443359375,0.8854146003723145,0.8902335166931152,0.8143523931503296,0.405456006526947,0.12403309345245361,70.91741943359375,0.957428514957428,0.8968011140823364,0.8694890141487122,0.4871988296508789,0.09338559210300446,111.30784606933594,0.949714183807373,0.8266746401786804,0.7689921259880066,0.3814660310745239,0.09016755223274231,61.666114807128906,0.8310748338699341,0.7858991026878357,0.7780832052230835,0.44118833541870117,0.1430041640996933,161.01368713378906,1.0,0.9694198369979858,0.9118680357933044,0.557399719953537,0.08163774758577347,87.39727020263672,0.8342751264572144,0.8247231841087341,0.7721778154373169,0.39939504861831665,0.10580757260322571,42.37540817260742,0.8494224548339844,0.8457603454589844,0.7982431054115295,0.31728804111480713,0.2139206975698471,2892.852783203125,0.492626428604126,0.4975503981113434,0.7607618570327759,-0.07875692844390869,0.14872562885284424,116.45550537109375,0.46389520168304443,0.5152595639228821,0.6733301281929016,-0.22840285301208496,0.11502744257450104,66.09283447265625,0.7717170715332031,0.7665873765945435,0.7629220485687256,0.28055763244628906,0.10442904382944107,853.447509765625,0.2989659607410431,0.42105892300605774,0.47911515831947327,0.03913164138793945,0.12233524024486542,1986.52001953125,0.8833335638046265,0.7461279630661011,0.5882527828216553,-0.05395054817199707,0.10188210010528564,242.92364501953125,0.8731491565704346,0.7949494123458862,0.732672393321991,0.37271904945373535,0.13253559172153473,567.6367797851562,0.5876893401145935,0.6261029243469238,0.6017680168151855,0.2503820061683655,0.10087637603282928,1366.2218017578125,0.8708765506744385,0.8864942789077759,0.893074095249176,0.4938305616378784,0.0,0.06935540586709976,0.06928683817386627,"COMPLETE"
25,0.09006422013044357,"2025-05-16 15:09:40.680325","2025-05-16 15:09:41.201689","0 days 00:00:00.521364",48,224.0,32.0,112.0,144.0,128,16.0,160.0,"","","max",0.003877364621975144,5,3,"","","","","","","","","","","","","","","","","","","","","","","","","","","","","","","","","","","","","","","","","","",0.10733237862586975,45.13909149169922,0.6655414700508118,0.7685370445251465,0.8116568326950073,0.2984580993652344,"","","","","","","","","","","","","","","","","","","","","","","","","","","","","","","","","","","","","","","","","","","","","","","","","",0.09006422013044357,"","PRUNED"
26,0.09200215339660645,"2025-05-16 15:09:41.202027","2025-05-16 15:09:41.669644","0 days 00:00:00.467617",32,224.0,64.0,176.0,"",112,160.0,"","","","max",0.010263815072046597,4,2,"","","","","","","","","","","","","","","","","","","","","","","","","","","","","","","","","","","","","","","","","","",0.13184751570224762,52.80320739746094,0.5940464735031128,0.710673987865448,0.772651731967926,0.10705482959747314,"","","","","","","","","","","","","","","","","","","","","","","","","","","","","","","","","","","","","","","","","","","","","","","","","",0.09200215339660645,"","PRUNED"
27,0.0885867103934288,"2025-05-16 15:09:41.669971","2025-05-16 15:09:42.163176","0 days 00:00:00.493205",80,192.0,80.0,128.0,176.0,144,"","","","","max",0.0004244902713910886,5,1,"","","","","","","","","","","","","","","","","","","","","","","","","","","","","","","","","","","","","","","","","","",0.12456431984901428,41.65752410888672,0.4925554692745209,0.526100218296051,0.657105565071106,-0.0939493179321289,"","","","","","","","","","","","","","","","","","","","","","","","","","","","","","","","","","","","","","","","","","","","","","","","","",0.0885867103934288,"","PRUNED"
28,0.09646447747945786,"2025-05-16 15:09:42.163479","2025-05-16 15:09:42.552417","0 days 00:00:00.388938",32,240.0,16.0,64.0,"",80,"","","","","mean",0.0012461553275342316,4,1,"","","","","","","","","","","","","","","","","","","","","","","","","","","","","","","","","","","","","","","","","","",0.13905394077301025,54.03908920288086,0.7325395941734314,0.6935103535652161,0.7403993606567383,-0.06875050067901611,"","","","","","","","","","","","","","","","","","","","","","","","","","","","","","","","","","","","","","","","","","","","","","","","","",0.09646447747945786,"","PRUNED"
29,0.09038897603750229,"2025-05-16 15:09:42.552699","2025-05-16 15:09:43.065245","0 days 00:00:00.512546",144,176.0,48.0,208.0,"",160,224.0,"","","","add",0.006847139495092802,4,2,"","","","","","","","","","","","","","","","","","","","","","","","","","","","","","","","","","","","","","","","","","",0.10743089020252228,42.597354888916016,0.7223039269447327,0.7375530004501343,0.8114662170410156,0.3590642809867859,"","","","","","","","","","","","","","","","","","","","","","","","","","","","","","","","","","","","","","","","","","","","","","","","","",0.09038897603750229,"","PRUNED"
30,0.07669714838266373,"2025-05-16 15:09:43.065561","2025-05-16 15:09:44.286600","0 days 00:00:01.221039",112,208.0,96.0,80.0,64.0,112,176.0,"","","","add",0.0027098611393189635,5,2,"","","","","","","","","","","","","","","","","","","","","","","","","","","","","","","","","","","","","","","","","","",0.10857056826353073,45.731632232666016,0.696003794670105,0.752780556678772,0.7642162442207336,0.3292604684829712,0.19205448031425476,2946.516845703125,0.5772568583488464,0.5424898862838745,0.8131853938102722,0.009255528450012207,0.09111862629652023,53.235774993896484,0.8552995324134827,0.8721730709075928,0.8531543016433716,0.5477616786956787,0.11544666439294815,55.7655029296875,0.7145551443099976,0.786178469657898,0.8257647156715393,0.34070926904678345,"","","","","","","","","","","","","","","","","","","","","","","","","","","","","","","",0.07633421570062637,0.07669714838266373,"PRUNED"
31,0.07756465673446655,"2025-05-16 15:09:44.286905","2025-05-16 15:09:44.693449","0 days 00:00:00.406544",16,160.0,144.0,"","",192,"","","","","max",0.0020868740739968345,3,1,"","","","","","","","","","","","","","","","","","","","","","","","","","","","","","","","","","","","","","","","","","",0.10939805209636688,46.5642204284668,0.8040937781333923,0.8042459487915039,0.7970211505889893,0.2771170139312744,"","","","","","","","","","","","","","","","","","","","","","","","","","","","","","","","","","","","","","","","","","","","","","","","","",0.07756465673446655,"","PRUNED"
32,0.08134003728628159,"2025-05-16 15:09:44.693769","2025-05-16 15:09:45.111621","0 days 00:00:00.417852",32,160.0,112.0,"","",240,"","","","","max",0.004285255933342007,3,1,"","","","","","","","","","","","","","","","","","","","","","","","","","","","","","","","","","","","","","","","","","",0.10874734073877335,40.255531311035156,0.8373505473136902,0.8062450885772705,0.8209848999977112,0.26525288820266724,"","","","","","","","","","","","","","","","","","","","","","","","","","","","","","","","","","","","","","","","","","","","","","","","","",0.08134003728628159,"","PRUNED"
33,0.08703925460577011,"2025-05-16 15:09:45.111916","2025-05-16 15:09:45.503126","0 days 00:00:00.391210",16,112.0,96.0,144.0,"",64,"","","","","max",0.0008690897452137501,4,1,"","","","","","","","","","","","","","","","","","","","","","","","","","","","","","","","","","","","","","","","","","",0.12058897316455841,48.9927978515625,0.7337736487388611,0.7671068906784058,0.7693583369255066,0.16542309522628784,"","","","","","","","","","","","","","","","","","","","","","","","","","","","","","","","","","","","","","","","","","","","","","","","","",0.08703925460577011,"","PRUNED"
34,0.1061546802520752,"2025-05-16 15:09:45.503421","2025-05-16 15:09:45.981098","0 days 00:00:00.477677",64,176.0,64.0,"","",176,144.0,"","","","max",0.014794321771108412,3,2,"","","","","","","","","","","","","","","","","","","","","","","","","","","","","","","","","","","","","","","","","","",0.18293477594852448,60.8083610534668,0.3079359233379364,0.3392367362976074,0.38500848412513733,-0.7854485511779785,"","","","","","","","","","","","","","","","","","","","","","","","","","","","","","","","","","","","","","","","","","","","","","","","","",0.1061546802520752,"","PRUNED"
35,0.09617745876312256,"2025-05-16 15:09:45.981372","2025-05-16 15:09:46.403173","0 days 00:00:00.421801",32,240.0,144.0,32.0,"",144,"","","","","mean",0.0005784730154934604,4,1,"","","","","","","","","","","","","","","","","","","","","","","","","","","","","","","","","","","","","","","","","","",0.1369411051273346,57.54754638671875,0.7674996852874756,0.699998140335083,0.7478848695755005,0.03485405445098877,"","","","","","","","","","","","","","","","","","","","","","","","","","","","","","","","","","","","","","","","","","","","","","","","","",0.09617745876312256,"","PRUNED"
36,0.10481875389814377,"2025-05-16 15:09:46.403450","2025-05-16 15:09:46.820142","0 days 00:00:00.416692",64,144.0,"","","",96,96.0,"","","","max",0.00024098007480753193,2,2,"","","","","","","","","","","","","","","","","","","","","","","","","","","","","","","","","","","","","","","","","","",0.11988940089941025,38.41248321533203,0.6719459891319275,0.7067902088165283,0.7757263779640198,-0.04478764533996582,"","","","","","","","","","","","","","","","","","","","","","","","","","","","","","","","","","","","","","","","","","","","","","","","","",0.10481875389814377,"","PRUNED"
37,0.08561667054891586,"2025-05-16 15:09:46.820442","2025-05-16 15:09:47.574709","0 days 00:00:00.754267",16,208.0,112.0,208.0,256.0,224,192.0,80.0,16.0,256.0,"max",0.002021344690603273,5,5,"","","","","","","","","","","","","","","","","","","","","","","","","","","","","","","","","","","","","","","","","","",0.10980530083179474,52.357643127441406,0.7035093903541565,0.7561407685279846,0.8237287402153015,0.31932753324508667,"","","","","","","","","","","","","","","","","","","","","","","","","","","","","","","","","","","","","","","","","","","","","","","","","",0.08561667054891586,"","PRUNED"
38,0.10375729948282242,"2025-05-16 15:09:47.575120","2025-05-16 15:09:48.052705","0 days 00:00:00.477585",48,256.0,"","","",32,16.0,160.0,"","","mean",0.0014252582377628565,2,3,"","","","","","","","","","","","","","","","","","","","","","","","","","","","","","","","","","","","","","","","","","",0.1511853188276291,50.77652359008789,0.6068305969238281,0.6492094397544861,0.7126277685165405,-0.35659754276275635,"","","","","","","","","","","","","","","","","","","","","","","","","","","","","","","","","","","","","","","","","","","","","","","","","",0.10375729948282242,"","PRUNED"
39,0.07578535377979279,"2025-05-16 15:09:48.053021","2025-05-16 15:09:49.001039","0 days 00:00:00.948018",32,192.0,80.0,"","",160,"","","","","add",0.0031145292195032368,3,1,"","","","","","","","","","","","","","","","","","","","","","","","","","","","","","","","","","","","","","","","","","",0.10883426666259766,43.41342544555664,0.7808158993721008,0.7943013310432434,0.786200225353241,0.25796228647232056,0.2080257087945938,3386.638671875,0.5607782602310181,0.5346076488494873,0.7985345721244812,0.01766258478164673,0.1047346442937851,60.99646759033203,0.8961126804351807,0.8711802363395691,0.8639125227928162,0.4202173352241516,0.11772545427083969,57.8430290222168,0.6642062664031982,0.7624414563179016,0.7458741664886475,0.22804254293441772,"","","","","","","","","","","","","","","","","","","","","","","","","","","","","","","",0.07695189863443375,0.07578535377979279,"PRUNED"
