"number","value","datetime_start","datetime_complete","duration","params_decoder_layer_width_0","params_decoder_layer_width_1","params_decoder_layer_width_2","params_decoder_layer_width_3","params_decoder_layer_width_4","params_encoder_layer_width_0","params_encoder_layer_width_1","params_encoder_layer_width_2","params_encoder_layer_width_3","params_encoder_layer_width_4","params_gatv2_dropout","params_gatv2_heads","params_lr","params_n_decoder_layers","params_n_encoder_layers","user_attrs_avg_mae","user_attrs_avg_mape","user_attrs_avg_ndcg10","user_attrs_avg_ndcg20","user_attrs_avg_ndcg50","user_attrs_avg_r2","user_attrs_fold10_mae","user_attrs_fold10_mape","user_attrs_fold10_ndcg10","user_attrs_fold10_ndcg20","user_attrs_fold10_ndcg50","user_attrs_fold10_r2","user_attrs_fold11_mae","user_attrs_fold11_mape","user_attrs_fold11_ndcg10","user_attrs_fold11_ndcg20","user_attrs_fold11_ndcg50","user_attrs_fold11_r2","user_attrs_fold12_mae","user_attrs_fold12_mape","user_attrs_fold12_ndcg10","user_attrs_fold12_ndcg20","user_attrs_fold12_ndcg50","user_attrs_fold12_r2","user_attrs_fold13_mae","user_attrs_fold13_mape","user_attrs_fold13_ndcg10","user_attrs_fold13_ndcg20","user_attrs_fold13_ndcg50","user_attrs_fold13_r2","user_attrs_fold14_mae","user_attrs_fold14_mape","user_attrs_fold14_ndcg10","user_attrs_fold14_ndcg20","user_attrs_fold14_ndcg50","user_attrs_fold14_r2","user_attrs_fold15_mae","user_attrs_fold15_mape","user_attrs_fold15_ndcg10","user_attrs_fold15_ndcg20","user_attrs_fold15_ndcg50","user_attrs_fold15_r2","user_attrs_fold1_mae","user_attrs_fold1_mape","user_attrs_fold1_ndcg10","user_attrs_fold1_ndcg20","user_attrs_fold1_ndcg50","user_attrs_fold1_r2","user_attrs_fold2_mae","user_attrs_fold2_mape","user_attrs_fold2_ndcg10","user_attrs_fold2_ndcg20","user_attrs_fold2_ndcg50","user_attrs_fold2_r2","user_attrs_fold3_mae","user_attrs_fold3_mape","user_attrs_fold3_ndcg10","user_attrs_fold3_ndcg20","user_attrs_fold3_ndcg50","user_attrs_fold3_r2","user_attrs_fold4_mae","user_attrs_fold4_mape","user_attrs_fold4_ndcg10","user_attrs_fold4_ndcg20","user_attrs_fold4_ndcg50","user_attrs_fold4_r2","user_attrs_fold5_mae","user_attrs_fold5_mape","user_attrs_fold5_ndcg10","user_attrs_fold5_ndcg20","user_attrs_fold5_ndcg50","user_attrs_fold5_r2","user_attrs_fold6_mae","user_attrs_fold6_mape","user_attrs_fold6_ndcg10","user_attrs_fold6_ndcg20","user_attrs_fold6_ndcg50","user_attrs_fold6_r2","user_attrs_fold7_mae","user_attrs_fold7_mape","user_attrs_fold7_ndcg10","user_attrs_fold7_ndcg20","user_attrs_fold7_ndcg50","user_attrs_fold7_r2","user_attrs_fold8_mae","user_attrs_fold8_mape","user_attrs_fold8_ndcg10","user_attrs_fold8_ndcg20","user_attrs_fold8_ndcg50","user_attrs_fold8_r2","user_attrs_fold9_mae","user_attrs_fold9_mape","user_attrs_fold9_ndcg10","user_attrs_fold9_ndcg20","user_attrs_fold9_ndcg50","user_attrs_fold9_r2","user_attrs_pca_components","system_attrs_completed_rung_0","system_attrs_completed_rung_1","state"
39,0.09070222824811935,"2025-05-16 15:15:42.703461","2025-05-16 15:15:45.754170","0 days 00:00:03.050709",240,144.0,80.0,160.0,"",208,80.0,"","","",0.2,11,0.004475036596310792,4,2,"","","","","","","","","","","","","","","","","","","","","","","","","","","","","","","","","","","","","","","","","","",0.13760675489902496,49.044315338134766,0.778939425945282,0.7518225312232971,0.7673852443695068,-0.06395840644836426,"","","","","","","","","","","","","","","","","","","","","","","","","","","","","","","","","","","","","","","","","","","","","","","","","",0.09070222824811935,"","PRUNED"
40,0.10546818375587463,"2025-05-16 15:15:45.754457","2025-05-16 15:15:46.954842","0 days 00:00:01.200385",224,96.0,128.0,"","",64,"","","","",0.0,14,0.0005348906877615412,3,1,"","","","","","","","","","","","","","","","","","","","","","","","","","","","","","","","","","","","","","","","","","",0.1333097219467163,54.453826904296875,0.7627137303352356,0.7317091822624207,0.7756332755088806,0.08508002758026123,"","","","","","","","","","","","","","","","","","","","","","","","","","","","","","","","","","","","","","","","","","","","","","","","","",0.10546818375587463,"","PRUNED"
41,0.1135002076625824,"2025-05-16 15:15:46.955123","2025-05-16 15:15:54.384030","0 days 00:00:07.428907",176,64.0,"","","",240,224.0,208.0,176.0,48.0,0.5,9,0.0022177710499445722,2,5,"","","","","","","","","","","","","","","","","","","","","","","","","","","","","","","","","","","","","","","","","","",0.22786325216293335,90.81626892089844,0.4019930064678192,0.4792969822883606,0.548297643661499,-1.1976008415222168,"","","","","","","","","","","","","","","","","","","","","","","","","","","","","","","","","","","","","","","","","","","","","","","","","",0.1135002076625824,"","PRUNED"
42,0.09705628454685211,"2025-05-16 15:15:54.384389","2025-05-16 15:15:55.794063","0 days 00:00:01.409674",32,112.0,"","","",192,"","","","",0.30000000000000004,7,0.0010152362094116034,2,1,"","","","","","","","","","","","","","","","","","","","","","","","","","","","","","","","","","","","","","","","","","",0.1446264088153839,58.97784423828125,0.6645225882530212,0.6604184508323669,0.7270285487174988,-0.04843485355377197,"","","","","","","","","","","","","","","","","","","","","","","","","","","","","","","","","","","","","","","","","","","","","","","","","",0.09705628454685211,"","PRUNED"
43,0.0926113873720169,"2025-05-16 15:15:55.794352","2025-05-16 15:15:58.938332","0 days 00:00:03.143980",160,"","","","",192,"","","","",0.1,16,0.0015138113152492042,1,1,"","","","","","","","","","","","","","","","","","","","","","","","","","","","","","","","","","","","","","","","","","",0.11869459599256516,47.9844970703125,0.8436214923858643,0.7895974516868591,0.7969444394111633,0.1893131136894226,"","","","","","","","","","","","","","","","","","","","","","","","","","","","","","","","","","","","","","","","","","","","","","","","","",0.0926113873720169,"","PRUNED"
44,0.10053372383117676,"2025-05-16 15:15:58.938669","2025-05-16 15:16:00.312726","0 days 00:00:01.374057",192,128.0,160.0,"","",16,176.0,"","","",0.30000000000000004,6,0.00697791511573241,3,2,"","","","","","","","","","","","","","","","","","","","","","","","","","","","","","","","","","","","","","","","","","",0.13492140173912048,48.845542907714844,0.8247378468513489,0.7752882242202759,0.7941274642944336,-0.008748054504394531,"","","","","","","","","","","","","","","","","","","","","","","","","","","","","","","","","","","","","","","","","","","","","","","","","",0.10053372383117676,"","PRUNED"
45,0.1508191078901291,"2025-05-16 15:16:00.313083","2025-05-16 15:16:02.566035","0 days 00:00:02.252952",240,48.0,240.0,224.0,16.0,144,"","","","",0.2,13,0.0001003823175546959,5,1,"","","","","","","","","","","","","","","","","","","","","","","","","","","","","","","","","","","","","","","","","","",0.17773735523223877,62.159271240234375,0.7756502032279968,0.7097710371017456,0.7347472310066223,-0.6262086629867554,"","","","","","","","","","","","","","","","","","","","","","","","","","","","","","","","","","","","","","","","","","","","","","","","","",0.1508191078901291,"","PRUNED"
46,0.11358026415109634,"2025-05-16 15:16:02.566325","2025-05-16 15:16:10.674804","0 days 00:00:08.108479",208,240.0,192.0,80.0,"",256,240.0,96.0,256.0,"",0.5,10,0.009998347129148365,4,4,"","","","","","","","","","","","","","","","","","","","","","","","","","","","","","","","","","","","","","","","","","",0.18812693655490875,64.18250274658203,0.3079359233379364,0.3392367362976074,0.38500848412513733,-0.8306673765182495,"","","","","","","","","","","","","","","","","","","","","","","","","","","","","","","","","","","","","","","","","","","","","","","","","",0.11358026415109634,"","PRUNED"
47,0.09399744123220444,"2025-05-16 15:16:10.675142","2025-05-16 15:16:13.157720","0 days 00:00:02.482578",64,160.0,"","","",240,192.0,"","","",0.4,6,0.0008253337397661207,2,2,"","","","","","","","","","","","","","","","","","","","","","","","","","","","","","","","","","","","","","","","","","",0.15082016587257385,55.854331970214844,0.7676858305931091,0.742490828037262,0.7556046843528748,-0.16574740409851074,"","","","","","","","","","","","","","","","","","","","","","","","","","","","","","","","","","","","","","","","","","","","","","","","","",0.09399744123220444,"","PRUNED"
48,0.1112891286611557,"2025-05-16 15:16:13.158007","2025-05-16 15:16:22.263824","0 days 00:00:09.105817",176,112.0,144.0,"","",176,192.0,48.0,16.0,176.0,0.30000000000000004,16,0.002361725160305541,3,5,"","","","","","","","","","","","","","","","","","","","","","","","","","","","","","","","","","","","","","","","","","",0.17279744148254395,55.26249313354492,0.28654077649116516,0.29559555649757385,0.3601818382740021,-0.7484936714172363,"","","","","","","","","","","","","","","","","","","","","","","","","","","","","","","","","","","","","","","","","","","","","","","","","",0.1112891286611557,"","PRUNED"
49,0.10152070969343185,"2025-05-16 15:16:22.264126","2025-05-16 15:16:24.314065","0 days 00:00:02.049939",96,"","","","",224,"","","","",0.0,9,0.003890637299744723,1,1,"","","","","","","","","","","","","","","","","","","","","","","","","","","","","","","","","","","","","","","","","","",0.13728851079940796,55.65793991088867,0.7498871088027954,0.7436326742172241,0.747134804725647,0.008933544158935547,"","","","","","","","","","","","","","","","","","","","","","","","","","","","","","","","","","","","","","","","","","","","","","","","","",0.10152070969343185,"","PRUNED"
50,0.10408453643321991,"2025-05-16 15:16:24.314324","2025-05-16 15:16:25.404690","0 days 00:00:01.090366",144,16.0,"","","",128,128.0,160.0,"","",0.1,2,0.0014789940071964491,2,3,"","","","","","","","","","","","","","","","","","","","","","","","","","","","","","","","","","","","","","","","","","",0.12788577377796173,45.28354263305664,0.7679975032806396,0.7973712682723999,0.7770224213600159,0.010377764701843262,"","","","","","","","","","","","","","","","","","","","","","","","","","","","","","","","","","","","","","","","","","","","","","","","","",0.10408453643321991,"","PRUNED"
51,0.07955009490251541,"2025-05-16 15:16:25.404970","2025-05-16 15:16:33.610746","0 days 00:00:08.205776",192,144.0,176.0,224.0,"",208,"","","","",0.1,15,0.0036938710892169577,4,1,"","","","","","","","","","","","","","","","","","","","","","","","","","","","","","","","","","","","","","","","","","",0.11715396493673325,43.99359893798828,0.9224028587341309,0.835246741771698,0.8275241255760193,0.18848246335983276,0.2456764429807663,5428.75390625,0.5251572728157043,0.52053302526474,0.7845641374588013,-0.193711519241333,0.12441620230674744,80.01657104492188,0.8020476698875427,0.8484101891517639,0.7964027523994446,0.2004055380821228,0.11397384107112885,58.54341506958008,0.8548058867454529,0.7662312388420105,0.7568120360374451,0.28363436460494995,"","","","","","","","","","","","","","","","","","","","","","","","","","","","","","","",0.07601650804281235,0.07955009490251541,"PRUNED"
52,0.14593446304400762,"2025-05-16 15:16:33.611058","2025-05-16 15:16:57.809642","0 days 00:00:24.198584",224,144.0,176.0,224.0,"",208,"","","","",0.1,15,0.0025902837561963274,4,1,0.14593446304400762,1242.6125920613606,0.7765883525212606,0.7329143722852071,0.7445770462354024,-0.8917048295338948,0.1362610161304474,208.4470977783203,0.9941309094429016,0.8403455018997192,0.8450421094894409,0.4893763065338135,0.12270216643810272,68.90765380859375,1.0,0.9812437891960144,0.8781846761703491,0.477256178855896,0.08476374298334122,125.1789321899414,0.9777967929840088,0.8900986909866333,0.8182011246681213,0.47977137565612793,0.09347603470087051,62.9384765625,0.8025975823402405,0.8023238182067871,0.8155193328857422,0.38949519395828247,0.1340685784816742,119.10040283203125,1.0,0.9941790699958801,0.9578122496604919,0.5599744319915771,0.0842183530330658,108.3929443359375,0.8747832179069519,0.8231028914451599,0.8185023069381714,0.40991872549057007,0.1138489618897438,46.25138473510742,0.9197832942008972,0.770661473274231,0.8186772465705872,0.23016369342803955,0.20773351192474365,3342.4677734375,0.5866110324859619,0.5369396209716797,0.8025383949279785,0.014378130435943604,0.0998176783323288,62.25273513793945,0.8254958391189575,0.8003880381584167,0.8303461670875549,0.47997814416885376,0.1134033203125,62.23799133300781,0.8580601215362549,0.8562260270118713,0.802681565284729,0.38301682472229004,0.08909063786268234,517.269287109375,0.6762701272964478,0.7046528458595276,0.7194252610206604,0.22178250551223755,0.5660306811332703,11834.5302734375,0.07054668664932251,0.054414957761764526,0.04801088571548462,-18.292001724243164,0.11028984189033508,305.2497253417969,0.8990282416343689,0.7904961705207825,0.6840760707855225,0.34701573848724365,0.12471067160367966,441.9229431152344,0.2804288864135742,0.33759090304374695,0.5135460495948792,0.039518654346466064,0.10860174894332886,1334.041259765625,0.883292555809021,0.8110517859458923,0.8160922527313232,0.3947833776473999,0.0,0.07658080011606216,0.07007835805416107,"COMPLETE"
53,0.15255573242902756,"2025-05-16 15:16:57.810158","2025-05-16 15:17:17.669738","0 days 00:00:19.859580",224,128.0,160.0,224.0,"",176,"","","","",0.2,14,0.00219974803703149,4,1,0.15255573242902756,1320.3386459350586,0.7437593057751656,0.7121289938688278,0.7194897927343845,-0.920784064133962,0.16089235246181488,186.6482391357422,0.8357222676277161,0.7985479831695557,0.7615631222724915,0.211530864238739,0.1208467110991478,63.356101989746094,1.0,1.0,0.875426173210144,0.4750807285308838,0.09846232831478119,161.78036499023438,0.9225026369094849,0.798258900642395,0.767922580242157,0.35445934534072876,0.09537677466869354,68.66348266601562,0.7751637697219849,0.7730127573013306,0.7979003190994263,0.3545953035354614,0.14492230117321014,115.15015411376953,1.0,1.0,0.9582383632659912,0.4983890652656555,0.08528421819210052,127.11367797851562,0.8358557224273682,0.7873839735984802,0.7814266085624695,0.43526381254196167,0.11346244066953659,43.95143127441406,0.8996569514274597,0.8825833201408386,0.8356764316558838,0.25126850605010986,0.22213135659694672,4101.29833984375,0.5626736283302307,0.5143302083015442,0.7730986475944519,-0.13957500457763672,0.12217047065496445,77.29135131835938,0.8402620553970337,0.83095383644104,0.8179989457130432,0.25959861278533936,0.11004786938428879,70.6110610961914,0.8915508985519409,0.7682451605796814,0.7957739233970642,0.39481663703918457,0.0912761464715004,604.0333251953125,0.6272194385528564,0.5864455103874207,0.6113924980163574,0.2309783697128296,0.565508246421814,11839.77734375,0.08060764521360397,0.05754072964191437,0.05075710639357567,-17.964094161987305,0.12093901634216309,351.6469421386719,0.7252662181854248,0.688893735408783,0.6576384902000427,0.2416401505470276,0.13201026618480682,587.0602416992188,0.2502295970916748,0.3308946490287781,0.4313182234764099,0.06362825632095337,0.10500548779964447,1406.6976318359375,0.9096787571907043,0.8648441433906555,0.8762154579162598,0.520658552646637,0.0,0.0747702568769455,0.07001535594463348,"COMPLETE"
54,0.0806644856929779,"2025-05-16 15:17:17.670250","2025-05-16 15:17:24.017209","0 days 00:00:06.346959",224,128.0,160.0,224.0,"",176,"","","","",0.2,13,0.0012647596739845067,4,1,"","","","","","","","","","","","","","","","","","","","","","","","","","","","","","","","","","","","","","","","","","",0.13111720979213715,52.66164016723633,0.781259298324585,0.7373743653297424,0.806793212890625,0.11327558755874634,0.2394222766160965,4691.3994140625,0.5755586624145508,0.5751094818115234,0.7857455015182495,-0.18393731117248535,0.11863937973976135,69.50547790527344,0.835028886795044,0.8298045992851257,0.8335216045379639,0.3258984684944153,0.11783254146575928,65.242919921875,0.8781301975250244,0.7577399015426636,0.812950849533081,0.3051236867904663,"","","","","","","","","","","","","","","","","","","","","","","","","","","","","","","",0.08460995554924011,0.0806644856929779,"PRUNED"
55,0.09344456344842911,"2025-05-16 15:17:24.017526","2025-05-16 15:17:26.626905","0 days 00:00:02.609379",240,144.0,176.0,176.0,16.0,160,"","","","",0.1,14,0.0022456758165889457,5,1,"","","","","","","","","","","","","","","","","","","","","","","","","","","","","","","","","","","","","","","","","","",0.11618667095899582,48.82691955566406,0.8045294880867004,0.7860097885131836,0.813517689704895,0.24641680717468262,"","","","","","","","","","","","","","","","","","","","","","","","","","","","","","","","","","","","","","","","","","","","","","","","","",0.09344456344842911,"","PRUNED"
56,0.08690851181745529,"2025-05-16 15:17:26.627241","2025-05-16 15:17:32.879612","0 days 00:00:06.252371",208,176.0,192.0,224.0,"",144,"","","","",0.2,15,0.0009066554316556647,4,1,"","","","","","","","","","","","","","","","","","","","","","","","","","","","","","","","","","","","","","","","","","",0.1264662742614746,50.63102340698242,0.8420025110244751,0.7520327568054199,0.797714114189148,0.14610236883163452,0.24268920719623566,4634.5380859375,0.5222530364990234,0.5283822417259216,0.7889028787612915,-0.2076728343963623,0.11986850947141647,63.36033248901367,0.862982988357544,0.8346956968307495,0.8248122930526733,0.20422083139419556,0.1314525306224823,76.41300201416016,0.7358232736587524,0.7493043541908264,0.7356200814247131,0.18992316722869873,"","","","","","","","","","","","","","","","","","","","","","","","","","","","","","","",0.08210383355617523,0.08690851181745529,"PRUNED"
57,0.09034569561481476,"2025-05-16 15:17:32.879965","2025-05-16 15:17:35.852142","0 days 00:00:02.972177",224,128.0,160.0,208.0,"",192,48.0,"","","",0.1,13,0.002819601871105442,4,2,"","","","","","","","","","","","","","","","","","","","","","","","","","","","","","","","","","","","","","","","","","",0.12356255948543549,46.80978012084961,0.8573436141014099,0.7365025877952576,0.7513443231582642,0.09158575534820557,"","","","","","","","","","","","","","","","","","","","","","","","","","","","","","","","","","","","","","","","","","","","","","","","","",0.09034569561481476,"","PRUNED"
58,0.0883355587720871,"2025-05-16 15:17:35.852444","2025-05-16 15:17:39.448856","0 days 00:00:03.596412",256,160.0,224.0,160.0,"",208,"","","","",0.0,16,0.006166737539385162,4,1,"","","","","","","","","","","","","","","","","","","","","","","","","","","","","","","","","","","","","","","","","","",0.13895602524280548,59.27513122558594,0.5893130898475647,0.6543697714805603,0.6744340658187866,0.03892683982849121,"","","","","","","","","","","","","","","","","","","","","","","","","","","","","","","","","","","","","","","","","","","","","","","","","",0.0883355587720871,"","PRUNED"
59,0.14761786212523778,"2025-05-16 15:17:39.449185","2025-05-16 15:17:59.734763","0 days 00:00:20.285578",224,112.0,128.0,240.0,256.0,176,"","","","",0.2,14,0.001872061896029863,5,1,0.14761786212523778,1208.6875768025716,0.7489877427617709,0.7208612211048603,0.7279104995230834,-0.5451589107513428,0.15455563366413116,187.05206298828125,0.882073163986206,0.8299916982650757,0.7940182685852051,0.2752135396003723,0.12260124832391739,62.115299224853516,1.0,0.9916406273841858,0.8801974058151245,0.46145254373550415,0.09347354620695114,133.3134002685547,0.90370112657547,0.859040379524231,0.7812334299087524,0.38715291023254395,0.084136001765728,61.759674072265625,0.8812339901924133,0.8416981101036072,0.876420259475708,0.4842904806137085,0.15030963718891144,121.7168960571289,1.0,1.0,0.9437165856361389,0.47235214710235596,0.08596669882535934,108.33403015136719,0.8140744566917419,0.796955943107605,0.7505802512168884,0.33326399326324463,0.1043134331703186,39.7526969909668,0.9170032739639282,0.8748933672904968,0.845194935798645,0.32893306016921997,0.24563199281692505,4426.5205078125,0.5626085996627808,0.5604022145271301,0.7823187112808228,-0.31856656074523926,0.11357283592224121,64.23771667480469,0.9017589092254639,0.8510857820510864,0.8384671807289124,0.37574005126953125,0.11575382947921753,68.47865295410156,0.8144178986549377,0.7644516229629517,0.760684072971344,0.3231484293937683,0.09881038963794708,519.0038452148438,0.6491101384162903,0.5793881416320801,0.6458228826522827,0.0856204628944397,0.478778213262558,10013.724609375,0.07144255191087723,0.0516197495162487,0.05776016041636467,-12.162813186645508,0.13513632118701935,541.8501586914062,0.9179486036300659,0.7690355777740479,0.688795804977417,0.19418078660964966,0.12854424118995667,520.2747802734375,0.33421802520751953,0.3242347538471222,0.4952234923839569,0.09404921531677246,0.1026839092373848,1262.1793212890625,0.5852254033088684,0.7184803485870361,0.7782240509986877,0.48859846591949463,0.0,0.081813745200634,0.07485151290893555,"COMPLETE"
60,0.10750258713960648,"2025-05-16 15:17:59.735330","2025-05-16 15:18:02.573098","0 days 00:00:02.837768",224,96.0,128.0,240.0,256.0,176,"","","","",0.2,14,0.0003082157794642863,5,1,"","","","","","","","","","","","","","","","","","","","","","","","","","","","","","","","","","","","","","","","","","",0.13747204840183258,55.65592575073242,0.7982454895973206,0.7448561191558838,0.7486720085144043,-0.024037718772888184,"","","","","","","","","","","","","","","","","","","","","","","","","","","","","","","","","","","","","","","","","","","","","","","","","",0.10750258713960648,"","PRUNED"
