"number","value","datetime_start","datetime_complete","duration","params_decoder_layer_width_0","params_decoder_layer_width_1","params_decoder_layer_width_2","params_decoder_layer_width_3","params_decoder_layer_width_4","params_encoder_layer_width_0","params_encoder_layer_width_1","params_encoder_layer_width_2","params_encoder_layer_width_3","params_lr","params_n_decoder_layers","params_n_encoder_layers","params_transformer_dropout","params_transformer_heads","user_attrs_avg_mae","user_attrs_avg_mape","user_attrs_avg_ndcg10","user_attrs_avg_ndcg20","user_attrs_avg_ndcg50","user_attrs_avg_r2","user_attrs_fold10_mae","user_attrs_fold10_mape","user_attrs_fold10_ndcg10","user_attrs_fold10_ndcg20","user_attrs_fold10_ndcg50","user_attrs_fold10_r2","user_attrs_fold11_mae","user_attrs_fold11_mape","user_attrs_fold11_ndcg10","user_attrs_fold11_ndcg20","user_attrs_fold11_ndcg50","user_attrs_fold11_r2","user_attrs_fold12_mae","user_attrs_fold12_mape","user_attrs_fold12_ndcg10","user_attrs_fold12_ndcg20","user_attrs_fold12_ndcg50","user_attrs_fold12_r2","user_attrs_fold13_mae","user_attrs_fold13_mape","user_attrs_fold13_ndcg10","user_attrs_fold13_ndcg20","user_attrs_fold13_ndcg50","user_attrs_fold13_r2","user_attrs_fold14_mae","user_attrs_fold14_mape","user_attrs_fold14_ndcg10","user_attrs_fold14_ndcg20","user_attrs_fold14_ndcg50","user_attrs_fold14_r2","user_attrs_fold15_mae","user_attrs_fold15_mape","user_attrs_fold15_ndcg10","user_attrs_fold15_ndcg20","user_attrs_fold15_ndcg50","user_attrs_fold15_r2","user_attrs_fold1_mae","user_attrs_fold1_mape","user_attrs_fold1_ndcg10","user_attrs_fold1_ndcg20","user_attrs_fold1_ndcg50","user_attrs_fold1_r2","user_attrs_fold2_mae","user_attrs_fold2_mape","user_attrs_fold2_ndcg10","user_attrs_fold2_ndcg20","user_attrs_fold2_ndcg50","user_attrs_fold2_r2","user_attrs_fold3_mae","user_attrs_fold3_mape","user_attrs_fold3_ndcg10","user_attrs_fold3_ndcg20","user_attrs_fold3_ndcg50","user_attrs_fold3_r2","user_attrs_fold4_mae","user_attrs_fold4_mape","user_attrs_fold4_ndcg10","user_attrs_fold4_ndcg20","user_attrs_fold4_ndcg50","user_attrs_fold4_r2","user_attrs_fold5_mae","user_attrs_fold5_mape","user_attrs_fold5_ndcg10","user_attrs_fold5_ndcg20","user_attrs_fold5_ndcg50","user_attrs_fold5_r2","user_attrs_fold6_mae","user_attrs_fold6_mape","user_attrs_fold6_ndcg10","user_attrs_fold6_ndcg20","user_attrs_fold6_ndcg50","user_attrs_fold6_r2","user_attrs_fold7_mae","user_attrs_fold7_mape","user_attrs_fold7_ndcg10","user_attrs_fold7_ndcg20","user_attrs_fold7_ndcg50","user_attrs_fold7_r2","user_attrs_fold8_mae","user_attrs_fold8_mape","user_attrs_fold8_ndcg10","user_attrs_fold8_ndcg20","user_attrs_fold8_ndcg50","user_attrs_fold8_r2","user_attrs_fold9_mae","user_attrs_fold9_mape","user_attrs_fold9_ndcg10","user_attrs_fold9_ndcg20","user_attrs_fold9_ndcg50","user_attrs_fold9_r2","user_attrs_pca_components","system_attrs_completed_rung_0","system_attrs_completed_rung_1","state"
13,0.07806263864040375,"2025-05-16 15:25:13.714636","2025-05-16 15:25:15.975635","0 days 00:00:02.260999",160,208.0,144.0,80.0,80.0,176,160.0,"","",0.0009950399404241791,5,2,0.1,6,"","","","","","","","","","","","","","","","","","","","","","","","","","","","","","","","","","","","","","","","","","",0.0936507135629654,37.0199089050293,0.7753428816795349,0.7890458106994629,0.8104766011238098,0.4234800934791565,"","","","","","","","","","","","","","","","","","","","","","","","","","","","","","","","","","","","","","","","","","","","","","","","","",0.07806263864040375,"","PRUNED"
14,0.09968683123588562,"2025-05-16 15:25:15.975924","2025-05-16 15:25:17.556616","0 days 00:00:01.580692",96,80.0,32.0,64.0,"",80,160.0,96.0,80.0,0.0001681833842082539,4,4,0.0,4,"","","","","","","","","","","","","","","","","","","","","","","","","","","","","","","","","","","","","","","","","","",0.10129503905773163,47.83187484741211,0.7419900894165039,0.7612887620925903,0.810589611530304,0.4669177532196045,"","","","","","","","","","","","","","","","","","","","","","","","","","","","","","","","","","","","","","","","","","","","","","","","","",0.09968683123588562,"","PRUNED"
15,0.13401055335998535,"2025-05-16 15:25:17.556908","2025-05-16 15:25:21.347809","0 days 00:00:03.790901",256,208.0,"","","",208,112.0,208.0,"",0.09269396905623825,2,3,0.30000000000000004,7,"","","","","","","","","","","","","","","","","","","","","","","","","","","","","","","","","","","","","","","","","","",0.1884334236383438,64.3816909790039,0.3079359233379364,0.3392367362976074,0.38500848412513733,-0.833376407623291,"","","","","","","","","","","","","","","","","","","","","","","","","","","","","","","","","","","","","","","","","","","","","","","","","",0.13401055335998535,"","PRUNED"
16,0.072909414768219,"2025-05-16 15:25:21.348084","2025-05-16 15:25:25.974991","0 days 00:00:04.626907",176,224.0,112.0,"","",160,176.0,"","",0.0016290383294371264,3,2,0.2,5,"","","","","","","","","","","","","","","","","","","","","","","","","","","","","","","","","","","","","","","","","","",0.08980954438447952,33.1380500793457,0.7362749576568604,0.790148913860321,0.8242233991622925,0.42124485969543457,0.15369199216365814,1340.1397705078125,0.7199497818946838,0.7350289225578308,0.8697700500488281,0.19206136465072632,0.09229225665330887,53.80557632446289,0.9516653418540955,0.903536856174469,0.9116735458374023,0.5760952532291412,0.0989769846200943,42.22105026245117,0.6493343710899353,0.7959575057029724,0.7823024392127991,0.3352334499359131,"","","","","","","","","","","","","","","","","","","","","","","","","","","","","","","",0.07173679023981094,0.072909414768219,"PRUNED"
17,0.07751572132110596,"2025-05-16 15:25:25.975281","2025-05-16 15:25:28.405075","0 days 00:00:02.429794",16,160.0,256.0,160.0,128.0,80,16.0,48.0,208.0,0.005626342650216824,5,4,0.1,8,"","","","","","","","","","","","","","","","","","","","","","","","","","","","","","","","","","","","","","","","","","",0.09472481906414032,37.648929595947266,0.7144607901573181,0.7660511136054993,0.8037275671958923,0.4132438898086548,"","","","","","","","","","","","","","","","","","","","","","","","","","","","","","","","","","","","","","","","","","","","","","","","","",0.07751572132110596,"","PRUNED"
18,0.07818469405174255,"2025-05-16 15:25:28.405387","2025-05-16 15:25:29.758875","0 days 00:00:01.353488",96,256.0,64.0,16.0,"",176,128.0,"","",0.00044699908375236627,4,2,0.0,4,"","","","","","","","","","","","","","","","","","","","","","","","","","","","","","","","","","","","","","","","","","",0.1006755456328392,40.725006103515625,0.7116585373878479,0.768021821975708,0.801452100276947,0.42851728200912476,"","","","","","","","","","","","","","","","","","","","","","","","","","","","","","","","","","","","","","","","","","","","","","","","","",0.07818469405174255,"","PRUNED"
19,0.08428626507520676,"2025-05-16 15:25:29.759156","2025-05-16 15:25:31.775152","0 days 00:00:02.015996",96,96.0,"","","",96,64.0,144.0,"",0.009020881036713132,2,3,0.2,7,"","","","","","","","","","","","","","","","","","","","","","","","","","","","","","","","","","","","","","","","","","",0.10414955019950867,41.80268478393555,0.7323904037475586,0.790411114692688,0.7933700680732727,0.3831048011779785,"","","","","","","","","","","","","","","","","","","","","","","","","","","","","","","","","","","","","","","","","","","","","","","","","",0.08428626507520676,"","PRUNED"
20,0.0718565434217453,"2025-05-16 15:25:31.775529","2025-05-16 15:25:37.767865","0 days 00:00:05.992336",176,208.0,128.0,"","",208,"","","",0.001714217552154454,3,1,0.1,10,"","","","","","","","","","","","","","","","","","","","","","","","","","","","","","","","","","","","","","","","","","",0.09690475463867188,39.06059265136719,0.698471188545227,0.7754523754119873,0.7987140417098999,0.4297404885292053,0.18179088830947876,2410.238525390625,0.6305562257766724,0.6100554466247559,0.8363482356071472,0.10913324356079102,0.08992427587509155,54.64963912963867,0.8783665299415588,0.895545244216919,0.8811532855033875,0.57883021235466,0.1003887951374054,44.49888229370117,0.6989560723304749,0.7620560526847839,0.7736654877662659,0.3984796404838562,"","","","","","","","","","","","","","","","","","","","","","","","","","","","","","","",0.07333175837993622,0.0718565434217453,"PRUNED"
21,0.08161962777376175,"2025-05-16 15:25:37.768157","2025-05-16 15:25:38.389131","0 days 00:00:00.620974",48,16.0,208.0,"","",144,208.0,"","",0.0003920296830135374,3,2,0.1,1,"","","","","","","","","","","","","","","","","","","","","","","","","","","","","","","","","","","","","","","","","","",0.09899003803730011,39.704689025878906,0.7102981805801392,0.7742535471916199,0.795339822769165,0.4206830859184265,"","","","","","","","","","","","","","","","","","","","","","","","","","","","","","","","","","","","","","","","","","","","","","","","","",0.08161962777376175,"","PRUNED"
22,0.0787070170044899,"2025-05-16 15:25:38.389447","2025-05-16 15:25:39.561915","0 days 00:00:01.172468",48,48.0,160.0,112.0,"",160,192.0,"","",0.000343355900023213,4,2,0.0,3,"","","","","","","","","","","","","","","","","","","","","","","","","","","","","","","","","","","","","","","","","","",0.09800558537244797,39.965721130371094,0.7116585373878479,0.7761768102645874,0.7981085181236267,0.42003101110458374,"","","","","","","","","","","","","","","","","","","","","","","","","","","","","","","","","","","","","","","","","","","","","","","","","",0.0787070170044899,"","PRUNED"
23,0.1213422492146492,"2025-05-16 15:25:39.562194","2025-05-16 15:25:40.153611","0 days 00:00:00.591417",32,144.0,224.0,48.0,256.0,112,"","","",0.00010125852940041562,5,1,0.1,2,"","","","","","","","","","","","","","","","","","","","","","","","","","","","","","","","","","","","","","","","","","",0.1438930481672287,46.765533447265625,0.7951089143753052,0.8357254862785339,0.825278103351593,-0.24160635471343994,"","","","","","","","","","","","","","","","","","","","","","","","","","","","","","","","","","","","","","","","","","","","","","","","","",0.1213422492146492,"","PRUNED"
24,0.07870600372552872,"2025-05-16 15:25:40.153889","2025-05-16 15:25:43.068520","0 days 00:00:02.914631",80,64.0,240.0,"","",192,144.0,"","",0.0009006731345673232,3,2,0.30000000000000004,3,"","","","","","","","","","","","","","","","","","","","","","","","","","","","","","","","","","","","","","","","","","",0.09609521925449371,37.606590270996094,0.7155774831771851,0.7752470970153809,0.8004740476608276,0.40440189838409424,0.17929421365261078,2241.550537109375,0.7378906607627869,0.6517304182052612,0.8494296073913574,0.10280203819274902,0.0894627645611763,51.574153900146484,0.8895072340965271,0.9130412936210632,0.8879057168960571,0.550950437784195,0.09994835406541824,41.583126068115234,0.6347711682319641,0.7623915076255798,0.7646395564079285,0.3389756679534912,"","","","","","","","","","","","","","","","","","","","","","","","","","","","","","","",0.07748152315616608,0.07870600372552872,"PRUNED"
25,0.08241985738277435,"2025-05-16 15:25:43.068809","2025-05-16 15:25:44.151055","0 days 00:00:01.082246",48,176.0,"","","",128,192.0,176.0,"",0.000562578270408439,2,3,0.2,2,"","","","","","","","","","","","","","","","","","","","","","","","","","","","","","","","","","","","","","","","","","",0.09708637744188309,39.74064636230469,0.738423764705658,0.7572823762893677,0.7959045171737671,0.38129669427871704,"","","","","","","","","","","","","","","","","","","","","","","","","","","","","","","","","","","","","","","","","","","","","","","","","",0.08241985738277435,"","PRUNED"
26,0.07514260709285736,"2025-05-16 15:25:44.151357","2025-05-16 15:25:46.607954","0 days 00:00:02.456597",80,"","","","",160,"","","",0.001315650009776381,1,1,0.0,5,"","","","","","","","","","","","","","","","","","","","","","","","","","","","","","","","","","","","","","","","","","",0.09865394979715347,38.102996826171875,0.7437552809715271,0.768498420715332,0.8104873895645142,0.40784603357315063,0.18399441242218018,2730.24072265625,0.5776634812355042,0.6316936016082764,0.8289584517478943,0.13018304109573364,0.08794261515140533,57.683956146240234,0.8775151371955872,0.8941057920455933,0.8850493431091309,0.6025330424308777,0.09891258925199509,44.62173080444336,0.7107629776000977,0.7646991610527039,0.7900378108024597,0.4345056414604187,"","","","","","","","","","","","","","","","","","","","","","","","","","","","","","","",0.07480849325656891,0.07514260709285736,"PRUNED"
27,0.07180207222700119,"2025-05-16 15:25:46.608216","2025-05-16 15:25:51.957734","0 days 00:00:05.349518",112,224.0,192.0,"","",192,208.0,64.0,112.0,0.0025863462564341307,3,4,0.1,4,"","","","","","","","","","","","","","","","","","","","","","","","","","","","","","","","","","","","","","","","","","",0.09372742474079132,38.14403533935547,0.7316452860832214,0.7904659509658813,0.8049383163452148,0.4362702965736389,0.17691878974437714,2215.637939453125,0.6313318610191345,0.6396483182907104,0.8372940421104431,0.0212213397026062,0.08117375522851944,51.148216247558594,0.8774930238723755,0.8919169902801514,0.8866414427757263,0.6089325845241547,0.10055951774120331,43.41183853149414,0.6264196634292603,0.7613467574119568,0.7771748304367065,0.36587172746658325,"","","","","","","","","","","","","","","","","","","","","","","","","","","","","","","",0.07473272830247879,0.07180207222700119,"PRUNED"
28,0.08483625948429108,"2025-05-16 15:25:51.958064","2025-05-16 15:25:53.692311","0 days 00:00:01.734247",240,112.0,96.0,176.0,"",80,176.0,"","",0.00026065580786482673,4,2,0.5,6,"","","","","","","","","","","","","","","","","","","","","","","","","","","","","","","","","","","","","","","","","","",0.09868938475847244,39.58073806762695,0.7116585373878479,0.770275354385376,0.8007720112800598,0.40492284297943115,"","","","","","","","","","","","","","","","","","","","","","","","","","","","","","","","","","","","","","","","","","","","","","","","","",0.08483625948429108,"","PRUNED"
29,0.07818653434515,"2025-05-16 15:25:53.692627","2025-05-16 15:25:55.228017","0 days 00:00:01.535390",176,16.0,160.0,240.0,"",128,"","","",0.007480660699999156,4,1,0.0,9,"","","","","","","","","","","","","","","","","","","","","","","","","","","","","","","","","","","","","","","","","","",0.11645208299160004,49.08832931518555,0.7373248338699341,0.7651180028915405,0.7969991564750671,0.3033195734024048,"","","","","","","","","","","","","","","","","","","","","","","","","","","","","","","","","","","","","","","","","","","","","","","","","",0.07818653434515,"","PRUNED"
30,0.07457776367664337,"2025-05-16 15:25:55.228295","2025-05-16 15:25:57.694741","0 days 00:00:02.466446",208,240.0,224.0,48.0,96.0,176,"","","",0.002723178419305931,5,1,0.2,3,"","","","","","","","","","","","","","","","","","","","","","","","","","","","","","","","","","","","","","","","","","",0.11007015407085419,47.71547317504883,0.866104006767273,0.8580682873725891,0.8360150456428528,0.36587125062942505,0.16290533542633057,1122.99267578125,0.6482290029525757,0.6610605120658875,0.8519588112831116,0.08047527074813843,0.10186322778463364,53.532588958740234,0.8895204663276672,0.9103939533233643,0.8716190457344055,0.397774338722229,0.09939020127058029,48.02066421508789,0.7836608290672302,0.8081473708152771,0.8100431561470032,0.4283061623573303,"","","","","","","","","","","","","","","","","","","","","","","","","","","","","","","",0.07352282106876373,0.07457776367664337,"PRUNED"
31,0.07797881215810776,"2025-05-16 15:25:57.695057","2025-05-16 15:26:00.902218","0 days 00:00:03.207161",16,176.0,48.0,16.0,"",192,176.0,"","",0.004144227595088683,4,2,0.0,8,"","","","","","","","","","","","","","","","","","","","","","","","","","","","","","","","","","","","","","","","","","",0.1023048460483551,43.12352752685547,0.7034483551979065,0.7804827690124512,0.7863717675209045,0.39359110593795776,"","","","","","","","","","","","","","","","","","","","","","","","","","","","","","","","","","","","","","","","","","","","","","","","","",0.07797881215810776,"","PRUNED"
32,0.07531782239675522,"2025-05-16 15:26:00.902520","2025-05-16 15:26:08.164324","0 days 00:00:07.261804",32,192.0,80.0,"","",192,192.0,"","",0.0010769206604292275,3,2,0.0,7,"","","","","","","","","","","","","","","","","","","","","","","","","","","","","","","","","","","","","","","","","","",0.09907130897045135,38.858638763427734,0.7163023948669434,0.7837476134300232,0.8217909932136536,0.383342444896698,0.15684831142425537,1045.9478759765625,0.7032539248466492,0.7293570637702942,0.8663073182106018,0.16007834672927856,0.09197664260864258,54.20362854003906,0.90501868724823,0.8926464915275574,0.885636031627655,0.5392737090587616,0.09965579211711884,42.7088623046875,0.6471371650695801,0.7728925347328186,0.7820315957069397,0.3307836055755615,"","","","","","","","","","","","","","","","","","","","","","","","","","","","","","","",0.0727604553103447,0.07531782239675522,"PRUNED"
33,0.0788370743393898,"2025-05-16 15:26:08.164618","2025-05-16 15:26:12.406648","0 days 00:00:04.242030",32,224.0,80.0,16.0,"",160,144.0,128.0,"",0.003968377024953122,4,3,0.1,9,"","","","","","","","","","","","","","","","","","","","","","","","","","","","","","","","","","","","","","","","","","",0.09966615587472916,45.82093811035156,0.790183961391449,0.7940484881401062,0.8277957439422607,0.47457951307296753,"","","","","","","","","","","","","","","","","","","","","","","","","","","","","","","","","","","","","","","","","","","","","","","","","",0.0788370743393898,"","PRUNED"
34,0.07878152281045914,"2025-05-16 15:26:12.406942","2025-05-16 15:26:15.476988","0 days 00:00:03.070046",64,128.0,128.0,48.0,176.0,208,160.0,"","",0.014811021454178336,5,2,0.1,7,"","","","","","","","","","","","","","","","","","","","","","","","","","","","","","","","","","","","","","","","","","",0.11273496598005295,45.671932220458984,0.6504812240600586,0.7844641804695129,0.8280637860298157,0.3653355836868286,"","","","","","","","","","","","","","","","","","","","","","","","","","","","","","","","","","","","","","","","","","","","","","","","","",0.07878152281045914,"","PRUNED"
35,0.07836499810218811,"2025-05-16 15:26:15.477289","2025-05-16 15:26:16.779085","0 days 00:00:01.301796",16,256.0,96.0,80.0,32.0,144,208.0,176.0,"",0.0021040102476497973,5,3,0.4,2,"","","","","","","","","","","","","","","","","","","","","","","","","","","","","","","","","","","","","","","","","","",0.10225451737642288,38.35270309448242,0.7307332158088684,0.7577090859413147,0.7997940182685852,0.2751163840293884,"","","","","","","","","","","","","","","","","","","","","","","","","","","","","","","","","","","","","","","","","","","","","","","","","",0.07836499810218811,"","PRUNED"
36,0.07551385462284088,"2025-05-16 15:26:16.779490","2025-05-16 15:26:18.731059","0 days 00:00:01.951569",64,192.0,112.0,32.0,176.0,96,192.0,"","",0.005833564776028152,5,2,0.0,1,"","","","","","","","","","","","","","","","","","","","","","","","","","","","","","","","","","","","","","","","","","",0.10522651672363281,45.86515808105469,0.7674474120140076,0.7610918283462524,0.7956788539886475,0.3532654047012329,0.1737447828054428,1853.5054931640625,0.6965826153755188,0.6584586501121521,0.8455570340156555,0.08589380979537964,0.09454498440027237,50.05867385864258,0.8773316144943237,0.8803079724311829,0.8862334489822388,0.5030939877033234,0.10953690856695175,60.37085723876953,0.6562183499336243,0.734168529510498,0.7529150247573853,0.38105297088623047,"","","","","","","","","","","","","","","","","","","","","","","","","","","","","","","",0.07419475167989731,0.07551385462284088,"PRUNED"
37,0.0750778317451477,"2025-05-16 15:26:18.731376","2025-05-16 15:26:20.502311","0 days 00:00:01.770935",80,144.0,48.0,80.0,"",192,"","","",0.0006278848481464988,4,1,0.0,8,"","","","","","","","","","","","","","","","","","","","","","","","","","","","","","","","","","","","","","","","","","",0.10196809470653534,43.235633850097656,0.698471188545227,0.7786537408828735,0.7887204885482788,0.4166826009750366,"","","","","","","","","","","","","","","","","","","","","","","","","","","","","","","","","","","","","","","","","","","","","","","","","",0.0750778317451477,"","PRUNED"
38,0.45322245359420776,"2025-05-16 15:26:20.502599","2025-05-16 15:26:22.762733","0 days 00:00:02.260134",32,176.0,"","","",112,144.0,112.0,32.0,0.05473947803639079,2,4,0.1,6,"","","","","","","","","","","","","","","","","","","","","","","","","","","","","","","","","","","","","","","","","","",0.16736793518066406,53.15192794799805,0.3079359233379364,0.3392367362976074,0.38500848412513733,-0.6372792720794678,"","","","","","","","","","","","","","","","","","","","","","","","","","","","","","","","","","","","","","","","","","","","","","","","","",0.45322245359420776,"","PRUNED"
39,0.08081468939781189,"2025-05-16 15:26:22.763035","2025-05-16 15:26:24.048923","0 days 00:00:01.285888",192,240.0,176.0,32.0,"",176,"","","",0.00023984557983931044,4,1,0.0,5,"","","","","","","","","","","","","","","","","","","","","","","","","","","","","","","","","","","","","","","","","","",0.09902259707450867,41.93523406982422,0.6837419271469116,0.7740030288696289,0.7997896671295166,0.45589661598205566,"","","","","","","","","","","","","","","","","","","","","","","","","","","","","","","","","","","","","","","","","","","","","","","","","",0.08081468939781189,"","PRUNED"
