"number","value","datetime_start","datetime_complete","duration","params_decoder_layer_width_0","params_decoder_layer_width_1","params_decoder_layer_width_2","params_decoder_layer_width_3","params_decoder_layer_width_4","params_encoder_layer_width_0","params_encoder_layer_width_1","params_encoder_layer_width_2","params_encoder_layer_width_3","params_encoder_layer_width_4","params_lr","params_n_decoder_layers","params_n_encoder_layers","user_attrs_avg_mae","user_attrs_avg_mape","user_attrs_avg_ndcg10","user_attrs_avg_ndcg20","user_attrs_avg_ndcg50","user_attrs_avg_r2","user_attrs_fold10_mae","user_attrs_fold10_mape","user_attrs_fold10_ndcg10","user_attrs_fold10_ndcg20","user_attrs_fold10_ndcg50","user_attrs_fold10_r2","user_attrs_fold11_mae","user_attrs_fold11_mape","user_attrs_fold11_ndcg10","user_attrs_fold11_ndcg20","user_attrs_fold11_ndcg50","user_attrs_fold11_r2","user_attrs_fold12_mae","user_attrs_fold12_mape","user_attrs_fold12_ndcg10","user_attrs_fold12_ndcg20","user_attrs_fold12_ndcg50","user_attrs_fold12_r2","user_attrs_fold13_mae","user_attrs_fold13_mape","user_attrs_fold13_ndcg10","user_attrs_fold13_ndcg20","user_attrs_fold13_ndcg50","user_attrs_fold13_r2","user_attrs_fold14_mae","user_attrs_fold14_mape","user_attrs_fold14_ndcg10","user_attrs_fold14_ndcg20","user_attrs_fold14_ndcg50","user_attrs_fold14_r2","user_attrs_fold15_mae","user_attrs_fold15_mape","user_attrs_fold15_ndcg10","user_attrs_fold15_ndcg20","user_attrs_fold15_ndcg50","user_attrs_fold15_r2","user_attrs_fold1_mae","user_attrs_fold1_mape","user_attrs_fold1_ndcg10","user_attrs_fold1_ndcg20","user_attrs_fold1_ndcg50","user_attrs_fold1_r2","user_attrs_fold2_mae","user_attrs_fold2_mape","user_attrs_fold2_ndcg10","user_attrs_fold2_ndcg20","user_attrs_fold2_ndcg50","user_attrs_fold2_r2","user_attrs_fold3_mae","user_attrs_fold3_mape","user_attrs_fold3_ndcg10","user_attrs_fold3_ndcg20","user_attrs_fold3_ndcg50","user_attrs_fold3_r2","user_attrs_fold4_mae","user_attrs_fold4_mape","user_attrs_fold4_ndcg10","user_attrs_fold4_ndcg20","user_attrs_fold4_ndcg50","user_attrs_fold4_r2","user_attrs_fold5_mae","user_attrs_fold5_mape","user_attrs_fold5_ndcg10","user_attrs_fold5_ndcg20","user_attrs_fold5_ndcg50","user_attrs_fold5_r2","user_attrs_fold6_mae","user_attrs_fold6_mape","user_attrs_fold6_ndcg10","user_attrs_fold6_ndcg20","user_attrs_fold6_ndcg50","user_attrs_fold6_r2","user_attrs_fold7_mae","user_attrs_fold7_mape","user_attrs_fold7_ndcg10","user_attrs_fold7_ndcg20","user_attrs_fold7_ndcg50","user_attrs_fold7_r2","user_attrs_fold8_mae","user_attrs_fold8_mape","user_attrs_fold8_ndcg10","user_attrs_fold8_ndcg20","user_attrs_fold8_ndcg50","user_attrs_fold8_r2","user_attrs_fold9_mae","user_attrs_fold9_mape","user_attrs_fold9_ndcg10","user_attrs_fold9_ndcg20","user_attrs_fold9_ndcg50","user_attrs_fold9_r2","user_attrs_pca_components","system_attrs_completed_rung_0","system_attrs_completed_rung_1","state"
33,0.09565018862485886,"2025-05-16 15:07:17.952484","2025-05-16 15:07:18.417013","0 days 00:00:00.464529",128,112.0,96.0,16.0,16.0,112,"","","","",0.0037981525470140737,5,1,"","","","","","","","","","","","","","","","","","","","","","","","","","","","","","","","","","","","","","","","","","",0.13088172674179077,53.02732467651367,0.9025937914848328,0.8696348667144775,0.8141937851905823,0.1355299949645996,"","","","","","","","","","","","","","","","","","","","","","","","","","","","","","","","","","","","","","","","","","","","","","","","","",0.09565018862485886,"","PRUNED"
34,0.09962791949510574,"2025-05-16 15:07:18.417306","2025-05-16 15:07:19.782333","0 days 00:00:01.365027",160,128.0,32.0,"","",144,96.0,"","","",0.002758982313245846,3,2,"","","","","","","","","","","","","","","","","","","","","","","","","","","","","","","","","","","","","","","","","","",0.13149124383926392,57.169097900390625,0.8371342420578003,0.7349135875701904,0.7413590550422668,0.13257437944412231,0.20139668881893158,3092.5166015625,0.5746878385543823,0.6139799952507019,0.8074095249176025,0.006592094898223877,0.11964386701583862,75.96137237548828,0.8178774118423462,0.8072877526283264,0.8123860359191895,0.18861311674118042,0.09238635748624802,53.00466537475586,0.9431780576705933,0.8368531465530396,0.8418735861778259,0.5217405557632446,"","","","","","","","","","","","","","","","","","","","","","","","","","","","","","","",0.07583044469356537,0.09962791949510574,"PRUNED"
35,0.08978632837533951,"2025-05-16 15:07:19.782622","2025-05-16 15:07:20.512925","0 days 00:00:00.730303",112,96.0,48.0,96.0,"",160,128.0,240.0,"","",0.006505247856067671,4,3,"","","","","","","","","","","","","","","","","","","","","","","","","","","","","","","","","","","","","","","","","","",0.12712742388248444,51.8869743347168,0.890785813331604,0.7828879952430725,0.765741229057312,0.15747946500778198,"","","","","","","","","","","","","","","","","","","","","","","","","","","","","","","","","","","","","","","","","","","","","","","","","",0.08978632837533951,"","PRUNED"
36,0.09844813495874405,"2025-05-16 15:07:20.513235","2025-05-16 15:07:20.958656","0 days 00:00:00.445421",160,96.0,96.0,"","",192,"","","","",0.017993129810471624,3,1,"","","","","","","","","","","","","","","","","","","","","","","","","","","","","","","","","","","","","","","","","","",0.14099819958209991,56.17828369140625,0.6220808029174805,0.6997074484825134,0.7151333093643188,-0.10538804531097412,"","","","","","","","","","","","","","","","","","","","","","","","","","","","","","","","","","","","","","","","","","","","","","","","","",0.09844813495874405,"","PRUNED"
37,0.10710454732179642,"2025-05-16 15:07:20.958907","2025-05-16 15:07:21.551707","0 days 00:00:00.592800",208,160.0,48.0,48.0,"",128,80.0,"","","",0.0009294250586100511,4,2,"","","","","","","","","","","","","","","","","","","","","","","","","","","","","","","","","","","","","","","","","","",0.12220550328493118,55.2708625793457,0.8767229914665222,0.7473702430725098,0.7451316714286804,0.18164211511611938,"","","","","","","","","","","","","","","","","","","","","","","","","","","","","","","","","","","","","","","","","","","","","","","","","",0.10710454732179642,"","PRUNED"
38,0.1428956667582194,"2025-05-16 15:07:21.551963","2025-05-16 15:07:25.048324","0 days 00:00:03.496361",96,128.0,208.0,128.0,128.0,80,"","","","",0.009269362983843836,5,1,0.1428956667582194,1120.791630045573,0.7012093517929315,0.7065298473462462,0.6985336349656185,-0.26397491097450254,0.12441851198673248,204.2103729248047,0.819019615650177,0.8659842610359192,0.8791157603263855,0.5351783931255341,0.14812305569648743,60.448204040527344,0.9804171323776245,0.8613396286964417,0.7432729601860046,0.12810230255126953,0.09019926935434341,148.9247283935547,0.8400605916976929,0.8484663367271423,0.7962879538536072,0.42860227823257446,0.09761308133602142,69.23043060302734,0.7077266573905945,0.721838653087616,0.7620475888252258,0.3333508372306824,0.17821432650089264,194.87440490722656,0.8700322508811951,0.8701618313789368,0.7283124327659607,0.2642943263053894,0.09338591247797012,131.921630859375,0.6336904764175415,0.6936402320861816,0.74705570936203,0.17965716123580933,0.12991049885749817,51.90435028076172,0.9223771691322327,0.8135981559753418,0.8072986006736755,0.12928038835525513,0.21480053663253784,3759.8662109375,0.4538118839263916,0.6292435526847839,0.773513674736023,-0.041458964347839355,0.12326719611883163,78.82442474365234,0.8153252005577087,0.7776591181755066,0.7952349781990051,0.08469158411026001,0.12104080617427826,86.32429504394531,0.8773624897003174,0.8442713022232056,0.8221510052680969,0.376224160194397,0.12858766317367554,942.8438110351562,0.4660356640815735,0.5291726589202881,0.5723793506622314,-0.2676175832748413,0.3277038633823395,7332.36376953125,0.011615058407187462,0.014715784229338169,0.011649766936898232,-7.077059745788574,0.11597086489200592,330.130615234375,0.855609655380249,0.7875945568084717,0.7589594125747681,0.3875473737716675,0.1346302628517151,633.3460693359375,0.35466527938842773,0.44315391778945923,0.48530301451683044,0.08649778366088867,0.11556915193796158,2786.6611328125,0.9103911519050598,0.897107720375061,0.7954223155975342,0.493086040019989,0.0,0.08184527605772018,0.07024107128381729,"COMPLETE"
39,0.124612957239151,"2025-05-16 15:07:25.048745","2025-05-16 15:07:25.573186","0 days 00:00:00.524441",96,144.0,192.0,240.0,112.0,80,"","","","",0.031297643494983755,5,1,"","","","","","","","","","","","","","","","","","","","","","","","","","","","","","","","","","","","","","","","","","",0.16693148016929626,54.15880584716797,0.41345834732055664,0.43758636713027954,0.512258768081665,-0.5982500314712524,"","","","","","","","","","","","","","","","","","","","","","","","","","","","","","","","","","","","","","","","","","","","","","","","","",0.124612957239151,"","PRUNED"
40,0.09904294461011887,"2025-05-16 15:07:25.573447","2025-05-16 15:07:26.876122","0 days 00:00:01.302675",96,128.0,240.0,208.0,128.0,96,"","","","",0.01305133970359369,5,1,"","","","","","","","","","","","","","","","","","","","","","","","","","","","","","","","","","","","","","","","","","",0.14445939660072327,62.73149871826172,0.8158808350563049,0.7531589269638062,0.7725414633750916,0.02518153190612793,0.21324564516544342,4132.5634765625,0.5535119771957397,0.5708033442497253,0.8030222058296204,-0.055908203125,0.10634207725524902,85.341796875,0.778876543045044,0.7765653133392334,0.7983529567718506,0.37996524572372437,0.10752079635858536,60.951690673828125,0.902238130569458,0.7686641216278076,0.798912763595581,0.39499789476394653,"","","","","","","","","","","","","","","","","","","","","","","","","","","","","","","",0.08844100683927536,0.09904294461011887,"PRUNED"
41,0.13753969073295594,"2025-05-16 15:07:26.876384","2025-05-16 15:07:30.620533","0 days 00:00:03.744149",128,80.0,208.0,144.0,192.0,112,"","","","",0.0075360562042874,5,1,0.13753969073295594,1005.0767954508464,0.7066246972729763,0.6725400826583307,0.6810997954259316,-0.10374730428059896,0.16118687391281128,238.12039184570312,0.82197505235672,0.802927553653717,0.6741756796836853,0.20980381965637207,0.13807232677936554,69.35333251953125,1.0,0.8317577242851257,0.753697395324707,0.2617270350456238,0.08610395342111588,141.23135375976562,0.9460915923118591,0.9074252247810364,0.8667129874229431,0.4663238525390625,0.08843741565942764,71.81552124023438,0.8403144478797913,0.8334627747535706,0.8509453535079956,0.4528835415840149,0.18518656492233276,156.08468627929688,0.9727391600608826,0.8813942074775696,0.7878302931785583,0.18566811084747314,0.10797496885061264,169.10130310058594,0.5086237192153931,0.5223661661148071,0.6505767703056335,-0.11867570877075195,0.12864480912685394,52.603553771972656,0.9118344783782959,0.8127498626708984,0.8044324517250061,0.13790440559387207,0.22182685136795044,4065.906494140625,0.6070807576179504,0.5901280045509338,0.8109495043754578,0.027061104774475098,0.11172901093959808,74.21546173095703,0.8036335706710815,0.8198946714401245,0.817007303237915,0.2132205367088318,0.1057882010936737,79.67155456542969,0.8751828074455261,0.8587318658828735,0.838418185710907,0.47807496786117554,0.10359368473291397,644.1283569335938,0.3761850595474243,0.37987253069877625,0.48525270819664,0.03483986854553223,0.2639898657798767,5902.45361328125,0.0168349239975214,0.015188874676823616,0.014940189197659492,-4.860665321350098,0.11247938871383667,391.936767578125,0.9146906733512878,0.8181875944137573,0.7230697274208069,0.40660256147384644,0.13593271374702454,528.933837890625,0.10070642828941345,0.14759117364883423,0.3411189615726471,0.01091909408569336,0.11214873194694519,2490.595703125,0.9034777879714966,0.8664230108261108,0.7973694205284119,0.5381025671958923,0.0,0.06688577681779861,0.08154959231615067,"COMPLETE"
42,0.13408651798963547,"2025-05-16 15:07:30.620955","2025-05-16 15:07:34.331095","0 days 00:00:03.710140",128,80.0,208.0,160.0,192.0,112,"","","","",0.008691426256586438,5,1,0.13408651798963547,1000.2884595235189,0.6961269931246837,0.6808625451599558,0.6970854130884011,-0.09002920389175414,0.1316876858472824,224.69207763671875,0.8673492670059204,0.8967599272727966,0.8521714210510254,0.46359747648239136,0.14918692409992218,71.43852996826172,0.7969005107879639,0.7565218210220337,0.6728137731552124,0.11632764339447021,0.10070495307445526,157.95359802246094,0.5878468155860901,0.6083536148071289,0.6870165467262268,0.26679372787475586,0.10239127278327942,74.7443618774414,0.7895750403404236,0.7834042310714722,0.7973200678825378,0.2496938705444336,0.1367834359407425,206.7970733642578,0.9851899743080139,0.9700214862823486,0.9328680038452148,0.5668986141681671,0.1009393110871315,147.10728454589844,0.6037991046905518,0.619459867477417,0.6971819400787354,0.023829877376556396,0.11458299309015274,49.68575668334961,0.9187592267990112,0.7881574630737305,0.8134230971336365,0.24881136417388916,0.22004589438438416,4239.75341796875,0.5198304057121277,0.5150283575057983,0.7640324831008911,-0.01347815990447998,0.11562865227460861,79.32051086425781,0.8213990926742554,0.7596616744995117,0.793858528137207,0.296065092086792,0.1216050460934639,71.04952239990234,0.7530872821807861,0.7575829029083252,0.7758743762969971,0.2766932249069214,0.12096201628446579,1034.0367431640625,0.44256290793418884,0.5421568751335144,0.5622203350067139,-0.10618174076080322,0.2593875527381897,6067.36181640625,0.012340927496552467,0.010835218243300915,0.016516517847776413,-4.72195291519165,0.12485930323600769,372.5719909667969,0.7885714769363403,0.7383062243461609,0.7266636490821838,0.31457436084747314,0.12511344254016876,376.3665771484375,0.6077936887741089,0.5380991697311401,0.5191391706466675,0.05219358205795288,0.0874192863702774,1831.4476318359375,0.9468991756439209,0.9285893440246582,0.8451812863349915,0.6156959235668182,0.0,0.08155380934476852,0.07824169099330902,"COMPLETE"
43,0.08399411290884018,"2025-05-16 15:07:34.331607","2025-05-16 15:07:35.556973","0 days 00:00:01.225366",128,64.0,160.0,160.0,192.0,112,"","","","",0.007996375868389896,5,1,"","","","","","","","","","","","","","","","","","","","","","","","","","","","","","","","","","","","","","","","","","",0.11567982286214828,47.36806869506836,0.8980260491371155,0.7707506418228149,0.8001599311828613,0.21445626020431519,0.22053392231464386,3464.558349609375,0.5705482363700867,0.5762181878089905,0.8012676239013672,0.0005457401275634766,0.10902195423841476,72.277099609375,0.7968122363090515,0.7827043533325195,0.8099095821380615,0.29385906457901,0.10277419537305832,65.9162826538086,0.9057732224464417,0.847284197807312,0.8178306221961975,0.4985452890396118,"","","","","","","","","","","","","","","","","","","","","","","","","","","","","","","",0.08039294928312302,0.08399411290884018,"PRUNED"
44,0.09734372794628143,"2025-05-16 15:07:35.557254","2025-05-16 15:07:36.091970","0 days 00:00:00.534716",112,80.0,208.0,144.0,208.0,112,"","","","",0.015730182503670174,5,1,"","","","","","","","","","","","","","","","","","","","","","","","","","","","","","","","","","","","","","","","","","",0.15062426030635834,49.82124710083008,0.5065292119979858,0.6492837071418762,0.7081447243690491,-0.3609548807144165,"","","","","","","","","","","","","","","","","","","","","","","","","","","","","","","","","","","","","","","","","","","","","","","","","",0.09734372794628143,"","PRUNED"
45,0.12746523121992748,"2025-05-16 15:07:36.092224","2025-05-16 15:07:39.994306","0 days 00:00:03.902082",160,64.0,240.0,224.0,240.0,144,"","","","",0.004860631311821882,5,1,0.12746523121992748,938.0440073649089,0.7519468785574038,0.7080121075113615,0.7105331394821406,0.021004627148310345,0.13208767771720886,217.38201904296875,0.868789553642273,0.880685031414032,0.8330844044685364,0.4703178405761719,0.1259903609752655,67.78237915039062,1.0,0.9142411947250366,0.8060969114303589,0.4063364863395691,0.08692367374897003,168.9431915283203,0.9511067271232605,0.8760825395584106,0.8325487375259399,0.4526711702346802,0.0836246907711029,76.6290054321289,0.9434653520584106,0.8906400203704834,0.8880162835121155,0.501444548368454,0.16560374200344086,147.5672149658203,0.9052268862724304,0.8770385980606079,0.8611799478530884,0.35335618257522583,0.11404651403427124,175.58660888671875,0.5813007354736328,0.48310908675193787,0.5815730094909668,-0.2114551067352295,0.11205460131168365,52.42646789550781,0.9200912117958069,0.8307087421417236,0.8239938020706177,0.2714007496833801,0.20808644592761993,4504.98681640625,0.47746217250823975,0.5283804535865784,0.7796335220336914,0.08253002166748047,0.12270748615264893,79.99349975585938,0.8447079658508301,0.8317055106163025,0.816487729549408,-0.14491331577301025,0.1022762879729271,69.54009246826172,0.9278101325035095,0.8762392997741699,0.8186864256858826,0.5107859075069427,0.10767869651317596,908.0654907226562,0.5182738304138184,0.5151101350784302,0.5273105502128601,0.04822260141372681,0.2229505479335785,4874.38525390625,0.011431815102696419,0.010907910764217377,0.018168529495596886,-3.523505210876465,0.10179281234741211,302.3163146972656,0.9874370098114014,0.8225885629653931,0.7697808742523193,0.4793333411216736,0.12385818362236023,436.1200866699219,0.4352259635925293,0.41411292552948,0.5061752796173096,0.042764365673065186,0.10229674726724625,1988.9356689453125,0.9068738222122192,0.8686316013336182,0.7952610850334167,0.5757798254489899,0.0,0.0821281224489212,0.07516192644834518,"COMPLETE"
46,0.08162844926118851,"2025-05-16 15:07:39.994711","2025-05-16 15:07:40.987000","0 days 00:00:00.992289",176,32.0,"","","",176,"","","","",0.004743387425154011,2,1,"","","","","","","","","","","","","","","","","","","","","","","","","","","","","","","","","","","","","","","","","","",0.11875224113464355,53.90192794799805,0.921294093132019,0.8540347218513489,0.8015943169593811,0.2669689655303955,0.20696036517620087,3657.09423828125,0.49099957942962646,0.5315764546394348,0.7858375310897827,0.05671042203903198,0.11662610620260239,71.1136245727539,0.7545677423477173,0.7593739032745361,0.7569332718849182,0.23676460981369019,0.104950912296772,55.841835021972656,0.9089102745056152,0.818461000919342,0.8250771760940552,0.3924492597579956,"","","","","","","","","","","","","","","","","","","","","","","","","","","","","","","",0.06799432635307312,0.08162844926118851,"PRUNED"
47,0.12008540481328964,"2025-05-16 15:07:40.987250","2025-05-16 15:07:44.229815","0 days 00:00:03.242565",256,64.0,240.0,"","",144,"","","","",0.0036503696259247995,3,1,0.12008540481328964,788.4519004821777,0.8259459594885509,0.7863109807173411,0.7746748169263203,0.17027461330095928,0.11558648943901062,223.4373321533203,0.9314494729042053,0.9117829203605652,0.895756185054779,0.5738763213157654,0.10927992314100266,55.669044494628906,1.0,0.9577391147613525,0.8948546648025513,0.54002845287323,0.0807572677731514,147.88816833496094,0.9600979685783386,0.9381800889968872,0.8461118340492249,0.5346652269363403,0.07243140786886215,58.5947380065918,0.9630160331726074,0.9124923348426819,0.9113865494728088,0.609330952167511,0.15674357116222382,189.18460083007812,0.983070969581604,0.9842188358306885,0.914962112903595,0.4956943392753601,0.09100937843322754,130.11126708984375,0.5966121554374695,0.6721901297569275,0.7592810392379761,0.14277464151382446,0.11957729607820511,49.67818832397461,0.9219014644622803,0.8616191744804382,0.8111760020256042,0.22538477182388306,0.19287511706352234,3237.147216796875,0.602012574672699,0.617306649684906,0.8254508972167969,0.11920589208602905,0.11244471371173859,70.92501831054688,0.8627766966819763,0.8335096836090088,0.8096569180488586,0.281311571598053,0.09363828599452972,52.66597366333008,0.917900025844574,0.8491846323013306,0.8367441892623901,0.46256548166275024,0.15155650675296783,1374.564208984375,0.6743960380554199,0.6627928614616394,0.6312817335128784,-0.8020528554916382,0.19179701805114746,3959.503662109375,0.5626657009124756,0.4425148665904999,0.3644474744796753,-1.8301095962524414,0.0996369794011116,299.7109069824219,0.9703528881072998,0.8005898594856262,0.734805703163147,0.4913873076438904,0.1289774477481842,421.97479248046875,0.49466773867607117,0.42784398794174194,0.5103104710578918,0.046485304832458496,0.0849696695804596,1555.723388671875,0.9482696652412415,0.9226995706558228,0.8738964796066284,0.6635713875293732,0.0,0.0710659995675087,0.0674421489238739,"COMPLETE"
48,0.08899549394845963,"2025-05-16 15:07:44.230229","2025-05-16 15:07:44.930784","0 days 00:00:00.700555",256,64.0,240.0,"","",208,64.0,16.0,"","",0.0020480214022393674,3,3,"","","","","","","","","","","","","","","","","","","","","","","","","","","","","","","","","","","","","","","","","","",0.14019903540611267,58.41358947753906,0.5436023473739624,0.5354137420654297,0.6280433535575867,-0.05234694480895996,"","","","","","","","","","","","","","","","","","","","","","","","","","","","","","","","","","","","","","","","","","","","","","","","","",0.08899549394845963,"","PRUNED"
49,0.08745190501213074,"2025-05-16 15:07:44.931083","2025-05-16 15:07:45.501426","0 days 00:00:00.570343",240,32.0,240.0,"","",256,32.0,"","","",0.003703115133083214,3,2,"","","","","","","","","","","","","","","","","","","","","","","","","","","","","","","","","","","","","","","","","","",0.11570575088262558,49.19169235229492,0.9228784441947937,0.7684458494186401,0.788088321685791,0.2266242504119873,"","","","","","","","","","","","","","","","","","","","","","","","","","","","","","","","","","","","","","","","","","","","","","","","","",0.08745190501213074,"","PRUNED"
