"number","value","datetime_start","datetime_complete","duration","params_decoder_layer_width_0","params_decoder_layer_width_1","params_decoder_layer_width_2","params_decoder_layer_width_3","params_decoder_layer_width_4","params_encoder_layer_width_0","params_encoder_layer_width_1","params_encoder_layer_width_2","params_encoder_layer_width_3","params_encoder_layer_width_4","params_graphsage_aggregator","params_lr","params_n_decoder_layers","params_n_encoder_layers","user_attrs_avg_mae","user_attrs_avg_mape","user_attrs_avg_ndcg10","user_attrs_avg_ndcg20","user_attrs_avg_ndcg50","user_attrs_avg_r2","user_attrs_fold10_mae","user_attrs_fold10_mape","user_attrs_fold10_ndcg10","user_attrs_fold10_ndcg20","user_attrs_fold10_ndcg50","user_attrs_fold10_r2","user_attrs_fold11_mae","user_attrs_fold11_mape","user_attrs_fold11_ndcg10","user_attrs_fold11_ndcg20","user_attrs_fold11_ndcg50","user_attrs_fold11_r2","user_attrs_fold12_mae","user_attrs_fold12_mape","user_attrs_fold12_ndcg10","user_attrs_fold12_ndcg20","user_attrs_fold12_ndcg50","user_attrs_fold12_r2","user_attrs_fold13_mae","user_attrs_fold13_mape","user_attrs_fold13_ndcg10","user_attrs_fold13_ndcg20","user_attrs_fold13_ndcg50","user_attrs_fold13_r2","user_attrs_fold14_mae","user_attrs_fold14_mape","user_attrs_fold14_ndcg10","user_attrs_fold14_ndcg20","user_attrs_fold14_ndcg50","user_attrs_fold14_r2","user_attrs_fold15_mae","user_attrs_fold15_mape","user_attrs_fold15_ndcg10","user_attrs_fold15_ndcg20","user_attrs_fold15_ndcg50","user_attrs_fold15_r2","user_attrs_fold1_mae","user_attrs_fold1_mape","user_attrs_fold1_ndcg10","user_attrs_fold1_ndcg20","user_attrs_fold1_ndcg50","user_attrs_fold1_r2","user_attrs_fold2_mae","user_attrs_fold2_mape","user_attrs_fold2_ndcg10","user_attrs_fold2_ndcg20","user_attrs_fold2_ndcg50","user_attrs_fold2_r2","user_attrs_fold3_mae","user_attrs_fold3_mape","user_attrs_fold3_ndcg10","user_attrs_fold3_ndcg20","user_attrs_fold3_ndcg50","user_attrs_fold3_r2","user_attrs_fold4_mae","user_attrs_fold4_mape","user_attrs_fold4_ndcg10","user_attrs_fold4_ndcg20","user_attrs_fold4_ndcg50","user_attrs_fold4_r2","user_attrs_fold5_mae","user_attrs_fold5_mape","user_attrs_fold5_ndcg10","user_attrs_fold5_ndcg20","user_attrs_fold5_ndcg50","user_attrs_fold5_r2","user_attrs_fold6_mae","user_attrs_fold6_mape","user_attrs_fold6_ndcg10","user_attrs_fold6_ndcg20","user_attrs_fold6_ndcg50","user_attrs_fold6_r2","user_attrs_fold7_mae","user_attrs_fold7_mape","user_attrs_fold7_ndcg10","user_attrs_fold7_ndcg20","user_attrs_fold7_ndcg50","user_attrs_fold7_r2","user_attrs_fold8_mae","user_attrs_fold8_mape","user_attrs_fold8_ndcg10","user_attrs_fold8_ndcg20","user_attrs_fold8_ndcg50","user_attrs_fold8_r2","user_attrs_fold9_mae","user_attrs_fold9_mape","user_attrs_fold9_ndcg10","user_attrs_fold9_ndcg20","user_attrs_fold9_ndcg50","user_attrs_fold9_r2","user_attrs_pca_components","system_attrs_completed_rung_0","system_attrs_completed_rung_1","state"
95,0.07339546829462051,"2025-05-16 15:10:54.175190","2025-05-16 15:10:55.301792","0 days 00:00:01.126602",96,224.0,48.0,112.0,"",256,"","","","","max",0.004105139895394768,4,1,"","","","","","","","","","","","","","","","","","","","","","","","","","","","","","","","","","","","","","","","","","",0.09754271805286407,41.18879318237305,0.8858829140663147,0.8505923748016357,0.8592680096626282,0.3798433542251587,0.20370180904865265,3128.244140625,0.5063833594322205,0.5194944143295288,0.7724999785423279,0.037240684032440186,0.14584872126579285,100.67736053466797,0.2473786622285843,0.513576865196228,0.6191954612731934,-0.21321618556976318,0.1056748628616333,53.19174575805664,0.8165708184242249,0.8368868231773376,0.8230358958244324,0.32340723276138306,"","","","","","","","","","","","","","","","","","","","","","","","","","","","","","","",0.059135448187589645,0.07339546829462051,"PRUNED"
96,0.1300087720155716,"2025-05-16 15:10:55.302078","2025-05-16 15:10:55.751984","0 days 00:00:00.449906",64,32.0,112.0,208.0,"",160,"","","","","max",0.09653464968722315,4,1,"","","","","","","","","","","","","","","","","","","","","","","","","","","","","","","","","","","","","","","","","","",0.19631704688072205,69.50487518310547,0.3079359233379364,0.3392367362976074,0.38500848412513733,-0.9045681953430176,"","","","","","","","","","","","","","","","","","","","","","","","","","","","","","","","","","","","","","","","","","","","","","","","","",0.1300087720155716,"","PRUNED"
97,0.07253625988960266,"2025-05-16 15:10:55.752285","2025-05-16 15:10:56.146170","0 days 00:00:00.393885",128,96.0,32.0,"","",144,"","","","","mean",0.002724148750593068,3,1,"","","","","","","","","","","","","","","","","","","","","","","","","","","","","","","","","","","","","","","","","","",0.13486237823963165,57.83445739746094,0.6628949642181396,0.6636419296264648,0.7296757102012634,-0.01394963264465332,"","","","","","","","","","","","","","","","","","","","","","","","","","","","","","","","","","","","","","","","","","","","","","","","","",0.07253625988960266,"","PRUNED"
98,0.07370121777057648,"2025-05-16 15:10:56.146455","2025-05-16 15:10:56.583038","0 days 00:00:00.436583",160,192.0,64.0,"","",128,"","","","","max",0.0017321214718088811,3,1,"","","","","","","","","","","","","","","","","","","","","","","","","","","","","","","","","","","","","","","","","","",0.11319457739591599,44.53768539428711,0.7748461365699768,0.7739629745483398,0.78629469871521,0.24534201622009277,"","","","","","","","","","","","","","","","","","","","","","","","","","","","","","","","","","","","","","","","","","","","","","","","","",0.07370121777057648,"","PRUNED"
99,0.07083839178085327,"2025-05-16 15:10:56.583309","2025-05-16 15:10:57.664884","0 days 00:00:01.081575",176,16.0,96.0,160.0,80.0,112,"","","","","add",0.0033334470390305546,5,1,"","","","","","","","","","","","","","","","","","","","","","","","","","","","","","","","","","","","","","","","","","",0.10406234860420227,42.71510696411133,0.7782371640205383,0.7683022022247314,0.812428891658783,0.3138788342475891,0.22458192706108093,3882.484375,0.5248018503189087,0.5153185129165649,0.7854334115982056,-0.17540836334228516,0.11317762732505798,54.967803955078125,0.8981688618659973,0.8762350678443909,0.8730756044387817,0.28798216581344604,0.1189977377653122,60.948326110839844,0.6606419682502747,0.7579941153526306,0.7448432445526123,0.22267937660217285,"","","","","","","","","","","","","","","","","","","","","","","","","","","","","","","",0.07085549086332321,0.07083839178085327,"PRUNED"
