"number","value","datetime_start","datetime_complete","duration","params_decoder_layer_width_0","params_decoder_layer_width_1","params_decoder_layer_width_2","params_decoder_layer_width_3","params_decoder_layer_width_4","params_lr","params_n_decoder_layers","user_attrs_avg_mae","user_attrs_avg_mape","user_attrs_avg_ndcg10","user_attrs_avg_ndcg20","user_attrs_avg_ndcg50","user_attrs_avg_r2","user_attrs_fold10_mae","user_attrs_fold10_mape","user_attrs_fold10_ndcg10","user_attrs_fold10_ndcg20","user_attrs_fold10_ndcg50","user_attrs_fold10_r2","user_attrs_fold11_mae","user_attrs_fold11_mape","user_attrs_fold11_ndcg10","user_attrs_fold11_ndcg20","user_attrs_fold11_ndcg50","user_attrs_fold11_r2","user_attrs_fold12_mae","user_attrs_fold12_mape","user_attrs_fold12_ndcg10","user_attrs_fold12_ndcg20","user_attrs_fold12_ndcg50","user_attrs_fold12_r2","user_attrs_fold13_mae","user_attrs_fold13_mape","user_attrs_fold13_ndcg10","user_attrs_fold13_ndcg20","user_attrs_fold13_ndcg50","user_attrs_fold13_r2","user_attrs_fold14_mae","user_attrs_fold14_mape","user_attrs_fold14_ndcg10","user_attrs_fold14_ndcg20","user_attrs_fold14_ndcg50","user_attrs_fold14_r2","user_attrs_fold15_mae","user_attrs_fold15_mape","user_attrs_fold15_ndcg10","user_attrs_fold15_ndcg20","user_attrs_fold15_ndcg50","user_attrs_fold15_r2","user_attrs_fold16_mae","user_attrs_fold16_mape","user_attrs_fold16_ndcg10","user_attrs_fold16_ndcg20","user_attrs_fold16_ndcg50","user_attrs_fold16_r2","user_attrs_fold17_mae","user_attrs_fold17_mape","user_attrs_fold17_ndcg10","user_attrs_fold17_ndcg20","user_attrs_fold17_ndcg50","user_attrs_fold17_r2","user_attrs_fold1_mae","user_attrs_fold1_mape","user_attrs_fold1_ndcg10","user_attrs_fold1_ndcg20","user_attrs_fold1_ndcg50","user_attrs_fold1_r2","user_attrs_fold2_mae","user_attrs_fold2_mape","user_attrs_fold2_ndcg10","user_attrs_fold2_ndcg20","user_attrs_fold2_ndcg50","user_attrs_fold2_r2","user_attrs_fold3_mae","user_attrs_fold3_mape","user_attrs_fold3_ndcg10","user_attrs_fold3_ndcg20","user_attrs_fold3_ndcg50","user_attrs_fold3_r2","user_attrs_fold4_mae","user_attrs_fold4_mape","user_attrs_fold4_ndcg10","user_attrs_fold4_ndcg20","user_attrs_fold4_ndcg50","user_attrs_fold4_r2","user_attrs_fold5_mae","user_attrs_fold5_mape","user_attrs_fold5_ndcg10","user_attrs_fold5_ndcg20","user_attrs_fold5_ndcg50","user_attrs_fold5_r2","user_attrs_fold6_mae","user_attrs_fold6_mape","user_attrs_fold6_ndcg10","user_attrs_fold6_ndcg20","user_attrs_fold6_ndcg50","user_attrs_fold6_r2","user_attrs_fold7_mae","user_attrs_fold7_mape","user_attrs_fold7_ndcg10","user_attrs_fold7_ndcg20","user_attrs_fold7_ndcg50","user_attrs_fold7_r2","user_attrs_fold8_mae","user_attrs_fold8_mape","user_attrs_fold8_ndcg10","user_attrs_fold8_ndcg20","user_attrs_fold8_ndcg50","user_attrs_fold8_r2","user_attrs_fold9_mae","user_attrs_fold9_mape","user_attrs_fold9_ndcg10","user_attrs_fold9_ndcg20","user_attrs_fold9_ndcg50","user_attrs_fold9_r2","user_attrs_pca_components","system_attrs_completed_rung_0","system_attrs_completed_rung_1","system_attrs_completed_rung_2","state"
16,0.11197604238986969,"2025-05-16 21:28:27.813442","2025-05-16 21:28:28.440632","0 days 00:00:00.627190",112,192.0,192.0,"","",0.002789831277791781,3,"","","","","","","","","","","","","","","","","","","","","","","","","","","","","","","","","","","","","","","","","","","","","","","","","","","","","","",0.16870297491550446,59.03945541381836,0.6199124455451965,0.657466471195221,0.6608710289001465,-0.4874305725097656,0.22331878542900085,2241.724365234375,0.3572274148464203,0.3802558183670044,0.6541911363601685,-0.3298194408416748,0.13689231872558594,54.607879638671875,0.5403860211372375,0.6132606863975525,0.6770668625831604,-0.32906293869018555,0.13051670789718628,59.514259338378906,0.5536535382270813,0.6367510557174683,0.6637641191482544,0.06679236888885498,"","","","","","","","","","","","","","","","","","","","","","","","","","","","","","","",0.10834753513336182,0.11197604238986969,"","PRUNED"
17,0.1178334578871727,"2025-05-16 21:28:28.440875","2025-05-16 21:28:28.710848","0 days 00:00:00.269973",16,224.0,96.0,256.0,"",0.00041363330296885546,4,"","","","","","","","","","","","","","","","","","","","","","","","","","","","","","","","","","","","","","","","","","","","","","","","","","","","","","",0.18207255005836487,66.5833969116211,0.5417889952659607,0.6384157538414001,0.6911427974700928,-0.6138403415679932,"","","","","","","","","","","","","","","","","","","","","","","","","","","","","","","","","","","","","","","","","","","","","","","","","",0.1178334578871727,"","","PRUNED"
18,0.11039794981479645,"2025-05-16 21:28:28.711087","2025-05-16 21:28:29.656947","0 days 00:00:00.945860",224,176.0,256.0,208.0,256.0,0.0015291948013720588,5,"","","","","","","","","","","","","","","","","","","","","","","","","","","","","","","","","","","","","","","","","","","","","","","","","","","","","","",0.14526119828224182,57.78941345214844,0.4848889708518982,0.5763257145881653,0.5468708872795105,-0.17460358142852783,0.23519307374954224,2343.81884765625,0.32011866569519043,0.41167792677879333,0.640268087387085,-0.4499169588088989,0.15648019313812256,78.76075744628906,0.286626935005188,0.3541199862957001,0.4822268784046173,-0.5499629974365234,0.13181689381599426,81.25230407714844,0.5550698637962341,0.6618333458900452,0.6587195992469788,0.18873733282089233,"","","","","","","","","","","","","","","","","","","","","","","","","","","","","","","",0.10653601586818695,0.11039794981479645,"","PRUNED"
19,0.12486303597688675,"2025-05-16 21:28:29.657207","2025-05-16 21:28:29.826652","0 days 00:00:00.169445",112,"","","","",0.00024556656600288086,1,"","","","","","","","","","","","","","","","","","","","","","","","","","","","","","","","","","","","","","","","","","","","","","","","","","","","","","",0.16322872042655945,60.24461364746094,0.41440531611442566,0.38354024291038513,0.5079512596130371,-0.4489394426345825,"","","","","","","","","","","","","","","","","","","","","","","","","","","","","","","","","","","","","","","","","","","","","","","","","",0.12486303597688675,"","","PRUNED"
20,0.1101091131567955,"2025-05-16 21:28:29.826875","2025-05-16 21:28:30.374990","0 days 00:00:00.548115",128,96.0,176.0,"","",0.020740210624811788,3,"","","","","","","","","","","","","","","","","","","","","","","","","","","","","","","","","","","","","","","","","","","","","","","","","","","","","","",0.18548353016376495,62.46470260620117,0.3079359233379364,0.3392367362976074,0.38500848412513733,-0.807487964630127,0.22675423324108124,2527.36474609375,0.32572948932647705,0.3981727957725525,0.643507719039917,-0.3477439880371094,0.1404246985912323,66.06060791015625,0.608550488948822,0.543051540851593,0.6347945928573608,-0.34009313583374023,0.16245263814926147,85.96271514892578,0.2981550693511963,0.41415414214134216,0.5237160325050354,-0.16135716438293457,"","","","","","","","","","","","","","","","","","","","","","","","","","","","","","","",0.10951194167137146,0.1101091131567955,"","PRUNED"
21,0.12927168607711792,"2025-05-16 21:28:30.375243","2025-05-16 21:28:30.608755","0 days 00:00:00.233512",16,112.0,96.0,80.0,"",0.075599534422225,4,"","","","","","","","","","","","","","","","","","","","","","","","","","","","","","","","","","","","","","","","","","","","","","","","","","","","","","",0.16849587857723236,59.26382064819336,0.3924456536769867,0.5449334383010864,0.5729503631591797,-0.5426250696182251,"","","","","","","","","","","","","","","","","","","","","","","","","","","","","","","","","","","","","","","","","","","","","","","","","",0.12927168607711792,"","","PRUNED"
22,0.12144166231155396,"2025-05-16 21:28:30.608994","2025-05-16 21:28:30.862755","0 days 00:00:00.253761",48,144.0,112.0,112.0,"",0.04349540273310535,4,"","","","","","","","","","","","","","","","","","","","","","","","","","","","","","","","","","","","","","","","","","","","","","","","","","","","","","",0.16488663852214813,52.57449722290039,0.21098633110523224,0.25403764843940735,0.42285364866256714,-0.5909024477005005,"","","","","","","","","","","","","","","","","","","","","","","","","","","","","","","","","","","","","","","","","","","","","","","","","",0.12144166231155396,"","","PRUNED"
23,0.11167052388191223,"2025-05-16 21:28:30.863003","2025-05-16 21:28:31.125264","0 days 00:00:00.262261",160,96.0,64.0,80.0,"",0.019568606753178713,4,"","","","","","","","","","","","","","","","","","","","","","","","","","","","","","","","","","","","","","","","","","","","","","","","","","","","","","",0.1528882384300232,50.1939582824707,0.5677444934844971,0.6266289353370667,0.5979172587394714,-0.4310954809188843,"","","","","","","","","","","","","","","","","","","","","","","","","","","","","","","","","","","","","","","","","","","","","","","","","",0.11167052388191223,"","","PRUNED"
24,0.11095799505710602,"2025-05-16 21:28:31.125505","2025-05-16 21:28:31.837087","0 days 00:00:00.711582",32,128.0,128.0,112.0,240.0,0.00531073440878412,5,"","","","","","","","","","","","","","","","","","","","","","","","","","","","","","","","","","","","","","","","","","","","","","","","","","","","","","",0.16071631014347076,62.936031341552734,0.6215318441390991,0.6388984322547913,0.6092676520347595,-0.25240302085876465,0.24430575966835022,1948.4798583984375,0.27301615476608276,0.43552619218826294,0.6577392816543579,-0.553720235824585,0.14000464975833893,67.94132995605469,0.1353815495967865,0.22668574750423431,0.4758850932121277,-0.35048747062683105,0.14283810555934906,67.40164184570312,0.5855377316474915,0.6513711810112,0.6923184394836426,-0.02382183074951172,"","","","","","","","","","","","","","","","","","","","","","","","","","","","","","","",0.10540513694286346,0.11095799505710602,"","PRUNED"
25,0.11395367980003357,"2025-05-16 21:28:31.837352","2025-05-16 21:28:32.112246","0 days 00:00:00.274894",128,160.0,224.0,32.0,"",0.03762213826272648,4,"","","","","","","","","","","","","","","","","","","","","","","","","","","","","","","","","","","","","","","","","","","","","","","","","","","","","","",0.19344335794448853,67.63782501220703,0.4390178620815277,0.4951621890068054,0.47514843940734863,-0.8782558441162109,"","","","","","","","","","","","","","","","","","","","","","","","","","","","","","","","","","","","","","","","","","","","","","","","","",0.11395367980003357,"","","PRUNED"
26,0.11568188667297363,"2025-05-16 21:28:32.112492","2025-05-16 21:28:32.323738","0 days 00:00:00.211246",80,256.0,"","","",0.013522311538451329,2,"","","","","","","","","","","","","","","","","","","","","","","","","","","","","","","","","","","","","","","","","","","","","","","","","","","","","","",0.17575839161872864,75.74633026123047,0.5268555879592896,0.6016677021980286,0.6019981503486633,-0.42263472080230713,"","","","","","","","","","","","","","","","","","","","","","","","","","","","","","","","","","","","","","","","","","","","","","","","","",0.11568188667297363,"","","PRUNED"
27,0.10829788446426392,"2025-05-16 21:28:32.323974","2025-05-16 21:28:34.323340","0 days 00:00:01.999366",176,224.0,64.0,"","",0.0028161784164497192,3,"","","","","","",0.12862306833267212,518.3275756835938,0.13902676105499268,0.15844818949699402,0.42110100388526917,-0.001748800277709961,0.10657725483179092,775.075927734375,0.2888944745063782,0.3816812336444855,0.5981713533401489,0.22494953870773315,0.19939053058624268,257.6572570800781,0.35709020495414734,0.32272109389305115,0.2450539767742157,-0.15340185165405273,0.18242771923542023,63.98562240600586,0.31746822595596313,0.3106442987918854,0.39677557349205017,-0.4160282611846924,0.13202257454395294,269.0577697753906,0.15722034871578217,0.2454575151205063,0.28510186076164246,-0.011789441108703613,0.1186516210436821,81.72643280029297,0.1761649250984192,0.2159733772277832,0.26625123620033264,-0.1669090986251831,0.22937752306461334,173.40606689453125,0.6508455872535706,0.48767510056495667,0.545176088809967,-0.21884584426879883,"","","","","","",0.14361919462680817,51.450401306152344,0.47418054938316345,0.5704527497291565,0.5863094329833984,-0.16906166076660156,0.23329629004001617,2606.78564453125,0.32003286480903625,0.4207407832145691,0.6357971429824829,-0.41375529766082764,0.13815952837467194,65.45820617675781,0.28652238845825195,0.4041886329650879,0.49085289239883423,-0.3746289014816284,0.14499704539775848,63.03343200683594,0.498482882976532,0.603145182132721,0.6702123880386353,-0.018182992935180664,0.09284081310033798,43530.390625,0.4122682809829712,0.39093294739723206,0.3729114234447479,0.011907100677490234,0.11082040518522263,721.2850341796875,0.14202861487865448,0.17774470150470734,0.21691562235355377,-0.26977336406707764,0.14364290237426758,238.32249450683594,0.3351190984249115,0.3706982731819153,0.5361610054969788,-0.00643157958984375,0.08436838537454605,862.1300659179688,0.058928150683641434,0.10249412804841995,0.12053749710321426,0.07715725898742676,0.13347883522510529,364.00677490234375,0.3113516569137573,0.2954140305519104,0.5324152708053589,0.11988258361816406,"",0.1074768453836441,0.10785908252000809,0.10829788446426392,"PRUNED"
28,0.12894727289676666,"2025-05-16 21:28:34.323623","2025-05-16 21:28:34.656033","0 days 00:00:00.332410",208,160.0,160.0,208.0,16.0,0.04391658024129984,5,"","","","","","","","","","","","","","","","","","","","","","","","","","","","","","","","","","","","","","","","","","","","","","","","","","","","","","",0.19004276394844055,65.42749786376953,0.3079359233379364,0.3392367362976074,0.38500848412513733,-0.8476721048355103,"","","","","","","","","","","","","","","","","","","","","","","","","","","","","","","","","","","","","","","","","","","","","","","","","",0.12894727289676666,"","","PRUNED"
29,0.1112624779343605,"2025-05-16 21:28:34.656289","2025-05-16 21:28:35.192988","0 days 00:00:00.536699",96,128.0,128.0,"","",0.001028100952637916,3,"","","","","","","","","","","","","","","","","","","","","","","","","","","","","","","","","","","","","","","","","","","","","","","","","","","","","","",0.16417060792446136,62.71683120727539,0.4225711524486542,0.5523314476013184,0.633535623550415,-0.29998350143432617,0.22412310540676117,2394.946533203125,0.46341201663017273,0.5310401320457458,0.779838502407074,-0.3084639310836792,0.1446608603000641,60.277069091796875,0.671330988407135,0.6406962871551514,0.6584967970848083,-0.412411093711853,0.12656603753566742,54.503089904785156,0.5126205086708069,0.6134412288665771,0.6789134740829468,0.10855752229690552,"","","","","","","","","","","","","","","","","","","","","","","","","","","","","","","",0.10876061767339706,0.1112624779343605,"","PRUNED"
30,0.11127100139856339,"2025-05-16 21:28:35.193231","2025-05-16 21:28:35.453891","0 days 00:00:00.260660",160,80.0,192.0,64.0,"",0.004743619187618101,4,"","","","","","","","","","","","","","","","","","","","","","","","","","","","","","","","","","","","","","","","","","","","","","","","","","","","","","",0.1456003338098526,58.83824157714844,0.4864426255226135,0.5735955238342285,0.5932949185371399,-0.2060871124267578,"","","","","","","","","","","","","","","","","","","","","","","","","","","","","","","","","","","","","","","","","","","","","","","","","",0.11127100139856339,"","","PRUNED"
31,0.10956508666276932,"2025-05-16 21:28:35.454142","2025-05-16 21:28:35.713293","0 days 00:00:00.259151",176,208.0,64.0,"","",0.002217181649360237,3,"","","","","","","","","","","","","","","","","","","","","","","","","","","","","","","","","","","","","","","","","","","","","","","","","","","","","","",0.16265350580215454,54.456298828125,0.5199973583221436,0.5896279215812683,0.6049397587776184,-0.4655876159667969,"","","","","","","","","","","","","","","","","","","","","","","","","","","","","","","","","","","","","","","","","","","","","","","","","",0.10956508666276932,"","","PRUNED"
32,0.10725004225969315,"2025-05-16 21:28:35.713551","2025-05-16 21:28:37.961496","0 days 00:00:02.247945",176,224.0,32.0,144.0,"",0.003962542285731092,4,"","","","","","",0.13199186325073242,605.5261840820312,0.2380911111831665,0.26138806343078613,0.37799638509750366,0.016288042068481445,0.10780796408653259,521.0451049804688,0.4733692705631256,0.3959978222846985,0.47079309821128845,0.1107437014579773,0.20455847680568695,293.4058532714844,0.10709448903799057,0.10455295443534851,0.12249036133289337,-0.16780245304107666,0.18186421692371368,63.440696716308594,0.579168438911438,0.5073563456535339,0.4397870600223541,-0.39706647396087646,0.1248226910829544,228.13031005859375,0.08031242340803146,0.11967206001281738,0.1354726403951645,-0.034155845642089844,0.1142905130982399,83.05608367919922,0.5390612483024597,0.49946731328964233,0.5393944978713989,-0.0691307783126831,0.2354913055896759,179.3878936767578,0.26226404309272766,0.30029943585395813,0.39722806215286255,-0.2899101972579956,"","","","","","",0.13960988819599152,55.87691116333008,0.6777623891830444,0.6577451825141907,0.6242111921310425,-0.059819817543029785,0.2317485809326172,2413.112548828125,0.29566600918769836,0.39517542719841003,0.6190059781074524,-0.42003679275512695,0.14664003252983093,63.681610107421875,0.6082781553268433,0.6223134398460388,0.6519054174423218,-0.38146913051605225,0.13642235100269318,66.03498840332031,0.5387703776359558,0.6319620609283447,0.6617169380187988,0.08986681699752808,0.08765259385108948,38019.609375,0.2693718671798706,0.24908873438835144,0.36070743203163147,-0.053283095359802246,0.10696294158697128,600.0624389648438,0.259079247713089,0.2911035120487213,0.28953495621681213,-0.2366502285003662,0.1439402550458908,110.43437957763672,0.4328337013721466,0.35660651326179504,0.545764148235321,-0.1291428804397583,0.09232162684202194,992.6988525390625,0.057309385389089584,0.1013980582356453,0.11614199727773666,0.03172975778579712,0.14011143147945404,444.46734619140625,0.23122887313365936,0.27562907338142395,0.48700687289237976,0.08639836311340332,"",0.10915704071521759,0.10762699693441391,0.10725004225969315,"PRUNED"
33,0.11322678625583649,"2025-05-16 21:28:37.961807","2025-05-16 21:28:38.236988","0 days 00:00:00.275181",144,192.0,96.0,128.0,"",0.0002260175562524707,4,"","","","","","","","","","","","","","","","","","","","","","","","","","","","","","","","","","","","","","","","","","","","","","","","","","","","","","",0.17757225036621094,63.20832824707031,0.5805227160453796,0.6469212770462036,0.697807788848877,-0.5951529741287231,"","","","","","","","","","","","","","","","","","","","","","","","","","","","","","","","","","","","","","","","","","","","","","","","","",0.11322678625583649,"","","PRUNED"
34,0.12385795265436172,"2025-05-16 21:28:38.237228","2025-05-16 21:28:38.470134","0 days 00:00:00.232906",96,32.0,32.0,176.0,"",0.0001494553140921307,4,"","","","","","","","","","","","","","","","","","","","","","","","","","","","","","","","","","","","","","","","","","","","","","","","","","","","","","",0.17471188306808472,57.94633483886719,0.48790377378463745,0.556479811668396,0.6147706508636475,-0.6537529230117798,"","","","","","","","","","","","","","","","","","","","","","","","","","","","","","","","","","","","","","","","","","","","","","","","","",0.12385795265436172,"","","PRUNED"
35,0.11268999427556992,"2025-05-16 21:28:38.470380","2025-05-16 21:28:38.793946","0 days 00:00:00.323566",208,240.0,16.0,144.0,160.0,0.00037260238035917236,5,"","","","","","","","","","","","","","","","","","","","","","","","","","","","","","","","","","","","","","","","","","","","","","","","","","","","","","",0.16998858749866486,59.16096115112305,0.675327479839325,0.6842415928840637,0.6452617049217224,-0.5253726243972778,"","","","","","","","","","","","","","","","","","","","","","","","","","","","","","","","","","","","","","","","","","","","","","","","","",0.11268999427556992,"","","PRUNED"
36,0.11797518283128738,"2025-05-16 21:28:38.794241","2025-05-16 21:28:39.059297","0 days 00:00:00.265056",64,176.0,80.0,224.0,"",0.00011140469012955755,4,"","","","","","","","","","","","","","","","","","","","","","","","","","","","","","","","","","","","","","","","","","","","","","","","","","","","","","",0.1792578250169754,62.31581115722656,0.5734986662864685,0.5897482633590698,0.6586800813674927,-0.6282229423522949,"","","","","","","","","","","","","","","","","","","","","","","","","","","","","","","","","","","","","","","","","","","","","","","","","",0.11797518283128738,"","","PRUNED"
37,0.11012841761112213,"2025-05-16 21:28:39.059554","2025-05-16 21:28:39.726230","0 days 00:00:00.666676",240,16.0,32.0,96.0,192.0,0.009684269671714953,5,"","","","","","","","","","","","","","","","","","","","","","","","","","","","","","","","","","","","","","","","","","","","","","","","","","","","","","",0.15980976819992065,58.44445037841797,0.4703936278820038,0.564103901386261,0.5859023928642273,-0.3278193473815918,0.2259652465581894,1319.684814453125,0.3460024893283844,0.3961014747619629,0.6539812088012695,-0.4813908338546753,0.14938399195671082,65.88641357421875,0.13932602107524872,0.43294498324394226,0.5736918449401855,-0.45205461978912354,0.14306388795375824,62.870513916015625,0.6273952126502991,0.6205946803092957,0.6991956233978271,-0.06030762195587158,"","","","","","","","","","","","","","","","","","","","","","","","","","","","","","","",0.10919126868247986,0.11012841761112213,"","PRUNED"
