"number","value","datetime_start","datetime_complete","duration","params_decoder_layer_width_0","params_decoder_layer_width_1","params_decoder_layer_width_2","params_decoder_layer_width_3","params_decoder_layer_width_4","params_encoder_layer_width_0","params_encoder_layer_width_1","params_encoder_layer_width_2","params_encoder_layer_width_3","params_encoder_layer_width_4","params_graphsage_aggregator","params_lr","params_n_decoder_layers","params_n_encoder_layers","user_attrs_avg_mae","user_attrs_avg_mape","user_attrs_avg_ndcg10","user_attrs_avg_ndcg20","user_attrs_avg_ndcg50","user_attrs_avg_r2","user_attrs_fold10_mae","user_attrs_fold10_mape","user_attrs_fold10_ndcg10","user_attrs_fold10_ndcg20","user_attrs_fold10_ndcg50","user_attrs_fold10_r2","user_attrs_fold11_mae","user_attrs_fold11_mape","user_attrs_fold11_ndcg10","user_attrs_fold11_ndcg20","user_attrs_fold11_ndcg50","user_attrs_fold11_r2","user_attrs_fold12_mae","user_attrs_fold12_mape","user_attrs_fold12_ndcg10","user_attrs_fold12_ndcg20","user_attrs_fold12_ndcg50","user_attrs_fold12_r2","user_attrs_fold13_mae","user_attrs_fold13_mape","user_attrs_fold13_ndcg10","user_attrs_fold13_ndcg20","user_attrs_fold13_ndcg50","user_attrs_fold13_r2","user_attrs_fold14_mae","user_attrs_fold14_mape","user_attrs_fold14_ndcg10","user_attrs_fold14_ndcg20","user_attrs_fold14_ndcg50","user_attrs_fold14_r2","user_attrs_fold15_mae","user_attrs_fold15_mape","user_attrs_fold15_ndcg10","user_attrs_fold15_ndcg20","user_attrs_fold15_ndcg50","user_attrs_fold15_r2","user_attrs_fold16_mae","user_attrs_fold16_mape","user_attrs_fold16_ndcg10","user_attrs_fold16_ndcg20","user_attrs_fold16_ndcg50","user_attrs_fold16_r2","user_attrs_fold17_mae","user_attrs_fold17_mape","user_attrs_fold17_ndcg10","user_attrs_fold17_ndcg20","user_attrs_fold17_ndcg50","user_attrs_fold17_r2","user_attrs_fold1_mae","user_attrs_fold1_mape","user_attrs_fold1_ndcg10","user_attrs_fold1_ndcg20","user_attrs_fold1_ndcg50","user_attrs_fold1_r2","user_attrs_fold2_mae","user_attrs_fold2_mape","user_attrs_fold2_ndcg10","user_attrs_fold2_ndcg20","user_attrs_fold2_ndcg50","user_attrs_fold2_r2","user_attrs_fold3_mae","user_attrs_fold3_mape","user_attrs_fold3_ndcg10","user_attrs_fold3_ndcg20","user_attrs_fold3_ndcg50","user_attrs_fold3_r2","user_attrs_fold4_mae","user_attrs_fold4_mape","user_attrs_fold4_ndcg10","user_attrs_fold4_ndcg20","user_attrs_fold4_ndcg50","user_attrs_fold4_r2","user_attrs_fold5_mae","user_attrs_fold5_mape","user_attrs_fold5_ndcg10","user_attrs_fold5_ndcg20","user_attrs_fold5_ndcg50","user_attrs_fold5_r2","user_attrs_fold6_mae","user_attrs_fold6_mape","user_attrs_fold6_ndcg10","user_attrs_fold6_ndcg20","user_attrs_fold6_ndcg50","user_attrs_fold6_r2","user_attrs_fold7_mae","user_attrs_fold7_mape","user_attrs_fold7_ndcg10","user_attrs_fold7_ndcg20","user_attrs_fold7_ndcg50","user_attrs_fold7_r2","user_attrs_fold8_mae","user_attrs_fold8_mape","user_attrs_fold8_ndcg10","user_attrs_fold8_ndcg20","user_attrs_fold8_ndcg50","user_attrs_fold8_r2","user_attrs_fold9_mae","user_attrs_fold9_mape","user_attrs_fold9_ndcg10","user_attrs_fold9_ndcg20","user_attrs_fold9_ndcg50","user_attrs_fold9_r2","user_attrs_pca_components","system_attrs_completed_rung_0","system_attrs_completed_rung_1","system_attrs_completed_rung_2","state"
93,0.11818740560727961,"2025-05-16 21:08:08.632552","2025-05-16 21:08:12.294860","0 days 00:00:03.662308",208,224.0,128.0,128.0,256.0,96,32.0,"","","","add",0.001993603500064813,5,2,0.11818740560727961,1515.7005451426787,0.8211149047402775,0.8083741401924807,0.7886177985107198,0.29549305754549365,0.11581815034151077,375.9452209472656,0.17420244216918945,0.46482565999031067,0.4987505376338959,0.23373782634735107,0.08398238569498062,1025.902099609375,0.9740127921104431,0.8753981590270996,0.8722547888755798,0.6833372712135315,0.15768389403820038,269.62176513671875,1.0,0.9996765851974487,0.7914199829101562,0.381783664226532,0.11143247783184052,50.03651809692383,1.0,1.0,0.9073737263679504,0.5635134875774384,0.09567032009363174,116.98072052001953,1.0,0.8117108941078186,0.7629824876785278,0.38710105419158936,0.08352585881948471,71.54452514648438,0.8811146020889282,0.8890048861503601,0.8484721183776855,0.5796236097812653,0.1466653048992157,121.9980697631836,1.0,1.0,0.9444241523742676,0.535193681716919,0.07791581749916077,87.79125213623047,0.8729968070983887,0.891542911529541,0.8420653939247131,0.47196996212005615,0.11485518515110016,42.406375885009766,0.6582077145576477,0.7292501330375671,0.7925812602043152,0.2868282198905945,0.20293788611888885,4196.6123046875,0.6822692155838013,0.6325957775115967,0.8460146188735962,0.04381531476974487,0.09631216526031494,64.05644226074219,0.860958456993103,0.875602126121521,0.8419641852378845,0.48851680755615234,0.10804244875907898,52.016170501708984,0.8156303763389587,0.810693085193634,0.8604558706283569,0.500148206949234,0.07467471808195114,13682.6767578125,0.8570618629455566,0.79145747423172,0.7482941746711731,0.38755548000335693,0.09773344546556473,949.7473754882812,0.6014725565910339,0.5542226433753967,0.658522367477417,0.1949082612991333,0.13672477006912231,681.421142578125,0.9705557823181152,0.8026692867279053,0.7691844701766968,0.4248483180999756,0.19096016883850098,3711.59326171875,0.9469966888427734,0.9622119069099426,0.7636598944664001,-1.3766980171203613,0.11425089836120605,266.55926513671875,0.6634740829467773,0.6514988541603088,0.6580825448036194,0.2371988296508789,5.0,0.08533408492803574,0.08750161528587341,0.08681581914424896,"COMPLETE"
94,0.08899690955877304,"2025-05-16 21:08:12.295342","2025-05-16 21:08:13.491219","0 days 00:00:01.195877",192,240.0,96.0,192.0,240.0,80,32.0,"","","","add",0.0008086890536909423,5,2,"","","","","","","","","","","","","","","","","","","","","","","","","","","","","","","","","","","","","","","","","","","","","","","","","","","","","","",0.11429101228713989,42.05038070678711,0.7899960279464722,0.8297232389450073,0.855713427066803,0.3086574077606201,0.20492160320281982,4153.7119140625,0.6273001432418823,0.5975863933563232,0.8262801766395569,-0.008184432983398438,0.10147903859615326,59.783546447753906,0.8744117021560669,0.8862286806106567,0.8494928479194641,0.4309404492378235,0.12147674709558487,53.267032623291016,0.6553203463554382,0.7175381183624268,0.7939701080322266,0.2988499402999878,"","","","","","","","","","","","","","","","","","","","","","","","","","","","","","","",0.0887058898806572,0.08899690955877304,"","PRUNED"
95,0.08829023689031601,"2025-05-16 21:08:13.491548","2025-05-16 21:08:17.417317","0 days 00:00:03.925769",208,256.0,112.0,160.0,256.0,128,16.0,"","","","add",0.0012981870637220054,5,2,"","","","","","",0.11679096519947052,311.9004821777344,0.17419064044952393,0.4629136323928833,0.5124965906143188,0.18807530403137207,0.07834291458129883,795.352294921875,0.9152007102966309,0.8290512561798096,0.872331440448761,0.657833606004715,0.155866801738739,221.13943481445312,1.0,0.9996713995933533,0.7885851860046387,0.3424990773200989,0.10954633355140686,53.47896957397461,1.0,1.0,0.9064222574234009,0.5902816653251648,0.0960916131734848,119.05847930908203,1.0,0.8612673878669739,0.7629324197769165,0.3859891891479492,0.08399985730648041,74.05116271972656,0.857210636138916,0.8977196216583252,0.8404450416564941,0.5663517117500305,0.1427551656961441,124.75244903564453,1.0,1.0,0.9545109272003174,0.5583444833755493,"","","","","","",0.11907292902469635,41.546756744384766,0.8029340505599976,0.829476535320282,0.8222576379776001,0.16024398803710938,0.18346558511257172,3313.377685546875,0.6734552979469299,0.610557496547699,0.8407805562019348,0.1261330246925354,0.11602095514535904,52.27199935913086,0.8765472173690796,0.8904807567596436,0.8626413941383362,0.2220383882522583,0.11426840722560883,52.99382781982422,0.7262712121009827,0.749924898147583,0.7940650582313538,0.39845192432403564,0.07490061223506927,15929.0830078125,0.8616998791694641,0.7820174694061279,0.7391940355300903,0.36712896823883057,0.1037198081612587,1069.6734619140625,0.638718843460083,0.6028150320053101,0.6280733942985535,0.1963045597076416,0.12325190007686615,457.2761535644531,0.8503082990646362,0.7561455965042114,0.7631080746650696,0.41928040981292725,0.17046228051185608,2977.2099609375,0.9469966888427734,0.9624573588371277,0.7574034929275513,-0.9239704608917236,0.11508286744356155,263.2780456542969,0.7252902388572693,0.7426275014877319,0.734481930732727,0.30295032262802124,"",0.08650118857622147,0.08764860033988953,0.08829023689031601,"PRUNED"
96,0.11811780798084595,"2025-05-16 21:08:17.417658","2025-05-16 21:08:21.411462","0 days 00:00:03.993804",208,208.0,128.0,144.0,256.0,96,48.0,"","","","add",0.002199724653922525,5,2,0.11811780798084595,926.0922050476074,0.8339829024146584,0.8192689734346726,0.7954414802439073,0.27298806520069346,0.11503788828849792,364.4915466308594,0.3299976587295532,0.566675066947937,0.5906843543052673,0.2485748529434204,0.08233756572008133,925.3994140625,0.959128201007843,0.8685428500175476,0.8650985956192017,0.659189909696579,0.15457209944725037,259.33038330078125,1.0,0.9996765851974487,0.79107266664505,0.376461386680603,0.10679833590984344,60.85285568237305,1.0,1.0,0.9118080735206604,0.632477343082428,0.0955534502863884,128.93460083007812,1.0,0.8614668250083923,0.7687418460845947,0.40335798263549805,0.088315948843956,64.5482177734375,0.87016761302948,0.8460036516189575,0.850969135761261,0.5264432728290558,0.1551242619752884,112.59574890136719,1.0,1.0,0.9545109272003174,0.48427391052246094,0.0785403698682785,76.93028259277344,0.8670819401741028,0.8487269878387451,0.8326573371887207,0.46355611085891724,0.11068210005760193,43.562870025634766,0.7575429081916809,0.7903082966804504,0.8239734768867493,0.37267541885375977,0.17837639153003693,2429.8271484375,0.6887324452400208,0.6188439130783081,0.8463897705078125,0.10203135013580322,0.146652489900589,60.814125061035156,0.8703312873840332,0.8380972146987915,0.8222452402114868,-0.24091672897338867,0.10484284907579422,50.94954299926758,0.828216016292572,0.8375102877616882,0.8648837804794312,0.5220164954662323,0.07777408510446548,6521.73974609375,0.8943067193031311,0.780783474445343,0.7495338320732117,0.34225964546203613,0.08984869718551636,602.6386108398438,0.5037519931793213,0.5938689708709717,0.6236764192581177,0.17267948389053345,0.13827089965343475,627.7918090820312,0.8469132781028748,0.7402137517929077,0.7447047233581543,0.3229641914367676,0.17034675180912018,3153.331298828125,0.9413089156150818,0.958541214466095,0.7682735323905945,-1.0116114616394043,0.11492855101823807,259.82928466796875,0.8202303647994995,0.7783134579658508,0.7132814526557922,0.26436394453048706,5.0,0.08477925509214401,0.08647327125072479,0.08519432693719864,"COMPLETE"
97,0.10681392252445221,"2025-05-16 21:08:21.411937","2025-05-16 21:08:21.934692","0 days 00:00:00.522755",192,240.0,96.0,160.0,224.0,112,32.0,"","","","mean",0.001662329560841156,5,2,"","","","","","","","","","","","","","","","","","","","","","","","","","","","","","","","","","","","","","","","","","","","","","","","","","","","","","",0.1383923590183258,54.238582611083984,0.7859293222427368,0.7539777159690857,0.7153563499450684,-0.0018297433853149414,"","","","","","","","","","","","","","","","","","","","","","","","","","","","","","","","","","","","","","","","","","","","","","","","","",0.10681392252445221,"","","PRUNED"
98,0.0922846645116806,"2025-05-16 21:08:21.934980","2025-05-16 21:08:23.017744","0 days 00:00:01.082764",224,256.0,112.0,128.0,128.0,128,"","","","","add",0.000671529150496057,5,1,"","","","","","","","","","","","","","","","","","","","","","","","","","","","","","","","","","","","","","","","","","","","","","","","","","","","","","",0.1373605728149414,63.29335021972656,0.6454153656959534,0.7417364120483398,0.7117524743080139,0.13975483179092407,0.2210778146982193,5839.72265625,0.5101628303527832,0.49732354283332825,0.7648457884788513,-0.3305048942565918,0.14386104047298431,82.17432403564453,0.22299467027187347,0.2585384249687195,0.42357105016708374,-0.44654905796051025,0.13811016082763672,90.88458251953125,0.5837554335594177,0.6096424460411072,0.7323885560035706,0.10555285215377808,"","","","","","","","","","","","","","","","","","","","","","","","","","","","","","","",0.08667609095573425,0.0922846645116806,"","PRUNED"
99,0.11091616618282654,"2025-05-16 21:08:23.018041","2025-05-16 21:08:26.873680","0 days 00:00:03.855639",176,224.0,128.0,144.0,256.0,96,16.0,"","","","add",0.0027463179612830296,5,2,0.11091616618282654,1391.334767734303,0.8425222372307497,0.8091608741704155,0.7929306871750775,0.37112664475160484,0.11584785580635071,344.583740234375,0.40641653537750244,0.5761287808418274,0.5990321040153503,0.21752339601516724,0.07613185048103333,883.5690307617188,0.9569571018218994,0.8445256948471069,0.8900238871574402,0.672756165266037,0.15460850298404694,259.781494140625,1.0,0.9996765851974487,0.8002944588661194,0.37477099895477295,0.10753362625837326,60.65825271606445,1.0,1.0,0.9166394472122192,0.6267222166061401,0.09624440222978592,107.3699722290039,1.0,0.8625361919403076,0.7709611058235168,0.35020458698272705,0.084197998046875,78.34564208984375,0.9552111625671387,0.8507490754127502,0.8415212035179138,0.5919511020183563,0.14264443516731262,141.55792236328125,1.0,1.0,0.948772668838501,0.5676101744174957,0.07905490696430206,79.6624755859375,0.9138439893722534,0.8754369616508484,0.8330122232437134,0.44930917024612427,0.11512430757284164,46.431556701660156,0.7707323431968689,0.8070949912071228,0.8390871286392212,0.3477720618247986,0.19043566286563873,3421.123046875,0.6753800511360168,0.6151484847068787,0.8482381701469421,0.11268383264541626,0.10338320583105087,50.62801742553711,0.7353025674819946,0.7513697147369385,0.7595310807228088,0.18167167901992798,0.10162793844938278,52.85444259643555,0.7413160800933838,0.8158459067344666,0.8542112708091736,0.5320369899272919,0.07429862767457962,14844.6025390625,0.8832523822784424,0.7703932523727417,0.7525020241737366,0.3484732508659363,0.0998600646853447,978.3446044921875,0.4509475529193878,0.4615210294723511,0.5397515296936035,0.132801353931427,0.1318928301334381,596.3970947265625,0.9275507926940918,0.7791370153427124,0.7572028040885925,0.448869526386261,0.10136296600103378,1330.6109619140625,0.9413089156150818,0.9586324095726013,0.7660894393920898,-0.023601531982421875,0.11132564395666122,376.1702575683594,0.9646585583686829,0.7875387668609619,0.762951135635376,0.37759798765182495,5.0,0.08370956778526306,0.08685804158449173,0.0858442634344101,"COMPLETE"
