"number","value","datetime_start","datetime_complete","duration","params_decoder_layer_width_0","params_decoder_layer_width_1","params_decoder_layer_width_2","params_decoder_layer_width_3","params_decoder_layer_width_4","params_encoder_layer_width_0","params_encoder_layer_width_1","params_encoder_layer_width_2","params_encoder_layer_width_3","params_encoder_layer_width_4","params_lr","params_n_decoder_layers","params_n_encoder_layers","user_attrs_avg_mae","user_attrs_avg_mape","user_attrs_avg_ndcg10","user_attrs_avg_ndcg20","user_attrs_avg_ndcg50","user_attrs_avg_r2","user_attrs_fold10_mae","user_attrs_fold10_mape","user_attrs_fold10_ndcg10","user_attrs_fold10_ndcg20","user_attrs_fold10_ndcg50","user_attrs_fold10_r2","user_attrs_fold11_mae","user_attrs_fold11_mape","user_attrs_fold11_ndcg10","user_attrs_fold11_ndcg20","user_attrs_fold11_ndcg50","user_attrs_fold11_r2","user_attrs_fold12_mae","user_attrs_fold12_mape","user_attrs_fold12_ndcg10","user_attrs_fold12_ndcg20","user_attrs_fold12_ndcg50","user_attrs_fold12_r2","user_attrs_fold13_mae","user_attrs_fold13_mape","user_attrs_fold13_ndcg10","user_attrs_fold13_ndcg20","user_attrs_fold13_ndcg50","user_attrs_fold13_r2","user_attrs_fold14_mae","user_attrs_fold14_mape","user_attrs_fold14_ndcg10","user_attrs_fold14_ndcg20","user_attrs_fold14_ndcg50","user_attrs_fold14_r2","user_attrs_fold15_mae","user_attrs_fold15_mape","user_attrs_fold15_ndcg10","user_attrs_fold15_ndcg20","user_attrs_fold15_ndcg50","user_attrs_fold15_r2","user_attrs_fold16_mae","user_attrs_fold16_mape","user_attrs_fold16_ndcg10","user_attrs_fold16_ndcg20","user_attrs_fold16_ndcg50","user_attrs_fold16_r2","user_attrs_fold17_mae","user_attrs_fold17_mape","user_attrs_fold17_ndcg10","user_attrs_fold17_ndcg20","user_attrs_fold17_ndcg50","user_attrs_fold17_r2","user_attrs_fold1_mae","user_attrs_fold1_mape","user_attrs_fold1_ndcg10","user_attrs_fold1_ndcg20","user_attrs_fold1_ndcg50","user_attrs_fold1_r2","user_attrs_fold2_mae","user_attrs_fold2_mape","user_attrs_fold2_ndcg10","user_attrs_fold2_ndcg20","user_attrs_fold2_ndcg50","user_attrs_fold2_r2","user_attrs_fold3_mae","user_attrs_fold3_mape","user_attrs_fold3_ndcg10","user_attrs_fold3_ndcg20","user_attrs_fold3_ndcg50","user_attrs_fold3_r2","user_attrs_fold4_mae","user_attrs_fold4_mape","user_attrs_fold4_ndcg10","user_attrs_fold4_ndcg20","user_attrs_fold4_ndcg50","user_attrs_fold4_r2","user_attrs_fold5_mae","user_attrs_fold5_mape","user_attrs_fold5_ndcg10","user_attrs_fold5_ndcg20","user_attrs_fold5_ndcg50","user_attrs_fold5_r2","user_attrs_fold6_mae","user_attrs_fold6_mape","user_attrs_fold6_ndcg10","user_attrs_fold6_ndcg20","user_attrs_fold6_ndcg50","user_attrs_fold6_r2","user_attrs_fold7_mae","user_attrs_fold7_mape","user_attrs_fold7_ndcg10","user_attrs_fold7_ndcg20","user_attrs_fold7_ndcg50","user_attrs_fold7_r2","user_attrs_fold8_mae","user_attrs_fold8_mape","user_attrs_fold8_ndcg10","user_attrs_fold8_ndcg20","user_attrs_fold8_ndcg50","user_attrs_fold8_r2","user_attrs_fold9_mae","user_attrs_fold9_mape","user_attrs_fold9_ndcg10","user_attrs_fold9_ndcg20","user_attrs_fold9_ndcg50","user_attrs_fold9_r2","user_attrs_pca_components","system_attrs_completed_rung_0","system_attrs_completed_rung_1","system_attrs_completed_rung_2","state"
90,0.11625880002975464,"2025-05-16 21:05:19.487733","2025-05-16 21:05:20.097769","0 days 00:00:00.610036",128,192.0,256.0,"","",128,240.0,"","","",0.01938331323831679,3,2,"","","","","","","","","","","","","","","","","","","","","","","","","","","","","","","","","","","","","","","","","","","","","","","","","","","","","","",0.16787804663181305,62.57642364501953,0.3206058144569397,0.36908116936683655,0.5270921587944031,-0.467612624168396,"","","","","","","","","","","","","","","","","","","","","","","","","","","","","","","","","","","","","","","","","","","","","","","","","",0.11625880002975464,"","","PRUNED"
91,0.10516931861639023,"2025-05-16 21:05:20.098057","2025-05-16 21:05:23.834134","0 days 00:00:03.736077",160,208.0,240.0,"","",96,"","","","",0.01263377578675338,3,1,"","","","","","",0.12700173258781433,494.56640625,0.4080313742160797,0.5179023146629333,0.5609709620475769,0.10588723421096802,0.13527372479438782,1906.0146484375,0.26833128929138184,0.2837335169315338,0.5139411091804504,0.15482383966445923,0.19663569331169128,238.31307983398438,0.09662569314241409,0.11766896396875381,0.13274826109409332,-0.16324913501739502,0.19143883883953094,65.88800048828125,0.531984269618988,0.42766237258911133,0.4326077401638031,-0.45350897312164307,0.12514913082122803,226.79232788085938,0.08245041966438293,0.09237756580114365,0.13754397630691528,-0.030742645263671875,0.1316886842250824,129.58340454101562,0.3709731996059418,0.3719009757041931,0.3874508738517761,-0.09555494785308838,0.23467423021793365,160.51283264160156,0.9334707856178284,0.7669716477394104,0.8005183935165405,-0.3083730936050415,"","","","","","",0.1505521684885025,60.080902099609375,0.8804606795310974,0.8408865332603455,0.8120480179786682,-0.04325532913208008,0.21302387118339539,1137.52880859375,0.4477129578590393,0.5186353921890259,0.7206449508666992,-0.3138148784637451,0.1632274091243744,77.53723907470703,0.691082239151001,0.6441919803619385,0.7207083702087402,-0.39210355281829834,0.14869430661201477,60.78496551513672,0.5529853701591492,0.5196689963340759,0.6388604044914246,-0.2551618814468384,0.0883585512638092,22965.279296875,0.704895555973053,0.6533684134483337,0.5519771575927734,0.04926878213882446,0.10060549527406693,396.8680114746094,0.4238296151161194,0.4570922255516052,0.4370003342628479,-0.06893646717071533,0.13535480201244354,246.08106994628906,0.5964379906654358,0.5689791440963745,0.6378222107887268,0.05102819204330444,0.09621794521808624,1228.084716796875,0.051867760717868805,0.05142815411090851,0.0730084478855133,0.05334341526031494,0.13230717182159424,401.29046630859375,0.7569870352745056,0.6181889772415161,0.725765585899353,0.2593780755996704,"",0.10415805876255035,0.10447987914085388,0.10516931861639023,"PRUNED"
92,0.10917142033576965,"2025-05-16 21:05:23.834499","2025-05-16 21:05:24.931837","0 days 00:00:01.097338",160,208.0,240.0,"","",80,"","","","",0.012335878864805291,3,1,"","","","","","","","","","","","","","","","","","","","","","","","","","","","","","","","","","","","","","","","","","","","","","","","","","","","","","",0.19139017164707184,74.29249572753906,0.3720141053199768,0.39922037720680237,0.5143532752990723,-0.7142089605331421,0.1986485719680786,1080.5379638671875,0.5384753942489624,0.5306656956672668,0.7569270730018616,-0.26242685317993164,0.19442841410636902,102.41197204589844,0.8360481858253479,0.745682418346405,0.751471221446991,-1.5165932178497314,0.1522112935781479,88.3444595336914,0.6667888164520264,0.649977445602417,0.6839603781700134,0.07094818353652954,"","","","","","","","","","","","","","","","","","","","","","","","","","","","","","","",0.10392346978187561,0.10917142033576965,"","PRUNED"
93,0.1197010949254036,"2025-05-16 21:05:24.932123","2025-05-16 21:05:25.406321","0 days 00:00:00.474198",144,240.0,240.0,"","",112,"","","","",0.027282948889936303,3,1,"","","","","","","","","","","","","","","","","","","","","","","","","","","","","","","","","","","","","","","","","","","","","","","","","","","","","","",0.16547571122646332,61.174957275390625,0.7282416820526123,0.6829031109809875,0.7027096748352051,-0.3762495517730713,"","","","","","","","","","","","","","","","","","","","","","","","","","","","","","","","","","","","","","","","","","","","","","","","","",0.1197010949254036,"","","PRUNED"
94,0.10926028341054916,"2025-05-16 21:05:25.406569","2025-05-16 21:05:25.847590","0 days 00:00:00.441021",176,192.0,224.0,"","",96,"","","","",0.008592599595677243,3,1,"","","","","","","","","","","","","","","","","","","","","","","","","","","","","","","","","","","","","","","","","","","","","","","","","","","","","","",0.14190524816513062,61.26088333129883,0.8581236004829407,0.7523980736732483,0.7565395832061768,0.07533800601959229,"","","","","","","","","","","","","","","","","","","","","","","","","","","","","","","","","","","","","","","","","","","","","","","","","",0.10926028341054916,"","","PRUNED"
95,0.11821567267179489,"2025-05-16 21:05:25.847856","2025-05-16 21:05:26.364261","0 days 00:00:00.516405",160,208.0,256.0,"","",256,"","","","",0.01809228862277973,3,1,"","","","","","","","","","","","","","","","","","","","","","","","","","","","","","","","","","","","","","","","","","","","","","","","","","","","","","",0.17599914968013763,69.09754180908203,0.45254942774772644,0.44006192684173584,0.6335085034370422,-0.5059326887130737,"","","","","","","","","","","","","","","","","","","","","","","","","","","","","","","","","","","","","","","","","","","","","","","","","",0.11821567267179489,"","","PRUNED"
96,0.1285609006881714,"2025-05-16 21:05:26.364524","2025-05-16 21:05:26.833650","0 days 00:00:00.469126",96,256.0,224.0,"","",240,"","","","",0.03864684478195868,3,1,"","","","","","","","","","","","","","","","","","","","","","","","","","","","","","","","","","","","","","","","","","","","","","","","","","","","","","",0.17972342669963837,58.90901565551758,0.3079359233379364,0.3392367362976074,0.38500848412513733,-0.7564500570297241,"","","","","","","","","","","","","","","","","","","","","","","","","","","","","","","","","","","","","","","","","","","","","","","","","",0.1285609006881714,"","","PRUNED"
97,0.1289832890033722,"2025-05-16 21:05:26.833906","2025-05-16 21:05:27.604365","0 days 00:00:00.770459",112,208.0,96.0,"","",112,176.0,16.0,176.0,"",0.024037394652681527,3,4,"","","","","","","","","","","","","","","","","","","","","","","","","","","","","","","","","","","","","","","","","","","","","","","","","","","","","","",0.18513020873069763,62.23508834838867,0.3079359233379364,0.3392367362976074,0.38500848412513733,-0.8044145107269287,"","","","","","","","","","","","","","","","","","","","","","","","","","","","","","","","","","","","","","","","","","","","","","","","","",0.1289832890033722,"","","PRUNED"
98,0.11014633625745773,"2025-05-16 21:05:27.604667","2025-05-16 21:05:28.709922","0 days 00:00:01.105255",144,224.0,240.0,"","",80,"","","","",0.012129945860224358,3,1,"","","","","","","","","","","","","","","","","","","","","","","","","","","","","","","","","","","","","","","","","","","","","","","","","","","","","","",0.15129433572292328,65.2420883178711,0.7539709806442261,0.746896505355835,0.7344498038291931,-0.016959667205810547,0.21334941685199738,1175.51025390625,0.6809897422790527,0.7453864216804504,0.841951847076416,-0.2092043161392212,0.15653207898139954,83.24372863769531,0.784895658493042,0.7136067152023315,0.7180622816085815,-0.19008243083953857,0.15213412046432495,79.04443359375,0.6302509903907776,0.5455849170684814,0.6861002445220947,-0.03576397895812988,"","","","","","","","","","","","","","","","","","","","","","","","","","","","","","","",0.10431205481290817,0.11014633625745773,"","PRUNED"
99,0.1071164608001709,"2025-05-16 21:05:28.710231","2025-05-16 21:05:32.303629","0 days 00:00:03.593398",144,144.0,256.0,"","",96,"","","","",0.0020256473454256674,3,1,"","","","","","",0.1289144903421402,564.2514038085938,0.39536988735198975,0.3817532956600189,0.5361958146095276,0.07038086652755737,0.18723753094673157,4617.7548828125,0.8537968993186951,0.8577997088432312,0.7759588956832886,0.11433148384094238,0.19923757016658783,261.5683288574219,0.2056184560060501,0.1443944126367569,0.14481805264949799,-0.17593097686767578,0.18689797818660736,64.61043548583984,0.310346394777298,0.2762264013290405,0.28427764773368835,-0.4671570062637329,0.1277506947517395,237.21249389648438,0.11079776287078857,0.11239827424287796,0.12840476632118225,-0.06458592414855957,0.11531002074480057,86.4254150390625,0.15869911015033722,0.1518217772245407,0.2278505116701126,-0.09410762786865234,0.2332846224308014,175.55484008789062,0.7098143100738525,0.7579023241996765,0.5953734517097473,-0.2747378349304199,"","","","","","",0.1412096470594406,60.53168869018555,0.8660328388214111,0.7567667365074158,0.7530645132064819,0.03465300798416138,0.20478300750255585,1175.4385986328125,0.7240389585494995,0.8121604323387146,0.8831199407577515,-0.11901247501373291,0.15588180720806122,103.83325958251953,0.7230726480484009,0.7096092700958252,0.7056981325149536,-0.39244580268859863,0.12249226123094559,62.764137268066406,0.9259599447250366,0.7910966277122498,0.846798837184906,0.3374270796775818,0.09411516040563583,39033.0625,0.6693425178527832,0.5680216550827026,0.48668861389160156,0.044751763343811035,0.10280386358499527,383.8313903808594,0.32196134328842163,0.3372960090637207,0.3356008231639862,-0.2304314374923706,0.13688507676124573,296.2398376464844,0.6931765079498291,0.5537998080253601,0.6413246393203735,0.08061379194259644,0.09409990906715393,1263.83544921875,0.20616436004638672,0.2652290463447571,0.22992920875549316,0.030986249446868896,0.10717710852622986,445.9485168457031,0.9742579460144043,0.8262228965759277,0.7525383830070496,0.4530988931655884,"",0.1046757772564888,0.10654883086681366,0.1071164608001709,"PRUNED"
