"number","value","datetime_start","datetime_complete","duration","params_decoder_layer_width_0","params_decoder_layer_width_1","params_decoder_layer_width_2","params_decoder_layer_width_3","params_decoder_layer_width_4","params_encoder_layer_width_0","params_encoder_layer_width_1","params_encoder_layer_width_2","params_encoder_layer_width_3","params_encoder_layer_width_4","params_graphsage_aggregator","params_lr","params_n_decoder_layers","params_n_encoder_layers","user_attrs_avg_mae","user_attrs_avg_mape","user_attrs_avg_ndcg10","user_attrs_avg_ndcg20","user_attrs_avg_ndcg50","user_attrs_avg_r2","user_attrs_fold10_mae","user_attrs_fold10_mape","user_attrs_fold10_ndcg10","user_attrs_fold10_ndcg20","user_attrs_fold10_ndcg50","user_attrs_fold10_r2","user_attrs_fold11_mae","user_attrs_fold11_mape","user_attrs_fold11_ndcg10","user_attrs_fold11_ndcg20","user_attrs_fold11_ndcg50","user_attrs_fold11_r2","user_attrs_fold12_mae","user_attrs_fold12_mape","user_attrs_fold12_ndcg10","user_attrs_fold12_ndcg20","user_attrs_fold12_ndcg50","user_attrs_fold12_r2","user_attrs_fold13_mae","user_attrs_fold13_mape","user_attrs_fold13_ndcg10","user_attrs_fold13_ndcg20","user_attrs_fold13_ndcg50","user_attrs_fold13_r2","user_attrs_fold14_mae","user_attrs_fold14_mape","user_attrs_fold14_ndcg10","user_attrs_fold14_ndcg20","user_attrs_fold14_ndcg50","user_attrs_fold14_r2","user_attrs_fold15_mae","user_attrs_fold15_mape","user_attrs_fold15_ndcg10","user_attrs_fold15_ndcg20","user_attrs_fold15_ndcg50","user_attrs_fold15_r2","user_attrs_fold16_mae","user_attrs_fold16_mape","user_attrs_fold16_ndcg10","user_attrs_fold16_ndcg20","user_attrs_fold16_ndcg50","user_attrs_fold16_r2","user_attrs_fold17_mae","user_attrs_fold17_mape","user_attrs_fold17_ndcg10","user_attrs_fold17_ndcg20","user_attrs_fold17_ndcg50","user_attrs_fold17_r2","user_attrs_fold1_mae","user_attrs_fold1_mape","user_attrs_fold1_ndcg10","user_attrs_fold1_ndcg20","user_attrs_fold1_ndcg50","user_attrs_fold1_r2","user_attrs_fold2_mae","user_attrs_fold2_mape","user_attrs_fold2_ndcg10","user_attrs_fold2_ndcg20","user_attrs_fold2_ndcg50","user_attrs_fold2_r2","user_attrs_fold3_mae","user_attrs_fold3_mape","user_attrs_fold3_ndcg10","user_attrs_fold3_ndcg20","user_attrs_fold3_ndcg50","user_attrs_fold3_r2","user_attrs_fold4_mae","user_attrs_fold4_mape","user_attrs_fold4_ndcg10","user_attrs_fold4_ndcg20","user_attrs_fold4_ndcg50","user_attrs_fold4_r2","user_attrs_fold5_mae","user_attrs_fold5_mape","user_attrs_fold5_ndcg10","user_attrs_fold5_ndcg20","user_attrs_fold5_ndcg50","user_attrs_fold5_r2","user_attrs_fold6_mae","user_attrs_fold6_mape","user_attrs_fold6_ndcg10","user_attrs_fold6_ndcg20","user_attrs_fold6_ndcg50","user_attrs_fold6_r2","user_attrs_fold7_mae","user_attrs_fold7_mape","user_attrs_fold7_ndcg10","user_attrs_fold7_ndcg20","user_attrs_fold7_ndcg50","user_attrs_fold7_r2","user_attrs_fold8_mae","user_attrs_fold8_mape","user_attrs_fold8_ndcg10","user_attrs_fold8_ndcg20","user_attrs_fold8_ndcg50","user_attrs_fold8_r2","user_attrs_fold9_mae","user_attrs_fold9_mape","user_attrs_fold9_ndcg10","user_attrs_fold9_ndcg20","user_attrs_fold9_ndcg50","user_attrs_fold9_r2","user_attrs_pca_components","system_attrs_completed_rung_0","system_attrs_completed_rung_1","system_attrs_completed_rung_2","state"
14,0.1108233779668808,"2025-05-16 21:05:49.683270","2025-05-16 21:05:52.581002","0 days 00:00:02.897732",80,"","","","",64,48.0,96.0,"","","add",0.004252251171235597,1,3,"","","","","","",0.13444894552230835,786.042236328125,0.27490895986557007,0.4281519055366516,0.5296743512153625,0.17524981498718262,0.11218270659446716,520.08154296875,0.23870158195495605,0.28667470812797546,0.5989110469818115,0.3091140389442444,0.18547731637954712,296.69146728515625,1.0,0.942484974861145,0.7384280562400818,0.12254852056503296,0.17177356779575348,60.904293060302734,0.8386346697807312,0.7739600539207458,0.8575819134712219,-0.2649749517440796,0.10800055414438248,132.3135986328125,0.9478310346603394,0.8158543705940247,0.7251996994018555,0.12567895650863647,0.10646822303533554,89.66572570800781,0.8579565286636353,0.8522825241088867,0.8476892113685608,0.10137039422988892,0.22777585685253143,164.0155792236328,0.9279630780220032,0.8617764711380005,0.771237313747406,-0.2265949249267578,"","","","","","",0.1787249594926834,66.15322875976562,0.8560279011726379,0.7337687611579895,0.7674062848091125,-0.5732090473175049,0.2356548309326172,4006.489501953125,0.6005356907844543,0.5386376976966858,0.8061907887458801,-0.2459651231765747,0.10181058943271637,69.73633575439453,0.8814632892608643,0.8302030563354492,0.8310470581054688,0.48775047063827515,0.12330454587936401,54.1729850769043,0.4672533869743347,0.5159515142440796,0.7390136122703552,0.09091240167617798,0.08185714483261108,10212.451171875,0.7771113514900208,0.6900521516799927,0.7187923192977905,0.1714334487915039,0.10623419284820557,576.59814453125,0.1709645688533783,0.16384854912757874,0.16060371696949005,-0.19172048568725586,0.13671864569187164,249.57028198242188,0.9254707098007202,0.8338961005210876,0.7960777878761292,0.1856604814529419,0.30971086025238037,5759.001953125,0.023501001298427582,0.022417671978473663,0.020584769546985626,-8.14553451538086,0.17103217542171478,544.306640625,0.24101361632347107,0.37567374110221863,0.5555795431137085,-0.02056145668029785,"",0.10343779623508453,0.10633132606744766,0.1108233779668808,"PRUNED"
15,0.33502963185310364,"2025-05-16 21:05:52.581339","2025-05-16 21:05:53.070833","0 days 00:00:00.489494",176,240.0,160.0,"","",160,192.0,224.0,16.0,"","add",0.0013230977862881265,3,4,"","","","","","","","","","","","","","","","","","","","","","","","","","","","","","","","","","","","","","","","","","","","","","","","","","","","","","",0.1379721760749817,48.13627624511719,0.8011438250541687,0.7911086082458496,0.8309046626091003,-0.07509803771972656,"","","","","","","","","","","","","","","","","","","","","","","","","","","","","","","","","","","","","","","","","","","","","","","","","",0.33502963185310364,"","","PRUNED"
16,0.1109161227941513,"2025-05-16 21:05:53.071167","2025-05-16 21:05:53.592286","0 days 00:00:00.521119",128,64.0,"","","",192,16.0,176.0,240.0,16.0,"mean",0.000464910958245474,2,5,"","","","","","","","","","","","","","","","","","","","","","","","","","","","","","","","","","","","","","","","","","","","","","","","","","","","","","",0.1703539937734604,63.03080368041992,0.7206430435180664,0.7248031497001648,0.7391183972358704,-0.4491877555847168,"","","","","","","","","","","","","","","","","","","","","","","","","","","","","","","","","","","","","","","","","","","","","","","","","",0.1109161227941513,"","","PRUNED"
17,0.11991436034440994,"2025-05-16 21:05:53.592578","2025-05-16 21:05:53.945013","0 days 00:00:00.352435",64,"","","","",32,176.0,64.0,"","","add",0.07256062867855247,1,3,"","","","","","","","","","","","","","","","","","","","","","","","","","","","","","","","","","","","","","","","","","","","","","","","","","","","","","",1.0410897731781006,618.4827880859375,0.3079359233379364,0.3392367362976074,0.38500848412513733,-25.439098358154297,"","","","","","","","","","","","","","","","","","","","","","","","","","","","","","","","","","","","","","","","","","","","","","","","","",0.11991436034440994,"","","PRUNED"
18,0.12082816660404205,"2025-05-16 21:05:53.945291","2025-05-16 21:05:54.311818","0 days 00:00:00.366527",160,192.0,"","","",128,96.0,"","","","add",0.00023907568513992992,2,2,"","","","","","","","","","","","","","","","","","","","","","","","","","","","","","","","","","","","","","","","","","","","","","","","","","","","","","",0.14260338246822357,46.31107711791992,0.8699774146080017,0.8369508981704712,0.8279385566711426,-0.21884655952453613,"","","","","","","","","","","","","","","","","","","","","","","","","","","","","","","","","","","","","","","","","","","","","","","","","",0.12082816660404205,"","","PRUNED"
19,0.1213698461651802,"2025-05-16 21:05:54.312073","2025-05-16 21:05:54.837674","0 days 00:00:00.525601",112,80.0,16.0,256.0,"",96,224.0,128.0,112.0,"","mean",0.017057727493483214,4,4,"","","","","","","","","","","","","","","","","","","","","","","","","","","","","","","","","","","","","","","","","","","","","","","","","","","","","","",0.2023971974849701,80.80132293701172,0.31611117720603943,0.5514001250267029,0.6067285537719727,-0.7955756187438965,"","","","","","","","","","","","","","","","","","","","","","","","","","","","","","","","","","","","","","","","","","","","","","","","","",0.1213698461651802,"","","PRUNED"
20,0.4472143054008484,"2025-05-16 21:05:54.837971","2025-05-16 21:05:55.187877","0 days 00:00:00.349906",224,"","","","",176,160.0,"","","","add",0.0008778106527309116,1,2,"","","","","","","","","","","","","","","","","","","","","","","","","","","","","","","","","","","","","","","","","","","","","","","","","","","","","","",0.1752421259880066,78.47586822509766,0.6944442391395569,0.7653809189796448,0.799331545829773,-0.25145745277404785,"","","","","","","","","","","","","","","","","","","","","","","","","","","","","","","","","","","","","","","","","","","","","","","","","",0.4472143054008484,"","","PRUNED"
21,0.1091153547167778,"2025-05-16 21:05:55.188155","2025-05-16 21:05:56.562456","0 days 00:00:01.374301",144,"","","","",208,256.0,256.0,64.0,256.0,"add",0.005109681116759963,1,5,"","","","","","","","","","","","","","","","","","","","","","","","","","","","","","","","","","","","","","","","","","","","","","","","","","","","","","",0.1683417111635208,75.36433410644531,0.5797549486160278,0.688068151473999,0.7682198286056519,-0.1290450096130371,0.1936388462781906,2433.9462890625,0.6768189668655396,0.6378111839294434,0.847926676273346,0.02739691734313965,0.149306982755661,55.78388595581055,0.33709216117858887,0.561678946018219,0.6337980031967163,-0.5783326625823975,0.12291349470615387,45.41468811035156,0.6195314526557922,0.6581493616104126,0.7787675857543945,0.03484851121902466,"","","","","","","","","","","","","","","","","","","","","","","","","","","","","","","",0.10323362797498703,0.1091153547167778,"","PRUNED"
22,0.1297646164894104,"2025-05-16 21:05:56.562779","2025-05-16 21:05:57.072749","0 days 00:00:00.509970",112,"","","","",144,224.0,176.0,96.0,176.0,"add",0.007843650871787065,1,5,"","","","","","","","","","","","","","","","","","","","","","","","","","","","","","","","","","","","","","","","","","","","","","","","","","","","","","",0.14484472572803497,44.658447265625,0.7843040227890015,0.8120545744895935,0.8333097100257874,-0.3695790767669678,"","","","","","","","","","","","","","","","","","","","","","","","","","","","","","","","","","","","","","","","","","","","","","","","","",0.1297646164894104,"","","PRUNED"
23,0.10759571939706802,"2025-05-16 21:05:57.073046","2025-05-16 21:05:57.627728","0 days 00:00:00.554682",160,32.0,"","","",192,256.0,32.0,192.0,128.0,"add",0.0031994643738458136,2,5,"","","","","","","","","","","","","","","","","","","","","","","","","","","","","","","","","","","","","","","","","","","","","","","","","","","","","","",0.14671264588832855,56.8560905456543,0.684590756893158,0.7323616743087769,0.8501778244972229,0.0006924271583557129,"","","","","","","","","","","","","","","","","","","","","","","","","","","","","","","","","","","","","","","","","","","","","","","","","",0.10759571939706802,"","","PRUNED"
24,0.11189495772123337,"2025-05-16 21:05:57.628052","2025-05-16 21:05:58.078394","0 days 00:00:00.450342",80,"","","","",112,208.0,192.0,64.0,"","add",0.006484735938954321,1,4,"","","","","","","","","","","","","","","","","","","","","","","","","","","","","","","","","","","","","","","","","","","","","","","","","","","","","","",0.1246507540345192,45.96543502807617,0.5884553790092468,0.7231206893920898,0.7169912457466125,-0.017379403114318848,"","","","","","","","","","","","","","","","","","","","","","","","","","","","","","","","","","","","","","","","","","","","","","","","","",0.11189495772123337,"","","PRUNED"
25,0.11091090738773346,"2025-05-16 21:05:58.078694","2025-05-16 21:05:58.554974","0 days 00:00:00.476280",128,96.0,192.0,"","",192,96.0,96.0,"","","add",0.015245854466751413,3,3,"","","","","","","","","","","","","","","","","","","","","","","","","","","","","","","","","","","","","","","","","","","","","","","","","","","","","","",0.16710558533668518,53.02967834472656,0.3079359233379364,0.3392367362976074,0.38500848412513733,-0.6348594427108765,"","","","","","","","","","","","","","","","","","","","","","","","","","","","","","","","","","","","","","","","","","","","","","","","","",0.11091090738773346,"","","PRUNED"
26,0.09879852831363678,"2025-05-16 21:05:58.555257","2025-05-16 21:06:02.884218","0 days 00:00:04.328961",96,48.0,"","","",64,256.0,48.0,144.0,208.0,"add",0.002654346347143151,2,5,"","","","","","",0.11787128448486328,455.60589599609375,0.5347940325737,0.5660931468009949,0.6039777398109436,0.26534342765808105,0.09253136068582535,398.5028991699219,0.9328805208206177,0.831190824508667,0.862640917301178,0.41127920150756836,0.19047759473323822,236.11288452148438,1.0,0.9996364116668701,0.8020188808441162,-0.08510100841522217,0.12548214197158813,64.63792419433594,1.0,1.0,0.9080166220664978,0.5103313028812408,0.10452208667993546,151.34629821777344,1.0,0.8435962796211243,0.7607316374778748,0.1704256534576416,0.09650403261184692,67.83914947509766,0.9383061528205872,0.8441546559333801,0.8394913077354431,0.3399398922920227,0.21678076684474945,171.27174377441406,1.0,1.0,0.9628188610076904,-0.06986606121063232,"","","","","","",0.14469443261623383,59.14310073852539,0.7642233967781067,0.7785108089447021,0.8463428616523743,0.07522022724151611,0.20452241599559784,2743.794677734375,0.6801722645759583,0.634319007396698,0.853731632232666,-0.06993758678436279,0.10692745447158813,55.22505187988281,0.8489586114883423,0.8983123898506165,0.8566911816596985,0.4191848039627075,0.12711390852928162,50.73147964477539,0.8186893463134766,0.796995997428894,0.8257856965065002,0.1333135962486267,0.079075388610363,16528.01953125,0.8265308141708374,0.7806089520454407,0.7377458810806274,0.30358803272247314,0.09126125276088715,581.108642578125,0.5395129323005676,0.6086539626121521,0.611534833908081,0.1283310055732727,0.14786426723003387,428.09271240234375,0.8739498257637024,0.7743732929229736,0.7822200655937195,0.08675318956375122,0.21206863224506378,4499.8037109375,0.7730300426483154,0.7311267256736755,0.7131706476211548,-2.1660096645355225,0.12063664197921753,371.170654296875,0.6840752959251404,0.7024156451225281,0.7462131977081299,0.1712050437927246,"",0.10650593042373657,0.10168664157390594,0.09879852831363678,"PRUNED"
27,0.2983010411262512,"2025-05-16 21:06:02.884557","2025-05-16 21:06:03.355168","0 days 00:00:00.470611",48,48.0,"","","",80,160.0,48.0,144.0,"","add",0.0021767500284109276,2,4,"","","","","","","","","","","","","","","","","","","","","","","","","","","","","","","","","","","","","","","","","","","","","","","","","","","","","","",0.1627703458070755,56.79673385620117,0.7438561916351318,0.755107581615448,0.7899508476257324,-0.3879626989364624,"","","","","","","","","","","","","","","","","","","","","","","","","","","","","","","","","","","","","","","","","","","","","","","","","",0.2983010411262512,"","","PRUNED"
28,0.11069554090499878,"2025-05-16 21:06:03.355496","2025-05-16 21:06:03.920498","0 days 00:00:00.565002",64,96.0,96.0,"","",48,224.0,64.0,192.0,"","max",0.00022184845361301428,3,4,"","","","","","","","","","","","","","","","","","","","","","","","","","","","","","","","","","","","","","","","","","","","","","","","","","","","","","",0.16023913025856018,53.85835647583008,0.8381739854812622,0.7662668228149414,0.7628397345542908,-0.44467031955718994,"","","","","","","","","","","","","","","","","","","","","","","","","","","","","","","","","","","","","","","","","","","","","","","","","",0.11069554090499878,"","","PRUNED"
29,0.11491112411022186,"2025-05-16 21:06:03.920770","2025-05-16 21:06:04.574491","0 days 00:00:00.653721",96,32.0,192.0,16.0,16.0,48,80.0,16.0,144.0,256.0,"mean",0.0007678450291877871,5,5,"","","","","","","","","","","","","","","","","","","","","","","","","","","","","","","","","","","","","","","","","","","","","","","","","","","","","","",0.18980148434638977,71.82875061035156,0.7574071884155273,0.7246372699737549,0.7502578496932983,-0.6762616634368896,"","","","","","","","","","","","","","","","","","","","","","","","","","","","","","","","","","","","","","","","","","","","","","","","","",0.11491112411022186,"","","PRUNED"
30,0.3029543161392212,"2025-05-16 21:06:04.574820","2025-05-16 21:06:05.048290","0 days 00:00:00.473470",16,48.0,"","","",64,144.0,96.0,208.0,"","add",0.00011606786571531869,2,4,"","","","","","","","","","","","","","","","","","","","","","","","","","","","","","","","","","","","","","","","","","","","","","","","","","","","","","",0.14650364220142365,51.10081481933594,0.1297825127840042,0.15704672038555145,0.31689712405204773,-0.35288679599761963,"","","","","","","","","","","","","","","","","","","","","","","","","","","","","","","","","","","","","","","","","","","","","","","","","",0.3029543161392212,"","","PRUNED"
31,0.10183066129684448,"2025-05-16 21:06:05.048574","2025-05-16 21:06:09.103468","0 days 00:00:04.054894",96,"","","","",144,256.0,48.0,96.0,192.0,"add",0.003698667473666487,1,5,"","","","","","",0.11896029114723206,536.2678833007812,0.322125107049942,0.5252909660339355,0.5611801743507385,0.28011494874954224,0.09082650393247604,858.2266845703125,0.9477651119232178,0.8302468657493591,0.862343430519104,0.5279815196990967,0.17958666384220123,283.77783203125,1.0,0.9996364116668701,0.8609941601753235,0.19663596153259277,0.13117042183876038,69.24176788330078,1.0,1.0,0.9168915152549744,0.4372447729110718,0.10127478092908859,131.34690856933594,1.0,0.8623880743980408,0.7715148329734802,0.300961434841156,0.09512587636709213,63.354103088378906,0.8979291915893555,0.853001058101654,0.8432958126068115,0.4843032956123352,0.21288368105888367,208.1754150390625,1.0,1.0,0.962921679019928,0.047009050846099854,"","","","","","",0.12962621450424194,45.61438751220703,0.6499359011650085,0.7238093018531799,0.8030321002006531,0.038953542709350586,0.21275003254413605,3926.7265625,0.6687568426132202,0.6066410541534424,0.8310605883598328,-0.06669843196868896,0.11604093015193939,61.85636520385742,0.8510283827781677,0.8833964467048645,0.8528968691825867,-0.03371870517730713,0.12151410430669785,49.44437026977539,0.7086079120635986,0.6881939172744751,0.8395095467567444,0.20146238803863525,0.0808742493391037,15691.4169921875,0.8222882747650146,0.7613996863365173,0.6995874643325806,0.25263458490371704,0.09044414013624191,313.74310302734375,0.5776857137680054,0.6342804431915283,0.6451897025108337,0.002668321132659912,0.13085302710533142,291.42364501953125,0.8739498257637024,0.803578794002533,0.7708426713943481,0.2331506609916687,0.173928901553154,3310.547607421875,0.9469966888427734,0.9657933115959167,0.7923874258995056,-1.1712238788604736,0.12592625617980957,224.18026733398438,0.6844086647033691,0.5894930958747864,0.6735778450965881,0.24349480867385864,"",0.10477910935878754,0.09820159524679184,0.10183066129684448,"PRUNED"
32,0.10832326859235764,"2025-05-16 21:06:09.103814","2025-05-16 21:06:10.256161","0 days 00:00:01.152347",96,"","","","",112,240.0,48.0,160.0,208.0,"add",0.0031695248141788285,1,5,"","","","","","","","","","","","","","","","","","","","","","","","","","","","","","","","","","","","","","","","","","","","","","","","","","","","","","",0.15259963274002075,60.240013122558594,0.7924042344093323,0.7936862707138062,0.8330686092376709,-0.07509946823120117,0.19685906171798706,3150.6796875,0.6879493594169617,0.6399974822998047,0.8488785028457642,-0.0018928050994873047,0.11956444382667542,52.08345031738281,0.8510283827781677,0.8974239826202393,0.8675947189331055,0.16750270128250122,0.13690613210201263,69.3547592163086,0.6188493371009827,0.6857584714889526,0.7837055921554565,0.19752758741378784,"","","","","","","","","","","","","","","","","","","","","","","","","","","","","","","",0.10070575773715973,0.10832326859235764,"","PRUNED"
33,0.11890901625156403,"2025-05-16 21:06:10.256468","2025-05-16 21:06:10.725161","0 days 00:00:00.468693",112,"","","","",144,240.0,32.0,112.0,208.0,"add",0.00160924460211793,1,5,"","","","","","","","","","","","","","","","","","","","","","","","","","","","","","","","","","","","","","","","","","","","","","","","","","","","","","",0.16833193600177765,56.71452713012695,0.669148862361908,0.7140301465988159,0.7533906102180481,-0.5285563468933105,"","","","","","","","","","","","","","","","","","","","","","","","","","","","","","","","","","","","","","","","","","","","","","","","","",0.11890901625156403,"","","PRUNED"
34,0.1078796312212944,"2025-05-16 21:06:10.725474","2025-05-16 21:06:11.205945","0 days 00:00:00.480471",64,16.0,"","","",96,208.0,64.0,128.0,80.0,"add",0.02288971871101817,2,5,"","","","","","","","","","","","","","","","","","","","","","","","","","","","","","","","","","","","","","","","","","","","","","","","","","","","","","",0.15660437941551208,63.90492248535156,0.7726842164993286,0.7695099115371704,0.7707892060279846,-0.0858912467956543,"","","","","","","","","","","","","","","","","","","","","","","","","","","","","","","","","","","","","","","","","","","","","","","","","",0.1078796312212944,"","","PRUNED"
