"number","value","datetime_start","datetime_complete","duration","params_decoder_layer_width_0","params_decoder_layer_width_1","params_decoder_layer_width_2","params_decoder_layer_width_3","params_decoder_layer_width_4","params_encoder_layer_width_0","params_encoder_layer_width_1","params_encoder_layer_width_2","params_encoder_layer_width_3","params_lr","params_n_decoder_layers","params_n_encoder_layers","params_transformer_dropout","params_transformer_heads","user_attrs_avg_mae","user_attrs_avg_mape","user_attrs_avg_ndcg10","user_attrs_avg_ndcg20","user_attrs_avg_ndcg50","user_attrs_avg_r2","user_attrs_fold10_mae","user_attrs_fold10_mape","user_attrs_fold10_ndcg10","user_attrs_fold10_ndcg20","user_attrs_fold10_ndcg50","user_attrs_fold10_r2","user_attrs_fold11_mae","user_attrs_fold11_mape","user_attrs_fold11_ndcg10","user_attrs_fold11_ndcg20","user_attrs_fold11_ndcg50","user_attrs_fold11_r2","user_attrs_fold12_mae","user_attrs_fold12_mape","user_attrs_fold12_ndcg10","user_attrs_fold12_ndcg20","user_attrs_fold12_ndcg50","user_attrs_fold12_r2","user_attrs_fold13_mae","user_attrs_fold13_mape","user_attrs_fold13_ndcg10","user_attrs_fold13_ndcg20","user_attrs_fold13_ndcg50","user_attrs_fold13_r2","user_attrs_fold14_mae","user_attrs_fold14_mape","user_attrs_fold14_ndcg10","user_attrs_fold14_ndcg20","user_attrs_fold14_ndcg50","user_attrs_fold14_r2","user_attrs_fold15_mae","user_attrs_fold15_mape","user_attrs_fold15_ndcg10","user_attrs_fold15_ndcg20","user_attrs_fold15_ndcg50","user_attrs_fold15_r2","user_attrs_fold16_mae","user_attrs_fold16_mape","user_attrs_fold16_ndcg10","user_attrs_fold16_ndcg20","user_attrs_fold16_ndcg50","user_attrs_fold16_r2","user_attrs_fold17_mae","user_attrs_fold17_mape","user_attrs_fold17_ndcg10","user_attrs_fold17_ndcg20","user_attrs_fold17_ndcg50","user_attrs_fold17_r2","user_attrs_fold1_mae","user_attrs_fold1_mape","user_attrs_fold1_ndcg10","user_attrs_fold1_ndcg20","user_attrs_fold1_ndcg50","user_attrs_fold1_r2","user_attrs_fold2_mae","user_attrs_fold2_mape","user_attrs_fold2_ndcg10","user_attrs_fold2_ndcg20","user_attrs_fold2_ndcg50","user_attrs_fold2_r2","user_attrs_fold3_mae","user_attrs_fold3_mape","user_attrs_fold3_ndcg10","user_attrs_fold3_ndcg20","user_attrs_fold3_ndcg50","user_attrs_fold3_r2","user_attrs_fold4_mae","user_attrs_fold4_mape","user_attrs_fold4_ndcg10","user_attrs_fold4_ndcg20","user_attrs_fold4_ndcg50","user_attrs_fold4_r2","user_attrs_fold5_mae","user_attrs_fold5_mape","user_attrs_fold5_ndcg10","user_attrs_fold5_ndcg20","user_attrs_fold5_ndcg50","user_attrs_fold5_r2","user_attrs_fold6_mae","user_attrs_fold6_mape","user_attrs_fold6_ndcg10","user_attrs_fold6_ndcg20","user_attrs_fold6_ndcg50","user_attrs_fold6_r2","user_attrs_fold7_mae","user_attrs_fold7_mape","user_attrs_fold7_ndcg10","user_attrs_fold7_ndcg20","user_attrs_fold7_ndcg50","user_attrs_fold7_r2","user_attrs_fold8_mae","user_attrs_fold8_mape","user_attrs_fold8_ndcg10","user_attrs_fold8_ndcg20","user_attrs_fold8_ndcg50","user_attrs_fold8_r2","user_attrs_fold9_mae","user_attrs_fold9_mape","user_attrs_fold9_ndcg10","user_attrs_fold9_ndcg20","user_attrs_fold9_ndcg50","user_attrs_fold9_r2","user_attrs_pca_components","system_attrs_completed_rung_0","system_attrs_completed_rung_1","system_attrs_completed_rung_2","state"
95,0.08070776611566544,"2025-05-16 21:26:49.016257","2025-05-16 21:27:27.480461","0 days 00:00:38.464204",112,208.0,256.0,144.0,"",64,192.0,208.0,"",0.000330340361992777,4,3,0.0,9,"","","","","","",0.11239569634199142,267.54644775390625,0.4590339958667755,0.4792570471763611,0.49499285221099854,0.036619365215301514,0.07022484391927719,462.04547119140625,0.9262351393699646,0.8267561197280884,0.8642420172691345,0.5866735577583313,0.14398610591888428,119.64270782470703,1.0,1.0,0.8261845707893372,0.18940550088882446,0.09940245002508163,52.34986114501953,1.0,1.0,0.9091586470603943,0.6006512641906738,0.09196215122938156,102.52503967285156,1.0,0.8295333385467529,0.7590013742446899,0.330150842666626,0.08224134892225266,64.04777526855469,0.9191439151763916,0.8530683517456055,0.8127342462539673,0.5245114862918854,0.13294656574726105,91.78451538085938,1.0,1.0,0.9628441333770752,0.4897071123123169,"","","","","","",0.10345058888196945,40.246238708496094,0.7390182018280029,0.7841679453849792,0.7965309023857117,0.32925891876220703,0.16646237671375275,1740.61181640625,0.6293914914131165,0.6640511751174927,0.8440784811973572,0.061933934688568115,0.08212694525718689,44.81239700317383,0.901520848274231,0.8806013464927673,0.8844890594482422,0.5363619029521942,0.10288558900356293,49.790771484375,0.7220160961151123,0.7805551290512085,0.8041365146636963,0.44111835956573486,0.0723065584897995,10038.2490234375,0.8389419317245483,0.7536980509757996,0.6865336894989014,0.2751811146736145,0.08927468210458755,429.9383239746094,0.34243932366371155,0.3796946406364441,0.5089309215545654,0.035928308963775635,0.1115194708108902,219.10009765625,0.8178084492683411,0.763200044631958,0.7100958824157715,0.32504308223724365,0.05201869457960129,293.3958435058594,1.0,1.0,0.8304584622383118,0.35896801948547363,0.11323963105678558,222.70994567871094,0.505466103553772,0.5654838681221008,0.5727289915084839,0.06969267129898071,"",0.07831516116857529,0.0803789496421814,0.08070776611566544,"PRUNED"
96,0.08184289187192917,"2025-05-16 21:27:27.480819","2025-05-16 21:28:07.169755","0 days 00:00:39.688936",64,176.0,208.0,112.0,"",48,176.0,208.0,"",0.0004318688550758104,4,3,0.0,10,"","","","","","",0.11231742799282074,276.0420227050781,0.4621870219707489,0.45482712984085083,0.4930625259876251,0.038897156715393066,0.06968840956687927,659.7201538085938,0.9120548367500305,0.8682029247283936,0.8991938233375549,0.6154877543449402,0.14415587484836578,116.02422332763672,1.0,1.0,0.826152503490448,0.1872757077217102,0.10382827371358871,60.53675842285156,1.0,1.0,0.9096649885177612,0.6209996342658997,0.0918411836028099,101.72010803222656,1.0,0.8302528262138367,0.7597187161445618,0.34099167585372925,0.08189453184604645,61.40028762817383,0.9191439151763916,0.8530683517456055,0.801753044128418,0.521056205034256,0.13336487114429474,92.02777862548828,1.0,1.0,0.9628441333770752,0.4853211045265198,"","","","","","",0.10105718672275543,39.50574493408203,0.7245466709136963,0.7940749526023865,0.7922172546386719,0.3554713726043701,0.16481368243694305,1497.204833984375,0.6310607194900513,0.6663325428962708,0.8411921262741089,0.04610085487365723,0.08168436586856842,46.74399948120117,0.9040508270263672,0.8831827044487,0.8892871737480164,0.5591906309127808,0.10104899108409882,49.489845275878906,0.7272989153862,0.7885022163391113,0.8040204644203186,0.4543558955192566,0.07224465906620026,10609.578125,0.8411235213279724,0.7543066143989563,0.682404100894928,0.2889854311943054,0.0915055125951767,419.4982604980469,0.3452594578266144,0.40088024735450745,0.4858190417289734,-0.01722240447998047,0.10975009948015213,244.01068115234375,0.8178084492683411,0.8048467040061951,0.7191173434257507,0.36594563722610474,0.05332542955875397,365.7891845703125,1.0,0.9958203434944153,0.8324107527732849,0.3791402578353882,0.11864598840475082,367.3159484863281,0.5052550435066223,0.5731375217437744,0.6104609370231628,0.14130622148513794,"",0.07967688888311386,0.07972003519535065,0.08184289187192917,"PRUNED"
97,0.08099443465471268,"2025-05-16 21:28:07.170122","2025-05-16 21:28:08.393214","0 days 00:00:01.223092",128,224.0,192.0,128.0,"",144,192.0,192.0,"",0.00027131223115667774,4,3,0.0,2,"","","","","","","","","","","","","","","","","","","","","","","","","","","","","","","","","","","","","","","","","","","","","","","","","","","","","","",0.10037209093570709,39.91591262817383,0.7006012797355652,0.7813787460327148,0.7907664179801941,0.34770894050598145,"","","","","","","","","","","","","","","","","","","","","","","","","","","","","","","","","","","","","","","","","","","","","","","","","",0.08099443465471268,"","","PRUNED"
98,0.08389655500650406,"2025-05-16 21:28:08.393492","2025-05-16 21:28:09.555740","0 days 00:00:01.162248",80,192.0,176.0,160.0,"",64,208.0,64.0,"",0.021261814111975808,4,3,0.0,3,"","","","","","","","","","","","","","","","","","","","","","","","","","","","","","","","","","","","","","","","","","","","","","","","","","","","","","",0.11768555641174316,48.37091064453125,0.7094468474388123,0.7574160099029541,0.8090707659721375,0.33480292558670044,"","","","","","","","","","","","","","","","","","","","","","","","","","","","","","","","","","","","","","","","","","","","","","","","","",0.08389655500650406,"","","PRUNED"
99,0.08072056621313095,"2025-05-16 21:28:09.556044","2025-05-16 21:28:15.997740","0 days 00:00:06.441696",112,208.0,192.0,160.0,"",208,144.0,192.0,"",0.0004919903330303421,4,3,0.0,5,"","","","","","","","","","","","","","","","","","","","","","","","","","","","","","","","","","","","","","","","","","","","","","","","","","","","","","",0.09987879544496536,40.06655502319336,0.74699467420578,0.8046456575393677,0.808540940284729,0.40834200382232666,0.16917790472507477,2046.60546875,0.6293988227844238,0.6436913013458252,0.838356614112854,0.06952154636383057,0.08434952795505524,45.281158447265625,0.9023981094360352,0.8715750575065613,0.8867758512496948,0.5422707498073578,0.102235808968544,48.322357177734375,0.711751401424408,0.7963672876358032,0.7948851585388184,0.41253232955932617,"","","","","","","","","","","","","","","","","","","","","","","","","","","","","","","",0.08007238060235977,0.08072056621313095,"","PRUNED"
