"number","value","datetime_start","datetime_complete","duration","params_decoder_layer_width_0","params_decoder_layer_width_1","params_decoder_layer_width_2","params_decoder_layer_width_3","params_decoder_layer_width_4","params_encoder_layer_width_0","params_encoder_layer_width_1","params_encoder_layer_width_2","params_encoder_layer_width_3","params_encoder_layer_width_4","params_lr","params_n_decoder_layers","params_n_encoder_layers","user_attrs_avg_mae","user_attrs_avg_mape","user_attrs_avg_ndcg10","user_attrs_avg_ndcg20","user_attrs_avg_ndcg50","user_attrs_avg_r2","user_attrs_fold10_mae","user_attrs_fold10_mape","user_attrs_fold10_ndcg10","user_attrs_fold10_ndcg20","user_attrs_fold10_ndcg50","user_attrs_fold10_r2","user_attrs_fold11_mae","user_attrs_fold11_mape","user_attrs_fold11_ndcg10","user_attrs_fold11_ndcg20","user_attrs_fold11_ndcg50","user_attrs_fold11_r2","user_attrs_fold12_mae","user_attrs_fold12_mape","user_attrs_fold12_ndcg10","user_attrs_fold12_ndcg20","user_attrs_fold12_ndcg50","user_attrs_fold12_r2","user_attrs_fold13_mae","user_attrs_fold13_mape","user_attrs_fold13_ndcg10","user_attrs_fold13_ndcg20","user_attrs_fold13_ndcg50","user_attrs_fold13_r2","user_attrs_fold14_mae","user_attrs_fold14_mape","user_attrs_fold14_ndcg10","user_attrs_fold14_ndcg20","user_attrs_fold14_ndcg50","user_attrs_fold14_r2","user_attrs_fold15_mae","user_attrs_fold15_mape","user_attrs_fold15_ndcg10","user_attrs_fold15_ndcg20","user_attrs_fold15_ndcg50","user_attrs_fold15_r2","user_attrs_fold16_mae","user_attrs_fold16_mape","user_attrs_fold16_ndcg10","user_attrs_fold16_ndcg20","user_attrs_fold16_ndcg50","user_attrs_fold16_r2","user_attrs_fold17_mae","user_attrs_fold17_mape","user_attrs_fold17_ndcg10","user_attrs_fold17_ndcg20","user_attrs_fold17_ndcg50","user_attrs_fold17_r2","user_attrs_fold1_mae","user_attrs_fold1_mape","user_attrs_fold1_ndcg10","user_attrs_fold1_ndcg20","user_attrs_fold1_ndcg50","user_attrs_fold1_r2","user_attrs_fold2_mae","user_attrs_fold2_mape","user_attrs_fold2_ndcg10","user_attrs_fold2_ndcg20","user_attrs_fold2_ndcg50","user_attrs_fold2_r2","user_attrs_fold3_mae","user_attrs_fold3_mape","user_attrs_fold3_ndcg10","user_attrs_fold3_ndcg20","user_attrs_fold3_ndcg50","user_attrs_fold3_r2","user_attrs_fold4_mae","user_attrs_fold4_mape","user_attrs_fold4_ndcg10","user_attrs_fold4_ndcg20","user_attrs_fold4_ndcg50","user_attrs_fold4_r2","user_attrs_fold5_mae","user_attrs_fold5_mape","user_attrs_fold5_ndcg10","user_attrs_fold5_ndcg20","user_attrs_fold5_ndcg50","user_attrs_fold5_r2","user_attrs_fold6_mae","user_attrs_fold6_mape","user_attrs_fold6_ndcg10","user_attrs_fold6_ndcg20","user_attrs_fold6_ndcg50","user_attrs_fold6_r2","user_attrs_fold7_mae","user_attrs_fold7_mape","user_attrs_fold7_ndcg10","user_attrs_fold7_ndcg20","user_attrs_fold7_ndcg50","user_attrs_fold7_r2","user_attrs_fold8_mae","user_attrs_fold8_mape","user_attrs_fold8_ndcg10","user_attrs_fold8_ndcg20","user_attrs_fold8_ndcg50","user_attrs_fold8_r2","user_attrs_fold9_mae","user_attrs_fold9_mape","user_attrs_fold9_ndcg10","user_attrs_fold9_ndcg20","user_attrs_fold9_ndcg50","user_attrs_fold9_r2","user_attrs_pca_components","system_attrs_completed_rung_0","system_attrs_completed_rung_1","system_attrs_completed_rung_2","state"
12,0.11832033097743988,"2025-05-16 21:03:43.943105","2025-05-16 21:03:46.432899","0 days 00:00:02.489794",96,224.0,144.0,16.0,"",192,208.0,112.0,16.0,16.0,0.0014394639691587832,4,5,"","","","","","","","","","","","","","","","","","","","","","","","","","","","","","","","","","","","","","","","","","","","","","","","","","","","","","",0.16854961216449738,59.506778717041016,0.7670159339904785,0.689713716506958,0.7261216640472412,-0.4831271171569824,0.2217850387096405,1099.07275390625,0.35807687044143677,0.4814563989639282,0.692746639251709,-0.4592653512954712,0.17549213767051697,75.38396453857422,0.7728471755981445,0.7349333167076111,0.7190988063812256,-0.802655816078186,0.12973585724830627,53.149898529052734,0.4458138346672058,0.5085366368293762,0.6680841445922852,-0.11974751949310303,"","","","","","","","","","","","","","","","","","","","","","","","","","","","","","","",0.11310992389917374,0.11832033097743988,"","PRUNED"
13,0.11405331641435623,"2025-05-16 21:03:46.433199","2025-05-16 21:03:47.276285","0 days 00:00:00.843086",176,160.0,80.0,256.0,240.0,176,80.0,144.0,"","",0.000452438736539465,5,3,"","","","","","","","","","","","","","","","","","","","","","","","","","","","","","","","","","","","","","","","","","","","","","","","","","","","","","",0.15898974239826202,53.94837188720703,0.4130419194698334,0.5027493238449097,0.6482552289962769,-0.43988144397735596,"","","","","","","","","","","","","","","","","","","","","","","","","","","","","","","","","","","","","","","","","","","","","","","","","",0.11405331641435623,"","","PRUNED"
14,0.1133425384759903,"2025-05-16 21:03:47.276576","2025-05-16 21:03:48.724009","0 days 00:00:01.447433",112,96.0,192.0,"","",240,176.0,"","","",0.002669235881245876,3,2,"","","","","","","","","","","","","","","","","","","","","","","","","","","","","","","","","","","","","","","","","","","","","","","","","","","","","","",0.1312042474746704,56.513214111328125,0.8040131330490112,0.751649796962738,0.7718304395675659,0.2004297375679016,0.18939480185508728,1245.78857421875,0.6371233463287354,0.757326602935791,0.8655035495758057,-0.02223038673400879,0.14687296748161316,93.43927001953125,0.7877132892608643,0.7709115743637085,0.7901224493980408,-0.04597437381744385,0.1378898322582245,60.593074798583984,0.6031814217567444,0.6127795577049255,0.6922779083251953,-0.09459817409515381,"","","","","","","","","","","","","","","","","","","","","","","","","","","","","","","",0.11076374351978302,0.1133425384759903,"","PRUNED"
15,0.11511821299791336,"2025-05-16 21:03:48.724276","2025-05-16 21:03:49.199660","0 days 00:00:00.475384",256,208.0,64.0,64.0,"",64,"","","","",0.0005365076140925555,4,1,"","","","","","","","","","","","","","","","","","","","","","","","","","","","","","","","","","","","","","","","","","","","","","","","","","","","","","",0.16251984238624573,59.486080169677734,0.8607533574104309,0.7461234927177429,0.74463951587677,-0.3589324951171875,"","","","","","","","","","","","","","","","","","","","","","","","","","","","","","","","","","","","","","","","","","","","","","","","","",0.11511821299791336,"","","PRUNED"
16,0.11748499423265457,"2025-05-16 21:03:49.199919","2025-05-16 21:03:50.058748","0 days 00:00:00.858829",48,160.0,192.0,"","",160,224.0,256.0,48.0,"",0.029404376343711642,3,4,"","","","","","","","","","","","","","","","","","","","","","","","","","","","","","","","","","","","","","","","","","","","","","","","","","","","","","",0.1307966411113739,38.154869079589844,0.8572670221328735,0.7965456247329712,0.7950082421302795,-0.28492462635040283,"","","","","","","","","","","","","","","","","","","","","","","","","","","","","","","","","","","","","","","","","","","","","","","","","",0.11748499423265457,"","","PRUNED"
17,0.11056698113679886,"2025-05-16 21:03:50.059048","2025-05-16 21:03:51.743304","0 days 00:00:01.684256",160,224.0,"","","",80,80.0,80.0,"","",0.0031532573155310085,2,3,"","","","","","","","","","","","","","","","","","","","","","","","","","","","","","","","","","","","","","","","","","","","","","","","","","","","","","",0.12650981545448303,49.03193283081055,0.8399212956428528,0.7543006539344788,0.7378817796707153,0.11852973699569702,0.21596075594425201,1110.534912109375,0.499530553817749,0.5213905572891235,0.7912381887435913,-0.39654624462127686,0.1289369910955429,61.13203811645508,0.7940579056739807,0.7422125339508057,0.7697377800941467,-0.07838547229766846,0.13417309522628784,53.77212142944336,0.6088645458221436,0.6701065301895142,0.7029089331626892,-0.09675037860870361,"","","","","","","","","","","","","","","","","","","","","","","","","","","","","","","",0.11046270281076431,0.11056698113679886,"","PRUNED"
18,0.11440761387348175,"2025-05-16 21:03:51.743604","2025-05-16 21:03:52.398792","0 days 00:00:00.655188",112,80.0,112.0,208.0,240.0,32,32.0,"","","",0.0007668179393958251,5,2,"","","","","","","","","","","","","","","","","","","","","","","","","","","","","","","","","","","","","","","","","","","","","","","","","","","","","","",0.1572708934545517,57.42763900756836,0.8045915365219116,0.7030722498893738,0.7484537363052368,-0.27968859672546387,"","","","","","","","","","","","","","","","","","","","","","","","","","","","","","","","","","","","","","","","","","","","","","","","","",0.11440761387348175,"","","PRUNED"
19,0.121114082634449,"2025-05-16 21:03:52.399057","2025-05-16 21:03:53.461843","0 days 00:00:01.062786",224,144.0,176.0,80.0,"",224,160.0,16.0,96.0,80.0,0.0001844063738069681,4,5,"","","","","","","","","","","","","","","","","","","","","","","","","","","","","","","","","","","","","","","","","","","","","","","","","","","","","","",0.15512308478355408,47.67716979980469,0.3626427948474884,0.34381407499313354,0.5207840204238892,-0.5146420001983643,"","","","","","","","","","","","","","","","","","","","","","","","","","","","","","","","","","","","","","","","","","","","","","","","","",0.121114082634449,"","","PRUNED"
20,0.11500126868486404,"2025-05-16 21:03:53.462119","2025-05-16 21:03:54.291427","0 days 00:00:00.829308",16,"","","","",144,112.0,176.0,256.0,"",0.0054383377867465695,1,4,"","","","","","","","","","","","","","","","","","","","","","","","","","","","","","","","","","","","","","","","","","","","","","","","","","","","","","",0.1448199301958084,47.44498825073242,0.7241998910903931,0.6867952942848206,0.6883665323257446,-0.2835952043533325,"","","","","","","","","","","","","","","","","","","","","","","","","","","","","","","","","","","","","","","","","","","","","","","","","",0.11500126868486404,"","","PRUNED"
21,0.11781352758407593,"2025-05-16 21:03:54.291694","2025-05-16 21:03:55.139367","0 days 00:00:00.847673",48,"","","","",192,256.0,128.0,224.0,"",0.014785570289431275,1,4,"","","","","","","","","","","","","","","","","","","","","","","","","","","","","","","","","","","","","","","","","","","","","","","","","","","","","","",0.1539696455001831,49.318389892578125,0.36442309617996216,0.40286943316459656,0.6182222366333008,-0.44672274589538574,"","","","","","","","","","","","","","","","","","","","","","","","","","","","","","","","","","","","","","","","","","","","","","","","","",0.11781352758407593,"","","PRUNED"
22,0.11594285070896149,"2025-05-16 21:03:55.139653","2025-05-16 21:03:55.979457","0 days 00:00:00.839804",32,"","","","",208,224.0,96.0,80.0,"",0.012012657925747133,1,4,"","","","","","","","","","","","","","","","","","","","","","","","","","","","","","","","","","","","","","","","","","","","","","","","","","","","","","",0.15465141832828522,49.71955871582031,0.4132612943649292,0.3604865074157715,0.4799613952636719,-0.4546980857849121,"","","","","","","","","","","","","","","","","","","","","","","","","","","","","","","","","","","","","","","","","","","","","","","","","",0.11594285070896149,"","","PRUNED"
23,0.12923479080200195,"2025-05-16 21:03:55.979723","2025-05-16 21:03:57.114624","0 days 00:00:01.134901",80,256.0,256.0,"","",176,240.0,160.0,160.0,256.0,0.0438278305797296,3,5,"","","","","","","","","","","","","","","","","","","","","","","","","","","","","","","","","","","","","","","","","","","","","","","","","","","","","","",0.1894836127758026,65.06414794921875,0.3079359233379364,0.3392367362976074,0.38500848412513733,-0.8426914215087891,"","","","","","","","","","","","","","","","","","","","","","","","","","","","","","","","","","","","","","","","","","","","","","","","","",0.12923479080200195,"","","PRUNED"
24,0.11376485973596573,"2025-05-16 21:03:57.114908","2025-05-16 21:03:57.955545","0 days 00:00:00.840637",48,208.0,"","","",256,192.0,48.0,112.0,"",0.00528163727681691,2,4,"","","","","","","","","","","","","","","","","","","","","","","","","","","","","","","","","","","","","","","","","","","","","","","","","","","","","","",0.1472654938697815,48.369110107421875,0.44869983196258545,0.536885678768158,0.6096092462539673,-0.3515819311141968,"","","","","","","","","","","","","","","","","","","","","","","","","","","","","","","","","","","","","","","","","","","","","","","","","",0.11376485973596573,"","","PRUNED"
25,0.11548936367034912,"2025-05-16 21:03:57.955822","2025-05-16 21:03:58.679148","0 days 00:00:00.723326",128,176.0,64.0,176.0,"",144,224.0,112.0,"","",0.020313037295403003,4,3,"","","","","","","","","","","","","","","","","","","","","","","","","","","","","","","","","","","","","","","","","","","","","","","","","","","","","","",0.1268490105867386,40.398189544677734,0.6247285604476929,0.6745254993438721,0.7145316004753113,-0.14480698108673096,"","","","","","","","","","","","","","","","","","","","","","","","","","","","","","","","","","","","","","","","","","","","","","","","","",0.11548936367034912,"","","PRUNED"
26,0.11371654272079468,"2025-05-16 21:03:58.679410","2025-05-16 21:03:59.634141","0 days 00:00:00.954731",16,144.0,112.0,"","",208,160.0,208.0,208.0,144.0,0.0024262695271058117,3,5,"","","","","","","","","","","","","","","","","","","","","","","","","","","","","","","","","","","","","","","","","","","","","","","","","","","","","","",0.15162095427513123,50.919090270996094,0.5730100274085999,0.5086914896965027,0.5423586964607239,-0.4141230583190918,"","","","","","","","","","","","","","","","","","","","","","","","","","","","","","","","","","","","","","","","","","","","","","","","","",0.11371654272079468,"","","PRUNED"
27,0.11424633860588074,"2025-05-16 21:03:59.634439","2025-05-16 21:04:00.548419","0 days 00:00:00.913980",80,224.0,160.0,256.0,144.0,160,192.0,160.0,64.0,"",0.008499853289291644,5,4,"","","","","","","","","","","","","","","","","","","","","","","","","","","","","","","","","","","","","","","","","","","","","","","","","","","","","","",0.1522771418094635,48.817935943603516,0.5841618776321411,0.5643278956413269,0.6371159553527832,-0.42219507694244385,"","","","","","","","","","","","","","","","","","","","","","","","","","","","","","","","","","","","","","","","","","","","","","","","","",0.11424633860588074,"","","PRUNED"
28,0.11498493701219559,"2025-05-16 21:04:00.548692","2025-05-16 21:04:01.229711","0 days 00:00:00.681019",176,192.0,224.0,192.0,"",112,256.0,"","","",0.0009376579531211909,4,2,"","","","","","","","","","","","","","","","","","","","","","","","","","","","","","","","","","","","","","","","","","","","","","","","","","","","","","",0.1696002185344696,60.85711669921875,0.5712374448776245,0.5868549346923828,0.6769914627075195,-0.4894977807998657,"","","","","","","","","","","","","","","","","","","","","","","","","","","","","","","","","","","","","","","","","","","","","","","","","",0.11498493701219559,"","","PRUNED"
29,0.11528820544481277,"2025-05-16 21:04:01.229973","2025-05-16 21:04:02.845205","0 days 00:00:01.615232",208,64.0,"","","",96,208.0,128.0,"","",0.00739148461677472,2,3,"","","","","","","","","","","","","","","","","","","","","","","","","","","","","","","","","","","","","","","","","","","","","","","","","","","","","","",0.14992187917232513,49.49767303466797,0.3557259738445282,0.396855890750885,0.5584651827812195,-0.3512610197067261,0.22330012917518616,553.5014038085938,0.6302192807197571,0.7201021313667297,0.8554717898368835,-0.4779278039932251,0.16826556622982025,72.51553344726562,0.803543746471405,0.7553355097770691,0.7840104103088379,-0.664482831954956,0.12414294481277466,57.387142181396484,0.8679746985435486,0.7495513558387756,0.7768124341964722,0.10673773288726807,"","","","","","","","","","","","","","","","","","","","","","","","","","","","","","","",0.11361462622880936,0.11528820544481277,"","PRUNED"
30,0.12877297401428223,"2025-05-16 21:04:02.845474","2025-05-16 21:04:03.227890","0 days 00:00:00.382416",32,112.0,48.0,"","",176,"","","","",0.09903715549966995,3,1,"","","","","","","","","","","","","","","","","","","","","","","","","","","","","","","","","","","","","","","","","","","","","","","","","","","","","","",0.19201472401618958,66.70901489257812,0.3079359233379364,0.3392367362976074,0.38500848412513733,-0.8653552532196045,"","","","","","","","","","","","","","","","","","","","","","","","","","","","","","","","","","","","","","","","","","","","","","","","","",0.12877297401428223,"","","PRUNED"
31,0.1182267963886261,"2025-05-16 21:04:03.228176","2025-05-16 21:04:03.732176","0 days 00:00:00.504000",224,"","","","",80,128.0,"","","",0.00936336277285779,1,2,"","","","","","","","","","","","","","","","","","","","","","","","","","","","","","","","","","","","","","","","","","","","","","","","","","","","","","",0.18091855943202972,66.23812103271484,0.3280642628669739,0.42065417766571045,0.5511281490325928,-0.6302838325500488,"","","","","","","","","","","","","","","","","","","","","","","","","","","","","","","","","","","","","","","","","","","","","","","","","",0.1182267963886261,"","","PRUNED"
32,0.11462190002202988,"2025-05-16 21:04:03.732427","2025-05-16 21:04:04.380850","0 days 00:00:00.648423",240,16.0,224.0,96.0,144.0,128,112.0,"","","",0.015646258997835102,5,2,"","","","","","","","","","","","","","","","","","","","","","","","","","","","","","","","","","","","","","","","","","","","","","","","","","","","","","",0.16025947034358978,57.89139938354492,0.3234408497810364,0.3510877788066864,0.5765345096588135,-0.3907749652862549,"","","","","","","","","","","","","","","","","","","","","","","","","","","","","","","","","","","","","","","","","","","","","","","","","",0.11462190002202988,"","","PRUNED"
33,0.10625933855772018,"2025-05-16 21:04:04.381115","2025-05-16 21:04:08.010927","0 days 00:00:03.629812",208,64.0,208.0,"","",96,"","","","",0.004467095611248415,3,1,"","","","","","",0.133867546916008,490.9457092285156,0.4340149462223053,0.4972054362297058,0.5188338160514832,0.03941828012466431,0.17130149900913239,3879.587158203125,0.8215753436088562,0.7634669542312622,0.6665822267532349,0.15297794342041016,0.19752658903598785,273.9953918457031,0.15882565081119537,0.15411977469921112,0.16655698418617249,-0.1159207820892334,0.18284490704536438,65.38070678710938,0.23680442571640015,0.28342413902282715,0.3031511604785919,-0.4111441373825073,0.13099130988121033,262.47802734375,0.18715989589691162,0.16007296741008759,0.16528181731700897,-0.04244279861450195,0.11898941546678543,78.82890319824219,0.25973594188690186,0.25564414262771606,0.2760660946369171,-0.20237350463867188,0.23839466273784637,173.13107299804688,0.16541838645935059,0.20186302065849304,0.28542453050613403,-0.3332479000091553,"","","","","","",0.14201167225837708,60.66510772705078,0.8629617691040039,0.7482689023017883,0.7724898457527161,0.05960434675216675,0.20708295702934265,1612.93310546875,0.5674629211425781,0.7064921855926514,0.8322631120681763,-0.06968045234680176,0.19881342351436615,117.54884338378906,0.816298246383667,0.7646510004997253,0.7267892360687256,-1.7268908023834229,0.13551200926303864,79.51078796386719,0.5909650921821594,0.6178126931190491,0.7610753774642944,0.19100874662399292,0.10038874298334122,38378.25,0.6661351919174194,0.5339187383651733,0.4257437288761139,0.00569993257522583,0.09645599126815796,410.9968566894531,0.31100207567214966,0.44221875071525574,0.5145462155342102,-0.049926161766052246,0.1502690613269806,414.2081604003906,0.5577887892723083,0.4871642589569092,0.45432764291763306,0.0677117109298706,0.09406034648418427,1258.5865478515625,0.263824999332428,0.2818015515804291,0.22730498015880585,0.04823470115661621,0.11610223352909088,339.6765441894531,0.9704241752624512,0.7631400227546692,0.7146795988082886,0.3740629553794861,"",0.10526959598064423,0.10772085934877396,0.10625933855772018,"PRUNED"
34,0.12872686982154846,"2025-05-16 21:04:08.011240","2025-05-16 21:04:08.633761","0 days 00:00:00.622521",240,48.0,240.0,48.0,"",112,144.0,"","","",0.02363263443200125,4,2,"","","","","","","","","","","","","","","","","","","","","","","","","","","","","","","","","","","","","","","","","","","","","","","","","","","","","","",0.16654472053050995,59.2547721862793,0.35181623697280884,0.3663384020328522,0.5842632055282593,-0.4912261962890625,"","","","","","","","","","","","","","","","","","","","","","","","","","","","","","","","","","","","","","","","","","","","","","","","","",0.12872686982154846,"","","PRUNED"
35,0.11744152754545212,"2025-05-16 21:04:08.634060","2025-05-16 21:04:09.397750","0 days 00:00:00.763690",192,128.0,176.0,224.0,"",48,176.0,48.0,"","",0.05927271916365302,4,3,"","","","","","","","","","","","","","","","","","","","","","","","","","","","","","","","","","","","","","","","","","","","","","","","","","","","","","",0.19265317916870117,67.12390899658203,0.3079359233379364,0.3392367362976074,0.38500848412513733,-0.871119499206543,"","","","","","","","","","","","","","","","","","","","","","","","","","","","","","","","","","","","","","","","","","","","","","","","","",0.11744152754545212,"","","PRUNED"
