"number","value","datetime_start","datetime_complete","duration","params_decoder_layer_width_0","params_decoder_layer_width_1","params_decoder_layer_width_2","params_decoder_layer_width_3","params_decoder_layer_width_4","params_lr","params_n_decoder_layers","user_attrs_avg_mae","user_attrs_avg_mape","user_attrs_avg_ndcg10","user_attrs_avg_ndcg20","user_attrs_avg_ndcg50","user_attrs_avg_r2","user_attrs_fold10_mae","user_attrs_fold10_mape","user_attrs_fold10_ndcg10","user_attrs_fold10_ndcg20","user_attrs_fold10_ndcg50","user_attrs_fold10_r2","user_attrs_fold11_mae","user_attrs_fold11_mape","user_attrs_fold11_ndcg10","user_attrs_fold11_ndcg20","user_attrs_fold11_ndcg50","user_attrs_fold11_r2","user_attrs_fold12_mae","user_attrs_fold12_mape","user_attrs_fold12_ndcg10","user_attrs_fold12_ndcg20","user_attrs_fold12_ndcg50","user_attrs_fold12_r2","user_attrs_fold13_mae","user_attrs_fold13_mape","user_attrs_fold13_ndcg10","user_attrs_fold13_ndcg20","user_attrs_fold13_ndcg50","user_attrs_fold13_r2","user_attrs_fold14_mae","user_attrs_fold14_mape","user_attrs_fold14_ndcg10","user_attrs_fold14_ndcg20","user_attrs_fold14_ndcg50","user_attrs_fold14_r2","user_attrs_fold15_mae","user_attrs_fold15_mape","user_attrs_fold15_ndcg10","user_attrs_fold15_ndcg20","user_attrs_fold15_ndcg50","user_attrs_fold15_r2","user_attrs_fold16_mae","user_attrs_fold16_mape","user_attrs_fold16_ndcg10","user_attrs_fold16_ndcg20","user_attrs_fold16_ndcg50","user_attrs_fold16_r2","user_attrs_fold17_mae","user_attrs_fold17_mape","user_attrs_fold17_ndcg10","user_attrs_fold17_ndcg20","user_attrs_fold17_ndcg50","user_attrs_fold17_r2","user_attrs_fold1_mae","user_attrs_fold1_mape","user_attrs_fold1_ndcg10","user_attrs_fold1_ndcg20","user_attrs_fold1_ndcg50","user_attrs_fold1_r2","user_attrs_fold2_mae","user_attrs_fold2_mape","user_attrs_fold2_ndcg10","user_attrs_fold2_ndcg20","user_attrs_fold2_ndcg50","user_attrs_fold2_r2","user_attrs_fold3_mae","user_attrs_fold3_mape","user_attrs_fold3_ndcg10","user_attrs_fold3_ndcg20","user_attrs_fold3_ndcg50","user_attrs_fold3_r2","user_attrs_fold4_mae","user_attrs_fold4_mape","user_attrs_fold4_ndcg10","user_attrs_fold4_ndcg20","user_attrs_fold4_ndcg50","user_attrs_fold4_r2","user_attrs_fold5_mae","user_attrs_fold5_mape","user_attrs_fold5_ndcg10","user_attrs_fold5_ndcg20","user_attrs_fold5_ndcg50","user_attrs_fold5_r2","user_attrs_fold6_mae","user_attrs_fold6_mape","user_attrs_fold6_ndcg10","user_attrs_fold6_ndcg20","user_attrs_fold6_ndcg50","user_attrs_fold6_r2","user_attrs_fold7_mae","user_attrs_fold7_mape","user_attrs_fold7_ndcg10","user_attrs_fold7_ndcg20","user_attrs_fold7_ndcg50","user_attrs_fold7_r2","user_attrs_fold8_mae","user_attrs_fold8_mape","user_attrs_fold8_ndcg10","user_attrs_fold8_ndcg20","user_attrs_fold8_ndcg50","user_attrs_fold8_r2","user_attrs_fold9_mae","user_attrs_fold9_mape","user_attrs_fold9_ndcg10","user_attrs_fold9_ndcg20","user_attrs_fold9_ndcg50","user_attrs_fold9_r2","user_attrs_pca_components","system_attrs_completed_rung_0","system_attrs_completed_rung_1","system_attrs_completed_rung_2","state"
80,0.10902487486600876,"2025-05-16 21:29:06.997588","2025-05-16 21:29:09.704483","0 days 00:00:02.706895",240,192.0,256.0,160.0,"",0.0011992891522485123,4,"","","","","","",0.1330164223909378,553.5366821289062,0.1366862952709198,0.13444627821445465,0.2921527028083801,-0.03703618049621582,0.10512113571166992,897.9607543945312,0.43841156363487244,0.5675204396247864,0.7513347864151001,0.23814153671264648,0.2024800181388855,245.9105682373047,0.4209189713001251,0.3074553906917572,0.22886602580547333,-0.21114730834960938,0.181776225566864,65.025146484375,0.2540264129638672,0.24521641433238983,0.3220154047012329,-0.4060143232345581,0.1239665150642395,226.57528686523438,0.3346834182739258,0.307348370552063,0.3244294226169586,-0.013227343559265137,0.11797189712524414,89.27196502685547,0.4076748490333557,0.45715221762657166,0.41325244307518005,-0.13073933124542236,0.2316671460866928,171.93458557128906,0.6340411901473999,0.44908392429351807,0.5475844144821167,-0.2460094690322876,"","","","","","",0.1408437043428421,61.53701400756836,0.4707130491733551,0.5929991602897644,0.5616162419319153,-0.10549449920654297,0.2328600138425827,1399.2083740234375,0.5069842338562012,0.5428528785705566,0.7902628779411316,-0.4636852741241455,0.1387060284614563,61.03560256958008,0.2806409001350403,0.33154213428497314,0.5226542353630066,-0.38365161418914795,0.12849146127700806,73.95938873291016,0.5528077483177185,0.68683922290802,0.6779612898826599,0.17118746042251587,0.09446602314710617,35421.69921875,0.29213565587997437,0.2894034683704376,0.40041059255599976,-0.013456344604492188,0.10465320944786072,637.9677124023438,0.13744118809700012,0.21579453349113464,0.3528355360031128,-0.12866079807281494,0.14125800132751465,182.72618103027344,0.37514007091522217,0.4169316291809082,0.6023904085159302,-0.0006529092788696289,0.0889262929558754,904.113037109375,0.04849233478307724,0.05975043401122093,0.10141349583864212,-0.031011581420898438,0.14652183651924133,393.5715026855469,0.11926891654729843,0.18485954403877258,0.47657307982444763,0.010483205318450928,"",0.10730600357055664,0.10658061504364014,0.10902487486600876,"PRUNED"
81,0.11365699768066406,"2025-05-16 21:29:09.704800","2025-05-16 21:29:10.516188","0 days 00:00:00.811388",240,192.0,256.0,160.0,"",0.0013154500572869286,4,"","","","","","","","","","","","","","","","","","","","","","","","","","","","","","","","","","","","","","","","","","","","","","","","","","","","","","",0.13844291865825653,51.542484283447266,0.6808973550796509,0.6589782238006592,0.6225032806396484,-0.06527984142303467,0.24046024680137634,2115.158203125,0.29521188139915466,0.3996153771877289,0.6178389191627502,-0.4966670274734497,0.12804031372070312,54.79610061645508,0.5706303715705872,0.5979629158973694,0.651987612247467,-0.18615436553955078,0.13437636196613312,83.51032257080078,0.5773279666900635,0.6545221209526062,0.6582540273666382,0.20883393287658691,"","","","","","","","","","","","","","","","","","","","","","","","","","","","","","","",0.10589616745710373,0.11365699768066406,"","PRUNED"
82,0.1101837307214737,"2025-05-16 21:29:10.516455","2025-05-16 21:29:10.855554","0 days 00:00:00.339099",240,176.0,240.0,176.0,"",0.0005513039485766864,4,"","","","","","","","","","","","","","","","","","","","","","","","","","","","","","","","","","","","","","","","","","","","","","","","","","","","","","",0.13495685160160065,49.471343994140625,0.4725415110588074,0.5927777886390686,0.5787132382392883,-0.04617202281951904,"","","","","","","","","","","","","","","","","","","","","","","","","","","","","","","","","","","","","","","","","","","","","","","","","",0.1101837307214737,"","","PRUNED"
83,0.10967306792736053,"2025-05-16 21:29:10.855825","2025-05-16 21:29:13.551833","0 days 00:00:02.696008",240,160.0,256.0,192.0,"",0.001603082411473522,4,"","","","","","",0.12747249007225037,480.5993957519531,0.25494760274887085,0.2721627652645111,0.30218324065208435,0.01178818941116333,0.10977834463119507,875.0957641601562,0.1999436616897583,0.35015299916267395,0.5709683299064636,0.1547560691833496,0.19852770864963531,234.685546875,0.3336481750011444,0.3114328384399414,0.21720007061958313,-0.18282055854797363,0.1728944182395935,72.20803833007812,0.3789931535720825,0.34496715664863586,0.43814074993133545,-0.25053536891937256,0.1250535100698471,237.1401824951172,0.0822673812508583,0.13156776130199432,0.16173379123210907,-0.013898611068725586,0.11695431917905807,78.42171478271484,0.3110363781452179,0.4198256731033325,0.37769055366516113,-0.15163016319274902,0.2336481362581253,160.2530517578125,0.46773937344551086,0.5302340984344482,0.4739803075790405,-0.30037426948547363,"","","","","","",0.1410948783159256,57.71814727783203,0.5005567669868469,0.5808994174003601,0.5826982259750366,-0.1092911958694458,0.22409595549106598,2428.373291015625,0.32948407530784607,0.44901224970817566,0.6517317295074463,-0.3433014154434204,0.13922134041786194,58.48032760620117,0.35078638792037964,0.40451133251190186,0.5599955320358276,-0.39036524295806885,0.13751621544361115,61.671077728271484,0.49250197410583496,0.6229671835899353,0.6337053179740906,-0.009788036346435547,0.08995736390352249,38006.5,0.28294309973716736,0.293861448764801,0.46568477153778076,0.04041755199432373,0.10125570744276047,646.3883666992188,0.18313385546207428,0.21317024528980255,0.3896636664867401,-0.10815215110778809,0.14301756024360657,194.05418395996094,0.3455321192741394,0.3682630658149719,0.5333340764045715,-0.04529309272766113,0.09036238491535187,901.616943359375,0.058928150683641434,0.10276614129543304,0.12177672237157822,-0.07129848003387451,0.1403253972530365,348.0289611816406,0.15493685007095337,0.2277885377407074,0.4300995469093323,0.025616109371185303,"",0.10800302773714066,0.10736313462257385,0.10967306792736053,"PRUNED"
84,0.11039838194847107,"2025-05-16 21:29:13.552132","2025-05-16 21:29:14.547560","0 days 00:00:00.995428",256,208.0,224.0,208.0,240.0,0.003104769903788555,5,"","","","","","","","","","","","","","","","","","","","","","","","","","","","","","","","","","","","","","","","","","","","","","","","","","","","","","",0.14593838155269623,56.27665710449219,0.47062915563583374,0.5679192543029785,0.5561692714691162,-0.12408697605133057,0.2268798053264618,1556.1470947265625,0.33974310755729675,0.4260639548301697,0.660031259059906,-0.42162883281707764,0.14335612952709198,63.94135284423828,0.5887921452522278,0.5830584764480591,0.685102105140686,-0.2728865146636963,0.13975481688976288,75.34584045410156,0.5659580230712891,0.6479979157447815,0.6735438108444214,0.12161117792129517,"","","","","","","","","","","","","","","","","","","","","","","","","","","","","","","",0.1080835610628128,0.11039838194847107,"","PRUNED"
85,0.11390536278486252,"2025-05-16 21:29:14.547936","2025-05-16 21:29:15.393480","0 days 00:00:00.845544",256,208.0,240.0,144.0,"",0.0010989640999468015,4,"","","","","","","","","","","","","","","","","","","","","","","","","","","","","","","","","","","","","","","","","","","","","","","","","","","","","","",0.14260093867778778,57.121665954589844,0.4923872649669647,0.587424635887146,0.60968416929245,-0.10489296913146973,0.22376035153865814,2210.85986328125,0.3200492560863495,0.4116170406341553,0.6376261711120605,-0.3452702760696411,0.14304828643798828,61.693084716796875,0.42372462153434753,0.5965332388877869,0.6506180763244629,-0.38978564739227295,0.1393611878156662,90.40104675292969,0.5689544081687927,0.6595514416694641,0.6458385586738586,0.14085882902145386,"","","","","","","","","","","","","","","","","","","","","","","","","","","","","","","",0.10804449766874313,0.11390536278486252,"","PRUNED"
86,0.14453910291194916,"2025-05-16 21:29:15.393742","2025-05-16 21:29:18.430176","0 days 00:00:03.036434",240,144.0,256.0,176.0,176.0,0.0020739075520727194,5,0.14453910291194916,3171.363374149098,0.35196224775384455,0.3859058767557144,0.4504893693853827,-0.10121816747328814,0.1248183622956276,484.03753662109375,0.2380911111831665,0.2642742395401001,0.46914106607437134,0.010221362113952637,0.10111047327518463,727.9303588867188,0.36023709177970886,0.5541927218437195,0.7210694551467896,0.27053892612457275,0.200791597366333,246.7957305908203,0.0419311597943306,0.07433541864156723,0.14530423283576965,-0.18257427215576172,0.1748296469449997,72.11334991455078,0.5808708071708679,0.46927595138549805,0.4111081659793854,-0.2535001039505005,0.12458713352680206,221.80099487304688,0.08846163749694824,0.121412493288517,0.13029783964157104,-0.049141764640808105,0.1208985298871994,122.93819427490234,0.47036224603652954,0.5598660707473755,0.5107274651527405,0.0081825852394104,0.23445668816566467,163.3925018310547,0.6448846459388733,0.4798305630683899,0.48161160945892334,-0.30183589458465576,0.1301935911178589,252.7508544921875,0.5650714039802551,0.5438662171363831,0.4901551902294159,-0.08289361000061035,0.1380796581506729,61.439151763916016,0.49248602986335754,0.5681796073913574,0.5563528537750244,-0.10115385055541992,0.23997680842876434,3016.2353515625,0.28565144538879395,0.3648044764995575,0.6057963967323303,-0.4822033643722534,0.14089252054691315,57.40857696533203,0.5664987564086914,0.6023662090301514,0.6162026524543762,-0.39923596382141113,0.13057269155979156,63.35529708862305,0.554720401763916,0.6135013699531555,0.6235201954841614,0.13061851263046265,0.09397353231906891,45878.6875,0.28099074959754944,0.30712267756462097,0.38172397017478943,-0.03089463710784912,0.10956431925296783,692.990478515625,0.1365623027086258,0.17165526747703552,0.2996772527694702,-0.27770674228668213,0.14067302644252777,222.21066284179688,0.43502479791641235,0.46856069564819336,0.603536069393158,0.010492205619812012,0.10066141933202744,1170.2606201171875,0.05695544183254242,0.1011696308851242,0.12085781991481781,-0.019505023956298828,0.1510847508907318,458.8302001953125,0.1845581829547882,0.2959862947463989,0.4912370443344116,0.02988278865814209,5.0,0.10363902896642685,0.10600104928016663,0.1038639023900032,"COMPLETE"
87,0.10979358851909637,"2025-05-16 21:29:18.430609","2025-05-16 21:29:18.799233","0 days 00:00:00.368624",176,128.0,224.0,176.0,176.0,0.0020563299504067728,5,"","","","","","","","","","","","","","","","","","","","","","","","","","","","","","","","","","","","","","","","","","","","","","","","","","","","","","",0.14118848741054535,60.50360107421875,0.516265869140625,0.5932901501655579,0.579651415348053,-0.0461803674697876,"","","","","","","","","","","","","","","","","","","","","","","","","","","","","","","","","","","","","","","","","","","","","","","","","",0.10979358851909637,"","","PRUNED"
88,0.10966688394546509,"2025-05-16 21:29:18.799512","2025-05-16 21:29:19.152966","0 days 00:00:00.353454",208,144.0,64.0,208.0,224.0,0.0023733883523879592,5,"","","","","","","","","","","","","","","","","","","","","","","","","","","","","","","","","","","","","","","","","","","","","","","","","","","","","","",0.13286526501178741,54.70321273803711,0.5756276845932007,0.6404953598976135,0.6083462238311768,0.02467876672744751,"","","","","","","","","","","","","","","","","","","","","","","","","","","","","","","","","","","","","","","","","","","","","","","","","",0.10966688394546509,"","","PRUNED"
89,0.11423848569393158,"2025-05-16 21:29:19.153225","2025-05-16 21:29:19.503170","0 days 00:00:00.349945",224,128.0,128.0,240.0,192.0,0.00017855879839374963,5,"","","","","","","","","","","","","","","","","","","","","","","","","","","","","","","","","","","","","","","","","","","","","","","","","","","","","","",0.17465543746948242,61.67758560180664,0.6869683265686035,0.6761637926101685,0.6835424304008484,-0.5642626285552979,"","","","","","","","","","","","","","","","","","","","","","","","","","","","","","","","","","","","","","","","","","","","","","","","","",0.11423848569393158,"","","PRUNED"
90,0.10852769762277603,"2025-05-16 21:29:19.503439","2025-05-16 21:29:19.920980","0 days 00:00:00.417541",224,256.0,240.0,192.0,240.0,0.001771493513415753,5,"","","","","","","","","","","","","","","","","","","","","","","","","","","","","","","","","","","","","","","","","","","","","","","","","","","","","","",0.1401950716972351,63.02231979370117,0.5005494356155396,0.5861355662345886,0.6048201322555542,-0.11216163635253906,"","","","","","","","","","","","","","","","","","","","","","","","","","","","","","","","","","","","","","","","","","","","","","","","","",0.10852769762277603,"","","PRUNED"
91,0.10785069316625595,"2025-05-16 21:29:19.921271","2025-05-16 21:29:22.614452","0 days 00:00:02.693181",240,160.0,256.0,176.0,"",0.001367335903787281,4,"","","","","","",0.1303722858428955,476.6508483886719,0.16153539717197418,0.1769338995218277,0.32597723603248596,-0.017741084098815918,0.10080388933420181,757.609130859375,0.6238089799880981,0.6080018281936646,0.8078727722167969,0.24340760707855225,0.19664503633975983,220.49655151367188,0.21226833760738373,0.21637585759162903,0.26902228593826294,-0.17481255531311035,0.1822407841682434,63.3918342590332,0.530562162399292,0.45127028226852417,0.46392202377319336,-0.3887310028076172,0.1236794963479042,226.16043090820312,0.06623508036136627,0.06459243595600128,0.08739164471626282,-0.03285717964172363,0.11759472638368607,89.9019546508789,0.3614432215690613,0.4921739399433136,0.5566336512565613,-0.09118342399597168,0.2333877980709076,165.6314697265625,0.6568490862846375,0.5049675107002258,0.5440727472305298,-0.2806074619293213,"","","","","","",0.1438702642917633,55.89057159423828,0.4995647072792053,0.575519323348999,0.5832754969596863,-0.13199520111083984,0.23259715735912323,2664.633056640625,0.315086305141449,0.38042575120925903,0.6282151937484741,-0.4023091793060303,0.1407724916934967,62.88447570800781,0.41081365942955017,0.5195415616035461,0.6154918074607849,-0.32759737968444824,0.13094206154346466,74.59578704833984,0.7480301260948181,0.7547887563705444,0.7542465925216675,0.20103096961975098,0.09257899969816208,41972.359375,0.332793265581131,0.34043675661087036,0.41066452860832214,0.003951668739318848,0.10515301674604416,619.9471435546875,0.1845317780971527,0.2869202792644501,0.3796561360359192,-0.15949392318725586,0.14284448325634003,174.1626434326172,0.3552026152610779,0.35837608575820923,0.5446897149085999,-0.04355442523956299,0.0860348492860794,897.9334106445312,0.0625719279050827,0.06758216768503189,0.1322288066148758,0.058090806007385254,0.144332617521286,366.72528076171875,0.10033493489027023,0.18271054327487946,0.4488754868507385,0.001075148582458496,"",0.1072460487484932,0.10680720955133438,0.10785069316625595,"PRUNED"
92,0.1100764349102974,"2025-05-16 21:29:22.614750","2025-05-16 21:29:22.957557","0 days 00:00:00.342807",256,160.0,256.0,176.0,"",0.0030435997393196473,4,"","","","","","","","","","","","","","","","","","","","","","","","","","","","","","","","","","","","","","","","","","","","","","","","","","","","","","",0.14260384440422058,63.60493469238281,0.5129977464675903,0.5809678435325623,0.594613254070282,-0.19324064254760742,"","","","","","","","","","","","","","","","","","","","","","","","","","","","","","","","","","","","","","","","","","","","","","","","","",0.1100764349102974,"","","PRUNED"
93,0.11003496497869492,"2025-05-16 21:29:22.957820","2025-05-16 21:29:23.886886","0 days 00:00:00.929066",240,144.0,208.0,224.0,208.0,0.0010079826023908422,5,"","","","","","","","","","","","","","","","","","","","","","","","","","","","","","","","","","","","","","","","","","","","","","","","","","","","","","",0.14135968685150146,57.071929931640625,0.5411274433135986,0.6364573240280151,0.591831386089325,-0.08300089836120605,0.22956140339374542,2510.099365234375,0.3263773024082184,0.4207514822483063,0.6505057215690613,-0.35753190517425537,0.13137094676494598,55.45039367675781,0.6832355260848999,0.658266544342041,0.6727976202964783,-0.23549246788024902,0.12943138182163239,79.72284698486328,0.4367474615573883,0.5900423526763916,0.5862128138542175,0.19460535049438477,"","","","","","","","","","","","","","","","","","","","","","","","","","","","","","","",0.10593953728675842,0.11003496497869492,"","PRUNED"
94,0.10880296677350998,"2025-05-16 21:29:23.887160","2025-05-16 21:29:24.225651","0 days 00:00:00.338491",256,176.0,256.0,176.0,"",0.0034056242088942403,4,"","","","","","","","","","","","","","","","","","","","","","","","","","","","","","","","","","","","","","","","","","","","","","","","","","","","","","",0.15311166644096375,53.7083625793457,0.48371070623397827,0.5703364014625549,0.5607373118400574,-0.29184556007385254,"","","","","","","","","","","","","","","","","","","","","","","","","","","","","","","","","","","","","","","","","","","","","","","","","",0.10880296677350998,"","","PRUNED"
95,0.11212445050477982,"2025-05-16 21:29:24.225915","2025-05-16 21:29:24.561935","0 days 00:00:00.336020",160,160.0,256.0,128.0,128.0,0.0014253335577068505,5,"","","","","","","","","","","","","","","","","","","","","","","","","","","","","","","","","","","","","","","","","","","","","","","","","","","","","","",0.16057974100112915,56.352603912353516,0.7202413082122803,0.6914847493171692,0.6825276017189026,-0.3734186887741089,"","","","","","","","","","","","","","","","","","","","","","","","","","","","","","","","","","","","","","","","","","","","","","","","","",0.11212445050477982,"","","PRUNED"
96,0.11593954265117645,"2025-05-16 21:29:24.562196","2025-05-16 21:29:24.837299","0 days 00:00:00.275103",224,128.0,240.0,"","",0.00010202692422916357,3,"","","","","","","","","","","","","","","","","","","","","","","","","","","","","","","","","","","","","","","","","","","","","","","","","","","","","","",0.1802833527326584,63.867462158203125,0.5258598923683167,0.4833943545818329,0.6252333521842957,-0.6474291086196899,"","","","","","","","","","","","","","","","","","","","","","","","","","","","","","","","","","","","","","","","","","","","","","","","","",0.11593954265117645,"","","PRUNED"
97,0.10926946997642517,"2025-05-16 21:29:24.837551","2025-05-16 21:29:25.742141","0 days 00:00:00.904590",64,224.0,240.0,256.0,160.0,0.001758701109013834,5,"","","","","","","","","","","","","","","","","","","","","","","","","","","","","","","","","","","","","","","","","","","","","","","","","","","","","","",0.15197394788265228,59.11009979248047,0.473859965801239,0.5689133405685425,0.5479305982589722,-0.1996997594833374,0.23766648769378662,2618.5283203125,0.2961753010749817,0.38572657108306885,0.6157108545303345,-0.45159614086151123,0.155616894364357,74.59040069580078,0.13805998861789703,0.29241064190864563,0.42892640829086304,-0.5622947216033936,0.14209099113941193,69.35220336914062,0.7423665523529053,0.7119789719581604,0.7747031450271606,0.06801503896713257,"","","","","","","","","","","","","","","","","","","","","","","","","","","","","","","",0.10667090862989426,0.10926946997642517,"","PRUNED"
