"number","value","datetime_start","datetime_complete","duration","params_decoder_layer_width_0","params_decoder_layer_width_1","params_decoder_layer_width_2","params_decoder_layer_width_3","params_decoder_layer_width_4","params_encoder_layer_width_0","params_encoder_layer_width_1","params_encoder_layer_width_2","params_encoder_layer_width_3","params_lr","params_n_decoder_layers","params_n_encoder_layers","params_transformer_dropout","params_transformer_heads","user_attrs_avg_mae","user_attrs_avg_mape","user_attrs_avg_ndcg10","user_attrs_avg_ndcg20","user_attrs_avg_ndcg50","user_attrs_avg_r2","user_attrs_fold10_mae","user_attrs_fold10_mape","user_attrs_fold10_ndcg10","user_attrs_fold10_ndcg20","user_attrs_fold10_ndcg50","user_attrs_fold10_r2","user_attrs_fold11_mae","user_attrs_fold11_mape","user_attrs_fold11_ndcg10","user_attrs_fold11_ndcg20","user_attrs_fold11_ndcg50","user_attrs_fold11_r2","user_attrs_fold12_mae","user_attrs_fold12_mape","user_attrs_fold12_ndcg10","user_attrs_fold12_ndcg20","user_attrs_fold12_ndcg50","user_attrs_fold12_r2","user_attrs_fold13_mae","user_attrs_fold13_mape","user_attrs_fold13_ndcg10","user_attrs_fold13_ndcg20","user_attrs_fold13_ndcg50","user_attrs_fold13_r2","user_attrs_fold14_mae","user_attrs_fold14_mape","user_attrs_fold14_ndcg10","user_attrs_fold14_ndcg20","user_attrs_fold14_ndcg50","user_attrs_fold14_r2","user_attrs_fold15_mae","user_attrs_fold15_mape","user_attrs_fold15_ndcg10","user_attrs_fold15_ndcg20","user_attrs_fold15_ndcg50","user_attrs_fold15_r2","user_attrs_fold16_mae","user_attrs_fold16_mape","user_attrs_fold16_ndcg10","user_attrs_fold16_ndcg20","user_attrs_fold16_ndcg50","user_attrs_fold16_r2","user_attrs_fold17_mae","user_attrs_fold17_mape","user_attrs_fold17_ndcg10","user_attrs_fold17_ndcg20","user_attrs_fold17_ndcg50","user_attrs_fold17_r2","user_attrs_fold1_mae","user_attrs_fold1_mape","user_attrs_fold1_ndcg10","user_attrs_fold1_ndcg20","user_attrs_fold1_ndcg50","user_attrs_fold1_r2","user_attrs_fold2_mae","user_attrs_fold2_mape","user_attrs_fold2_ndcg10","user_attrs_fold2_ndcg20","user_attrs_fold2_ndcg50","user_attrs_fold2_r2","user_attrs_fold3_mae","user_attrs_fold3_mape","user_attrs_fold3_ndcg10","user_attrs_fold3_ndcg20","user_attrs_fold3_ndcg50","user_attrs_fold3_r2","user_attrs_fold4_mae","user_attrs_fold4_mape","user_attrs_fold4_ndcg10","user_attrs_fold4_ndcg20","user_attrs_fold4_ndcg50","user_attrs_fold4_r2","user_attrs_fold5_mae","user_attrs_fold5_mape","user_attrs_fold5_ndcg10","user_attrs_fold5_ndcg20","user_attrs_fold5_ndcg50","user_attrs_fold5_r2","user_attrs_fold6_mae","user_attrs_fold6_mape","user_attrs_fold6_ndcg10","user_attrs_fold6_ndcg20","user_attrs_fold6_ndcg50","user_attrs_fold6_r2","user_attrs_fold7_mae","user_attrs_fold7_mape","user_attrs_fold7_ndcg10","user_attrs_fold7_ndcg20","user_attrs_fold7_ndcg50","user_attrs_fold7_r2","user_attrs_fold8_mae","user_attrs_fold8_mape","user_attrs_fold8_ndcg10","user_attrs_fold8_ndcg20","user_attrs_fold8_ndcg50","user_attrs_fold8_r2","user_attrs_fold9_mae","user_attrs_fold9_mape","user_attrs_fold9_ndcg10","user_attrs_fold9_ndcg20","user_attrs_fold9_ndcg50","user_attrs_fold9_r2","user_attrs_pca_components","system_attrs_completed_rung_0","system_attrs_completed_rung_1","system_attrs_completed_rung_2","state"
34,0.0829988420009613,"2025-05-16 21:19:43.671277","2025-05-16 21:19:45.002808","0 days 00:00:01.331531",208,128.0,112.0,160.0,80.0,160,144.0,"","",0.00027523371693385993,5,2,0.0,4,"","","","","","","","","","","","","","","","","","","","","","","","","","","","","","","","","","","","","","","","","","","","","","","","","","","","","","",0.10539332777261734,39.81785202026367,0.7410361766815186,0.7717981934547424,0.8142857551574707,0.34637176990509033,"","","","","","","","","","","","","","","","","","","","","","","","","","","","","","","","","","","","","","","","","","","","","","","","","",0.0829988420009613,"","","PRUNED"
35,0.11596354842185974,"2025-05-16 21:19:45.003107","2025-05-16 21:19:45.953021","0 days 00:00:00.949914",144,192.0,208.0,80.0,"",144,16.0,176.0,64.0,0.032240828523317076,4,4,0.2,1,"","","","","","","","","","","","","","","","","","","","","","","","","","","","","","","","","","","","","","","","","","","","","","","","","","","","","","",0.14342515170574188,56.935848236083984,0.7134508490562439,0.7680346369743347,0.7845863699913025,0.0004696846008300781,"","","","","","","","","","","","","","","","","","","","","","","","","","","","","","","","","","","","","","","","","","","","","","","","","",0.11596354842185974,"","","PRUNED"
36,0.08136529475450516,"2025-05-16 21:19:45.953348","2025-05-16 21:19:47.737136","0 days 00:00:01.783788",128,64.0,48.0,160.0,160.0,176,128.0,"","",0.0009649290844803305,5,2,0.0,6,"","","","","","","","","","","","","","","","","","","","","","","","","","","","","","","","","","","","","","","","","","","","","","","","","","","","","","",0.11016149073839188,46.73341369628906,0.7629860043525696,0.8055222630500793,0.8251066207885742,0.3701399564743042,"","","","","","","","","","","","","","","","","","","","","","","","","","","","","","","","","","","","","","","","","","","","","","","","","",0.08136529475450516,"","","PRUNED"
37,0.08183175325393677,"2025-05-16 21:19:47.737429","2025-05-16 21:19:49.797516","0 days 00:00:02.060087",96,176.0,160.0,48.0,"",208,192.0,48.0,"",0.00047400859719230726,4,3,0.1,5,"","","","","","","","","","","","","","","","","","","","","","","","","","","","","","","","","","","","","","","","","","","","","","","","","","","","","","",0.11082036793231964,44.65216827392578,0.7265589237213135,0.7580692768096924,0.7973566651344299,0.35937708616256714,"","","","","","","","","","","","","","","","","","","","","","","","","","","","","","","","","","","","","","","","","","","","","","","","","",0.08183175325393677,"","","PRUNED"
38,0.08562058955430984,"2025-05-16 21:19:49.797829","2025-05-16 21:19:50.452368","0 days 00:00:00.654539",240,144.0,64.0,192.0,"",128,"","","",0.004214948304391268,4,1,0.2,3,"","","","","","","","","","","","","","","","","","","","","","","","","","","","","","","","","","","","","","","","","","","","","","","","","","","","","","",0.10244069993495941,44.403709411621094,0.7469442486763,0.7960957884788513,0.8064757585525513,0.45816946029663086,"","","","","","","","","","","","","","","","","","","","","","","","","","","","","","","","","","","","","","","","","","","","","","","","","",0.08562058955430984,"","","PRUNED"
39,0.08824929594993591,"2025-05-16 21:19:50.452671","2025-05-16 21:19:54.233872","0 days 00:00:03.781201",160,48.0,112.0,112.0,16.0,96,160.0,192.0,"",0.0005281264680661389,5,3,0.0,8,"","","","","","","","","","","","","","","","","","","","","","","","","","","","","","","","","","","","","","","","","","","","","","","","","","","","","","",0.11261052638292313,44.62703323364258,0.7464536428451538,0.7780333161354065,0.8290089964866638,0.32513076066970825,"","","","","","","","","","","","","","","","","","","","","","","","","","","","","","","","","","","","","","","","","","","","","","","","","",0.08824929594993591,"","","PRUNED"
40,0.08792068809270859,"2025-05-16 21:19:54.234171","2025-05-16 21:19:54.962995","0 days 00:00:00.728824",208,112.0,224.0,"","",32,144.0,"","",0.00016953996677525498,3,2,0.1,2,"","","","","","","","","","","","","","","","","","","","","","","","","","","","","","","","","","","","","","","","","","","","","","","","","","","","","","",0.11781710386276245,49.64641189575195,0.7145124077796936,0.7730599045753479,0.8259531855583191,0.3547036051750183,"","","","","","","","","","","","","","","","","","","","","","","","","","","","","","","","","","","","","","","","","","","","","","","","","",0.08792068809270859,"","","PRUNED"
41,0.08791811764240265,"2025-05-16 21:19:54.963288","2025-05-16 21:19:56.314964","0 days 00:00:01.351676",32,208.0,256.0,256.0,64.0,48,128.0,"","",0.0003574132363689115,5,2,0.4,7,"","","","","","","","","","","","","","","","","","","","","","","","","","","","","","","","","","","","","","","","","","","","","","","","","","","","","","",0.10017480701208115,40.895416259765625,0.7116585373878479,0.7790989279747009,0.8019997477531433,0.40419095754623413,"","","","","","","","","","","","","","","","","","","","","","","","","","","","","","","","","","","","","","","","","","","","","","","","","",0.08791811764240265,"","","PRUNED"
42,0.0843120664358139,"2025-05-16 21:19:56.315282","2025-05-16 21:19:57.895659","0 days 00:00:01.580377",16,176.0,240.0,224.0,112.0,80,112.0,"","",0.001266779873556968,5,2,0.5,8,"","","","","","","","","","","","","","","","","","","","","","","","","","","","","","","","","","","","","","","","","","","","","","","","","","","","","","",0.10599841922521591,42.65827941894531,0.8791439533233643,0.8625205755233765,0.8479048013687134,0.3907945156097412,"","","","","","","","","","","","","","","","","","","","","","","","","","","","","","","","","","","","","","","","","","","","","","","","","",0.0843120664358139,"","","PRUNED"
43,0.08431558310985565,"2025-05-16 21:19:57.895980","2025-05-16 21:19:59.023193","0 days 00:00:01.127213",128,208.0,208.0,208.0,48.0,144,"","","",0.002168802811244127,5,1,0.2,7,"","","","","","","","","","","","","","","","","","","","","","","","","","","","","","","","","","","","","","","","","","","","","","","","","","","","","","",0.10159344971179962,43.31010437011719,0.7024971842765808,0.7969043254852295,0.8137383460998535,0.4626613259315491,"","","","","","","","","","","","","","","","","","","","","","","","","","","","","","","","","","","","","","","","","","","","","","","","","",0.08431558310985565,"","","PRUNED"
44,0.08232788741588593,"2025-05-16 21:19:59.023475","2025-05-16 21:20:00.769239","0 days 00:00:01.745764",48,224.0,240.0,176.0,"",32,144.0,"","",0.0007976337511871506,4,2,0.30000000000000004,10,"","","","","","","","","","","","","","","","","","","","","","","","","","","","","","","","","","","","","","","","","","","","","","","","","","","","","","",0.10250120609998703,42.085628509521484,0.7669041752815247,0.7840520739555359,0.7983295321464539,0.39193040132522583,"","","","","","","","","","","","","","","","","","","","","","","","","","","","","","","","","","","","","","","","","","","","","","","","","",0.08232788741588593,"","","PRUNED"
45,0.08136400580406189,"2025-05-16 21:20:00.769535","2025-05-16 21:20:37.307988","0 days 00:00:36.538453",96,192.0,192.0,128.0,"",64,208.0,176.0,"",0.0005342286682472557,4,3,0.0,9,"","","","","","",0.11244615912437439,231.978515625,0.46165934205055237,0.4787120819091797,0.5015530586242676,0.021930038928985596,0.07428652048110962,743.336181640625,0.9262351393699646,0.8267561197280884,0.8661011457443237,0.5870463252067566,0.1447918564081192,122.88743591308594,1.0,1.0,0.8259941935539246,0.21089518070220947,0.09928372502326965,50.5077018737793,1.0,1.0,0.9097599387168884,0.598416805267334,0.09261325746774673,92.78252410888672,1.0,0.8418483138084412,0.7605258822441101,0.30899614095687866,0.08150249719619751,63.92256546020508,0.9191439151763916,0.8530683517456055,0.8037759065628052,0.5246298909187317,0.13356664776802063,89.84166717529297,1.0,1.0,0.9628441333770752,0.47706109285354614,"","","","","","",0.09734969586133957,43.5231819152832,0.7710279226303101,0.8333446979522705,0.8137192130088806,0.4552989602088928,0.16727828979492188,1881.9447021484375,0.6321982145309448,0.6696405410766602,0.8463342785835266,0.08424156904220581,0.08807012438774109,45.54364776611328,0.9010025858879089,0.8966723680496216,0.8785151243209839,0.5170399844646454,0.1030699759721756,50.78750991821289,0.7467754483222961,0.7941595911979675,0.8038963675498962,0.4530530571937561,0.07251551747322083,17075.12890625,0.8433703780174255,0.7563874125480652,0.6652556657791138,0.3257255554199219,0.09019120782613754,411.70416259765625,0.3483918607234955,0.3994617760181427,0.5484150052070618,0.013372659683227539,0.11286333203315735,288.82037353515625,0.8453653454780579,0.7612994313240051,0.7290000319480896,0.3630550503730774,0.0545085184276104,366.9192810058594,1.0,0.9958203434944153,0.8386919498443604,0.37318283319473267,0.119602732360363,385.8191833496094,0.5049172639846802,0.5080552101135254,0.5732146501541138,0.14151638746261597,"",0.07910625636577606,0.08034808188676834,0.08136400580406189,"PRUNED"
46,0.08665154129266739,"2025-05-16 21:20:37.308327","2025-05-16 21:20:38.736906","0 days 00:00:01.428579",176,128.0,128.0,144.0,16.0,112,112.0,"","",0.0003752743655357198,5,2,0.30000000000000004,6,"","","","","","","","","","","","","","","","","","","","","","","","","","","","","","","","","","","","","","","","","","","","","","","","","","","","","","",0.15430213510990143,56.59475326538086,0.7698715925216675,0.8086602091789246,0.7971941232681274,-0.20738136768341064,"","","","","","","","","","","","","","","","","","","","","","","","","","","","","","","","","","","","","","","","","","","","","","","","","",0.08665154129266739,"","","PRUNED"
47,0.13081784546375275,"2025-05-16 21:20:38.737211","2025-05-16 21:20:40.324000","0 days 00:00:01.586789",192,96.0,"","","",80,176.0,144.0,"",0.09875406910054534,2,3,0.2,4,"","","","","","","","","","","","","","","","","","","","","","","","","","","","","","","","","","","","","","","","","","","","","","","","","","","","","","",6.71217155456543,4314.88671875,0.38284721970558167,0.35061854124069214,0.5035908818244934,-1239.041748046875,"","","","","","","","","","","","","","","","","","","","","","","","","","","","","","","","","","","","","","","","","","","","","","","","","",0.13081784546375275,"","","PRUNED"
48,0.08955950289964676,"2025-05-16 21:20:40.324303","2025-05-16 21:20:40.744885","0 days 00:00:00.420582",64,"","","","",16,"","","",0.0015398944306515927,1,1,0.4,8,"","","","","","","","","","","","","","","","","","","","","","","","","","","","","","","","","","","","","","","","","","","","","","","","","","","","","","",0.11242581158876419,45.73744583129883,0.8370291590690613,0.8280067443847656,0.8277482390403748,0.3495013117790222,"","","","","","","","","","","","","","","","","","","","","","","","","","","","","","","","","","","","","","","","","","","","","","","","","",0.08955950289964676,"","","PRUNED"
49,0.08696913719177246,"2025-05-16 21:20:40.745147","2025-05-16 21:20:41.807082","0 days 00:00:01.061935",256,160.0,96.0,192.0,256.0,128,48.0,"","",0.00016957767763249614,5,2,0.5,5,"","","","","","","","","","","","","","","","","","","","","","","","","","","","","","","","","","","","","","","","","","","","","","","","","","","","","","",0.10930392891168594,44.921142578125,0.7116585373878479,0.7752062082290649,0.8075973391532898,0.36701905727386475,"","","","","","","","","","","","","","","","","","","","","","","","","","","","","","","","","","","","","","","","","","","","","","","","","",0.08696913719177246,"","","PRUNED"
50,0.08125819265842438,"2025-05-16 21:20:41.807375","2025-05-16 21:20:53.993370","0 days 00:00:12.185995",144,176.0,32.0,256.0,"",160,128.0,208.0,192.0,0.0009068617165494866,4,4,0.1,7,"","","","","","","","","","","","","","","","","","","","","","","","","","","","","","","","","","","","","","","","","","","","","","","","","","","","","","",0.09992346167564392,41.81390380859375,0.737808108329773,0.7552588582038879,0.7930778861045837,0.34320908784866333,0.16157032549381256,1872.5294189453125,0.678942859172821,0.6734781861305237,0.8489711880683899,0.10523033142089844,0.07525885850191116,50.06953048706055,0.910487174987793,0.8830719590187073,0.8932134509086609,0.6140494048595428,0.09765473753213882,42.251033782958984,0.6274694204330444,0.7053306698799133,0.8028674125671387,0.35761505365371704,"","","","","","","","","","","","","","","","","","","","","","","","","","","","","","","",0.08079531788825989,0.08125819265842438,"","PRUNED"
51,0.13725903630256653,"2025-05-16 21:20:53.993692","2025-05-16 21:20:55.304644","0 days 00:00:01.310952",240,16.0,64.0,"","",48,48.0,48.0,"",0.026209464226031143,3,3,0.1,9,"","","","","","","","","","","","","","","","","","","","","","","","","","","","","","","","","","","","","","","","","","","","","","","","","","","","","","",0.183640256524086,61.266822814941406,0.3079359233379364,0.3392367362976074,0.38500848412513733,-0.7915184497833252,"","","","","","","","","","","","","","","","","","","","","","","","","","","","","","","","","","","","","","","","","","","","","","","","","",0.13725903630256653,"","","PRUNED"
52,0.08133761584758759,"2025-05-16 21:20:55.304938","2025-05-16 21:20:58.066003","0 days 00:00:02.761065",256,64.0,32.0,224.0,"",16,96.0,16.0,"",0.0026757473448915923,4,3,0.0,8,"","","","","","","","","","","","","","","","","","","","","","","","","","","","","","","","","","","","","","","","","","","","","","","","","","","","","","",0.10099520534276962,41.2940559387207,0.848427414894104,0.8375246524810791,0.8221502900123596,0.41594934463500977,0.1623319387435913,1718.6612548828125,0.7452124953269958,0.677966833114624,0.8585838675498962,0.14349323511123657,0.09004492312669754,44.994754791259766,0.8570985198020935,0.8659169673919678,0.888133704662323,0.47969484329223633,0.10521604865789413,54.495269775390625,0.7061301469802856,0.731972873210907,0.8119553923606873,0.4183117747306824,"","","","","","","","","","","","","","","","","","","","","","","","","","","","","","","",0.0803152397274971,0.08133761584758759,"","PRUNED"
53,0.08284961432218552,"2025-05-16 21:20:58.066293","2025-05-16 21:20:59.217660","0 days 00:00:01.151367",240,80.0,80.0,224.0,"",32,160.0,48.0,"",0.0057596450020402055,4,3,0.2,4,"","","","","","","","","","","","","","","","","","","","","","","","","","","","","","","","","","","","","","","","","","","","","","","","","","","","","","",0.09505647420883179,42.18589401245117,0.7936511635780334,0.8192742466926575,0.8213082551956177,0.4966534972190857,"","","","","","","","","","","","","","","","","","","","","","","","","","","","","","","","","","","","","","","","","","","","","","","","","",0.08284961432218552,"","","PRUNED"
54,0.08220206201076508,"2025-05-16 21:20:59.217968","2025-05-16 21:21:10.268188","0 days 00:00:11.050220",192,48.0,48.0,240.0,"",64,144.0,"","",0.0012253793848970376,4,2,0.0,6,"","","","","","",0.11252697557210922,300.556396484375,0.5155474543571472,0.48313185572624207,0.6089736819267273,0.14208006858825684,0.07166559249162674,616.6931762695312,0.9125926494598389,0.8517598509788513,0.8848593831062317,0.6237458288669586,0.14608943462371826,151.55795288085938,1.0,1.0,0.8263124227523804,0.27251577377319336,0.10509499162435532,43.703887939453125,1.0,1.0,0.9091998338699341,0.5554097592830658,0.09326230734586716,92.971923828125,1.0,0.8632699251174927,0.774124026298523,0.32471805810928345,0.0838422179222107,59.260440826416016,0.9191439151763916,0.8530587553977966,0.8278135657310486,0.5256915986537933,0.13560080528259277,118.05323028564453,1.0,1.0,0.9617303609848022,0.5317038297653198,"","","","","","",0.0976758822798729,42.82818603515625,0.7954163551330566,0.7873529195785522,0.8073557615280151,0.4827454090118408,0.17174415290355682,2075.94287109375,0.6310768723487854,0.6359582543373108,0.8394829630851746,0.04703634977340698,0.09357878565788269,49.402339935302734,0.9086683392524719,0.8757421374320984,0.8737401962280273,0.4733049273490906,0.10511931031942368,54.02092742919922,0.6427597999572754,0.7535851001739502,0.7797423005104065,0.4589948058128357,0.0774008184671402,29010.64453125,0.8439264297485352,0.7445574998855591,0.6996476650238037,0.3940868377685547,0.09326775372028351,415.7737121582031,0.39291912317276,0.4117829203605652,0.49073469638824463,-0.05791950225830078,0.11196935176849365,272.6029968261719,0.8178084492683411,0.8302275538444519,0.7617529630661011,0.4000892639160156,0.05636896193027496,516.3782958984375,1.0,1.0,0.8321490287780762,0.43363428115844727,0.11470666527748108,250.18072509765625,0.644033670425415,0.639778733253479,0.6745514869689941,0.15995216369628906,"",0.07992576062679291,0.08063789457082748,0.08220206201076508,"PRUNED"
55,0.08274033665657043,"2025-05-16 21:21:10.268527","2025-05-16 21:21:11.287506","0 days 00:00:01.018979",160,32.0,16.0,"","",64,96.0,64.0,48.0,0.01068902336950742,3,4,0.1,2,"","","","","","","","","","","","","","","","","","","","","","","","","","","","","","","","","","","","","","","","","","","","","","","","","","","","","","",0.09798004478216171,40.79802703857422,0.6674295663833618,0.7487908601760864,0.7903839349746704,0.38675135374069214,"","","","","","","","","","","","","","","","","","","","","","","","","","","","","","","","","","","","","","","","","","","","","","","","","",0.08274033665657043,"","","PRUNED"
56,0.08174069970846176,"2025-05-16 21:21:11.287823","2025-05-16 21:21:15.427743","0 days 00:00:04.139920",224,256.0,128.0,160.0,48.0,96,64.0,32.0,"",0.0006644653898968874,5,3,0.1,9,"","","","","","","","","","","","","","","","","","","","","","","","","","","","","","","","","","","","","","","","","","","","","","","","","","","","","","",0.10552770644426346,41.73785400390625,0.7073139548301697,0.7582404017448425,0.7953796982765198,0.3584901690483093,0.16915519535541534,1971.3436279296875,0.6308767795562744,0.6604502201080322,0.8442277908325195,0.09456878900527954,0.0907898098230362,47.986270904541016,0.8754791021347046,0.8929891586303711,0.8825486302375793,0.5198671221733093,0.10576967895030975,53.50607681274414,0.6771758198738098,0.7418904900550842,0.7990925312042236,0.43971073627471924,"","","","","","","","","","","","","","","","","","","","","","","","","","","","","","","",0.08054675161838531,0.08174069970846176,"","PRUNED"
