"number","value","datetime_start","datetime_complete","duration","params_decoder_layer_width_0","params_decoder_layer_width_1","params_decoder_layer_width_2","params_decoder_layer_width_3","params_decoder_layer_width_4","params_encoder_layer_width_0","params_encoder_layer_width_1","params_encoder_layer_width_2","params_encoder_layer_width_3","params_encoder_layer_width_4","params_lr","params_n_decoder_layers","params_n_encoder_layers","user_attrs_avg_mae","user_attrs_avg_mape","user_attrs_avg_ndcg10","user_attrs_avg_ndcg20","user_attrs_avg_ndcg50","user_attrs_avg_r2","user_attrs_fold10_mae","user_attrs_fold10_mape","user_attrs_fold10_ndcg10","user_attrs_fold10_ndcg20","user_attrs_fold10_ndcg50","user_attrs_fold10_r2","user_attrs_fold11_mae","user_attrs_fold11_mape","user_attrs_fold11_ndcg10","user_attrs_fold11_ndcg20","user_attrs_fold11_ndcg50","user_attrs_fold11_r2","user_attrs_fold12_mae","user_attrs_fold12_mape","user_attrs_fold12_ndcg10","user_attrs_fold12_ndcg20","user_attrs_fold12_ndcg50","user_attrs_fold12_r2","user_attrs_fold13_mae","user_attrs_fold13_mape","user_attrs_fold13_ndcg10","user_attrs_fold13_ndcg20","user_attrs_fold13_ndcg50","user_attrs_fold13_r2","user_attrs_fold14_mae","user_attrs_fold14_mape","user_attrs_fold14_ndcg10","user_attrs_fold14_ndcg20","user_attrs_fold14_ndcg50","user_attrs_fold14_r2","user_attrs_fold15_mae","user_attrs_fold15_mape","user_attrs_fold15_ndcg10","user_attrs_fold15_ndcg20","user_attrs_fold15_ndcg50","user_attrs_fold15_r2","user_attrs_fold16_mae","user_attrs_fold16_mape","user_attrs_fold16_ndcg10","user_attrs_fold16_ndcg20","user_attrs_fold16_ndcg50","user_attrs_fold16_r2","user_attrs_fold17_mae","user_attrs_fold17_mape","user_attrs_fold17_ndcg10","user_attrs_fold17_ndcg20","user_attrs_fold17_ndcg50","user_attrs_fold17_r2","user_attrs_fold1_mae","user_attrs_fold1_mape","user_attrs_fold1_ndcg10","user_attrs_fold1_ndcg20","user_attrs_fold1_ndcg50","user_attrs_fold1_r2","user_attrs_fold2_mae","user_attrs_fold2_mape","user_attrs_fold2_ndcg10","user_attrs_fold2_ndcg20","user_attrs_fold2_ndcg50","user_attrs_fold2_r2","user_attrs_fold3_mae","user_attrs_fold3_mape","user_attrs_fold3_ndcg10","user_attrs_fold3_ndcg20","user_attrs_fold3_ndcg50","user_attrs_fold3_r2","user_attrs_fold4_mae","user_attrs_fold4_mape","user_attrs_fold4_ndcg10","user_attrs_fold4_ndcg20","user_attrs_fold4_ndcg50","user_attrs_fold4_r2","user_attrs_fold5_mae","user_attrs_fold5_mape","user_attrs_fold5_ndcg10","user_attrs_fold5_ndcg20","user_attrs_fold5_ndcg50","user_attrs_fold5_r2","user_attrs_fold6_mae","user_attrs_fold6_mape","user_attrs_fold6_ndcg10","user_attrs_fold6_ndcg20","user_attrs_fold6_ndcg50","user_attrs_fold6_r2","user_attrs_fold7_mae","user_attrs_fold7_mape","user_attrs_fold7_ndcg10","user_attrs_fold7_ndcg20","user_attrs_fold7_ndcg50","user_attrs_fold7_r2","user_attrs_fold8_mae","user_attrs_fold8_mape","user_attrs_fold8_ndcg10","user_attrs_fold8_ndcg20","user_attrs_fold8_ndcg50","user_attrs_fold8_r2","user_attrs_fold9_mae","user_attrs_fold9_mape","user_attrs_fold9_ndcg10","user_attrs_fold9_ndcg20","user_attrs_fold9_ndcg50","user_attrs_fold9_r2","user_attrs_pca_components","system_attrs_completed_rung_0","system_attrs_completed_rung_1","system_attrs_completed_rung_2","state"
54,0.10853981971740723,"2025-05-16 21:04:32.950217","2025-05-16 21:04:33.993107","0 days 00:00:01.042890",240,96.0,208.0,"","",64,"","","","",0.00618575341366965,3,1,"","","","","","","","","","","","","","","","","","","","","","","","","","","","","","","","","","","","","","","","","","","","","","","","","","","","","","",0.14594817161560059,57.33736038208008,0.856927752494812,0.729552149772644,0.7600076794624329,0.0013663768768310547,0.22183571755886078,1250.181884765625,0.45100563764572144,0.5363633036613464,0.7657960057258606,-0.3282327651977539,0.14675898849964142,94.1942138671875,0.7805145382881165,0.7482203841209412,0.7703909873962402,-0.09649407863616943,0.13765332102775574,82.50684356689453,0.5234324932098389,0.6551060676574707,0.7234097123146057,0.21553003787994385,"","","","","","","","","","","","","","","","","","","","","","","","","","","","","","","",0.10557985305786133,0.10853981971740723,"","PRUNED"
55,0.11269580572843552,"2025-05-16 21:04:33.993386","2025-05-16 21:04:34.675174","0 days 00:00:00.681788",224,208.0,"","","",176,240.0,80.0,"","",0.0006368015041477951,2,3,"","","","","","","","","","","","","","","","","","","","","","","","","","","","","","","","","","","","","","","","","","","","","","","","","","","","","","",0.1522883027791977,52.53236389160156,0.8297723531723022,0.7466948628425598,0.7522898316383362,-0.27383947372436523,"","","","","","","","","","","","","","","","","","","","","","","","","","","","","","","","","","","","","","","","","","","","","","","","","",0.11269580572843552,"","","PRUNED"
56,0.11423379182815552,"2025-05-16 21:04:34.675459","2025-05-16 21:04:35.498195","0 days 00:00:00.822736",96,48.0,224.0,128.0,"",16,192.0,176.0,192.0,"",0.002996703604028906,4,4,"","","","","","","","","","","","","","","","","","","","","","","","","","","","","","","","","","","","","","","","","","","","","","","","","","","","","","",0.18456284701824188,64.87623596191406,0.5499880909919739,0.49915269017219543,0.6604279279708862,-0.716138482093811,"","","","","","","","","","","","","","","","","","","","","","","","","","","","","","","","","","","","","","","","","","","","","","","","","",0.11423379182815552,"","","PRUNED"
57,0.1106998547911644,"2025-05-16 21:04:35.498467","2025-05-16 21:04:36.076859","0 days 00:00:00.578392",176,192.0,176.0,"","",96,96.0,"","","",0.0015252556306272768,3,2,"","","","","","","","","","","","","","","","","","","","","","","","","","","","","","","","","","","","","","","","","","","","","","","","","","","","","","",0.15644189715385437,57.538734436035156,0.8327130675315857,0.734142005443573,0.738541841506958,-0.26263201236724854,"","","","","","","","","","","","","","","","","","","","","","","","","","","","","","","","","","","","","","","","","","","","","","","","","",0.1106998547911644,"","","PRUNED"
58,0.11116330325603485,"2025-05-16 21:04:36.077142","2025-05-16 21:04:36.546279","0 days 00:00:00.469137",16,112.0,160.0,160.0,"",160,"","","","",0.00484563436607843,4,1,"","","","","","","","","","","","","","","","","","","","","","","","","","","","","","","","","","","","","","","","","","","","","","","","","","","","","","",0.14945271611213684,64.99951934814453,0.45738568902015686,0.5218501687049866,0.6554107069969177,-0.05844581127166748,"","","","","","","","","","","","","","","","","","","","","","","","","","","","","","","","","","","","","","","","","","","","","","","","","",0.11116330325603485,"","","PRUNED"
59,0.11122765392065048,"2025-05-16 21:04:36.546530","2025-05-16 21:04:37.115334","0 days 00:00:00.568804",144,80.0,192.0,"","",112,48.0,"","","",0.009304389509345016,3,2,"","","","","","","","","","","","","","","","","","","","","","","","","","","","","","","","","","","","","","","","","","","","","","","","","","","","","","",0.1550941914319992,61.219276428222656,0.8744663596153259,0.7688318490982056,0.7852877974510193,-0.12063777446746826,"","","","","","","","","","","","","","","","","","","","","","","","","","","","","","","","","","","","","","","","","","","","","","","","","",0.11122765392065048,"","","PRUNED"
60,0.11808354407548904,"2025-05-16 21:04:37.115619","2025-05-16 21:04:37.907249","0 days 00:00:00.791630",208,32.0,"","","",224,208.0,64.0,48.0,"",0.00021649484933717564,2,4,"","","","","","","","","","","","","","","","","","","","","","","","","","","","","","","","","","","","","","","","","","","","","","","","","","","","","","",0.1988786906003952,70.71376037597656,0.5173956155776978,0.4607390761375427,0.4790344536304474,-0.9415712356567383,"","","","","","","","","","","","","","","","","","","","","","","","","","","","","","","","","","","","","","","","","","","","","","","","","",0.11808354407548904,"","","PRUNED"
61,0.10918370634317398,"2025-05-16 21:04:37.907517","2025-05-16 21:04:38.971393","0 days 00:00:01.063876",208,64.0,256.0,"","",80,"","","","",0.003856278852075998,3,1,"","","","","","","","","","","","","","","","","","","","","","","","","","","","","","","","","","","","","","","","","","","","","","","","","","","","","","",0.14107446372509003,58.2784538269043,0.8647359013557434,0.7445517182350159,0.8136435747146606,0.05906111001968384,0.20356890559196472,1316.5548095703125,0.6196746230125427,0.6535409688949585,0.8421105742454529,-0.11914527416229248,0.16194216907024384,98.39094543457031,0.784895658493042,0.7591869831085205,0.7433049082756042,-0.40077710151672363,0.13699518144130707,64.39773559570312,0.753326952457428,0.7436951994895935,0.8130989074707031,0.08295226097106934,"","","","","","","","","","","","","","","","","","","","","","","","","","","","","","","",0.1054174154996872,0.10918370634317398,"","PRUNED"
62,0.10965944826602936,"2025-05-16 21:04:38.971687","2025-05-16 21:04:40.044655","0 days 00:00:01.072968",224,64.0,256.0,"","",80,"","","","",0.0033399072646901197,3,1,"","","","","","","","","","","","","","","","","","","","","","","","","","","","","","","","","","","","","","","","","","","","","","","","","","","","","","",0.14261269569396973,59.95274353027344,0.8655221462249756,0.7461665868759155,0.7573719024658203,0.04885852336883545,0.19854992628097534,1410.204833984375,0.649899423122406,0.7102958559989929,0.821164608001709,-0.13627398014068604,0.15538696944713593,99.78282165527344,0.8053454160690308,0.7351763248443604,0.7522929906845093,-0.32526183128356934,0.13248197734355927,59.85556411743164,0.8174170851707458,0.7461358308792114,0.8118622899055481,0.08319264650344849,"","","","","","","","","","","","","","","","","","","","","","","","","","","","","","","",0.11012467741966248,0.10965944826602936,"","PRUNED"
63,0.11245513707399368,"2025-05-16 21:04:40.044920","2025-05-16 21:04:40.476381","0 days 00:00:00.431461",192,64.0,240.0,"","",64,"","","","",0.005523606177140541,3,1,"","","","","","","","","","","","","","","","","","","","","","","","","","","","","","","","","","","","","","","","","","","","","","","","","","","","","","",0.13964276015758514,62.05509948730469,0.8620480895042419,0.7357518672943115,0.7526800036430359,0.08124208450317383,"","","","","","","","","","","","","","","","","","","","","","","","","","","","","","","","","","","","","","","","","","","","","","","","","",0.11245513707399368,"","","PRUNED"
64,0.10798466205596924,"2025-05-16 21:04:40.476665","2025-05-16 21:04:41.555519","0 days 00:00:01.078854",208,96.0,224.0,"","",80,"","","","",0.007887722197445912,3,1,"","","","","","","","","","","","","","","","","","","","","","","","","","","","","","","","","","","","","","","","","","","","","","","","","","","","","","",0.13770487904548645,59.65723419189453,0.8296461701393127,0.7353869676589966,0.7888317108154297,0.12483328580856323,0.20254455506801605,1370.6448974609375,0.7667219042778015,0.8009434342384338,0.9027038216590881,0.00896596908569336,0.1588800996541977,75.18585968017578,0.7789208889007568,0.7101654410362244,0.7192612886428833,-0.31206440925598145,0.1461106389760971,71.2375259399414,0.6441624760627747,0.6503597497940063,0.7295829653739929,0.032733142375946045,"","","","","","","","","","","","","","","","","","","","","","","","","","","","","","","",0.10530228912830353,0.10798466205596924,"","PRUNED"
65,0.11424107104539871,"2025-05-16 21:04:41.555811","2025-05-16 21:04:42.037472","0 days 00:00:00.481661",256,16.0,240.0,240.0,"",32,"","","","",0.013659805466019075,4,1,"","","","","","","","","","","","","","","","","","","","","","","","","","","","","","","","","","","","","","","","","","","","","","","","","","","","","","",0.15179723501205444,64.7988052368164,0.807051420211792,0.7013500332832336,0.7805240750312805,-0.03388667106628418,"","","","","","","","","","","","","","","","","","","","","","","","","","","","","","","","","","","","","","","","","","","","","","","","","",0.11424107104539871,"","","PRUNED"
66,0.1145588681101799,"2025-05-16 21:04:42.037745","2025-05-16 21:04:42.513933","0 days 00:00:00.476188",32,"","","","",96,160.0,"","","",0.00250368395662784,1,2,"","","","","","","","","","","","","","","","","","","","","","","","","","","","","","","","","","","","","","","","","","","","","","","","","","","","","","",0.16131490468978882,56.494171142578125,0.46708253026008606,0.5062787532806396,0.6508578062057495,-0.3997310400009155,"","","","","","","","","","","","","","","","","","","","","","","","","","","","","","","","","","","","","","","","","","","","","","","","","",0.1145588681101799,"","","PRUNED"
67,0.14728453054147608,"2025-05-16 21:04:42.514208","2025-05-16 21:04:46.372694","0 days 00:00:03.858486",160,224.0,256.0,"","",128,"","","","",0.0018371209699864224,3,1,0.14728453054147608,2586.1224800558653,0.47659167121438417,0.4738802037694875,0.5038856469533023,-0.05070114486357745,0.1374998390674591,759.3311157226562,0.395652711391449,0.5394865274429321,0.5598454475402832,0.07224184274673462,0.1870163381099701,4379.83984375,0.7646183371543884,0.8151314854621887,0.7598143219947815,0.13900518417358398,0.1992439329624176,284.6568298339844,0.07857087254524231,0.09072563052177429,0.13614390790462494,-0.11073148250579834,0.18423280119895935,63.81581497192383,0.29552561044692993,0.29389166831970215,0.3741631507873535,-0.4170292615890503,0.13377833366394043,271.5146179199219,0.08019129931926727,0.09226017445325851,0.11952167749404907,-0.06128716468811035,0.11762350052595139,75.68994903564453,0.1909521371126175,0.2014247477054596,0.25066277384757996,-0.1913151741027832,0.23234008252620697,163.2469482421875,0.43886828422546387,0.4993523359298706,0.6037738919258118,-0.2737908363342285,0.13587887585163116,266.5682678222656,0.15324224531650543,0.15574617683887482,0.24966633319854736,-0.1866668462753296,0.1333041489124298,58.361392974853516,0.9087961912155151,0.7630304098129272,0.7816888093948364,0.12525981664657593,0.2117176502943039,1202.2633056640625,0.606120228767395,0.656356930732727,0.7898369431495667,-0.18156647682189941,0.1645115166902542,105.07559967041016,0.804381787776947,0.7470374703407288,0.7463310360908508,-0.49355316162109375,0.1286500096321106,68.07659912109375,0.6267197132110596,0.6816024780273438,0.7360548973083496,0.19850260019302368,0.09226391464471817,33807.90234375,0.7046291828155518,0.5898252129554749,0.5425470471382141,0.07915568351745605,0.1007518470287323,464.0195007324219,0.3172875642776489,0.3842167258262634,0.3970493972301483,-0.11819672584533691,0.14420229196548462,290.87799072265625,0.5566878914833069,0.46331530809402466,0.5571550130844116,0.02520376443862915,0.09550844877958298,1303.0645751953125,0.2041655331850052,0.25858157873153687,0.22767412662506104,0.025585532188415527,0.1053134873509407,399.7774658203125,0.975648820400238,0.8239786028862,0.7341272234916687,0.5072632431983948,5.0,0.10498302429914474,0.10732878744602203,0.10580454021692276,"COMPLETE"
68,0.11311359703540802,"2025-05-16 21:04:46.373103","2025-05-16 21:04:47.201278","0 days 00:00:00.828175",160,240.0,208.0,192.0,"",128,176.0,256.0,"","",0.0011188396334361605,4,3,"","","","","","","","","","","","","","","","","","","","","","","","","","","","","","","","","","","","","","","","","","","","","","","","","","","","","","",0.16223418712615967,57.66629409790039,0.8077796101570129,0.786368727684021,0.7611782550811768,-0.38573145866394043,"","","","","","","","","","","","","","","","","","","","","","","","","","","","","","","","","","","","","","","","","","","","","","","","","",0.11311359703540802,"","","PRUNED"
69,0.11374175548553467,"2025-05-16 21:04:47.201547","2025-05-16 21:04:48.241794","0 days 00:00:01.040247",48,224.0,224.0,160.0,96.0,144,64.0,112.0,128.0,16.0,0.0015521183871082976,5,5,"","","","","","","","","","","","","","","","","","","","","","","","","","","","","","","","","","","","","","","","","","","","","","","","","","","","","","",0.18238849937915802,68.09254455566406,0.47792986035346985,0.6032035946846008,0.6813304424285889,-0.5956152677536011,"","","","","","","","","","","","","","","","","","","","","","","","","","","","","","","","","","","","","","","","","","","","","","","","","",0.11374175548553467,"","","PRUNED"
70,0.11552982032299042,"2025-05-16 21:04:48.242080","2025-05-16 21:04:49.154814","0 days 00:00:00.912734",176,256.0,80.0,"","",176,144.0,80.0,224.0,"",0.0007136774219318998,3,4,"","","","","","","","","","","","","","","","","","","","","","","","","","","","","","","","","","","","","","","","","","","","","","","","","","","","","","",0.1401754468679428,48.8577880859375,0.7451692223548889,0.7474709749221802,0.7429605722427368,-0.1927577257156372,"","","","","","","","","","","","","","","","","","","","","","","","","","","","","","","","","","","","","","","","","","","","","","","","","",0.11552982032299042,"","","PRUNED"
71,0.10901083797216415,"2025-05-16 21:04:49.155073","2025-05-16 21:04:50.390863","0 days 00:00:01.235790",192,224.0,256.0,"","",112,"","","","",0.00419397943928292,3,1,"","","","","","","","","","","","","","","","","","","","","","","","","","","","","","","","","","","","","","","","","","","","","","","","","","","","","","",0.14790789783000946,59.92905044555664,0.9002566337585449,0.744841456413269,0.8003889918327332,0.004685401916503906,0.20863090455532074,1029.7469482421875,0.7517712116241455,0.653337299823761,0.8603322505950928,-0.16579318046569824,0.14291328191757202,79.0080337524414,0.8282538056373596,0.7423204183578491,0.7483953237533569,0.01577448844909668,0.12535029649734497,74.55355072021484,0.6576813459396362,0.7384087443351746,0.8067656755447388,0.27336883544921875,"","","","","","","","","","","","","","","","","","","","","","","","","","","","","","","",0.10566728562116623,0.10901083797216415,"","PRUNED"
72,0.14865180587067323,"2025-05-16 21:04:50.391147","2025-05-16 21:04:54.191726","0 days 00:00:03.800579",224,208.0,240.0,"","",80,"","","","",0.001890572286231286,3,1,0.14865180587067323,2918.3639577977797,0.4892466887831688,0.47595879873808694,0.5120109503760057,-0.11708830034031588,0.13112851977348328,545.7247924804688,0.3774435520172119,0.41006362438201904,0.5385180115699768,0.08231359720230103,0.18641412258148193,4241.3310546875,0.6645705699920654,0.7291203141212463,0.7179457545280457,0.12058842182159424,0.19812354445457458,250.62680053710938,0.13258309662342072,0.12529876828193665,0.15402548015117645,-0.15797114372253418,0.18447676301002502,65.65110778808594,0.35038161277770996,0.3434724509716034,0.33807849884033203,-0.4347938299179077,0.1339091658592224,264.8141174316406,0.11229539662599564,0.13378921151161194,0.13840477168560028,-0.0827336311340332,0.11851615458726883,77.6605453491211,0.1871289312839508,0.18560263514518738,0.2405371516942978,-0.20207083225250244,0.23154792189598083,154.97280883789062,0.2604486048221588,0.4399195909500122,0.5643613934516907,-0.283514142036438,0.12838511168956757,248.2828826904297,0.20755767822265625,0.17693185806274414,0.304825097322464,-0.09794092178344727,0.15341642498970032,61.02590560913086,0.869025468826294,0.756751537322998,0.786076545715332,-0.08514094352722168,0.2043425589799881,1511.251220703125,0.5103465914726257,0.5416290760040283,0.8004257678985596,-0.1174248456954956,0.1952275186777115,125.29251861572266,0.7855955362319946,0.742975652217865,0.7569244503974915,-1.6341631412506104,0.11849309504032135,76.00820922851562,0.9483314156532288,0.805102527141571,0.8427267074584961,0.3804497718811035,0.09338643401861191,39336.67578125,0.6895366907119751,0.6064195036888123,0.514613926410675,0.0510520339012146,0.10167689621448517,481.89093017578125,0.44034016132354736,0.4620282053947449,0.4564676582813263,-0.07239258289337158,0.13885405659675598,307.71502685546875,0.6302394270896912,0.5655387043952942,0.6069174408912659,0.09732615947723389,0.09792978316545486,1379.2392578125,0.19258183240890503,0.24786393344402313,0.21850866079330444,0.025916695594787598,0.11125262826681137,484.0243225097656,0.9587871432304382,0.8187919855117798,0.724828839302063,0.4199982285499573,5.0,0.10555748641490936,0.10678128153085709,0.1042739525437355,"COMPLETE"
