"number","value","datetime_start","datetime_complete","duration","params_decoder_layer_width_0","params_decoder_layer_width_1","params_decoder_layer_width_2","params_decoder_layer_width_3","params_decoder_layer_width_4","params_encoder_layer_width_0","params_encoder_layer_width_1","params_encoder_layer_width_2","params_encoder_layer_width_3","params_encoder_layer_width_4","params_gatv2_dropout","params_gatv2_heads","params_lr","params_n_decoder_layers","params_n_encoder_layers","user_attrs_avg_mae","user_attrs_avg_mape","user_attrs_avg_ndcg10","user_attrs_avg_ndcg20","user_attrs_avg_ndcg50","user_attrs_avg_r2","user_attrs_fold10_mae","user_attrs_fold10_mape","user_attrs_fold10_ndcg10","user_attrs_fold10_ndcg20","user_attrs_fold10_ndcg50","user_attrs_fold10_r2","user_attrs_fold11_mae","user_attrs_fold11_mape","user_attrs_fold11_ndcg10","user_attrs_fold11_ndcg20","user_attrs_fold11_ndcg50","user_attrs_fold11_r2","user_attrs_fold12_mae","user_attrs_fold12_mape","user_attrs_fold12_ndcg10","user_attrs_fold12_ndcg20","user_attrs_fold12_ndcg50","user_attrs_fold12_r2","user_attrs_fold13_mae","user_attrs_fold13_mape","user_attrs_fold13_ndcg10","user_attrs_fold13_ndcg20","user_attrs_fold13_ndcg50","user_attrs_fold13_r2","user_attrs_fold14_mae","user_attrs_fold14_mape","user_attrs_fold14_ndcg10","user_attrs_fold14_ndcg20","user_attrs_fold14_ndcg50","user_attrs_fold14_r2","user_attrs_fold15_mae","user_attrs_fold15_mape","user_attrs_fold15_ndcg10","user_attrs_fold15_ndcg20","user_attrs_fold15_ndcg50","user_attrs_fold15_r2","user_attrs_fold16_mae","user_attrs_fold16_mape","user_attrs_fold16_ndcg10","user_attrs_fold16_ndcg20","user_attrs_fold16_ndcg50","user_attrs_fold16_r2","user_attrs_fold17_mae","user_attrs_fold17_mape","user_attrs_fold17_ndcg10","user_attrs_fold17_ndcg20","user_attrs_fold17_ndcg50","user_attrs_fold17_r2","user_attrs_fold1_mae","user_attrs_fold1_mape","user_attrs_fold1_ndcg10","user_attrs_fold1_ndcg20","user_attrs_fold1_ndcg50","user_attrs_fold1_r2","user_attrs_fold2_mae","user_attrs_fold2_mape","user_attrs_fold2_ndcg10","user_attrs_fold2_ndcg20","user_attrs_fold2_ndcg50","user_attrs_fold2_r2","user_attrs_fold3_mae","user_attrs_fold3_mape","user_attrs_fold3_ndcg10","user_attrs_fold3_ndcg20","user_attrs_fold3_ndcg50","user_attrs_fold3_r2","user_attrs_fold4_mae","user_attrs_fold4_mape","user_attrs_fold4_ndcg10","user_attrs_fold4_ndcg20","user_attrs_fold4_ndcg50","user_attrs_fold4_r2","user_attrs_fold5_mae","user_attrs_fold5_mape","user_attrs_fold5_ndcg10","user_attrs_fold5_ndcg20","user_attrs_fold5_ndcg50","user_attrs_fold5_r2","user_attrs_fold6_mae","user_attrs_fold6_mape","user_attrs_fold6_ndcg10","user_attrs_fold6_ndcg20","user_attrs_fold6_ndcg50","user_attrs_fold6_r2","user_attrs_fold7_mae","user_attrs_fold7_mape","user_attrs_fold7_ndcg10","user_attrs_fold7_ndcg20","user_attrs_fold7_ndcg50","user_attrs_fold7_r2","user_attrs_fold8_mae","user_attrs_fold8_mape","user_attrs_fold8_ndcg10","user_attrs_fold8_ndcg20","user_attrs_fold8_ndcg50","user_attrs_fold8_r2","user_attrs_fold9_mae","user_attrs_fold9_mape","user_attrs_fold9_ndcg10","user_attrs_fold9_ndcg20","user_attrs_fold9_ndcg50","user_attrs_fold9_r2","user_attrs_pca_components","system_attrs_completed_rung_0","system_attrs_completed_rung_1","system_attrs_completed_rung_2","state"
81,0.11505596339702606,"2025-05-16 21:16:26.124189","2025-05-16 21:16:28.245916","0 days 00:00:02.121727",208,256.0,"","","",128,16.0,"","","",0.30000000000000004,4,0.0011087744554289013,2,2,"","","","","","","","","","","","","","","","","","","","","","","","","","","","","","","","","","","","","","","","","","","","","","","","","","","","","","",0.20761634409427643,81.6262435913086,0.6597160696983337,0.6555994153022766,0.6562070846557617,-0.874138355255127,0.21029159426689148,630.6314697265625,0.5324007272720337,0.6797928214073181,0.8012731075286865,-0.4038616418838501,0.18850432336330414,86.21549987792969,0.8392586708068848,0.76116943359375,0.719068706035614,-0.9375191926956177,0.1333179473876953,57.20829391479492,0.8340585827827454,0.7383923530578613,0.7690480351448059,0.030724406242370605,"","","","","","","","","","","","","","","","","","","","","","","","","","","","","","","",0.11266535520553589,0.11505596339702606,"","PRUNED"
82,0.11192352324724197,"2025-05-16 21:16:28.246263","2025-05-16 21:16:34.160709","0 days 00:00:05.914446",192,256.0,"","","",128,32.0,"","","",0.30000000000000004,2,0.0012493604481857506,2,2,"","","","","","",0.1215125322341919,355.3714904785156,0.2300902158021927,0.32133108377456665,0.4197724759578705,-0.07397294044494629,0.12399351596832275,1605.4466552734375,0.9116193056106567,0.9102737307548523,0.8219959139823914,0.09268498420715332,0.197804257273674,151.4784393310547,0.16043780744075775,0.1547335833311081,0.15208354592323303,-0.3308769464492798,0.22437778115272522,67.39974212646484,0.2643817067146301,0.23572227358818054,0.22501425445079803,-0.844926118850708,0.12061358243227005,93.26937866210938,0.1270405650138855,0.1227363795042038,0.13728365302085876,-0.34086012840270996,0.14332711696624756,63.63111114501953,0.2581655979156494,0.2633918523788452,0.2590107321739197,-0.6020383834838867,0.2503657042980194,109.41191864013672,0.1494598537683487,0.17909957468509674,0.1752355396747589,-0.5694410800933838,"","","","","","",0.17957372963428497,68.05854034423828,0.8579676747322083,0.7255560755729675,0.6954970955848694,-0.4887007474899292,0.2041132152080536,871.5062255859375,0.372257798910141,0.626781702041626,0.7134758830070496,-0.29889655113220215,0.1988176703453064,96.98826599121094,0.8401837944984436,0.7828563451766968,0.7836878895759583,-1.0013136863708496,0.13665498793125153,56.08546829223633,0.8240779042243958,0.7523859739303589,0.7541476488113403,-0.04803323745727539,0.08556336164474487,8975.642578125,0.6825383305549622,0.6187572479248047,0.5254915356636047,-0.1477717161178589,0.12058582901954651,133.45999145507812,0.2972313463687897,0.2437809556722641,0.22340300679206848,-0.661507248878479,0.14630137383937836,132.0642852783203,0.5267539620399475,0.4557860791683197,0.4270866811275482,-0.25218212604522705,0.07009077817201614,366.80780029296875,0.05029767006635666,0.047582365572452545,0.06711648404598236,-0.09688544273376465,0.12581169605255127,463.4044189453125,0.512306809425354,0.6035668253898621,0.6630709171295166,0.2048952579498291,"",0.11129411309957504,0.11191465705633163,0.11192352324724197,"PRUNED"
83,0.11291230469942093,"2025-05-16 21:16:34.161035","2025-05-16 21:16:34.959598","0 days 00:00:00.798563",240,240.0,"","","",144,16.0,"","","",0.30000000000000004,3,0.0006951406700135439,2,2,"","","","","","","","","","","","","","","","","","","","","","","","","","","","","","","","","","","","","","","","","","","","","","","","","","","","","","",0.210790753364563,82.76602935791016,0.632289469242096,0.6797229051589966,0.6617676019668579,-0.9254851341247559,"","","","","","","","","","","","","","","","","","","","","","","","","","","","","","","","","","","","","","","","","","","","","","","","","",0.11291230469942093,"","","PRUNED"
84,0.11272984743118286,"2025-05-16 21:16:34.959904","2025-05-16 21:16:36.902949","0 days 00:00:01.943045",208,256.0,"","","",176,48.0,"","","",0.4,2,0.001990411365899164,2,2,"","","","","","","","","","","","","","","","","","","","","","","","","","","","","","","","","","","","","","","","","","","","","","","","","","","","","","",0.20519360899925232,78.3959732055664,0.8202213644981384,0.7258985042572021,0.6804218292236328,-0.8891482353210449,0.21331064403057098,770.1927490234375,0.46421122550964355,0.6497802734375,0.7564991116523743,-0.41958582401275635,0.20198912918567657,98.08149719238281,0.831025242805481,0.7463858127593994,0.7298567295074463,-1.093041181564331,0.15108051896095276,59.068321228027344,0.908647358417511,0.7485293745994568,0.746594250202179,-0.20626282691955566,"","","","","","","","","","","","","","","","","","","","","","","","","","","","","","","",0.11113617569208145,0.11272984743118286,"","PRUNED"
85,0.1148584857583046,"2025-05-16 21:16:36.903237","2025-05-16 21:16:38.442765","0 days 00:00:01.539528",224,224.0,"","","",112,32.0,176.0,"","",0.30000000000000004,4,0.0015277765742112565,2,3,"","","","","","","","","","","","","","","","","","","","","","","","","","","","","","","","","","","","","","","","","","","","","","","","","","","","","","",0.179154172539711,64.60603332519531,0.7622581720352173,0.6978561878204346,0.6482012271881104,-0.6151939630508423,"","","","","","","","","","","","","","","","","","","","","","","","","","","","","","","","","","","","","","","","","","","","","","","","","",0.1148584857583046,"","","PRUNED"
86,0.11529403924942017,"2025-05-16 21:16:38.443042","2025-05-16 21:16:39.829307","0 days 00:00:01.386265",176,16.0,"","","",32,192.0,"","","",0.2,5,0.0010482221558227552,2,2,"","","","","","","","","","","","","","","","","","","","","","","","","","","","","","","","","","","","","","","","","","","","","","","","","","","","","","",0.15850651264190674,58.27622985839844,0.6427333354949951,0.6881077289581299,0.6587861776351929,-0.30822956562042236,"","","","","","","","","","","","","","","","","","","","","","","","","","","","","","","","","","","","","","","","","","","","","","","","","",0.11529403924942017,"","","PRUNED"
87,0.11525432020425797,"2025-05-16 21:16:39.829583","2025-05-16 21:16:41.793700","0 days 00:00:01.964117",48,208.0,224.0,"","",80,48.0,"","","",0.4,16,0.002624027047141525,3,2,"","","","","","","","","","","","","","","","","","","","","","","","","","","","","","","","","","","","","","","","","","","","","","","","","","","","","","",0.15423747897148132,52.802242279052734,0.5889856219291687,0.6609060764312744,0.6274114847183228,-0.34526515007019043,"","","","","","","","","","","","","","","","","","","","","","","","","","","","","","","","","","","","","","","","","","","","","","","","","",0.11525432020425797,"","","PRUNED"
88,0.11322823911905289,"2025-05-16 21:16:41.794002","2025-05-16 21:16:42.205168","0 days 00:00:00.411166",112,"","","","",64,"","","","",0.30000000000000004,1,0.0008367287244132087,1,1,"","","","","","","","","","","","","","","","","","","","","","","","","","","","","","","","","","","","","","","","","","","","","","","","","","","","","","",0.19119910895824432,71.89433288574219,0.5266090035438538,0.574806809425354,0.6687894463539124,-0.6984724998474121,"","","","","","","","","","","","","","","","","","","","","","","","","","","","","","","","","","","","","","","","","","","","","","","","","",0.11322823911905289,"","","PRUNED"
89,0.11376301199197769,"2025-05-16 21:16:42.205454","2025-05-16 21:16:43.258707","0 days 00:00:01.053253",192,240.0,"","","",144,128.0,"","","",0.30000000000000004,3,0.0017680006863372694,2,2,"","","","","","","","","","","","","","","","","","","","","","","","","","","","","","","","","","","","","","","","","","","","","","","","","","","","","","",0.16670426726341248,60.4298095703125,0.7617215514183044,0.7190075516700745,0.6781558990478516,-0.4052722454071045,"","","","","","","","","","","","","","","","","","","","","","","","","","","","","","","","","","","","","","","","","","","","","","","","","",0.11376301199197769,"","","PRUNED"
90,0.11916427314281464,"2025-05-16 21:16:43.259027","2025-05-16 21:16:44.433163","0 days 00:00:01.174136",224,256.0,96.0,208.0,144.0,192,16.0,144.0,"","",0.2,2,0.0003619818928516732,5,3,"","","","","","","","","","","","","","","","","","","","","","","","","","","","","","","","","","","","","","","","","","","","","","","","","","","","","","",0.16457560658454895,52.92671203613281,0.6151264309883118,0.6288853883743286,0.6487534642219543,-0.569688081741333,"","","","","","","","","","","","","","","","","","","","","","","","","","","","","","","","","","","","","","","","","","","","","","","","","",0.11916427314281464,"","","PRUNED"
91,0.13015906512737274,"2025-05-16 21:16:44.433461","2025-05-16 21:17:00.144067","0 days 00:00:15.710606",160,80.0,160.0,48.0,"",176,240.0,256.0,192.0,"",0.0,15,0.05324640112924027,4,4,"","","","","","","","","","","","","","","","","","","","","","","","","","","","","","","","","","","","","","","","","","","","","","","","","","","","","","",0.1693776547908783,54.08835983276367,0.3079359233379364,0.3392367362976074,0.38500848412513733,-0.655968189239502,"","","","","","","","","","","","","","","","","","","","","","","","","","","","","","","","","","","","","","","","","","","","","","","","","",0.13015906512737274,"","","PRUNED"
92,0.12883245944976807,"2025-05-16 21:17:00.144391","2025-05-16 21:17:09.695929","0 days 00:00:09.551538",208,96.0,"","","",160,256.0,240.0,160.0,"",0.0,11,0.06939276268492918,2,4,"","","","","","","","","","","","","","","","","","","","","","","","","","","","","","","","","","","","","","","","","","","","","","","","","","","","","","",0.5355261564254761,289.9408874511719,0.3079359233379364,0.3392367362976074,0.38500848412513733,-6.7311110496521,"","","","","","","","","","","","","","","","","","","","","","","","","","","","","","","","","","","","","","","","","","","","","","","","","",0.12883245944976807,"","","PRUNED"
93,0.12870819866657257,"2025-05-16 21:17:09.696233","2025-05-16 21:17:12.650737","0 days 00:00:02.954504",192,112.0,192.0,"","",16,224.0,"","","",0.1,12,0.09714708807735686,3,2,"","","","","","","","","","","","","","","","","","","","","","","","","","","","","","","","","","","","","","","","","","","","","","","","","","","","","","",0.21786896884441376,83.51046752929688,0.3079359233379364,0.3392367362976074,0.38500848412513733,-1.114079236984253,"","","","","","","","","","","","","","","","","","","","","","","","","","","","","","","","","","","","","","","","","","","","","","","","","",0.12870819866657257,"","","PRUNED"
94,0.9343461990356445,"2025-05-16 21:17:12.651013","2025-05-16 21:17:18.921589","0 days 00:00:06.270576",240,48.0,"","","",176,208.0,240.0,80.0,256.0,0.1,7,0.037073562033993084,2,5,"","","","","","","","","","","","","","","","","","","","","","","","","","","","","","","","","","","","","","","","","","","","","","","","","","","","","","",4956.98876953125,3210759.0,0.49571114778518677,0.4656996726989746,0.5388956665992737,-602808063.0,"","","","","","","","","","","","","","","","","","","","","","","","","","","","","","","","","","","","","","","","","","","","","","","","","",0.9343461990356445,"","","PRUNED"
95,0.12675312161445618,"2025-05-16 21:17:18.921904","2025-05-16 21:17:24.878037","0 days 00:00:05.956133",96,240.0,160.0,"","",160,240.0,176.0,"","",0.5,10,0.019527053259902984,3,3,"","","","","","","","","","","","","","","","","","","","","","","","","","","","","","","","","","","","","","","","","","","","","","","","","","","","","","",0.18601146340370178,62.807769775390625,0.3079359233379364,0.3392367362976074,0.38500848412513733,-0.8120909929275513,"","","","","","","","","","","","","","","","","","","","","","","","","","","","","","","","","","","","","","","","","","","","","","","","","",0.12675312161445618,"","","PRUNED"
96,0.12896418571472168,"2025-05-16 21:17:24.878341","2025-05-16 21:17:29.523391","0 days 00:00:04.645050",16,"","","","",208,32.0,128.0,64.0,"",0.30000000000000004,13,0.07255038137348518,1,4,"","","","","","","","","","","","","","","","","","","","","","","","","","","","","","","","","","","","","","","","","","","","","","","","","","","","","","",0.155319482088089,47.537906646728516,0.3079359233379364,0.3392367362976074,0.38500848412513733,-0.5309011936187744,"","","","","","","","","","","","","","","","","","","","","","","","","","","","","","","","","","","","","","","","","","","","","","","","","",0.12896418571472168,"","","PRUNED"
97,0.1161944791674614,"2025-05-16 21:17:29.523727","2025-05-16 21:17:33.963163","0 days 00:00:04.439436",176,256.0,"","","",192,32.0,208.0,208.0,16.0,0.0,8,0.0019477175270964538,2,5,"","","","","","","","","","","","","","","","","","","","","","","","","","","","","","","","","","","","","","","","","","","","","","","","","","","","","","",0.15129870176315308,45.74247741699219,0.4674074053764343,0.4479357898235321,0.4872033894062042,-0.5006140470504761,"","","","","","","","","","","","","","","","","","","","","","","","","","","","","","","","","","","","","","","","","","","","","","","","","",0.1161944791674614,"","","PRUNED"
98,0.12082157284021378,"2025-05-16 21:17:33.963460","2025-05-16 21:17:36.295668","0 days 00:00:02.332208",80,160.0,"","","",240,176.0,"","","",0.30000000000000004,6,0.0037944062929477257,2,2,"","","","","","","","","","","","","","","","","","","","","","","","","","","","","","","","","","","","","","","","","","","","","","","","","","","","","","",0.14154303073883057,41.72657775878906,0.435729056596756,0.5441001653671265,0.60420823097229,-0.3991342782974243,"","","","","","","","","","","","","","","","","","","","","","","","","","","","","","","","","","","","","","","","","","","","","","","","","",0.12082157284021378,"","","PRUNED"
99,0.11614251881837845,"2025-05-16 21:17:36.295964","2025-05-16 21:17:38.047551","0 days 00:00:01.751587",160,192.0,48.0,"","",112,16.0,"","","",0.4,16,0.001269572361944761,3,2,"","","","","","","","","","","","","","","","","","","","","","","","","","","","","","","","","","","","","","","","","","","","","","","","","","","","","","",0.1736413538455963,62.2255744934082,0.7313041090965271,0.6920287013053894,0.6563202142715454,-0.5557303428649902,"","","","","","","","","","","","","","","","","","","","","","","","","","","","","","","","","","","","","","","","","","","","","","","","","",0.11614251881837845,"","","PRUNED"
