"number","value","datetime_start","datetime_complete","duration","params_decoder_layer_width_0","params_decoder_layer_width_1","params_decoder_layer_width_2","params_decoder_layer_width_3","params_decoder_layer_width_4","params_encoder_layer_width_0","params_encoder_layer_width_1","params_encoder_layer_width_2","params_encoder_layer_width_3","params_lr","params_n_decoder_layers","params_n_encoder_layers","params_transformer_dropout","params_transformer_heads","user_attrs_avg_mae","user_attrs_avg_mape","user_attrs_avg_ndcg10","user_attrs_avg_ndcg20","user_attrs_avg_ndcg50","user_attrs_avg_r2","user_attrs_fold10_mae","user_attrs_fold10_mape","user_attrs_fold10_ndcg10","user_attrs_fold10_ndcg20","user_attrs_fold10_ndcg50","user_attrs_fold10_r2","user_attrs_fold11_mae","user_attrs_fold11_mape","user_attrs_fold11_ndcg10","user_attrs_fold11_ndcg20","user_attrs_fold11_ndcg50","user_attrs_fold11_r2","user_attrs_fold12_mae","user_attrs_fold12_mape","user_attrs_fold12_ndcg10","user_attrs_fold12_ndcg20","user_attrs_fold12_ndcg50","user_attrs_fold12_r2","user_attrs_fold13_mae","user_attrs_fold13_mape","user_attrs_fold13_ndcg10","user_attrs_fold13_ndcg20","user_attrs_fold13_ndcg50","user_attrs_fold13_r2","user_attrs_fold14_mae","user_attrs_fold14_mape","user_attrs_fold14_ndcg10","user_attrs_fold14_ndcg20","user_attrs_fold14_ndcg50","user_attrs_fold14_r2","user_attrs_fold15_mae","user_attrs_fold15_mape","user_attrs_fold15_ndcg10","user_attrs_fold15_ndcg20","user_attrs_fold15_ndcg50","user_attrs_fold15_r2","user_attrs_fold16_mae","user_attrs_fold16_mape","user_attrs_fold16_ndcg10","user_attrs_fold16_ndcg20","user_attrs_fold16_ndcg50","user_attrs_fold16_r2","user_attrs_fold17_mae","user_attrs_fold17_mape","user_attrs_fold17_ndcg10","user_attrs_fold17_ndcg20","user_attrs_fold17_ndcg50","user_attrs_fold17_r2","user_attrs_fold1_mae","user_attrs_fold1_mape","user_attrs_fold1_ndcg10","user_attrs_fold1_ndcg20","user_attrs_fold1_ndcg50","user_attrs_fold1_r2","user_attrs_fold2_mae","user_attrs_fold2_mape","user_attrs_fold2_ndcg10","user_attrs_fold2_ndcg20","user_attrs_fold2_ndcg50","user_attrs_fold2_r2","user_attrs_fold3_mae","user_attrs_fold3_mape","user_attrs_fold3_ndcg10","user_attrs_fold3_ndcg20","user_attrs_fold3_ndcg50","user_attrs_fold3_r2","user_attrs_fold4_mae","user_attrs_fold4_mape","user_attrs_fold4_ndcg10","user_attrs_fold4_ndcg20","user_attrs_fold4_ndcg50","user_attrs_fold4_r2","user_attrs_fold5_mae","user_attrs_fold5_mape","user_attrs_fold5_ndcg10","user_attrs_fold5_ndcg20","user_attrs_fold5_ndcg50","user_attrs_fold5_r2","user_attrs_fold6_mae","user_attrs_fold6_mape","user_attrs_fold6_ndcg10","user_attrs_fold6_ndcg20","user_attrs_fold6_ndcg50","user_attrs_fold6_r2","user_attrs_fold7_mae","user_attrs_fold7_mape","user_attrs_fold7_ndcg10","user_attrs_fold7_ndcg20","user_attrs_fold7_ndcg50","user_attrs_fold7_r2","user_attrs_fold8_mae","user_attrs_fold8_mape","user_attrs_fold8_ndcg10","user_attrs_fold8_ndcg20","user_attrs_fold8_ndcg50","user_attrs_fold8_r2","user_attrs_fold9_mae","user_attrs_fold9_mape","user_attrs_fold9_ndcg10","user_attrs_fold9_ndcg20","user_attrs_fold9_ndcg50","user_attrs_fold9_r2","user_attrs_pca_components","system_attrs_completed_rung_0","system_attrs_completed_rung_1","system_attrs_completed_rung_2","state"
15,0.08400681614875793,"2025-05-16 21:18:38.113762","2025-05-16 21:18:39.284400","0 days 00:00:01.170638",160,192.0,176.0,80.0,128.0,64,176.0,"","",0.00010374648996910371,5,2,0.1,4,"","","","","","","","","","","","","","","","","","","","","","","","","","","","","","","","","","","","","","","","","","","","","","","","","","","","","","",0.10577023774385452,45.13667678833008,0.6929258108139038,0.7938551902770996,0.824763298034668,0.3974100351333618,"","","","","","","","","","","","","","","","","","","","","","","","","","","","","","","","","","","","","","","","","","","","","","","","","",0.08400681614875793,"","","PRUNED"
16,0.09064993262290955,"2025-05-16 21:18:39.284723","2025-05-16 21:18:39.975483","0 days 00:00:00.690760",80,240.0,"","","",96,"","","",0.003524177912414967,2,1,0.4,6,"","","","","","","","","","","","","","","","","","","","","","","","","","","","","","","","","","","","","","","","","","","","","","","","","","","","","","",0.10728910565376282,45.366825103759766,0.7018967270851135,0.7820842266082764,0.8133409023284912,0.4064318537712097,"","","","","","","","","","","","","","","","","","","","","","","","","","","","","","","","","","","","","","","","","","","","","","","","","",0.09064993262290955,"","","PRUNED"
17,0.08380939811468124,"2025-05-16 21:18:39.975752","2025-05-16 21:18:40.929675","0 days 00:00:00.953923",224,160.0,80.0,"","",48,96.0,"","",0.0002782590249118766,3,2,0.30000000000000004,5,"","","","","","","","","","","","","","","","","","","","","","","","","","","","","","","","","","","","","","","","","","","","","","","","","","","","","","",0.10911209881305695,42.69979476928711,0.7116585373878479,0.7542099356651306,0.8077157735824585,0.3215137720108032,"","","","","","","","","","","","","","","","","","","","","","","","","","","","","","","","","","","","","","","","","","","","","","","","","",0.08380939811468124,"","","PRUNED"
18,0.10071099330397214,"2025-05-16 21:18:40.929959","2025-05-16 21:18:53.691303","0 days 00:00:12.761344",160,112.0,176.0,176.0,"",160,160.0,208.0,"",0.0012875897154447182,4,3,0.1,3,0.10071099330397214,1106.7158189661363,0.8141856596750372,0.7988126242862028,0.7765566969619078,0.35532278173110066,0.11186183989048004,242.00730895996094,0.43579867482185364,0.47318604588508606,0.46406179666519165,0.035638630390167236,0.07456662505865097,762.5659790039062,0.9120548367500305,0.8637658953666687,0.8914657831192017,0.6374486088752747,0.14625583589076996,121.38375854492188,1.0,0.9996525049209595,0.8259738087654114,0.1978931427001953,0.1032884418964386,54.93291091918945,1.0,1.0,0.9159101843833923,0.5994805693626404,0.09142318367958069,105.35803985595703,1.0,0.864474892616272,0.7635784149169922,0.3543763756752014,0.08225017040967941,63.20977783203125,0.9191439151763916,0.8530683517456055,0.8126863837242126,0.5197483599185944,0.13689658045768738,103.4428482055664,1.0,1.0,0.9628545045852661,0.5068946480751038,0.07356350123882294,84.06185150146484,0.8921757340431213,0.8398101925849915,0.8181852102279663,0.4751332998275757,0.0967969223856926,38.81406021118164,0.7679721713066101,0.7952800989151001,0.7935899496078491,0.4050241708755493,0.1674700826406479,1457.84912109375,0.632205605506897,0.6650837659835815,0.8481436967849731,0.04294091463088989,0.08117593079805374,48.94356918334961,0.90501868724823,0.8838869333267212,0.8879857063293457,0.5720003545284271,0.104354128241539,52.33736801147461,0.7582931518554688,0.792616605758667,0.8092979192733765,0.4585323929786682,0.0717267096042633,14287.52734375,0.8543287515640259,0.7628740072250366,0.6901502013206482,0.3482181429862976,0.09251350164413452,461.18017578125,0.3265138864517212,0.3998410999774933,0.490449994802475,-0.006505489349365234,0.11040622740983963,233.09231567382812,0.8178084492683411,0.7631190419197083,0.7350922226905823,0.344997763633728,0.054343774914741516,437.87994384765625,1.0,1.0,0.8153679370880127,0.40914809703826904,0.11319343000650406,259.5825500488281,0.6198423504829407,0.6231551766395569,0.6766701340675354,0.13951730728149414,5.0,0.07981055229902267,0.08050853759050369,0.08313234895467758,"COMPLETE"
19,0.09944320382440791,"2025-05-16 21:18:53.691767","2025-05-16 21:19:03.249102","0 days 00:00:09.557335",160,96.0,176.0,160.0,"",176,176.0,208.0,16.0,0.001678182793244261,4,4,0.0,2,0.09944320382440791,1424.234857222613,0.8153589122435626,0.793285566217759,0.7778630256652832,0.3527707773096421,0.11180532723665237,212.15879821777344,0.46165934205055237,0.49310389161109924,0.5438302159309387,0.021313726902008057,0.06879574805498123,384.1338195800781,0.9125926494598389,0.8246778845787048,0.8592681884765625,0.6011686027050018,0.14404235780239105,137.38734436035156,1.0,1.0,0.8323022723197937,0.2314821481704712,0.10289215296506882,57.78805160522461,1.0,1.0,0.9157324433326721,0.6152964532375336,0.09260828047990799,98.3094711303711,1.0,0.8308199048042297,0.7603822350502014,0.32527196407318115,0.0825335904955864,59.331809997558594,0.9191439151763916,0.8531113862991333,0.8070486187934875,0.5090274512767792,0.13522030413150787,97.60662078857422,1.0,1.0,0.9628441333770752,0.4987013339996338,0.07438186556100845,70.80656433105469,0.8921757340431213,0.8396451473236084,0.8193781971931458,0.4281691908836365,0.09514477849006653,39.61700439453125,0.7600905299186707,0.7943567037582397,0.794525682926178,0.43694204092025757,0.16760973632335663,1757.28564453125,0.6280590891838074,0.6625178456306458,0.8374789357185364,0.06250244379043579,0.08028712868690491,46.365474700927734,0.9096763134002686,0.878466784954071,0.8621760606765747,0.5537963211536407,0.10236815363168716,52.6141242980957,0.7190759181976318,0.743862509727478,0.801868736743927,0.43624407052993774,0.07185143977403641,20049.23046875,0.8659759759902954,0.7610222101211548,0.670396625995636,0.34824901819229126,0.08825723826885223,376.1905517578125,0.36938509345054626,0.3858475387096405,0.5202778577804565,0.023940682411193848,0.10754498839378357,207.9633026123047,0.8178084492683411,0.8006108999252319,0.7300093770027161,0.35258251428604126,0.05245678871870041,298.2450866699219,1.0,0.995047390460968,0.8361862301826477,0.36714398860931396,0.1127345860004425,266.95843505859375,0.6054584980010986,0.622764527797699,0.6699656248092651,0.1852712631225586,5.0,0.08083799481391907,0.08008770644664764,0.08136241137981415,"COMPLETE"
20,0.08213544636964798,"2025-05-16 21:19:03.249590","2025-05-16 21:19:06.118794","0 days 00:00:02.869204",176,80.0,176.0,"","",176,176.0,208.0,16.0,0.006091844184314606,3,4,0.0,2,"","","","","","","","","","","","","","","","","","","","","","","","","","","","","","","","","","","","","","","","","","","","","","","","","","","","","","",0.09756544232368469,41.016502380371094,0.7508450746536255,0.7605255842208862,0.809866726398468,0.4155094623565674,0.16866455972194672,2372.327880859375,0.678942859172821,0.656062662601471,0.8453832864761353,0.13276439905166626,0.08802341669797897,47.099037170410156,0.90501868724823,0.8629950881004333,0.880589485168457,0.5227444469928741,0.10126206278800964,45.241878509521484,0.6711696982383728,0.7029173970222473,0.8087964057922363,0.3606235384941101,"","","","","","","","","","","","","","","","","","","","","","","","","","","","","","","",0.0809355303645134,0.08213544636964798,"","PRUNED"
21,0.08113083988428116,"2025-05-16 21:19:06.119098","2025-05-16 21:19:09.870137","0 days 00:00:03.751039",224,112.0,192.0,160.0,"",176,176.0,160.0,16.0,0.0015547935886463097,4,4,0.1,3,"","","","","","","","","","","","","","","","","","","","","","","","","","","","","","","","","","","","","","","","","","","","","","","","","","","","","","",0.09670945256948471,42.03458786010742,0.7683833241462708,0.8096513152122498,0.7969074845314026,0.45429712533950806,0.16510061919689178,1744.1558837890625,0.6777278184890747,0.6776555776596069,0.8515625,0.08877593278884888,0.07772304117679596,51.09809112548828,0.8614796996116638,0.8741582036018372,0.8637539744377136,0.5845504105091095,0.10497184097766876,56.08970642089844,0.7319219708442688,0.7393501996994019,0.8188369274139404,0.46429693698883057,"","","","","","","","","","","","","","","","","","","","","","","","","","","","","","","",0.08127876371145248,0.08113083988428116,"","PRUNED"
22,0.08111253380775452,"2025-05-16 21:19:09.870448","2025-05-16 21:19:11.931637","0 days 00:00:02.061189",144,96.0,144.0,176.0,"",176,160.0,160.0,"",0.0010407350208253639,4,3,0.0,1,"","","","","","","","","","","","","","","","","","","","","","","","","","","","","","","","","","","","","","","","","","","","","","","","","","","","","","",0.1023915484547615,41.99751663208008,0.7427001595497131,0.7822568416595459,0.7987193465232849,0.3655902147293091,0.1673118770122528,2009.1846923828125,0.6767438054084778,0.6234931349754333,0.8395287394523621,0.06592988967895508,0.07835985720157623,48.210838317871094,0.9096763134002686,0.8788211345672607,0.866670548915863,0.5769488215446472,0.10015776753425598,47.52628707885742,0.6386211514472961,0.6804757714271545,0.7677391767501831,0.3391892910003662,"","","","","","","","","","","","","","","","","","","","","","","","","","","","","","","",0.07962320744991302,0.08111253380775452,"","PRUNED"
23,0.08144934475421906,"2025-05-16 21:19:11.931951","2025-05-16 21:19:13.946540","0 days 00:00:02.014589",224,144.0,144.0,96.0,"",192,208.0,192.0,128.0,0.003239305086769076,4,4,0.1,3,"","","","","","","","","","","","","","","","","","","","","","","","","","","","","","","","","","","","","","","","","","","","","","","","","","","","","","",0.09783139824867249,39.45148468017578,0.7189126014709473,0.7814667820930481,0.785430371761322,0.3928883671760559,"","","","","","","","","","","","","","","","","","","","","","","","","","","","","","","","","","","","","","","","","","","","","","","","","",0.08144934475421906,"","","PRUNED"
24,0.10081297926166478,"2025-05-16 21:19:13.946830","2025-05-16 21:19:24.472132","0 days 00:00:10.525302",160,112.0,112.0,144.0,"",144,160.0,128.0,"",0.0018872077427750044,4,3,0.0,3,0.10081297926166478,1065.1161768296186,0.8139448218485889,0.7852184772491455,0.7703229118795956,0.34373824035420136,0.11135262250900269,233.83645629882812,0.43474316596984863,0.48013612627983093,0.5479147434234619,0.06967216730117798,0.07784372568130493,753.6456909179688,0.9644544720649719,0.8039734363555908,0.7994943261146545,0.5819600522518158,0.14370548725128174,128.6414031982422,1.0,1.0,0.8326648473739624,0.23318761587142944,0.10261664539575577,58.0246696472168,1.0,1.0,0.9097275733947754,0.6145552396774292,0.09165070205926895,97.9627685546875,1.0,0.8516607284545898,0.7619832754135132,0.32736271619796753,0.08166820555925369,66.20818328857422,0.9191439151763916,0.8530683517456055,0.8185800313949585,0.5379742980003357,0.1322048008441925,93.09541320800781,1.0,1.0,0.9628441333770752,0.5020284056663513,0.07422087341547012,89.84709930419922,0.8921757340431213,0.8396451473236084,0.8055436015129089,0.4750938415527344,0.10211283713579178,42.357452392578125,0.7410904169082642,0.7899710536003113,0.7949190139770508,0.4042038321495056,0.16018643975257874,1390.82568359375,0.6777278184890747,0.6746706366539001,0.8518269062042236,0.06741082668304443,0.08386687189340591,49.109619140625,0.9114508032798767,0.879602313041687,0.8789190053939819,0.5523901879787445,0.10275144875049591,52.12761306762695,0.7716032266616821,0.8033652901649475,0.824220597743988,0.49457627534866333,0.07259443402290344,13877.880859375,0.8537726998329163,0.7553566694259644,0.6822115182876587,0.2921760082244873,0.09416574239730835,285.2704162597656,0.3155469000339508,0.37730616331100464,0.5233863592147827,-0.12758111953735352,0.114395372569561,334.5985412597656,0.8415148854255676,0.757361650466919,0.7080932259559631,0.3756271004676819,0.0523553229868412,353.7109375,1.0,0.995047390460968,0.8336874842643738,0.4049178957939148,0.11612911522388458,199.8321990966797,0.5138379335403442,0.48754915595054626,0.5594728589057922,0.03799474239349365,5.0,0.07903807610273361,0.08075382560491562,0.08033512532711029,"COMPLETE"
25,0.08429333567619324,"2025-05-16 21:19:24.472650","2025-05-16 21:19:25.460959","0 days 00:00:00.988309",160,48.0,"","","",160,192.0,128.0,"",0.011496304137772341,2,3,0.0,2,"","","","","","","","","","","","","","","","","","","","","","","","","","","","","","","","","","","","","","","","","","","","","","","","","","","","","","",0.10512039810419083,43.87144470214844,0.7134508490562439,0.7626469731330872,0.8089988827705383,0.42227333784103394,"","","","","","","","","","","","","","","","","","","","","","","","","","","","","","","","","","","","","","","","","","","","","","","","","",0.08429333567619324,"","","PRUNED"
26,0.0823608860373497,"2025-05-16 21:19:25.461254","2025-05-16 21:19:29.438448","0 days 00:00:03.977194",112,112.0,112.0,192.0,"",144,160.0,208.0,80.0,0.0018889631380367062,4,4,0.0,3,"","","","","","","","","","","","","","","","","","","","","","","","","","","","","","","","","","","","","","","","","","","","","","","","","","","","","","",0.10224200040102005,42.624778747558594,0.7298036813735962,0.7545294761657715,0.7951376438140869,0.34297215938568115,0.15982933342456818,1393.8687744140625,0.6795506477355957,0.6769438982009888,0.8506575226783752,0.07386809587478638,0.08065267652273178,47.979888916015625,0.90501868724823,0.8833338618278503,0.8806040287017822,0.5808112919330597,0.10017284750938416,53.12660217285156,0.7981933355331421,0.7904009819030762,0.8225414752960205,0.5027596652507782,"","","","","","","","","","","","","","","","","","","","","","","","","","","","","","","",0.08011677861213684,0.0823608860373497,"","PRUNED"
27,0.0816180482506752,"2025-05-16 21:19:29.438757","2025-05-16 21:19:31.451729","0 days 00:00:02.012972",160,64.0,208.0,"","",128,160.0,128.0,"",0.004278078806958771,3,3,0.0,1,"","","","","","","","","","","","","","","","","","","","","","","","","","","","","","","","","","","","","","","","","","","","","","","","","","","","","","",0.10150420665740967,39.32560348510742,0.7418720126152039,0.7888100743293762,0.8127462267875671,0.34073030948638916,0.16683253645896912,1021.0411376953125,0.7024016380310059,0.6743582487106323,0.8484506011009216,0.00811237096786499,0.09405122697353363,49.12615203857422,0.8983396291732788,0.8995519280433655,0.8703662753105164,0.481040894985199,0.10338686406612396,56.19166946411133,0.7763404846191406,0.8275513052940369,0.8200275301933289,0.5192757248878479,"","","","","","","","","","","","","","","","","","","","","","","","","","","","","","","",0.0792863741517067,0.0816180482506752,"","PRUNED"
28,0.09040378779172897,"2025-05-16 21:19:31.452073","2025-05-16 21:19:32.997440","0 days 00:00:01.545367",144,16.0,160.0,"","",160,192.0,176.0,"",0.015353402510023085,3,3,0.1,3,"","","","","","","","","","","","","","","","","","","","","","","","","","","","","","","","","","","","","","","","","","","","","","","","","","","","","","",0.17723512649536133,57.74958038330078,0.3079359233379364,0.3392367362976074,0.38500848412513733,-0.7316290140151978,"","","","","","","","","","","","","","","","","","","","","","","","","","","","","","","","","","","","","","","","","","","","","","","","","",0.09040378779172897,"","","PRUNED"
29,0.08211009949445724,"2025-05-16 21:19:32.997827","2025-05-16 21:19:33.883210","0 days 00:00:00.885383",112,112.0,96.0,144.0,"",144,80.0,96.0,"",0.001842470268100056,4,3,0.1,2,"","","","","","","","","","","","","","","","","","","","","","","","","","","","","","","","","","","","","","","","","","","","","","","","","","","","","","",0.10256519168615341,42.46376419067383,0.717522144317627,0.7908698916435242,0.7888100743293762,0.3714432716369629,"","","","","","","","","","","","","","","","","","","","","","","","","","","","","","","","","","","","","","","","","","","","","","","","","",0.08211009949445724,"","","PRUNED"
30,0.08178748190402985,"2025-05-16 21:19:33.883520","2025-05-16 21:19:36.357606","0 days 00:00:02.474086",176,96.0,192.0,144.0,"",192,128.0,208.0,144.0,0.0011939142439363036,4,4,0.2,4,"","","","","","","","","","","","","","","","","","","","","","","","","","","","","","","","","","","","","","","","","","","","","","","","","","","","","","",0.096869096159935,39.95204162597656,0.7397052049636841,0.7854886651039124,0.7860032320022583,0.3971046209335327,"","","","","","","","","","","","","","","","","","","","","","","","","","","","","","","","","","","","","","","","","","","","","","","","","",0.08178748190402985,"","","PRUNED"
31,0.08203022927045822,"2025-05-16 21:19:36.357901","2025-05-16 21:19:41.636248","0 days 00:00:05.278347",240,144.0,48.0,128.0,208.0,112,160.0,144.0,"",0.0007392449277602841,5,3,0.1,5,"","","","","","","","","","","","","","","","","","","","","","","","","","","","","","","","","","","","","","","","","","","","","","","","","","","","","","",0.09944334626197815,40.12030029296875,0.73781818151474,0.784747838973999,0.8026255965232849,0.4020532965660095,0.168352410197258,1768.327880859375,0.6321982145309448,0.6580283045768738,0.8488209843635559,0.06834840774536133,0.07707727700471878,48.49915313720703,0.9011214971542358,0.9101108312606812,0.8906840085983276,0.6162886917591095,0.10407444834709167,47.464317321777344,0.6459283828735352,0.7204657196998596,0.798152506351471,0.3700389862060547,"","","","","","","","","","","","","","","","","","","","","","","","","","","","","","","",0.08078727126121521,0.08203022927045822,"","PRUNED"
32,0.081234410405159,"2025-05-16 21:19:41.636566","2025-05-16 21:19:42.722246","0 days 00:00:01.085680",208,160.0,160.0,208.0,"",192,128.0,"","",0.0007399995627326597,4,2,0.0,3,"","","","","","","","","","","","","","","","","","","","","","","","","","","","","","","","","","","","","","","","","","","","","","","","","","","","","","",0.10512248426675797,42.26810836791992,0.7551064491271973,0.7641230225563049,0.8098019361495972,0.3697686195373535,"","","","","","","","","","","","","","","","","","","","","","","","","","","","","","","","","","","","","","","","","","","","","","","","","",0.081234410405159,"","","PRUNED"
33,0.08212968707084656,"2025-05-16 21:19:42.722529","2025-05-16 21:19:43.670946","0 days 00:00:00.948417",176,96.0,16.0,112.0,160.0,112,176.0,80.0,"",0.002478099028673043,5,3,0.1,2,"","","","","","","","","","","","","","","","","","","","","","","","","","","","","","","","","","","","","","","","","","","","","","","","","","","","","","",0.1002831980586052,43.26573181152344,0.79319828748703,0.8236601948738098,0.803362250328064,0.42667603492736816,"","","","","","","","","","","","","","","","","","","","","","","","","","","","","","","","","","","","","","","","","","","","","","","","","",0.08212968707084656,"","","PRUNED"
