"number","value","datetime_start","datetime_complete","duration","params_decoder_layer_width_0","params_decoder_layer_width_1","params_decoder_layer_width_2","params_decoder_layer_width_3","params_decoder_layer_width_4","params_encoder_layer_width_0","params_encoder_layer_width_1","params_encoder_layer_width_2","params_encoder_layer_width_3","params_encoder_layer_width_4","params_lr","params_n_decoder_layers","params_n_encoder_layers","user_attrs_avg_mae","user_attrs_avg_mape","user_attrs_avg_ndcg10","user_attrs_avg_ndcg20","user_attrs_avg_ndcg50","user_attrs_avg_r2","user_attrs_fold10_mae","user_attrs_fold10_mape","user_attrs_fold10_ndcg10","user_attrs_fold10_ndcg20","user_attrs_fold10_ndcg50","user_attrs_fold10_r2","user_attrs_fold11_mae","user_attrs_fold11_mape","user_attrs_fold11_ndcg10","user_attrs_fold11_ndcg20","user_attrs_fold11_ndcg50","user_attrs_fold11_r2","user_attrs_fold12_mae","user_attrs_fold12_mape","user_attrs_fold12_ndcg10","user_attrs_fold12_ndcg20","user_attrs_fold12_ndcg50","user_attrs_fold12_r2","user_attrs_fold13_mae","user_attrs_fold13_mape","user_attrs_fold13_ndcg10","user_attrs_fold13_ndcg20","user_attrs_fold13_ndcg50","user_attrs_fold13_r2","user_attrs_fold14_mae","user_attrs_fold14_mape","user_attrs_fold14_ndcg10","user_attrs_fold14_ndcg20","user_attrs_fold14_ndcg50","user_attrs_fold14_r2","user_attrs_fold15_mae","user_attrs_fold15_mape","user_attrs_fold15_ndcg10","user_attrs_fold15_ndcg20","user_attrs_fold15_ndcg50","user_attrs_fold15_r2","user_attrs_fold16_mae","user_attrs_fold16_mape","user_attrs_fold16_ndcg10","user_attrs_fold16_ndcg20","user_attrs_fold16_ndcg50","user_attrs_fold16_r2","user_attrs_fold17_mae","user_attrs_fold17_mape","user_attrs_fold17_ndcg10","user_attrs_fold17_ndcg20","user_attrs_fold17_ndcg50","user_attrs_fold17_r2","user_attrs_fold1_mae","user_attrs_fold1_mape","user_attrs_fold1_ndcg10","user_attrs_fold1_ndcg20","user_attrs_fold1_ndcg50","user_attrs_fold1_r2","user_attrs_fold2_mae","user_attrs_fold2_mape","user_attrs_fold2_ndcg10","user_attrs_fold2_ndcg20","user_attrs_fold2_ndcg50","user_attrs_fold2_r2","user_attrs_fold3_mae","user_attrs_fold3_mape","user_attrs_fold3_ndcg10","user_attrs_fold3_ndcg20","user_attrs_fold3_ndcg50","user_attrs_fold3_r2","user_attrs_fold4_mae","user_attrs_fold4_mape","user_attrs_fold4_ndcg10","user_attrs_fold4_ndcg20","user_attrs_fold4_ndcg50","user_attrs_fold4_r2","user_attrs_fold5_mae","user_attrs_fold5_mape","user_attrs_fold5_ndcg10","user_attrs_fold5_ndcg20","user_attrs_fold5_ndcg50","user_attrs_fold5_r2","user_attrs_fold6_mae","user_attrs_fold6_mape","user_attrs_fold6_ndcg10","user_attrs_fold6_ndcg20","user_attrs_fold6_ndcg50","user_attrs_fold6_r2","user_attrs_fold7_mae","user_attrs_fold7_mape","user_attrs_fold7_ndcg10","user_attrs_fold7_ndcg20","user_attrs_fold7_ndcg50","user_attrs_fold7_r2","user_attrs_fold8_mae","user_attrs_fold8_mape","user_attrs_fold8_ndcg10","user_attrs_fold8_ndcg20","user_attrs_fold8_ndcg50","user_attrs_fold8_r2","user_attrs_fold9_mae","user_attrs_fold9_mape","user_attrs_fold9_ndcg10","user_attrs_fold9_ndcg20","user_attrs_fold9_ndcg50","user_attrs_fold9_r2","user_attrs_pca_components","system_attrs_completed_rung_0","system_attrs_completed_rung_1","system_attrs_completed_rung_2","state"
36,0.11755156517028809,"2025-05-16 21:04:09.398028","2025-05-16 21:04:10.681811","0 days 00:00:01.283783",256,112.0,208.0,144.0,16.0,128,"","","","",0.0019610311667908192,5,1,"","","","","","","","","","","","","","","","","","","","","","","","","","","","","","","","","","","","","","","","","","","","","","","","","","","","","","",0.17107878625392914,62.00263595581055,0.6325265169143677,0.6131309866905212,0.7110744118690491,-0.47244179248809814,0.20998896658420563,1006.1838989257812,0.5535184741020203,0.663449227809906,0.8163040280342102,-0.23433995246887207,0.15728957951068878,69.23301696777344,0.7889537811279297,0.7163148522377014,0.704900324344635,-0.4851459264755249,0.1338302344083786,60.659141540527344,0.7040249109268188,0.7607706785202026,0.8039238452911377,0.0010863542556762695,"","","","","","","","","","","","","","","","","","","","","","","","","","","","","","","",0.10713811218738556,0.11755156517028809,"","PRUNED"
37,0.115712970495224,"2025-05-16 21:04:10.682128","2025-05-16 21:04:11.618100","0 days 00:00:00.935972",64,16.0,"","","",144,"","","","",0.004091208668764771,2,1,"","","","","","","","","","","","","","","","","","","","","","","","","","","","","","","","","","","","","","","","","","","","","","","","","","","","","","",0.17209848761558533,61.56277084350586,0.7766000628471375,0.6973735094070435,0.7088843584060669,-0.4993528127670288,0.20479945838451385,1321.0267333984375,0.6091556549072266,0.6471803188323975,0.8024498224258423,-0.16531217098236084,0.1460668444633484,70.14257049560547,0.8308612108230591,0.7533002495765686,0.7460697293281555,-0.18487513065338135,0.13299953937530518,63.389404296875,0.9232284426689148,0.7771188616752625,0.8573165535926819,0.1238175630569458,"","","","","","","","","","","","","","","","","","","","","","","","","","","","","","","",0.10846094787120819,0.115712970495224,"","PRUNED"
38,0.11294815689325333,"2025-05-16 21:04:11.618353","2025-05-16 21:04:13.063257","0 days 00:00:01.444904",144,240.0,240.0,"","",96,96.0,"","","",0.007350900585149846,3,2,"","","","","","","","","","","","","","","","","","","","","","","","","","","","","","","","","","","","","","","","","","","","","","","","","","","","","","",0.18233537673950195,65.80693817138672,0.8209843635559082,0.7758030295372009,0.7548536658287048,-0.6360855102539062,0.19333913922309875,1138.259765625,0.5523940324783325,0.7056095004081726,0.8185615539550781,-0.029607653617858887,0.17325639724731445,77.74406433105469,0.7150280475616455,0.691003680229187,0.6991993188858032,-0.6688235998153687,0.14634108543395996,56.178890228271484,0.7769019603729248,0.7358630895614624,0.7902059555053711,-0.15941333770751953,"","","","","","","","","","","","","","","","","","","","","","","","","","","","","","","",0.11014297604560852,0.11294815689325333,"","PRUNED"
39,0.11493866890668869,"2025-05-16 21:04:13.063526","2025-05-16 21:04:14.027063","0 days 00:00:00.963537",192,160.0,128.0,112.0,192.0,192,144.0,96.0,256.0,"",0.01072459142494579,5,4,"","","","","","","","","","","","","","","","","","","","","","","","","","","","","","","","","","","","","","","","","","","","","","","","","","","","","","",0.15560100972652435,49.099491119384766,0.4193943738937378,0.37359684705734253,0.5330547094345093,-0.48288583755493164,"","","","","","","","","","","","","","","","","","","","","","","","","","","","","","","","","","","","","","","","","","","","","","","","","",0.11493866890668869,"","","PRUNED"
40,0.11382453888654709,"2025-05-16 21:04:14.027350","2025-05-16 21:04:14.786888","0 days 00:00:00.759538",224,128.0,96.0,32.0,"",112,176.0,224.0,"","",0.0010180439962451586,4,3,"","","","","","","","","","","","","","","","","","","","","","","","","","","","","","","","","","","","","","","","","","","","","","","","","","","","","","",0.17012271285057068,57.62919235229492,0.3532063066959381,0.41709086298942566,0.5868238210678101,-0.5747889280319214,"","","","","","","","","","","","","","","","","","","","","","","","","","","","","","","","","","","","","","","","","","","","","","","","","",0.11382453888654709,"","","PRUNED"
41,0.11082454770803452,"2025-05-16 21:04:14.787159","2025-05-16 21:04:18.315521","0 days 00:00:03.528362",208,48.0,208.0,"","",96,"","","","",0.004680478607555796,3,1,"","","","","","",0.1281559020280838,603.09130859375,0.3533403277397156,0.5099361538887024,0.5626199841499329,0.11185801029205322,0.23621581494808197,5812.21142578125,0.8215753436088562,0.7908795475959778,0.715630829334259,-0.3051537275314331,0.19573266804218292,250.751953125,0.0563037283718586,0.0882888212800026,0.11495250463485718,-0.13667523860931396,0.19357016682624817,61.79161834716797,0.36218973994255066,0.31437861919403076,0.41707882285118103,-0.5351669788360596,0.12685520946979523,233.20274353027344,0.10805261880159378,0.11561265587806702,0.12908971309661865,-0.05848574638366699,0.11498571187257767,92.45279693603516,0.1295023262500763,0.1428394764661789,0.18550018966197968,-0.09511220455169678,0.2397044450044632,201.88449096679688,0.07239875197410583,0.08730455487966537,0.1353377401828766,-0.29873716831207275,"","","","","","",0.15230293571949005,61.68457794189453,0.8775830268859863,0.7441940903663635,0.7306851148605347,-0.08775794506072998,0.2119215875864029,1426.5203857421875,0.6342990398406982,0.68095862865448,0.8567702770233154,-0.19152569770812988,0.1687430441379547,107.3477783203125,0.7844116687774658,0.7419029474258423,0.7438721656799316,-0.6003996133804321,0.11923444271087646,70.18550872802734,0.904006838798523,0.7915715575218201,0.7949355244636536,0.32404041290283203,0.10043612122535706,37677.08984375,0.6792503595352173,0.5983724594116211,0.5057404637336731,0.049218058586120605,0.09994734078645706,577.7993774414062,0.4942696690559387,0.48987317085266113,0.48772957921028137,-7.343292236328125e-05,0.1379917860031128,276.33123779296875,0.6141424775123596,0.5678139925003052,0.6438071131706238,0.06624084711074829,0.08788585662841797,1122.8485107421875,0.1132437214255333,0.1285397857427597,0.16579164564609528,0.03825712203979492,0.11928609013557434,407.73114013671875,0.8379448056221008,0.8374947309494019,0.7538508772850037,0.3044326901435852,"",0.1079317182302475,0.10692817717790604,0.11082454770803452,"PRUNED"
42,0.10829521715641022,"2025-05-16 21:04:18.315839","2025-05-16 21:04:19.369492","0 days 00:00:01.053653",208,80.0,224.0,"","",80,"","","","",0.0037136593127995252,3,1,"","","","","","","","","","","","","","","","","","","","","","","","","","","","","","","","","","","","","","","","","","","","","","","","","","","","","","",0.14060786366462708,64.16596984863281,0.8660328388214111,0.7546991109848022,0.7445241808891296,0.08936309814453125,0.2086467444896698,1512.949462890625,0.5211963653564453,0.5306854844093323,0.7969823479652405,-0.1868288516998291,0.15402887761592865,80.73866271972656,0.8282538056373596,0.7445114850997925,0.7382826209068298,-0.11542153358459473,0.12246964126825333,60.44075393676758,0.9417191743850708,0.7771093845367432,0.8148607611656189,0.3061426877975464,"","","","","","","","","","","","","","","","","","","","","","","","","","","","","","","",0.10569152235984802,0.10829521715641022,"","PRUNED"
43,0.11589571833610535,"2025-05-16 21:04:19.369754","2025-05-16 21:04:20.364060","0 days 00:00:00.994306",240,48.0,"","","",96,"","","","",0.0018418810701420784,2,1,"","","","","","","","","","","","","","","","","","","","","","","","","","","","","","","","","","","","","","","","","","","","","","","","","","","","","","",0.15140345692634583,61.55288314819336,0.8677042722702026,0.7571222186088562,0.7719044089317322,-0.05511939525604248,0.20293383300304413,1387.0467529296875,0.6399248838424683,0.6659128069877625,0.8419176936149597,-0.15900695323944092,0.1436982899904251,74.66609191894531,0.804381787776947,0.7354634404182434,0.7219444513320923,-0.08793163299560547,0.13120689988136292,55.36198043823242,0.6798195838928223,0.7739300727844238,0.812078595161438,0.025014758110046387,"","","","","","","","","","","","","","","","","","","","","","","","","","","","","","","",0.10882546752691269,0.11589571833610535,"","PRUNED"
44,0.11393068730831146,"2025-05-16 21:04:20.364319","2025-05-16 21:04:21.480343","0 days 00:00:01.116024",176,32.0,16.0,176.0,"",160,"","","","",0.006608180181996158,4,1,"","","","","","","","","","","","","","","","","","","","","","","","","","","","","","","","","","","","","","","","","","","","","","","","","","","","","","",0.1531374305486679,61.76128387451172,0.9085181355476379,0.7603116631507874,0.7776468992233276,-0.07433414459228516,0.21104328334331512,1089.48388671875,0.5842821598052979,0.7196102142333984,0.8087522387504578,-0.23061883449554443,0.15308766067028046,70.82605743408203,0.7778958082199097,0.7245850563049316,0.7377508878707886,-0.3276844024658203,0.15038849413394928,80.80675506591797,0.3340210020542145,0.44466015696525574,0.5911079049110413,-0.05085408687591553,"","","","","","","","","","","","","","","","","","","","","","","","","","","","","","","",0.10999753326177597,0.11393068730831146,"","PRUNED"
45,0.11576076596975327,"2025-05-16 21:04:21.480656","2025-05-16 21:04:22.102447","0 days 00:00:00.621791",32,80.0,208.0,224.0,"",48,240.0,"","","",0.017261827201078907,4,2,"","","","","","","","","","","","","","","","","","","","","","","","","","","","","","","","","","","","","","","","","","","","","","","","","","","","","","",0.15119963884353638,50.75851058959961,0.30747637152671814,0.3890296518802643,0.5283196568489075,-0.3988226652145386,"","","","","","","","","","","","","","","","","","","","","","","","","","","","","","","","","","","","","","","","","","","","","","","","","",0.11576076596975327,"","","PRUNED"
46,0.10649839788675308,"2025-05-16 21:04:22.102705","2025-05-16 21:04:25.540848","0 days 00:00:03.438143",160,64.0,240.0,"","",64,"","","","",0.0028644094614686103,3,1,"","","","","","",0.13135001063346863,522.1102294921875,0.3479401469230652,0.3778853714466095,0.5270124077796936,0.03699713945388794,0.16817551851272583,3921.664794921875,0.730879545211792,0.7869967222213745,0.7024543881416321,0.20888608694076538,0.19657480716705322,230.8655548095703,0.16602402925491333,0.15616104006767273,0.1699284464120865,-0.192535400390625,0.18674002587795258,66.12862396240234,0.21050819754600525,0.23566517233848572,0.2739773690700531,-0.4650667905807495,0.13113334774971008,255.88340759277344,0.11206561326980591,0.1355888843536377,0.13979831337928772,-0.0583188533782959,0.11782612651586533,77.04415893554688,0.24380812048912048,0.26283055543899536,0.2693317234516144,-0.1956995725631714,0.23988862335681915,192.44186401367188,0.40265148878097534,0.3169342279434204,0.31054508686065674,-0.3198338747024536,"","","","","","",0.14702238142490387,61.65591049194336,0.902765691280365,0.7577821016311646,0.7683765292167664,0.01787203550338745,0.20043067634105682,1321.48876953125,0.6439032554626465,0.6783626675605774,0.8281208872795105,-0.15160703659057617,0.15810449421405792,102.20264434814453,0.7579983472824097,0.7122601866722107,0.7191506624221802,-0.30422520637512207,0.13137705624103546,70.47657775878906,0.8191447854042053,0.7705104351043701,0.7859387397766113,0.21589761972427368,0.09675199538469315,31306.287109375,0.39907106757164,0.4415269196033478,0.43756699562072754,-0.05335366725921631,0.10338562726974487,450.2405090332031,0.24734348058700562,0.3044828772544861,0.35040923953056335,-0.19035792350769043,0.13995520770549774,325.7131042480469,0.6738927960395813,0.5207513570785522,0.53757244348526,0.08943843841552734,0.0847814604640007,987.7077026367188,0.3072439134120941,0.28505924344062805,0.2337927669286728,0.08260512351989746,0.09422994405031204,259.21380615234375,0.9682751893997192,0.8280535340309143,0.7968846559524536,0.5296644270420074,"",0.10909008979797363,0.10664019733667374,0.10649839788675308,"PRUNED"
47,0.11547704041004181,"2025-05-16 21:04:25.541152","2025-05-16 21:04:26.032092","0 days 00:00:00.490940",160,96.0,"","","",112,48.0,"","","",0.028809641546178898,2,2,"","","","","","","","","","","","","","","","","","","","","","","","","","","","","","","","","","","","","","","","","","","","","","","","","","","","","","",0.1589765101671219,62.09855651855469,0.35356131196022034,0.49417486786842346,0.5987383127212524,-0.25659334659576416,"","","","","","","","","","","","","","","","","","","","","","","","","","","","","","","","","","","","","","","","","","","","","","","","","",0.11547704041004181,"","","PRUNED"
48,0.11598221212625504,"2025-05-16 21:04:26.032355","2025-05-16 21:04:26.538402","0 days 00:00:00.506047",192,176.0,256.0,80.0,"",144,"","","","",0.00046848292821857865,4,1,"","","","","","","","","","","","","","","","","","","","","","","","","","","","","","","","","","","","","","","","","","","","","","","","","","","","","","",0.1586441546678543,59.246490478515625,0.8944750428199768,0.7522291541099548,0.7638877630233765,-0.2663087844848633,"","","","","","","","","","","","","","","","","","","","","","","","","","","","","","","","","","","","","","","","","","","","","","","","","",0.11598221212625504,"","","PRUNED"
49,0.11299456655979156,"2025-05-16 21:04:26.538692","2025-05-16 21:04:27.395849","0 days 00:00:00.857157",112,"","","","",128,128.0,144.0,16.0,160.0,0.0012391319921079959,1,5,"","","","","","","","","","","","","","","","","","","","","","","","","","","","","","","","","","","","","","","","","","","","","","","","","","","","","","",0.14684312045574188,49.70713424682617,0.844992995262146,0.732799768447876,0.7526521682739258,-0.24145233631134033,"","","","","","","","","","","","","","","","","","","","","","","","","","","","","","","","","","","","","","","","","","","","","","","","","",0.11299456655979156,"","","PRUNED"
50,0.11394848674535751,"2025-05-16 21:04:27.396108","2025-05-16 21:04:28.213766","0 days 00:00:00.817658",64,240.0,192.0,"","",208,208.0,32.0,160.0,"",0.011441613365232481,3,4,"","","","","","","","","","","","","","","","","","","","","","","","","","","","","","","","","","","","","","","","","","","","","","","","","","","","","","",0.1516454815864563,50.783287048339844,0.39843839406967163,0.4820035696029663,0.6542474031448364,-0.36068618297576904,"","","","","","","","","","","","","","","","","","","","","","","","","","","","","","","","","","","","","","","","","","","","","","","","","",0.11394848674535751,"","","PRUNED"
51,0.10773812979459763,"2025-05-16 21:04:28.214035","2025-05-16 21:04:29.191600","0 days 00:00:00.977565",160,64.0,240.0,"","",64,"","","","",0.0028198634630049136,3,1,"","","","","","","","","","","","","","","","","","","","","","","","","","","","","","","","","","","","","","","","","","","","","","","","","","","","","","",0.14072337746620178,60.97978210449219,0.8615463972091675,0.7481992244720459,0.7830523252487183,0.08445888757705688,0.21027784049510956,1730.2945556640625,0.5999525189399719,0.6852132081985474,0.8392768502235413,-0.0900799036026001,0.1823776662349701,105.23400115966797,0.8354072570800781,0.7519704103469849,0.7714020609855652,-0.8389018774032593,0.11603312194347382,61.99700164794922,0.9022731781005859,0.7836377024650574,0.8243141770362854,0.3618205189704895,"","","","","","","","","","","","","","","","","","","","","","","","","","","","","","","",0.10673047602176666,0.10773812979459763,"","PRUNED"
52,0.11211688816547394,"2025-05-16 21:04:29.191863","2025-05-16 21:04:29.575749","0 days 00:00:00.383886",128,32.0,240.0,"","",48,"","","","",0.002201295078133026,3,1,"","","","","","","","","","","","","","","","","","","","","","","","","","","","","","","","","","","","","","","","","","","","","","","","","","","","","","",0.15596450865268707,59.3095588684082,0.8955554962158203,0.7516010999679565,0.7427520751953125,-0.19315004348754883,"","","","","","","","","","","","","","","","","","","","","","","","","","","","","","","","","","","","","","","","","","","","","","","","","",0.11211688816547394,"","","PRUNED"
53,0.10797693580389023,"2025-05-16 21:04:29.576049","2025-05-16 21:04:32.949913","0 days 00:00:03.373864",208,64.0,256.0,"","",80,"","","","",0.003644540749694626,3,1,"","","","","","",0.12990111112594604,606.5518188476562,0.36779505014419556,0.363747775554657,0.539831280708313,0.08948409557342529,0.19759635627269745,4844.82373046875,0.8537968993186951,0.7991083860397339,0.718779444694519,-0.005162596702575684,0.19572442770004272,239.56524658203125,0.09631083160638809,0.090040422976017,0.1144794300198555,-0.16352438926696777,0.1841585785150528,64.40193939208984,0.22152848541736603,0.27761295437812805,0.30602601170539856,-0.4284029006958008,0.13348403573036194,254.55462646484375,0.11749199777841568,0.11416935920715332,0.1308244913816452,-0.0836867094039917,0.11597950011491776,91.4880599975586,0.143498495221138,0.15039196610450745,0.2194964438676834,-0.07851958274841309,0.23690493404865265,211.2346649169922,0.22777517139911652,0.1946731060743332,0.17639417946338654,-0.25207579135894775,"","","","","","",0.1440088301897049,58.980552673339844,0.8687679767608643,0.7562381029129028,0.7605403065681458,0.001089632511138916,0.19453711807727814,1202.6239013671875,0.6516384482383728,0.7292519807815552,0.8639383912086487,-0.0628126859664917,0.1876973658800125,105.08126068115234,0.8237155675888062,0.764457106590271,0.727648913860321,-1.25541353225708,0.11420381814241409,62.44718933105469,0.8681089878082275,0.7900840044021606,0.826526939868927,0.37104183435440063,0.0945950597524643,28615.765625,0.7012719511985779,0.5999106168746948,0.5364526510238647,0.08841323852539062,0.10283777862787247,381.0716857910156,0.3145173490047455,0.30089807510375977,0.3159264326095581,-0.23687541484832764,0.13626283407211304,309.3645935058594,0.6425122022628784,0.5943031907081604,0.6800240874290466,0.13300126791000366,0.08416932821273804,1055.6737060546875,0.2159261703491211,0.2607267498970032,0.2326868325471878,0.07001203298568726,0.12988321483135223,568.5673217773438,0.937059223651886,0.7900556325912476,0.7080681324005127,0.19595950841903687,"",0.10822919756174088,0.10714150220155716,0.10797693580389023,"PRUNED"
