"number","value","datetime_start","datetime_complete","duration","params_decoder_layer_width_0","params_decoder_layer_width_1","params_decoder_layer_width_2","params_decoder_layer_width_3","params_decoder_layer_width_4","params_encoder_layer_width_0","params_encoder_layer_width_1","params_encoder_layer_width_2","params_encoder_layer_width_3","params_encoder_layer_width_4","params_graphsage_aggregator","params_lr","params_n_decoder_layers","params_n_encoder_layers","user_attrs_avg_mae","user_attrs_avg_mape","user_attrs_avg_ndcg10","user_attrs_avg_ndcg20","user_attrs_avg_ndcg50","user_attrs_avg_r2","user_attrs_fold10_mae","user_attrs_fold10_mape","user_attrs_fold10_ndcg10","user_attrs_fold10_ndcg20","user_attrs_fold10_ndcg50","user_attrs_fold10_r2","user_attrs_fold11_mae","user_attrs_fold11_mape","user_attrs_fold11_ndcg10","user_attrs_fold11_ndcg20","user_attrs_fold11_ndcg50","user_attrs_fold11_r2","user_attrs_fold12_mae","user_attrs_fold12_mape","user_attrs_fold12_ndcg10","user_attrs_fold12_ndcg20","user_attrs_fold12_ndcg50","user_attrs_fold12_r2","user_attrs_fold13_mae","user_attrs_fold13_mape","user_attrs_fold13_ndcg10","user_attrs_fold13_ndcg20","user_attrs_fold13_ndcg50","user_attrs_fold13_r2","user_attrs_fold14_mae","user_attrs_fold14_mape","user_attrs_fold14_ndcg10","user_attrs_fold14_ndcg20","user_attrs_fold14_ndcg50","user_attrs_fold14_r2","user_attrs_fold15_mae","user_attrs_fold15_mape","user_attrs_fold15_ndcg10","user_attrs_fold15_ndcg20","user_attrs_fold15_ndcg50","user_attrs_fold15_r2","user_attrs_fold16_mae","user_attrs_fold16_mape","user_attrs_fold16_ndcg10","user_attrs_fold16_ndcg20","user_attrs_fold16_ndcg50","user_attrs_fold16_r2","user_attrs_fold17_mae","user_attrs_fold17_mape","user_attrs_fold17_ndcg10","user_attrs_fold17_ndcg20","user_attrs_fold17_ndcg50","user_attrs_fold17_r2","user_attrs_fold1_mae","user_attrs_fold1_mape","user_attrs_fold1_ndcg10","user_attrs_fold1_ndcg20","user_attrs_fold1_ndcg50","user_attrs_fold1_r2","user_attrs_fold2_mae","user_attrs_fold2_mape","user_attrs_fold2_ndcg10","user_attrs_fold2_ndcg20","user_attrs_fold2_ndcg50","user_attrs_fold2_r2","user_attrs_fold3_mae","user_attrs_fold3_mape","user_attrs_fold3_ndcg10","user_attrs_fold3_ndcg20","user_attrs_fold3_ndcg50","user_attrs_fold3_r2","user_attrs_fold4_mae","user_attrs_fold4_mape","user_attrs_fold4_ndcg10","user_attrs_fold4_ndcg20","user_attrs_fold4_ndcg50","user_attrs_fold4_r2","user_attrs_fold5_mae","user_attrs_fold5_mape","user_attrs_fold5_ndcg10","user_attrs_fold5_ndcg20","user_attrs_fold5_ndcg50","user_attrs_fold5_r2","user_attrs_fold6_mae","user_attrs_fold6_mape","user_attrs_fold6_ndcg10","user_attrs_fold6_ndcg20","user_attrs_fold6_ndcg50","user_attrs_fold6_r2","user_attrs_fold7_mae","user_attrs_fold7_mape","user_attrs_fold7_ndcg10","user_attrs_fold7_ndcg20","user_attrs_fold7_ndcg50","user_attrs_fold7_r2","user_attrs_fold8_mae","user_attrs_fold8_mape","user_attrs_fold8_ndcg10","user_attrs_fold8_ndcg20","user_attrs_fold8_ndcg50","user_attrs_fold8_r2","user_attrs_fold9_mae","user_attrs_fold9_mape","user_attrs_fold9_ndcg10","user_attrs_fold9_ndcg20","user_attrs_fold9_ndcg50","user_attrs_fold9_r2","user_attrs_pca_components","system_attrs_completed_rung_0","system_attrs_completed_rung_1","system_attrs_completed_rung_2","state"
84,0.10929447763106402,"2025-05-16 21:07:40.370733","2025-05-16 21:07:44.049015","0 days 00:00:03.678282",192,224.0,112.0,160.0,256.0,112,16.0,"","","","add",0.001638532946698658,5,2,0.10929447763106402,895.3560936871697,0.8417095138746149,0.8127439653172213,0.7993767892613131,0.3909929377191207,0.11525893956422806,406.01507568359375,0.46101847290992737,0.6339462399482727,0.6337577104568481,0.25131964683532715,0.08031878620386124,715.7708129882812,0.9328805208206177,0.8314586877822876,0.8719741702079773,0.6433263123035431,0.15581253170967102,251.56497192382812,1.0,0.9996364116668701,0.7899921536445618,0.36491793394088745,0.10712963342666626,57.786865234375,1.0,1.0,0.9138324856758118,0.6208165884017944,0.09605477005243301,113.13510131835938,1.0,0.8326876759529114,0.7710350155830383,0.37861567735671997,0.0855349451303482,64.79338836669922,0.9514000415802002,0.8687809705734253,0.8494927883148193,0.5594812333583832,0.14555607736110687,139.9855499267578,1.0,1.0,0.9515582919120789,0.5435841381549835,0.07859519124031067,77.5682373046875,0.8911404609680176,0.842957079410553,0.8343943953514099,0.4539887309074402,0.10337769985198975,37.426048278808594,0.7317148447036743,0.7639826536178589,0.8412622213363647,0.3727385401725769,0.18376155197620392,3343.564697265625,0.6761285662651062,0.6145392060279846,0.8430421352386475,0.12061023712158203,0.1097552701830864,50.179141998291016,0.860958456993103,0.8817866444587708,0.8582078218460083,0.33956700563430786,0.10698194801807404,47.285888671875,0.6739838123321533,0.7121753096580505,0.8097496628761292,0.44326120615005493,0.0791761577129364,7409.79248046875,0.8588770627975464,0.7974599599838257,0.7388837933540344,0.3741939067840576,0.09141933917999268,813.3068237304688,0.6495279669761658,0.5946838855743408,0.6681908965110779,0.2407861351966858,0.12243425846099854,456.9927673339844,0.9012767672538757,0.789710521697998,0.7587473392486572,0.4481135606765747,0.08197157084941864,937.6221923828125,0.9469966888427734,0.9623844027519226,0.7416409850120544,0.23974758386611938,0.1148674488067627,298.2635498046875,0.773158073425293,0.6904577612876892,0.7136435508728027,0.25181150436401367,5.0,0.08619581162929535,0.08650528639554977,0.0870095044374466,"COMPLETE"
85,0.11090101959074244,"2025-05-16 21:07:44.049477","2025-05-16 21:07:48.045732","0 days 00:00:03.996255",208,240.0,112.0,160.0,256.0,112,32.0,"","","","add",0.001790211084603306,5,2,0.11090101959074244,1432.6038306741154,0.8372493175899282,0.8076052122256335,0.7932482396855074,0.3773937050034018,0.11441057920455933,328.041015625,0.6093023419380188,0.6187416911125183,0.6378772854804993,0.21669012308120728,0.0790804997086525,938.9920043945312,0.9401841163635254,0.9201169610023499,0.870392918586731,0.6656455099582672,0.15554502606391907,239.05892944335938,1.0,1.0,0.8016495108604431,0.3590736389160156,0.10726235061883926,56.76213455200195,1.0,1.0,0.9028313755989075,0.61236971616745,0.09531094878911972,122.73225402832031,1.0,0.8448166251182556,0.7507766485214233,0.3931466341018677,0.08453801274299622,77.46160888671875,0.9216795563697815,0.8683003783226013,0.8458857536315918,0.58367058634758,0.14294704794883728,138.36181640625,1.0,1.0,0.9545517563819885,0.5587762594223022,0.07842587679624557,81.79093170166016,0.8911404609680176,0.8524107933044434,0.8278740048408508,0.47077101469039917,0.11304214596748352,44.831031799316406,0.7624619007110596,0.7809521555900574,0.8255981206893921,0.34594184160232544,0.17831973731517792,3067.218505859375,0.679119348526001,0.6175078749656677,0.8458618521690369,0.11423325538635254,0.1287984699010849,58.773223876953125,0.8544865250587463,0.8286807537078857,0.8640673756599426,0.1261325478553772,0.11540325731039047,54.70803451538086,0.7078807950019836,0.7741133570671082,0.8241846561431885,0.43995827436447144,0.07488911598920822,16499.5546875,0.855143129825592,0.760161817073822,0.7499845623970032,0.399849534034729,0.09784165769815445,946.515869140625,0.32649606466293335,0.386686772108078,0.513484537601471,0.1052963137626648,0.12160426378250122,463.8845520019531,0.9275507926940918,0.8086227774620056,0.7869954109191895,0.4670795798301697,0.08333282917737961,1014.5862426757812,0.9292210340499878,0.9110981225967407,0.751491367816925,0.26187682151794434,0.11456551402807236,220.99227905273438,0.8285723328590393,0.7570785284042358,0.7317129373550415,0.2951813340187073,5.0,0.08579278737306595,0.08552032709121704,0.08649221062660217,"COMPLETE"
86,0.10466527193784714,"2025-05-16 21:07:48.046219","2025-05-16 21:07:48.555415","0 days 00:00:00.509196",208,208.0,96.0,160.0,256.0,112,32.0,"","","","max",0.0016730862600700443,5,2,"","","","","","","","","","","","","","","","","","","","","","","","","","","","","","","","","","","","","","","","","","","","","","","","","","","","","","",0.13946402072906494,51.302223205566406,0.7281061410903931,0.7440483570098877,0.7171692848205566,-0.06476473808288574,"","","","","","","","","","","","","","","","","","","","","","","","","","","","","","","","","","","","","","","","","","","","","","","","","",0.10466527193784714,"","","PRUNED"
87,0.11360579948214923,"2025-05-16 21:07:48.555709","2025-05-16 21:07:52.521950","0 days 00:00:03.966241",192,240.0,112.0,144.0,240.0,96,16.0,"","","","add",0.0013066139285839208,5,2,0.11360579948214923,1212.944704841165,0.8645799124942106,0.822120445616105,0.8042018799220815,0.35798147846670714,0.1108318418264389,297.8668212890625,0.870987594127655,0.7402969598770142,0.7419714331626892,0.29758191108703613,0.08038221299648285,739.843505859375,0.9726682305335999,0.8446938395500183,0.8786783814430237,0.6612851023674011,0.15587303042411804,269.7027587890625,1.0,0.9996765851974487,0.7911813259124756,0.38430315256118774,0.11079245060682297,59.874473571777344,1.0,1.0,0.9146018624305725,0.5945285558700562,0.09653748571872711,112.55917358398438,1.0,0.8612222075462341,0.7650327086448669,0.38334184885025024,0.08584379404783249,63.147621154785156,0.9617277979850769,0.8798669576644897,0.8524148464202881,0.5551294684410095,0.1628468632698059,185.28497314453125,1.0,1.0,0.9611403346061707,0.5349199175834656,0.076529361307621,88.9020004272461,0.9138439893722534,0.8551881909370422,0.8493186831474304,0.5103065371513367,0.10900771617889404,37.00565719604492,0.6626625657081604,0.730164110660553,0.7979565858840942,0.31408536434173584,0.19021357595920563,3132.3935546875,0.6798655986785889,0.6309227347373962,0.8423058390617371,0.1322183609008789,0.12931042909622192,57.93500518798828,0.842310905456543,0.8116272687911987,0.8246044516563416,-0.028370022773742676,0.11322284489870071,50.78102493286133,0.6727977991104126,0.7169999480247498,0.7952552437782288,0.365503191947937,0.07421907782554626,12767.970703125,0.8579059839248657,0.7898185849189758,0.7570339441299438,0.3826363682746887,0.094239242374897,793.8343505859375,0.6585173606872559,0.6678361892700195,0.6714509725570679,0.25564783811569214,0.130482479929924,573.69677734375,0.9060438871383667,0.7511594891548157,0.7458529472351074,0.377156138420105,0.09519623219966888,1134.8055419921875,0.9349087476730347,0.9545831680297852,0.7503772377967834,0.06348413228988647,0.11576995253562927,254.45603942871094,0.7636180520057678,0.7419913411140442,0.7322551608085632,0.30192726850509644,5.0,0.08611484616994858,0.08574245870113373,0.08621003478765488,"COMPLETE"
88,0.11675806694171008,"2025-05-16 21:07:52.522424","2025-05-16 21:07:56.494535","0 days 00:00:03.972111",192,240.0,112.0,144.0,240.0,96,16.0,"","","","add",0.0011499194778333266,5,2,0.11675806694171008,1638.562952378217,0.8458645676865297,0.8194485657355365,0.8017999038976782,0.32038896574693565,0.11870437860488892,375.5985107421875,0.3290986716747284,0.5598254799842834,0.587223470211029,0.19943612813949585,0.0802106261253357,965.5598754882812,0.9589450359344482,0.8447964191436768,0.8892292380332947,0.6746846139431,0.1567993015050888,248.19430541992188,0.9991486668586731,0.9994940757751465,0.8114320635795593,0.3587048649787903,0.10812221467494965,56.329959869384766,1.0,1.0,0.911636471748352,0.6025329530239105,0.09743683785200119,109.67701721191406,1.0,0.832722544670105,0.773151695728302,0.35448455810546875,0.0852331593632698,67.2609634399414,0.943175196647644,0.870013415813446,0.8458073735237122,0.5584975779056549,0.1485155075788498,157.8167266845703,1.0,1.0,0.948772668838501,0.5436122715473175,0.07690797001123428,87.86119079589844,0.888511598110199,0.8436440825462341,0.8284850716590881,0.48750972747802734,0.11401546746492386,43.653564453125,0.7007676959037781,0.7126275897026062,0.7907097935676575,0.33211827278137207,0.209232896566391,3916.45458984375,0.6637604236602783,0.6511353850364685,0.8426138162612915,0.14126384258270264,0.11502823233604431,55.604736328125,0.8510283827781677,0.900655210018158,0.86702561378479,0.33290988206863403,0.10577605664730072,57.88809585571289,0.7532171607017517,0.787139892578125,0.810376763343811,0.4904633164405823,0.0747855007648468,17486.953125,0.8590525388717651,0.7761490345001221,0.7486889362335205,0.3819954991340637,0.0886276438832283,616.7864990234375,0.6928538084030151,0.6521337032318115,0.6884114146232605,0.1950203776359558,0.1256461888551712,501.0030822753906,0.929184079170227,0.7885148525238037,0.757064700126648,0.46356499195098877,0.16789063811302185,2871.986328125,0.9349087476730347,0.8999654650688171,0.7681058049201965,-1.0123167037963867,0.11195451766252518,236.94161987304688,0.8760456442832947,0.8118084669113159,0.7618634700775146,0.34213024377822876,5.0,0.08565392345190048,0.08623924851417542,0.08726759254932404,"COMPLETE"
89,0.09179551154375076,"2025-05-16 21:07:56.495079","2025-05-16 21:07:57.671995","0 days 00:00:01.176916",192,224.0,112.0,144.0,240.0,80,16.0,"","","","add",0.0008565545434032573,5,2,"","","","","","","","","","","","","","","","","","","","","","","","","","","","","","","","","","","","","","","","","","","","","","","","","","","","","","",0.11294788122177124,43.4599609375,0.6753431558609009,0.7035322189331055,0.7572853565216064,0.2810862064361572,0.21496276557445526,4304.470703125,0.6228204369544983,0.5844292640686035,0.8179698586463928,0.03442639112472534,0.10430099070072174,48.50339126586914,0.877869725227356,0.9123404622077942,0.8810343742370605,0.3902074694633484,0.10211944580078125,51.3944206237793,0.8409218192100525,0.8164820671081543,0.8515681624412537,0.4639497399330139,"","","","","","","","","","","","","","","","","","","","","","","","","","","","","","","",0.09081622958183289,0.09179551154375076,"","PRUNED"
90,0.11867950856685638,"2025-05-16 21:07:57.672294","2025-05-16 21:08:01.297490","0 days 00:00:03.625196",224,224.0,112.0,144.0,224.0,96,16.0,"","","","add",0.001068441086191102,5,2,0.11867950856685638,1248.138230492087,0.8186781616771922,0.8094848674886367,0.7878114616169649,0.34610256903311787,0.11727548390626907,396.9903869628906,0.617666482925415,0.6118226051330566,0.6331571340560913,0.24061894416809082,0.09583032876253128,1351.912353515625,0.9264206290245056,0.8120577335357666,0.8338996171951294,0.5617406070232391,0.1589379459619522,290.80657958984375,1.0,0.9996713995933533,0.7912471294403076,0.37528449296951294,0.10993138700723648,61.015830993652344,1.0,1.0,0.9114701151847839,0.6106250882148743,0.09865586459636688,118.73942565917969,1.0,0.863813579082489,0.7720446586608887,0.3821489214897156,0.08671798557043076,65.05355834960938,0.8579565286636353,0.896873950958252,0.8527533411979675,0.5273733139038086,0.17331676185131073,167.1606903076172,1.0,1.0,0.9491479396820068,0.4511355757713318,0.07709532976150513,113.96569061279297,0.9348971247673035,0.8467205166816711,0.8373386263847351,0.5355245172977448,0.11680997908115387,42.12549591064453,0.6869515180587769,0.7341271638870239,0.797518253326416,0.24898207187652588,0.23574906587600708,4683.71484375,0.503929078578949,0.528357982635498,0.760269045829773,-0.19946157932281494,0.09126004576683044,57.32218551635742,0.8753178715705872,0.8733404874801636,0.8687236309051514,0.5458209216594696,0.11209224909543991,54.306976318359375,0.7681847810745239,0.815986692905426,0.8481691479682922,0.4346296191215515,0.0765124037861824,10123.91015625,0.7299938201904297,0.7761222720146179,0.7172336578369141,0.339289128780365,0.09629468619823456,803.21923828125,0.5612760186195374,0.57176673412323,0.6035082340240479,0.14349377155303955,0.13545753061771393,606.38623046875,0.7816675305366516,0.756868839263916,0.745233416557312,0.37984615564346313,0.11590425670146942,1940.308349609375,0.8239266276359558,0.8831579685211182,0.7305668592453003,-0.009664416313171387,0.11971034109592438,341.41192626953125,0.8493407368659973,0.7905548214912415,0.7405140399932861,0.3163565397262573,5.0,0.08615656197071075,0.08714485168457031,0.08626400679349899,"COMPLETE"
91,0.08803859353065491,"2025-05-16 21:08:01.298002","2025-05-16 21:08:04.839972","0 days 00:00:03.541970",192,240.0,80.0,160.0,240.0,112,"","","","","add",0.0011876030598658802,5,1,"","","","","","",0.12269756942987442,336.40582275390625,0.44962799549102783,0.49955374002456665,0.5286985635757446,0.15056341886520386,0.08124349266290665,761.13134765625,0.9700923562049866,0.8731082081794739,0.8924949169158936,0.6371930241584778,0.15770964324474335,218.43702697753906,1.0,0.9996765851974487,0.7913306951522827,0.3334864377975464,0.11305537819862366,65.18771362304688,1.0,1.0,0.9164996147155762,0.5994126498699188,0.09689740836620331,121.9338150024414,1.0,0.8626128435134888,0.7593223452568054,0.3688555359840393,0.08661548048257828,73.08222961425781,0.9552111625671387,0.8507212400436401,0.8440136313438416,0.5387610793113708,0.14645695686340332,145.74752807617188,1.0,1.0,0.9496991634368896,0.5454725921154022,"","","","","","",0.13224345445632935,56.072021484375,0.6164505481719971,0.7045623064041138,0.7066273093223572,0.11083120107650757,0.22773276269435883,6231.2421875,0.5477538704872131,0.4995918571949005,0.7696794867515564,-0.317554235458374,0.14901085197925568,65.44215393066406,0.3398982882499695,0.32752764225006104,0.4575008153915405,-0.5692451000213623,0.12482050806283951,64.2839126586914,0.7212795615196228,0.7023802399635315,0.7771660685539246,0.2963012456893921,0.08609592914581299,33761.9609375,0.6335114240646362,0.6406514048576355,0.6663127541542053,0.2031053900718689,0.11453594267368317,1282.0103759765625,0.3832133710384369,0.3906847834587097,0.4343251883983612,-0.327800989151001,0.12305263429880142,355.21197509765625,0.7791427969932556,0.7525840401649475,0.7442367672920227,0.3190615773200989,0.07476072013378143,690.6868286132812,0.8998754620552063,0.9318925738334656,0.7622516751289368,0.2702382802963257,0.13987481594085693,248.20785522460938,0.19615811109542847,0.219853475689888,0.334300696849823,-0.22436952590942383,"",0.08699523657560349,0.08662949502468109,0.08803859353065491,"PRUNED"
92,0.11321777368293089,"2025-05-16 21:08:04.840312","2025-05-16 21:08:08.632079","0 days 00:00:03.791767",208,240.0,128.0,176.0,240.0,96,32.0,"","","","add",0.0019915749296133367,5,2,0.11321777368293089,1337.277265885297,0.8378380572094637,0.8129763690864339,0.7852809534353369,0.3470442435320686,0.11628276854753494,345.56280517578125,0.25144731998443604,0.48115792870521545,0.5250027775764465,0.20827043056488037,0.07646456360816956,794.6616821289062,0.9531777501106262,0.8713681697845459,0.876150906085968,0.6695172786712646,0.1539548933506012,220.69442749023438,1.0,0.9996765851974487,0.7909867167472839,0.3494040369987488,0.1065191775560379,62.552494049072266,1.0,1.0,0.9087576270103455,0.6382569372653961,0.09741649776697159,103.17691802978516,1.0,0.8606044054031372,0.7684861421585083,0.3387836813926697,0.0846945196390152,70.88921356201172,0.9223230481147766,0.8563435077667236,0.840101420879364,0.574976921081543,0.1443861871957779,154.8661651611328,1.0,1.0,0.9545109272003174,0.5685798823833466,0.07881420105695724,77.47787475585938,0.9088039398193359,0.8396013379096985,0.8274713158607483,0.4529123902320862,0.11050796508789062,43.16350173950195,0.8300408124923706,0.8399196267127991,0.8789730668067932,0.4055062532424927,0.1985800862312317,3506.208740234375,0.6758040189743042,0.6114980578422546,0.8349230289459229,0.03995567560195923,0.11540970206260681,48.74571990966797,0.8987011909484863,0.8669933676719666,0.8425222039222717,0.1913192868232727,0.10270438343286514,49.3516731262207,0.8411950469017029,0.8389380574226379,0.8364206552505493,0.5488347411155701,0.07373801618814468,13736.1298828125,0.8680635094642639,0.8002958297729492,0.7321500778198242,0.3862569332122803,0.09440812468528748,541.19873046875,0.5349562168121338,0.5787042379379272,0.5869154930114746,0.060589373111724854,0.1257932335138321,428.3211364746094,0.9213457703590393,0.7229160070419312,0.724393904209137,0.3883677124977112,0.12381277233362198,2116.592529296875,0.9469966888427734,0.9623844027519226,0.7582910060882568,-0.20088863372802734,0.12121506035327911,434.1200256347656,0.6903916597366333,0.6901967525482178,0.6637189388275146,0.27910923957824707,5.0,0.08533071726560593,0.08731173723936081,0.08594924211502075,"COMPLETE"
