"number","value","datetime_start","datetime_complete","duration","params_decoder_layer_width_0","params_decoder_layer_width_1","params_decoder_layer_width_2","params_decoder_layer_width_3","params_decoder_layer_width_4","params_encoder_layer_width_0","params_encoder_layer_width_1","params_encoder_layer_width_2","params_encoder_layer_width_3","params_encoder_layer_width_4","params_graphsage_aggregator","params_lr","params_n_decoder_layers","params_n_encoder_layers","user_attrs_avg_mae","user_attrs_avg_mape","user_attrs_avg_ndcg10","user_attrs_avg_ndcg20","user_attrs_avg_ndcg50","user_attrs_avg_r2","user_attrs_fold10_mae","user_attrs_fold10_mape","user_attrs_fold10_ndcg10","user_attrs_fold10_ndcg20","user_attrs_fold10_ndcg50","user_attrs_fold10_r2","user_attrs_fold11_mae","user_attrs_fold11_mape","user_attrs_fold11_ndcg10","user_attrs_fold11_ndcg20","user_attrs_fold11_ndcg50","user_attrs_fold11_r2","user_attrs_fold12_mae","user_attrs_fold12_mape","user_attrs_fold12_ndcg10","user_attrs_fold12_ndcg20","user_attrs_fold12_ndcg50","user_attrs_fold12_r2","user_attrs_fold13_mae","user_attrs_fold13_mape","user_attrs_fold13_ndcg10","user_attrs_fold13_ndcg20","user_attrs_fold13_ndcg50","user_attrs_fold13_r2","user_attrs_fold14_mae","user_attrs_fold14_mape","user_attrs_fold14_ndcg10","user_attrs_fold14_ndcg20","user_attrs_fold14_ndcg50","user_attrs_fold14_r2","user_attrs_fold15_mae","user_attrs_fold15_mape","user_attrs_fold15_ndcg10","user_attrs_fold15_ndcg20","user_attrs_fold15_ndcg50","user_attrs_fold15_r2","user_attrs_fold16_mae","user_attrs_fold16_mape","user_attrs_fold16_ndcg10","user_attrs_fold16_ndcg20","user_attrs_fold16_ndcg50","user_attrs_fold16_r2","user_attrs_fold17_mae","user_attrs_fold17_mape","user_attrs_fold17_ndcg10","user_attrs_fold17_ndcg20","user_attrs_fold17_ndcg50","user_attrs_fold17_r2","user_attrs_fold1_mae","user_attrs_fold1_mape","user_attrs_fold1_ndcg10","user_attrs_fold1_ndcg20","user_attrs_fold1_ndcg50","user_attrs_fold1_r2","user_attrs_fold2_mae","user_attrs_fold2_mape","user_attrs_fold2_ndcg10","user_attrs_fold2_ndcg20","user_attrs_fold2_ndcg50","user_attrs_fold2_r2","user_attrs_fold3_mae","user_attrs_fold3_mape","user_attrs_fold3_ndcg10","user_attrs_fold3_ndcg20","user_attrs_fold3_ndcg50","user_attrs_fold3_r2","user_attrs_fold4_mae","user_attrs_fold4_mape","user_attrs_fold4_ndcg10","user_attrs_fold4_ndcg20","user_attrs_fold4_ndcg50","user_attrs_fold4_r2","user_attrs_fold5_mae","user_attrs_fold5_mape","user_attrs_fold5_ndcg10","user_attrs_fold5_ndcg20","user_attrs_fold5_ndcg50","user_attrs_fold5_r2","user_attrs_fold6_mae","user_attrs_fold6_mape","user_attrs_fold6_ndcg10","user_attrs_fold6_ndcg20","user_attrs_fold6_ndcg50","user_attrs_fold6_r2","user_attrs_fold7_mae","user_attrs_fold7_mape","user_attrs_fold7_ndcg10","user_attrs_fold7_ndcg20","user_attrs_fold7_ndcg50","user_attrs_fold7_r2","user_attrs_fold8_mae","user_attrs_fold8_mape","user_attrs_fold8_ndcg10","user_attrs_fold8_ndcg20","user_attrs_fold8_ndcg50","user_attrs_fold8_r2","user_attrs_fold9_mae","user_attrs_fold9_mape","user_attrs_fold9_ndcg10","user_attrs_fold9_ndcg20","user_attrs_fold9_ndcg50","user_attrs_fold9_r2","user_attrs_pca_components","system_attrs_completed_rung_0","system_attrs_completed_rung_1","system_attrs_completed_rung_2","state"
35,0.13112448155879974,"2025-05-16 21:06:11.206221","2025-05-16 21:06:12.184946","0 days 00:00:00.978725",96,"","","","",128,256.0,32.0,160.0,"","add",0.011081731328233325,1,4,"","","","","","","","","","","","","","","","","","","","","","","","","","","","","","","","","","","","","","","","","","","","","","","","","","","","","","",0.18344911932945251,61.14262390136719,0.3079359233379364,0.3392367362976074,0.38500848412513733,-0.7898715734481812,0.18406395614147186,2345.013916015625,0.6797099709510803,0.6302955746650696,0.8437450528144836,0.04324299097061157,0.1498454511165619,56.108070373535156,0.15729229152202606,0.44170698523521423,0.5248095989227295,-0.5911468267440796,0.16742710769176483,55.89906692504883,0.14052796363830566,0.1728532761335373,0.4216603934764862,-0.5831011533737183,"","","","","","","","","","","","","","","","","","","","","","","","","","","","","","","",0.09951268136501312,0.13112448155879974,"","PRUNED"
36,0.10862302035093307,"2025-05-16 21:06:12.185221","2025-05-16 21:06:12.746610","0 days 00:00:00.561389",48,"","","","",160,256.0,80.0,176.0,208.0,"max",0.004345535469173522,1,5,"","","","","","","","","","","","","","","","","","","","","","","","","","","","","","","","","","","","","","","","","","","","","","","","","","","","","","",0.1820051074028015,65.77533721923828,0.7151250243186951,0.683180570602417,0.7667546272277832,-0.6292847394943237,"","","","","","","","","","","","","","","","","","","","","","","","","","","","","","","","","","","","","","","","","","","","","","","","","",0.10862302035093307,"","","PRUNED"
37,0.12889105081558228,"2025-05-16 21:06:12.746896","2025-05-16 21:06:13.132739","0 days 00:00:00.385843",128,112.0,"","","",80,192.0,32.0,"","","mean",0.03181106379463843,2,3,"","","","","","","","","","","","","","","","","","","","","","","","","","","","","","","","","","","","","","","","","","","","","","","","","","","","","","",0.1857670247554779,62.64891815185547,0.3079359233379364,0.3392367362976074,0.38500848412513733,-0.8099579811096191,"","","","","","","","","","","","","","","","","","","","","","","","","","","","","","","","","","","","","","","","","","","","","","","","","",0.12889105081558228,"","","PRUNED"
38,0.11167341470718384,"2025-05-16 21:06:13.133041","2025-05-16 21:06:13.676409","0 days 00:00:00.543368",80,"","","","",112,240.0,112.0,112.0,176.0,"max",0.010050818406554158,1,5,"","","","","","","","","","","","","","","","","","","","","","","","","","","","","","","","","","","","","","","","","","","","","","","","","","","","","","",0.1587509661912918,60.118900299072266,0.7085770964622498,0.6970866322517395,0.7468480467796326,-0.2540929317474365,"","","","","","","","","","","","","","","","","","","","","","","","","","","","","","","","","","","","","","","","","","","","","","","","","",0.11167341470718384,"","","PRUNED"
39,0.13123904168605804,"2025-05-16 21:06:13.676681","2025-05-16 21:06:14.055431","0 days 00:00:00.378750",32,48.0,96.0,"","",64,208.0,48.0,"","","add",0.09662051941086051,3,3,"","","","","","","","","","","","","","","","","","","","","","","","","","","","","","","","","","","","","","","","","","","","","","","","","","","","","","",0.19094118475914001,66.0113525390625,0.3079359233379364,0.3392367362976074,0.38500848412513733,-0.8557056188583374,"","","","","","","","","","","","","","","","","","","","","","","","","","","","","","","","","","","","","","","","","","","","","","","","","",0.13123904168605804,"","","PRUNED"
40,0.35703980922698975,"2025-05-16 21:06:14.055705","2025-05-16 21:06:14.491983","0 days 00:00:00.436278",208,208.0,"","","",16,128.0,80.0,48.0,"","add",0.0012687150314692728,2,4,"","","","","","","","","","","","","","","","","","","","","","","","","","","","","","","","","","","","","","","","","","","","","","","","","","","","","","",0.14192576706409454,51.86528015136719,0.8420190215110779,0.8469922542572021,0.8396422266960144,-0.09943604469299316,"","","","","","","","","","","","","","","","","","","","","","","","","","","","","","","","","","","","","","","","","","","","","","","","","",0.35703980922698975,"","","PRUNED"
41,0.11172817647457123,"2025-05-16 21:06:14.492248","2025-05-16 21:06:14.967563","0 days 00:00:00.475315",160,"","","","",240,240.0,160.0,80.0,144.0,"add",0.0057764599366521415,1,5,"","","","","","","","","","","","","","","","","","","","","","","","","","","","","","","","","","","","","","","","","","","","","","","","","","","","","","",0.1753273606300354,58.079307556152344,0.32346752285957336,0.41782277822494507,0.4929027557373047,-0.6812520027160645,"","","","","","","","","","","","","","","","","","","","","","","","","","","","","","","","","","","","","","","","","","","","","","","","","",0.11172817647457123,"","","PRUNED"
42,0.1293789845179109,"2025-05-16 21:06:14.967854","2025-05-16 21:06:20.035381","0 days 00:00:05.067527",144,256.0,208.0,176.0,"",176,256.0,256.0,96.0,176.0,"add",0.0024751638380281233,4,5,0.1293789845179109,2000.877410664278,0.8186312230194316,0.8099724545198328,0.7962742658222423,-0.19162117383059332,0.12311562150716782,277.09759521484375,0.27423354983329773,0.5094594359397888,0.5637800097465515,0.1803639531135559,0.0751451775431633,239.07208251953125,0.9485180974006653,0.8342835903167725,0.8760439157485962,0.6317829191684723,0.1551867574453354,261.4071960449219,1.0,0.9996765851974487,0.7990322709083557,0.38492220640182495,0.11854679137468338,51.77070617675781,1.0,1.0,0.9092658162117004,0.543380618095398,0.09574636071920395,146.22674560546875,1.0,0.8602434992790222,0.7592774629592896,0.42017537355422974,0.09117136150598526,67.60008239746094,0.8843438029289246,0.8604931831359863,0.8516436219215393,0.5075919032096863,0.1489272266626358,153.3769989013672,1.0,1.0,0.9573901295661926,0.5407216250896454,0.08277931809425354,81.32582092285156,0.8911404609680176,0.8304372429847717,0.8267632722854614,0.4021869897842407,0.18059372901916504,68.07766723632812,0.6711193919181824,0.7742710709571838,0.8085339069366455,-0.5002496242523193,0.16545242071151733,1783.2777099609375,0.6860460638999939,0.6323679685592651,0.8462303876876831,0.12832552194595337,0.10491165518760681,51.18702697753906,0.8510283827781677,0.8916295170783997,0.8783177733421326,0.3827943801879883,0.12364925444126129,62.512813568115234,0.5174777507781982,0.6449349522590637,0.7671657800674438,0.2668073773384094,0.07734166085720062,22903.841796875,0.8235307335853577,0.7621119618415833,0.728929340839386,0.3553043007850647,0.09691038727760315,787.4518432617188,0.6954899430274963,0.7003872394561768,0.6820237636566162,0.19949787855148315,0.12157188355922699,289.6903381347656,0.8862537145614624,0.7987654209136963,0.7550022602081299,0.3101158142089844,0.31276795268058777,6629.25341796875,0.9349087476730347,0.9342466592788696,0.7813904285430908,-8.196154594421387,0.12562517821788788,161.7461395263672,0.8526401519775391,0.7362233996391296,0.7458723783493042,0.18487340211868286,5.0,0.0970095545053482,0.09969314932823181,0.09580015391111374,"COMPLETE"
43,0.11863961815834045,"2025-05-16 21:06:20.035852","2025-05-16 21:06:20.651071","0 days 00:00:00.615219",112,256.0,208.0,176.0,"",176,256.0,224.0,128.0,224.0,"add",0.0021471931382507936,4,5,"","","","","","","","","","","","","","","","","","","","","","","","","","","","","","","","","","","","","","","","","","","","","","","","","","","","","","",0.12077528983354568,44.486053466796875,0.6648370027542114,0.7210180163383484,0.8032889366149902,0.2469336986541748,"","","","","","","","","","","","","","","","","","","","","","","","","","","","","","","","","","","","","","","","","","","","","","","","","",0.11863961815834045,"","","PRUNED"
44,0.11052172280409757,"2025-05-16 21:06:20.651371","2025-05-16 21:06:26.303474","0 days 00:00:05.652103",144,176.0,224.0,160.0,256.0,144,224.0,144.0,96.0,176.0,"add",0.003224206918202834,5,5,0.11052172280409757,1084.0321293999168,0.8380277542506948,0.8156268771956948,0.8026425978716683,0.370834783596151,0.11428668349981308,341.60357666015625,0.33042144775390625,0.5628429651260376,0.6070426106452942,0.2354964017868042,0.07249428331851959,742.0183715820312,0.9740127921104431,0.8458672761917114,0.873108983039856,0.671540766954422,0.1562643051147461,264.7644348144531,1.0,0.9996364116668701,0.7989843487739563,0.38385504484176636,0.10916847735643387,51.54094696044922,1.0,1.0,0.911657452583313,0.5816703140735626,0.0953553095459938,126.74427032470703,1.0,0.8612222075462341,0.7681984901428223,0.41553598642349243,0.08578476309776306,70.28075408935547,0.943175196647644,0.8531108498573303,0.8433076739311218,0.5421917140483856,0.14835655689239502,184.0090789794922,1.0,1.0,0.9487217664718628,0.5748504400253296,0.07925193011760712,75.02555847167969,0.8915671110153198,0.8299776911735535,0.8354297280311584,0.45283591747283936,0.14436611533164978,54.18473434448242,0.6752210855484009,0.7160372734069824,0.8508015871047974,-0.01015937328338623,0.1680804044008255,2330.87939453125,0.6879172325134277,0.6342332363128662,0.8534422516822815,0.21141093969345093,0.10632648319005966,54.18754196166992,0.8510283827781677,0.873006284236908,0.8826072216033936,0.4106638431549072,0.11632483452558517,46.22951889038086,0.6105969548225403,0.6794079542160034,0.780296266078949,0.26158320903778076,0.07720448076725006,11966.576171875,0.8333426117897034,0.7602077126502991,0.6985010504722595,0.3189083933830261,0.09069977700710297,635.5538330078125,0.691999614238739,0.6942591667175293,0.6767652034759521,0.19434195756912231,0.1284959465265274,584.8690795898438,0.9275507926940918,0.826589822769165,0.7724656462669373,0.4672389030456543,0.06868832558393478,644.2180786132812,0.9349087476730347,0.9547221064567566,0.7854432463645935,0.2870863080024719,0.11772061139345169,255.86085510253906,0.8947298526763916,0.7745359539985657,0.7581506371498108,0.30514055490493774,5.0,0.0899079367518425,0.0899742990732193,0.09259724617004395,"COMPLETE"
45,0.12103340774774551,"2025-05-16 21:06:26.303953","2025-05-16 21:06:26.961435","0 days 00:00:00.657482",176,176.0,224.0,160.0,256.0,176,224.0,144.0,96.0,"","add",0.00031231508463351837,5,4,"","","","","","","","","","","","","","","","","","","","","","","","","","","","","","","","","","","","","","","","","","","","","","","","","","","","","","",0.1446787267923355,44.85466003417969,0.797321617603302,0.818315863609314,0.8086243271827698,-0.3104172945022583,"","","","","","","","","","","","","","","","","","","","","","","","","","","","","","","","","","","","","","","","","","","","","","","","","",0.12103340774774551,"","","PRUNED"
46,0.11085772514343262,"2025-05-16 21:06:26.961736","2025-05-16 21:06:27.733865","0 days 00:00:00.772129",144,256.0,176.0,192.0,"",128,112.0,224.0,144.0,96.0,"max",0.0006630882996615392,4,5,"","","","","","","","","","","","","","","","","","","","","","","","","","","","","","","","","","","","","","","","","","","","","","","","","","","","","","",0.14798365533351898,53.026187896728516,0.6349178552627563,0.6319863200187683,0.7081273198127747,-0.23031878471374512,"","","","","","","","","","","","","","","","","","","","","","","","","","","","","","","","","","","","","","","","","","","","","","","","","",0.11085772514343262,"","","PRUNED"
47,0.11982118732788984,"2025-05-16 21:06:27.734182","2025-05-16 21:06:32.699948","0 days 00:00:04.965766",128,144.0,256.0,128.0,256.0,96,176.0,16.0,176.0,"","add",0.0015041666382604522,5,4,0.11982118732788984,1407.0743670744055,0.8126556049374973,0.7761966147843529,0.7711290699594161,0.28334619017208323,0.12462009489536285,301.5523986816406,0.38901039958000183,0.3084605038166046,0.3454904854297638,-0.06940567493438721,0.08699449896812439,917.0647583007812,0.9583752155303955,0.8947359323501587,0.8779988288879395,0.5750179290771484,0.16706529259681702,287.8746337890625,0.9993637800216675,0.9995723962783813,0.7952696084976196,0.33904385566711426,0.1330670267343521,64.85889434814453,1.0,1.0,0.9046459794044495,0.395035982131958,0.10102549195289612,129.7803497314453,1.0,0.8212331533432007,0.7626392841339111,0.338752806186676,0.09342925250530243,71.08844757080078,0.9552111625671387,0.8651421666145325,0.8515604138374329,0.40181219577789307,0.15131309628486633,201.29127502441406,1.0,1.0,0.9509921669960022,0.5687006115913391,0.07829960435628891,82.31475067138672,0.8911404609680176,0.8794264197349548,0.8273993730545044,0.4590180516242981,0.1723642200231552,72.57228088378906,0.6689004302024841,0.6987255811691284,0.7566333413124084,-0.22564315795898438,0.1715889275074005,2703.48291015625,0.6860460638999939,0.6443032026290894,0.8511820435523987,0.2315158247947693,0.12206936627626419,57.653133392333984,0.8588228821754456,0.8639068603515625,0.8714461922645569,0.23565053939819336,0.12425310909748077,52.00263977050781,0.7253767251968384,0.7415406703948975,0.8185078501701355,0.216375470161438,0.078253835439682,16574.791015625,0.8333426117897034,0.7656533718109131,0.7494602799415588,0.3413630723953247,0.09447941184043884,675.1961059570312,0.40422725677490234,0.4776204228401184,0.5544958114624023,0.09551835060119629,0.1387273222208023,601.18359375,0.7529464364051819,0.7697484493255615,0.7202106714248657,0.3115900754928589,0.0764448270201683,880.5805053710938,0.8549608588218689,0.7933173775672913,0.7489780783653259,0.3418893814086914,0.12296480685472488,246.97654724121094,0.8374210000038147,0.671955943107605,0.7222837805747986,0.2606499195098877,5.0,0.08864028751850128,0.08855433762073517,0.08997470885515213,"COMPLETE"
48,0.10234105587005615,"2025-05-16 21:06:32.700434","2025-05-16 21:06:34.024380","0 days 00:00:01.323946",176,144.0,256.0,128.0,256.0,160,176.0,16.0,"","","add",0.0013917719387063268,5,3,"","","","","","","","","","","","","","","","","","","","","","","","","","","","","","","","","","","","","","","","","","","","","","","","","","","","","","",0.11947304010391235,44.65037155151367,0.8085294365882874,0.8470575213432312,0.8744885325431824,0.2737382650375366,0.18204765021800995,2485.7744140625,0.6961624622344971,0.6165366172790527,0.8458579778671265,0.13249528408050537,0.10241181403398514,49.259063720703125,0.8519962430000305,0.8690888285636902,0.8585107922554016,0.4079006314277649,0.11631660163402557,46.18014144897461,0.7195215225219727,0.7494775652885437,0.8328381180763245,0.27933984994888306,"","","","","","","","","","","","","","","","","","","","","","","","","","","","","","","",0.0924321711063385,0.10234105587005615,"","PRUNED"
49,0.10619670152664185,"2025-05-16 21:06:34.024695","2025-05-16 21:06:34.670553","0 days 00:00:00.645858",128,192.0,224.0,128.0,192.0,208,176.0,192.0,176.0,"","mean",0.007876987366365502,5,4,"","","","","","","","","","","","","","","","","","","","","","","","","","","","","","","","","","","","","","","","","","","","","","","","","","","","","","",0.14710888266563416,61.09684753417969,0.8411309123039246,0.7122347950935364,0.7342627048492432,-0.04438936710357666,"","","","","","","","","","","","","","","","","","","","","","","","","","","","","","","","","","","","","","","","","","","","","","","","","",0.10619670152664185,"","","PRUNED"
50,0.15751205384731293,"2025-05-16 21:06:34.670845","2025-05-16 21:06:35.264504","0 days 00:00:00.593659",144,144.0,224.0,192.0,"",112,48.0,256.0,208.0,"","add",0.0001624416852530363,4,4,"","","","","","","","","","","","","","","","","","","","","","","","","","","","","","","","","","","","","","","","","","","","","","","","","","","","","","",0.14497625827789307,44.33694076538086,0.565994918346405,0.5933678150177002,0.6883055567741394,-0.3655581474304199,"","","","","","","","","","","","","","","","","","","","","","","","","","","","","","","","","","","","","","","","","","","","","","","","","",0.15751205384731293,"","","PRUNED"
51,0.11526299574795891,"2025-05-16 21:06:35.264800","2025-05-16 21:06:39.706059","0 days 00:00:04.441259",128,160.0,256.0,144.0,"",96,192.0,16.0,160.0,"","add",0.00228659012218273,4,4,0.11526299574795891,1786.5546336454504,0.781117171049118,0.779232870129978,0.7756918563562281,0.3141345416798311,0.11945059895515442,370.0718688964844,0.40054449439048767,0.5505927205085754,0.5923341512680054,0.17863333225250244,0.08945885300636292,466.9605712890625,0.8861247301101685,0.8315203189849854,0.8618611097335815,0.49490058422088623,0.16213487088680267,262.4161682128906,0.9993637800216675,0.9996161460876465,0.7906683087348938,0.33891505002975464,0.10798661410808563,52.95774841308594,1.0,1.0,0.9117156863212585,0.5798495709896088,0.0978226512670517,100.58411407470703,1.0,0.8218258023262024,0.7599754333496094,0.3316839933395386,0.08670110255479813,86.89100646972656,0.9234258532524109,0.875622570514679,0.8378534317016602,0.5720614194869995,0.1504327356815338,171.39295959472656,1.0,1.0,0.935177206993103,0.5381130278110504,0.0785292237997055,76.27067565917969,0.8915671110153198,0.8416436910629272,0.8259169459342957,0.45960450172424316,0.1625683605670929,63.81224822998047,0.7858966588973999,0.7844882607460022,0.8298211693763733,-0.20818090438842773,0.17610187828540802,2217.8330078125,0.6879172325134277,0.6460045576095581,0.8554092645645142,0.12933695316314697,0.11478353291749954,65.42122650146484,0.7981800436973572,0.8495684266090393,0.8337406516075134,0.30548667907714844,0.1127588078379631,50.954200744628906,0.6951309442520142,0.7315254211425781,0.7825549840927124,0.2999764084815979,0.08322501927614212,24101.349609375,0.7246027588844299,0.7199558615684509,0.6984949111938477,0.36433613300323486,0.08724522590637207,387.500244140625,0.41696131229400635,0.5597187280654907,0.5889929533004761,0.06739866733551025,0.12757310271263123,491.5555114746094,0.8099890351295471,0.7573705911636353,0.7340191602706909,0.38889390230178833,0.08802397549152374,1111.6815185546875,0.6016326546669006,0.5968352556228638,0.6556625366210938,0.21751636266708374,0.11467437446117401,293.7760925292969,0.6576552987098694,0.680670440196991,0.6925636529922485,0.2817615270614624,5.0,0.09533471614122391,0.09010117501020432,0.09066329151391983,"COMPLETE"
52,0.10895632207393646,"2025-05-16 21:06:39.706554","2025-05-16 21:06:40.316923","0 days 00:00:00.610369",160,160.0,256.0,144.0,208.0,96,192.0,16.0,160.0,"","add",0.0018521389494161888,5,4,"","","","","","","","","","","","","","","","","","","","","","","","","","","","","","","","","","","","","","","","","","","","","","","","","","","","","","",0.15645897388458252,62.374473571777344,0.7945959568023682,0.7589660286903381,0.7903383374214172,-0.14859354496002197,"","","","","","","","","","","","","","","","","","","","","","","","","","","","","","","","","","","","","","","","","","","","","","","","","",0.10895632207393646,"","","PRUNED"
