"number","value","datetime_start","datetime_complete","duration","params_decoder_layer_width_0","params_decoder_layer_width_1","params_decoder_layer_width_2","params_decoder_layer_width_3","params_decoder_layer_width_4","params_encoder_layer_width_0","params_encoder_layer_width_1","params_encoder_layer_width_2","params_encoder_layer_width_3","params_encoder_layer_width_4","params_gatv2_dropout","params_gatv2_heads","params_lr","params_n_decoder_layers","params_n_encoder_layers","user_attrs_avg_mae","user_attrs_avg_mape","user_attrs_avg_ndcg10","user_attrs_avg_ndcg20","user_attrs_avg_ndcg50","user_attrs_avg_r2","user_attrs_fold10_mae","user_attrs_fold10_mape","user_attrs_fold10_ndcg10","user_attrs_fold10_ndcg20","user_attrs_fold10_ndcg50","user_attrs_fold10_r2","user_attrs_fold11_mae","user_attrs_fold11_mape","user_attrs_fold11_ndcg10","user_attrs_fold11_ndcg20","user_attrs_fold11_ndcg50","user_attrs_fold11_r2","user_attrs_fold12_mae","user_attrs_fold12_mape","user_attrs_fold12_ndcg10","user_attrs_fold12_ndcg20","user_attrs_fold12_ndcg50","user_attrs_fold12_r2","user_attrs_fold13_mae","user_attrs_fold13_mape","user_attrs_fold13_ndcg10","user_attrs_fold13_ndcg20","user_attrs_fold13_ndcg50","user_attrs_fold13_r2","user_attrs_fold14_mae","user_attrs_fold14_mape","user_attrs_fold14_ndcg10","user_attrs_fold14_ndcg20","user_attrs_fold14_ndcg50","user_attrs_fold14_r2","user_attrs_fold15_mae","user_attrs_fold15_mape","user_attrs_fold15_ndcg10","user_attrs_fold15_ndcg20","user_attrs_fold15_ndcg50","user_attrs_fold15_r2","user_attrs_fold16_mae","user_attrs_fold16_mape","user_attrs_fold16_ndcg10","user_attrs_fold16_ndcg20","user_attrs_fold16_ndcg50","user_attrs_fold16_r2","user_attrs_fold17_mae","user_attrs_fold17_mape","user_attrs_fold17_ndcg10","user_attrs_fold17_ndcg20","user_attrs_fold17_ndcg50","user_attrs_fold17_r2","user_attrs_fold1_mae","user_attrs_fold1_mape","user_attrs_fold1_ndcg10","user_attrs_fold1_ndcg20","user_attrs_fold1_ndcg50","user_attrs_fold1_r2","user_attrs_fold2_mae","user_attrs_fold2_mape","user_attrs_fold2_ndcg10","user_attrs_fold2_ndcg20","user_attrs_fold2_ndcg50","user_attrs_fold2_r2","user_attrs_fold3_mae","user_attrs_fold3_mape","user_attrs_fold3_ndcg10","user_attrs_fold3_ndcg20","user_attrs_fold3_ndcg50","user_attrs_fold3_r2","user_attrs_fold4_mae","user_attrs_fold4_mape","user_attrs_fold4_ndcg10","user_attrs_fold4_ndcg20","user_attrs_fold4_ndcg50","user_attrs_fold4_r2","user_attrs_fold5_mae","user_attrs_fold5_mape","user_attrs_fold5_ndcg10","user_attrs_fold5_ndcg20","user_attrs_fold5_ndcg50","user_attrs_fold5_r2","user_attrs_fold6_mae","user_attrs_fold6_mape","user_attrs_fold6_ndcg10","user_attrs_fold6_ndcg20","user_attrs_fold6_ndcg50","user_attrs_fold6_r2","user_attrs_fold7_mae","user_attrs_fold7_mape","user_attrs_fold7_ndcg10","user_attrs_fold7_ndcg20","user_attrs_fold7_ndcg50","user_attrs_fold7_r2","user_attrs_fold8_mae","user_attrs_fold8_mape","user_attrs_fold8_ndcg10","user_attrs_fold8_ndcg20","user_attrs_fold8_ndcg50","user_attrs_fold8_r2","user_attrs_fold9_mae","user_attrs_fold9_mape","user_attrs_fold9_ndcg10","user_attrs_fold9_ndcg20","user_attrs_fold9_ndcg50","user_attrs_fold9_r2","user_attrs_pca_components","system_attrs_completed_rung_0","system_attrs_completed_rung_1","system_attrs_completed_rung_2","state"
27,0.1552373105112244,"2025-05-16 21:13:20.875818","2025-05-16 21:13:27.107701","0 days 00:00:06.231883",192,256.0,"","","",128,16.0,"","","",0.30000000000000004,3,0.0011723033578709722,2,2,0.1552373105112244,635.7190419365378,0.4395787488011753,0.4171646364471492,0.4273313520585789,-0.43762921235140634,0.12219494581222534,330.26190185546875,0.22230617702007294,0.32183337211608887,0.4745842218399048,-0.08387553691864014,0.11536306142807007,805.337646484375,0.8947423696517944,0.8613938689231873,0.8142656087875366,0.013817131519317627,0.2011646330356598,127.18522644042969,0.3661428391933441,0.3535941541194916,0.2664654552936554,-0.3963688611984253,0.23347418010234833,71.72393798828125,0.23412193357944489,0.21118688583374023,0.1970471441745758,-0.9275120496749878,0.13564978539943695,72.92694091796875,0.12380897253751755,0.12217991054058075,0.1541110873222351,-0.5570908784866333,0.15615329146385193,69.30259704589844,0.26968610286712646,0.25439661741256714,0.2455342411994934,-0.7289408445358276,0.2602279484272003,85.20293426513672,0.09333207458257675,0.07660726457834244,0.11158385872840881,-0.6653182506561279,0.12507013976573944,70.48992156982422,0.29329490661621094,0.2662467062473297,0.2579452097415924,-0.5886117219924927,0.19396300613880157,75.47357177734375,0.8235463500022888,0.7211651802062988,0.6765347123146057,-0.6749637126922607,0.21243567764759064,525.9286499023438,0.4715001881122589,0.5881152749061584,0.7134768962860107,-0.44806158542633057,0.1943587362766266,90.7439956665039,0.7030296325683594,0.6235331296920776,0.6076022386550903,-1.0254695415496826,0.14140552282333374,56.86052322387695,0.8271797299385071,0.7267537713050842,0.744059145450592,-0.05391252040863037,0.08826570957899094,7845.63427734375,0.6952081322669983,0.630993127822876,0.5380420684814453,-0.20187640190124512,0.11663228273391724,102.25264739990234,0.2972313463687897,0.24526502192020416,0.30676141381263733,-0.6073144674301147,0.14695340394973755,185.00245666503906,0.5508729219436646,0.48832443356513977,0.3929186463356018,-0.21347486972808838,0.06713487207889557,155.39405822753906,0.2291284054517746,0.24410024285316467,0.16931642591953278,-0.14043152332305908,0.12858708202838898,137.50242614746094,0.3777066469192505,0.3561098575592041,0.5943846106529236,-0.1402909755706787,5.0,0.10933474451303482,0.1117575615644455,0.1112675666809082,"COMPLETE"
28,0.13887350261211395,"2025-05-16 21:13:27.108132","2025-05-16 21:13:29.532036","0 days 00:00:02.423904",240,"","","","",160,"","","","",0.4,16,0.0005648505609769002,1,1,"","","","","","","","","","","","","","","","","","","","","","","","","","","","","","","","","","","","","","","","","","","","","","","","","","","","","","",0.19040007889270782,67.52802276611328,0.6196990013122559,0.6067053079605103,0.7040268778800964,-0.7894237041473389,"","","","","","","","","","","","","","","","","","","","","","","","","","","","","","","","","","","","","","","","","","","","","","","","","",0.13887350261211395,"","","PRUNED"
29,0.12863114476203918,"2025-05-16 21:13:29.532330","2025-05-16 21:13:36.756110","0 days 00:00:07.223780",192,192.0,16.0,"","",192,192.0,80.0,256.0,"",0.2,11,0.00041689913608571993,3,4,"","","","","","","","","","","","","","","","","","","","","","","","","","","","","","","","","","","","","","","","","","","","","","","","","","","","","","",0.20492051541805267,76.10415649414062,0.3589036166667938,0.33718642592430115,0.5576421618461609,-0.9611579179763794,"","","","","","","","","","","","","","","","","","","","","","","","","","","","","","","","","","","","","","","","","","","","","","","","","",0.12863114476203918,"","","PRUNED"
30,0.11740919947624207,"2025-05-16 21:13:36.756433","2025-05-16 21:13:37.857134","0 days 00:00:01.100701",208,240.0,208.0,"","",224,80.0,256.0,"","",0.30000000000000004,1,0.00015978091266391522,3,3,"","","","","","","","","","","","","","","","","","","","","","","","","","","","","","","","","","","","","","","","","","","","","","","","","","","","","","",0.20122483372688293,74.02143859863281,0.48876866698265076,0.5996028780937195,0.6048517823219299,-0.908408522605896,"","","","","","","","","","","","","","","","","","","","","","","","","","","","","","","","","","","","","","","","","","","","","","","","","",0.11740919947624207,"","","PRUNED"
31,0.11782471835613251,"2025-05-16 21:13:37.857473","2025-05-16 21:13:44.504468","0 days 00:00:06.646995",128,160.0,208.0,48.0,"",144,256.0,"","","",0.5,16,0.0020956331801232925,4,2,"","","","","","","","","","","","","","","","","","","","","","","","","","","","","","","","","","","","","","","","","","","","","","","","","","","","","","",0.14137180149555206,48.2352180480957,0.7151550054550171,0.6827259659767151,0.6625425815582275,-0.24848473072052002,"","","","","","","","","","","","","","","","","","","","","","","","","","","","","","","","","","","","","","","","","","","","","","","","","",0.11782471835613251,"","","PRUNED"
32,0.13777868449687958,"2025-05-16 21:13:44.504759","2025-05-16 21:13:49.544763","0 days 00:00:05.040004",144,96.0,144.0,16.0,32.0,176,176.0,"","","",0.5,14,0.0875161927057263,5,2,"","","","","","","","","","","","","","","","","","","","","","","","","","","","","","","","","","","","","","","","","","","","","","","","","","","","","","",0.19811399281024933,70.67262268066406,0.3079359233379364,0.3392367362976074,0.38500848412513733,-0.9212034940719604,"","","","","","","","","","","","","","","","","","","","","","","","","","","","","","","","","","","","","","","","","","","","","","","","","",0.13777868449687958,"","","PRUNED"
33,0.11768302321434021,"2025-05-16 21:13:49.545163","2025-05-16 21:13:54.967423","0 days 00:00:05.422260",112,144.0,208.0,96.0,"",144,208.0,"","","",0.4,15,0.011040432908094408,4,2,"","","","","","","","","","","","","","","","","","","","","","","","","","","","","","","","","","","","","","","","","","","","","","","","","","","","","","",0.16801120340824127,56.068389892578125,0.82233065366745,0.7062934637069702,0.6770119667053223,-0.548774003982544,"","","","","","","","","","","","","","","","","","","","","","","","","","","","","","","","","","","","","","","","","","","","","","","","","",0.11768302321434021,"","","PRUNED"
34,0.1293477714061737,"2025-05-16 21:13:54.967728","2025-05-16 21:14:01.353609","0 days 00:00:06.385881",160,224.0,112.0,80.0,"",112,128.0,176.0,"","",0.5,15,0.09190645641950054,4,3,"","","","","","","","","","","","","","","","","","","","","","","","","","","","","","","","","","","","","","","","","","","","","","","","","","","","","","",0.20749811828136444,76.77093505859375,0.3079359233379364,0.3392367362976074,0.38500848412513733,-1.010540246963501,"","","","","","","","","","","","","","","","","","","","","","","","","","","","","","","","","","","","","","","","","","","","","","","","","",0.1293477714061737,"","","PRUNED"
35,0.11860870569944382,"2025-05-16 21:14:01.353912","2025-05-16 21:14:09.237132","0 days 00:00:07.883220",64,48.0,176.0,160.0,256.0,48,48.0,160.0,"","",0.2,13,0.0010889433460292276,5,3,"","","","","","","","","","","","","","","","","","","","","","","","","","","","","","","","","","","","","","","","","","","","","","","","","","","","","","",0.16667020320892334,57.19567108154297,0.5009051561355591,0.5377323031425476,0.58065265417099,-0.5324356555938721,0.20359815657138824,1367.31005859375,0.3274592161178589,0.46393194794654846,0.6333856582641602,-0.1559436321258545,0.19552937150001526,92.40381622314453,0.8284921646118164,0.7819185853004456,0.8072856664657593,-1.0417842864990234,0.13984769582748413,51.188499450683594,0.4191906452178955,0.3709242343902588,0.4381573498249054,-0.2920677661895752,"","","","","","","","","","","","","","","","","","","","","","","","","","","","","","","",0.11502551287412643,0.11860870569944382,"","PRUNED"
36,0.11994412541389465,"2025-05-16 21:14:09.237447","2025-05-16 21:14:18.167867","0 days 00:00:08.930420",112,192.0,240.0,16.0,"",240,256.0,"","","",0.30000000000000004,16,0.020373903249849584,4,2,"","","","","","","","","","","","","","","","","","","","","","","","","","","","","","","","","","","","","","","","","","","","","","","","","","","","","","",0.6275938153266907,304.6571350097656,0.3338940441608429,0.3074271082878113,0.5324340462684631,-140.44786071777344,"","","","","","","","","","","","","","","","","","","","","","","","","","","","","","","","","","","","","","","","","","","","","","","","","",0.11994412541389465,"","","PRUNED"
37,0.1154933050274849,"2025-05-16 21:14:18.168164","2025-05-16 21:14:18.608698","0 days 00:00:00.440534",16,"","","","",16,"","","","",0.1,5,0.005553042412624196,1,1,"","","","","","","","","","","","","","","","","","","","","","","","","","","","","","","","","","","","","","","","","","","","","","","","","","","","","","",0.16178803145885468,62.359764099121094,0.8512990474700928,0.7241125702857971,0.7058464884757996,-0.2835603952407837,"","","","","","","","","","","","","","","","","","","","","","","","","","","","","","","","","","","","","","","","","","","","","","","","","",0.1154933050274849,"","","PRUNED"
38,0.12981435656547546,"2025-05-16 21:14:18.608958","2025-05-16 21:14:20.823736","0 days 00:00:02.214778",240,240.0,160.0,"","",176,32.0,"","","",0.4,12,0.048016225679831166,3,2,"","","","","","","","","","","","","","","","","","","","","","","","","","","","","","","","","","","","","","","","","","","","","","","","","","","","","","",0.18266648054122925,60.634010314941406,0.3079359233379364,0.3392367362976074,0.38500848412513733,-0.7831462621688843,"","","","","","","","","","","","","","","","","","","","","","","","","","","","","","","","","","","","","","","","","","","","","","","","","",0.12981435656547546,"","","PRUNED"
39,0.12028007954359055,"2025-05-16 21:14:20.824031","2025-05-16 21:14:22.682068","0 days 00:00:01.858037",160,64.0,96.0,"","",208,"","","","",0.2,9,0.0029386291364348754,3,1,"","","","","","","","","","","","","","","","","","","","","","","","","","","","","","","","","","","","","","","","","","","","","","","","","","","","","","",0.17658354341983795,80.22266387939453,0.8962696194648743,0.7371167540550232,0.7112330198287964,-0.41874122619628906,"","","","","","","","","","","","","","","","","","","","","","","","","","","","","","","","","","","","","","","","","","","","","","","","","",0.12028007954359055,"","","PRUNED"
40,0.11671283841133118,"2025-05-16 21:14:22.682338","2025-05-16 21:14:26.843921","0 days 00:00:04.161583",96,"","","","",96,144.0,80.0,"","",0.5,14,0.015113584230092306,1,3,"","","","","","","","","","","","","","","","","","","","","","","","","","","","","","","","","","","","","","","","","","","","","","","","","","","","","","",0.18995967507362366,65.37351989746094,0.3079359233379364,0.3392367362976074,0.38500848412513733,-0.8469310998916626,"","","","","","","","","","","","","","","","","","","","","","","","","","","","","","","","","","","","","","","","","","","","","","","","","",0.11671283841133118,"","","PRUNED"
41,0.15555961254765005,"2025-05-16 21:14:26.844209","2025-05-16 21:14:33.969618","0 days 00:00:07.125409",208,256.0,"","","",128,16.0,"","","",0.30000000000000004,4,0.0010706486039939826,2,2,0.15555961254765005,580.4380980098949,0.42592858786092086,0.4168657336164923,0.4336312663029222,-0.4273362580467673,0.12368123233318329,409.32794189453125,0.22230617702007294,0.31200501322746277,0.3789805471897125,-0.06169939041137695,0.1156524270772934,1118.7896728515625,0.9012392163276672,0.8620431423187256,0.8114779591560364,0.09962618350982666,0.20517702400684357,109.18004608154297,0.24922482669353485,0.28236693143844604,0.2379245162010193,-0.4567255973815918,0.24490948021411896,79.06599426269531,0.273215115070343,0.2844278812408447,0.2844371795654297,-1.0143916606903076,0.13908502459526062,72.70323944091797,0.12342773377895355,0.12192066013813019,0.1567852795124054,-0.5939188003540039,0.14835749566555023,65.1109390258789,0.2790789008140564,0.2942209839820862,0.3149685859680176,-0.6456996202468872,0.2552010118961334,94.44039154052734,0.09217081218957901,0.08678249269723892,0.12802328169345856,-0.6200897693634033,0.12401191890239716,70.99105834960938,0.23693765699863434,0.24125626683235168,0.21730954945087433,-0.5765700340270996,0.21063818037509918,82.83058166503906,0.6192688941955566,0.6507117748260498,0.6308606863021851,-0.9257099628448486,0.2108941376209259,704.873291015625,0.5921872854232788,0.7323505878448486,0.842056930065155,-0.3887748718261719,0.1891029328107834,87.99788665771484,0.8260854482650757,0.7535212635993958,0.7694728970527649,-0.9298239946365356,0.13917019963264465,60.63560104370117,0.8618151545524597,0.746118426322937,0.7407193183898926,-0.010735869407653809,0.08781439065933228,6146.55859375,0.6692737340927124,0.5693314075469971,0.5429943799972534,-0.19705116748809814,0.11120600998401642,104.72295379638672,0.2972313463687897,0.24526982009410858,0.28229495882987976,-0.5454540252685547,0.14833056926727295,118.8816909790039,0.5358185768127441,0.4709309935569763,0.38073617219924927,-0.2762424945831299,0.06860575079917908,306.5661315917969,0.11294341087341309,0.09453780204057693,0.0797354057431221,-0.10345232486724854,0.12267562747001648,234.7716522216797,0.34856170415878296,0.33892202377319336,0.5729538798332214,-0.018002986907958984,5.0,0.11134202778339386,0.11336404085159302,0.11279451102018356,"COMPLETE"
42,0.15163551139480927,"2025-05-16 21:14:33.970064","2025-05-16 21:14:40.022191","0 days 00:00:06.052127",192,256.0,"","","",64,32.0,"","","",0.30000000000000004,3,0.001574002261989158,2,2,0.15163551139480927,841.6050594554227,0.4462263229138711,0.43166925363680897,0.43654709616128134,-0.3703590982100543,0.12593701481819153,444.62298583984375,0.22436508536338806,0.33566099405288696,0.38201773166656494,-0.016708016395568848,0.1102597564458847,843.2470092773438,0.952742338180542,0.8725683093070984,0.9293354749679565,0.05567127466201782,0.19823892414569855,153.5039825439453,0.4448032081127167,0.382142037153244,0.3203079402446747,-0.33677685260772705,0.2263367623090744,68.17185974121094,0.2664687931537628,0.23043212294578552,0.21816954016685486,-0.8717937469482422,0.1269524097442627,79.60523986816406,0.11417905241250992,0.15656393766403198,0.1651133894920349,-0.4388519525527954,0.14068977534770966,63.041526794433594,0.23443244397640228,0.220316544175148,0.22940963506698608,-0.5615512132644653,0.2532157003879547,99.00861358642578,0.26240968704223633,0.2711969316005707,0.20421123504638672,-0.5988460779190063,0.11327794194221497,77.9143295288086,0.24490182101726532,0.24442121386528015,0.24372948706150055,-0.4157881736755371,0.1966552436351776,76.22267150878906,0.8647793531417847,0.7423987984657288,0.7056244611740112,-0.7270325422286987,0.2102901190519333,500.28955078125,0.42075005173683167,0.5775452852249146,0.7118005752563477,-0.42982280254364014,0.19651688635349274,93.48910522460938,0.8399002552032471,0.7394600510597229,0.7338488101959229,-1.0074512958526611,0.14071589708328247,55.59673309326172,0.9278295040130615,0.7510537505149841,0.7378369569778442,-0.09478962421417236,0.08980889618396759,10813.96875,0.5084269642829895,0.5049899220466614,0.43650490045547485,-0.21129310131072998,0.11363188922405243,106.56112670898438,0.2792121469974518,0.2301906794309616,0.22986853122711182,-0.5797034502029419,0.14717741310596466,217.4436798095703,0.5512858629226685,0.48862674832344055,0.40644222497940063,-0.16509652137756348,0.06737598031759262,290.88385009765625,0.15895648300647736,0.1952134519815445,0.1730383336544037,-0.09118533134460449,0.12072308361530304,323.7149963378906,0.29040443897247314,0.39559653401374817,0.5940414071083069,0.19491475820541382,5.0,0.11046909540891647,0.11222188919782639,0.11108453571796417,"COMPLETE"
43,0.1527323998949107,"2025-05-16 21:14:40.022644","2025-05-16 21:14:45.828591","0 days 00:00:05.805947",176,224.0,"","","",64,32.0,"","","",0.4,2,0.001668424157362803,2,2,0.1527323998949107,563.2592140646542,0.414821974494878,0.4079940660911448,0.43238024895682053,-0.39696524073095885,0.12178043276071548,332.9766540527344,0.2787044048309326,0.3225889503955841,0.3851524591445923,-0.0901411771774292,0.1162932962179184,1126.1251220703125,0.9227219820022583,0.880340039730072,0.8179819583892822,0.06291407346725464,0.20724396407604218,98.54132080078125,0.2589370608329773,0.25124552845954895,0.20875462889671326,-0.47968924045562744,0.2236173003911972,66.965576171875,0.2715614140033722,0.24960927665233612,0.23273710906505585,-0.8402069807052612,0.11825863271951675,98.48590850830078,0.2121533900499344,0.1982286274433136,0.2396770566701889,-0.29534149169921875,0.14446792006492615,63.884830474853516,0.14366579055786133,0.1654365360736847,0.18382298946380615,-0.6126499176025391,0.2538926899433136,94.75308227539062,0.19372931122779846,0.173729807138443,0.1737728714942932,-0.6061891317367554,0.11273923516273499,77.03153991699219,0.2731221616268158,0.2605384588241577,0.2766752243041992,-0.4066898822784424,0.19958259165287018,75.02611541748047,0.6766208410263062,0.6589375138282776,0.6411434412002563,-0.8294422626495361,0.21096207201480865,905.0108032226562,0.4718035161495209,0.5928273797035217,0.7640880346298218,-0.3847799301147461,0.1957852840423584,93.75564575195312,0.8474981188774109,0.8272045254707336,0.7565418481826782,-0.9817110300064087,0.15620215237140656,62.1797981262207,0.7555952072143555,0.702194333076477,0.7012074589729309,-0.20999860763549805,0.09112105518579483,5585.31494140625,0.4911210536956787,0.4692911207675934,0.4698021411895752,-0.27007853984832764,0.10844513028860092,138.72314453125,0.2767757773399353,0.2893674075603485,0.39835524559020996,-0.4744901657104492,0.1464851349592209,155.55662536621094,0.5486133098602295,0.487113893032074,0.4831373989582062,-0.22715795040130615,0.06891720741987228,350.0224609375,0.1998903900384903,0.15141704678535461,0.10241321474313736,-0.08739054203033447,0.12065669894218445,251.05307006835938,0.22945983707904816,0.2558286786079407,0.5152011513710022,-0.015366315841674805,5.0,0.1101619079709053,0.11153431981801987,0.11024598777294159,"COMPLETE"
