"number","value","datetime_start","datetime_complete","duration","params_decoder_layer_width_0","params_decoder_layer_width_1","params_decoder_layer_width_2","params_decoder_layer_width_3","params_decoder_layer_width_4","params_encoder_layer_width_0","params_encoder_layer_width_1","params_encoder_layer_width_2","params_encoder_layer_width_3","params_encoder_layer_width_4","params_graphsage_aggregator","params_lr","params_n_decoder_layers","params_n_encoder_layers","user_attrs_avg_mae","user_attrs_avg_mape","user_attrs_avg_ndcg10","user_attrs_avg_ndcg20","user_attrs_avg_ndcg50","user_attrs_avg_r2","user_attrs_fold10_mae","user_attrs_fold10_mape","user_attrs_fold10_ndcg10","user_attrs_fold10_ndcg20","user_attrs_fold10_ndcg50","user_attrs_fold10_r2","user_attrs_fold11_mae","user_attrs_fold11_mape","user_attrs_fold11_ndcg10","user_attrs_fold11_ndcg20","user_attrs_fold11_ndcg50","user_attrs_fold11_r2","user_attrs_fold12_mae","user_attrs_fold12_mape","user_attrs_fold12_ndcg10","user_attrs_fold12_ndcg20","user_attrs_fold12_ndcg50","user_attrs_fold12_r2","user_attrs_fold13_mae","user_attrs_fold13_mape","user_attrs_fold13_ndcg10","user_attrs_fold13_ndcg20","user_attrs_fold13_ndcg50","user_attrs_fold13_r2","user_attrs_fold14_mae","user_attrs_fold14_mape","user_attrs_fold14_ndcg10","user_attrs_fold14_ndcg20","user_attrs_fold14_ndcg50","user_attrs_fold14_r2","user_attrs_fold15_mae","user_attrs_fold15_mape","user_attrs_fold15_ndcg10","user_attrs_fold15_ndcg20","user_attrs_fold15_ndcg50","user_attrs_fold15_r2","user_attrs_fold1_mae","user_attrs_fold1_mape","user_attrs_fold1_ndcg10","user_attrs_fold1_ndcg20","user_attrs_fold1_ndcg50","user_attrs_fold1_r2","user_attrs_fold2_mae","user_attrs_fold2_mape","user_attrs_fold2_ndcg10","user_attrs_fold2_ndcg20","user_attrs_fold2_ndcg50","user_attrs_fold2_r2","user_attrs_fold3_mae","user_attrs_fold3_mape","user_attrs_fold3_ndcg10","user_attrs_fold3_ndcg20","user_attrs_fold3_ndcg50","user_attrs_fold3_r2","user_attrs_fold4_mae","user_attrs_fold4_mape","user_attrs_fold4_ndcg10","user_attrs_fold4_ndcg20","user_attrs_fold4_ndcg50","user_attrs_fold4_r2","user_attrs_fold5_mae","user_attrs_fold5_mape","user_attrs_fold5_ndcg10","user_attrs_fold5_ndcg20","user_attrs_fold5_ndcg50","user_attrs_fold5_r2","user_attrs_fold6_mae","user_attrs_fold6_mape","user_attrs_fold6_ndcg10","user_attrs_fold6_ndcg20","user_attrs_fold6_ndcg50","user_attrs_fold6_r2","user_attrs_fold7_mae","user_attrs_fold7_mape","user_attrs_fold7_ndcg10","user_attrs_fold7_ndcg20","user_attrs_fold7_ndcg50","user_attrs_fold7_r2","user_attrs_fold8_mae","user_attrs_fold8_mape","user_attrs_fold8_ndcg10","user_attrs_fold8_ndcg20","user_attrs_fold8_ndcg50","user_attrs_fold8_r2","user_attrs_fold9_mae","user_attrs_fold9_mape","user_attrs_fold9_ndcg10","user_attrs_fold9_ndcg20","user_attrs_fold9_ndcg50","user_attrs_fold9_r2","user_attrs_pca_components","system_attrs_completed_rung_0","system_attrs_completed_rung_1","state"
39,0.12083616952101389,"2025-05-16 15:33:30.736976","2025-05-16 15:33:33.493890","0 days 00:00:02.756914",80,240.0,224.0,"","",64,32.0,"","","","add",0.00281283260644693,3,2,0.12083616952101389,588.4355125427246,0.8252650320529937,0.8092307567596435,0.7814496994018555,0.30972957412401836,0.1635100543498993,277.84722900390625,0.9992663860321045,0.9994940757751465,0.7867782115936279,0.3506951332092285,0.10729704797267914,60.7956657409668,1.0,1.0,0.9075309634208679,0.6301636695861816,0.09665033966302872,110.18885040283203,1.0,0.8623880743980408,0.7709437608718872,0.329367458820343,0.08904556185007095,64.96488952636719,0.9461678266525269,0.8644623160362244,0.8498467803001404,0.5228890180587769,0.14519762992858887,141.34107971191406,1.0,1.0,0.9561424255371094,0.5436322093009949,0.07862237840890884,107.77151489257812,0.925741970539093,0.8430142402648926,0.8382605314254761,0.49225515127182007,0.12739381194114685,45.003753662109375,0.6462889909744263,0.7447973489761353,0.7842500805854797,0.1236414909362793,0.18075162172317505,2961.332763671875,0.6765512824058533,0.6714590787887573,0.8521928191184998,0.23697572946548462,0.12914243340492249,64.82247161865234,0.8519962430000305,0.8868041634559631,0.8778250813484192,0.2437189817428589,0.12651802599430084,71.5041732788086,0.6358435153961182,0.6690384745597839,0.7842971086502075,0.3523247241973877,0.11799786984920502,1252.3897705078125,0.4006952941417694,0.4040716290473938,0.34068334102630615,-0.0550389289855957,0.12380804121494293,1676.012939453125,0.9469966888427734,0.9624573588371277,0.754558801651001,-0.32030606269836426,0.11588074266910553,233.21054077148438,0.8139142394065857,0.7517783641815186,0.7303906679153442,0.29507410526275635,0.11959784477949142,476.6466064453125,0.5763848423957825,0.5888746976852417,0.6205395460128784,0.25069236755371094,0.09112913906574249,1282.700439453125,0.959128201007843,0.8898215293884277,0.8675053715705872,0.6498585641384125,5.0,0.08747238665819168,0.08693798631429672,"COMPLETE"
40,0.09044680744409561,"2025-05-16 15:33:33.494314","2025-05-16 15:33:34.441321","0 days 00:00:00.947007",80,240.0,224.0,"","",64,32.0,"","","","add",0.0026177722221396396,3,2,"","","","","","","","","","","","","","","","","","","","","","","","","","","","","","","","","","","","","","","","","","",0.11909874528646469,44.098175048828125,0.6826561093330383,0.7039006352424622,0.7634665369987488,0.1764659285545349,0.19718873500823975,3434.67529296875,0.5891923904418945,0.6645650267601013,0.82692551612854,0.12423419952392578,0.12221832573413849,56.04869079589844,0.8531640768051147,0.8876175284385681,0.8735394477844238,0.2418992519378662,0.10654771327972412,63.19053649902344,0.7785593271255493,0.809405505657196,0.850407600402832,0.5278044044971466,"","","","","","","","","","","","","","","","","","","","","","","","","","","","","","","",0.08908600360155106,0.09044680744409561,"PRUNED"
41,0.11957759410142899,"2025-05-16 15:33:34.441623","2025-05-16 15:33:37.210569","0 days 00:00:02.768946",48,208.0,240.0,"","",32,48.0,"","","","add",0.004516579763321051,3,2,0.11957759410142899,605.4785135904948,0.8578752120335896,0.8389599998792012,0.7999010443687439,0.2885120948155721,0.15730659663677216,245.4134521484375,1.0,0.9996364116668701,0.789554238319397,0.3537023067474365,0.10737016797065735,58.133548736572266,1.0,1.0,0.9052358269691467,0.619169682264328,0.09614918380975723,114.83444213867188,1.0,0.8611066341400146,0.7607924342155457,0.3687443137168884,0.08514974266290665,63.60779571533203,0.9156583547592163,0.858176052570343,0.8462075591087341,0.5499609708786011,0.1441347599029541,138.7060089111328,1.0,1.0,0.9661175012588501,0.5526026785373688,0.0763610377907753,110.26859283447266,0.9359127879142761,0.8574071526527405,0.8292315006256104,0.5307658016681671,0.12507317960262299,44.531436920166016,0.7963907718658447,0.7933160066604614,0.828678548336029,0.11479443311691284,0.15969699621200562,2238.84814453125,0.671036958694458,0.8152934908866882,0.8880416750907898,0.3368498682975769,0.11527055501937866,54.106285095214844,0.8453695178031921,0.8586810827255249,0.8517142534255981,0.2976248860359192,0.107552170753479,54.259674072265625,0.6691545248031616,0.7335031628608704,0.7674277424812317,0.3968079090118408,0.09754328429698944,791.2078247070312,0.5674241781234741,0.5669165253639221,0.566195547580719,0.1291300654411316,0.17162442207336426,3273.725830078125,0.8239266276359558,0.882877767086029,0.7080700993537903,-1.124319076538086,0.11380180716514587,378.168701171875,0.8763306140899658,0.7890505194664001,0.7727652192115784,0.3872120976448059,0.14997468888759613,651.555419921875,0.850419819355011,0.7265985608100891,0.6461970806121826,0.1861640214920044,0.08665531873703003,864.810546875,0.9165040254592896,0.8418366312980652,0.8722864389419556,0.6284714639186859,5.0,0.08778760582208633,0.08744988590478897,"COMPLETE"
42,0.09719352424144745,"2025-05-16 15:33:37.211017","2025-05-16 15:33:37.645724","0 days 00:00:00.434707",48,240.0,224.0,"","",32,48.0,16.0,"","","add",0.0052138147092434676,3,3,"","","","","","","","","","","","","","","","","","","","","","","","","","","","","","","","","","","","","","","","","","",0.11087395250797272,40.251304626464844,0.6249764561653137,0.730912446975708,0.7945235371589661,0.304019033908844,"","","","","","","","","","","","","","","","","","","","","","","","","","","","","","","","","","","","","","","","","","","","","","","","","",0.09719352424144745,"","PRUNED"
43,0.12965796887874603,"2025-05-16 15:33:37.645999","2025-05-16 15:33:40.378365","0 days 00:00:02.732366",80,208.0,192.0,"","",80,32.0,"","","","add",0.002619743327083577,3,2,0.12965796887874603,934.8097648620605,0.820610515276591,0.8169906775156657,0.7905485053857167,-0.1395356337229411,0.1611313372850418,243.75662231445312,1.0,0.9996656179428101,0.7911736369132996,0.3288339376449585,0.11173062026500702,52.28164291381836,1.0,1.0,0.9161916375160217,0.5525129735469818,0.09560458362102509,139.13465881347656,1.0,0.8606410026550293,0.758266031742096,0.4069802761077881,0.08624111115932465,66.30547332763672,0.9411200284957886,0.8711798191070557,0.8515046834945679,0.5209593176841736,0.1456301063299179,137.9456787109375,1.0,1.0,0.9498620629310608,0.5305519104003906,0.07784262299537659,101.40817260742188,0.9138439893722534,0.8464109897613525,0.8345204591751099,0.5017422139644623,0.10123340785503387,41.0908088684082,0.8434848785400391,0.8354133367538452,0.8521299362182617,0.45937812328338623,0.18735958635807037,3114.720458984375,0.6738775372505188,0.6082512140274048,0.8356176018714905,0.16916024684906006,0.11117573827505112,52.53630828857422,0.8763474822044373,0.8898794054985046,0.8814293146133423,0.3053057789802551,0.10755733400583267,48.94229507446289,0.5722919702529907,0.6795037984848022,0.7666596174240112,0.3479722738265991,0.09927414357662201,879.7429809570312,0.4718557894229889,0.49929147958755493,0.4974251091480255,0.10622274875640869,0.33778244256973267,7229.1083984375,0.9413089156150818,0.958541214466095,0.7691070437431335,-7.5667877197265625,0.11455691605806351,498.1341857910156,0.8790655732154846,0.7971042394638062,0.7606751322746277,0.43728137016296387,0.1236853078007698,511.5003967285156,0.28224536776542664,0.49695444107055664,0.5248849391937256,0.21127808094024658,0.08406427502632141,905.5383911132812,0.913716197013855,0.9120236039161682,0.8687803745269775,0.5955739617347717,5.0,0.08921732753515244,0.08735468983650208,"COMPLETE"
44,0.1299586296081543,"2025-05-16 15:33:40.378802","2025-05-16 15:33:40.827632","0 days 00:00:00.448830",16,240.0,240.0,"","",32,32.0,208.0,"","","add",0.001543932850680553,3,3,"","","","","","","","","","","","","","","","","","","","","","","","","","","","","","","","","","","","","","","","","","",0.16826140880584717,70.12472534179688,0.670640230178833,0.7191707491874695,0.7839503288269043,-0.2432408332824707,"","","","","","","","","","","","","","","","","","","","","","","","","","","","","","","","","","","","","","","","","","","","","","","","","",0.1299586296081543,"","PRUNED"
45,0.1296289563179016,"2025-05-16 15:33:40.827939","2025-05-16 15:33:41.221926","0 days 00:00:00.393987",48,192.0,256.0,"","",64,80.0,"","","","add",0.01099625900386133,3,2,"","","","","","","","","","","","","","","","","","","","","","","","","","","","","","","","","","","","","","","","","","",0.14339911937713623,42.423858642578125,0.8415899872779846,0.7861705422401428,0.8449733853340149,-0.3888225555419922,"","","","","","","","","","","","","","","","","","","","","","","","","","","","","","","","","","","","","","","","","","","","","","","","","",0.1296289563179016,"","PRUNED"
46,0.10883963108062744,"2025-05-16 15:33:41.222177","2025-05-16 15:33:41.582287","0 days 00:00:00.360110",112,240.0,"","","",80,48.0,"","","","mean",0.0009560282406159393,2,2,"","","","","","","","","","","","","","","","","","","","","","","","","","","","","","","","","","","","","","","","","","",0.14096617698669434,52.92388153076172,0.8005042672157288,0.7333896160125732,0.7352556586265564,-0.043601036071777344,"","","","","","","","","","","","","","","","","","","","","","","","","","","","","","","","","","","","","","","","","","","","","","","","","",0.10883963108062744,"","PRUNED"
47,0.10858362913131714,"2025-05-16 15:33:41.582581","2025-05-16 15:33:42.459405","0 days 00:00:00.876824",32,176.0,192.0,"","",96,16.0,"","","","add",0.002263495058254965,3,2,"","","","","","","","","","","","","","","","","","","","","","","","","","","","","","","","","","","","","","","","","","",0.12831296026706696,47.42747116088867,0.6800644397735596,0.7365926504135132,0.7958967685699463,0.09946697950363159,0.1789536327123642,2477.170654296875,0.6860460638999939,0.7180859446525574,0.8726159930229187,0.24764752388000488,0.11850672960281372,83.61915588378906,0.8159535527229309,0.8521433472633362,0.780974268913269,0.290482759475708,0.10809152573347092,45.4091682434082,0.6164387464523315,0.7340866923332214,0.8009621500968933,0.34658724069595337,"","","","","","","","","","","","","","","","","","","","","","","","","","","","","","","",0.09406867623329163,0.10858362913131714,"PRUNED"
48,0.11344517121712366,"2025-05-16 15:33:42.459708","2025-05-16 15:33:45.460760","0 days 00:00:03.001052",80,208.0,208.0,224.0,"",32,80.0,"","","","add",0.005547489151747912,4,2,0.11344517121712366,496.5638114929199,0.8618490080038707,0.8262584447860718,0.8044135967890421,0.34487297137578327,0.15513618290424347,245.58926391601562,1.0,0.9996765851974487,0.7979827523231506,0.36937081813812256,0.10849364101886749,54.256813049316406,1.0,1.0,0.9037933945655823,0.5868753492832184,0.0980183407664299,93.93181610107422,1.0,0.857081949710846,0.7850595116615295,0.3117417097091675,0.08409851044416428,68.68292236328125,0.9715828895568848,0.8456408977508545,0.8424742221832275,0.5691231191158295,0.14366823434829712,147.08615112304688,1.0,1.0,0.9528035521507263,0.5688254237174988,0.07749933749437332,98.00965881347656,0.8896675109863281,0.8399476408958435,0.8339481949806213,0.4786123037338257,0.11831832677125931,50.40552520751953,0.8379931449890137,0.8186838030815125,0.8573624491691589,0.31779688596725464,0.1654868721961975,2640.730712890625,0.7062069773674011,0.6485637426376343,0.8607263565063477,0.23629778623580933,0.1132490485906601,70.36394500732422,0.820456326007843,0.7999774217605591,0.8377404808998108,0.3197840452194214,0.10653867572546005,50.49704360961914,0.737346887588501,0.7744880318641663,0.8221209645271301,0.41319310665130615,0.09614914655685425,837.1300048828125,0.47885361313819885,0.5659305453300476,0.5895041823387146,0.14689385890960693,0.11794533580541611,1699.639892578125,1.0,0.9661372303962708,0.7305272817611694,-0.0912102460861206,0.11355092376470566,281.5234375,0.8671882152557373,0.7645370364189148,0.7488897442817688,0.3026742935180664,0.11387135088443756,341.13665771484375,0.8329201936721802,0.733282208442688,0.7161259651184082,0.267403244972229,0.08965364098548889,769.4733276367188,0.7855193614959717,0.7799295783042908,0.7871448993682861,0.37571287155151367,5.0,0.08627242594957352,0.08551794290542603,"COMPLETE"
49,0.10465819388628006,"2025-05-16 15:33:45.461190","2025-05-16 15:33:45.821075","0 days 00:00:00.359885",96,256.0,"","","",32,64.0,64.0,"","","add",0.006435638451095372,2,3,"","","","","","","","","","","","","","","","","","","","","","","","","","","","","","","","","","","","","","","","","","",0.14595617353916168,81.3702392578125,0.7004459500312805,0.7597655653953552,0.7399014234542847,0.11867392063140869,"","","","","","","","","","","","","","","","","","","","","","","","","","","","","","","","","","","","","","","","","","","","","","","","","",0.10465819388628006,"","PRUNED"
50,0.08777853101491928,"2025-05-16 15:33:45.821384","2025-05-16 15:33:46.838665","0 days 00:00:01.017281",80,192.0,208.0,224.0,"",16,80.0,"","","","add",0.004366151554462468,4,2,"","","","","","","","","","","","","","","","","","","","","","","","","","","","","","","","","","","","","","","","","","",0.11933210492134094,40.320220947265625,0.7938531637191772,0.810420572757721,0.8553122878074646,0.16298627853393555,0.17949339747428894,2921.200439453125,0.6773712635040283,0.6152051091194153,0.8519461154937744,0.21318286657333374,0.09228909760713577,65.2435531616211,0.8558204174041748,0.879359245300293,0.8824785351753235,0.5658777058124542,0.11341308802366257,56.8643913269043,0.7150213122367859,0.7388283014297485,0.8319818377494812,0.39282721281051636,"","","","","","","","","","","","","","","","","","","","","","","","","","","","","","","",0.08748459070920944,0.08777853101491928,"PRUNED"
51,0.08735724538564682,"2025-05-16 15:33:46.838952","2025-05-16 15:33:47.811667","0 days 00:00:00.972715",48,208.0,240.0,208.0,"",64,32.0,"","","","add",0.0032933579380245584,4,2,"","","","","","","","","","","","","","","","","","","","","","","","","","","","","","","","","","","","","","","","","","",0.1242297813296318,48.9239616394043,0.7493667006492615,0.7783815860748291,0.8366765379905701,0.2162119746208191,0.18589581549167633,2924.552978515625,0.6860460638999939,0.6296905279159546,0.8428345322608948,0.11697423458099365,0.09832655638456345,55.497283935546875,0.7885749340057373,0.765835702419281,0.7630690336227417,0.33721745014190674,0.10003222525119781,47.65425491333008,0.7794955372810364,0.7978201508522034,0.8263061046600342,0.46906232833862305,"","","","","","","","","","","","","","","","","","","","","","","","","","","","","","","",0.08497338742017746,0.08735724538564682,"PRUNED"
52,0.10025418549776077,"2025-05-16 15:33:47.811944","2025-05-16 15:33:48.229532","0 days 00:00:00.417588",96,224.0,224.0,256.0,"",32,48.0,"","","","add",0.011682503028836116,4,2,"","","","","","","","","","","","","","","","","","","","","","","","","","","","","","","","","","","","","","","","","","",0.12263533473014832,45.551090240478516,0.66377192735672,0.7460051774978638,0.789207935333252,0.20868921279907227,"","","","","","","","","","","","","","","","","","","","","","","","","","","","","","","","","","","","","","","","","","","","","","","","","",0.10025418549776077,"","PRUNED"
53,0.0873831957578659,"2025-05-16 15:33:48.229826","2025-05-16 15:33:49.099943","0 days 00:00:00.870117",128,208.0,256.0,"","",48,16.0,"","","","add",0.0019733105935907827,3,2,"","","","","","","","","","","","","","","","","","","","","","","","","","","","","","","","","","","","","","","","","","",0.1095486730337143,40.86094284057617,0.7233145236968994,0.7587974667549133,0.8321604132652283,0.30155032873153687,0.19480815529823303,4412.58984375,0.6074696183204651,0.6030181050300598,0.8272688388824463,0.01716601848602295,0.14653930068016052,70.95035552978516,0.7414910793304443,0.8133862614631653,0.8236533403396606,0.01370781660079956,0.10765708237886429,52.91935729980469,0.653422474861145,0.7077445387840271,0.7990472316741943,0.3777916431427002,"","","","","","","","","","","","","","","","","","","","","","","","","","","","","","","",0.08823278546333313,0.0873831957578659,"PRUNED"
54,0.09802719205617905,"2025-05-16 15:33:49.100227","2025-05-16 15:33:49.840713","0 days 00:00:00.740486",64,240.0,208.0,"","",16,"","","","","add",0.00903481804964054,3,1,"","","","","","","","","","","","","","","","","","","","","","","","","","","","","","","","","","","","","","","","","","",0.1355544924736023,56.460166931152344,0.6060535311698914,0.646018922328949,0.6789587140083313,0.0004754066467285156,0.20479683578014374,4144.77099609375,0.5746427774429321,0.567845344543457,0.8129982948303223,0.0036424994468688965,0.1292990744113922,70.35077667236328,0.27535584568977356,0.33182284235954285,0.4956793785095215,-0.25355517864227295,0.12647074460983276,63.07914733886719,0.584543764591217,0.5830559730529785,0.7201135158538818,0.18574672937393188,"","","","","","","","","","","","","","","","","","","","","","","","","","","","","","","",0.08824653923511505,0.09802719205617905,"PRUNED"
55,0.10761896520853043,"2025-05-16 15:33:49.840998","2025-05-16 15:33:50.317754","0 days 00:00:00.476756",32,224.0,240.0,112.0,"",160,64.0,224.0,"","","mean",0.006014440771061315,4,3,"","","","","","","","","","","","","","","","","","","","","","","","","","","","","","","","","","","","","","","","","","",0.14995165169239044,55.68872833251953,0.7438964247703552,0.6872498393058777,0.7429718971252441,-0.1536421775817871,"","","","","","","","","","","","","","","","","","","","","","","","","","","","","","","","","","","","","","","","","","","","","","","","","",0.10761896520853043,"","PRUNED"
56,0.09265494346618652,"2025-05-16 15:33:50.318072","2025-05-16 15:33:50.689477","0 days 00:00:00.371405",112,176.0,192.0,176.0,"",112,"","","","","add",0.0006572663811144527,4,1,"","","","","","","","","","","","","","","","","","","","","","","","","","","","","","","","","","","","","","","","","","",0.13283610343933105,62.110225677490234,0.5760765075683594,0.7237647771835327,0.6945645213127136,0.1270918846130371,"","","","","","","","","","","","","","","","","","","","","","","","","","","","","","","","","","","","","","","","","","","","","","","","","",0.09265494346618652,"","PRUNED"
57,0.10953515768051147,"2025-05-16 15:33:50.689759","2025-05-16 15:33:51.058681","0 days 00:00:00.368922",80,192.0,224.0,"","",48,96.0,"","","","add",0.0012596400722058693,3,2,"","","","","","","","","","","","","","","","","","","","","","","","","","","","","","","","","","","","","","","","","","",0.11755012720823288,42.43160629272461,0.7522108554840088,0.7913275957107544,0.8139450550079346,0.23297971487045288,"","","","","","","","","","","","","","","","","","","","","","","","","","","","","","","","","","","","","","","","","","","","","","","","","",0.10953515768051147,"","PRUNED"
