"number","value","datetime_start","datetime_complete","duration","params_decoder_layer_width_0","params_decoder_layer_width_1","params_decoder_layer_width_2","params_decoder_layer_width_3","params_decoder_layer_width_4","params_lr","params_n_decoder_layers","user_attrs_avg_mae","user_attrs_avg_mape","user_attrs_avg_ndcg10","user_attrs_avg_ndcg20","user_attrs_avg_ndcg50","user_attrs_avg_r2","user_attrs_fold10_mae","user_attrs_fold10_mape","user_attrs_fold10_ndcg10","user_attrs_fold10_ndcg20","user_attrs_fold10_ndcg50","user_attrs_fold10_r2","user_attrs_fold11_mae","user_attrs_fold11_mape","user_attrs_fold11_ndcg10","user_attrs_fold11_ndcg20","user_attrs_fold11_ndcg50","user_attrs_fold11_r2","user_attrs_fold12_mae","user_attrs_fold12_mape","user_attrs_fold12_ndcg10","user_attrs_fold12_ndcg20","user_attrs_fold12_ndcg50","user_attrs_fold12_r2","user_attrs_fold13_mae","user_attrs_fold13_mape","user_attrs_fold13_ndcg10","user_attrs_fold13_ndcg20","user_attrs_fold13_ndcg50","user_attrs_fold13_r2","user_attrs_fold14_mae","user_attrs_fold14_mape","user_attrs_fold14_ndcg10","user_attrs_fold14_ndcg20","user_attrs_fold14_ndcg50","user_attrs_fold14_r2","user_attrs_fold15_mae","user_attrs_fold15_mape","user_attrs_fold15_ndcg10","user_attrs_fold15_ndcg20","user_attrs_fold15_ndcg50","user_attrs_fold15_r2","user_attrs_fold1_mae","user_attrs_fold1_mape","user_attrs_fold1_ndcg10","user_attrs_fold1_ndcg20","user_attrs_fold1_ndcg50","user_attrs_fold1_r2","user_attrs_fold2_mae","user_attrs_fold2_mape","user_attrs_fold2_ndcg10","user_attrs_fold2_ndcg20","user_attrs_fold2_ndcg50","user_attrs_fold2_r2","user_attrs_fold3_mae","user_attrs_fold3_mape","user_attrs_fold3_ndcg10","user_attrs_fold3_ndcg20","user_attrs_fold3_ndcg50","user_attrs_fold3_r2","user_attrs_fold4_mae","user_attrs_fold4_mape","user_attrs_fold4_ndcg10","user_attrs_fold4_ndcg20","user_attrs_fold4_ndcg50","user_attrs_fold4_r2","user_attrs_fold5_mae","user_attrs_fold5_mape","user_attrs_fold5_ndcg10","user_attrs_fold5_ndcg20","user_attrs_fold5_ndcg50","user_attrs_fold5_r2","user_attrs_fold6_mae","user_attrs_fold6_mape","user_attrs_fold6_ndcg10","user_attrs_fold6_ndcg20","user_attrs_fold6_ndcg50","user_attrs_fold6_r2","user_attrs_fold7_mae","user_attrs_fold7_mape","user_attrs_fold7_ndcg10","user_attrs_fold7_ndcg20","user_attrs_fold7_ndcg50","user_attrs_fold7_r2","user_attrs_fold8_mae","user_attrs_fold8_mape","user_attrs_fold8_ndcg10","user_attrs_fold8_ndcg20","user_attrs_fold8_ndcg50","user_attrs_fold8_r2","user_attrs_fold9_mae","user_attrs_fold9_mape","user_attrs_fold9_ndcg10","user_attrs_fold9_ndcg20","user_attrs_fold9_ndcg50","user_attrs_fold9_r2","user_attrs_pca_components","system_attrs_completed_rung_0","system_attrs_completed_rung_1","state"
98,0.14749340415000917,"2025-05-16 16:01:38.410748","2025-05-16 16:01:40.770575","0 days 00:00:02.359827",208,240.0,176.0,96.0,208.0,0.0023028905418023284,5,0.14749340415000917,518.8897323608398,0.3316047581533591,0.3860810731848081,0.4498245596885681,-0.10234699646631877,0.19995957612991333,266.183837890625,0.04123121127486229,0.15438607335090637,0.17193517088890076,-0.13249194622039795,0.1738555133342743,69.8653564453125,0.5881813764572144,0.46269741654396057,0.4146522879600525,-0.26829004287719727,0.12439247220754623,249.16793823242188,0.3525538742542267,0.31832751631736755,0.33303558826446533,0.06084197759628296,0.11287125945091248,97.80147552490234,0.5390612483024597,0.6093697547912598,0.6166063547134399,0.016103684902191162,0.23250135779380798,146.08375549316406,0.6448846459388733,0.4885618984699249,0.49638962745666504,-0.29845285415649414,0.11392735689878464,199.8492889404297,0.15297308564186096,0.2564942538738251,0.3297155201435089,-0.014820337295532227,0.14187148213386536,49.90705871582031,0.6940376162528992,0.6716428995132446,0.6510094404220581,-0.17759716510772705,0.2369973361492157,2460.98681640625,0.30465373396873474,0.30519136786460876,0.6133601665496826,-0.4745858907699585,0.13707591593265533,75.99126434326172,0.13840505480766296,0.4285581409931183,0.5214288830757141,-0.22467172145843506,0.13602150976657867,86.73551177978516,0.5550335645675659,0.6520934104919434,0.6181783676147461,0.15446025133132935,0.11027681827545166,798.8837280273438,0.10912596434354782,0.18029269576072693,0.2627260684967041,-0.28276169300079346,0.11147933453321457,1438.0526123046875,0.05990580469369888,0.10403720289468765,0.12465351819992065,-0.18350279331207275,0.1382472664117813,407.26495361328125,0.1754700392484665,0.3162817358970642,0.485946387052536,0.07961410284042358,0.1338190883398056,639.8284912109375,0.11784455925226212,0.15758226811885834,0.3558028042316437,0.029764115810394287,0.10910477489233017,796.743896484375,0.500709593296051,0.685699462890625,0.7519282102584839,0.18118536472320557,5.0,0.10536903887987137,0.10706917941570282,"COMPLETE"
99,0.11156415194272995,"2025-05-16 16:01:40.771010","2025-05-16 16:01:41.058347","0 days 00:00:00.287337",208,256.0,176.0,"","",0.0027324487554131758,3,"","","","","","","","","","","","","","","","","","","","","","","","","","","","","","","","","","","","","","","","","","",0.15665003657341003,56.19915008544922,0.5925706624984741,0.6314685344696045,0.6207259893417358,-0.30668938159942627,"","","","","","","","","","","","","","","","","","","","","","","","","","","","","","","","","","","","","","","","","","","","","","","","","",0.11156415194272995,"","PRUNED"
