"number","value","datetime_start","datetime_complete","duration","params_decoder_layer_width_0","params_decoder_layer_width_1","params_decoder_layer_width_2","params_decoder_layer_width_3","params_decoder_layer_width_4","params_lr","params_n_decoder_layers","user_attrs_avg_mae","user_attrs_avg_mape","user_attrs_avg_ndcg10","user_attrs_avg_ndcg20","user_attrs_avg_ndcg50","user_attrs_avg_r2","user_attrs_fold10_mae","user_attrs_fold10_mape","user_attrs_fold10_ndcg10","user_attrs_fold10_ndcg20","user_attrs_fold10_ndcg50","user_attrs_fold10_r2","user_attrs_fold11_mae","user_attrs_fold11_mape","user_attrs_fold11_ndcg10","user_attrs_fold11_ndcg20","user_attrs_fold11_ndcg50","user_attrs_fold11_r2","user_attrs_fold12_mae","user_attrs_fold12_mape","user_attrs_fold12_ndcg10","user_attrs_fold12_ndcg20","user_attrs_fold12_ndcg50","user_attrs_fold12_r2","user_attrs_fold13_mae","user_attrs_fold13_mape","user_attrs_fold13_ndcg10","user_attrs_fold13_ndcg20","user_attrs_fold13_ndcg50","user_attrs_fold13_r2","user_attrs_fold14_mae","user_attrs_fold14_mape","user_attrs_fold14_ndcg10","user_attrs_fold14_ndcg20","user_attrs_fold14_ndcg50","user_attrs_fold14_r2","user_attrs_fold15_mae","user_attrs_fold15_mape","user_attrs_fold15_ndcg10","user_attrs_fold15_ndcg20","user_attrs_fold15_ndcg50","user_attrs_fold15_r2","user_attrs_fold1_mae","user_attrs_fold1_mape","user_attrs_fold1_ndcg10","user_attrs_fold1_ndcg20","user_attrs_fold1_ndcg50","user_attrs_fold1_r2","user_attrs_fold2_mae","user_attrs_fold2_mape","user_attrs_fold2_ndcg10","user_attrs_fold2_ndcg20","user_attrs_fold2_ndcg50","user_attrs_fold2_r2","user_attrs_fold3_mae","user_attrs_fold3_mape","user_attrs_fold3_ndcg10","user_attrs_fold3_ndcg20","user_attrs_fold3_ndcg50","user_attrs_fold3_r2","user_attrs_fold4_mae","user_attrs_fold4_mape","user_attrs_fold4_ndcg10","user_attrs_fold4_ndcg20","user_attrs_fold4_ndcg50","user_attrs_fold4_r2","user_attrs_fold5_mae","user_attrs_fold5_mape","user_attrs_fold5_ndcg10","user_attrs_fold5_ndcg20","user_attrs_fold5_ndcg50","user_attrs_fold5_r2","user_attrs_fold6_mae","user_attrs_fold6_mape","user_attrs_fold6_ndcg10","user_attrs_fold6_ndcg20","user_attrs_fold6_ndcg50","user_attrs_fold6_r2","user_attrs_fold7_mae","user_attrs_fold7_mape","user_attrs_fold7_ndcg10","user_attrs_fold7_ndcg20","user_attrs_fold7_ndcg50","user_attrs_fold7_r2","user_attrs_fold8_mae","user_attrs_fold8_mape","user_attrs_fold8_ndcg10","user_attrs_fold8_ndcg20","user_attrs_fold8_ndcg50","user_attrs_fold8_r2","user_attrs_fold9_mae","user_attrs_fold9_mape","user_attrs_fold9_ndcg10","user_attrs_fold9_ndcg20","user_attrs_fold9_ndcg50","user_attrs_fold9_r2","user_attrs_pca_components","system_attrs_completed_rung_0","system_attrs_completed_rung_1","state"
41,0.11307258158922195,"2025-05-16 16:00:53.032309","2025-05-16 16:00:53.795224","0 days 00:00:00.762915",224,160.0,80.0,32.0,160.0,0.0016407105264112263,5,"","","","","","","","","","","","","","","","","","","","","","","","","","","","","","","","","","","","","","","","","","",0.1779734492301941,63.061981201171875,0.6808973550796509,0.6898964643478394,0.6723542809486389,-0.6148560047149658,0.2220536768436432,1933.7705078125,0.5011110305786133,0.58558589220047,0.7992609739303589,-0.30804407596588135,0.13701167702674866,61.23302459716797,0.5278041362762451,0.5889258980751038,0.642724335193634,-0.2835872173309326,0.15805329382419586,63.099586486816406,0.40664058923721313,0.4801377058029175,0.6090313792228699,-0.3444863557815552,"","","","","","","","","","","","","","","","","","","","","","","","","","","","","","","",0.1084069311618805,0.11307258158922195,"PRUNED"
42,0.1508120507001877,"2025-05-16 16:00:53.795513","2025-05-16 16:00:56.083735","0 days 00:00:02.288222",256,224.0,32.0,48.0,192.0,0.001444946577083098,5,0.1508120507001877,479.16843694051107,0.27229341119527817,0.314120984574159,0.4006619224945704,-0.16957764228185018,0.199508398771286,266.1022033691406,0.19119003415107727,0.13877151906490326,0.1300576627254486,-0.16578078269958496,0.18349280953407288,62.07284927368164,0.5881813764572144,0.4680207073688507,0.4246179461479187,-0.4071512222290039,0.12356662005186081,232.0914306640625,0.3513335585594177,0.3208083510398865,0.3332124650478363,-0.009740948677062988,0.11797481775283813,86.62238311767578,0.23267990350723267,0.22816507518291473,0.27200576663017273,-0.15315544605255127,0.23723700642585754,193.45423889160156,0.12750904262065887,0.14813946187496185,0.21204234659671783,-0.2887613773345947,0.13189423084259033,259.2508850097656,0.23020704090595245,0.27473390102386475,0.3211173415184021,-0.14150285720825195,0.1412675678730011,55.152278900146484,0.6020644903182983,0.6444850564002991,0.6954667568206787,-0.07366657257080078,0.237832173705101,2312.701904296875,0.289439857006073,0.35945209860801697,0.6135421991348267,-0.46922147274017334,0.1514175534248352,62.495792388916016,0.2716413736343384,0.48869994282722473,0.5855602622032166,-0.5234205722808838,0.15762893855571747,60.560829162597656,0.25903192162513733,0.4707889258861542,0.6034813523292542,-0.3563652038574219,0.10726472735404968,859.087646484375,0.1341918408870697,0.1952759176492691,0.29127517342567444,-0.09721589088439941,0.09964747726917267,1299.50537109375,0.06499547511339188,0.09734737128019333,0.1349981427192688,0.05584681034088135,0.13031499087810516,312.4533386230469,0.2716662287712097,0.241238072514534,0.4864395558834076,0.045154452323913574,0.13004136085510254,545.10888671875,0.15452563762664795,0.3019377291202545,0.44200700521469116,0.04878050088882446,0.1130920872092247,580.8665161132812,0.3157433867454529,0.33395063877105713,0.46410486102104187,-0.007464051246643066,5.0,0.10784582048654556,0.1100432425737381,"COMPLETE"
43,0.11235842108726501,"2025-05-16 16:00:56.084136","2025-05-16 16:00:56.386709","0 days 00:00:00.302573",240,176.0,16.0,256.0,48.0,0.0006068444004447462,5,"","","","","","","","","","","","","","","","","","","","","","","","","","","","","","","","","","","","","","","","","","",0.18478839099407196,67.43658447265625,0.6203545928001404,0.6639567017555237,0.7117941975593567,-0.6555317640304565,"","","","","","","","","","","","","","","","","","","","","","","","","","","","","","","","","","","","","","","","","","","","","","","","","",0.11235842108726501,"","PRUNED"
44,0.11478947103023529,"2025-05-16 16:00:56.386963","2025-05-16 16:00:56.664522","0 days 00:00:00.277559",96,144.0,64.0,80.0,112.0,0.002303959321537956,5,"","","","","","","","","","","","","","","","","","","","","","","","","","","","","","","","","","","","","","","","","","",0.15041588246822357,51.6324348449707,0.4950130879878998,0.5634316802024841,0.5590249300003052,-0.3052687644958496,"","","","","","","","","","","","","","","","","","","","","","","","","","","","","","","","","","","","","","","","","","","","","","","","","",0.11478947103023529,"","PRUNED"
45,0.1114739179611206,"2025-05-16 16:00:56.664773","2025-05-16 16:00:56.917574","0 days 00:00:00.252801",256,208.0,48.0,"","",0.0003276754965759693,3,"","","","","","","","","","","","","","","","","","","","","","","","","","","","","","","","","","","","","","","","","","",0.15870201587677002,54.323829650878906,0.6780673861503601,0.6713019609451294,0.7112980484962463,-0.37417006492614746,"","","","","","","","","","","","","","","","","","","","","","","","","","","","","","","","","","","","","","","","","","","","","","","","","",0.1114739179611206,"","PRUNED"
46,0.11398471891880035,"2025-05-16 16:00:56.917834","2025-05-16 16:00:57.483150","0 days 00:00:00.565316",224,80.0,80.0,"","",0.0007780394770864268,3,"","","","","","","","","","","","","","","","","","","","","","","","","","","","","","","","","","","","","","","","","","",0.16339856386184692,57.14674758911133,0.6383824348449707,0.6538324952125549,0.642970621585846,-0.4099539518356323,0.22387848794460297,1811.5902099609375,0.5684499144554138,0.5291580557823181,0.8021750450134277,-0.3438711166381836,0.140574648976326,59.5400505065918,0.6227849125862122,0.6450771689414978,0.6871819496154785,-0.3458287715911865,0.13549832999706268,53.50999069213867,0.4714115560054779,0.6270894408226013,0.6715661287307739,-0.10021305084228516,"","","","","","","","","","","","","","","","","","","","","","","","","","","","","","","",0.10938576608896255,0.11398471891880035,"PRUNED"
47,0.11142440885305405,"2025-05-16 16:00:57.483401","2025-05-16 16:00:58.252929","0 days 00:00:00.769528",208,240.0,128.0,16.0,144.0,0.0039556472495669405,5,"","","","","","","","","","","","","","","","","","","","","","","","","","","","","","","","","","","","","","","","","","",0.1400785595178604,53.92131042480469,0.5865161418914795,0.6309930086135864,0.6485165953636169,-0.0649099349975586,0.23254598677158356,2552.3916015625,0.2863776683807373,0.3774687349796295,0.6088549494743347,-0.4156914949417114,0.16047310829162598,72.2487564086914,0.24738839268684387,0.3600822687149048,0.5370093584060669,-0.5655645132064819,0.1509532481431961,64.1642837524414,0.36733394861221313,0.5147715210914612,0.6021233797073364,-0.13527214527130127,"","","","","","","","","","","","","","","","","","","","","","","","","","","","","","","",0.10816358774900436,0.11142440885305405,"PRUNED"
48,0.11490222811698914,"2025-05-16 16:00:58.253183","2025-05-16 16:00:58.554190","0 days 00:00:00.301007",224,192.0,16.0,224.0,"",0.0004504814820330609,4,"","","","","","","","","","","","","","","","","","","","","","","","","","","","","","","","","","","","","","","","","","",0.16690783202648163,58.958168029785156,0.677730143070221,0.6597477197647095,0.6735007166862488,-0.44146525859832764,"","","","","","","","","","","","","","","","","","","","","","","","","","","","","","","","","","","","","","","","","","","","","","","","","",0.11490222811698914,"","PRUNED"
49,0.11890736222267151,"2025-05-16 16:00:58.554432","2025-05-16 16:00:58.880056","0 days 00:00:00.325624",144,256.0,96.0,112.0,32.0,0.058007697972708404,5,"","","","","","","","","","","","","","","","","","","","","","","","","","","","","","","","","","","","","","","","","","",0.15609833598136902,52.14178466796875,0.524841845035553,0.5194395184516907,0.5919168591499329,-0.41204142570495605,"","","","","","","","","","","","","","","","","","","","","","","","","","","","","","","","","","","","","","","","","","","","","","","","","",0.11890736222267151,"","PRUNED"
50,0.14739787429571152,"2025-05-16 16:00:58.880309","2025-05-16 16:01:00.894705","0 days 00:00:02.014396",256,128.0,160.0,64.0,"",0.007711012239856154,4,0.14739787429571152,459.76533762613934,0.2829401145378749,0.29446917176246645,0.38373192250728605,-0.13429565827051798,0.1967703402042389,207.93797302246094,0.2361784130334854,0.1902308613061905,0.20911484956741333,-0.21780478954315186,0.18232746422290802,65.39286041259766,0.12956123054027557,0.1397717148065567,0.2524058222770691,-0.40276777744293213,0.12389601022005081,225.2291259765625,0.06294012069702148,0.06282561272382736,0.10546857118606567,-0.050220489501953125,0.11795461177825928,91.93962860107422,0.23982428014278412,0.22946426272392273,0.2749025225639343,-0.1319897174835205,0.23389291763305664,153.25753784179688,0.6518881916999817,0.4339050352573395,0.48279285430908203,-0.3095123767852783,0.12582595646381378,239.36285400390625,0.2527115046977997,0.25095075368881226,0.3493931293487549,-0.08313822746276855,0.14339737594127655,55.33159255981445,0.513577401638031,0.5860836505889893,0.5591539740562439,-0.15752649307250977,0.23292702436447144,2298.83740234375,0.25077760219573975,0.3846794068813324,0.6052836179733276,-0.4500371217727661,0.12874260544776917,54.96767044067383,0.3275986313819885,0.3697649836540222,0.487949013710022,-0.3151073455810547,0.13665322959423065,60.772705078125,0.5344594717025757,0.5719205141067505,0.6632106900215149,0.1133926510810852,0.10752307623624802,614.1500244140625,0.10593918710947037,0.1369195133447647,0.23576697707176208,-0.23839783668518066,0.09413022547960281,1120.26171875,0.05990580469369888,0.09756217151880264,0.1329742819070816,0.08189839124679565,0.14385409653186798,429.2638854980469,0.15158969163894653,0.20418646931648254,0.35431626439094543,-0.019168972969055176,0.13100522756576538,550.2474975585938,0.2161683291196823,0.17829538881778717,0.3586490750312805,0.017842471599578857,0.11206795275211334,729.527587890625,0.5109818577766418,0.580477237701416,0.6845971941947937,0.1481027603149414,5.0,0.10938394069671631,0.11014124751091003,"COMPLETE"
51,0.10963401198387146,"2025-05-16 16:01:00.895100","2025-05-16 16:01:01.191299","0 days 00:00:00.296199",256,128.0,160.0,64.0,"",0.008605900358670886,4,"","","","","","","","","","","","","","","","","","","","","","","","","","","","","","","","","","","","","","","","","","",0.14069348573684692,55.11184310913086,0.5173751711845398,0.5829774141311646,0.575931966304779,-0.08739972114562988,"","","","","","","","","","","","","","","","","","","","","","","","","","","","","","","","","","","","","","","","","","","","","","","","","",0.10963401198387146,"","PRUNED"
52,0.1129688248038292,"2025-05-16 16:01:01.191547","2025-05-16 16:01:01.798369","0 days 00:00:00.606822",240,112.0,192.0,"","",0.014867324577735892,3,"","","","","","","","","","","","","","","","","","","","","","","","","","","","","","","","","","","","","","","","","","",0.18734773993492126,63.6761360168457,0.3079359233379364,0.3392367362976074,0.38500848412513733,-0.8238005638122559,0.21727986633777618,2230.983642578125,0.3914776146411896,0.4622535705566406,0.6656836867332458,-0.29761648178100586,0.13235250115394592,62.708282470703125,0.49049362540245056,0.49381500482559204,0.5537263751029968,-0.2775031328201294,0.1466991901397705,70.21502685546875,0.5550335645675659,0.6309341788291931,0.6361273527145386,-0.07635712623596191,"","","","","","","","","","","","","","","","","","","","","","","","","","","","","","","",0.10922927409410477,0.1129688248038292,"PRUNED"
53,0.11060820519924164,"2025-05-16 16:01:01.798681","2025-05-16 16:01:02.127831","0 days 00:00:00.329150",256,144.0,160.0,48.0,224.0,0.0027677034962390323,5,"","","","","","","","","","","","","","","","","","","","","","","","","","","","","","","","","","","","","","","","","","",0.1578269898891449,56.39492416381836,0.7126215100288391,0.6770452260971069,0.679972767829895,-0.32057881355285645,"","","","","","","","","","","","","","","","","","","","","","","","","","","","","","","","","","","","","","","","","","","","","","","","","",0.11060820519924164,"","PRUNED"
54,0.11145990341901779,"2025-05-16 16:01:02.128085","2025-05-16 16:01:02.355592","0 days 00:00:00.227507",240,96.0,"","","",0.007834879108799134,2,"","","","","","","","","","","","","","","","","","","","","","","","","","","","","","","","","","","","","","","","","","",0.18320152163505554,67.65628051757812,0.695561408996582,0.6923899054527283,0.6805408000946045,-0.6173943281173706,"","","","","","","","","","","","","","","","","","","","","","","","","","","","","","","","","","","","","","","","","","","","","","","","","",0.11145990341901779,"","PRUNED"
55,0.11427678912878036,"2025-05-16 16:01:02.355836","2025-05-16 16:01:03.149995","0 days 00:00:00.794159",224,160.0,256.0,96.0,96.0,0.004707896971126927,5,"","","","","","","","","","","","","","","","","","","","","","","","","","","","","","","","","","","","","","","","","","",0.1546369343996048,54.85566329956055,0.1961030215024948,0.2524973154067993,0.3628571033477783,-0.36617064476013184,0.2357836216688156,1873.9417724609375,0.3171224594116211,0.4136751890182495,0.6405481696128845,-0.46620774269104004,0.149675190448761,65.51152801513672,0.48283651471138,0.5123968720436096,0.6084693074226379,-0.4546988010406494,0.14728568494319916,76.91735076904297,0.42985063791275024,0.5879539847373962,0.5925044417381287,0.017713308334350586,"","","","","","","","","","","","","","","","","","","","","","","","","","","","","","","",0.10696496814489365,0.11427678912878036,"PRUNED"
56,0.14641727209091188,"2025-05-16 16:01:03.150248","2025-05-16 16:01:05.188447","0 days 00:00:02.038199",192,224.0,176.0,64.0,"",0.0013624932188853976,4,0.14641727209091188,489.49099451700846,0.29952339778343834,0.3293988734483719,0.4220182736714681,-0.11945927143096924,0.19873055815696716,257.25396728515625,0.12538960576057434,0.17913661897182465,0.17387127876281738,-0.15535128116607666,0.18539521098136902,65.50223541259766,0.1426171362400055,0.14367429912090302,0.2513272762298584,-0.4580698013305664,0.12418421357870102,244.21568298339844,0.3072066307067871,0.2506668269634247,0.31002506613731384,0.03738510608673096,0.11595173180103302,89.54692077636719,0.46488919854164124,0.5561750531196594,0.467894583940506,-0.07775390148162842,0.23316550254821777,178.79151916503906,0.6602584719657898,0.4673357307910919,0.5650911331176758,-0.2544156312942505,0.1028745099902153,148.36773681640625,0.13781146705150604,0.16564616560935974,0.28381824493408203,-0.02163827419281006,0.16646137833595276,58.37372970581055,0.6639378666877747,0.6626083850860596,0.6608591675758362,-0.4513493776321411,0.22582674026489258,2308.8955078125,0.37149131298065186,0.37148037552833557,0.6392616033554077,-0.3656501770019531,0.12742792069911957,62.274742126464844,0.31909728050231934,0.3715507388114929,0.5822893977165222,-0.18928635120391846,0.13672608137130737,67.0758285522461,0.4894425570964813,0.6203646063804626,0.6373563408851624,0.1007797122001648,0.10595192760229111,753.4453125,0.08989149332046509,0.16841907799243927,0.2624411880970001,-0.1413438320159912,0.0966564491391182,1134.6064453125,0.07835584133863449,0.10600759088993073,0.1263171136379242,0.011239290237426758,0.13692902028560638,378.3596496582031,0.16057704389095306,0.2111431211233139,0.336922287940979,-0.03721630573272705,0.13741855323314667,716.6181640625,0.25494760274887085,0.25975027680397034,0.37343794107437134,-0.01354968547821045,0.10255928337574005,879.0374755859375,0.2269374579191208,0.40702423453330994,0.6593614816665649,0.22433143854141235,5.0,0.10862813889980316,0.11023610085248947,"COMPLETE"
57,0.11173098534345627,"2025-05-16 16:01:05.189143","2025-05-16 16:01:05.900642","0 days 00:00:00.711499",144,224.0,176.0,64.0,"",0.0012991194344548656,4,"","","","","","","","","","","","","","","","","","","","","","","","","","","","","","","","","","","","","","","","","","",0.14015713334083557,57.586936950683594,0.5734573602676392,0.6367251873016357,0.6047061085700989,-0.03875112533569336,0.2345629185438156,2194.99267578125,0.3264303505420685,0.4633341431617737,0.650539755821228,-0.4036916494369507,0.1322607547044754,58.9859619140625,0.29210591316223145,0.43113428354263306,0.5763866901397705,-0.30700719356536865,0.13512654602527618,60.83696365356445,0.5573335886001587,0.6650111079216003,0.6415761709213257,-0.019480109214782715,"","","","","","","","","","","","","","","","","","","","","","","","","","","","","","","",0.10588682442903519,0.11173098534345627,"PRUNED"
58,0.11364197731018066,"2025-05-16 16:01:05.900953","2025-05-16 16:01:06.213304","0 days 00:00:00.312351",176,240.0,144.0,80.0,"",0.0008405808251144653,4,"","","","","","","","","","","","","","","","","","","","","","","","","","","","","","","","","","","","","","","","","","",0.15240977704524994,52.768348693847656,0.7236771583557129,0.675575852394104,0.6823452115058899,-0.2968916893005371,"","","","","","","","","","","","","","","","","","","","","","","","","","","","","","","","","","","","","","","","","","","","","","","","","",0.11364197731018066,"","PRUNED"
59,0.11292523145675659,"2025-05-16 16:01:06.213585","2025-05-16 16:01:06.501111","0 days 00:00:00.287526",192,208.0,192.0,"","",0.013913504136128881,3,"","","","","","","","","","","","","","","","","","","","","","","","","","","","","","","","","","","","","","","","","","",0.16334490478038788,53.95281219482422,0.3079359233379364,0.3461705148220062,0.5458842515945435,-0.5554804801940918,"","","","","","","","","","","","","","","","","","","","","","","","","","","","","","","","","","","","","","","","","","","","","","","","","",0.11292523145675659,"","PRUNED"
60,0.11268279701471329,"2025-05-16 16:01:06.501370","2025-05-16 16:01:06.799562","0 days 00:00:00.298192",256,256.0,176.0,"","",0.00016939944116412602,3,"","","","","","","","","","","","","","","","","","","","","","","","","","","","","","","","","","","","","","","","","","",0.16199539601802826,56.695430755615234,0.588436484336853,0.6486642956733704,0.6990282535552979,-0.38180840015411377,"","","","","","","","","","","","","","","","","","","","","","","","","","","","","","","","","","","","","","","","","","","","","","","","","",0.11268279701471329,"","PRUNED"
61,0.11351385712623596,"2025-05-16 16:01:06.799817","2025-05-16 16:01:07.106671","0 days 00:00:00.306854",240,224.0,128.0,32.0,"",0.0019901275731251567,4,"","","","","","","","","","","","","","","","","","","","","","","","","","","","","","","","","","","","","","","","","","",0.1468561440706253,51.517669677734375,0.5467269420623779,0.5852611064910889,0.5534024238586426,-0.25340962409973145,"","","","","","","","","","","","","","","","","","","","","","","","","","","","","","","","","","","","","","","","","","","","","","","","","",0.11351385712623596,"","PRUNED"
