"number","value","datetime_start","datetime_complete","duration","params_decoder_layer_width_0","params_decoder_layer_width_1","params_decoder_layer_width_2","params_decoder_layer_width_3","params_decoder_layer_width_4","params_encoder_layer_width_0","params_encoder_layer_width_1","params_encoder_layer_width_2","params_encoder_layer_width_3","params_encoder_layer_width_4","params_gatv2_dropout","params_gatv2_heads","params_lr","params_n_decoder_layers","params_n_encoder_layers","user_attrs_avg_mae","user_attrs_avg_mape","user_attrs_avg_ndcg10","user_attrs_avg_ndcg20","user_attrs_avg_ndcg50","user_attrs_avg_r2","user_attrs_fold10_mae","user_attrs_fold10_mape","user_attrs_fold10_ndcg10","user_attrs_fold10_ndcg20","user_attrs_fold10_ndcg50","user_attrs_fold10_r2","user_attrs_fold11_mae","user_attrs_fold11_mape","user_attrs_fold11_ndcg10","user_attrs_fold11_ndcg20","user_attrs_fold11_ndcg50","user_attrs_fold11_r2","user_attrs_fold12_mae","user_attrs_fold12_mape","user_attrs_fold12_ndcg10","user_attrs_fold12_ndcg20","user_attrs_fold12_ndcg50","user_attrs_fold12_r2","user_attrs_fold13_mae","user_attrs_fold13_mape","user_attrs_fold13_ndcg10","user_attrs_fold13_ndcg20","user_attrs_fold13_ndcg50","user_attrs_fold13_r2","user_attrs_fold14_mae","user_attrs_fold14_mape","user_attrs_fold14_ndcg10","user_attrs_fold14_ndcg20","user_attrs_fold14_ndcg50","user_attrs_fold14_r2","user_attrs_fold15_mae","user_attrs_fold15_mape","user_attrs_fold15_ndcg10","user_attrs_fold15_ndcg20","user_attrs_fold15_ndcg50","user_attrs_fold15_r2","user_attrs_fold1_mae","user_attrs_fold1_mape","user_attrs_fold1_ndcg10","user_attrs_fold1_ndcg20","user_attrs_fold1_ndcg50","user_attrs_fold1_r2","user_attrs_fold2_mae","user_attrs_fold2_mape","user_attrs_fold2_ndcg10","user_attrs_fold2_ndcg20","user_attrs_fold2_ndcg50","user_attrs_fold2_r2","user_attrs_fold3_mae","user_attrs_fold3_mape","user_attrs_fold3_ndcg10","user_attrs_fold3_ndcg20","user_attrs_fold3_ndcg50","user_attrs_fold3_r2","user_attrs_fold4_mae","user_attrs_fold4_mape","user_attrs_fold4_ndcg10","user_attrs_fold4_ndcg20","user_attrs_fold4_ndcg50","user_attrs_fold4_r2","user_attrs_fold5_mae","user_attrs_fold5_mape","user_attrs_fold5_ndcg10","user_attrs_fold5_ndcg20","user_attrs_fold5_ndcg50","user_attrs_fold5_r2","user_attrs_fold6_mae","user_attrs_fold6_mape","user_attrs_fold6_ndcg10","user_attrs_fold6_ndcg20","user_attrs_fold6_ndcg50","user_attrs_fold6_r2","user_attrs_fold7_mae","user_attrs_fold7_mape","user_attrs_fold7_ndcg10","user_attrs_fold7_ndcg20","user_attrs_fold7_ndcg50","user_attrs_fold7_r2","user_attrs_fold8_mae","user_attrs_fold8_mape","user_attrs_fold8_ndcg10","user_attrs_fold8_ndcg20","user_attrs_fold8_ndcg50","user_attrs_fold8_r2","user_attrs_fold9_mae","user_attrs_fold9_mape","user_attrs_fold9_ndcg10","user_attrs_fold9_ndcg20","user_attrs_fold9_ndcg50","user_attrs_fold9_r2","user_attrs_pca_components","system_attrs_completed_rung_0","system_attrs_completed_rung_1","state"
35,0.11714570224285126,"2025-05-16 15:37:35.329287","2025-05-16 15:37:36.764783","0 days 00:00:01.435496",208,112.0,"","","",32,112.0,"","","",0.5,9,0.000182711459152397,2,2,"","","","","","","","","","","","","","","","","","","","","","","","","","","","","","","","","","","","","","","","","","",0.2133198082447052,83.04135131835938,0.5752469897270203,0.6399512887001038,0.6367805600166321,-0.9881988763809204,"","","","","","","","","","","","","","","","","","","","","","","","","","","","","","","","","","","","","","","","","","","","","","","","","",0.11714570224285126,"","PRUNED"
36,0.1160641610622406,"2025-05-16 15:37:36.765052","2025-05-16 15:37:37.560611","0 days 00:00:00.795559",176,128.0,240.0,240.0,"",64,"","","","",0.1,8,0.000268933554640942,4,1,"","","","","","","","","","","","","","","","","","","","","","","","","","","","","","","","","","","","","","","","","","",0.18677380681037903,69.55176544189453,0.6430720090866089,0.6102073788642883,0.685777485370636,-0.6736990213394165,"","","","","","","","","","","","","","","","","","","","","","","","","","","","","","","","","","","","","","","","","","","","","","","","","",0.1160641610622406,"","PRUNED"
37,0.11867433041334152,"2025-05-16 15:37:37.560880","2025-05-16 15:37:38.262386","0 days 00:00:00.701506",128,64.0,160.0,240.0,16.0,112,"","","","",0.4,4,0.0022721665263979716,5,1,"","","","","","","","","","","","","","","","","","","","","","","","","","","","","","","","","","","","","","","","","","",0.18851995468139648,69.81660461425781,0.7919912338256836,0.7196158766746521,0.6982386112213135,-0.6966922283172607,"","","","","","","","","","","","","","","","","","","","","","","","","","","","","","","","","","","","","","","","","","","","","","","","","",0.11867433041334152,"","PRUNED"
38,0.11581699550151825,"2025-05-16 15:37:38.262691","2025-05-16 15:37:39.578920","0 days 00:00:01.316229",224,208.0,192.0,"","",16,160.0,"","","",0.0,6,0.0035826808867069323,3,2,"","","","","","","","","","","","","","","","","","","","","","","","","","","","","","","","","","","","","","","","","","",0.14515022933483124,48.58717727661133,0.8831011056900024,0.7527952790260315,0.7073351144790649,-0.25739240646362305,"","","","","","","","","","","","","","","","","","","","","","","","","","","","","","","","","","","","","","","","","","","","","","","","","",0.11581699550151825,"","PRUNED"
39,0.11751600354909897,"2025-05-16 15:37:39.579210","2025-05-16 15:37:43.286874","0 days 00:00:03.707664",80,176.0,240.0,"","",80,240.0,80.0,"","",0.1,11,0.00011057412450243496,3,3,"","","","","","","","","","","","","","","","","","","","","","","","","","","","","","","","","","","","","","","","","","",0.1790015995502472,61.64759826660156,0.354034960269928,0.3358476459980011,0.5488452911376953,-0.6842964887619019,"","","","","","","","","","","","","","","","","","","","","","","","","","","","","","","","","","","","","","","","","","","","","","","","","",0.11751600354909897,"","PRUNED"
40,0.1121380552649498,"2025-05-16 15:37:43.287169","2025-05-16 15:37:45.134985","0 days 00:00:01.847816",144,144.0,240.0,192.0,"",224,"","","","",0.2,2,0.008737102375782783,4,1,"","","","","","","","","","","","","","","","","","","","","","","","","","","","","","","","","","","","","","","","","","",0.17290274798870087,76.1346435546875,0.9114226698875427,0.7542824745178223,0.7369489669799805,-0.2788214683532715,0.2112167328596115,2318.948486328125,0.34216469526290894,0.4859711825847626,0.6658148765563965,-0.15208232402801514,0.18620894849300385,83.171142578125,0.08221293240785599,0.15976977348327637,0.29537233710289,-0.9728080034255981,0.15669932961463928,89.88680267333984,0.1703796088695526,0.2609843909740448,0.5193707346916199,-0.23067843914031982,"","","","","","","","","","","","","","","","","","","","","","","","","","","","","","","",0.11008995771408081,0.1121380552649498,"PRUNED"
41,0.10945076495409012,"2025-05-16 15:37:45.135319","2025-05-16 15:37:46.475350","0 days 00:00:01.340031",160,160.0,256.0,256.0,"",16,"","","","",0.1,4,0.0008241347050944468,4,1,"","","","","","","","","","","","","","","","","","","","","","","","","","","","","","","","","","","","","","","","","","",0.14371660351753235,65.22240447998047,0.7771458029747009,0.7082532644271851,0.7176931500434875,0.04303079843521118,0.2458651214838028,3829.264892578125,0.2984117567539215,0.42867031693458557,0.6278101801872253,-0.26452410221099854,0.18778926134109497,87.29019927978516,0.7574197053909302,0.6627721190452576,0.6680427193641663,-0.8477559089660645,0.1444540023803711,103.97492980957031,0.8596106171607971,0.7459394931793213,0.7521901726722717,0.16301047801971436,"","","","","","","","","","","","","","","","","","","","","","","","","","","","","","","",0.10428740084171295,0.10945076495409012,"PRUNED"
42,0.1143169179558754,"2025-05-16 15:37:46.475680","2025-05-16 15:37:47.074348","0 days 00:00:00.598668",160,160.0,256.0,240.0,"",32,"","","","",0.1,5,0.0005386249299605439,4,1,"","","","","","","","","","","","","","","","","","","","","","","","","","","","","","","","","","","","","","","","","","",0.14953427016735077,69.89630889892578,0.6604652404785156,0.6750044226646423,0.6686140298843384,0.03084951639175415,"","","","","","","","","","","","","","","","","","","","","","","","","","","","","","","","","","","","","","","","","","","","","","","","","",0.1143169179558754,"","PRUNED"
43,0.11031347513198853,"2025-05-16 15:37:47.074756","2025-05-16 15:37:48.440840","0 days 00:00:01.366084",192,192.0,240.0,256.0,"",48,"","","","",0.1,1,0.0007748947992192874,4,1,"","","","","","","","","","","","","","","","","","","","","","","","","","","","","","","","","","","","","","","","","","",0.16198225319385529,66.87384796142578,0.8133390545845032,0.7325873374938965,0.7129022479057312,-0.18839097023010254,0.255779504776001,2664.1201171875,0.2411169558763504,0.38753432035446167,0.6120810508728027,-0.4422605037689209,0.16791567206382751,74.79236602783203,0.48937898874282837,0.5016501545906067,0.5354490280151367,-0.6060937643051147,0.16014963388442993,133.12840270996094,0.6031746864318848,0.6581648588180542,0.7526493072509766,-0.038724660873413086,"","","","","","","","","","","","","","","","","","","","","","","","","","","","","","","",0.1060471162199974,0.11031347513198853,"PRUNED"
44,0.11050102859735489,"2025-05-16 15:37:48.441137","2025-05-16 15:37:49.016567","0 days 00:00:00.575430",176,96.0,224.0,240.0,176.0,16,"","","","",0.0,3,0.0016870187269789967,5,1,"","","","","","","","","","","","","","","","","","","","","","","","","","","","","","","","","","","","","","","","","","",0.15237687528133392,59.33266830444336,0.8787460923194885,0.7397355437278748,0.6896098256111145,-0.1555168628692627,"","","","","","","","","","","","","","","","","","","","","","","","","","","","","","","","","","","","","","","","","","","","","","","","","",0.11050102859735489,"","PRUNED"
45,0.11401057988405228,"2025-05-16 15:37:49.016853","2025-05-16 15:37:50.681675","0 days 00:00:01.664822",144,176.0,256.0,"","",32,192.0,"","","",0.2,7,0.00046544503518682696,3,2,"","","","","","","","","","","","","","","","","","","","","","","","","","","","","","","","","","","","","","","","","","",0.1532258540391922,55.103092193603516,0.39249366521835327,0.4025823175907135,0.5027323365211487,-0.3427783250808716,"","","","","","","","","","","","","","","","","","","","","","","","","","","","","","","","","","","","","","","","","","","","","","","","","",0.11401057988405228,"","PRUNED"
46,0.14396876245737075,"2025-05-16 15:37:50.681953","2025-05-16 15:37:54.175477","0 days 00:00:03.493524",112,144.0,80.0,208.0,"",16,"","","","",0.1,4,0.0012284985240053556,4,1,0.14396876245737075,474.6067708333333,0.569999415675799,0.5708556060989698,0.608351324001948,-0.0629314382870992,0.1904236078262329,215.46710205078125,0.8760543465614319,0.8028775453567505,0.6978756189346313,-0.11940240859985352,0.15434131026268005,60.09355163574219,0.8770994544029236,0.8351927399635315,0.8143191337585449,0.03295069932937622,0.11138980090618134,164.12738037109375,0.7759832739830017,0.690961480140686,0.6786062717437744,0.01225811243057251,0.11993855237960815,83.3625717163086,0.21768763661384583,0.2776853144168854,0.2680259644985199,-0.2107222080230713,0.22202225029468536,153.2026824951172,0.7330896854400635,0.7649631500244141,0.7282462120056152,-0.15461218357086182,0.09711692482233047,101.10202026367188,0.8233795762062073,0.7822034955024719,0.7737370133399963,-0.012657642364501953,0.15695980191230774,66.2684097290039,0.8498409986495972,0.7183545231819153,0.6967089772224426,-0.12659120559692383,0.21881718933582306,2912.727783203125,0.3112424910068512,0.48071250319480896,0.6269142031669617,-0.04755043983459473,0.17910444736480713,81.19641876220703,0.7282875180244446,0.6840775012969971,0.715355396270752,-0.7480064630508423,0.13655228912830353,95.19129180908203,0.8573877811431885,0.7422031164169312,0.7530784606933594,0.25109970569610596,0.10633368790149689,155.03395080566406,0.25957950949668884,0.23994030058383942,0.39604926109313965,-0.420512318611145,0.10292183607816696,1389.8038330078125,0.1286306530237198,0.12203317135572433,0.11385464668273926,0.022298872470855713,0.13927549123764038,440.1145935058594,0.31763550639152527,0.2774527966976166,0.5651577711105347,0.15853261947631836,0.1307428777217865,648.1212768554688,0.19345727562904358,0.37182173132896423,0.48702841997146606,0.09654355049133301,0.0935913696885109,553.2886962890625,0.6006355285644531,0.7723547220230103,0.8103125095367432,0.32239973545074463,5.0,0.10816461592912674,0.10893718898296356,"COMPLETE"
47,0.1143854483962059,"2025-05-16 15:37:54.175923","2025-05-16 15:37:54.899662","0 days 00:00:00.723739",112,128.0,80.0,208.0,"",144,48.0,"","","",0.30000000000000004,2,0.0011881320979749233,4,2,"","","","","","","","","","","","","","","","","","","","","","","","","","","","","","","","","","","","","","","","","","",0.1949591338634491,72.79207611083984,0.4586745798587799,0.5824852585792542,0.6114259958267212,-0.7833845615386963,"","","","","","","","","","","","","","","","","","","","","","","","","","","","","","","","","","","","","","","","","","","","","","","","","",0.1143854483962059,"","PRUNED"
48,0.119331493973732,"2025-05-16 15:37:54.899983","2025-05-16 15:37:55.492474","0 days 00:00:00.592491",80,144.0,80.0,224.0,80.0,48,"","","","",0.0,6,0.00020341407947122774,5,1,"","","","","","","","","","","","","","","","","","","","","","","","","","","","","","","","","","","","","","","","","","",0.17629733681678772,64.45719909667969,0.6523771286010742,0.6814609169960022,0.6590850353240967,-0.5731291770935059,"","","","","","","","","","","","","","","","","","","","","","","","","","","","","","","","","","","","","","","","","","","","","","","","","",0.119331493973732,"","PRUNED"
49,0.12481939792633057,"2025-05-16 15:37:55.492749","2025-05-16 15:37:59.969679","0 days 00:00:04.476930",128,96.0,16.0,"","",32,144.0,16.0,256.0,16.0,0.1,14,0.004037746908660934,3,5,"","","","","","","","","","","","","","","","","","","","","","","","","","","","","","","","","","","","","","","","","","",0.15042328834533691,45.384254455566406,0.4601915180683136,0.4485980272293091,0.49965280294418335,-0.48321962356567383,"","","","","","","","","","","","","","","","","","","","","","","","","","","","","","","","","","","","","","","","","","","","","","","","","",0.12481939792633057,"","PRUNED"
50,0.1148400828242302,"2025-05-16 15:37:59.970050","2025-05-16 15:38:00.524854","0 days 00:00:00.554804",80,208.0,96.0,80.0,"",64,"","","","",0.2,1,0.00043451092077165666,4,1,"","","","","","","","","","","","","","","","","","","","","","","","","","","","","","","","","","","","","","","","","","",0.17377348244190216,63.2495002746582,0.636017382144928,0.6412818431854248,0.6533129215240479,-0.5342615842819214,"","","","","","","","","","","","","","","","","","","","","","","","","","","","","","","","","","","","","","","","","","","","","","","","","",0.1148400828242302,"","PRUNED"
51,0.14536570211251576,"2025-05-16 15:38:00.525162","2025-05-16 15:38:04.505177","0 days 00:00:03.980015",144,160.0,144.0,240.0,"",16,"","","","",0.1,4,0.0006781961927089573,4,1,0.14536570211251576,527.0342514038086,0.540982648730278,0.5690298189719518,0.607910496989886,-0.018945610523223876,0.1868406981229782,180.12234497070312,0.9992663860321045,0.8102108240127563,0.6966447830200195,-0.1023949384689331,0.16875940561294556,54.419349670410156,1.0,0.9805970191955566,0.835578441619873,-0.1734020709991455,0.10934500396251678,136.0814666748047,0.9007920622825623,0.7760593295097351,0.7307700514793396,-0.017955303192138672,0.10467761754989624,92.83622741699219,0.626166045665741,0.6782656311988831,0.6635816097259521,0.17967349290847778,0.23898686468601227,191.23202514648438,0.4196244478225708,0.47578704357147217,0.43632403016090393,-0.31542229652404785,0.10518892109394073,192.08323669433594,0.6138668060302734,0.6978249549865723,0.700814425945282,0.1831793189048767,0.13721109926700592,67.30587768554688,0.6039553880691528,0.6442974805831909,0.6275968551635742,0.14703017473220825,0.24490994215011597,3488.624267578125,0.24379830062389374,0.40473636984825134,0.6201840043067932,-0.19515085220336914,0.16950616240501404,76.51360321044922,0.6556084752082825,0.633417546749115,0.6358237266540527,-0.5869293212890625,0.14915414154529572,111.05062103271484,0.6053091883659363,0.593952476978302,0.6939729452133179,0.1825835108757019,0.10123448818922043,240.71478271484375,0.23454298079013824,0.2573239505290985,0.4080124795436859,-0.2725238800048828,0.08929207921028137,1070.0736083984375,0.12368851900100708,0.13138912618160248,0.14852343499660492,0.06918752193450928,0.1388561725616455,458.4306640625,0.35340437293052673,0.3691696226596832,0.6149668097496033,0.18926149606704712,0.14015375077724457,780.5444946289062,0.14606790244579315,0.31408610939979553,0.4816545844078064,0.12250345945358276,0.0963691845536232,765.481201171875,0.5886488556861877,0.7683297991752625,0.8242092728614807,0.3061755299568176,5.0,0.10560179501771927,0.10807135701179504,"COMPLETE"
52,0.14676363120476404,"2025-05-16 15:38:04.505619","2025-05-16 15:38:08.584349","0 days 00:00:04.078730",160,160.0,208.0,256.0,"",16,"","","","",0.1,5,0.0009512647588974454,4,1,0.14676363120476404,492.3234011332194,0.5396796186765035,0.5559754947821299,0.6016895294189453,-0.07381748755772909,0.195295050740242,231.53643798828125,0.6513762474060059,0.6284164190292358,0.5586371421813965,-0.17466282844543457,0.18621055781841278,58.74995422363281,0.7164669036865234,0.6327225565910339,0.6485828757286072,-0.4263942241668701,0.10540912300348282,128.74319458007812,0.8967452049255371,0.7364271879196167,0.716679036617279,0.1311149001121521,0.10971339792013168,72.5442886352539,0.6258323192596436,0.6895974278450012,0.6685622930526733,-0.013457894325256348,0.22988639771938324,144.95750427246094,0.783710777759552,0.8347793221473694,0.7503194808959961,-0.26903820037841797,0.10172957181930542,152.76412963867188,0.645121157169342,0.6389846205711365,0.671464741230011,0.014547407627105713,0.15220239758491516,63.60152816772461,0.8330860733985901,0.6960647106170654,0.6896714568138123,-0.08804178237915039,0.2164997011423111,2628.388427734375,0.3063328266143799,0.47701066732406616,0.6263715624809265,-0.029889822006225586,0.15722298622131348,67.58401489257812,0.5382016897201538,0.5500813722610474,0.5792892575263977,-0.5110512971878052,0.15066012740135193,79.9720458984375,0.6963372230529785,0.6747992634773254,0.7138521075248718,0.04366952180862427,0.10340839624404907,175.45452880859375,0.24711135029792786,0.2773318588733673,0.3999464213848114,-0.35169756412506104,0.10424276441335678,1481.0250244140625,0.16996721923351288,0.15789377689361572,0.16004785895347595,0.05292201042175293,0.14391610026359558,503.5065612792969,0.34144994616508484,0.38308948278427124,0.6058672666549683,0.1597731113433838,0.15005797147750854,946.9248657226562,0.13299323618412018,0.2554190158843994,0.46212732791900635,0.07110482454299927,0.09499992430210114,649.0985107421875,0.5104621052742004,0.7070147395133972,0.7739241123199463,0.28383952379226685,5.0,0.10875974595546722,0.10818655788898468,"COMPLETE"
53,0.11453195661306381,"2025-05-16 15:38:08.584816","2025-05-16 15:38:09.098284","0 days 00:00:00.513468",112,16.0,48.0,224.0,"",32,"","","","",0.1,3,0.0015710024704151246,4,1,"","","","","","","","","","","","","","","","","","","","","","","","","","","","","","","","","","","","","","","","","","",0.1731892228126526,66.63066101074219,0.41547662019729614,0.3881761431694031,0.48666518926620483,-0.4820716381072998,"","","","","","","","","","","","","","","","","","","","","","","","","","","","","","","","","","","","","","","","","","","","","","","","","",0.11453195661306381,"","PRUNED"
54,0.1123417541384697,"2025-05-16 15:38:09.098587","2025-05-16 15:38:09.862339","0 days 00:00:00.763752",176,144.0,48.0,240.0,"",16,32.0,"","","",0.0,5,0.0024231434300636388,4,2,"","","","","","","","","","","","","","","","","","","","","","","","","","","","","","","","","","","","","","","","","","",0.1468704491853714,49.34998321533203,0.6007838845252991,0.6405767202377319,0.7218824028968811,-0.33727240562438965,"","","","","","","","","","","","","","","","","","","","","","","","","","","","","","","","","","","","","","","","","","","","","","","","","",0.1123417541384697,"","PRUNED"
55,0.1192513033747673,"2025-05-16 15:38:09.862613","2025-05-16 15:38:10.456473","0 days 00:00:00.593860",192,128.0,240.0,128.0,"",48,"","","","",0.1,4,0.0003536032397516788,4,1,"","","","","","","","","","","","","","","","","","","","","","","","","","","","","","","","","","","","","","","","","","",0.17848356068134308,66.14048767089844,0.7831323742866516,0.6901139616966248,0.6947905421257019,-0.5824282169342041,"","","","","","","","","","","","","","","","","","","","","","","","","","","","","","","","","","","","","","","","","","","","","","","","","",0.1192513033747673,"","PRUNED"
56,0.11300775408744812,"2025-05-16 15:38:10.456744","2025-05-16 15:38:11.233509","0 days 00:00:00.776765",224,176.0,256.0,224.0,"",32,"","","","",0.2,13,0.0014319153165117276,4,1,"","","","","","","","","","","","","","","","","","","","","","","","","","","","","","","","","","","","","","","","","","",0.17203642427921295,67.11577606201172,0.18499855697155,0.2186952829360962,0.37198200821876526,-0.49325454235076904,"","","","","","","","","","","","","","","","","","","","","","","","","","","","","","","","","","","","","","","","","","","","","","","","","",0.11300775408744812,"","PRUNED"
