"number","value","datetime_start","datetime_complete","duration","params_decoder_layer_width_0","params_decoder_layer_width_1","params_decoder_layer_width_2","params_decoder_layer_width_3","params_decoder_layer_width_4","params_encoder_layer_width_0","params_encoder_layer_width_1","params_encoder_layer_width_2","params_encoder_layer_width_3","params_encoder_layer_width_4","params_lr","params_n_decoder_layers","params_n_encoder_layers","user_attrs_avg_mae","user_attrs_avg_mape","user_attrs_avg_ndcg10","user_attrs_avg_ndcg20","user_attrs_avg_ndcg50","user_attrs_avg_r2","user_attrs_fold10_mae","user_attrs_fold10_mape","user_attrs_fold10_ndcg10","user_attrs_fold10_ndcg20","user_attrs_fold10_ndcg50","user_attrs_fold10_r2","user_attrs_fold11_mae","user_attrs_fold11_mape","user_attrs_fold11_ndcg10","user_attrs_fold11_ndcg20","user_attrs_fold11_ndcg50","user_attrs_fold11_r2","user_attrs_fold12_mae","user_attrs_fold12_mape","user_attrs_fold12_ndcg10","user_attrs_fold12_ndcg20","user_attrs_fold12_ndcg50","user_attrs_fold12_r2","user_attrs_fold13_mae","user_attrs_fold13_mape","user_attrs_fold13_ndcg10","user_attrs_fold13_ndcg20","user_attrs_fold13_ndcg50","user_attrs_fold13_r2","user_attrs_fold14_mae","user_attrs_fold14_mape","user_attrs_fold14_ndcg10","user_attrs_fold14_ndcg20","user_attrs_fold14_ndcg50","user_attrs_fold14_r2","user_attrs_fold15_mae","user_attrs_fold15_mape","user_attrs_fold15_ndcg10","user_attrs_fold15_ndcg20","user_attrs_fold15_ndcg50","user_attrs_fold15_r2","user_attrs_fold1_mae","user_attrs_fold1_mape","user_attrs_fold1_ndcg10","user_attrs_fold1_ndcg20","user_attrs_fold1_ndcg50","user_attrs_fold1_r2","user_attrs_fold2_mae","user_attrs_fold2_mape","user_attrs_fold2_ndcg10","user_attrs_fold2_ndcg20","user_attrs_fold2_ndcg50","user_attrs_fold2_r2","user_attrs_fold3_mae","user_attrs_fold3_mape","user_attrs_fold3_ndcg10","user_attrs_fold3_ndcg20","user_attrs_fold3_ndcg50","user_attrs_fold3_r2","user_attrs_fold4_mae","user_attrs_fold4_mape","user_attrs_fold4_ndcg10","user_attrs_fold4_ndcg20","user_attrs_fold4_ndcg50","user_attrs_fold4_r2","user_attrs_fold5_mae","user_attrs_fold5_mape","user_attrs_fold5_ndcg10","user_attrs_fold5_ndcg20","user_attrs_fold5_ndcg50","user_attrs_fold5_r2","user_attrs_fold6_mae","user_attrs_fold6_mape","user_attrs_fold6_ndcg10","user_attrs_fold6_ndcg20","user_attrs_fold6_ndcg50","user_attrs_fold6_r2","user_attrs_fold7_mae","user_attrs_fold7_mape","user_attrs_fold7_ndcg10","user_attrs_fold7_ndcg20","user_attrs_fold7_ndcg50","user_attrs_fold7_r2","user_attrs_fold8_mae","user_attrs_fold8_mape","user_attrs_fold8_ndcg10","user_attrs_fold8_ndcg20","user_attrs_fold8_ndcg50","user_attrs_fold8_r2","user_attrs_fold9_mae","user_attrs_fold9_mape","user_attrs_fold9_ndcg10","user_attrs_fold9_ndcg20","user_attrs_fold9_ndcg50","user_attrs_fold9_r2","user_attrs_pca_components","system_attrs_completed_rung_0","system_attrs_completed_rung_1","state"
95,0.1101498007774353,"2025-05-16 15:32:50.171467","2025-05-16 15:32:50.628301","0 days 00:00:00.456834",240,176.0,144.0,192.0,"",32,"","","","",0.003749881690530427,4,1,"","","","","","","","","","","","","","","","","","","","","","","","","","","","","","","","","","","","","","","","","","",0.16144298017024994,65.07083892822266,0.8543223142623901,0.760090172290802,0.7653689980506897,-0.16545963287353516,"","","","","","","","","","","","","","","","","","","","","","","","","","","","","","","","","","","","","","","","","","","","","","","","","",0.1101498007774353,"","PRUNED"
96,0.10865383595228195,"2025-05-16 15:32:50.628599","2025-05-16 15:32:51.695780","0 days 00:00:01.067181",64,192.0,208.0,224.0,"",16,"","","","",0.0021059429666460757,4,1,"","","","","","","","","","","","","","","","","","","","","","","","","","","","","","","","","","","","","","","","","","",0.14530867338180542,63.714599609375,0.8513917326927185,0.7383801341056824,0.7705877423286438,-0.04020273685455322,0.19317960739135742,1079.6881103515625,0.5836203694343567,0.6297518610954285,0.8045309782028198,-0.12954366207122803,0.18430264294147491,112.3001480102539,0.7855955362319946,0.7060365676879883,0.71855628490448,-0.9786601066589355,0.12130723893642426,67.38863372802734,0.8548775315284729,0.7368861436843872,0.7717583775520325,0.2975594401359558,"","","","","","","","","","","","","","","","","","","","","","","","","","","","","","","",0.10568689554929733,0.10865383595228195,"PRUNED"
97,0.10931048542261124,"2025-05-16 15:32:51.696056","2025-05-16 15:32:52.085614","0 days 00:00:00.389558",224,32.0,176.0,"","",48,"","","","",0.008197861697681308,3,1,"","","","","","","","","","","","","","","","","","","","","","","","","","","","","","","","","","","","","","","","","","",0.1472788155078888,58.36461639404297,0.8238462209701538,0.7339121103286743,0.7343131899833679,-0.04284965991973877,"","","","","","","","","","","","","","","","","","","","","","","","","","","","","","","","","","","","","","","","","","","","","","","","","",0.10931048542261124,"","PRUNED"
98,0.10898645967245102,"2025-05-16 15:32:52.085876","2025-05-16 15:32:52.557598","0 days 00:00:00.471722",128,224.0,224.0,144.0,80.0,32,"","","","",0.012659914878021025,5,1,"","","","","","","","","","","","","","","","","","","","","","","","","","","","","","","","","","","","","","","","","","",0.1785375326871872,68.01377868652344,0.3558592200279236,0.37862828373908997,0.5204500555992126,-0.5755476951599121,"","","","","","","","","","","","","","","","","","","","","","","","","","","","","","","","","","","","","","","","","","","","","","","","","",0.10898645967245102,"","PRUNED"
99,0.11006549000740051,"2025-05-16 15:32:52.557895","2025-05-16 15:32:52.978920","0 days 00:00:00.421025",208,16.0,240.0,208.0,"",16,"","","","",0.0029071816688590974,4,1,"","","","","","","","","","","","","","","","","","","","","","","","","","","","","","","","","","","","","","","","","","",0.15007834136486053,65.65523529052734,0.8576722145080566,0.744438111782074,0.763934850692749,-0.04651641845703125,"","","","","","","","","","","","","","","","","","","","","","","","","","","","","","","","","","","","","","","","","","","","","","","","","",0.11006549000740051,"","PRUNED"
