"number","value","datetime_start","datetime_complete","duration","params_decoder_layer_width_0","params_decoder_layer_width_1","params_decoder_layer_width_2","params_decoder_layer_width_3","params_decoder_layer_width_4","params_lr","params_n_decoder_layers","user_attrs_avg_mae","user_attrs_avg_mape","user_attrs_avg_ndcg10","user_attrs_avg_ndcg20","user_attrs_avg_ndcg50","user_attrs_avg_r2","user_attrs_fold10_mae","user_attrs_fold10_mape","user_attrs_fold10_ndcg10","user_attrs_fold10_ndcg20","user_attrs_fold10_ndcg50","user_attrs_fold10_r2","user_attrs_fold11_mae","user_attrs_fold11_mape","user_attrs_fold11_ndcg10","user_attrs_fold11_ndcg20","user_attrs_fold11_ndcg50","user_attrs_fold11_r2","user_attrs_fold12_mae","user_attrs_fold12_mape","user_attrs_fold12_ndcg10","user_attrs_fold12_ndcg20","user_attrs_fold12_ndcg50","user_attrs_fold12_r2","user_attrs_fold13_mae","user_attrs_fold13_mape","user_attrs_fold13_ndcg10","user_attrs_fold13_ndcg20","user_attrs_fold13_ndcg50","user_attrs_fold13_r2","user_attrs_fold14_mae","user_attrs_fold14_mape","user_attrs_fold14_ndcg10","user_attrs_fold14_ndcg20","user_attrs_fold14_ndcg50","user_attrs_fold14_r2","user_attrs_fold15_mae","user_attrs_fold15_mape","user_attrs_fold15_ndcg10","user_attrs_fold15_ndcg20","user_attrs_fold15_ndcg50","user_attrs_fold15_r2","user_attrs_fold1_mae","user_attrs_fold1_mape","user_attrs_fold1_ndcg10","user_attrs_fold1_ndcg20","user_attrs_fold1_ndcg50","user_attrs_fold1_r2","user_attrs_fold2_mae","user_attrs_fold2_mape","user_attrs_fold2_ndcg10","user_attrs_fold2_ndcg20","user_attrs_fold2_ndcg50","user_attrs_fold2_r2","user_attrs_fold3_mae","user_attrs_fold3_mape","user_attrs_fold3_ndcg10","user_attrs_fold3_ndcg20","user_attrs_fold3_ndcg50","user_attrs_fold3_r2","user_attrs_fold4_mae","user_attrs_fold4_mape","user_attrs_fold4_ndcg10","user_attrs_fold4_ndcg20","user_attrs_fold4_ndcg50","user_attrs_fold4_r2","user_attrs_fold5_mae","user_attrs_fold5_mape","user_attrs_fold5_ndcg10","user_attrs_fold5_ndcg20","user_attrs_fold5_ndcg50","user_attrs_fold5_r2","user_attrs_fold6_mae","user_attrs_fold6_mape","user_attrs_fold6_ndcg10","user_attrs_fold6_ndcg20","user_attrs_fold6_ndcg50","user_attrs_fold6_r2","user_attrs_fold7_mae","user_attrs_fold7_mape","user_attrs_fold7_ndcg10","user_attrs_fold7_ndcg20","user_attrs_fold7_ndcg50","user_attrs_fold7_r2","user_attrs_fold8_mae","user_attrs_fold8_mape","user_attrs_fold8_ndcg10","user_attrs_fold8_ndcg20","user_attrs_fold8_ndcg50","user_attrs_fold8_r2","user_attrs_fold9_mae","user_attrs_fold9_mape","user_attrs_fold9_ndcg10","user_attrs_fold9_ndcg20","user_attrs_fold9_ndcg50","user_attrs_fold9_r2","user_attrs_pca_components","system_attrs_completed_rung_0","system_attrs_completed_rung_1","state"
79,0.14671821345885594,"2025-05-16 16:01:23.148268","2025-05-16 16:01:25.239295","0 days 00:00:02.091027",208,256.0,144.0,128.0,"",0.002803471455624944,4,0.14671821345885594,456.0110280354818,0.3370922421415647,0.38065741658210756,0.44636990427970885,-0.08258756796518961,0.20186208188533783,313.92987060546875,0.3212429881095886,0.3369029462337494,0.2857116758823395,-0.0704643726348877,0.1763511300086975,69.86986541748047,0.5808708071708679,0.4917643368244171,0.476510614156723,-0.2904393672943115,0.11931959539651871,220.86317443847656,0.30716729164123535,0.2835239768028259,0.29656335711479187,0.024130702018737793,0.12005835026502609,119.66099548339844,0.4220415949821472,0.5167779922485352,0.5500854849815369,0.00742262601852417,0.23829959332942963,155.57553100585938,0.15076878666877747,0.23907697200775146,0.4344291388988495,-0.3451704978942871,0.1290421187877655,253.78787231445312,0.22267134487628937,0.20604601502418518,0.24086575210094452,-0.09578001499176025,0.1390540450811386,60.6894416809082,0.47418054938316345,0.571419894695282,0.5414113402366638,-0.07988309860229492,0.2317928522825241,1970.50537109375,0.2941320240497589,0.39172157645225525,0.6209596395492554,-0.4630100727081299,0.14164432883262634,63.01395797729492,0.5628359913825989,0.5499715805053711,0.6726236343383789,-0.3322030305862427,0.13631847500801086,80.87718963623047,0.5561572909355164,0.6502317190170288,0.6583155393600464,0.16759854555130005,0.11195427924394608,874.95849609375,0.13679243624210358,0.14678634703159332,0.28656890988349915,-0.2083122730255127,0.08904176205396652,934.0647583007812,0.05817105621099472,0.10260091722011566,0.12155328691005707,0.03820759057998657,0.13734246790409088,305.21856689453125,0.1325709968805313,0.2821768522262573,0.3683444857597351,-0.006746172904968262,0.12989050149917603,545.9995727539062,0.2026149481534958,0.21975186467170715,0.3541405498981476,0.04863619804382324,0.0988016203045845,871.1507568359375,0.6341655254364014,0.7211082577705383,0.7874651551246643,0.36719971895217896,5.0,0.10679953545331955,0.10826635360717773,"COMPLETE"
80,0.1478702520330747,"2025-05-16 16:01:25.239756","2025-05-16 16:01:27.365839","0 days 00:00:02.126083",208,256.0,144.0,144.0,"",0.0028947361789486885,4,0.1478702520330747,492.3072865804036,0.36721065441767375,0.39388812681039176,0.4346367905537287,-0.10716487963994344,0.20454683899879456,289.02899169921875,0.2332047075033188,0.21344974637031555,0.18399076163768768,-0.15660643577575684,0.18374504148960114,64.72471618652344,0.13492032885551453,0.1425873041152954,0.24884994328022003,-0.4316103458404541,0.12812697887420654,261.96343994140625,0.18474148213863373,0.23534871637821198,0.2717687785625458,0.010532736778259277,0.12422739714384079,120.81563568115234,0.31861916184425354,0.4853784739971161,0.4152788817882538,-0.06480216979980469,0.23303641378879547,162.1323699951172,0.8073535561561584,0.6936129331588745,0.5754886865615845,-0.27459919452667236,0.1180068701505661,218.47933959960938,0.5048863887786865,0.4289717376232147,0.4411735236644745,-0.034189581871032715,0.14461645483970642,53.6326904296875,0.5960109233856201,0.6402995586395264,0.5936146974563599,-0.1649024486541748,0.23791660368442535,2520.124267578125,0.34692448377609253,0.4341341257095337,0.6615037322044373,-0.44221413135528564,0.12444498389959335,62.417266845703125,0.6815981268882751,0.6823022961616516,0.7015175819396973,-0.07436025142669678,0.14165931940078735,79.30315399169922,0.5366840362548828,0.6285422444343567,0.6192180514335632,0.08500778675079346,0.10545572638511658,771.0511474609375,0.1287824511528015,0.2226230502128601,0.29434508085250854,-0.15678048133850098,0.09823428839445114,1146.356201171875,0.06499547511339188,0.10509695112705231,0.12300597131252289,-0.04244685173034668,0.13483655452728271,294.31671142578125,0.10515414923429489,0.18711495399475098,0.3956120014190674,-0.016736984252929688,0.13149793446063995,558.8319091796875,0.29412779211997986,0.23393599689006805,0.3806284964084625,0.012313902378082275,0.10770237445831299,781.4314575195312,0.5701567530632019,0.5749238133430481,0.6135556697845459,0.14392125606536865,5.0,0.10521116107702255,0.10711684823036194,"COMPLETE"
81,0.10971485823392868,"2025-05-16 16:01:27.366271","2025-05-16 16:01:27.660637","0 days 00:00:00.294366",224,256.0,128.0,128.0,"",0.002090146317112485,4,"","","","","","","","","","","","","","","","","","","","","","","","","","","","","","","","","","","","","","","","","","",0.1385549008846283,58.535037994384766,0.513577401638031,0.5788761973381042,0.5735631585121155,-0.15319573879241943,"","","","","","","","","","","","","","","","","","","","","","","","","","","","","","","","","","","","","","","","","","","","","","","","","",0.10971485823392868,"","PRUNED"
82,0.10943654924631119,"2025-05-16 16:01:27.660910","2025-05-16 16:01:27.962104","0 days 00:00:00.301194",208,240.0,160.0,112.0,"",0.0012936694269551211,4,"","","","","","","","","","","","","","","","","","","","","","","","","","","","","","","","","","","","","","","","","","",0.13453763723373413,60.12080383300781,0.4679647386074066,0.5685347318649292,0.5479989647865295,0.01881510019302368,"","","","","","","","","","","","","","","","","","","","","","","","","","","","","","","","","","","","","","","","","","","","","","","","","",0.10943654924631119,"","PRUNED"
83,0.11081572622060776,"2025-05-16 16:01:27.962369","2025-05-16 16:01:28.318156","0 days 00:00:00.355787",224,240.0,176.0,160.0,224.0,0.0010198800297120713,5,"","","","","","","","","","","","","","","","","","","","","","","","","","","","","","","","","","","","","","","","","","",0.1715417057275772,60.16886901855469,0.6130496859550476,0.6467477083206177,0.6527090072631836,-0.5187578201293945,"","","","","","","","","","","","","","","","","","","","","","","","","","","","","","","","","","","","","","","","","","","","","","","","","",0.11081572622060776,"","PRUNED"
84,0.10988195240497589,"2025-05-16 16:01:28.318409","2025-05-16 16:01:28.605620","0 days 00:00:00.287211",256,224.0,112.0,80.0,"",0.004757324294173797,4,"","","","","","","","","","","","","","","","","","","","","","","","","","","","","","","","","","","","","","","","","","",0.155681312084198,56.24061965942383,0.5146377682685852,0.6055068373680115,0.6249988675117493,-0.2960454225540161,"","","","","","","","","","","","","","","","","","","","","","","","","","","","","","","","","","","","","","","","","","","","","","","","","",0.10988195240497589,"","PRUNED"
85,0.11238041520118713,"2025-05-16 16:01:28.605875","2025-05-16 16:01:28.902518","0 days 00:00:00.296643",16,144.0,176.0,96.0,192.0,0.0025399049969600553,5,"","","","","","","","","","","","","","","","","","","","","","","","","","","","","","","","","","","","","","","","","","",0.17194774746894836,73.53925323486328,0.5311434268951416,0.5764832496643066,0.5764485597610474,-0.44840705394744873,"","","","","","","","","","","","","","","","","","","","","","","","","","","","","","","","","","","","","","","","","","","","","","","","","",0.11238041520118713,"","PRUNED"
86,0.11229448020458221,"2025-05-16 16:01:28.902768","2025-05-16 16:01:29.157382","0 days 00:00:00.254614",192,176.0,144.0,"","",0.006065976658475235,3,"","","","","","","","","","","","","","","","","","","","","","","","","","","","","","","","","","","","","","","","","","",0.14238905906677246,55.2558708190918,0.5048605799674988,0.5854629278182983,0.5876697897911072,-0.12113833427429199,"","","","","","","","","","","","","","","","","","","","","","","","","","","","","","","","","","","","","","","","","","","","","","","","","",0.11229448020458221,"","PRUNED"
87,0.11018949747085571,"2025-05-16 16:01:29.157634","2025-05-16 16:01:29.821979","0 days 00:00:00.664345",240,224.0,160.0,"","",0.0016776922361209131,3,"","","","","","","","","","","","","","","","","","","","","","","","","","","","","","","","","","","","","","","","","","",0.13398776948451996,53.521514892578125,0.5173751711845398,0.594075620174408,0.5540110468864441,-0.01623058319091797,0.22117438912391663,2288.93017578125,0.3264303505420685,0.41243839263916016,0.6381790637969971,-0.3254110813140869,0.1353011578321457,58.317626953125,0.3545774817466736,0.5853185653686523,0.6079798340797424,-0.31952834129333496,0.14467789232730865,56.98176193237305,0.5336937308311462,0.5771068334579468,0.6468037366867065,-0.12467825412750244,"","","","","","","","","","","","","","","","","","","","","","","","","","","","","","","",0.10858753323554993,0.11018949747085571,"PRUNED"
88,0.11561629176139832,"2025-05-16 16:01:29.822230","2025-05-16 16:01:30.148635","0 days 00:00:00.326405",256,256.0,192.0,48.0,112.0,0.011879644945669043,5,"","","","","","","","","","","","","","","","","","","","","","","","","","","","","","","","","","","","","","","","","","",0.16421742737293243,55.91609573364258,0.286318302154541,0.4807082712650299,0.5725734233856201,-0.5276613235473633,"","","","","","","","","","","","","","","","","","","","","","","","","","","","","","","","","","","","","","","","","","","","","","","","","",0.11561629176139832,"","PRUNED"
89,0.11424517631530762,"2025-05-16 16:01:30.148913","2025-05-16 16:01:30.462234","0 days 00:00:00.313321",240,240.0,112.0,64.0,176.0,0.0009304952424706002,5,"","","","","","","","","","","","","","","","","","","","","","","","","","","","","","","","","","","","","","","","","","",0.1391783505678177,49.997802734375,0.5807473659515381,0.6431642770767212,0.6138544082641602,-0.12585413455963135,"","","","","","","","","","","","","","","","","","","","","","","","","","","","","","","","","","","","","","","","","","","","","","","","","",0.11424517631530762,"","PRUNED"
90,0.13002555072307587,"2025-05-16 16:01:30.462562","2025-05-16 16:01:30.748828","0 days 00:00:00.286266",208,208.0,128.0,128.0,"",0.035519603206908765,4,"","","","","","","","","","","","","","","","","","","","","","","","","","","","","","","","","","","","","","","","","","",0.1463359147310257,43.37205123901367,0.3079359233379364,0.3323029577732086,0.49630802869796753,-0.4484379291534424,"","","","","","","","","","","","","","","","","","","","","","","","","","","","","","","","","","","","","","","","","","","","","","","","","",0.13002555072307587,"","PRUNED"
91,0.1463283936182658,"2025-05-16 16:01:30.749071","2025-05-16 16:01:32.906881","0 days 00:00:02.157810",208,256.0,144.0,144.0,"",0.002879067124288866,4,0.1463283936182658,435.02799936930336,0.3296781991918882,0.37183887809515,0.4306913584470749,-0.12451352675755818,0.19826680421829224,241.6282196044922,0.22772543132305145,0.21238327026367188,0.20382964611053467,-0.17113089561462402,0.18037231266498566,65.98519897460938,0.3524588644504547,0.32498350739479065,0.33018314838409424,-0.373771071434021,0.1240183413028717,235.8203887939453,0.2100970447063446,0.21478772163391113,0.25500500202178955,0.00419241189956665,0.11418575048446655,88.98941802978516,0.5390936732292175,0.6099539995193481,0.6017178297042847,-0.05444598197937012,0.23150329291820526,163.1211395263672,0.3888009786605835,0.370236337184906,0.5121578574180603,-0.2659168243408203,0.12232159823179245,232.4545440673828,0.2079482078552246,0.24268706142902374,0.27961015701293945,-0.058599114418029785,0.14179809391498566,51.465599060058594,0.49450844526290894,0.5750673413276672,0.5755814909934998,-0.13663911819458008,0.24168044328689575,2289.53564453125,0.28523069620132446,0.37880441546440125,0.6116088628768921,-0.4995385408401489,0.1335427314043045,60.43598175048828,0.3874937891960144,0.5624836087226868,0.6340956091880798,-0.24282574653625488,0.13828223943710327,65.65591430664062,0.574903130531311,0.6388965845108032,0.6134622693061829,-0.013686656951904297,0.10509327799081802,570.3180541992188,0.14680439233779907,0.18864686787128448,0.29838961362838745,-0.2022765874862671,0.08458014577627182,844.0293579101562,0.06499547511339188,0.09734737128019333,0.13327200710773468,0.04189181327819824,0.1355341374874115,383.059326171875,0.43476614356040955,0.5140035152435303,0.540858268737793,0.0537952184677124,0.13474002480506897,621.8201904296875,0.1388910412788391,0.17489434778690338,0.34553277492523193,-0.0112990140914917,0.10900671035051346,611.1010131835938,0.49145567417144775,0.4724072217941284,0.5250658392906189,0.06254720687866211,5.0,0.10605724900960922,0.10673188418149948,"COMPLETE"
92,0.11311675608158112,"2025-05-16 16:01:32.907298","2025-05-16 16:01:33.677796","0 days 00:00:00.770498",224,256.0,160.0,160.0,"",0.0006851530768083952,4,"","","","","","","","","","","","","","","","","","","","","","","","","","","","","","","","","","","","","","","","","","",0.1391417533159256,49.98468780517578,0.5640097856521606,0.6440341472625732,0.6882150769233704,-0.10699260234832764,0.23176269233226776,2326.496337890625,0.35054123401641846,0.43775585293769836,0.6661890745162964,-0.38505470752716064,0.13596928119659424,65.69683074951172,0.24100960791110992,0.35954415798187256,0.5189862847328186,-0.32524216175079346,0.15413512289524078,60.77261734008789,0.44035565853118896,0.5687509179115295,0.6184071898460388,-0.24922072887420654,"","","","","","","","","","","","","","","","","","","","","","","","","","","","","","","",0.10760362446308136,0.11311675608158112,"PRUNED"
93,0.14795907189448673,"2025-05-16 16:01:33.678059","2025-05-16 16:01:35.845744","0 days 00:00:02.167685",208,256.0,144.0,160.0,"",0.0031392557776015405,4,0.14795907189448673,489.0274375915527,0.2745733509461085,0.34648690521717074,0.4109213968118032,-0.1001436193784078,0.20027774572372437,254.95799255371094,0.07278650999069214,0.08258068561553955,0.14619658887386322,-0.15784001350402832,0.17652252316474915,68.65900421142578,0.3726298213005066,0.40076708793640137,0.41432005167007446,-0.3005094528198242,0.12552423775196075,231.4931640625,0.12762297689914703,0.11229268461465836,0.14603959023952484,-0.041266798973083496,0.11600498855113983,87.82363891601562,0.3815215826034546,0.34150201082229614,0.3470497131347656,-0.10566163063049316,0.23250457644462585,137.4891357421875,0.18518926203250885,0.3414074778556824,0.49427279829978943,-0.31151247024536133,0.12491422891616821,240.44358825683594,0.3919372260570526,0.31771641969680786,0.3689236342906952,-0.07760226726531982,0.13987146317958832,57.2558479309082,0.6168980598449707,0.6575016975402832,0.6034683585166931,-0.047114014625549316,0.2409478724002838,2203.53271484375,0.16771914064884186,0.37540706992149353,0.5967825055122375,-0.5113635063171387,0.1402045041322708,66.67988586425781,0.3606067895889282,0.5777076482772827,0.5934632420539856,-0.286723256111145,0.14152829349040985,78.15270233154297,0.4872022867202759,0.6143465638160706,0.5901708006858826,0.05959606170654297,0.10497157275676727,551.018798828125,0.0993800237774849,0.19237211346626282,0.2822541892528534,-0.21656668186187744,0.10143765062093735,1209.7598876953125,0.06499547511339188,0.10554146021604538,0.12326221168041229,-0.01590096950531006,0.1395743042230606,384.05908203125,0.10262759029865265,0.15341249108314514,0.3898867070674896,-0.016839146614074707,0.13296736776828766,594.4481811523438,0.1366862952709198,0.17333142459392548,0.24485279619693756,0.028991103172302246,0.10213474929332733,1169.637939453125,0.5507972240447998,0.7514167428016663,0.8228777647018433,0.4981587529182434,5.0,0.10583550482988358,0.10771623253822327,"COMPLETE"
94,0.11037062108516693,"2025-05-16 16:01:35.846212","2025-05-16 16:01:36.605412","0 days 00:00:00.759200",224,240.0,176.0,144.0,"",0.0014729428155363638,4,"","","","","","","","","","","","","","","","","","","","","","","","","","","","","","","","","","","","","","","","","","",0.14643734693527222,63.92731475830078,0.5514198541641235,0.6346118450164795,0.5989062786102295,-0.11929714679718018,0.22276730835437775,2157.416259765625,0.41905975341796875,0.45092764496803284,0.7207568883895874,-0.3393087387084961,0.12745653092861176,55.303688049316406,0.3455042541027069,0.3602641224861145,0.5319236516952515,-0.27554523944854736,0.14308349788188934,83.45629119873047,0.6239072680473328,0.6579086184501648,0.6588472723960876,0.06353193521499634,"","","","","","","","","","","","","","","","","","","","","","","","","","","","","","","",0.10869774967432022,0.11037062108516693,"PRUNED"
95,0.11024896800518036,"2025-05-16 16:01:36.605678","2025-05-16 16:01:37.329468","0 days 00:00:00.723790",224,224.0,144.0,64.0,"",0.0019950887837167286,4,"","","","","","","","","","","","","","","","","","","","","","","","","","","","","","","","","","","","","","","","","","",0.1433228999376297,51.92102813720703,0.6438435912132263,0.6253522038459778,0.5996742844581604,-0.15325331687927246,0.2368098348379135,2089.8232421875,0.2982766628265381,0.39111271500587463,0.6204947829246521,-0.49290263652801514,0.14005622267723083,61.47399139404297,0.5108848214149475,0.5057831406593323,0.6123977303504944,-0.3310723304748535,0.15288983285427094,65.0071029663086,0.4298781752586365,0.5955633521080017,0.6273852586746216,-0.13819622993469238,"","","","","","","","","","","","","","","","","","","","","","","","","","","","","","","",0.10546866059303284,0.11024896800518036,"PRUNED"
96,0.10988378524780273,"2025-05-16 16:01:37.329757","2025-05-16 16:01:37.648699","0 days 00:00:00.318942",192,224.0,128.0,128.0,48.0,0.007233210635231173,5,"","","","","","","","","","","","","","","","","","","","","","","","","","","","","","","","","","","","","","","","","","",0.1409158706665039,57.25240707397461,0.4958832859992981,0.5791063904762268,0.5555309057235718,-0.06689906120300293,"","","","","","","","","","","","","","","","","","","","","","","","","","","","","","","","","","","","","","","","","","","","","","","","","",0.10988378524780273,"","PRUNED"
97,0.10947661846876144,"2025-05-16 16:01:37.648981","2025-05-16 16:01:38.410480","0 days 00:00:00.761499",176,240.0,160.0,176.0,"",0.004245351813329446,4,"","","","","","","","","","","","","","","","","","","","","","","","","","","","","","","","","","","","","","","","","","",0.13522331416606903,52.86127471923828,0.4733498990535736,0.5683931708335876,0.6291413307189941,-0.013241052627563477,0.2371009737253189,1932.5819091796875,0.2035359889268875,0.34411486983299255,0.6030888557434082,-0.5326392650604248,0.13752318918704987,63.207096099853516,0.21479426324367523,0.27011311054229736,0.47390881180763245,-0.3499746322631836,0.1350002884864807,65.99781799316406,0.45367419719696045,0.5788426399230957,0.5699900984764099,0.04909747838973999,"","","","","","","","","","","","","","","","","","","","","","","","","","","","","","","",0.10632035881280899,0.10947661846876144,"PRUNED"
