"number","value","datetime_start","datetime_complete","duration","params_decoder_layer_width_0","params_decoder_layer_width_1","params_decoder_layer_width_2","params_decoder_layer_width_3","params_decoder_layer_width_4","params_encoder_layer_width_0","params_encoder_layer_width_1","params_encoder_layer_width_2","params_encoder_layer_width_3","params_encoder_layer_width_4","params_lr","params_n_decoder_layers","params_n_encoder_layers","user_attrs_avg_mae","user_attrs_avg_mape","user_attrs_avg_ndcg10","user_attrs_avg_ndcg20","user_attrs_avg_ndcg50","user_attrs_avg_r2","user_attrs_fold10_mae","user_attrs_fold10_mape","user_attrs_fold10_ndcg10","user_attrs_fold10_ndcg20","user_attrs_fold10_ndcg50","user_attrs_fold10_r2","user_attrs_fold11_mae","user_attrs_fold11_mape","user_attrs_fold11_ndcg10","user_attrs_fold11_ndcg20","user_attrs_fold11_ndcg50","user_attrs_fold11_r2","user_attrs_fold12_mae","user_attrs_fold12_mape","user_attrs_fold12_ndcg10","user_attrs_fold12_ndcg20","user_attrs_fold12_ndcg50","user_attrs_fold12_r2","user_attrs_fold13_mae","user_attrs_fold13_mape","user_attrs_fold13_ndcg10","user_attrs_fold13_ndcg20","user_attrs_fold13_ndcg50","user_attrs_fold13_r2","user_attrs_fold14_mae","user_attrs_fold14_mape","user_attrs_fold14_ndcg10","user_attrs_fold14_ndcg20","user_attrs_fold14_ndcg50","user_attrs_fold14_r2","user_attrs_fold15_mae","user_attrs_fold15_mape","user_attrs_fold15_ndcg10","user_attrs_fold15_ndcg20","user_attrs_fold15_ndcg50","user_attrs_fold15_r2","user_attrs_fold1_mae","user_attrs_fold1_mape","user_attrs_fold1_ndcg10","user_attrs_fold1_ndcg20","user_attrs_fold1_ndcg50","user_attrs_fold1_r2","user_attrs_fold2_mae","user_attrs_fold2_mape","user_attrs_fold2_ndcg10","user_attrs_fold2_ndcg20","user_attrs_fold2_ndcg50","user_attrs_fold2_r2","user_attrs_fold3_mae","user_attrs_fold3_mape","user_attrs_fold3_ndcg10","user_attrs_fold3_ndcg20","user_attrs_fold3_ndcg50","user_attrs_fold3_r2","user_attrs_fold4_mae","user_attrs_fold4_mape","user_attrs_fold4_ndcg10","user_attrs_fold4_ndcg20","user_attrs_fold4_ndcg50","user_attrs_fold4_r2","user_attrs_fold5_mae","user_attrs_fold5_mape","user_attrs_fold5_ndcg10","user_attrs_fold5_ndcg20","user_attrs_fold5_ndcg50","user_attrs_fold5_r2","user_attrs_fold6_mae","user_attrs_fold6_mape","user_attrs_fold6_ndcg10","user_attrs_fold6_ndcg20","user_attrs_fold6_ndcg50","user_attrs_fold6_r2","user_attrs_fold7_mae","user_attrs_fold7_mape","user_attrs_fold7_ndcg10","user_attrs_fold7_ndcg20","user_attrs_fold7_ndcg50","user_attrs_fold7_r2","user_attrs_fold8_mae","user_attrs_fold8_mape","user_attrs_fold8_ndcg10","user_attrs_fold8_ndcg20","user_attrs_fold8_ndcg50","user_attrs_fold8_r2","user_attrs_fold9_mae","user_attrs_fold9_mape","user_attrs_fold9_ndcg10","user_attrs_fold9_ndcg20","user_attrs_fold9_ndcg50","user_attrs_fold9_r2","user_attrs_pca_components","system_attrs_completed_rung_0","system_attrs_completed_rung_1","state"
39,0.11654862016439438,"2025-05-16 15:31:33.727230","2025-05-16 15:31:34.625899","0 days 00:00:00.898669",208,80.0,256.0,"","",160,112.0,32.0,176.0,80.0,0.004804982441741536,3,5,"","","","","","","","","","","","","","","","","","","","","","","","","","","","","","","","","","","","","","","","","","",0.15358564257621765,56.07952880859375,0.570695161819458,0.6036803126335144,0.6491769552230835,-0.2966099977493286,"","","","","","","","","","","","","","","","","","","","","","","","","","","","","","","","","","","","","","","","","","","","","","","","","",0.11654862016439438,"","PRUNED"
40,0.1154707595705986,"2025-05-16 15:31:34.626200","2025-05-16 15:31:35.365224","0 days 00:00:00.739024",224,128.0,176.0,176.0,"",64,192.0,144.0,"","",0.0006257978423067452,4,3,"","","","","","","","","","","","","","","","","","","","","","","","","","","","","","","","","","","","","","","","","","",0.16221225261688232,54.151695251464844,0.35356131196022034,0.42342597246170044,0.6050996780395508,-0.4876776933670044,"","","","","","","","","","","","","","","","","","","","","","","","","","","","","","","","","","","","","","","","","","","","","","","","","",0.1154707595705986,"","PRUNED"
41,0.15423308809598288,"2025-05-16 15:31:35.365505","2025-05-16 15:31:38.653504","0 days 00:00:03.287999",240,208.0,192.0,80.0,"",32,"","","","",0.006280260493007523,4,1,0.15423308809598288,764.1032145182292,0.5042729794979095,0.4908483023444811,0.5288445303837458,-0.07674734989802043,0.19468124210834503,248.74203491210938,0.1341758817434311,0.19177089631557465,0.3500000536441803,-0.11739099025726318,0.17522193491458893,69.9649429321289,0.16616669297218323,0.1884569674730301,0.34256798028945923,-0.2826693058013916,0.13806013762950897,289.2102355957031,0.08602763712406158,0.09391754120588303,0.1282799243927002,-0.08547258377075195,0.11850010603666306,89.79019165039062,0.32937905192375183,0.331611692905426,0.3249877691268921,-0.13985896110534668,0.23520095646381378,177.9589080810547,0.737336277961731,0.589661717414856,0.49956566095352173,-0.29038774967193604,0.16370798647403717,331.4256896972656,0.20146360993385315,0.20945324003696442,0.3489944338798523,-0.46301305294036865,0.14147868752479553,56.7213134765625,0.8925605416297913,0.7477545142173767,0.7759674787521362,0.041524529457092285,0.20494931936264038,1615.525634765625,0.6700368523597717,0.6474360823631287,0.827157735824585,-0.1144094467163086,0.15364760160446167,97.2360610961914,0.8046066164970398,0.7633620500564575,0.7374356389045715,-0.23467648029327393,0.1187949851155281,68.23822021484375,0.9111312031745911,0.7798411250114441,0.8068565130233765,0.34171658754348755,0.11041443049907684,959.9808959960938,0.511798620223999,0.43231457471847534,0.5237288475036621,0.01679021120071411,0.09842345118522644,1187.3009033203125,0.1955541968345642,0.23660962283611298,0.23042233288288116,0.0342860221862793,0.11946053802967072,321.47589111328125,0.97760009765625,0.8435894250869751,0.7854288816452026,0.2647121548652649,0.12922030687332153,570.099365234375,0.3929011821746826,0.5931888818740845,0.5793319344520569,0.11457276344299316,0.21173463761806488,5377.8779296875,0.5533562302589417,0.7137562036514282,0.6719427704811096,-0.23693394660949707,5.0,0.10771769285202026,0.1073535904288292,"COMPLETE"
42,0.14921829452117283,"2025-05-16 15:31:38.653968","2025-05-16 15:31:41.871489","0 days 00:00:03.217521",240,176.0,208.0,64.0,"",32,"","","","",0.00809994728489074,4,1,0.14921829452117283,524.0109771728515,0.413383886218071,0.4262464135885239,0.4548835575580597,-0.06570606231689453,0.1957094967365265,251.2684326171875,0.11379244923591614,0.1091509610414505,0.12358522415161133,-0.14078056812286377,0.18163470923900604,68.69634246826172,0.2939348518848419,0.30614590644836426,0.3304855525493622,-0.3928534984588623,0.13632923364639282,291.9203186035156,0.13448750972747803,0.12336486577987671,0.15225234627723694,-0.047077298164367676,0.11835265904664993,80.45732116699219,0.10313347727060318,0.13512706756591797,0.234578937292099,-0.17124104499816895,0.24702167510986328,282.4825134277344,0.10080287605524063,0.1386282742023468,0.11985142529010773,-0.22301876544952393,0.13291442394256592,261.1960144042969,0.357278436422348,0.31332048773765564,0.34556734561920166,-0.14908099174499512,0.14740638434886932,64.64671325683594,0.8764916062355042,0.8089932799339294,0.7838338017463684,0.02900242805480957,0.19885432720184326,1420.1409912109375,0.6030110716819763,0.6494002938270569,0.7987487316131592,-0.006579995155334473,0.1451198309659958,86.94654083251953,0.8360481858253479,0.7464916110038757,0.7508341073989868,-0.053196072578430176,0.13327576220035553,65.66227722167969,0.7761434316635132,0.6986945271492004,0.7462790608406067,0.10986125469207764,0.10038302838802338,367.598876953125,0.3165311813354492,0.42064139246940613,0.47785240411758423,-0.10838484764099121,0.08384382724761963,974.1100463867188,0.13279831409454346,0.25966447591781616,0.2328891009092331,0.040074169635772705,0.13667486608028412,243.82476806640625,0.4669552743434906,0.3859875500202179,0.3851250410079956,-0.179784893989563,0.14352941513061523,894.4703369140625,0.39536988735198975,0.5109987258911133,0.5885882377624512,-0.046475768089294434,0.13722477853298187,2506.7431640625,0.6939797401428223,0.7870867848396301,0.7527820467948914,0.35394495725631714,5.0,0.10446801036596298,0.10959749668836594,"COMPLETE"
43,0.11551202833652496,"2025-05-16 15:31:41.871946","2025-05-16 15:31:42.320400","0 days 00:00:00.448454",256,176.0,240.0,16.0,"",16,"","","","",0.002974041028975125,4,1,"","","","","","","","","","","","","","","","","","","","","","","","","","","","","","","","","","","","","","","","","","",0.15178325772285461,61.507598876953125,0.8677042722702026,0.758736789226532,0.7852518558502197,-0.062259554862976074,"","","","","","","","","","","","","","","","","","","","","","","","","","","","","","","","","","","","","","","","","","","","","","","","","",0.11551202833652496,"","PRUNED"
44,0.11240565776824951,"2025-05-16 15:31:42.320678","2025-05-16 15:31:43.522170","0 days 00:00:01.201492",224,160.0,240.0,48.0,32.0,96,"","","","",0.011637483112142567,5,1,"","","","","","","","","","","","","","","","","","","","","","","","","","","","","","","","","","","","","","","","","","",0.1596844345331192,66.99634552001953,0.7643724679946899,0.7419569492340088,0.7515187859535217,-0.1334458589553833,0.19723819196224213,894.2786865234375,0.5880169868469238,0.6101800799369812,0.7703982591629028,-0.19176113605499268,0.14174112677574158,77.55558776855469,0.7969100475311279,0.7378702759742737,0.7396798729896545,-0.016930222511291504,0.159744992852211,93.92998504638672,0.9419389367103577,0.7651245594024658,0.7659369707107544,-0.02536451816558838,"","","","","","","","","","","","","","","","","","","","","","","","","","","","","","","",0.10488003492355347,0.11240565776824951,"PRUNED"
45,0.1163172721862793,"2025-05-16 15:31:43.522436","2025-05-16 15:31:44.120873","0 days 00:00:00.598437",240,192.0,208.0,144.0,"",48,48.0,"","","",0.02341573997951376,4,2,"","","","","","","","","","","","","","","","","","","","","","","","","","","","","","","","","","","","","","","","","","",0.1407816857099533,45.5727653503418,0.6615100502967834,0.6476681232452393,0.6930213570594788,-0.30071544647216797,"","","","","","","","","","","","","","","","","","","","","","","","","","","","","","","","","","","","","","","","","","","","","","","","","",0.1163172721862793,"","PRUNED"
46,0.11905590444803238,"2025-05-16 15:31:44.121133","2025-05-16 15:31:44.611950","0 days 00:00:00.490817",192,240.0,240.0,112.0,"",80,"","","","",0.00019473821512934039,4,1,"","","","","","","","","","","","","","","","","","","","","","","","","","","","","","","","","","","","","","","","","","",0.1692090779542923,61.20075988769531,0.7070097327232361,0.6878345012664795,0.7489993572235107,-0.4610384702682495,"","","","","","","","","","","","","","","","","","","","","","","","","","","","","","","","","","","","","","","","","","","","","","","","","",0.11905590444803238,"","PRUNED"
47,0.11397438496351242,"2025-05-16 15:31:44.612206","2025-05-16 15:31:45.201257","0 days 00:00:00.589051",128,128.0,224.0,"","",240,176.0,"","","",0.008116757831661815,3,2,"","","","","","","","","","","","","","","","","","","","","","","","","","","","","","","","","","","","","","","","","","",0.2041088044643402,79.27155303955078,0.6162682771682739,0.5958871841430664,0.6598829030990601,-0.8546671867370605,"","","","","","","","","","","","","","","","","","","","","","","","","","","","","","","","","","","","","","","","","","","","","","","","","",0.11397438496351242,"","PRUNED"
48,0.11498093605041504,"2025-05-16 15:31:45.201582","2025-05-16 15:31:45.780806","0 days 00:00:00.579224",160,"","","","",16,144.0,32.0,"","",0.002015029112279886,1,3,"","","","","","","","","","","","","","","","","","","","","","","","","","","","","","","","","","","","","","","","","","",0.17630650103092194,62.13409423828125,0.8043089509010315,0.7489007711410522,0.7711731195449829,-0.5682270526885986,"","","","","","","","","","","","","","","","","","","","","","","","","","","","","","","","","","","","","","","","","","","","","","","","","",0.11498093605041504,"","PRUNED"
49,0.1142803207039833,"2025-05-16 15:31:45.781057","2025-05-16 15:31:46.710473","0 days 00:00:00.929416",256,112.0,176.0,64.0,160.0,64,208.0,192.0,224.0,"",0.0037752275733164086,5,4,"","","","","","","","","","","","","","","","","","","","","","","","","","","","","","","","","","","","","","","","","","",0.15871070325374603,53.34559631347656,0.7226316332817078,0.711209237575531,0.7111048698425293,-0.4479665756225586,"","","","","","","","","","","","","","","","","","","","","","","","","","","","","","","","","","","","","","","","","","","","","","","","","",0.1142803207039833,"","PRUNED"
50,0.11419874429702759,"2025-05-16 15:31:46.710813","2025-05-16 15:31:47.632396","0 days 00:00:00.921583",224,32.0,208.0,"","",192,96.0,64.0,112.0,96.0,0.0010561589501225277,3,5,"","","","","","","","","","","","","","","","","","","","","","","","","","","","","","","","","","","","","","","","","","",0.1676478087902069,59.744972229003906,0.5556671619415283,0.6045510172843933,0.6824571490287781,-0.4754924774169922,"","","","","","","","","","","","","","","","","","","","","","","","","","","","","","","","","","","","","","","","","","","","","","","","","",0.11419874429702759,"","PRUNED"
51,0.11019964516162872,"2025-05-16 15:31:47.632707","2025-05-16 15:31:48.762016","0 days 00:00:01.129309",240,208.0,192.0,80.0,"",32,"","","","",0.006670854092716102,4,1,"","","","","","","","","","","","","","","","","","","","","","","","","","","","","","","","","","","","","","","","","","",0.16142289340496063,64.90608215332031,0.8615738153457642,0.8048430681228638,0.7438086271286011,-0.16279661655426025,0.2064959704875946,1137.085205078125,0.6835800409317017,0.6728442907333374,0.8367351293563843,-0.20822274684906006,0.16344401240348816,98.82198333740234,0.8046066164970398,0.7582211494445801,0.7339966297149658,-0.4987984895706177,0.12896500527858734,73.03568267822266,0.8847839832305908,0.741726279258728,0.7571789622306824,0.24139374494552612,"","","","","","","","","","","","","","","","","","","","","","","","","","","","","","","",0.10818160325288773,0.11019964516162872,"PRUNED"
52,0.11537550389766693,"2025-05-16 15:31:48.762275","2025-05-16 15:31:49.215884","0 days 00:00:00.453609",256,224.0,240.0,32.0,"",32,"","","","",0.0134013688489626,4,1,"","","","","","","","","","","","","","","","","","","","","","","","","","","","","","","","","","","","","","","","","","",0.161980539560318,70.09268188476562,0.8506703972816467,0.7248045802116394,0.7447490692138672,-0.1319131851196289,"","","","","","","","","","","","","","","","","","","","","","","","","","","","","","","","","","","","","","","","","","","","","","","","","",0.11537550389766693,"","PRUNED"
53,0.11054825782775879,"2025-05-16 15:31:49.216138","2025-05-16 15:31:50.329362","0 days 00:00:01.113224",240,192.0,144.0,80.0,"",48,"","","","",0.007955410762929976,4,1,"","","","","","","","","","","","","","","","","","","","","","","","","","","","","","","","","","","","","","","","","","",0.16039462387561798,64.7601318359375,0.905627429485321,0.8038169741630554,0.769259512424469,-0.14866995811462402,0.20073005557060242,1143.1893310546875,0.6275044083595276,0.701466977596283,0.8350366353988647,-0.035341620445251465,0.1441713571548462,78.75444030761719,0.7058153748512268,0.6488111019134521,0.652920663356781,-0.08362579345703125,0.13930794596672058,76.43101501464844,0.5516042113304138,0.6520434617996216,0.6862144470214844,0.1010090708732605,"","","","","","","","","","","","","","","","","","","","","","","","","","","","","","","",0.10482306033372879,0.11054825782775879,"PRUNED"
54,0.14612983663876852,"2025-05-16 15:31:50.329622","2025-05-16 15:31:53.597342","0 days 00:00:03.267720",224,240.0,192.0,64.0,"",16,"","","","",0.0048466281819992425,4,1,0.14612983663876852,515.1418744405111,0.4848706896106402,0.48305573215087255,0.4876608391602834,-0.026882100105285644,0.19515585899353027,223.96542358398438,0.09502942860126495,0.09908497333526611,0.1061219722032547,-0.16915857791900635,0.18289941549301147,76.26615905761719,0.15652425587177277,0.17358383536338806,0.1865941882133484,-0.3548433780670166,0.13646697998046875,290.3895263671875,0.26815927028656006,0.2687959372997284,0.2815301716327667,-0.03647804260253906,0.1254369020462036,92.0667495727539,0.07190688699483871,0.08746509999036789,0.1285846084356308,-0.2447516918182373,0.2326006442308426,142.9639892578125,0.7414885759353638,0.6709608435630798,0.5694749355316162,-0.3161691427230835,0.11299197375774384,200.33297729492188,0.175369530916214,0.1690317988395691,0.28278133273124695,-0.016054630279541016,0.1355179101228714,62.53952407836914,0.8152386546134949,0.7478811740875244,0.7711161375045776,0.13600140810012817,0.20575842261314392,1305.377685546875,0.5990331768989563,0.6568046808242798,0.8369976282119751,-0.14320111274719238,0.1499071568250656,97.20506286621094,0.8354072570800781,0.778398871421814,0.7787166237831116,-0.10984265804290771,0.13168378174304962,67.7042465209961,0.7692452073097229,0.711831271648407,0.7588444352149963,0.18416905403137207,0.1044122651219368,453.91082763671875,0.3282228708267212,0.3714900016784668,0.35951629281044006,-0.20213091373443604,0.09574487060308456,1261.6053466796875,0.2406037151813507,0.30267730355262756,0.26831674575805664,0.03899580240249634,0.11165276169776917,418.34454345703125,0.9695706367492676,0.8242589831352234,0.7220595479011536,0.4089316725730896,0.13790495693683624,755.638427734375,0.3959220349788666,0.595367968082428,0.5880048871040344,0.06527763605117798,0.13381364941596985,2278.817626953125,0.8113388419151306,0.788203239440918,0.676253080368042,0.35602307319641113,5.0,0.10746614634990692,0.10916978120803833,"COMPLETE"
55,0.15717248767614364,"2025-05-16 15:31:53.597804","2025-05-16 15:31:56.721109","0 days 00:00:03.123305",96,240.0,208.0,112.0,"",16,"","","","",0.005200673923910208,4,1,0.15717248767614364,781.8042185465495,0.4477978693942229,0.4364842027425766,0.4777017374833425,-0.25940750042597455,0.19752651453018188,288.95355224609375,0.08090110123157501,0.11879029124975204,0.21599139273166656,-0.07116830348968506,0.18163812160491943,65.17162322998047,0.16609929502010345,0.17646776139736176,0.36101189255714417,-0.38512682914733887,0.1255061775445938,228.728271484375,0.1310618370771408,0.13148581981658936,0.14197978377342224,-0.042019009590148926,0.11740607768297195,79.1544189453125,0.18784737586975098,0.183334618806839,0.23169396817684174,-0.16298127174377441,0.2382742315530777,184.82545471191406,0.16270297765731812,0.16210544109344482,0.2269764393568039,-0.31338655948638916,0.10714875161647797,167.35708618164062,0.3167169392108917,0.2591504454612732,0.32428598403930664,-0.023488521575927734,0.15139110386371613,63.14457702636719,0.7765769958496094,0.7202964425086975,0.7486241459846497,-0.09586548805236816,0.2032395750284195,1335.049560546875,0.5861296057701111,0.687062680721283,0.8213281035423279,-0.1720414161682129,0.21955721080303192,135.080810546875,0.8171048760414124,0.761425256729126,0.7495076656341553,-2.7255141735076904,0.129939466714859,70.03472137451172,0.8838812112808228,0.7418264746665955,0.7873697876930237,0.24398112297058105,0.09999338537454605,481.0010986328125,0.3960949778556824,0.41958215832710266,0.4475077986717224,-0.05904102325439453,0.11868675798177719,1697.40869140625,0.040514495223760605,0.04894716292619705,0.061811789870262146,-0.2106720209121704,0.11399395763874054,348.5954895019531,0.9718946218490601,0.8276573419570923,0.7522425651550293,0.36521780490875244,0.12124225497245789,552.9094848632812,0.3881028890609741,0.5507970452308655,0.6067025065422058,0.15169543027877808,0.23204372823238373,6029.6484375,0.8113388419151306,0.7583341002464294,0.6884922385215759,-0.3907022476196289,5.0,0.10759666562080383,0.1075906753540039,"COMPLETE"
56,0.11688675731420517,"2025-05-16 15:31:56.721554","2025-05-16 15:31:57.356482","0 days 00:00:00.634928",208,256.0,160.0,64.0,80.0,16,160.0,"","","",0.019794915775163766,5,2,"","","","","","","","","","","","","","","","","","","","","","","","","","","","","","","","","","","","","","","","","","",0.19160965085029602,71.12024688720703,0.5048133134841919,0.5189390778541565,0.6808052062988281,-0.7342007160186768,"","","","","","","","","","","","","","","","","","","","","","","","","","","","","","","","","","","","","","","","","","","","","","","","","",0.11688675731420517,"","PRUNED"
57,0.11493899673223495,"2025-05-16 15:31:57.356749","2025-05-16 15:31:57.732754","0 days 00:00:00.376005",224,16.0,"","","",96,"","","","",0.0034314989191616394,2,1,"","","","","","","","","","","","","","","","","","","","","","","","","","","","","","","","","","","","","","","","","","",0.16034166514873505,58.04648971557617,0.7489161491394043,0.7051485180854797,0.7392584681510925,-0.30014097690582275,"","","","","","","","","","","","","","","","","","","","","","","","","","","","","","","","","","","","","","","","","","","","","","","","","",0.11493899673223495,"","PRUNED"
58,0.1126890480518341,"2025-05-16 15:31:57.733000","2025-05-16 15:31:58.545171","0 days 00:00:00.812171",192,160.0,128.0,"","",48,240.0,96.0,64.0,"",0.004331720983968242,3,4,"","","","","","","","","","","","","","","","","","","","","","","","","","","","","","","","","","","","","","","","","","",0.12981855869293213,44.940887451171875,0.9223771691322327,0.7794010639190674,0.7258043885231018,-0.10394048690795898,"","","","","","","","","","","","","","","","","","","","","","","","","","","","","","","","","","","","","","","","","","","","","","","","","",0.1126890480518341,"","PRUNED"
