"number","value","datetime_start","datetime_complete","duration","params_decoder_layer_width_0","params_decoder_layer_width_1","params_decoder_layer_width_2","params_decoder_layer_width_3","params_decoder_layer_width_4","params_encoder_layer_width_0","params_encoder_layer_width_1","params_encoder_layer_width_2","params_encoder_layer_width_3","params_encoder_layer_width_4","params_gatv2_dropout","params_gatv2_heads","params_lr","params_n_decoder_layers","params_n_encoder_layers","user_attrs_avg_mae","user_attrs_avg_mape","user_attrs_avg_ndcg10","user_attrs_avg_ndcg20","user_attrs_avg_ndcg50","user_attrs_avg_r2","user_attrs_fold10_mae","user_attrs_fold10_mape","user_attrs_fold10_ndcg10","user_attrs_fold10_ndcg20","user_attrs_fold10_ndcg50","user_attrs_fold10_r2","user_attrs_fold11_mae","user_attrs_fold11_mape","user_attrs_fold11_ndcg10","user_attrs_fold11_ndcg20","user_attrs_fold11_ndcg50","user_attrs_fold11_r2","user_attrs_fold12_mae","user_attrs_fold12_mape","user_attrs_fold12_ndcg10","user_attrs_fold12_ndcg20","user_attrs_fold12_ndcg50","user_attrs_fold12_r2","user_attrs_fold13_mae","user_attrs_fold13_mape","user_attrs_fold13_ndcg10","user_attrs_fold13_ndcg20","user_attrs_fold13_ndcg50","user_attrs_fold13_r2","user_attrs_fold14_mae","user_attrs_fold14_mape","user_attrs_fold14_ndcg10","user_attrs_fold14_ndcg20","user_attrs_fold14_ndcg50","user_attrs_fold14_r2","user_attrs_fold15_mae","user_attrs_fold15_mape","user_attrs_fold15_ndcg10","user_attrs_fold15_ndcg20","user_attrs_fold15_ndcg50","user_attrs_fold15_r2","user_attrs_fold1_mae","user_attrs_fold1_mape","user_attrs_fold1_ndcg10","user_attrs_fold1_ndcg20","user_attrs_fold1_ndcg50","user_attrs_fold1_r2","user_attrs_fold2_mae","user_attrs_fold2_mape","user_attrs_fold2_ndcg10","user_attrs_fold2_ndcg20","user_attrs_fold2_ndcg50","user_attrs_fold2_r2","user_attrs_fold3_mae","user_attrs_fold3_mape","user_attrs_fold3_ndcg10","user_attrs_fold3_ndcg20","user_attrs_fold3_ndcg50","user_attrs_fold3_r2","user_attrs_fold4_mae","user_attrs_fold4_mape","user_attrs_fold4_ndcg10","user_attrs_fold4_ndcg20","user_attrs_fold4_ndcg50","user_attrs_fold4_r2","user_attrs_fold5_mae","user_attrs_fold5_mape","user_attrs_fold5_ndcg10","user_attrs_fold5_ndcg20","user_attrs_fold5_ndcg50","user_attrs_fold5_r2","user_attrs_fold6_mae","user_attrs_fold6_mape","user_attrs_fold6_ndcg10","user_attrs_fold6_ndcg20","user_attrs_fold6_ndcg50","user_attrs_fold6_r2","user_attrs_fold7_mae","user_attrs_fold7_mape","user_attrs_fold7_ndcg10","user_attrs_fold7_ndcg20","user_attrs_fold7_ndcg50","user_attrs_fold7_r2","user_attrs_fold8_mae","user_attrs_fold8_mape","user_attrs_fold8_ndcg10","user_attrs_fold8_ndcg20","user_attrs_fold8_ndcg50","user_attrs_fold8_r2","user_attrs_fold9_mae","user_attrs_fold9_mape","user_attrs_fold9_ndcg10","user_attrs_fold9_ndcg20","user_attrs_fold9_ndcg50","user_attrs_fold9_r2","user_attrs_pca_components","system_attrs_completed_rung_0","system_attrs_completed_rung_1","state"
13,0.11698946356773376,"2025-05-16 15:37:01.338420","2025-05-16 15:37:01.876654","0 days 00:00:00.538234",176,160.0,208.0,176.0,"",16,"","","","",0.1,5,0.000548904774306363,4,1,"","","","","","","","","","","","","","","","","","","","","","","","","","","","","","","","","","","","","","","","","","",0.146175816655159,68.79961395263672,0.5937848687171936,0.6329517364501953,0.6452264189720154,0.0578153133392334,"","","","","","","","","","","","","","","","","","","","","","","","","","","","","","","","","","","","","","","","","","","","","","","","","",0.11698946356773376,"","PRUNED"
14,0.11229901015758514,"2025-05-16 15:37:01.876920","2025-05-16 15:37:03.950491","0 days 00:00:02.073571",96,192.0,224.0,256.0,"",64,176.0,"","","",0.1,2,0.002042522887177407,4,2,"","","","","","","","","","","","","","","","","","","","","","","","","","","","","","","","","","","","","","","","","","",0.16537800431251526,56.56348419189453,0.7382091283798218,0.7008876800537109,0.7373097538948059,-0.48370110988616943,0.23923052847385406,3902.951416015625,0.35361289978027344,0.4998399615287781,0.6788239479064941,-0.062018513679504395,0.189431294798851,87.22647094726562,0.33011627197265625,0.38632437586784363,0.5265288949012756,-0.9881813526153564,0.13234633207321167,63.42986297607422,0.22870248556137085,0.39260584115982056,0.5087906122207642,-0.07455611228942871,"","","","","","","","","","","","","","","","","","","","","","","","","","","","","","","",0.1094428151845932,0.11229901015758514,"PRUNED"
15,0.11448326706886292,"2025-05-16 15:37:03.950772","2025-05-16 15:37:05.650252","0 days 00:00:01.699480",112,128.0,112.0,176.0,"",64,192.0,"","","",0.2,7,0.00044079493980723333,4,2,"","","","","","","","","","","","","","","","","","","","","","","","","","","","","","","","","","","","","","","","","","",0.1628173291683197,63.530338287353516,0.40801697969436646,0.40660902857780457,0.5094521641731262,-0.4208167791366577,"","","","","","","","","","","","","","","","","","","","","","","","","","","","","","","","","","","","","","","","","","","","","","","","","",0.11448326706886292,"","PRUNED"
16,0.12806986272335052,"2025-05-16 15:37:05.650541","2025-05-16 15:37:06.650227","0 days 00:00:00.999686",192,144.0,208.0,32.0,"",96,160.0,"","","",0.0,3,0.00011309722545745624,4,2,"","","","","","","","","","","","","","","","","","","","","","","","","","","","","","","","","","","","","","","","","","",0.1794659048318863,61.389183044433594,0.3768101632595062,0.42559847235679626,0.5650666356086731,-0.6916532516479492,"","","","","","","","","","","","","","","","","","","","","","","","","","","","","","","","","","","","","","","","","","","","","","","","","",0.12806986272335052,"","PRUNED"
17,0.11416611075401306,"2025-05-16 15:37:06.650517","2025-05-16 15:37:07.124290","0 days 00:00:00.473773",128,192.0,"","","",32,"","","","",0.30000000000000004,6,0.00107315203635109,2,1,"","","","","","","","","","","","","","","","","","","","","","","","","","","","","","","","","","","","","","","","","","",0.18924756348133087,73.28610229492188,0.7975636720657349,0.7061753273010254,0.7322999238967896,-0.6118142604827881,"","","","","","","","","","","","","","","","","","","","","","","","","","","","","","","","","","","","","","","","","","","","","","","","","",0.11416611075401306,"","PRUNED"
18,0.11720454692840576,"2025-05-16 15:37:07.124552","2025-05-16 15:37:07.930169","0 days 00:00:00.805617",48,128.0,"","","",48,256.0,80.0,"","",0.1,1,0.00036400906831025794,2,3,"","","","","","","","","","","","","","","","","","","","","","","","","","","","","","","","","","","","","","","","","","",0.15471942722797394,48.52328872680664,0.3101609945297241,0.3621177673339844,0.5596593022346497,-0.48049914836883545,"","","","","","","","","","","","","","","","","","","","","","","","","","","","","","","","","","","","","","","","","","","","","","","","","",0.11720454692840576,"","PRUNED"
19,0.11697825789451599,"2025-05-16 15:37:07.930442","2025-05-16 15:37:10.803215","0 days 00:00:02.872773",176,208.0,256.0,192.0,"",96,208.0,"","","",0.0,10,0.0029211664619859063,4,2,"","","","","","","","","","","","","","","","","","","","","","","","","","","","","","","","","","","","","","","","","","",0.14059369266033173,46.33273696899414,0.8608444929122925,0.7278233170509338,0.6841554641723633,-0.22891807556152344,"","","","","","","","","","","","","","","","","","","","","","","","","","","","","","","","","","","","","","","","","","","","","","","","","",0.11697825789451599,"","PRUNED"
20,0.11664539575576782,"2025-05-16 15:37:10.803500","2025-05-16 15:37:11.201861","0 days 00:00:00.398361",16,"","","","",32,"","","","",0.2,3,0.012620989778243512,1,1,"","","","","","","","","","","","","","","","","","","","","","","","","","","","","","","","","","","","","","","","","","",0.16085228323936462,73.2655029296875,0.8012659549713135,0.7032133936882019,0.6796515583992004,-0.16564571857452393,"","","","","","","","","","","","","","","","","","","","","","","","","","","","","","","","","","","","","","","","","","","","","","","","","",0.11664539575576782,"","PRUNED"
21,0.14520932088295618,"2025-05-16 15:37:11.202172","2025-05-16 15:37:14.936906","0 days 00:00:03.734734",160,160.0,256.0,256.0,"",16,"","","","",0.1,4,0.0008318176159360358,4,1,0.14520932088295618,459.82581990559896,0.5759960929552714,0.5777578679223855,0.6174542884031932,-0.062239992618560794,0.18105527758598328,201.12454223632812,0.9977991580963135,0.8522438406944275,0.7463548183441162,0.03681403398513794,0.17888657748699188,55.36774444580078,1.0,0.9568802118301392,0.8327948451042175,-0.2894686460494995,0.10897619277238846,107.7010726928711,0.8419048190116882,0.7314812541007996,0.6799679398536682,-0.03156125545501709,0.1076921597123146,122.08739471435547,0.6095105409622192,0.6464922428131104,0.6585748195648193,0.28768640756607056,0.20592357218265533,111.55936431884766,1.0,0.8844897150993347,0.7895807027816772,0.02193319797515869,0.09699470549821854,110.55726623535156,0.7377670407295227,0.6717971563339233,0.7145801782608032,0.0065847039222717285,0.17388615012168884,66.2000961303711,0.6455561518669128,0.6172527074813843,0.6712074875831604,-0.4629935026168823,0.24247968196868896,3301.86376953125,0.3152036964893341,0.43241891264915466,0.6207578778266907,-0.18925213813781738,0.1790069192647934,81.26134490966797,0.5768275260925293,0.525589644908905,0.55292147397995,-0.7589236497879028,0.1741800308227539,154.10354614257812,0.5227932929992676,0.6280546188354492,0.6489512324333191,-0.04952812194824219,0.09830063581466675,283.02105712890625,0.23512697219848633,0.2770739793777466,0.3867100477218628,-0.18156588077545166,0.07877128571271896,839.4122314453125,0.05148622393608093,0.05499453470110893,0.07874229550361633,0.04620373249053955,0.13588333129882812,415.5672912597656,0.35711416602134705,0.3627811372280121,0.5929562449455261,0.20090758800506592,0.1293506622314453,582.3463134765625,0.20214298367500305,0.3424043655395508,0.5008577108383179,0.0641748309135437,0.08675263077020645,465.2142639160156,0.5467088222503662,0.6824136972427368,0.7868566513061523,0.36538881063461304,5.0,0.1043982282280922,0.11094116419553757,"COMPLETE"
22,0.14662943134705225,"2025-05-16 15:37:14.937356","2025-05-16 15:37:18.646808","0 days 00:00:03.709452",144,176.0,192.0,256.0,"",16,"","","","",0.1,1,0.0014557550224158415,4,1,0.14662943134705225,639.8523577372233,0.5613765229781469,0.5852422893047333,0.6150960390766461,-0.006685860951741536,0.18414518237113953,225.25637817382812,0.9977991580963135,0.7958422303199768,0.7248558402061462,0.017569363117218018,0.157054141163826,63.30587387084961,0.8506550788879395,0.8040266036987305,0.8066555857658386,0.032861173152923584,0.1136869341135025,176.54193115234375,0.6871445178985596,0.6070671081542969,0.5355490446090698,-0.02100074291229248,0.11000804603099823,81.65335845947266,0.6807857751846313,0.623271644115448,0.599480926990509,0.03322547674179077,0.23450951278209686,161.3265838623047,0.7192166447639465,0.7394911646842957,0.8078116774559021,-0.30220651626586914,0.09670023620128632,157.4078369140625,0.6335749626159668,0.7459242939949036,0.728782594203949,0.219526469707489,0.1485735923051834,72.98599243164062,0.59061199426651,0.7286685705184937,0.727232813835144,0.08540397882461548,0.2772229015827179,4106.78173828125,0.2145850658416748,0.4599830210208893,0.6037347316741943,-0.44317758083343506,0.161383718252182,77.9607925415039,0.5021377205848694,0.608470618724823,0.664818286895752,-0.4171499013900757,0.13110095262527466,94.50509643554688,0.9273962378501892,0.772013783454895,0.8588165044784546,0.2416400909423828,0.10197807103395462,391.8067321777344,0.22693242132663727,0.3548934757709503,0.4000546634197235,-0.2126837968826294,0.09754262864589691,1226.7005615234375,0.11010870337486267,0.09955155849456787,0.10895542055368423,0.0326535701751709,0.13899114727973938,388.87750244140625,0.32433822751045227,0.31270888447761536,0.4859255254268646,0.10810655355453491,0.14707361161708832,846.7125854492188,0.3827231228351593,0.3749234676361084,0.4388080835342407,0.043839991092681885,0.09947079420089722,1525.96240234375,0.572638213634491,0.7517979145050049,0.7349588871002197,0.48110395669937134,5.0,0.10414312034845352,0.10896426439285278,"COMPLETE"
23,0.1142917200922966,"2025-05-16 15:37:18.647248","2025-05-16 15:37:19.508497","0 days 00:00:00.861249",176,112.0,256.0,"","",48,96.0,"","","",0.2,4,0.00036733859552867616,3,2,"","","","","","","","","","","","","","","","","","","","","","","","","","","","","","","","","","","","","","","","","","",0.167983278632164,58.08877182006836,0.568899929523468,0.6261540055274963,0.6088128089904785,-0.532740592956543,"","","","","","","","","","","","","","","","","","","","","","","","","","","","","","","","","","","","","","","","","","","","","","","","","",0.1142917200922966,"","PRUNED"
24,0.11893294006586075,"2025-05-16 15:37:19.508773","2025-05-16 15:37:20.768024","0 days 00:00:01.259251",128,160.0,224.0,224.0,32.0,80,144.0,128.0,"","",0.0,3,0.0008512601832390651,5,3,"","","","","","","","","","","","","","","","","","","","","","","","","","","","","","","","","","","","","","","","","","",0.16099727153778076,51.78911590576172,0.359404981136322,0.3854878544807434,0.5473989248275757,-0.5226167440414429,"","","","","","","","","","","","","","","","","","","","","","","","","","","","","","","","","","","","","","","","","","","","","","","","","",0.11893294006586075,"","PRUNED"
25,0.10969716310501099,"2025-05-16 15:37:20.768373","2025-05-16 15:37:22.094731","0 days 00:00:01.326358",192,144.0,224.0,208.0,"",32,"","","","",0.1,1,0.0026602123457909084,4,1,"","","","","","","","","","","","","","","","","","","","","","","","","","","","","","","","","","","","","","","","","","",0.141347274184227,62.60627365112305,0.5915504693984985,0.6187357306480408,0.7037525177001953,0.013293981552124023,0.31232985854148865,3988.001220703125,0.31798455119132996,0.4467182755470276,0.613675594329834,-1.0830442905426025,0.18075832724571228,82.68399047851562,0.8075742125511169,0.716626763343811,0.688506543636322,-0.7465901374816895,0.16123919188976288,133.38238525390625,0.8001629710197449,0.7447752952575684,0.7510953545570374,0.11132502555847168,"","","","","","","","","","","","","","","","","","","","","","","","","","","","","","","",0.09991491585969925,0.10969716310501099,"PRUNED"
26,0.11577776819467545,"2025-05-16 15:37:22.095021","2025-05-16 15:37:23.959249","0 days 00:00:01.864228",160,224.0,128.0,"","",48,48.0,256.0,"","",0.30000000000000004,5,0.0012600332299236216,3,3,"","","","","","","","","","","","","","","","","","","","","","","","","","","","","","","","","","","","","","","","","","",0.17422907054424286,60.26295471191406,0.7276809215545654,0.7162789702415466,0.6783410310745239,-0.593299150466919,"","","","","","","","","","","","","","","","","","","","","","","","","","","","","","","","","","","","","","","","","","","","","","","","","",0.11577776819467545,"","PRUNED"
27,0.11260485649108887,"2025-05-16 15:37:23.959531","2025-05-16 15:37:24.487320","0 days 00:00:00.527789",96,176.0,256.0,144.0,"",16,"","","","",0.1,2,0.0002850086829393618,4,1,"","","","","","","","","","","","","","","","","","","","","","","","","","","","","","","","","","","","","","","","","","",0.18332384526729584,69.6258316040039,0.8022965788841248,0.7173674702644348,0.746174693107605,-0.566582202911377,"","","","","","","","","","","","","","","","","","","","","","","","","","","","","","","","","","","","","","","","","","","","","","","","","",0.11260485649108887,"","PRUNED"
28,0.11734921485185623,"2025-05-16 15:37:24.487590","2025-05-16 15:37:26.650935","0 days 00:00:02.163345",160,176.0,192.0,256.0,208.0,80,224.0,"","","",0.2,7,0.0006021635841465177,5,2,"","","","","","","","","","","","","","","","","","","","","","","","","","","","","","","","","","","","","","","","","","",0.1506190299987793,60.59762954711914,0.23414620757102966,0.2337101399898529,0.36954551935195923,-0.1988309621810913,"","","","","","","","","","","","","","","","","","","","","","","","","","","","","","","","","","","","","","","","","","","","","","","","","",0.11734921485185623,"","PRUNED"
29,0.12114951014518738,"2025-05-16 15:37:26.651225","2025-05-16 15:37:27.896247","0 days 00:00:01.245022",208,112.0,240.0,224.0,"",256,"","","","",0.0,4,0.00520663234539431,4,1,"","","","","","","","","","","","","","","","","","","","","","","","","","","","","","","","","","","","","","","","","","",0.21422088146209717,98.35752868652344,0.8998210430145264,0.7323770523071289,0.6883089542388916,-1.2202322483062744,"","","","","","","","","","","","","","","","","","","","","","","","","","","","","","","","","","","","","","","","","","","","","","","","","",0.12114951014518738,"","PRUNED"
30,0.1314699500799179,"2025-05-16 15:37:27.896517","2025-05-16 15:37:28.766668","0 days 00:00:00.870151",112,256.0,224.0,"","",208,96.0,"","","",0.1,2,0.0729470507310529,3,2,"","","","","","","","","","","","","","","","","","","","","","","","","","","","","","","","","","","","","","","","","","",0.17157423496246338,55.11186599731445,0.3079359233379364,0.3392367362976074,0.38500848412513733,-0.6767038106918335,"","","","","","","","","","","","","","","","","","","","","","","","","","","","","","","","","","","","","","","","","","","","","","","","","",0.1314699500799179,"","PRUNED"
31,0.14481390764315924,"2025-05-16 15:37:28.766971","2025-05-16 15:37:32.719341","0 days 00:00:03.952370",160,160.0,256.0,256.0,"",16,"","","","",0.1,4,0.001044091288748998,4,1,0.14481390764315924,519.9663441975912,0.6325681413213412,0.6240450178583463,0.6569756880402565,-0.014941390355428059,0.18953225016593933,179.2706756591797,0.9977991580963135,0.8895136117935181,0.7468300461769104,-0.1582430601119995,0.15585573017597198,56.351036071777344,0.9272226691246033,0.8521226644515991,0.8234692215919495,0.04945319890975952,0.10314715653657913,132.4285430908203,0.9042636752128601,0.8128756880760193,0.7623617053031921,0.20440417528152466,0.10677069425582886,79.23462677001953,0.654512882232666,0.6987643241882324,0.6957634091377258,0.05699169635772705,0.2187243103981018,157.03793334960938,0.818821370601654,0.8304930329322815,0.7210308909416199,-0.09598946571350098,0.09086549282073975,92.7596435546875,0.8108925819396973,0.8000954389572144,0.7953317165374756,0.14734876155853271,0.14162211120128632,64.3147964477539,0.6468483209609985,0.668868362903595,0.7282719612121582,0.088093101978302,0.24291862547397614,3216.14111328125,0.28969883918762207,0.4363565444946289,0.6220649480819702,-0.24100768566131592,0.17528007924556732,79.3191146850586,0.6782297492027283,0.6667850017547607,0.6470015645027161,-0.65740966796875,0.16973976790905,145.513916015625,0.7740160822868347,0.7439427971839905,0.7895188331604004,0.01639235019683838,0.10369870811700821,154.8743133544922,0.2309047281742096,0.29119032621383667,0.4558798670768738,-0.336122989654541,0.09963833540678024,1379.995361328125,0.08548130840063095,0.06220290809869766,0.08490287512540817,0.015622258186340332,0.13456909358501434,398.53912353515625,0.6821992993354797,0.5901153087615967,0.6608866453170776,0.20413923263549805,0.15042108297348022,907.8538208007812,0.13246287405490875,0.2387343794107437,0.456876665353775,0.051744163036346436,0.08942517638206482,755.8611450195312,0.8551685810089111,0.77861487865448,0.8644449710845947,0.4304630756378174,5.0,0.10629113763570786,0.10895249247550964,"COMPLETE"
32,0.11001966148614883,"2025-05-16 15:37:32.719838","2025-05-16 15:37:34.119802","0 days 00:00:01.399964",192,144.0,240.0,256.0,"",32,"","","","",0.1,3,0.0018116605836883254,4,1,"","","","","","","","","","","","","","","","","","","","","","","","","","","","","","","","","","","","","","","","","","",0.13782422244548798,66.93997192382812,0.8802847266197205,0.778414249420166,0.8196610808372498,0.1688198447227478,0.22460497915744781,3854.003173828125,0.2559832036495209,0.4869515001773834,0.6116687059402466,-0.009855270385742188,0.17952127754688263,81.50989532470703,0.7207467555999756,0.655052125453949,0.7197078466415405,-0.7767668962478638,0.1702546328306198,137.86825561523438,0.8096416592597961,0.6815559267997742,0.7529469728469849,0.06810766458511353,"","","","","","","","","","","","","","","","","","","","","","","","","","","","","","","",0.10557682067155838,0.11001966148614883,"PRUNED"
33,0.11408226191997528,"2025-05-16 15:37:34.120145","2025-05-16 15:37:34.728247","0 days 00:00:00.608102",144,192.0,256.0,240.0,112.0,16,"","","","",0.0,6,0.0008062895002999317,5,1,"","","","","","","","","","","","","","","","","","","","","","","","","","","","","","","","","","","","","","","","","","",0.1499119997024536,77.38536834716797,0.8798191547393799,0.729957103729248,0.7223488092422485,0.11771875619888306,"","","","","","","","","","","","","","","","","","","","","","","","","","","","","","","","","","","","","","","","","","","","","","","","","",0.11408226191997528,"","PRUNED"
34,0.11191348731517792,"2025-05-16 15:37:34.728526","2025-05-16 15:37:35.329012","0 days 00:00:00.600486",160,160.0,208.0,208.0,256.0,48,"","","","",0.2,2,0.0011088704363937647,5,1,"","","","","","","","","","","","","","","","","","","","","","","","","","","","","","","","","","","","","","","","","","",0.1582009196281433,62.51565933227539,0.7134408354759216,0.6977230310440063,0.6588247418403625,-0.22437262535095215,"","","","","","","","","","","","","","","","","","","","","","","","","","","","","","","","","","","","","","","","","","","","","","","","","",0.11191348731517792,"","PRUNED"
