"number","value","datetime_start","datetime_complete","duration","params_decoder_layer_width_0","params_decoder_layer_width_1","params_decoder_layer_width_2","params_decoder_layer_width_3","params_decoder_layer_width_4","params_encoder_layer_width_0","params_encoder_layer_width_1","params_encoder_layer_width_2","params_encoder_layer_width_3","params_encoder_layer_width_4","params_graphsage_aggregator","params_lr","params_n_decoder_layers","params_n_encoder_layers","user_attrs_avg_mae","user_attrs_avg_mape","user_attrs_avg_ndcg10","user_attrs_avg_ndcg20","user_attrs_avg_ndcg50","user_attrs_avg_r2","user_attrs_fold10_mae","user_attrs_fold10_mape","user_attrs_fold10_ndcg10","user_attrs_fold10_ndcg20","user_attrs_fold10_ndcg50","user_attrs_fold10_r2","user_attrs_fold11_mae","user_attrs_fold11_mape","user_attrs_fold11_ndcg10","user_attrs_fold11_ndcg20","user_attrs_fold11_ndcg50","user_attrs_fold11_r2","user_attrs_fold12_mae","user_attrs_fold12_mape","user_attrs_fold12_ndcg10","user_attrs_fold12_ndcg20","user_attrs_fold12_ndcg50","user_attrs_fold12_r2","user_attrs_fold13_mae","user_attrs_fold13_mape","user_attrs_fold13_ndcg10","user_attrs_fold13_ndcg20","user_attrs_fold13_ndcg50","user_attrs_fold13_r2","user_attrs_fold14_mae","user_attrs_fold14_mape","user_attrs_fold14_ndcg10","user_attrs_fold14_ndcg20","user_attrs_fold14_ndcg50","user_attrs_fold14_r2","user_attrs_fold15_mae","user_attrs_fold15_mape","user_attrs_fold15_ndcg10","user_attrs_fold15_ndcg20","user_attrs_fold15_ndcg50","user_attrs_fold15_r2","user_attrs_fold1_mae","user_attrs_fold1_mape","user_attrs_fold1_ndcg10","user_attrs_fold1_ndcg20","user_attrs_fold1_ndcg50","user_attrs_fold1_r2","user_attrs_fold2_mae","user_attrs_fold2_mape","user_attrs_fold2_ndcg10","user_attrs_fold2_ndcg20","user_attrs_fold2_ndcg50","user_attrs_fold2_r2","user_attrs_fold3_mae","user_attrs_fold3_mape","user_attrs_fold3_ndcg10","user_attrs_fold3_ndcg20","user_attrs_fold3_ndcg50","user_attrs_fold3_r2","user_attrs_fold4_mae","user_attrs_fold4_mape","user_attrs_fold4_ndcg10","user_attrs_fold4_ndcg20","user_attrs_fold4_ndcg50","user_attrs_fold4_r2","user_attrs_fold5_mae","user_attrs_fold5_mape","user_attrs_fold5_ndcg10","user_attrs_fold5_ndcg20","user_attrs_fold5_ndcg50","user_attrs_fold5_r2","user_attrs_fold6_mae","user_attrs_fold6_mape","user_attrs_fold6_ndcg10","user_attrs_fold6_ndcg20","user_attrs_fold6_ndcg50","user_attrs_fold6_r2","user_attrs_fold7_mae","user_attrs_fold7_mape","user_attrs_fold7_ndcg10","user_attrs_fold7_ndcg20","user_attrs_fold7_ndcg50","user_attrs_fold7_r2","user_attrs_fold8_mae","user_attrs_fold8_mape","user_attrs_fold8_ndcg10","user_attrs_fold8_ndcg20","user_attrs_fold8_ndcg50","user_attrs_fold8_r2","user_attrs_fold9_mae","user_attrs_fold9_mape","user_attrs_fold9_ndcg10","user_attrs_fold9_ndcg20","user_attrs_fold9_ndcg50","user_attrs_fold9_r2","user_attrs_pca_components","system_attrs_completed_rung_0","system_attrs_completed_rung_1","state"
92,0.1251470739642779,"2025-05-16 15:34:37.587111","2025-05-16 15:34:40.835266","0 days 00:00:03.248155",112,256.0,256.0,144.0,112.0,48,128.0,"","","","add",0.0022692865601808675,5,2,0.1251470739642779,759.3904909769694,0.8286699036757151,0.8118711590766907,0.7939125816027324,0.17560042142868043,0.155046746134758,268.548583984375,1.0,0.9996765851974487,0.791313886642456,0.38463008403778076,0.107855886220932,63.123756408691406,1.0,1.0,0.9061437249183655,0.6356375813484192,0.09576499462127686,121.85929107666016,1.0,0.8685643672943115,0.7800865769386292,0.39370840787887573,0.08718939870595932,60.9644889831543,0.9220688343048096,0.8515642285346985,0.8545548319816589,0.5152247548103333,0.1432754248380661,157.67262268066406,1.0,1.0,0.9545109272003174,0.5747860670089722,0.07591252774000168,94.4563217163086,0.9013025164604187,0.8769509792327881,0.8315862417221069,0.5169950127601624,0.12854090332984924,47.59846878051758,0.7714518904685974,0.7843567728996277,0.8425167798995972,0.1284542679786682,0.17944270372390747,3117.6474609375,0.632300078868866,0.6028200387954712,0.8373714685440063,0.21496742963790894,0.12613791227340698,56.31224060058594,0.8531640768051147,0.888496994972229,0.8731901049613953,0.12519270181655884,0.10092851519584656,53.49856185913086,0.7422754764556885,0.7798532843589783,0.8337579369544983,0.47810035943984985,0.11371222883462906,1166.43603515625,0.48728373646736145,0.5007596611976624,0.4670037627220154,0.049614548683166504,0.2228810042142868,4401.81787109375,0.8239266276359558,0.8830319046974182,0.7123794555664062,-2.458395004272461,0.11944986879825592,228.11032104492188,0.8491302132606506,0.7620978951454163,0.7480524182319641,0.25099778175354004,0.1278938353061676,540.6612548828125,0.5306410789489746,0.5373327136039734,0.6127703189849854,0.2634928226470947,0.09317415952682495,1012.1500854492188,0.9165040254592896,0.8425619602203369,0.863450288772583,0.5605995059013367,5.0,0.08509477972984314,0.08542899787425995,"COMPLETE"
93,0.08720618486404419,"2025-05-16 15:34:40.835792","2025-05-16 15:34:41.954982","0 days 00:00:01.119190",128,240.0,224.0,80.0,128.0,64,160.0,"","","","add",0.0029681721539971053,5,2,"","","","","","","","","","","","","","","","","","","","","","","","","","","","","","","","","","","","","","","","","","",0.10297968238592148,37.80851364135742,0.7767294049263,0.8269451260566711,0.8448335528373718,0.36738675832748413,0.18704962730407715,3407.850341796875,0.6510950326919556,0.6692198514938354,0.8429034352302551,0.20791923999786377,0.11209995299577713,55.29391860961914,0.9008983969688416,0.8470981121063232,0.8340699076652527,0.20527303218841553,0.1003534197807312,49.44001388549805,0.8641803860664368,0.8634065985679626,0.8497614860534668,0.5015732944011688,"","","","","","","","","","","","","","","","","","","","","","","","","","","","","","","",0.08719958364963531,0.08720618486404419,"PRUNED"
94,0.08702994138002396,"2025-05-16 15:34:41.955318","2025-05-16 15:34:42.968765","0 days 00:00:01.013447",80,112.0,240.0,128.0,80.0,16,144.0,"","","","add",0.003852355648747803,5,2,"","","","","","","","","","","","","","","","","","","","","","","","","","","","","","","","","","","","","","","","","","",0.11879852414131165,45.032508850097656,0.693889319896698,0.7703555822372437,0.814303994178772,0.28507715463638306,0.17207057774066925,3299.04248046875,0.651286244392395,0.6994754672050476,0.8539707660675049,0.27191686630249023,0.11146003007888794,52.18402099609375,0.8510283827781677,0.8839290738105774,0.8609241247177124,0.33562177419662476,0.10469426214694977,55.444740295410156,0.6593714952468872,0.7559162974357605,0.7954638004302979,0.4565858244895935,"","","","","","","","","","","","","","","","","","","","","","","","","","","","","","","",0.0854158103466034,0.08702994138002396,"PRUNED"
95,0.11870376666386923,"2025-05-16 15:34:42.969060","2025-05-16 15:34:46.031209","0 days 00:00:03.062149",112,224.0,256.0,112.0,96.0,64,48.0,"","","","add",0.0020041117887446068,5,2,0.11870376666386923,684.4227879842123,0.86096111536026,0.8278117299079895,0.8014172077178955,0.30197790265083313,0.1546601951122284,219.3480682373047,0.9993637800216675,0.9996161460876465,0.7904461622238159,0.34515058994293213,0.10671298950910568,59.52328872680664,1.0,1.0,0.9088709950447083,0.6310707926750183,0.0960744321346283,117.05243682861328,1.0,0.8603017926216125,0.7586427330970764,0.3859720826148987,0.08702605962753296,60.107154846191406,0.9552111625671387,0.8640149831771851,0.851362943649292,0.5368857979774475,0.15002374351024628,182.9188995361328,1.0,1.0,0.9574231505393982,0.5532463788986206,0.07877033948898315,81.22282409667969,0.888511598110199,0.83726567029953,0.8310274481773376,0.4559409022331238,0.12018135190010071,42.42240524291992,0.7490087151527405,0.7925358414649963,0.8414697051048279,0.18139135837554932,0.1935342699289322,3836.759521484375,0.6867542862892151,0.6365468502044678,0.8452575206756592,0.11280196905136108,0.11391876637935638,52.43338394165039,0.8793339729309082,0.8849936127662659,0.8529012799263,0.30009812116622925,0.09842915087938309,51.76230239868164,0.8682344555854797,0.8414756655693054,0.8481482267379761,0.5663563907146454,0.10084792971611023,836.3546142578125,0.6006649732589722,0.5375937223434448,0.5370875597000122,0.08096081018447876,0.1679074466228485,3139.37060546875,0.8118386268615723,0.8752307891845703,0.7385917901992798,-0.9497867822647095,0.11318337917327881,300.75567626953125,0.8380042910575867,0.7563738226890564,0.7385712265968323,0.3844643831253052,0.11794844269752502,443.4083557128906,0.6648226380348206,0.614080011844635,0.6351733803749084,0.28705036640167236,0.08133800327777863,842.9022827148438,0.9726682305335999,0.9171470403671265,0.8862839937210083,0.6580653786659241,5.0,0.08422694355249405,0.08564800769090652,"COMPLETE"
96,0.09167943894863129,"2025-05-16 15:34:46.031695","2025-05-16 15:34:46.431442","0 days 00:00:00.399747",96,224.0,256.0,"","",64,48.0,"","","","add",0.0019825176966218054,3,2,"","","","","","","","","","","","","","","","","","","","","","","","","","","","","","","","","","","","","","","","","","",0.11688156425952911,43.72116470336914,0.7623384594917297,0.7787314057350159,0.8250524401664734,0.2559603452682495,"","","","","","","","","","","","","","","","","","","","","","","","","","","","","","","","","","","","","","","","","","","","","","","","","",0.09167943894863129,"","PRUNED"
97,0.10676304996013641,"2025-05-16 15:34:46.431732","2025-05-16 15:34:46.866360","0 days 00:00:00.434628",48,192.0,256.0,240.0,"",80,32.0,"","","","mean",0.001171808387720682,4,2,"","","","","","","","","","","","","","","","","","","","","","","","","","","","","","","","","","","","","","","","","","",0.16233810782432556,62.54738998413086,0.5574946403503418,0.6094699501991272,0.644902229309082,-0.3010106086730957,"","","","","","","","","","","","","","","","","","","","","","","","","","","","","","","","","","","","","","","","","","","","","","","","","",0.10676304996013641,"","PRUNED"
98,0.08813202381134033,"2025-05-16 15:34:46.866685","2025-05-16 15:34:47.271407","0 days 00:00:00.404722",96,224.0,224.0,"","",64,64.0,"","","","add",0.002576415497532786,3,2,"","","","","","","","","","","","","","","","","","","","","","","","","","","","","","","","","","","","","","","","","","",0.11045216023921967,38.41020584106445,0.7774747014045715,0.8333386778831482,0.84992516040802,0.2908205986022949,"","","","","","","","","","","","","","","","","","","","","","","","","","","","","","","","","","","","","","","","","","","","","","","","","",0.08813202381134033,"","PRUNED"
99,0.11912227620681128,"2025-05-16 15:34:47.271702","2025-05-16 15:34:50.388511","0 days 00:00:03.116809",128,208.0,192.0,96.0,96.0,48,80.0,"","","","add",0.003213161337160011,5,2,0.11912227620681128,705.3516611735026,0.8337280650933584,0.8203794519106548,0.794492769241333,0.25748797655105593,0.15446911752223969,270.2704162597656,1.0,0.9996364116668701,0.8066459894180298,0.3909144401550293,0.10722782462835312,64.56748962402344,1.0,1.0,0.9065591096878052,0.6398738920688629,0.09570964425802231,111.44223022460938,1.0,0.8616340160369873,0.7703588604927063,0.3667178153991699,0.08593327552080154,62.36915588378906,0.9220688343048096,0.8515475392341614,0.8505029678344727,0.5432835817337036,0.14631642401218414,145.9068603515625,1.0,1.0,0.9545109272003174,0.5539757907390594,0.0786241814494133,84.95113372802734,0.9359127879142761,0.8697081804275513,0.8383693099021912,0.46614325046539307,0.10085932165384293,36.627967834472656,0.8352233171463013,0.8529874086380005,0.8422278761863708,0.39211100339889526,0.16875678300857544,2879.361572265625,0.6963343620300293,0.6331722736358643,0.8522862195968628,0.21967291831970215,0.10488777607679367,51.78797912597656,0.8441326022148132,0.8392794132232666,0.8245425820350647,0.30957382917404175,0.09949696809053421,57.819091796875,0.8701992630958557,0.8596534132957458,0.860954761505127,0.5770899653434753,0.10198727995157242,1052.588623046875,0.6404436230659485,0.6244158148765564,0.6477454304695129,0.18099814653396606,0.1946345567703247,3903.1162109375,0.9349087476730347,0.9545831680297852,0.7534786462783813,-1.7813990116119385,0.15045079588890076,628.0249633789062,0.3864155411720276,0.5600448250770569,0.5502188801765442,0.11679065227508545,0.11573706567287445,373.31298828125,0.4662691056728363,0.5529471635818481,0.6119866967201233,0.23482567071914673,0.08174312859773636,858.1282348632812,0.9740127921104431,0.8460821509361267,0.8470032811164856,0.6517477035522461,5.0,0.08330564200878143,0.08560920506715775,"COMPLETE"
