"number","value","datetime_start","datetime_complete","duration","params_decoder_layer_width_0","params_decoder_layer_width_1","params_decoder_layer_width_2","params_decoder_layer_width_3","params_decoder_layer_width_4","params_encoder_layer_width_0","params_encoder_layer_width_1","params_encoder_layer_width_2","params_encoder_layer_width_3","params_encoder_layer_width_4","params_graphsage_aggregator","params_lr","params_n_decoder_layers","params_n_encoder_layers","user_attrs_avg_mae","user_attrs_avg_mape","user_attrs_avg_ndcg10","user_attrs_avg_ndcg20","user_attrs_avg_ndcg50","user_attrs_avg_r2","user_attrs_fold10_mae","user_attrs_fold10_mape","user_attrs_fold10_ndcg10","user_attrs_fold10_ndcg20","user_attrs_fold10_ndcg50","user_attrs_fold10_r2","user_attrs_fold11_mae","user_attrs_fold11_mape","user_attrs_fold11_ndcg10","user_attrs_fold11_ndcg20","user_attrs_fold11_ndcg50","user_attrs_fold11_r2","user_attrs_fold12_mae","user_attrs_fold12_mape","user_attrs_fold12_ndcg10","user_attrs_fold12_ndcg20","user_attrs_fold12_ndcg50","user_attrs_fold12_r2","user_attrs_fold13_mae","user_attrs_fold13_mape","user_attrs_fold13_ndcg10","user_attrs_fold13_ndcg20","user_attrs_fold13_ndcg50","user_attrs_fold13_r2","user_attrs_fold14_mae","user_attrs_fold14_mape","user_attrs_fold14_ndcg10","user_attrs_fold14_ndcg20","user_attrs_fold14_ndcg50","user_attrs_fold14_r2","user_attrs_fold15_mae","user_attrs_fold15_mape","user_attrs_fold15_ndcg10","user_attrs_fold15_ndcg20","user_attrs_fold15_ndcg50","user_attrs_fold15_r2","user_attrs_fold1_mae","user_attrs_fold1_mape","user_attrs_fold1_ndcg10","user_attrs_fold1_ndcg20","user_attrs_fold1_ndcg50","user_attrs_fold1_r2","user_attrs_fold2_mae","user_attrs_fold2_mape","user_attrs_fold2_ndcg10","user_attrs_fold2_ndcg20","user_attrs_fold2_ndcg50","user_attrs_fold2_r2","user_attrs_fold3_mae","user_attrs_fold3_mape","user_attrs_fold3_ndcg10","user_attrs_fold3_ndcg20","user_attrs_fold3_ndcg50","user_attrs_fold3_r2","user_attrs_fold4_mae","user_attrs_fold4_mape","user_attrs_fold4_ndcg10","user_attrs_fold4_ndcg20","user_attrs_fold4_ndcg50","user_attrs_fold4_r2","user_attrs_fold5_mae","user_attrs_fold5_mape","user_attrs_fold5_ndcg10","user_attrs_fold5_ndcg20","user_attrs_fold5_ndcg50","user_attrs_fold5_r2","user_attrs_fold6_mae","user_attrs_fold6_mape","user_attrs_fold6_ndcg10","user_attrs_fold6_ndcg20","user_attrs_fold6_ndcg50","user_attrs_fold6_r2","user_attrs_fold7_mae","user_attrs_fold7_mape","user_attrs_fold7_ndcg10","user_attrs_fold7_ndcg20","user_attrs_fold7_ndcg50","user_attrs_fold7_r2","user_attrs_fold8_mae","user_attrs_fold8_mape","user_attrs_fold8_ndcg10","user_attrs_fold8_ndcg20","user_attrs_fold8_ndcg50","user_attrs_fold8_r2","user_attrs_fold9_mae","user_attrs_fold9_mape","user_attrs_fold9_ndcg10","user_attrs_fold9_ndcg20","user_attrs_fold9_ndcg50","user_attrs_fold9_r2","user_attrs_pca_components","system_attrs_completed_rung_0","system_attrs_completed_rung_1","state"
74,0.1215958038965861,"2025-05-16 15:34:16.988619","2025-05-16 15:34:20.200355","0 days 00:00:03.211736",112,256.0,240.0,112.0,112.0,32,144.0,"","","","add",0.001642539214410231,5,2,0.1215958038965861,787.6893208821615,0.8230952223141988,0.8132529020309448,0.7954692920049031,0.1324532111485799,0.1578240841627121,272.3504638671875,1.0,0.9996364116668701,0.8025075793266296,0.37581247091293335,0.11072861403226852,56.17765808105469,1.0,1.0,0.9138817191123962,0.5990142226219177,0.0953664630651474,124.94384002685547,1.0,0.863811194896698,0.7831124663352966,0.3806570768356323,0.08497240394353867,81.13609313964844,0.893028974533081,0.8662264943122864,0.8492137789726257,0.5766252875328064,0.14362530410289764,129.5380859375,1.0,1.0,0.9458891153335571,0.5422384738922119,0.07651392370462418,88.53821563720703,0.9052280187606812,0.8450621962547302,0.8258548974990845,0.5030966401100159,0.10629135370254517,38.76940155029297,0.7803286910057068,0.8359668850898743,0.8247452974319458,0.34055060148239136,0.18159730732440948,3051.629150390625,0.7532057166099548,0.6783644556999207,0.8611626029014587,0.25381118059158325,0.10450015962123871,56.05973434448242,0.8138837814331055,0.8791077733039856,0.8534364104270935,0.41468381881713867,0.09360916167497635,48.573665618896484,0.8652006983757019,0.8608503341674805,0.8674440979957581,0.5957145094871521,0.09469788521528244,590.0455932617188,0.5077959299087524,0.5060532689094543,0.5516223311424255,0.04628807306289673,0.25915390253067017,5727.52978515625,0.9349087476730347,0.9547821879386902,0.7464479207992554,-3.784256935119629,0.11996819823980331,297.1860656738281,0.4280380606651306,0.46303147077560425,0.5953598022460938,0.1851673722267151,0.11602934449911118,394.0264892578125,0.4731975197792053,0.5742407441139221,0.6416046619415283,0.2724156379699707,0.07905895262956619,858.8355712890625,0.9916121959686279,0.8716601133346558,0.8697566986083984,0.6849797368049622,5.0,0.08722984045743942,0.08534444123506546,"COMPLETE"
75,0.08984421193599701,"2025-05-16 15:34:20.200817","2025-05-16 15:34:20.705676","0 days 00:00:00.504859",112,256.0,224.0,64.0,128.0,48,160.0,256.0,"","","add",0.0016533190386186858,5,3,"","","","","","","","","","","","","","","","","","","","","","","","","","","","","","","","","","","","","","","","","","",0.10079005360603333,36.7343635559082,0.8815807700157166,0.8664904832839966,0.8825831413269043,0.42948633432388306,"","","","","","","","","","","","","","","","","","","","","","","","","","","","","","","","","","","","","","","","","","","","","","","","","",0.08984421193599701,"","PRUNED"
76,0.0898582860827446,"2025-05-16 15:34:20.705957","2025-05-16 15:34:21.126464","0 days 00:00:00.420507",96,256.0,240.0,32.0,"",80,144.0,"","","","add",0.0019957607599158903,4,2,"","","","","","","","","","","","","","","","","","","","","","","","","","","","","","","","","","","","","","","","","","",0.13381671905517578,50.996177673339844,0.7958494424819946,0.8457434177398682,0.8240607976913452,0.10517728328704834,"","","","","","","","","","","","","","","","","","","","","","","","","","","","","","","","","","","","","","","","","","","","","","","","","",0.0898582860827446,"","PRUNED"
77,0.08981400728225708,"2025-05-16 15:34:21.126741","2025-05-16 15:34:21.572424","0 days 00:00:00.445683",112,224.0,160.0,128.0,112.0,64,144.0,"","","","add",0.005248541559036777,5,2,"","","","","","","","","","","","","","","","","","","","","","","","","","","","","","","","","","","","","","","","","","",0.10745274275541306,39.62451934814453,0.8326702117919922,0.849542498588562,0.8548253178596497,0.3377358913421631,"","","","","","","","","","","","","","","","","","","","","","","","","","","","","","","","","","","","","","","","","","","","","","","","","",0.08981400728225708,"","PRUNED"
78,0.10983903706073761,"2025-05-16 15:34:21.572698","2025-05-16 15:34:22.022352","0 days 00:00:00.449654",80,144.0,208.0,32.0,"",16,64.0,160.0,"","","mean",0.001445201794741206,4,3,"","","","","","","","","","","","","","","","","","","","","","","","","","","","","","","","","","","","","","","","","","",0.16819605231285095,60.642478942871094,0.7492763996124268,0.7109163999557495,0.7510250806808472,-0.4569125175476074,"","","","","","","","","","","","","","","","","","","","","","","","","","","","","","","","","","","","","","","","","","","","","","","","","",0.10983903706073761,"","PRUNED"
79,0.0895085483789444,"2025-05-16 15:34:22.022630","2025-05-16 15:34:22.427195","0 days 00:00:00.404565",96,208.0,240.0,160.0,96.0,64,"","","","","add",0.0008914853211122783,5,1,"","","","","","","","","","","","","","","","","","","","","","","","","","","","","","","","","","","","","","","","","","",0.12542960047721863,58.4541130065918,0.7263004779815674,0.7540072202682495,0.7119463682174683,0.2474866509437561,"","","","","","","","","","","","","","","","","","","","","","","","","","","","","","","","","","","","","","","","","","","","","","","","","",0.0895085483789444,"","PRUNED"
80,0.09217509627342224,"2025-05-16 15:34:22.427462","2025-05-16 15:34:22.837637","0 days 00:00:00.410175",128,256.0,240.0,80.0,"",32,48.0,"","","","add",0.009382833577548247,4,2,"","","","","","","","","","","","","","","","","","","","","","","","","","","","","","","","","","","","","","","","","","",0.14505411684513092,49.32473373413086,0.7943819761276245,0.7086210250854492,0.8197862505912781,-0.14496135711669922,"","","","","","","","","","","","","","","","","","","","","","","","","","","","","","","","","","","","","","","","","","","","","","","","","",0.09217509627342224,"","PRUNED"
81,0.1295162816842397,"2025-05-16 15:34:22.837913","2025-05-16 15:34:26.028855","0 days 00:00:03.190942",144,240.0,256.0,112.0,64.0,32,112.0,"","","","add",0.003779201463955948,5,2,0.1295162816842397,984.0543718973796,0.8661813139915466,0.8298231164614359,0.798240081469218,0.026589147249857583,0.15604062378406525,243.47830200195312,1.0,0.9996448755264282,0.7757937908172607,0.36473000049591064,0.10843172669410706,57.11017990112305,1.0,1.0,0.8921587467193604,0.608417421579361,0.0967884510755539,96.48248291015625,1.0,0.8711853623390198,0.7899115681648254,0.32928067445755005,0.08380011469125748,72.75859832763672,0.9411200284957886,0.8708425760269165,0.8507110476493835,0.590169757604599,0.14443790912628174,121.95068359375,1.0,1.0,0.9380607604980469,0.5377676486968994,0.07660151273012161,96.88956451416016,0.9359127879142761,0.8526429533958435,0.8352729082107544,0.5261516869068146,0.12291580438613892,47.683387756347656,0.8426716923713684,0.850151538848877,0.8538327217102051,0.23603218793869019,0.2136707603931427,4726.16259765625,0.6734191179275513,0.6211711168289185,0.8359801769256592,0.08009052276611328,0.12011931836605072,64.6369857788086,0.7853237986564636,0.7762728929519653,0.8190389275550842,0.2139919400215149,0.09586603939533234,49.75047302246094,0.8683916926383972,0.8474991321563721,0.8616724610328674,0.589691162109375,0.11280354112386703,1240.8851318359375,0.5352291464805603,0.5576106905937195,0.5737598538398743,0.10657823085784912,0.2803868055343628,5723.16650390625,0.9469966888427734,0.962523341178894,0.7569839954376221,-5.071827411651611,0.11821606755256653,477.58355712890625,0.6908318400382996,0.6684218645095825,0.6479562520980835,0.3260537385940552,0.1216101422905922,503.7136535644531,0.8188921809196472,0.724064826965332,0.6975501179695129,0.31771743297576904,0.09105540812015533,1238.5634765625,0.9539307355880737,0.8453155755996704,0.844917893409729,0.6439922153949738,5.0,0.08621140569448471,0.08457272499799728,"COMPLETE"
82,0.1141017864147822,"2025-05-16 15:34:26.029334","2025-05-16 15:34:29.308931","0 days 00:00:03.279597",112,240.0,256.0,96.0,80.0,48,128.0,"","","","add",0.0029864279987963146,5,2,0.1141017864147822,569.6636845906576,0.8575811107953389,0.8211102366447449,0.8020661830902099,0.36166804234186806,0.15497474372386932,240.09971618652344,1.0,0.9996656179428101,0.788497269153595,0.3606494665145874,0.10796874761581421,55.614437103271484,1.0,1.0,0.8925560712814331,0.6020729839801788,0.09685561060905457,109.94205474853516,1.0,0.8213661909103394,0.7595903277397156,0.34534597396850586,0.08606133610010147,81.68017578125,0.9113500714302063,0.8499590158462524,0.8476805686950684,0.5740738809108734,0.15112881362438202,164.3227081298828,1.0,1.0,0.948772668838501,0.5539444983005524,0.07703015953302383,83.32395935058594,0.888511598110199,0.8551486730575562,0.8474685549736023,0.49234533309936523,0.12085673958063126,41.98855209350586,0.7915456295013428,0.7948310971260071,0.8500654697418213,0.1574091911315918,0.18297964334487915,3162.006103515625,0.6269576549530029,0.606979250907898,0.8359495997428894,0.1414250135421753,0.1037820354104042,48.465091705322266,0.9090154767036438,0.8379672765731812,0.8736604452133179,0.3590632677078247,0.09878115355968475,57.9810676574707,0.8544365763664246,0.8395636677742004,0.8520435690879822,0.5655413866043091,0.09828256070613861,742.1213989257812,0.5333158373832703,0.5220511555671692,0.6006744503974915,0.09476476907730103,0.10956024378538132,1900.6641845703125,0.9349087476730347,0.9540343284606934,0.7472307682037354,0.057508230209350586,0.1186353787779808,333.4546203613281,0.8078073263168335,0.7688356041908264,0.6848277449607849,0.15938800573349,0.11878983676433563,470.05596923828125,0.6467395424842834,0.5935792922973633,0.6331669688224792,0.2938022017478943,0.08583979308605194,1053.2352294921875,0.959128201007843,0.8726723790168762,0.8688082695007324,0.6676864326000214,5.0,0.08359712362289429,0.08529099076986313,"COMPLETE"
83,0.11851719667514166,"2025-05-16 15:34:29.309411","2025-05-16 15:34:32.549573","0 days 00:00:03.240162",112,224.0,224.0,96.0,112.0,48,128.0,"","","","add",0.0026824840858470176,5,2,0.11851719667514166,669.55501759847,0.8213605602582296,0.8139698266983032,0.793263586362203,0.2511399507522583,0.15450656414031982,233.08200073242188,1.0,1.0,0.7928053736686707,0.3512766361236572,0.11379390209913254,50.69615173339844,1.0,1.0,0.9079164266586304,0.5579992830753326,0.09543132781982422,128.28329467773438,1.0,0.8116319179534912,0.759490966796875,0.39553505182266235,0.08630412071943283,81.45640563964844,0.9228484630584717,0.8511766791343689,0.8540588021278381,0.5671689510345459,0.1496010720729828,154.73451232910156,1.0,1.0,0.9545109272003174,0.547024130821228,0.0777977854013443,91.74562072753906,0.9088039398193359,0.8450124263763428,0.8378437757492065,0.4808647036552429,0.10436935722827911,40.11195755004883,0.7751238942146301,0.8335479497909546,0.8064528107643127,0.3789864778518677,0.18062815070152283,3587.073974609375,0.6816466450691223,0.6403180956840515,0.8536736369132996,0.20577269792556763,0.10078377276659012,49.781368255615234,0.8765472173690796,0.895995557308197,0.8697386384010315,0.4269333481788635,0.10693767666816711,67.0162582397461,0.8237314820289612,0.8334800601005554,0.8420946598052979,0.521298736333847,0.09451504796743393,498.7257995605469,0.6463098526000977,0.6002376079559326,0.6543121933937073,0.024183690547943115,0.1836702525615692,3220.69775390625,0.9469966888427734,0.9551642537117004,0.7500122785568237,-1.3293516635894775,0.11642137914896011,379.9626770019531,0.5690745115280151,0.6952887773513794,0.6660415530204773,0.26683729887008667,0.11551730334758759,399.3476257324219,0.38380634784698486,0.5349588394165039,0.5651242136955261,0.25451862812042236,0.09748023748397827,1060.60986328125,0.7855193614959717,0.7127352356910706,0.7848775386810303,0.11805129051208496,5.0,0.08559659123420715,0.0854685977101326,"COMPLETE"
84,0.08673365414142609,"2025-05-16 15:34:32.550096","2025-05-16 15:34:33.553397","0 days 00:00:01.003301",96,224.0,112.0,80.0,80.0,48,128.0,"","","","add",0.0024958417915610927,5,2,"","","","","","","","","","","","","","","","","","","","","","","","","","","","","","","","","","","","","","","","","","",0.10818170011043549,38.30508041381836,0.7839464545249939,0.8469902276992798,0.8470748662948608,0.3365932106971741,0.18197639286518097,3321.07470703125,0.696406364440918,0.615455687046051,0.8452514410018921,0.2031882405281067,0.1390203982591629,65.55679321289062,0.8510283827781677,0.8764500617980957,0.860459566116333,0.08443468809127808,0.09588131308555603,46.20115280151367,0.7923409938812256,0.8105089664459229,0.8486455678939819,0.5218456387519836,"","","","","","","","","","","","","","","","","","","","","","","","","","","","","","","",0.08624622970819473,0.08673365414142609,"PRUNED"
85,0.08969862014055252,"2025-05-16 15:34:33.553730","2025-05-16 15:34:33.970204","0 days 00:00:00.416474",128,208.0,224.0,96.0,96.0,64,32.0,"","","","add",0.0043949997156617245,5,2,"","","","","","","","","","","","","","","","","","","","","","","","","","","","","","","","","","","","","","","","","","",0.10926095396280289,42.92936706542969,0.8330389857292175,0.8631619811058044,0.8508815765380859,0.37598007917404175,"","","","","","","","","","","","","","","","","","","","","","","","","","","","","","","","","","","","","","","","","","","","","","","","","",0.08969862014055252,"","PRUNED"
86,0.08915632218122482,"2025-05-16 15:34:33.970519","2025-05-16 15:34:34.359552","0 days 00:00:00.389033",80,224.0,224.0,"","",48,128.0,"","","","add",0.0029204008923313144,3,2,"","","","","","","","","","","","","","","","","","","","","","","","","","","","","","","","","","","","","","","","","","",0.13638150691986084,51.74037170410156,0.6952691078186035,0.7155371904373169,0.7855005860328674,0.08999204635620117,"","","","","","","","","","","","","","","","","","","","","","","","","","","","","","","","","","","","","","","","","","","","","","","","","",0.08915632218122482,"","PRUNED"
87,0.10232207924127579,"2025-05-16 15:34:34.359858","2025-05-16 15:34:34.802921","0 days 00:00:00.443063",160,224.0,176.0,48.0,144.0,80,96.0,"","","","add",0.007123171519888651,5,2,"","","","","","","","","","","","","","","","","","","","","","","","","","","","","","","","","","","","","","","","","","",0.1101655513048172,41.39406204223633,0.6940330266952515,0.7269393801689148,0.8102763295173645,0.35008615255355835,"","","","","","","","","","","","","","","","","","","","","","","","","","","","","","","","","","","","","","","","","","","","","","","","","",0.10232207924127579,"","PRUNED"
88,0.095012366771698,"2025-05-16 15:34:34.803281","2025-05-16 15:34:35.646457","0 days 00:00:00.843176",112,240.0,240.0,"","",96,"","","","","add",0.004771072249015742,3,1,"","","","","","","","","","","","","","","","","","","","","","","","","","","","","","","","","","","","","","","","","","",0.13646185398101807,56.49472427368164,0.6074500679969788,0.7222908139228821,0.6991681456565857,0.09544718265533447,0.258638471364975,7324.54296875,0.34012994170188904,0.3521691560745239,0.6262877583503723,-0.6574130058288574,0.14819958806037903,81.57408905029297,0.29462143778800964,0.5316206216812134,0.5828914046287537,-0.2925412654876709,0.12284012138843536,67.1103515625,0.5276156663894653,0.6289121508598328,0.7146304845809937,0.280862033367157,"","","","","","","","","","","","","","","","","","","","","","","","","","","","","","","",0.08782985806465149,0.095012366771698,"PRUNED"
89,0.09105578809976578,"2025-05-16 15:34:35.646735","2025-05-16 15:34:36.050690","0 days 00:00:00.403955",96,208.0,208.0,"","",48,16.0,32.0,"","","add",0.005830514744372135,3,3,"","","","","","","","","","","","","","","","","","","","","","","","","","","","","","","","","","","","","","","","","","",0.13328871130943298,48.65420913696289,0.7480139136314392,0.7460228800773621,0.809885561466217,0.08377009630203247,"","","","","","","","","","","","","","","","","","","","","","","","","","","","","","","","","","","","","","","","","","","","","","","","","",0.09105578809976578,"","PRUNED"
90,0.10482288897037506,"2025-05-16 15:34:36.050973","2025-05-16 15:34:36.478034","0 days 00:00:00.427061",64,240.0,16.0,64.0,176.0,128,160.0,"","","","max",0.0035709964255373422,5,2,"","","","","","","","","","","","","","","","","","","","","","","","","","","","","","","","","","","","","","","","","","",0.14845901727676392,47.780582427978516,0.832708477973938,0.7346136569976807,0.7836992144584656,-0.3291283845901489,"","","","","","","","","","","","","","","","","","","","","","","","","","","","","","","","","","","","","","","","","","","","","","","","","",0.10482288897037506,"","PRUNED"
91,0.08706798404455185,"2025-05-16 15:34:36.478329","2025-05-16 15:34:37.586820","0 days 00:00:01.108491",112,256.0,240.0,96.0,112.0,32,144.0,"","","","add",0.00176076915324843,5,2,"","","","","","","","","","","","","","","","","","","","","","","","","","","","","","","","","","","","","","","","","","",0.1116492822766304,41.7967414855957,0.7873167395591736,0.8412090539932251,0.8386489152908325,0.331845223903656,0.19402799010276794,3228.92529296875,0.6410253047943115,0.6396199464797974,0.827621340751648,0.19403469562530518,0.11128271371126175,52.749366760253906,0.8611132502555847,0.8780887722969055,0.8559208512306213,0.24124675989151,0.1083570048213005,56.236045837402344,0.7059041261672974,0.7236166596412659,0.7843611240386963,0.4182055592536926,"","","","","","","","","","","","","","","","","","","","","","","","","","","","","","","",0.08565779775381088,0.08706798404455185,"PRUNED"
