"number","value","datetime_start","datetime_complete","duration","params_decoder_layer_width_0","params_decoder_layer_width_1","params_decoder_layer_width_2","params_decoder_layer_width_3","params_decoder_layer_width_4","params_lr","params_n_decoder_layers","user_attrs_avg_mae","user_attrs_avg_mape","user_attrs_avg_ndcg10","user_attrs_avg_ndcg20","user_attrs_avg_ndcg50","user_attrs_avg_r2","user_attrs_fold10_mae","user_attrs_fold10_mape","user_attrs_fold10_ndcg10","user_attrs_fold10_ndcg20","user_attrs_fold10_ndcg50","user_attrs_fold10_r2","user_attrs_fold11_mae","user_attrs_fold11_mape","user_attrs_fold11_ndcg10","user_attrs_fold11_ndcg20","user_attrs_fold11_ndcg50","user_attrs_fold11_r2","user_attrs_fold12_mae","user_attrs_fold12_mape","user_attrs_fold12_ndcg10","user_attrs_fold12_ndcg20","user_attrs_fold12_ndcg50","user_attrs_fold12_r2","user_attrs_fold13_mae","user_attrs_fold13_mape","user_attrs_fold13_ndcg10","user_attrs_fold13_ndcg20","user_attrs_fold13_ndcg50","user_attrs_fold13_r2","user_attrs_fold14_mae","user_attrs_fold14_mape","user_attrs_fold14_ndcg10","user_attrs_fold14_ndcg20","user_attrs_fold14_ndcg50","user_attrs_fold14_r2","user_attrs_fold15_mae","user_attrs_fold15_mape","user_attrs_fold15_ndcg10","user_attrs_fold15_ndcg20","user_attrs_fold15_ndcg50","user_attrs_fold15_r2","user_attrs_fold1_mae","user_attrs_fold1_mape","user_attrs_fold1_ndcg10","user_attrs_fold1_ndcg20","user_attrs_fold1_ndcg50","user_attrs_fold1_r2","user_attrs_fold2_mae","user_attrs_fold2_mape","user_attrs_fold2_ndcg10","user_attrs_fold2_ndcg20","user_attrs_fold2_ndcg50","user_attrs_fold2_r2","user_attrs_fold3_mae","user_attrs_fold3_mape","user_attrs_fold3_ndcg10","user_attrs_fold3_ndcg20","user_attrs_fold3_ndcg50","user_attrs_fold3_r2","user_attrs_fold4_mae","user_attrs_fold4_mape","user_attrs_fold4_ndcg10","user_attrs_fold4_ndcg20","user_attrs_fold4_ndcg50","user_attrs_fold4_r2","user_attrs_fold5_mae","user_attrs_fold5_mape","user_attrs_fold5_ndcg10","user_attrs_fold5_ndcg20","user_attrs_fold5_ndcg50","user_attrs_fold5_r2","user_attrs_fold6_mae","user_attrs_fold6_mape","user_attrs_fold6_ndcg10","user_attrs_fold6_ndcg20","user_attrs_fold6_ndcg50","user_attrs_fold6_r2","user_attrs_fold7_mae","user_attrs_fold7_mape","user_attrs_fold7_ndcg10","user_attrs_fold7_ndcg20","user_attrs_fold7_ndcg50","user_attrs_fold7_r2","user_attrs_fold8_mae","user_attrs_fold8_mape","user_attrs_fold8_ndcg10","user_attrs_fold8_ndcg20","user_attrs_fold8_ndcg50","user_attrs_fold8_r2","user_attrs_fold9_mae","user_attrs_fold9_mape","user_attrs_fold9_ndcg10","user_attrs_fold9_ndcg20","user_attrs_fold9_ndcg50","user_attrs_fold9_r2","user_attrs_pca_components","system_attrs_completed_rung_0","system_attrs_completed_rung_1","state"
16,0.11112494766712189,"2025-05-16 16:00:39.766909","2025-05-16 16:00:40.621585","0 days 00:00:00.854676",176,192.0,176.0,192.0,176.0,0.006058591709228766,5,"","","","","","","","","","","","","","","","","","","","","","","","","","","","","","","","","","","","","","","","","","",0.14002013206481934,50.9167366027832,0.4006337523460388,0.43810200691223145,0.5295868515968323,-0.17669272422790527,0.22968623042106628,2766.227294921875,0.4848584830760956,0.5286440849304199,0.7592889666557312,-0.27699530124664307,0.13921406865119934,72.24280548095703,0.3736073672771454,0.41023778915405273,0.5305724740028381,-0.28468334674835205,0.14414386451244354,76.36652374267578,0.4506319761276245,0.5944755673408508,0.6068334579467773,0.07092922925949097,"","","","","","","","","","","","","","","","","","","","","","","","","","","","","","","",0.11043590307235718,0.11112494766712189,"PRUNED"
17,0.1172531470656395,"2025-05-16 16:00:40.621838","2025-05-16 16:00:40.889805","0 days 00:00:00.267967",128,256.0,80.0,16.0,"",0.026502770718603,4,"","","","","","","","","","","","","","","","","","","","","","","","","","","","","","","","","","","","","","","","","","",0.1600935459136963,60.84329605102539,0.177155002951622,0.2130519449710846,0.45501312613487244,-0.4976778030395508,"","","","","","","","","","","","","","","","","","","","","","","","","","","","","","","","","","","","","","","","","","","","","","","","","",0.1172531470656395,"","PRUNED"
18,0.11474501341581345,"2025-05-16 16:00:40.890058","2025-05-16 16:00:41.142602","0 days 00:00:00.252544",224,192.0,"","","",0.0055078343598006126,2,"","","","","","","","","","","","","","","","","","","","","","","","","","","","","","","","","","","","","","","","","","",0.16120398044586182,56.74412155151367,0.6611171364784241,0.660486102104187,0.6688001751899719,-0.3789067268371582,"","","","","","","","","","","","","","","","","","","","","","","","","","","","","","","","","","","","","","","","","","","","","","","","","",0.11474501341581345,"","PRUNED"
19,0.11235910654067993,"2025-05-16 16:00:41.142869","2025-05-16 16:00:41.469734","0 days 00:00:00.326865",16,176.0,208.0,160.0,208.0,0.0009992422681652097,5,"","","","","","","","","","","","","","","","","","","","","","","","","","","","","","","","","","","","","","","","","","",0.15325608849525452,52.4486198425293,0.5880740880966187,0.6430285573005676,0.6268982291221619,-0.34518909454345703,"","","","","","","","","","","","","","","","","","","","","","","","","","","","","","","","","","","","","","","","","","","","","","","","","",0.11235910654067993,"","PRUNED"
20,0.11851739883422852,"2025-05-16 16:00:41.469995","2025-05-16 16:00:41.736967","0 days 00:00:00.266972",240,240.0,48.0,"","",0.0002535801533092574,3,"","","","","","","","","","","","","","","","","","","","","","","","","","","","","","","","","","","","","","","","","","",0.17669859528541565,63.66596984863281,0.5903104543685913,0.614646315574646,0.6588635444641113,-0.5465601682662964,"","","","","","","","","","","","","","","","","","","","","","","","","","","","","","","","","","","","","","","","","","","","","","","","","",0.11851739883422852,"","PRUNED"
21,0.11286011338233948,"2025-05-16 16:00:41.737216","2025-05-16 16:00:42.015188","0 days 00:00:00.277972",208,112.0,48.0,64.0,128.0,0.0030576660317721883,5,"","","","","","","","","","","","","","","","","","","","","","","","","","","","","","","","","","","","","","","","","","",0.1502901017665863,63.233543395996094,0.5959241390228271,0.6635794639587402,0.6105139851570129,-0.1433483362197876,"","","","","","","","","","","","","","","","","","","","","","","","","","","","","","","","","","","","","","","","","","","","","","","","","",0.11286011338233948,"","PRUNED"
22,0.11447242647409439,"2025-05-16 16:00:42.015448","2025-05-16 16:00:42.735775","0 days 00:00:00.720327",224,176.0,48.0,48.0,128.0,0.0030351084375583696,5,"","","","","","","","","","","","","","","","","","","","","","","","","","","","","","","","","","","","","","","","","","",0.1447807103395462,52.704219818115234,0.48831671476364136,0.5801069736480713,0.563746452331543,-0.17898499965667725,0.23745988309383392,2248.793701171875,0.20316128432750702,0.32295405864715576,0.5985256433486938,-0.4955728054046631,0.13152620196342468,62.44231414794922,0.42775338888168335,0.5097687840461731,0.6078243851661682,-0.22363996505737305,0.14785586297512054,80.42713165283203,0.5716457962989807,0.6586564779281616,0.6159722805023193,0.008941948413848877,"","","","","","","","","","","","","","","","","","","","","","","","","","","","","","","",0.10762685537338257,0.11447242647409439,"PRUNED"
23,0.1451536183555921,"2025-05-16 16:00:42.736020","2025-05-16 16:00:44.747093","0 days 00:00:02.011073",192,224.0,112.0,96.0,"",0.0014141284134817351,4,0.1451536183555921,452.1674514770508,0.33018665711085,0.3491910691062609,0.4397860775391261,-0.09788994391759237,0.1973077654838562,229.71322631835938,0.16277839243412018,0.1621524542570114,0.2175169289112091,-0.16519927978515625,0.1831413209438324,64.46939849853516,0.3433748185634613,0.3172447979450226,0.36454322934150696,-0.4212205410003662,0.12352242320775986,241.11001586914062,0.27215683460235596,0.28378215432167053,0.31529247760772705,0.031150519847869873,0.11865050345659256,108.06119537353516,0.4202710688114166,0.5232412219047546,0.4662069082260132,-0.03840291500091553,0.2285262793302536,139.33299255371094,0.5495849847793579,0.5058398842811584,0.5090868473052979,-0.2584432363510132,0.10982172936201096,189.09080505371094,0.14373867213726044,0.15746743977069855,0.283670037984848,-0.007181048393249512,0.13698534667491913,51.78341293334961,0.5469257831573486,0.5695147514343262,0.5709061026573181,-0.06697547435760498,0.23753972351551056,2416.257568359375,0.2805781662464142,0.3598581850528717,0.6054047346115112,-0.4775564670562744,0.13411667943000793,56.154178619384766,0.638282835483551,0.6603348255157471,0.7224250435829163,-0.29070067405700684,0.13586026430130005,76.1766128540039,0.4352966547012329,0.5726443529129028,0.593528687953949,0.13612645864486694,0.10802439600229263,688.3565063476562,0.14447367191314697,0.16863280534744263,0.237929567694664,-0.2292245626449585,0.08902250975370407,934.3320922851562,0.06258106231689453,0.07046268880367279,0.12903884053230286,0.019478201866149902,0.1397007554769516,395.418701171875,0.317531019449234,0.29865509271621704,0.5043432712554932,0.05127847194671631,0.13263298571109772,464.5572509765625,0.10416907072067261,0.09138891845941544,0.3226911723613739,-0.0009039640426635742,0.10245159268379211,727.6978149414062,0.531056821346283,0.4966464638710022,0.7542073130607605,0.24942535161972046,5.0,0.10628415644168854,0.11033203452825546,"COMPLETE"
24,0.11061648279428482,"2025-05-16 16:00:44.747468","2025-05-16 16:00:45.435112","0 days 00:00:00.687644",192,224.0,128.0,96.0,"",0.005318766699006737,4,"","","","","","","","","","","","","","","","","","","","","","","","","","","","","","","","","","","","","","","","","","",0.141030415892601,52.60856246948242,0.6079725623130798,0.6458756923675537,0.6167668104171753,-0.1398453712463379,0.2335420399904251,2074.102294921875,0.29436224699020386,0.3141682744026184,0.6046050786972046,-0.4366716146469116,0.13260476291179657,59.93726348876953,0.6808194518089294,0.7226148247718811,0.7178789973258972,-0.23686492443084717,0.14349433779716492,77.8394775390625,0.5728383660316467,0.6376381516456604,0.6712577939033508,0.060246825218200684,"","","","","","","","","","","","","","","","","","","","","","","","","","","","","","","",0.10957701504230499,0.11061648279428482,"PRUNED"
25,0.11562709510326385,"2025-05-16 16:00:45.435363","2025-05-16 16:00:45.723044","0 days 00:00:00.287681",240,224.0,96.0,96.0,"",0.001147494445856665,4,"","","","","","","","","","","","","","","","","","","","","","","","","","","","","","","","","","","","","","","","","","",0.17418229579925537,61.358131408691406,0.7117298245429993,0.7231829762458801,0.6855433583259583,-0.5725771188735962,"","","","","","","","","","","","","","","","","","","","","","","","","","","","","","","","","","","","","","","","","","","","","","","","","",0.11562709510326385,"","PRUNED"
26,0.11586286872625351,"2025-05-16 16:00:45.723278","2025-05-16 16:00:46.011502","0 days 00:00:00.288224",192,256.0,112.0,128.0,"",0.0003040336164220831,4,"","","","","","","","","","","","","","","","","","","","","","","","","","","","","","","","","","","","","","","","","","",0.16675031185150146,56.99763488769531,0.6932336688041687,0.6846764087677002,0.6747235059738159,-0.4920762777328491,"","","","","","","","","","","","","","","","","","","","","","","","","","","","","","","","","","","","","","","","","","","","","","","","","",0.11586286872625351,"","PRUNED"
27,0.115554079413414,"2025-05-16 16:00:46.011750","2025-05-16 16:00:46.328467","0 days 00:00:00.316717",160,208.0,160.0,80.0,64.0,0.00115983293504344,5,"","","","","","","","","","","","","","","","","","","","","","","","","","","","","","","","","","","","","","","","","","",0.1555931568145752,53.146480560302734,0.6588732004165649,0.6567105054855347,0.670738697052002,-0.3444960117340088,"","","","","","","","","","","","","","","","","","","","","","","","","","","","","","","","","","","","","","","","","","","","","","","","","",0.115554079413414,"","PRUNED"
28,0.11214637011289597,"2025-05-16 16:00:46.328720","2025-05-16 16:00:46.591272","0 days 00:00:00.262552",240,32.0,144.0,176.0,"",0.021409873107227192,4,"","","","","","","","","","","","","","","","","","","","","","","","","","","","","","","","","","","","","","","","","","",0.1418597549200058,55.14726638793945,0.5434582829475403,0.5706050395965576,0.5402940511703491,-0.10469257831573486,"","","","","","","","","","","","","","","","","","","","","","","","","","","","","","","","","","","","","","","","","","","","","","","","","",0.11214637011289597,"","PRUNED"
29,0.11056200414896011,"2025-05-16 16:00:46.591511","2025-05-16 16:00:46.888479","0 days 00:00:00.296968",208,240.0,208.0,64.0,"",0.006972427706903857,4,"","","","","","","","","","","","","","","","","","","","","","","","","","","","","","","","","","","","","","","","","","",0.17157040536403656,61.62852096557617,0.6920960545539856,0.6812352538108826,0.6687244772911072,-0.4810311794281006,"","","","","","","","","","","","","","","","","","","","","","","","","","","","","","","","","","","","","","","","","","","","","","","","","",0.11056200414896011,"","PRUNED"
30,0.11217256635427475,"2025-05-16 16:00:46.888718","2025-05-16 16:00:47.198753","0 days 00:00:00.310035",176,176.0,96.0,128.0,224.0,0.0032311347040380432,5,"","","","","","","","","","","","","","","","","","","","","","","","","","","","","","","","","","","","","","","","","","",0.14846979081630707,60.449527740478516,0.4738699793815613,0.5636264681816101,0.608890950679779,-0.1098102331161499,"","","","","","","","","","","","","","","","","","","","","","","","","","","","","","","","","","","","","","","","","","","","","","","","","",0.11217256635427475,"","PRUNED"
31,0.1139841377735138,"2025-05-16 16:00:47.199001","2025-05-16 16:00:47.488217","0 days 00:00:00.289216",208,160.0,32.0,16.0,160.0,0.0017464572380530676,5,"","","","","","","","","","","","","","","","","","","","","","","","","","","","","","","","","","","","","","","","","","",0.1727399379014969,59.87326431274414,0.6937138438224792,0.7059410810470581,0.6808070540428162,-0.5671617984771729,"","","","","","","","","","","","","","","","","","","","","","","","","","","","","","","","","","","","","","","","","","","","","","","","","",0.1139841377735138,"","PRUNED"
32,0.1489717240134875,"2025-05-16 16:00:47.488471","2025-05-16 16:00:49.533369","0 days 00:00:02.044898",240,192.0,64.0,48.0,96.0,0.0034253388235582867,5,0.1489717240134875,472.77452952067057,0.2562324434518814,0.2826568379998207,0.37451680898666384,-0.16466761430104573,0.20524370670318604,283.5289001464844,0.1542564481496811,0.10905534029006958,0.12535016238689423,-0.20563232898712158,0.1833600550889969,66.64340209960938,0.148251473903656,0.20139481127262115,0.26791712641716003,-0.4172854423522949,0.123500294983387,224.66709899902344,0.12228216230869293,0.1055537611246109,0.13894212245941162,-0.027515530586242676,0.11793281883001328,82.92098999023438,0.39386188983917236,0.3495263457298279,0.3670673966407776,-0.1584470272064209,0.22827161848545074,150.9536590576172,0.5757454633712769,0.5801095962524414,0.5617974400520325,-0.24123609066009521,0.11718317121267319,216.656494140625,0.14906513690948486,0.15495815873146057,0.1995743364095688,-0.03156721591949463,0.14398787915706635,56.94876480102539,0.573040246963501,0.6082287430763245,0.5762954354286194,-0.09569799900054932,0.22476530075073242,2231.32373046875,0.39091119170188904,0.4420861303806305,0.6922693848609924,-0.36153995990753174,0.14110447466373444,64.41903686523438,0.2577475309371948,0.29098019003868103,0.4445764422416687,-0.42958974838256836,0.15960434079170227,63.33125686645508,0.25406506657600403,0.3102648854255676,0.5423410534858704,-0.37761032581329346,0.11324673891067505,748.62548828125,0.08683760464191437,0.12950946390628815,0.25390690565109253,-0.32854413986206055,0.09536086767911911,1201.59326171875,0.06258106231689453,0.06598439067602158,0.13353243470191956,0.10783940553665161,0.13563421368598938,342.5229187011719,0.17910583317279816,0.3836202919483185,0.47781914472579956,0.0314372181892395,0.1296054869890213,438.8013000488281,0.12553177773952484,0.16845600306987762,0.3285009562969208,-0.010477304458618164,0.11577489227056503,918.681640625,0.37020376324653625,0.3401244580745697,0.5078617930412292,0.07585227489471436,5.0,0.10722652822732925,0.10676281899213791,"COMPLETE"
33,0.1118963211774826,"2025-05-16 16:00:49.533770","2025-05-16 16:00:49.840443","0 days 00:00:00.306673",240,192.0,64.0,48.0,80.0,0.004323750066623547,5,"","","","","","","","","","","","","","","","","","","","","","","","","","","","","","","","","","","","","","","","","","",0.1448693573474884,62.503761291503906,0.4725415110588074,0.5717754364013672,0.5430478453636169,-0.0631098747253418,"","","","","","","","","","","","","","","","","","","","","","","","","","","","","","","","","","","","","","","","","","","","","","","","","",0.1118963211774826,"","PRUNED"
34,0.11816827207803726,"2025-05-16 16:00:49.840686","2025-05-16 16:00:50.162636","0 days 00:00:00.321950",256,224.0,96.0,80.0,16.0,0.0010152934192645276,5,"","","","","","","","","","","","","","","","","","","","","","","","","","","","","","","","","","","","","","","","","","",0.1760355532169342,62.03435134887695,0.6088671088218689,0.6747583150863647,0.688472330570221,-0.5847772359848022,"","","","","","","","","","","","","","","","","","","","","","","","","","","","","","","","","","","","","","","","","","","","","","","","","",0.11816827207803726,"","PRUNED"
35,0.11414201557636261,"2025-05-16 16:00:50.162888","2025-05-16 16:00:50.345645","0 days 00:00:00.182757",208,"","","","",0.0024050774511868286,1,"","","","","","","","","","","","","","","","","","","","","","","","","","","","","","","","","","","","","","","","","","",0.16175737977027893,56.15489959716797,0.4240042567253113,0.37835943698883057,0.5691993832588196,-0.46164417266845703,"","","","","","","","","","","","","","","","","","","","","","","","","","","","","","","","","","","","","","","","","","","","","","","","","",0.11414201557636261,"","PRUNED"
36,0.11335930228233337,"2025-05-16 16:00:50.345861","2025-05-16 16:00:51.042284","0 days 00:00:00.696423",224,208.0,64.0,48.0,"",0.008455502065005048,4,"","","","","","","","","","","","","","","","","","","","","","","","","","","","","","","","","","","","","","","","","","",0.13721920549869537,51.74164581298828,0.559837281703949,0.5822024345397949,0.5590424537658691,-0.0639197826385498,0.23582784831523895,2103.439208984375,0.21081151068210602,0.37255778908729553,0.6095038056373596,-0.5001457929611206,0.13317996263504028,55.968170166015625,0.43390727043151855,0.4866275191307068,0.5963859558105469,-0.32784366607666016,0.1453806459903717,65.66883087158203,0.5593799948692322,0.6352733373641968,0.6356849670410156,-0.06371557712554932,"","","","","","","","","","","","","","","","","","","","","","","","","","","","","","","",0.10671184957027435,0.11335930228233337,"PRUNED"
37,0.11333988606929779,"2025-05-16 16:00:51.042563","2025-05-16 16:00:51.758673","0 days 00:00:00.716110",240,160.0,32.0,96.0,96.0,0.01617145749175031,5,"","","","","","","","","","","","","","","","","","","","","","","","","","","","","","","","","","","","","","","","","","",0.14717905223369598,53.41950607299805,0.614470899105072,0.6516942977905273,0.625605583190918,-0.18360519409179688,0.23521573841571808,2677.76611328125,0.3188237249851227,0.36532965302467346,0.6297947764396667,-0.3921523094177246,0.14172248542308807,65.12227630615234,0.28108757734298706,0.324084609746933,0.4474119544029236,-0.4009314775466919,0.15802310407161713,72.57449340820312,0.1831899881362915,0.1697121411561966,0.348801851272583,-0.3431096076965332,"","","","","","","","","","","","","","","","","","","","","","","","","","","","","","","",0.10960882902145386,0.11333988606929779,"PRUNED"
38,0.11409424990415573,"2025-05-16 16:00:51.758946","2025-05-16 16:00:52.459146","0 days 00:00:00.700200",176,240.0,64.0,64.0,"",0.004166486619514655,4,"","","","","","","","","","","","","","","","","","","","","","","","","","","","","","","","","","","","","","","","","","",0.14564652740955353,50.858951568603516,0.5961374640464783,0.6260868310928345,0.6021859049797058,-0.22922241687774658,0.2275264412164688,2290.703125,0.3310890793800354,0.38330352306365967,0.636541485786438,-0.34592413902282715,0.1294969916343689,57.418357849121094,0.6559988260269165,0.6737676858901978,0.7364988923072815,-0.1819666624069214,0.133827343583107,72.43392944335938,0.5895357728004456,0.6539278030395508,0.6560531854629517,0.09042555093765259,"","","","","","","","","","","","","","","","","","","","","","","","","","","","","","","",0.10853210091590881,0.11409424990415573,"PRUNED"
39,0.13009189069271088,"2025-05-16 16:00:52.459391","2025-05-16 16:00:52.763445","0 days 00:00:00.304054",192,192.0,112.0,32.0,96.0,0.08161301799050101,5,"","","","","","","","","","","","","","","","","","","","","","","","","","","","","","","","","","","","","","","","","","",0.1807890683412552,67.18855285644531,0.2805269658565521,0.40497687458992004,0.47545337677001953,-0.6417696475982666,"","","","","","","","","","","","","","","","","","","","","","","","","","","","","","","","","","","","","","","","","","","","","","","","","",0.13009189069271088,"","PRUNED"
40,0.11374899744987488,"2025-05-16 16:00:52.763707","2025-05-16 16:00:53.032066","0 days 00:00:00.268359",128,128.0,144.0,32.0,"",0.00217472369356371,4,"","","","","","","","","","","","","","","","","","","","","","","","","","","","","","","","","","","","","","","","","","",0.14803479611873627,51.57312774658203,0.5773690938949585,0.6507882475852966,0.6569592952728271,-0.2558034658432007,"","","","","","","","","","","","","","","","","","","","","","","","","","","","","","","","","","","","","","","","","","","","","","","","","",0.11374899744987488,"","PRUNED"
