"number","value","datetime_start","datetime_complete","duration","params_decoder_layer_width_0","params_decoder_layer_width_1","params_decoder_layer_width_2","params_decoder_layer_width_3","params_decoder_layer_width_4","params_encoder_layer_width_0","params_encoder_layer_width_1","params_encoder_layer_width_2","params_encoder_layer_width_3","params_lr","params_n_decoder_layers","params_n_encoder_layers","params_transformer_dropout","params_transformer_heads","user_attrs_avg_mae","user_attrs_avg_mape","user_attrs_avg_ndcg10","user_attrs_avg_ndcg20","user_attrs_avg_ndcg50","user_attrs_avg_r2","user_attrs_fold10_mae","user_attrs_fold10_mape","user_attrs_fold10_ndcg10","user_attrs_fold10_ndcg20","user_attrs_fold10_ndcg50","user_attrs_fold10_r2","user_attrs_fold11_mae","user_attrs_fold11_mape","user_attrs_fold11_ndcg10","user_attrs_fold11_ndcg20","user_attrs_fold11_ndcg50","user_attrs_fold11_r2","user_attrs_fold12_mae","user_attrs_fold12_mape","user_attrs_fold12_ndcg10","user_attrs_fold12_ndcg20","user_attrs_fold12_ndcg50","user_attrs_fold12_r2","user_attrs_fold13_mae","user_attrs_fold13_mape","user_attrs_fold13_ndcg10","user_attrs_fold13_ndcg20","user_attrs_fold13_ndcg50","user_attrs_fold13_r2","user_attrs_fold14_mae","user_attrs_fold14_mape","user_attrs_fold14_ndcg10","user_attrs_fold14_ndcg20","user_attrs_fold14_ndcg50","user_attrs_fold14_r2","user_attrs_fold15_mae","user_attrs_fold15_mape","user_attrs_fold15_ndcg10","user_attrs_fold15_ndcg20","user_attrs_fold15_ndcg50","user_attrs_fold15_r2","user_attrs_fold1_mae","user_attrs_fold1_mape","user_attrs_fold1_ndcg10","user_attrs_fold1_ndcg20","user_attrs_fold1_ndcg50","user_attrs_fold1_r2","user_attrs_fold2_mae","user_attrs_fold2_mape","user_attrs_fold2_ndcg10","user_attrs_fold2_ndcg20","user_attrs_fold2_ndcg50","user_attrs_fold2_r2","user_attrs_fold3_mae","user_attrs_fold3_mape","user_attrs_fold3_ndcg10","user_attrs_fold3_ndcg20","user_attrs_fold3_ndcg50","user_attrs_fold3_r2","user_attrs_fold4_mae","user_attrs_fold4_mape","user_attrs_fold4_ndcg10","user_attrs_fold4_ndcg20","user_attrs_fold4_ndcg50","user_attrs_fold4_r2","user_attrs_fold5_mae","user_attrs_fold5_mape","user_attrs_fold5_ndcg10","user_attrs_fold5_ndcg20","user_attrs_fold5_ndcg50","user_attrs_fold5_r2","user_attrs_fold6_mae","user_attrs_fold6_mape","user_attrs_fold6_ndcg10","user_attrs_fold6_ndcg20","user_attrs_fold6_ndcg50","user_attrs_fold6_r2","user_attrs_fold7_mae","user_attrs_fold7_mape","user_attrs_fold7_ndcg10","user_attrs_fold7_ndcg20","user_attrs_fold7_ndcg50","user_attrs_fold7_r2","user_attrs_fold8_mae","user_attrs_fold8_mape","user_attrs_fold8_ndcg10","user_attrs_fold8_ndcg20","user_attrs_fold8_ndcg50","user_attrs_fold8_r2","user_attrs_fold9_mae","user_attrs_fold9_mape","user_attrs_fold9_ndcg10","user_attrs_fold9_ndcg20","user_attrs_fold9_ndcg50","user_attrs_fold9_r2","user_attrs_pca_components","system_attrs_completed_rung_0","system_attrs_completed_rung_1","state"
88,0.10062844057877858,"2025-05-16 15:56:21.301681","2025-05-16 15:57:02.571216","0 days 00:00:41.269535",240,176.0,224.0,192.0,"",96,176.0,176.0,160.0,0.0006397134670060805,4,4,0.0,9,0.10062844057877858,273.9770685831706,0.8132366637388865,0.7979298273722331,0.781426203250885,0.3397998253504435,0.14516682922840118,104.51997375488281,1.0,1.0,0.8259578347206116,0.14209222793579102,0.10082224011421204,56.7852897644043,1.0,1.0,0.9095948934555054,0.6126534044742584,0.0923788994550705,106.10173797607422,1.0,0.8397557735443115,0.7506235837936401,0.3216739296913147,0.08245480060577393,56.23843002319336,0.9191439151763916,0.8530240654945374,0.806937038898468,0.4837692975997925,0.1357593834400177,80.75605773925781,1.0,1.0,0.9628441333770752,0.45046693086624146,0.07340581715106964,72.92672729492188,0.8921757340431213,0.8398943543434143,0.8193990588188171,0.4355875849723816,0.0971401035785675,42.612369537353516,0.7499616146087646,0.7945836782455444,0.7929261922836304,0.43067389726638794,0.1607218235731125,1367.2132568359375,0.6795506477355957,0.6778349280357361,0.8518854975700378,0.06293588876724243,0.07971435785293579,48.722042083740234,0.9096763134002686,0.8725693225860596,0.8913980722427368,0.5637130737304688,0.09745181351900101,45.567237854003906,0.7357214689254761,0.7895546555519104,0.8168182969093323,0.4622567892074585,0.093559131026268,427.1483459472656,0.3495248556137085,0.37974435091018677,0.47613221406936646,-0.04977762699127197,0.04893560707569122,235.67453002929688,1.0,1.0,0.8117834329605103,0.40563827753067017,0.11276291310787201,243.7046356201172,0.6149418950080872,0.6223580837249756,0.6399505734443665,0.13434278964996338,0.11089072376489639,259.3837585449219,0.43579867482185364,0.4320515990257263,0.47129344940185547,0.017018914222717285,0.07826216518878937,962.3016357421875,0.9120548367500305,0.8675765991210938,0.8938487768173218,0.6239520013332367,5.0,0.07990726083517075,0.0790957361459732,"COMPLETE"
89,0.08140800148248672,"2025-05-16 15:57:02.571712","2025-05-16 15:57:21.940646","0 days 00:00:19.368934",224,224.0,240.0,"","",112,192.0,208.0,176.0,0.00147093295295241,3,4,0.1,10,"","","","","","","","","","","","","","","","","","","","","","","","","","","","","","","","","","","","","","","","","","",0.09509577602148056,40.74907684326172,0.6821637749671936,0.7799198627471924,0.7865101099014282,0.41953593492507935,0.15558525919914246,1298.69580078125,0.6935995817184448,0.6835134625434875,0.8606498837471008,0.1211443543434143,0.08088988065719604,52.547698974609375,0.8590125441551208,0.8476281762123108,0.8485589027404785,0.5482684075832367,0.09931758046150208,40.986053466796875,0.6295602917671204,0.7008049488067627,0.7573632597923279,0.27276140451431274,"","","","","","","","","","","","","","","","","","","","","","","","","","","","","","","",0.0803997591137886,0.08140800148248672,"PRUNED"
90,0.07943879812955856,"2025-05-16 15:57:21.940969","2025-05-16 15:57:37.360197","0 days 00:00:15.419228",240,208.0,256.0,"","",96,208.0,192.0,144.0,0.0004537360940254859,3,4,0.0,9,"","","","","","","","","","","","","","","","","","","","","","","","","","","","","","","","","","","","","","","","","","",0.09846898168325424,38.336997985839844,0.7664714455604553,0.7815950512886047,0.7829453945159912,0.3588945269584656,0.16818812489509583,1956.40234375,0.6338675618171692,0.6984328031539917,0.848273515701294,0.04857581853866577,0.07901390641927719,48.95321273803711,0.9114508032798767,0.8827548623085022,0.8911963701248169,0.5807904005050659,0.09893261641263962,45.9620361328125,0.6818237900733948,0.7323054075241089,0.7894495725631714,0.41686129570007324,"","","","","","","","","","","","","","","","","","","","","","","","","","","","","","","",0.07976453751325607,0.07943879812955856,"PRUNED"
91,0.08003687858581543,"2025-05-16 15:57:37.360542","2025-05-16 15:57:54.999495","0 days 00:00:17.638953",224,208.0,240.0,"","",80,176.0,192.0,192.0,0.0005683265728284593,3,4,0.0,10,"","","","","","","","","","","","","","","","","","","","","","","","","","","","","","","","","","","","","","","","","","",0.09565485268831253,38.79779815673828,0.7748606204986572,0.8181304931640625,0.8002704381942749,0.4181051254272461,0.16367366909980774,1781.8284912109375,0.6795506477355957,0.6710579991340637,0.8498515486717224,0.07437700033187866,0.07960933446884155,47.19078063964844,0.9011214971542358,0.883662760257721,0.8926419019699097,0.5757991075515747,0.09720035642385483,44.37692642211914,0.6290361285209656,0.7005046606063843,0.7925768494606018,0.36292558908462524,"","","","","","","","","","","","","","","","","","","","","","","","","","","","","","","",0.0791662335395813,0.08003687858581543,"PRUNED"
92,0.07984158396720886,"2025-05-16 15:57:54.999965","2025-05-16 15:58:12.373244","0 days 00:00:17.373279",208,192.0,240.0,"","",80,160.0,208.0,176.0,0.0005000519502397764,3,4,0.0,10,"","","","","","","","","","","","","","","","","","","","","","","","","","","","","","","","","","","","","","","","","","",0.095347099006176,40.15908432006836,0.7761531472206116,0.8385878801345825,0.8001193404197693,0.4444712996482849,0.1577853262424469,1572.166015625,0.7126209735870361,0.7272694110870361,0.8671132326126099,0.13499867916107178,0.07843490689992905,50.443058013916016,0.9011214971542358,0.8733423352241516,0.8886533379554749,0.5908892154693604,0.10163135081529617,49.07179641723633,0.7646155953407288,0.7970818281173706,0.8125912547111511,0.4643648862838745,"","","","","","","","","","","","","","","","","","","","","","","","","","","","","","","",0.07771608978509903,0.07984158396720886,"PRUNED"
93,0.0799187496304512,"2025-05-16 15:58:12.373553","2025-05-16 15:58:30.174197","0 days 00:00:17.800644",256,208.0,224.0,"","",96,192.0,176.0,192.0,0.0009384161397184689,3,4,0.0,10,"","","","","","","","","","","","","","","","","","","","","","","","","","","","","","","","","","","","","","","","","","",0.09956204146146774,41.60887145996094,0.7427001595497131,0.7802575826644897,0.7794076204299927,0.39652150869369507,0.1595759391784668,1453.1505126953125,0.696406364440918,0.6783950924873352,0.8521069288253784,0.08476746082305908,0.07960214465856552,55.34183883666992,0.9011214971542358,0.8832494616508484,0.8880735039710999,0.6051075756549835,0.09760133922100067,41.81005859375,0.6397994756698608,0.6990349888801575,0.7913478016853333,0.3755601644515991,"","","","","","","","","","","","","","","","","","","","","","","","","","","","","","","",0.07985696941614151,0.0799187496304512,"PRUNED"
94,0.079991914331913,"2025-05-16 15:58:30.174529","2025-05-16 15:58:45.362786","0 days 00:00:15.188257",240,224.0,256.0,"","",112,176.0,192.0,160.0,0.0007324295304485503,3,4,0.0,9,"","","","","","","","","","","","","","","","","","","","","","","","","","","","","","","","","","","","","","","","","","",0.09828639775514603,41.747222900390625,0.7589346766471863,0.7964588403701782,0.7904056906700134,0.41161060333251953,0.16075395047664642,1560.9156494140625,0.6795506477355957,0.6781259179115295,0.853034257888794,0.09386521577835083,0.08172823488712311,46.310791015625,0.9114508032798767,0.8827908039093018,0.8853994607925415,0.5460206270217896,0.09781850874423981,45.224754333496094,0.6306686997413635,0.7010186910629272,0.7688144445419312,0.3622732162475586,"","","","","","","","","","","","","","","","","","","","","","","","","","","","","","","",0.07944046705961227,0.079991914331913,"PRUNED"
95,0.10029002726078033,"2025-05-16 15:58:45.363102","2025-05-16 15:59:30.040058","0 days 00:00:44.676956",224,208.0,240.0,"","",80,160.0,192.0,144.0,0.0003260211585806912,3,4,0.0,10,0.10029002726078033,275.17660191853844,0.8175302863121032,0.7953478137652079,0.7819290498892466,0.3439015567302704,0.14353439211845398,111.66827392578125,1.0,1.0,0.8324712514877319,0.17743486166000366,0.09994111210107803,51.540225982666016,1.0,1.0,0.9096912741661072,0.5982524752616882,0.09194765985012054,99.02430725097656,1.0,0.8320705890655518,0.7421468496322632,0.3073832392692566,0.08204106241464615,60.51247787475586,0.9191439151763916,0.8530683517456055,0.8148634433746338,0.5012741982936859,0.13294574618339539,88.70360565185547,1.0,1.0,0.9628441333770752,0.4798358678817749,0.07381274551153183,88.03275299072266,0.8921757340431213,0.8405999541282654,0.7951169610023499,0.4653899073600769,0.09950260818004608,39.04369354248047,0.7379530668258667,0.7586807608604431,0.7913399338722229,0.34665435552597046,0.16056224703788757,1452.19091796875,0.6795506477355957,0.6719637513160706,0.8543322682380676,0.07149308919906616,0.08017252385616302,46.960514068603516,0.90501868724823,0.8687047362327576,0.8917784094810486,0.5585094094276428,0.10045915842056274,47.87440490722656,0.7347110509872437,0.7549187541007996,0.8074436783790588,0.4374169111251831,0.09164377301931381,490.7740478515625,0.40582361817359924,0.40821194648742676,0.49552080035209656,0.025940358638763428,0.05486167222261429,480.8160705566406,1.0,0.995047390460968,0.8494577407836914,0.43650388717651367,0.11204613000154495,265.6197204589844,0.614863395690918,0.6211672425270081,0.6174745559692383,0.1282164454460144,0.11101208627223969,236.4845733642578,0.46165934205055237,0.4582071304321289,0.48963844776153564,0.018657922744750977,0.06986749172210693,568.4034423828125,0.9120548367500305,0.8675765991210938,0.8748160004615784,0.6055604219436646,5.0,0.07901790738105774,0.0792887806892395,"COMPLETE"
96,0.08077971637248993,"2025-05-16 15:59:30.040689","2025-05-16 15:59:36.622850","0 days 00:00:06.582161",208,224.0,208.0,"","",64,144.0,208.0,176.0,0.0011380331590184578,3,4,0.0,10,"","","","","","","","","","","","","","","","","","","","","","","","","","","","","","","","","","","","","","","","","","",0.09368588775396347,39.4035530090332,0.8147391676902771,0.8281953930854797,0.804467499256134,0.4657767415046692,"","","","","","","","","","","","","","","","","","","","","","","","","","","","","","","","","","","","","","","","","","","","","","","","","",0.08077971637248993,"","PRUNED"
97,0.08031617105007172,"2025-05-16 15:59:36.623173","2025-05-16 15:59:49.733687","0 days 00:00:13.110514",240,240.0,32.0,"","",96,176.0,176.0,128.0,0.0004290931812226687,3,4,0.0,9,"","","","","","","","","","","","","","","","","","","","","","","","","","","","","","","","","","","","","","","","","","",0.10425897687673569,39.909751892089844,0.7379530668258667,0.7567185759544373,0.7920365929603577,0.285259485244751,0.16076943278312683,1522.9515380859375,0.6767438054084778,0.6619929075241089,0.8501758575439453,0.08586031198501587,0.08118042349815369,46.854515075683594,0.90501868724823,0.8683308959007263,0.877503514289856,0.5433940291404724,0.09720111638307571,44.04695510864258,0.6316450834274292,0.7272116541862488,0.7998935580253601,0.3632521629333496,"","","","","","","","","","","","","","","","","","","","","","","","","","","","","","","",0.07957674562931061,0.08031617105007172,"PRUNED"
98,0.08045649528503418,"2025-05-16 15:59:49.734015","2025-05-16 16:00:07.650652","0 days 00:00:17.916637",256,176.0,224.0,"","",112,192.0,192.0,160.0,0.0006038232446738284,3,4,0.1,10,"","","","","","","","","","","","","","","","","","","","","","","","","","","","","","","","","","","","","","","","","","",0.09690169245004654,40.25259780883789,0.7156340479850769,0.7561412453651428,0.7899258732795715,0.3876975178718567,0.16903652250766754,1928.94921875,0.6272823810577393,0.6789072155952454,0.8444989323616028,0.046521544456481934,0.07961508631706238,44.25998306274414,0.8508955240249634,0.8888521194458008,0.8887972235679626,0.5548791885375977,0.09876608103513718,40.247772216796875,0.6275394558906555,0.6975022554397583,0.7915596961975098,0.2976987957954407,"","","","","","","","","","","","","","","","","","","","","","","","","","","","","","","",0.0796208307147026,0.08045649528503418,"PRUNED"
99,0.07986859977245331,"2025-05-16 16:00:07.650965","2025-05-16 16:00:26.057255","0 days 00:00:18.406290",224,192.0,256.0,"","",80,176.0,208.0,192.0,0.0009052619102256726,3,4,0.0,10,"","","","","","","","","","","","","","","","","","","","","","","","","","","","","","","","","","","","","","","","","","",0.09810648113489151,38.1458625793457,0.7419900894165039,0.7810800671577454,0.7973451018333435,0.3456314206123352,0.1613587588071823,1473.230224609375,0.6777278184890747,0.6731852293014526,0.8535349369049072,0.07652074098587036,0.07751482725143433,50.857017517089844,0.9040508270263672,0.8776264786720276,0.8835176229476929,0.6149597465991974,0.0975622683763504,44.61783218383789,0.6715356707572937,0.7039251923561096,0.8008059859275818,0.38508105278015137,"","","","","","","","","","","","","","","","","","","","","","","","","","","","","","","",0.07974380999803543,0.07986859977245331,"PRUNED"
