"number","value","datetime_start","datetime_complete","duration","params_decoder_layer_width_0","params_decoder_layer_width_1","params_decoder_layer_width_2","params_decoder_layer_width_3","params_decoder_layer_width_4","params_encoder_layer_width_0","params_encoder_layer_width_1","params_encoder_layer_width_2","params_encoder_layer_width_3","params_encoder_layer_width_4","params_graphsage_aggregator","params_lr","params_n_decoder_layers","params_n_encoder_layers","user_attrs_avg_mae","user_attrs_avg_mape","user_attrs_avg_ndcg10","user_attrs_avg_ndcg20","user_attrs_avg_ndcg50","user_attrs_avg_r2","user_attrs_fold10_mae","user_attrs_fold10_mape","user_attrs_fold10_ndcg10","user_attrs_fold10_ndcg20","user_attrs_fold10_ndcg50","user_attrs_fold10_r2","user_attrs_fold11_mae","user_attrs_fold11_mape","user_attrs_fold11_ndcg10","user_attrs_fold11_ndcg20","user_attrs_fold11_ndcg50","user_attrs_fold11_r2","user_attrs_fold12_mae","user_attrs_fold12_mape","user_attrs_fold12_ndcg10","user_attrs_fold12_ndcg20","user_attrs_fold12_ndcg50","user_attrs_fold12_r2","user_attrs_fold13_mae","user_attrs_fold13_mape","user_attrs_fold13_ndcg10","user_attrs_fold13_ndcg20","user_attrs_fold13_ndcg50","user_attrs_fold13_r2","user_attrs_fold14_mae","user_attrs_fold14_mape","user_attrs_fold14_ndcg10","user_attrs_fold14_ndcg20","user_attrs_fold14_ndcg50","user_attrs_fold14_r2","user_attrs_fold15_mae","user_attrs_fold15_mape","user_attrs_fold15_ndcg10","user_attrs_fold15_ndcg20","user_attrs_fold15_ndcg50","user_attrs_fold15_r2","user_attrs_fold1_mae","user_attrs_fold1_mape","user_attrs_fold1_ndcg10","user_attrs_fold1_ndcg20","user_attrs_fold1_ndcg50","user_attrs_fold1_r2","user_attrs_fold2_mae","user_attrs_fold2_mape","user_attrs_fold2_ndcg10","user_attrs_fold2_ndcg20","user_attrs_fold2_ndcg50","user_attrs_fold2_r2","user_attrs_fold3_mae","user_attrs_fold3_mape","user_attrs_fold3_ndcg10","user_attrs_fold3_ndcg20","user_attrs_fold3_ndcg50","user_attrs_fold3_r2","user_attrs_fold4_mae","user_attrs_fold4_mape","user_attrs_fold4_ndcg10","user_attrs_fold4_ndcg20","user_attrs_fold4_ndcg50","user_attrs_fold4_r2","user_attrs_fold5_mae","user_attrs_fold5_mape","user_attrs_fold5_ndcg10","user_attrs_fold5_ndcg20","user_attrs_fold5_ndcg50","user_attrs_fold5_r2","user_attrs_fold6_mae","user_attrs_fold6_mape","user_attrs_fold6_ndcg10","user_attrs_fold6_ndcg20","user_attrs_fold6_ndcg50","user_attrs_fold6_r2","user_attrs_fold7_mae","user_attrs_fold7_mape","user_attrs_fold7_ndcg10","user_attrs_fold7_ndcg20","user_attrs_fold7_ndcg50","user_attrs_fold7_r2","user_attrs_fold8_mae","user_attrs_fold8_mape","user_attrs_fold8_ndcg10","user_attrs_fold8_ndcg20","user_attrs_fold8_ndcg50","user_attrs_fold8_r2","user_attrs_fold9_mae","user_attrs_fold9_mape","user_attrs_fold9_ndcg10","user_attrs_fold9_ndcg20","user_attrs_fold9_ndcg50","user_attrs_fold9_r2","user_attrs_pca_components","system_attrs_completed_rung_0","system_attrs_completed_rung_1","state"
18,0.10558343678712845,"2025-05-16 15:33:12.188335","2025-05-16 15:33:13.038055","0 days 00:00:00.849720",96,160.0,"","","",16,176.0,"","","","max",0.006057435731960686,2,2,"","","","","","","","","","","","","","","","","","","","","","","","","","","","","","","","","","","","","","","","","","",0.13406917452812195,49.6993408203125,0.7558345794677734,0.7142481803894043,0.7807608842849731,0.01014256477355957,0.20516438782215118,2266.84326171875,0.5565840005874634,0.55673748254776,0.8108993768692017,-0.09706759452819824,0.1329619288444519,59.908180236816406,0.8420499563217163,0.8028550148010254,0.8354570269584656,-0.12498724460601807,0.13946881890296936,93.99932098388672,0.6320340037345886,0.6158468127250671,0.7306084036827087,0.2263844609260559,"","","","","","","","","","","","","","","","","","","","","","","","","","","","","","","",0.10363791882991791,0.10558343678712845,"PRUNED"
19,0.11490348726511002,"2025-05-16 15:33:13.038337","2025-05-16 15:33:13.479058","0 days 00:00:00.440721",192,144.0,16.0,32.0,32.0,256,112.0,16.0,"","","mean",0.0007270244008448458,5,3,"","","","","","","","","","","","","","","","","","","","","","","","","","","","","","","","","","","","","","","","","","",0.18980176746845245,70.66466522216797,0.73378986120224,0.7367903590202332,0.7556560635566711,-0.6870261430740356,"","","","","","","","","","","","","","","","","","","","","","","","","","","","","","","","","","","","","","","","","","","","","","","","","",0.11490348726511002,"","PRUNED"
20,0.11977729946374893,"2025-05-16 15:33:13.479339","2025-05-16 15:33:13.974697","0 days 00:00:00.495358",32,256.0,208.0,192.0,"",80,240.0,80.0,"","","add",0.0001813670993812156,4,3,"","","","","","","","","","","","","","","","","","","","","","","","","","","","","","","","","","","","","","","","","","",0.15818990767002106,50.27318572998047,0.18257181346416473,0.22150284051895142,0.4142042100429535,-0.5077782869338989,"","","","","","","","","","","","","","","","","","","","","","","","","","","","","","","","","","","","","","","","","","","","","","","","","",0.11977729946374893,"","PRUNED"
21,0.13009004294872284,"2025-05-16 15:33:13.974983","2025-05-16 15:33:14.613510","0 days 00:00:00.638527",192,16.0,160.0,160.0,"",256,144.0,112.0,256.0,"","max",0.024529146074012187,4,4,"","","","","","","","","","","","","","","","","","","","","","","","","","","","","","","","","","","","","","","","","","",0.19018806517124176,66.69454956054688,0.7741702198982239,0.7432698011398315,0.7748017311096191,-0.803337574005127,"","","","","","","","","","","","","","","","","","","","","","","","","","","","","","","","","","","","","","","","","","","","","","","","","",0.13009004294872284,"","PRUNED"
22,0.1286107450723648,"2025-05-16 15:33:14.613831","2025-05-16 15:33:15.350231","0 days 00:00:00.736400",224,64.0,176.0,80.0,"",224,96.0,160.0,240.0,256.0,"max",0.016978548045631866,4,5,"","","","","","","","","","","","","","","","","","","","","","","","","","","","","","","","","","","","","","","","","","",0.16540630161762238,56.54960250854492,0.622642457485199,0.5040026903152466,0.7048004865646362,-0.5141298770904541,"","","","","","","","","","","","","","","","","","","","","","","","","","","","","","","","","","","","","","","","","","","","","","","","","",0.1286107450723648,"","PRUNED"
23,0.10596264153718948,"2025-05-16 15:33:15.350537","2025-05-16 15:33:15.961858","0 days 00:00:00.611321",176,80.0,224.0,176.0,32.0,192,224.0,80.0,32.0,"","max",0.002098773481516948,5,4,"","","","","","","","","","","","","","","","","","","","","","","","","","","","","","","","","","","","","","","","","","",0.1544199436903,51.10670471191406,0.3075330853462219,0.28794723749160767,0.49248841404914856,-0.4246140718460083,"","","","","","","","","","","","","","","","","","","","","","","","","","","","","","","","","","","","","","","","","","","","","","","","","",0.10596264153718948,"","PRUNED"
24,0.10091704875230789,"2025-05-16 15:33:15.962137","2025-05-16 15:33:17.320256","0 days 00:00:01.358119",256,48.0,240.0,80.0,"",240,48.0,256.0,"","","max",0.0012580223436235796,4,3,"","","","","","","","","","","","","","","","","","","","","","","","","","","","","","","","","","","","","","","","","","",0.12280716747045517,42.88402557373047,0.7956057190895081,0.739990234375,0.8173287510871887,0.11776459217071533,0.20114198327064514,3411.26220703125,0.5863790512084961,0.6497992277145386,0.8222148418426514,-0.07495450973510742,0.11300109326839447,50.33482360839844,0.7595381140708923,0.7805874347686768,0.8043603301048279,0.1665310263633728,0.12119026482105255,50.839900970458984,0.7597127556800842,0.7824192047119141,0.7608938813209534,0.1463468074798584,"","","","","","","","","","","","","","","","","","","","","","","","","","","","","","","",0.10579978674650192,0.10091704875230789,"PRUNED"
25,0.1108071580529213,"2025-05-16 15:33:17.320540","2025-05-16 15:33:17.895800","0 days 00:00:00.575260",144,128.0,96.0,"","",144,160.0,192.0,176.0,16.0,"max",0.0039438976085358814,3,5,"","","","","","","","","","","","","","","","","","","","","","","","","","","","","","","","","","","","","","","","","","",0.1164492666721344,37.20889663696289,0.8371829986572266,0.8021445870399475,0.7960674166679382,0.11496895551681519,"","","","","","","","","","","","","","","","","","","","","","","","","","","","","","","","","","","","","","","","","","","","","","","","","",0.1108071580529213,"","PRUNED"
26,0.13005593419075012,"2025-05-16 15:33:17.896078","2025-05-16 15:33:18.305720","0 days 00:00:00.409642",176,32.0,176.0,96.0,240.0,176,"","","","","max",0.08761388927238284,5,1,"","","","","","","","","","","","","","","","","","","","","","","","","","","","","","","","","","","","","","","","","","",0.16065187752246857,50.022552490234375,0.3079359233379364,0.3392367362976074,0.38500848412513733,-0.576784610748291,"","","","","","","","","","","","","","","","","","","","","","","","","","","","","","","","","","","","","","","","","","","","","","","","","",0.13005593419075012,"","PRUNED"
27,0.11066596955060959,"2025-05-16 15:33:18.305982","2025-05-16 15:33:18.864334","0 days 00:00:00.558352",112,208.0,192.0,208.0,"",96,128.0,96.0,80.0,"","max",0.000537623247422321,4,4,"","","","","","","","","","","","","","","","","","","","","","","","","","","","","","","","","","","","","","","","","","",0.16120177507400513,54.76641082763672,0.8114230036735535,0.7433875203132629,0.7644046545028687,-0.4252188205718994,"","","","","","","","","","","","","","","","","","","","","","","","","","","","","","","","","","","","","","","","","","","","","","","","","",0.11066596955060959,"","PRUNED"
28,0.11281494051218033,"2025-05-16 15:33:18.864633","2025-05-16 15:33:19.234062","0 days 00:00:00.369429",208,96.0,"","","",48,192.0,"","","","mean",0.00017739656331967047,2,2,"","","","","","","","","","","","","","","","","","","","","","","","","","","","","","","","","","","","","","","","","","",0.17683365941047668,65.828369140625,0.5754265189170837,0.5861563086509705,0.696392297744751,-0.5158008337020874,"","","","","","","","","","","","","","","","","","","","","","","","","","","","","","","","","","","","","","","","","","","","","","","","","",0.11281494051218033,"","PRUNED"
29,0.11445826292037964,"2025-05-16 15:33:19.234340","2025-05-16 15:33:19.692102","0 days 00:00:00.457762",64,160.0,144.0,144.0,"",192,256.0,144.0,"","","add",0.00036087249063387894,4,3,"","","","","","","","","","","","","","","","","","","","","","","","","","","","","","","","","","","","","","","","","","",0.1351284384727478,45.19510269165039,0.7917571067810059,0.8128143548965454,0.8196436762809753,-0.08992612361907959,"","","","","","","","","","","","","","","","","","","","","","","","","","","","","","","","","","","","","","","","","","","","","","","","","",0.11445826292037964,"","PRUNED"
30,0.11521639674901962,"2025-05-16 15:33:19.692381","2025-05-16 15:33:19.950722","0 days 00:00:00.258341",160,"","","","",128,"","","","","add",0.0182740225153486,1,1,"","","","","","","","","","","","","","","","","","","","","","","","","","","","","","","","","","","","","","","","","","",0.1713513880968094,67.04908752441406,0.2151505947113037,0.27903982996940613,0.5021622776985168,-0.7502884864807129,"","","","","","","","","","","","","","","","","","","","","","","","","","","","","","","","","","","","","","","","","","","","","","","","","",0.11521639674901962,"","PRUNED"
31,0.0982794314622879,"2025-05-16 15:33:19.950981","2025-05-16 15:33:20.703071","0 days 00:00:00.752090",16,256.0,256.0,"","",16,"","","","","add",0.0016785663779618886,3,1,"","","","","","","","","","","","","","","","","","","","","","","","","","","","","","","","","","","","","","","","","","",0.13124392926692963,52.73969650268555,0.6259514093399048,0.5535533428192139,0.7179023027420044,0.03996932506561279,0.22260336577892303,3741.27001953125,0.4327079951763153,0.42536279559135437,0.6640421748161316,-0.23910534381866455,0.1431833952665329,62.36088180541992,0.4783253073692322,0.6242836713790894,0.6101274490356445,-0.36502695083618164,0.13853590190410614,85.7648696899414,0.45657017827033997,0.4959264397621155,0.6513234972953796,0.10469597578048706,"","","","","","","","","","","","","","","","","","","","","","","","","","","","","","","",0.1040445864200592,0.0982794314622879,"PRUNED"
32,0.12856490015983582,"2025-05-16 15:33:20.703342","2025-05-16 15:33:22.950917","0 days 00:00:02.247575",64,224.0,240.0,"","",48,"","","","","add",0.0039377746366203534,3,1,0.12856490015983582,870.1469571431478,0.6806735935310523,0.6748561690251033,0.6978706955909729,0.15763097604115803,0.165571928024292,275.9956970214844,0.9993637800216675,0.9996161460876465,0.7976027727127075,0.33003008365631104,0.10973413288593292,57.2652587890625,1.0,1.0,0.9091715812683105,0.6029520034790039,0.0962330773472786,123.70005798339844,1.0,0.8423290252685547,0.7526305317878723,0.37637531757354736,0.08560149371623993,67.10210418701172,0.9552111625671387,0.8509109020233154,0.8511202335357666,0.5294742584228516,0.15087264776229858,136.92449951171875,1.0,1.0,0.9539282917976379,0.529656171798706,0.07714144885540009,101.23943328857422,0.9016558527946472,0.8558118343353271,0.8333674669265747,0.5169596076011658,0.14228402078151703,63.20341873168945,0.6155911087989807,0.7070743441581726,0.6928460001945496,0.06689441204071045,0.23344306647777557,7138.2421875,0.38481810688972473,0.4315640330314636,0.677966833114624,-0.4150378704071045,0.14832450449466705,80.01455688476562,0.2311883121728897,0.2850501239299774,0.4833560585975647,-0.4580061435699463,0.13611440360546112,87.08135223388672,0.4647911787033081,0.5533495545387268,0.6797178983688354,0.048192381858825684,0.11941758543252945,1555.1390380859375,0.42248207330703735,0.4057040214538574,0.45455363392829895,-0.2442229986190796,0.07096900045871735,786.7783203125,0.9072859287261963,0.800850510597229,0.7240661382675171,0.3578152060508728,0.14601506292819977,372.45849609375,0.039079565554857254,0.0977792888879776,0.28207752108573914,-0.3437865972518921,0.1266668736934662,510.0224609375,0.4798335134983063,0.563870370388031,0.6067822575569153,0.14508527517318726,0.1200842559337616,1697.0374755859375,0.8088033199310303,0.7289323806762695,0.7688732147216797,0.3220835328102112,5.0,0.08820514380931854,0.08772888779640198,"COMPLETE"
33,0.12306945025920868,"2025-05-16 15:33:22.951377","2025-05-16 15:33:25.455344","0 days 00:00:02.503967",64,224.0,224.0,"","",48,32.0,"","","","add",0.004511225718232465,3,2,0.12306945025920868,730.4893597920735,0.8052098254362742,0.8030334373315176,0.766004741191864,0.23355615536371868,0.15681204199790955,276.6579284667969,1.0,0.9996448755264282,0.7818564772605896,0.38277536630630493,0.10838519781827927,62.26185989379883,1.0,1.0,0.9083297848701477,0.6302621960639954,0.09523812681436539,124.6257095336914,1.0,0.8622596859931946,0.7836676239967346,0.37463605403900146,0.0858442485332489,71.87965393066406,0.9552111625671387,0.8510317802429199,0.8462756872177124,0.5598711967468262,0.14683233201503754,161.9752197265625,1.0,1.0,0.9498711228370667,0.5533618628978729,0.07695134729146957,84.75799560546875,0.8716824054718018,0.8666524887084961,0.8301483988761902,0.4915066361427307,0.12155207246541977,48.937660217285156,0.7990175485610962,0.8025543689727783,0.8347034454345703,0.2854277491569519,0.181475430727005,2961.25146484375,0.6834697723388672,0.7063023447990417,0.8513349294662476,0.21255940198898315,0.125323086977005,57.99189376831055,0.8455354571342468,0.8733683824539185,0.8726893663406372,0.20834755897521973,0.10092509537935257,50.87393569946289,0.7434810996055603,0.7937513589859009,0.8217636346817017,0.4907519817352295,0.11101559549570084,987.9991455078125,0.2381400763988495,0.30575400590896606,0.3671010732650757,-0.027071356773376465,0.2122155725955963,4271.7646484375,0.9469966888427734,0.9264451861381531,0.5557470917701721,-1.8110778331756592,0.11948634684085846,305.2409973144531,0.7768690586090088,0.7370724678039551,0.6748151183128357,0.26222068071365356,0.12048166245222092,397.6654968261719,0.24507588148117065,0.4749239981174469,0.5435218811035156,0.23398691415786743,0.0835035964846611,1093.456787109375,0.9726682305335999,0.8457406163215637,0.8682454824447632,0.6557839214801788,5.0,0.08762866258621216,0.08707591891288757,"COMPLETE"
34,0.08879102766513824,"2025-05-16 15:33:25.455808","2025-05-16 15:33:26.346195","0 days 00:00:00.890387",48,224.0,224.0,"","",48,16.0,"","","","add",0.0035323392865681297,3,2,"","","","","","","","","","","","","","","","","","","","","","","","","","","","","","","","","","","","","","","","","","",0.1118207722902298,44.99486541748047,0.733601987361908,0.7415197491645813,0.8274837136268616,0.3373448848724365,0.20688040554523468,3768.068603515625,0.7201979756355286,0.6704840660095215,0.8601697087287903,0.12882143259048462,0.11439801752567291,86.12761688232422,0.9110932946205139,0.8435986638069153,0.8686387538909912,0.34815436601638794,0.11109141260385513,48.37845993041992,0.7018909454345703,0.7325510382652283,0.7988261580467224,0.29563915729522705,"","","","","","","","","","","","","","","","","","","","","","","","","","","","","","","",0.08916971832513809,0.08879102766513824,"PRUNED"
35,0.09502630680799484,"2025-05-16 15:33:26.346507","2025-05-16 15:33:26.985889","0 days 00:00:00.639382",80,224.0,"","","",32,"","","","","add",0.005099935436742926,2,1,"","","","","","","","","","","","","","","","","","","","","","","","","","","","","","","","","","","","","","","","","","",0.14885391294956207,74.48168182373047,0.6343069672584534,0.6180894374847412,0.7115395665168762,-0.027750015258789062,0.21554426848888397,5741.40966796875,0.5630992650985718,0.5446441173553467,0.7925743460655212,-0.12558436393737793,0.12603403627872467,70.35188293457031,0.31303268671035767,0.33728885650634766,0.4507051706314087,-0.24253511428833008,0.12186837941408157,70.81338500976562,0.4788261950016022,0.6313216090202332,0.7741513848304749,0.34182387590408325,"","","","","","","","","","","","","","","","","","","","","","","","","","","","","","","",0.09426917880773544,0.09502630680799484,"PRUNED"
36,0.09354443103075027,"2025-05-16 15:33:26.986153","2025-05-16 15:33:27.882668","0 days 00:00:00.896515",64,192.0,240.0,"","",48,64.0,"","","","add",0.007925498541703215,3,2,"","","","","","","","","","","","","","","","","","","","","","","","","","","","","","","","","","","","","","","","","","",0.11218047887086868,46.02621078491211,0.7918384671211243,0.8377856612205505,0.8140407204627991,0.2841188907623291,0.17735505104064941,2434.062255859375,0.7676258087158203,0.8193973898887634,0.8998648524284363,0.2352108359336853,0.09856866300106049,53.02641296386719,0.8850535154342651,0.8652878999710083,0.8689170479774475,0.47117698192596436,0.10495270043611526,40.66437530517578,0.7482008934020996,0.7839440107345581,0.8334491848945618,0.3196956515312195,"","","","","","","","","","","","","","","","","","","","","","","","","","","","","","","",0.08902914822101593,0.09354443103075027,"PRUNED"
37,0.11562660336494446,"2025-05-16 15:33:27.882946","2025-05-16 15:33:28.125374","0 days 00:00:00.242428",112,"","","","",96,"","","","","add",0.01183139751607101,1,1,"","","","","","","","","","","","","","","","","","","","","","","","","","","","","","","","","","","","","","","","","","",0.15918828547000885,62.275577545166016,0.40356889367103577,0.4489727020263672,0.5660977363586426,-0.33590853214263916,"","","","","","","","","","","","","","","","","","","","","","","","","","","","","","","","","","","","","","","","","","","","","","","","","",0.11562660336494446,"","PRUNED"
38,0.1187406395872434,"2025-05-16 15:33:28.125625","2025-05-16 15:33:30.736551","0 days 00:00:02.610926",80,240.0,224.0,"","",64,32.0,"","","","add",0.0031228751155579146,3,2,0.1187406395872434,670.1910545349122,0.8144914348920186,0.8008130967617035,0.7907301684220632,0.31700698137283323,0.1602041870355606,277.4958801269531,0.9993637800216675,0.9995723962783813,0.7896912693977356,0.35081249475479126,0.12066156417131424,66.8347396850586,1.0,1.0,0.8950501084327698,0.5685737729072571,0.09609507769346237,111.74365234375,1.0,0.8634985685348511,0.7826440334320068,0.3610149025917053,0.08489840477705002,71.1058578491211,0.9552111625671387,0.8456276059150696,0.8481375575065613,0.5663436949253082,0.14589793980121613,143.57505798339844,1.0,1.0,0.9618503451347351,0.5597287714481354,0.07863916456699371,100.9963150024414,0.9352508187294006,0.8469042778015137,0.8402233123779297,0.4885421395301819,0.12047884613275528,45.49266052246094,0.6763793230056763,0.7353212237358093,0.7927737832069397,0.258431077003479,0.18136736750602722,3058.51025390625,0.6843199729919434,0.6770210862159729,0.8563844561576843,0.23034286499023438,0.11007480323314667,51.25605010986328,0.9008983969688416,0.8523305654525757,0.8821020722389221,0.3178452253341675,0.10362939536571503,60.431278228759766,0.8109490275382996,0.7968845367431641,0.8287353515625,0.5107875168323517,0.10063231736421585,733.8363647460938,0.23620018362998962,0.38008978962898254,0.4396063983440399,0.022680819034576416,0.15747450292110443,3355.2451171875,0.817261278629303,0.8820663690567017,0.7187093496322632,-0.7294631004333496,0.11107215285301208,314.7735595703125,0.7822052836418152,0.732724666595459,0.7316723465919495,0.3391554355621338,0.11805734783411026,488.59210205078125,0.466154545545578,0.5682156085968018,0.627514660358429,0.27899056673049927,0.09192652255296707,1172.9769287109375,0.9531777501106262,0.8319397568702698,0.8658574819564819,0.6313185393810272,5.0,0.08653871715068817,0.08715061098337173,"COMPLETE"
