"number","value","datetime_start","datetime_complete","duration","params_decoder_layer_width_0","params_decoder_layer_width_1","params_decoder_layer_width_2","params_decoder_layer_width_3","params_decoder_layer_width_4","params_encoder_layer_width_0","params_encoder_layer_width_1","params_encoder_layer_width_2","params_encoder_layer_width_3","params_lr","params_n_decoder_layers","params_n_encoder_layers","params_transformer_dropout","params_transformer_heads","user_attrs_avg_mae","user_attrs_avg_mape","user_attrs_avg_ndcg10","user_attrs_avg_ndcg20","user_attrs_avg_ndcg50","user_attrs_avg_r2","user_attrs_fold10_mae","user_attrs_fold10_mape","user_attrs_fold10_ndcg10","user_attrs_fold10_ndcg20","user_attrs_fold10_ndcg50","user_attrs_fold10_r2","user_attrs_fold11_mae","user_attrs_fold11_mape","user_attrs_fold11_ndcg10","user_attrs_fold11_ndcg20","user_attrs_fold11_ndcg50","user_attrs_fold11_r2","user_attrs_fold12_mae","user_attrs_fold12_mape","user_attrs_fold12_ndcg10","user_attrs_fold12_ndcg20","user_attrs_fold12_ndcg50","user_attrs_fold12_r2","user_attrs_fold13_mae","user_attrs_fold13_mape","user_attrs_fold13_ndcg10","user_attrs_fold13_ndcg20","user_attrs_fold13_ndcg50","user_attrs_fold13_r2","user_attrs_fold14_mae","user_attrs_fold14_mape","user_attrs_fold14_ndcg10","user_attrs_fold14_ndcg20","user_attrs_fold14_ndcg50","user_attrs_fold14_r2","user_attrs_fold15_mae","user_attrs_fold15_mape","user_attrs_fold15_ndcg10","user_attrs_fold15_ndcg20","user_attrs_fold15_ndcg50","user_attrs_fold15_r2","user_attrs_fold1_mae","user_attrs_fold1_mape","user_attrs_fold1_ndcg10","user_attrs_fold1_ndcg20","user_attrs_fold1_ndcg50","user_attrs_fold1_r2","user_attrs_fold2_mae","user_attrs_fold2_mape","user_attrs_fold2_ndcg10","user_attrs_fold2_ndcg20","user_attrs_fold2_ndcg50","user_attrs_fold2_r2","user_attrs_fold3_mae","user_attrs_fold3_mape","user_attrs_fold3_ndcg10","user_attrs_fold3_ndcg20","user_attrs_fold3_ndcg50","user_attrs_fold3_r2","user_attrs_fold4_mae","user_attrs_fold4_mape","user_attrs_fold4_ndcg10","user_attrs_fold4_ndcg20","user_attrs_fold4_ndcg50","user_attrs_fold4_r2","user_attrs_fold5_mae","user_attrs_fold5_mape","user_attrs_fold5_ndcg10","user_attrs_fold5_ndcg20","user_attrs_fold5_ndcg50","user_attrs_fold5_r2","user_attrs_fold6_mae","user_attrs_fold6_mape","user_attrs_fold6_ndcg10","user_attrs_fold6_ndcg20","user_attrs_fold6_ndcg50","user_attrs_fold6_r2","user_attrs_fold7_mae","user_attrs_fold7_mape","user_attrs_fold7_ndcg10","user_attrs_fold7_ndcg20","user_attrs_fold7_ndcg50","user_attrs_fold7_r2","user_attrs_fold8_mae","user_attrs_fold8_mape","user_attrs_fold8_ndcg10","user_attrs_fold8_ndcg20","user_attrs_fold8_ndcg50","user_attrs_fold8_r2","user_attrs_fold9_mae","user_attrs_fold9_mape","user_attrs_fold9_ndcg10","user_attrs_fold9_ndcg20","user_attrs_fold9_ndcg50","user_attrs_fold9_r2","user_attrs_pca_components","system_attrs_completed_rung_0","system_attrs_completed_rung_1","state"
15,0.08431130647659302,"2025-05-16 15:40:03.610179","2025-05-16 15:40:04.505277","0 days 00:00:00.895098",128,240.0,256.0,"","",16,64.0,"","",0.0048440868536686775,3,2,0.30000000000000004,9,"","","","","","","","","","","","","","","","","","","","","","","","","","","","","","","","","","","","","","","","","","",0.10265012085437775,44.007991790771484,0.7120990753173828,0.7570784687995911,0.7999958992004395,0.38951390981674194,"","","","","","","","","","","","","","","","","","","","","","","","","","","","","","","","","","","","","","","","","","","","","","","","","",0.08431130647659302,"","PRUNED"
16,0.08276132494211197,"2025-05-16 15:40:04.505549","2025-05-16 15:40:12.133218","0 days 00:00:07.627669",208,"","","","",64,208.0,112.0,208.0,0.00024964008870226713,1,4,0.2,6,"","","","","","","","","","","","","","","","","","","","","","","","","","","","","","","","","","","","","","","","","","",0.1013374999165535,38.79652786254883,0.7419900894165039,0.7739979028701782,0.820052981376648,0.3740289807319641,0.16146627068519592,1734.443115234375,0.6935995817184448,0.663338840007782,0.8513107299804688,0.11156851053237915,0.08129598945379257,50.510746002197266,0.8999922871589661,0.8822373747825623,0.8805397748947144,0.5787496566772461,0.09872162342071533,39.49800109863281,0.6255800724029541,0.6965486407279968,0.7792799472808838,0.29977643489837646,"","","","","","","","","","","","","","","","","","","","","","","","","","","","","","","",0.08221133053302765,0.08276132494211197,"PRUNED"
17,0.08387816697359085,"2025-05-16 15:40:12.133519","2025-05-16 15:40:13.059579","0 days 00:00:00.926060",112,208.0,"","","",128,128.0,48.0,"",0.0001901731308932311,2,3,0.1,3,"","","","","","","","","","","","","","","","","","","","","","","","","","","","","","","","","","","","","","","","","","",0.10131751745939255,37.86351013183594,0.7116585373878479,0.7588102221488953,0.8103587627410889,0.3452432155609131,"","","","","","","","","","","","","","","","","","","","","","","","","","","","","","","","","","","","","","","","","","","","","","","","","",0.08387816697359085,"","PRUNED"
18,0.08502661436796188,"2025-05-16 15:40:13.059851","2025-05-16 15:40:14.151698","0 days 00:00:01.091847",48,"","","","",48,96.0,80.0,48.0,0.0006710529851884325,1,4,0.4,4,"","","","","","","","","","","","","","","","","","","","","","","","","","","","","","","","","","","","","","","","","","",0.10596685111522675,40.063541412353516,0.7116585373878479,0.7571361660957336,0.8091751933097839,0.3057630658149719,"","","","","","","","","","","","","","","","","","","","","","","","","","","","","","","","","","","","","","","","","","","","","","","","","",0.08502661436796188,"","PRUNED"
19,0.10421054984132448,"2025-05-16 15:40:14.151995","2025-05-16 15:40:26.441682","0 days 00:00:12.289687",160,144.0,160.0,"","",112,32.0,160.0,"",0.0012603844583628015,3,3,0.5,7,0.10421054984132448,275.4547508239746,0.8170863270759583,0.7969178656737009,0.7830568412939708,0.3335458954175313,0.1544889211654663,128.36163330078125,1.0,1.0,0.8325288891792297,0.16611534357070923,0.10531105101108551,56.589054107666016,1.0,1.0,0.9159276485443115,0.6077384948730469,0.09394621849060059,111.77948760986328,1.0,0.8295333385467529,0.7553114891052246,0.3231250047683716,0.08410949259996414,59.87677764892578,0.9384362101554871,0.8565197587013245,0.8184759020805359,0.4990745782852173,0.14579766988754272,96.61177825927734,1.0,1.0,0.9628441333770752,0.4497714042663574,0.07511089742183685,69.34807586669922,0.8924195170402527,0.8404724597930908,0.8193514347076416,0.4161492586135864,0.09427770972251892,41.99849319458008,0.8806446194648743,0.8809929490089417,0.8510412573814392,0.4996517300605774,0.17293059825897217,1720.3101806640625,0.6756114363670349,0.6648784875869751,0.8424033522605896,0.027381062507629395,0.08167269080877304,48.9579963684082,0.9135358333587646,0.8858290314674377,0.8895400762557983,0.5795057415962219,0.09903296083211899,44.72034454345703,0.7319419384002686,0.7404668927192688,0.7975135445594788,0.3942263722419739,0.09892163425683975,483.9185791015625,0.32613417506217957,0.3535037934780121,0.4332139492034912,-0.11902451515197754,0.05689067021012306,462.15447998046875,1.0,0.9968449473381042,0.8128654956817627,0.3950539231300354,0.1164177656173706,271.259765625,0.5204445719718933,0.5768901109695435,0.6347006559371948,0.1446669101715088,0.11170168220996857,221.1595001220703,0.46507176756858826,0.45952045917510986,0.48639824986457825,0.019331037998199463,0.0725482851266861,314.7751159667969,0.9120548367500305,0.8683157563209534,0.8937365412712097,0.6004220843315125,5.0,0.0820109099149704,0.08189558237791061,"COMPLETE"
20,0.11100911349058151,"2025-05-16 15:40:26.442158","2025-05-16 15:40:27.353794","0 days 00:00:00.911636",256,144.0,"","","",144,144.0,"","",0.0062633422397702235,2,2,0.30000000000000004,3,"","","","","","","","","","","","","","","","","","","","","","","","","","","","","","","","","","","","","","","","","","",0.17383988201618195,64.74090576171875,0.6658106446266174,0.7277255654335022,0.7455587983131409,-0.46723473072052,"","","","","","","","","","","","","","","","","","","","","","","","","","","","","","","","","","","","","","","","","","","","","","","","","",0.11100911349058151,"","PRUNED"
21,0.08434206247329712,"2025-05-16 15:40:27.354067","2025-05-16 15:40:29.344537","0 days 00:00:01.990470",144,144.0,176.0,"","",112,64.0,160.0,"",0.0012931116107185296,3,3,0.5,7,"","","","","","","","","","","","","","","","","","","","","","","","","","","","","","","","","","","","","","","","","","",0.10189858824014664,38.87302017211914,0.7928944826126099,0.7891488671302795,0.8123030662536621,0.3642585873603821,"","","","","","","","","","","","","","","","","","","","","","","","","","","","","","","","","","","","","","","","","","","","","","","","","",0.08434206247329712,"","PRUNED"
22,0.10283096954226494,"2025-05-16 15:40:29.344825","2025-05-16 15:40:42.275793","0 days 00:00:12.930968",192,80.0,208.0,"","",96,16.0,176.0,"",0.00045935807656631307,3,3,0.5,8,0.10283096954226494,308.0207684834798,0.8125176688035329,0.7927690764268239,0.7862281262874603,0.3474764923254649,0.14682509005069733,131.17236328125,1.0,0.9996525049209595,0.8260033130645752,0.20268166065216064,0.10444369167089462,53.5527229309082,1.0,1.0,0.9090625643730164,0.5991282165050507,0.09370171278715134,95.78346252441406,1.0,0.8292727470397949,0.7465538382530212,0.2962886691093445,0.0839293822646141,67.8303451538086,0.9191439151763916,0.8527337312698364,0.8167106509208679,0.5270728170871735,0.14217424392700195,101.05643463134766,1.0,1.0,0.962844729423523,0.4732699394226074,0.07502230256795883,74.67959594726562,0.8921757340431213,0.8407665491104126,0.8247312903404236,0.4310758709907532,0.09610358625650406,39.23448944091797,0.7455540299415588,0.7847181558609009,0.804669201374054,0.43016308546066284,0.17053604125976562,1952.1884765625,0.6749210357666016,0.6009572148323059,0.8373099565505981,0.03437322378158569,0.0820065587759018,49.423030853271484,0.90501868724823,0.8834801912307739,0.8881533741950989,0.5704600512981415,0.09948663413524628,45.72585678100586,0.7266845107078552,0.747346043586731,0.8049045205116272,0.3995743989944458,0.09455521404743195,440.3022155761719,0.29177096486091614,0.3743476867675781,0.4669921100139618,-0.05992710590362549,0.057956088334321976,544.0951538085938,1.0,1.0,0.8125291466712952,0.41293174028396606,0.11541830748319626,284.966552734375,0.6615706086158752,0.617892861366272,0.6590777039527893,0.178949236869812,0.11074504256248474,249.5557098388672,0.45887070894241333,0.47761568427085876,0.5639441013336182,0.06784260272979736,0.06956064701080322,490.7451171875,0.9120548367500305,0.8827527761459351,0.8699353933334351,0.6482629776000977,5.0,0.08197446912527084,0.08163319528102875,"COMPLETE"
23,0.10185027768214544,"2025-05-16 15:40:42.276255","2025-05-16 15:40:59.687866","0 days 00:00:17.411611",208,64.0,"","","",80,32.0,208.0,"",0.000461991324558763,2,3,0.4,9,0.10185027768214544,337.4978569030762,0.8105258524417878,0.7970823367436727,0.7859718819459279,0.35309064586957295,0.14508303999900818,126.36119079589844,1.0,1.0,0.8259535431861877,0.196244478225708,0.10238415002822876,51.237762451171875,1.0,1.0,0.9091345071792603,0.5964841842651367,0.09218376129865646,112.05059051513672,1.0,0.8293428421020508,0.7596515417098999,0.33934861421585083,0.08341514319181442,71.63703918457031,0.9191439151763916,0.8674496412277222,0.8027077317237854,0.5317399203777313,0.13844680786132812,75.6922607421875,1.0,1.0,0.962844729423523,0.45433467626571655,0.07449205219745636,72.52003479003906,0.8924195170402527,0.8407028913497925,0.8194576501846313,0.43306511640548706,0.09575112164020538,39.00973892211914,0.7669041752815247,0.7840520739555359,0.8099693655967712,0.41390442848205566,0.17245922982692719,2363.90380859375,0.6306926012039185,0.6440132856369019,0.8398076891899109,0.051872432231903076,0.0811847522854805,51.07990646362305,0.90501868724823,0.8867395520210266,0.8823935985565186,0.5852310657501221,0.09740814566612244,40.87478256225586,0.6711630821228027,0.7276495099067688,0.7916088104248047,0.39664679765701294,0.09549318253993988,513.5348510742188,0.3475330173969269,0.39683273434638977,0.4519602358341217,-0.023970723152160645,0.055562056601047516,477.51507568359375,1.0,1.0,0.8084584474563599,0.4141901731491089,0.11368005722761154,264.7725830078125,0.6488898992538452,0.6211003661155701,0.6600465774536133,0.16329795122146606,0.11133600026369095,266.9034118652344,0.45887070894241333,0.47885993123054504,0.567103922367096,0.07719415426254272,0.06887466460466385,535.3748168945312,0.9172521829605103,0.8794922232627869,0.8984798789024353,0.6667764186859131,5.0,0.08088234812021255,0.08099070936441422,"COMPLETE"
24,0.08303167670965195,"2025-05-16 15:40:59.688319","2025-05-16 15:41:02.239011","0 days 00:00:02.550692",208,64.0,208.0,"","",96,32.0,208.0,"",0.00018411871459860594,3,3,0.4,9,"","","","","","","","","","","","","","","","","","","","","","","","","","","","","","","","","","","","","","","","","","",0.10030140727758408,37.60248565673828,0.7419900894165039,0.7818455100059509,0.8043588995933533,0.34333765506744385,"","","","","","","","","","","","","","","","","","","","","","","","","","","","","","","","","","","","","","","","","","","","","","","","","",0.08303167670965195,"","PRUNED"
25,0.08439058065414429,"2025-05-16 15:41:02.239299","2025-05-16 15:41:03.179919","0 days 00:00:00.940620",192,64.0,112.0,"","",96,16.0,"","",0.000349307664353007,3,2,0.5,10,"","","","","","","","","","","","","","","","","","","","","","","","","","","","","","","","","","","","","","","","","","",0.10261422395706177,40.83148193359375,0.7122007608413696,0.7726222276687622,0.7955936789512634,0.39462023973464966,"","","","","","","","","","","","","","","","","","","","","","","","","","","","","","","","","","","","","","","","","","","","","","","","","",0.08439058065414429,"","PRUNED"
26,0.09046484529972076,"2025-05-16 15:41:03.180191","2025-05-16 15:41:05.602536","0 days 00:00:02.422345",224,16.0,"","","",144,48.0,176.0,"",0.0022190102048881897,2,3,0.4,8,"","","","","","","","","","","","","","","","","","","","","","","","","","","","","","","","","","","","","","","","","","",0.10195768624544144,39.423431396484375,0.7116585373878479,0.7835648655891418,0.8124308586120605,0.3486299514770508,"","","","","","","","","","","","","","","","","","","","","","","","","","","","","","","","","","","","","","","","","","","","","","","","","",0.09046484529972076,"","PRUNED"
27,0.08622109144926071,"2025-05-16 15:41:05.602821","2025-05-16 15:41:06.530012","0 days 00:00:00.927191",192,80.0,"","","",80,32.0,"","",0.0001082347613812696,2,2,0.5,9,"","","","","","","","","","","","","","","","","","","","","","","","","","","","","","","","","","","","","","","","","","",0.1054738238453865,39.49127960205078,0.7116585373878479,0.7938592433929443,0.8013169169425964,0.35927146673202515,"","","","","","","","","","","","","","","","","","","","","","","","","","","","","","","","","","","","","","","","","","","","","","","","","",0.08622109144926071,"","PRUNED"
28,0.09759244322776794,"2025-05-16 15:41:06.530294","2025-05-16 15:41:09.320123","0 days 00:00:02.789829",144,112.0,208.0,16.0,32.0,128,80.0,192.0,"",0.0007506172200454204,5,3,0.4,8,"","","","","","","","","","","","","","","","","","","","","","","","","","","","","","","","","","","","","","","","","","",0.1072910875082016,43.359317779541016,0.702518880367279,0.765803337097168,0.8134083151817322,0.34970200061798096,"","","","","","","","","","","","","","","","","","","","","","","","","","","","","","","","","","","","","","","","","","","","","","","","","",0.09759244322776794,"","PRUNED"
29,0.08517530560493469,"2025-05-16 15:41:09.320420","2025-05-16 15:41:10.795902","0 days 00:00:01.475482",128,32.0,208.0,"","",176,16.0,144.0,"",0.0037797312496004824,3,3,0.30000000000000004,6,"","","","","","","","","","","","","","","","","","","","","","","","","","","","","","","","","","","","","","","","","","",0.10421040654182434,42.9222412109375,0.7081462740898132,0.7674838900566101,0.814642071723938,0.40096431970596313,"","","","","","","","","","","","","","","","","","","","","","","","","","","","","","","","","","","","","","","","","","","","","","","","","",0.08517530560493469,"","PRUNED"
30,0.0952187329530716,"2025-05-16 15:41:10.796199","2025-05-16 15:41:12.035965","0 days 00:00:01.239766",112,80.0,96.0,"","",96,80.0,"","",0.0023809843052100357,3,2,0.5,8,"","","","","","","","","","","","","","","","","","","","","","","","","","","","","","","","","","","","","","","","","","",0.12683138251304626,49.82617950439453,0.7225574254989624,0.7762032151222229,0.8186647295951843,0.1851326823234558,"","","","","","","","","","","","","","","","","","","","","","","","","","","","","","","","","","","","","","","","","","","","","","","","","",0.0952187329530716,"","PRUNED"
31,0.08355007320642471,"2025-05-16 15:41:12.036240","2025-05-16 15:41:13.783221","0 days 00:00:01.746981",240,"","","","",64,192.0,32.0,144.0,0.00044137682595829004,1,4,0.2,5,"","","","","","","","","","","","","","","","","","","","","","","","","","","","","","","","","","","","","","","","","","",0.0995418056845665,37.943058013916016,0.7116585373878479,0.7752167582511902,0.8141261339187622,0.3959001898765564,"","","","","","","","","","","","","","","","","","","","","","","","","","","","","","","","","","","","","","","","","","","","","","","","","",0.08355007320642471,"","PRUNED"
32,0.08263147622346878,"2025-05-16 15:41:13.783499","2025-05-16 15:41:21.505249","0 days 00:00:07.721750",240,64.0,"","","",48,48.0,192.0,96.0,0.00019121461211133402,2,4,0.4,9,"","","","","","","","","","","","","","","","","","","","","","","","","","","","","","","","","","","","","","","","","","",0.09812037646770477,37.35668182373047,0.7189474701881409,0.7586894631385803,0.8011419177055359,0.3597305417060852,0.16235975921154022,1634.2203369140625,0.696406364440918,0.6760616302490234,0.8565935492515564,0.11665433645248413,0.08501719683408737,47.74524688720703,0.8766089677810669,0.871258556842804,0.8775726556777954,0.5323038995265961,0.09752310067415237,38.4643669128418,0.6283852458000183,0.6980027556419373,0.7896491289138794,0.3048023581504822,"","","","","","","","","","","","","","","","","","","","","","","","","","","","","","","",0.0824061781167984,0.08263147622346878,"PRUNED"
33,0.08264448493719101,"2025-05-16 15:41:21.505537","2025-05-16 15:41:22.883933","0 days 00:00:01.378396",192,"","","","",80,128.0,96.0,"",0.00048727174899694775,1,3,0.30000000000000004,5,"","","","","","","","","","","","","","","","","","","","","","","","","","","","","","","","","","","","","","","","","","",0.10521391779184341,40.20064163208008,0.7145124077796936,0.7598360776901245,0.7978560328483582,0.31092333793640137,"","","","","","","","","","","","","","","","","","","","","","","","","","","","","","","","","","","","","","","","","","","","","","","","","",0.08264448493719101,"","PRUNED"
34,0.084499791264534,"2025-05-16 15:41:22.884232","2025-05-16 15:41:24.062041","0 days 00:00:01.177809",240,48.0,"","","",128,"","","",0.0002976821472813074,2,1,0.1,10,"","","","","","","","","","","","","","","","","","","","","","","","","","","","","","","","","","","","","","","","","","",0.10345025360584259,44.458133697509766,0.7809815406799316,0.8207487463951111,0.8302025198936462,0.45754188299179077,"","","","","","","","","","","","","","","","","","","","","","","","","","","","","","","","","","","","","","","","","","","","","","","","","",0.084499791264534,"","PRUNED"
35,0.08493161201477051,"2025-05-16 15:41:24.062342","2025-05-16 15:41:25.311540","0 days 00:00:01.249198",80,128.0,"","","",48,144.0,48.0,"",0.0155565908316784,2,3,0.0,6,"","","","","","","","","","","","","","","","","","","","","","","","","","","","","","","","","","","","","","","","","","",0.11076080054044724,48.4697151184082,0.7088183760643005,0.7689902186393738,0.808677613735199,0.40955132246017456,"","","","","","","","","","","","","","","","","","","","","","","","","","","","","","","","","","","","","","","","","","","","","","","","","",0.08493161201477051,"","PRUNED"
36,0.08187712728977203,"2025-05-16 15:41:25.311845","2025-05-16 15:41:33.354946","0 days 00:00:08.043101",256,96.0,224.0,256.0,"",64,176.0,192.0,64.0,0.0002051711081592055,4,4,0.30000000000000004,7,"","","","","","","","","","","","","","","","","","","","","","","","","","","","","","","","","","","","","","","","","","",0.09999895095825195,38.80818176269531,0.7046122550964355,0.7798989415168762,0.7946478724479675,0.32679831981658936,0.1618337333202362,1683.9365234375,0.6935995817184448,0.673916220664978,0.8478400111198425,0.1060296893119812,0.08217981457710266,45.3990592956543,0.8508955240249634,0.8637376427650452,0.8584457635879517,0.5330246686935425,0.0981229618191719,41.18302917480469,0.6275394558906555,0.676040768623352,0.7782886624336243,0.3102046847343445,"","","","","","","","","","","","","","","","","","","","","","","","","","","","","","","",0.08128566294908524,0.08187712728977203,"PRUNED"
37,0.08285026252269745,"2025-05-16 15:41:33.355302","2025-05-16 15:41:33.981114","0 days 00:00:00.625812",208,"","","","",80,112.0,"","",0.0008199658735488684,1,2,0.2,2,"","","","","","","","","","","","","","","","","","","","","","","","","","","","","","","","","","","","","","","","","","",0.10051458328962326,37.89359664916992,0.7732729911804199,0.80596524477005,0.824134111404419,0.3694493770599365,"","","","","","","","","","","","","","","","","","","","","","","","","","","","","","","","","","","","","","","","","","","","","","","","","",0.08285026252269745,"","PRUNED"
