"number","value","datetime_start","datetime_complete","duration","params_decoder_layer_width_0","params_decoder_layer_width_1","params_decoder_layer_width_2","params_decoder_layer_width_3","params_decoder_layer_width_4","params_encoder_layer_width_0","params_encoder_layer_width_1","params_encoder_layer_width_2","params_encoder_layer_width_3","params_lr","params_n_decoder_layers","params_n_encoder_layers","params_transformer_dropout","params_transformer_heads","user_attrs_avg_mae","user_attrs_avg_mape","user_attrs_avg_ndcg10","user_attrs_avg_ndcg20","user_attrs_avg_ndcg50","user_attrs_avg_r2","user_attrs_fold10_mae","user_attrs_fold10_mape","user_attrs_fold10_ndcg10","user_attrs_fold10_ndcg20","user_attrs_fold10_ndcg50","user_attrs_fold10_r2","user_attrs_fold11_mae","user_attrs_fold11_mape","user_attrs_fold11_ndcg10","user_attrs_fold11_ndcg20","user_attrs_fold11_ndcg50","user_attrs_fold11_r2","user_attrs_fold12_mae","user_attrs_fold12_mape","user_attrs_fold12_ndcg10","user_attrs_fold12_ndcg20","user_attrs_fold12_ndcg50","user_attrs_fold12_r2","user_attrs_fold13_mae","user_attrs_fold13_mape","user_attrs_fold13_ndcg10","user_attrs_fold13_ndcg20","user_attrs_fold13_ndcg50","user_attrs_fold13_r2","user_attrs_fold14_mae","user_attrs_fold14_mape","user_attrs_fold14_ndcg10","user_attrs_fold14_ndcg20","user_attrs_fold14_ndcg50","user_attrs_fold14_r2","user_attrs_fold15_mae","user_attrs_fold15_mape","user_attrs_fold15_ndcg10","user_attrs_fold15_ndcg20","user_attrs_fold15_ndcg50","user_attrs_fold15_r2","user_attrs_fold1_mae","user_attrs_fold1_mape","user_attrs_fold1_ndcg10","user_attrs_fold1_ndcg20","user_attrs_fold1_ndcg50","user_attrs_fold1_r2","user_attrs_fold2_mae","user_attrs_fold2_mape","user_attrs_fold2_ndcg10","user_attrs_fold2_ndcg20","user_attrs_fold2_ndcg50","user_attrs_fold2_r2","user_attrs_fold3_mae","user_attrs_fold3_mape","user_attrs_fold3_ndcg10","user_attrs_fold3_ndcg20","user_attrs_fold3_ndcg50","user_attrs_fold3_r2","user_attrs_fold4_mae","user_attrs_fold4_mape","user_attrs_fold4_ndcg10","user_attrs_fold4_ndcg20","user_attrs_fold4_ndcg50","user_attrs_fold4_r2","user_attrs_fold5_mae","user_attrs_fold5_mape","user_attrs_fold5_ndcg10","user_attrs_fold5_ndcg20","user_attrs_fold5_ndcg50","user_attrs_fold5_r2","user_attrs_fold6_mae","user_attrs_fold6_mape","user_attrs_fold6_ndcg10","user_attrs_fold6_ndcg20","user_attrs_fold6_ndcg50","user_attrs_fold6_r2","user_attrs_fold7_mae","user_attrs_fold7_mape","user_attrs_fold7_ndcg10","user_attrs_fold7_ndcg20","user_attrs_fold7_ndcg50","user_attrs_fold7_r2","user_attrs_fold8_mae","user_attrs_fold8_mape","user_attrs_fold8_ndcg10","user_attrs_fold8_ndcg20","user_attrs_fold8_ndcg50","user_attrs_fold8_r2","user_attrs_fold9_mae","user_attrs_fold9_mape","user_attrs_fold9_ndcg10","user_attrs_fold9_ndcg20","user_attrs_fold9_ndcg50","user_attrs_fold9_r2","user_attrs_pca_components","system_attrs_completed_rung_0","system_attrs_completed_rung_1","state"
38,0.08340524137020111,"2025-05-16 15:41:33.981376","2025-05-16 15:41:35.635649","0 days 00:00:01.654273",176,160.0,176.0,96.0,"",112,96.0,32.0,"",0.00015303128649308775,4,3,0.5,8,"","","","","","","","","","","","","","","","","","","","","","","","","","","","","","","","","","","","","","","","","","",0.10460218787193298,38.98861312866211,0.7419900894165039,0.7818455100059509,0.8112819790840149,0.31051909923553467,"","","","","","","","","","","","","","","","","","","","","","","","","","","","","","","","","","","","","","","","","","","","","","","","","",0.08340524137020111,"","PRUNED"
39,0.08338340371847153,"2025-05-16 15:41:35.635968","2025-05-16 15:41:37.218849","0 days 00:00:01.582881",96,112.0,"","","",96,144.0,80.0,144.0,0.0003094253067437366,2,4,0.4,4,"","","","","","","","","","","","","","","","","","","","","","","","","","","","","","","","","","","","","","","","","","",0.09870204329490662,38.38092803955078,0.7427001595497131,0.7551633715629578,0.7917518019676208,0.34626656770706177,"","","","","","","","","","","","","","","","","","","","","","","","","","","","","","","","","","","","","","","","","","","","","","","","","",0.08338340371847153,"","PRUNED"
40,0.08296892791986465,"2025-05-16 15:41:37.219152","2025-05-16 15:41:38.510332","0 days 00:00:01.291180",64,"","","","",80,48.0,176.0,"",0.0005249169165286314,1,3,0.30000000000000004,5,"","","","","","","","","","","","","","","","","","","","","","","","","","","","","","","","","","","","","","","","","","",0.10055737942457199,37.90753936767578,0.7535657286643982,0.7884601950645447,0.813991904258728,0.3622095584869385,"","","","","","","","","","","","","","","","","","","","","","","","","","","","","","","","","","","","","","","","","","","","","","","","","",0.08296892791986465,"","PRUNED"
41,0.10466761415203413,"2025-05-16 15:41:38.510607","2025-05-16 15:41:51.048671","0 days 00:00:12.538064",160,208.0,160.0,"","",112,32.0,160.0,"",0.0010025493306149373,3,3,0.5,7,0.10466761415203413,274.770192972819,0.8115546961625417,0.8007278283437093,0.7874531785647074,0.32424017985661824,0.14687910676002502,135.01345825195312,1.0,0.9996269345283508,0.8325247764587402,0.20758885145187378,0.10939651727676392,53.96438980102539,1.0,1.0,0.9178156852722168,0.566890150308609,0.09394760429859161,103.42339324951172,1.0,0.8665046691894531,0.7653172612190247,0.307631254196167,0.08492424339056015,61.292396545410156,0.9389875531196594,0.8630205988883972,0.81495201587677,0.5063567757606506,0.156521737575531,84.75090026855469,1.0,1.0,0.962844729423523,0.3733721971511841,0.07504075020551682,74.24957275390625,0.8921757340431213,0.8410257697105408,0.8189132213592529,0.4278997778892517,0.0965348482131958,39.7371940612793,0.774489164352417,0.8143696784973145,0.8189023733139038,0.4354192018508911,0.17130720615386963,1891.0396728515625,0.6317511200904846,0.6542292237281799,0.8465748429298401,0.035962820053100586,0.08702065050601959,45.412872314453125,0.910487174987793,0.8779343962669373,0.889614999294281,0.4939036965370178,0.09852981567382812,42.020912170410156,0.7125080227851868,0.7103179097175598,0.8059576749801636,0.3596848249435425,0.09535479545593262,521.2737426757812,0.32195931673049927,0.39655908942222595,0.5043385028839111,-0.016266703605651855,0.05067376419901848,234.40298461914062,1.0,1.0,0.8130113482475281,0.3720337152481079,0.11942945420742035,216.10556030273438,0.6167204976081848,0.6290817260742188,0.6176387667655945,0.13188421726226807,0.11230067908763885,202.69796752929688,0.4621870219707489,0.490044504404068,0.5067318677902222,0.01890045404434204,0.07215303927659988,416.1678771972656,0.9120548367500305,0.8682029247283936,0.8966596126556396,0.6423414647579193,5.0,0.0823221430182457,0.0808623656630516,"COMPLETE"
42,0.08279199153184891,"2025-05-16 15:41:51.049141","2025-05-16 15:41:52.771561","0 days 00:00:01.722420",160,256.0,144.0,176.0,"",112,32.0,144.0,"",0.0011263849377993215,4,3,0.5,7,"","","","","","","","","","","","","","","","","","","","","","","","","","","","","","","","","","","","","","","","","","",0.10102198272943497,42.926300048828125,0.7705198526382446,0.797360897064209,0.8116406798362732,0.4195234179496765,"","","","","","","","","","","","","","","","","","","","","","","","","","","","","","","","","","","","","","","","","","","","","","","","","",0.08279199153184891,"","PRUNED"
43,0.08306441456079483,"2025-05-16 15:41:52.771863","2025-05-16 15:41:54.810374","0 days 00:00:02.038511",176,128.0,96.0,"","",160,16.0,176.0,"",0.0004424270598061868,3,3,0.5,8,"","","","","","","","","","","","","","","","","","","","","","","","","","","","","","","","","","","","","","","","","","",0.09868647158145905,38.24879837036133,0.7006012797355652,0.7718849182128906,0.8005948662757874,0.37542134523391724,"","","","","","","","","","","","","","","","","","","","","","","","","","","","","","","","","","","","","","","","","","","","","","","","","",0.08306441456079483,"","PRUNED"
44,0.08557260036468506,"2025-05-16 15:41:54.810666","2025-05-16 15:41:56.841581","0 days 00:00:02.030915",192,96.0,240.0,"","",128,128.0,128.0,"",0.0018545637663225111,3,3,0.4,6,"","","","","","","","","","","","","","","","","","","","","","","","","","","","","","","","","","","","","","","","","","",0.09685280174016953,42.01498794555664,0.7668426036834717,0.8126349449157715,0.8158727884292603,0.4529804587364197,"","","","","","","","","","","","","","","","","","","","","","","","","","","","","","","","","","","","","","","","","","","","","","","","","",0.08557260036468506,"","PRUNED"
45,0.08311450481414795,"2025-05-16 15:41:56.841889","2025-05-16 15:42:01.030602","0 days 00:00:04.188713",224,224.0,"","","",96,48.0,208.0,144.0,0.0006539834076469598,2,4,0.5,9,"","","","","","","","","","","","","","","","","","","","","","","","","","","","","","","","","","","","","","","","","","",0.09936463832855225,39.51006317138672,0.7415101528167725,0.7860340476036072,0.7912819981575012,0.34467411041259766,"","","","","","","","","","","","","","","","","","","","","","","","","","","","","","","","","","","","","","","","","","","","","","","","","",0.08311450481414795,"","PRUNED"
46,0.08843816816806793,"2025-05-16 15:42:01.030908","2025-05-16 15:42:02.297343","0 days 00:00:01.266435",144,48.0,192.0,80.0,"",208,"","","",0.0002452378957308426,4,1,0.2,7,"","","","","","","","","","","","","","","","","","","","","","","","","","","","","","","","","","","","","","","","","","",0.10422571748495102,44.18568420410156,0.7726656794548035,0.812349796295166,0.820740818977356,0.43680649995803833,"","","","","","","","","","","","","","","","","","","","","","","","","","","","","","","","","","","","","","","","","","","","","","","","","",0.08843816816806793,"","PRUNED"
47,0.08625207096338272,"2025-05-16 15:42:02.297638","2025-05-16 15:42:03.368893","0 days 00:00:01.071255",208,80.0,"","","",32,96.0,"","",0.00013491554836349295,2,2,0.4,8,"","","","","","","","","","","","","","","","","","","","","","","","","","","","","","","","","","","","","","","","","","",0.0986827164888382,39.271156311035156,0.7145124077796936,0.7902380228042603,0.8086258172988892,0.4277278184890747,"","","","","","","","","","","","","","","","","","","","","","","","","","","","","","","","","","","","","","","","","","","","","","","","","",0.08625207096338272,"","PRUNED"
48,0.08631005883216858,"2025-05-16 15:42:03.369198","2025-05-16 15:42:04.737464","0 days 00:00:01.368266",112,32.0,144.0,256.0,256.0,80,16.0,160.0,"",0.0003307747358704179,5,3,0.5,6,"","","","","","","","","","","","","","","","","","","","","","","","","","","","","","","","","","","","","","","","","","",0.10367264598608017,37.8054084777832,0.7116585373878479,0.7586023807525635,0.8106356859207153,0.30945879220962524,"","","","","","","","","","","","","","","","","","","","","","","","","","","","","","","","","","","","","","","","","","","","","","","","","",0.08631005883216858,"","PRUNED"
49,0.08309686928987503,"2025-05-16 15:42:04.737789","2025-05-16 15:42:07.559036","0 days 00:00:02.821247",176,160.0,224.0,"","",112,32.0,32.0,64.0,0.0005570974586959089,3,4,0.4,5,"","","","","","","","","","","","","","","","","","","","","","","","","","","","","","","","","","","","","","","","","","",0.09969019889831543,39.72721481323242,0.7427001595497131,0.7791956663131714,0.8095179200172424,0.3600844144821167,0.1664537638425827,1654.6270751953125,0.6767438054084778,0.6548733115196228,0.8458231091499329,0.06572002172470093,0.08203491568565369,49.471282958984375,0.8999678492546082,0.882757842540741,0.8666026592254639,0.560077428817749,0.09940025210380554,40.08781051635742,0.6295602917671204,0.6982569098472595,0.7894698977470398,0.3191658854484558,"","","","","","","","","","","","","","","","","","","","","","","","","","","","","","","",0.0824047401547432,0.08309686928987503,"PRUNED"
50,0.08251553773880005,"2025-05-16 15:42:07.559343","2025-05-16 15:42:09.488541","0 days 00:00:01.929198",96,"","","","",160,64.0,128.0,"",0.000970461359619183,1,3,0.2,2,"","","","","","","","","","","","","","","","","","","","","","","","","","","","","","","","","","","","","","","","","","",0.10156042128801346,38.628536224365234,0.7100488543510437,0.7901703119277954,0.8105687499046326,0.3704308867454529,0.16946932673454285,2045.5885009765625,0.6749210357666016,0.6147460341453552,0.8409521579742432,0.06008040904998779,0.08710341900587082,47.56067657470703,0.8766089677810669,0.8868353366851807,0.8852435350418091,0.5320198237895966,0.09903717041015625,47.41189193725586,0.6780686378479004,0.6998394727706909,0.7889612913131714,0.3972533941268921,"","","","","","","","","","","","","","","","","","","","","","","","","","","","","","","",0.08255967497825623,0.08251553773880005,"PRUNED"
51,0.13946053385734558,"2025-05-16 15:42:09.488833","2025-05-16 15:42:11.239911","0 days 00:00:01.751078",160,208.0,176.0,"","",112,32.0,160.0,"",0.09885372327024376,3,3,0.5,7,"","","","","","","","","","","","","","","","","","","","","","","","","","","","","","","","","","","","","","","","","","",0.3607882261276245,176.38690185546875,0.3079359233379364,0.3392367362976074,0.38500848412513733,-3.0551319122314453,"","","","","","","","","","","","","","","","","","","","","","","","","","","","","","","","","","","","","","","","","","","","","","","","","",0.13946053385734558,"","PRUNED"
52,0.08252304792404175,"2025-05-16 15:42:11.240207","2025-05-16 15:42:17.208981","0 days 00:00:05.968774",160,240.0,160.0,"","",128,112.0,144.0,"",0.001037278718449485,3,3,0.5,7,"","","","","","","","","","","","","","","","","","","","","","","","","","","","","","","","","","","","","","","","","","",0.10430824011564255,41.38389587402344,0.7561349868774414,0.7907451391220093,0.794903039932251,0.3361089825630188,0.17632384598255157,1723.2723388671875,0.6324983239173889,0.6507927775382996,0.8422327041625977,0.020370543003082275,0.08654426038265228,50.966217041015625,0.8766089677810669,0.896622359752655,0.8864627480506897,0.5345227420330048,0.10056162625551224,51.654170989990234,0.7370448708534241,0.7540119886398315,0.8088768720626831,0.4218159317970276,"","","","","","","","","","","","","","","","","","","","","","","","","","","","","","","",0.08188851922750473,0.08252304792404175,"PRUNED"
53,0.08634193986654282,"2025-05-16 15:42:17.209289","2025-05-16 15:42:18.789548","0 days 00:00:01.580259",128,192.0,128.0,"","",144,16.0,192.0,"",0.0015810688846298636,3,3,0.5,6,"","","","","","","","","","","","","","","","","","","","","","","","","","","","","","","","","","","","","","","","","","",0.09698045253753662,39.11039733886719,0.7600730657577515,0.8251134753227234,0.821203351020813,0.4310460090637207,"","","","","","","","","","","","","","","","","","","","","","","","","","","","","","","","","","","","","","","","","","","","","","","","","",0.08634193986654282,"","PRUNED"
54,0.0848027765750885,"2025-05-16 15:42:18.789874","2025-05-16 15:42:20.331663","0 days 00:00:01.541789",144,224.0,160.0,"","",112,32.0,64.0,"",0.0025414153869043905,3,3,0.4,9,"","","","","","","","","","","","","","","","","","","","","","","","","","","","","","","","","","","","","","","","","","",0.09688913822174072,44.16958236694336,0.803230345249176,0.8297011256217957,0.8271212577819824,0.4923439621925354,"","","","","","","","","","","","","","","","","","","","","","","","","","","","","","","","","","","","","","","","","","","","","","","","","",0.0848027765750885,"","PRUNED"
55,0.08298551291227341,"2025-05-16 15:42:20.331947","2025-05-16 15:42:25.175854","0 days 00:00:04.843907",160,240.0,112.0,64.0,"",96,48.0,176.0,"",0.0007012248468013299,4,3,0.5,7,"","","","","","","","","","","","","","","","","","","","","","","","","","","","","","","","","","","","","","","","","","",0.10138461738824844,40.57277297973633,0.7445927858352661,0.7900763750076294,0.8059768080711365,0.3655126690864563,0.17850317060947418,2338.323486328125,0.6262850761413574,0.6371076703071594,0.8368781208992004,0.029997646808624268,0.0917639210820198,46.22843933105469,0.9040508270263672,0.8751204013824463,0.88407301902771,0.47379475831985474,0.10025333613157272,47.672996520996094,0.7347083687782288,0.7476844787597656,0.8050596117973328,0.41586077213287354,"","","","","","","","","","","","","","","","","","","","","","","","","","","","","","","",0.08215948939323425,0.08298551291227341,"PRUNED"
56,0.10306182702382406,"2025-05-16 15:42:25.176167","2025-05-16 15:42:52.656577","0 days 00:00:27.480410",192,192.0,192.0,"","",64,80.0,160.0,208.0,0.0004075038320091904,3,4,0.4,8,0.10306182702382406,266.5718854268392,0.7945597390333812,0.7854098697503408,0.7751878261566162,0.31657219926516217,0.1505383998155594,105.84568786621094,1.0,1.0,0.8324922323226929,0.1472575068473816,0.10889752209186554,52.476863861083984,1.0,1.0,0.9157756567001343,0.5546315610408783,0.09372242540121078,99.3403091430664,1.0,0.8397557735443115,0.7590736746788025,0.30191898345947266,0.08442413061857224,74.32327270507812,0.9191439151763916,0.8532987236976624,0.8150155544281006,0.5213219225406647,0.14211435616016388,95.03345489501953,1.0,1.0,0.962844729423523,0.47015380859375,0.07455836236476898,76.869873046875,0.8921757340431213,0.8407650589942932,0.8095728158950806,0.42868900299072266,0.09826891124248505,39.1425666809082,0.7429370880126953,0.7883087396621704,0.7906174659729004,0.3660658597946167,0.1719459891319275,1722.122802734375,0.6317511200904846,0.6470968127250671,0.8487491607666016,0.036718547344207764,0.0811220332980156,49.37146759033203,0.901520848274231,0.8735255599021912,0.8819488883018494,0.5669878721237183,0.09807270020246506,42.3717155456543,0.6304062008857727,0.6804695129394531,0.794577956199646,0.2972636818885803,0.09517867863178253,495.7059020996094,0.31958144903182983,0.395038902759552,0.4693642258644104,-0.03454387187957764,0.04912459850311279,200.25326538085938,1.0,0.9968449473381042,0.8089528679847717,0.391410231590271,0.11464868485927582,272.41253662109375,0.5097908973693848,0.546531617641449,0.564531147480011,0.0805937647819519,0.11105640977621078,219.11935424804688,0.4590339958667755,0.4535885751247406,0.4745711088180542,-0.01076662540435791,0.07225420325994492,454.189208984375,0.9120548367500305,0.8659238219261169,0.8997299075126648,0.630880743265152,5.0,0.08063245564699173,0.08126246929168701,"COMPLETE"
57,0.10126513590415319,"2025-05-16 15:42:52.658947","2025-05-16 15:43:17.526005","0 days 00:00:24.867058",192,192.0,"","","",48,128.0,112.0,192.0,0.00037015776394187653,2,4,0.30000000000000004,8,0.10126513590415319,244.51082077026368,0.8018010516961416,0.7931996603806813,0.7741460382938385,0.3439590573310852,0.14669682085514069,128.92355346679688,1.0,1.0,0.8260475397109985,0.19026446342468262,0.10616627335548401,58.418418884277344,1.0,1.0,0.9096913933753967,0.6017221510410309,0.09276574105024338,95.23030090332031,1.0,0.8397557735443115,0.7578351497650146,0.30188417434692383,0.08257345110177994,66.22188568115234,0.9191439151763916,0.8532987236976624,0.8139960765838623,0.5304572284221649,0.13932044804096222,89.31995391845703,1.0,1.0,0.962844729423523,0.46420907974243164,0.07387588918209076,73.62159729003906,0.8921757340431213,0.8405491709709167,0.8092650175094604,0.4354293942451477,0.09484823048114777,41.00218200683594,0.7448133230209351,0.7907454371452332,0.7909261584281921,0.4426151514053345,0.1643565595149994,1338.936767578125,0.6935995817184448,0.6608229279518127,0.8533798456192017,0.06614547967910767,0.07963547110557556,49.08829116821289,0.90501868724823,0.8837658166885376,0.8796090483665466,0.5790313482284546,0.09847337752580643,45.68303680419922,0.6273594498634338,0.7039391398429871,0.7847749590873718,0.36681067943573,0.09514032304286957,494.059814453125,0.320304274559021,0.39382404088974,0.4089865982532501,-0.03770112991333008,0.05115147680044174,354.5971374511719,1.0,0.9961963295936584,0.8085325360298157,0.43558329343795776,0.11286269873380661,269.536865234375,0.5669689774513245,0.590269148349762,0.612037181854248,0.12221390008926392,0.11028057336807251,215.5751495361328,0.44503918290138245,0.47686436772346497,0.49636310338974,0.023900985717773438,0.07082970440387726,347.4473571777344,0.9125926494598389,0.8679640293121338,0.8979012370109558,0.6368196606636047,5.0,0.08151067048311234,0.08044978231191635,"COMPLETE"
58,0.08241289108991623,"2025-05-16 15:43:17.526489","2025-05-16 15:43:21.423207","0 days 00:00:03.896718",208,192.0,"","","",16,80.0,96.0,208.0,0.0002520914154359151,2,4,0.30000000000000004,10,"","","","","","","","","","","","","","","","","","","","","","","","","","","","","","","","","","","","","","","","","","",0.09603293240070343,40.577308654785156,0.737808108329773,0.7833112478256226,0.788453996181488,0.4113647937774658,"","","","","","","","","","","","","","","","","","","","","","","","","","","","","","","","","","","","","","","","","","","","","","","","","",0.08241289108991623,"","PRUNED"
59,0.08248203992843628,"2025-05-16 15:43:21.423542","2025-05-16 15:43:24.207462","0 days 00:00:02.783920",240,176.0,"","","",64,128.0,16.0,176.0,0.00038864776313855874,2,4,0.30000000000000004,9,"","","","","","","","","","","","","","","","","","","","","","","","","","","","","","","","","","","","","","","","","","",0.09829816222190857,36.70734786987305,0.7419900894165039,0.7805478572845459,0.8103263974189758,0.3544800281524658,"","","","","","","","","","","","","","","","","","","","","","","","","","","","","","","","","","","","","","","","","","","","","","","","","",0.08248203992843628,"","PRUNED"
60,0.08477551490068436,"2025-05-16 15:43:24.207797","2025-05-16 15:43:27.151250","0 days 00:00:02.943453",224,"","","","",48,144.0,64.0,176.0,0.00015038715676764437,1,4,0.4,8,"","","","","","","","","","","","","","","","","","","","","","","","","","","","","","","","","","","","","","","","","","",0.10432992875576019,40.08671188354492,0.7134508490562439,0.7705827951431274,0.8174219727516174,0.35535454750061035,"","","","","","","","","","","","","","","","","","","","","","","","","","","","","","","","","","","","","","","","","","","","","","","","","",0.08477551490068436,"","PRUNED"
