"number","value","datetime_start","datetime_complete","duration","params_decoder_layer_width_0","params_decoder_layer_width_1","params_decoder_layer_width_2","params_decoder_layer_width_3","params_decoder_layer_width_4","params_lr","params_n_decoder_layers","user_attrs_avg_mae","user_attrs_avg_mape","user_attrs_avg_ndcg10","user_attrs_avg_ndcg20","user_attrs_avg_ndcg50","user_attrs_avg_r2","user_attrs_fold10_mae","user_attrs_fold10_mape","user_attrs_fold10_ndcg10","user_attrs_fold10_ndcg20","user_attrs_fold10_ndcg50","user_attrs_fold10_r2","user_attrs_fold11_mae","user_attrs_fold11_mape","user_attrs_fold11_ndcg10","user_attrs_fold11_ndcg20","user_attrs_fold11_ndcg50","user_attrs_fold11_r2","user_attrs_fold12_mae","user_attrs_fold12_mape","user_attrs_fold12_ndcg10","user_attrs_fold12_ndcg20","user_attrs_fold12_ndcg50","user_attrs_fold12_r2","user_attrs_fold13_mae","user_attrs_fold13_mape","user_attrs_fold13_ndcg10","user_attrs_fold13_ndcg20","user_attrs_fold13_ndcg50","user_attrs_fold13_r2","user_attrs_fold14_mae","user_attrs_fold14_mape","user_attrs_fold14_ndcg10","user_attrs_fold14_ndcg20","user_attrs_fold14_ndcg50","user_attrs_fold14_r2","user_attrs_fold15_mae","user_attrs_fold15_mape","user_attrs_fold15_ndcg10","user_attrs_fold15_ndcg20","user_attrs_fold15_ndcg50","user_attrs_fold15_r2","user_attrs_fold16_mae","user_attrs_fold16_mape","user_attrs_fold16_ndcg10","user_attrs_fold16_ndcg20","user_attrs_fold16_ndcg50","user_attrs_fold16_r2","user_attrs_fold17_mae","user_attrs_fold17_mape","user_attrs_fold17_ndcg10","user_attrs_fold17_ndcg20","user_attrs_fold17_ndcg50","user_attrs_fold17_r2","user_attrs_fold1_mae","user_attrs_fold1_mape","user_attrs_fold1_ndcg10","user_attrs_fold1_ndcg20","user_attrs_fold1_ndcg50","user_attrs_fold1_r2","user_attrs_fold2_mae","user_attrs_fold2_mape","user_attrs_fold2_ndcg10","user_attrs_fold2_ndcg20","user_attrs_fold2_ndcg50","user_attrs_fold2_r2","user_attrs_fold3_mae","user_attrs_fold3_mape","user_attrs_fold3_ndcg10","user_attrs_fold3_ndcg20","user_attrs_fold3_ndcg50","user_attrs_fold3_r2","user_attrs_fold4_mae","user_attrs_fold4_mape","user_attrs_fold4_ndcg10","user_attrs_fold4_ndcg20","user_attrs_fold4_ndcg50","user_attrs_fold4_r2","user_attrs_fold5_mae","user_attrs_fold5_mape","user_attrs_fold5_ndcg10","user_attrs_fold5_ndcg20","user_attrs_fold5_ndcg50","user_attrs_fold5_r2","user_attrs_fold6_mae","user_attrs_fold6_mape","user_attrs_fold6_ndcg10","user_attrs_fold6_ndcg20","user_attrs_fold6_ndcg50","user_attrs_fold6_r2","user_attrs_fold7_mae","user_attrs_fold7_mape","user_attrs_fold7_ndcg10","user_attrs_fold7_ndcg20","user_attrs_fold7_ndcg50","user_attrs_fold7_r2","user_attrs_fold8_mae","user_attrs_fold8_mape","user_attrs_fold8_ndcg10","user_attrs_fold8_ndcg20","user_attrs_fold8_ndcg50","user_attrs_fold8_r2","user_attrs_fold9_mae","user_attrs_fold9_mape","user_attrs_fold9_ndcg10","user_attrs_fold9_ndcg20","user_attrs_fold9_ndcg50","user_attrs_fold9_r2","user_attrs_pca_components","system_attrs_completed_rung_0","system_attrs_completed_rung_1","system_attrs_completed_rung_2","state"
40,0.09989996999502182,"2025-05-16 21:02:12.445358","2025-05-16 21:02:12.883923","0 days 00:00:00.438565",160,176.0,"","","",0.00023134136653775428,2,"","","","","","","","","","","","","","","","","","","","","","","","","","","","","","","","","","","","","","","","","","","","","","","","","","","","","","",0.14273586869239807,55.913822174072266,0.6878853440284729,0.6820108890533447,0.7340328097343445,-0.08195328712463379,"","","","","","","","","","","","","","","","","","","","","","","","","","","","","","","","","","","","","","","","","","","","","","","","","",0.09989996999502182,"","","PRUNED"
41,0.07298947870731354,"2025-05-16 21:02:12.884161","2025-05-16 21:02:13.333488","0 days 00:00:00.449327",176,192.0,"","","",0.0074146527375222844,2,"","","","","","","","","","","","","","","","","","","","","","","","","","","","","","","","","","","","","","","","","","","","","","","","","","","","","","",0.13655485212802887,62.98918151855469,0.6113758087158203,0.6909825205802917,0.7219610810279846,0.021154701709747314,"","","","","","","","","","","","","","","","","","","","","","","","","","","","","","","","","","","","","","","","","","","","","","","","","",0.07298947870731354,"","","PRUNED"
42,0.06822152435779572,"2025-05-16 21:02:13.333731","2025-05-16 21:02:16.833503","0 days 00:00:03.499772",192,160.0,"","","",0.003930580452717906,2,"","","","","","",0.13264179229736328,523.7316284179688,0.5049726963043213,0.49736636877059937,0.5589429140090942,0.13841062784194946,0.1179075762629509,1435.775634765625,0.5709209442138672,0.6093224883079529,0.6842138767242432,0.402488112449646,0.1571493148803711,252.3621368408203,0.6028334498405457,0.6309307813644409,0.6842538714408875,0.2845269441604614,0.1582852303981781,71.90853118896484,0.4543716311454773,0.5374709367752075,0.5412797927856445,0.009418368339538574,0.10983835905790329,167.6095733642578,0.6745628118515015,0.6282391548156738,0.6362665295600891,0.1492220163345337,0.1032959595322609,84.43346405029297,0.7208408713340759,0.7620306611061096,0.7258682250976562,0.20009666681289673,0.19189020991325378,197.80014038085938,0.8356190919876099,0.854990541934967,0.6571483612060547,0.20470577478408813,"","","","","","",0.12912686169147491,61.876930236816406,0.6310193538665771,0.7000008821487427,0.7189856171607971,0.08125215768814087,0.22531278431415558,3899.18017578125,0.4781338572502136,0.5151112079620361,0.7495781183242798,-0.15703332424163818,0.15113931894302368,79.72705078125,0.5467641949653625,0.5833104252815247,0.6763303279876709,-0.30591630935668945,0.11291809380054474,63.069828033447266,0.7449708580970764,0.741083025932312,0.7750234603881836,0.296006441116333,0.1133309081196785,53773.25390625,0.15557177364826202,0.3652707636356354,0.37439078092575073,-0.21893298625946045,0.10760762542486191,581.8718872070312,0.3540518879890442,0.38877153396606445,0.4967709183692932,-0.11063337326049805,0.1425444483757019,334.0274963378906,0.5044420957565308,0.394394189119339,0.5593664646148682,0.06750285625457764,0.268653005361557,5928.6572265625,0.547819972038269,0.3952312767505646,0.25125885009765625,-3.8691840171813965,0.11362551152706146,346.02264404296875,0.858899712562561,0.749083399772644,0.7419269680976868,0.36216336488723755,"",0.0625237226486206,0.061381470412015915,0.06822152435779572,"PRUNED"
43,0.07997813820838928,"2025-05-16 21:02:16.833773","2025-05-16 21:02:17.249995","0 days 00:00:00.416222",208,"","","","",0.0031756852504282286,1,"","","","","","","","","","","","","","","","","","","","","","","","","","","","","","","","","","","","","","","","","","","","","","","","","","","","","","",0.1406380534172058,64.40274047851562,0.7140415906906128,0.7407456040382385,0.7704557776451111,-0.00848841667175293,"","","","","","","","","","","","","","","","","","","","","","","","","","","","","","","","","","","","","","","","","","","","","","","","","",0.07997813820838928,"","","PRUNED"
44,0.06746702641248703,"2025-05-16 21:02:17.250218","2025-05-16 21:02:18.354172","0 days 00:00:01.103954",192,160.0,144.0,"","",0.003815676316575697,3,"","","","","","","","","","","","","","","","","","","","","","","","","","","","","","","","","","","","","","","","","","","","","","","","","","","","","","",0.13743285834789276,65.89801788330078,0.6857820153236389,0.7529101967811584,0.7877789735794067,0.05079913139343262,0.21249984204769135,2541.122314453125,0.46475750207901,0.5967525839805603,0.7776079177856445,-0.025980114936828613,0.1516830027103424,81.50457000732422,0.4731990098953247,0.5714027881622314,0.657740592956543,-0.33772075176239014,0.12492835521697998,71.87089538574219,0.7468243837356567,0.726881742477417,0.7718820571899414,0.1957877278327942,"","","","","","","","","","","","","","","","","","","","","","","","","","","","","","","",0.06050969287753105,0.06746702641248703,"","PRUNED"
45,0.06830678880214691,"2025-05-16 21:02:18.354430","2025-05-16 21:02:19.543768","0 days 00:00:01.189338",224,176.0,"","","",0.00484411420181926,2,"","","","","","","","","","","","","","","","","","","","","","","","","","","","","","","","","","","","","","","","","","","","","","","","","","","","","","",0.13632014393806458,65.2139892578125,0.6059324741363525,0.6602810621261597,0.7289966940879822,0.018344342708587646,0.21270975470542908,3652.7861328125,0.4836207628250122,0.5960137248039246,0.7746850252151489,-0.05800628662109375,0.14107051491737366,75.14874267578125,0.439805269241333,0.5889384746551514,0.6385521292686462,-0.21918249130249023,0.11423635482788086,62.96825408935547,0.6761436462402344,0.6913025379180908,0.7310003042221069,0.2661183476448059,"","","","","","","","","","","","","","","","","","","","","","","","","","","","","","","",0.06696614623069763,0.06830678880214691,"","PRUNED"
46,0.07571878284215927,"2025-05-16 21:02:19.544005","2025-05-16 21:02:19.986844","0 days 00:00:00.442839",160,144.0,"","","",0.001473444652621305,2,"","","","","","","","","","","","","","","","","","","","","","","","","","","","","","","","","","","","","","","","","","","","","","","","","","","","","","",0.1355007290840149,66.1302490234375,0.7111036777496338,0.7199387550354004,0.7774807810783386,0.043062031269073486,"","","","","","","","","","","","","","","","","","","","","","","","","","","","","","","","","","","","","","","","","","","","","","","","","",0.07571878284215927,"","","PRUNED"
47,0.08166030049324036,"2025-05-16 21:02:19.987067","2025-05-16 21:02:20.332108","0 days 00:00:00.345041",16,128.0,208.0,"","",0.0250197912210946,3,"","","","","","","","","","","","","","","","","","","","","","","","","","","","","","","","","","","","","","","","","","","","","","","","","","","","","","",0.14776723086833954,72.8270263671875,0.723998486995697,0.7064021229743958,0.7616404294967651,-0.055461883544921875,"","","","","","","","","","","","","","","","","","","","","","","","","","","","","","","","","","","","","","","","","","","","","","","","","",0.08166030049324036,"","","PRUNED"
48,0.08936930447816849,"2025-05-16 21:02:20.332346","2025-05-16 21:02:20.680034","0 days 00:00:00.347688",128,"","","","",0.014012192557383037,1,"","","","","","","","","","","","","","","","","","","","","","","","","","","","","","","","","","","","","","","","","","","","","","","","","","","","","","",0.1348971277475357,65.73326873779297,0.7141216993331909,0.7125595808029175,0.7717716097831726,0.006290316581726074,"","","","","","","","","","","","","","","","","","","","","","","","","","","","","","","","","","","","","","","","","","","","","","","","","",0.08936930447816849,"","","PRUNED"
49,0.10182500630617142,"2025-05-16 21:02:20.680254","2025-05-16 21:02:21.129534","0 days 00:00:00.449280",192,208.0,16.0,"","",0.0010774466000269065,3,"","","","","","","","","","","","","","","","","","","","","","","","","","","","","","","","","","","","","","","","","","","","","","","","","","","","","","",0.14461515843868256,61.67314529418945,0.6874561905860901,0.6792579293251038,0.7536605596542358,-0.0368192195892334,"","","","","","","","","","","","","","","","","","","","","","","","","","","","","","","","","","","","","","","","","","","","","","","","","",0.10182500630617142,"","","PRUNED"
50,0.07720820605754852,"2025-05-16 21:02:21.129767","2025-05-16 21:02:21.582720","0 days 00:00:00.452953",240,96.0,"","","",0.05371860612014076,2,"","","","","","","","","","","","","","","","","","","","","","","","","","","","","","","","","","","","","","","","","","","","","","","","","","","","","","",0.1938173919916153,67.88046264648438,0.3079359233379364,0.3392367362976074,0.38500848412513733,-0.8816794157028198,"","","","","","","","","","","","","","","","","","","","","","","","","","","","","","","","","","","","","","","","","","","","","","","","","",0.07720820605754852,"","","PRUNED"
51,0.0770023986697197,"2025-05-16 21:02:21.582947","2025-05-16 21:02:22.042680","0 days 00:00:00.459733",176,240.0,"","","",0.007020257134037657,2,"","","","","","","","","","","","","","","","","","","","","","","","","","","","","","","","","","","","","","","","","","","","","","","","","","","","","","",0.1325242519378662,64.01190948486328,0.6319353580474854,0.6426556706428528,0.7369821667671204,0.08228063583374023,"","","","","","","","","","","","","","","","","","","","","","","","","","","","","","","","","","","","","","","","","","","","","","","","","",0.0770023986697197,"","","PRUNED"
52,0.08278927206993103,"2025-05-16 21:02:22.042914","2025-05-16 21:02:22.490856","0 days 00:00:00.447942",176,208.0,"","","",0.00984778147801202,2,"","","","","","","","","","","","","","","","","","","","","","","","","","","","","","","","","","","","","","","","","","","","","","","","","","","","","","",0.1327289640903473,63.07248306274414,0.7019280791282654,0.7876688241958618,0.7897388339042664,0.07763713598251343,"","","","","","","","","","","","","","","","","","","","","","","","","","","","","","","","","","","","","","","","","","","","","","","","","",0.08278927206993103,"","","PRUNED"
53,0.07720409333705902,"2025-05-16 21:02:22.491090","2025-05-16 21:02:22.929093","0 days 00:00:00.438003",192,160.0,"","","",0.0020559913246232,2,"","","","","","","","","","","","","","","","","","","","","","","","","","","","","","","","","","","","","","","","","","","","","","","","","","","","","","",0.1253301054239273,62.807430267333984,0.7466341853141785,0.7275473475456238,0.7740737199783325,0.10349780321121216,"","","","","","","","","","","","","","","","","","","","","","","","","","","","","","","","","","","","","","","","","","","","","","","","","",0.07720409333705902,"","","PRUNED"
54,0.06993278115987778,"2025-05-16 21:02:22.929320","2025-05-16 21:02:23.978205","0 days 00:00:01.048885",144,176.0,"","","",0.004171775194947976,2,"","","","","","","","","","","","","","","","","","","","","","","","","","","","","","","","","","","","","","","","","","","","","","","","","","","","","","",0.13741767406463623,65.5638427734375,0.6249166131019592,0.6214233040809631,0.7328028082847595,0.012840449810028076,0.2202252298593521,3390.474365234375,0.501332700252533,0.5139901041984558,0.7608321309089661,-0.09196639060974121,0.14542503654956818,75.00177764892578,0.5088227987289429,0.5992252826690674,0.6557143330574036,-0.27421605587005615,0.11434601247310638,60.27675247192383,0.7442823052406311,0.728773832321167,0.7652890086174011,0.23253333568572998,"","","","","","","","","","","","","","","","","","","","","","","","","","","","","","","",0.06195322796702385,0.06993278115987778,"","PRUNED"
55,0.07150530070066452,"2025-05-16 21:02:23.978441","2025-05-16 21:02:25.065282","0 days 00:00:01.086841",160,192.0,96.0,"","",0.00935218349340866,3,"","","","","","","","","","","","","","","","","","","","","","","","","","","","","","","","","","","","","","","","","","","","","","","","","","","","","","",0.13288936018943787,63.616615295410156,0.7657288312911987,0.7243506908416748,0.7833284139633179,0.09434759616851807,0.21379892528057098,2904.766845703125,0.5058249831199646,0.5474443435668945,0.7657602429389954,-0.06608247756958008,0.15084455907344818,78.17913818359375,0.4848906397819519,0.5951085686683655,0.6686549186706543,-0.3078005313873291,0.10774426907300949,57.245670318603516,0.6478069424629211,0.6829015016555786,0.7458194494247437,0.2870013117790222,"","","","","","","","","","","","","","","","","","","","","","","","","","","","","","","",0.06831753998994827,0.07150530070066452,"","PRUNED"
56,0.07144496589899063,"2025-05-16 21:02:25.065527","2025-05-16 21:02:25.490446","0 days 00:00:00.424919",208,"","","","",0.0058241698802837675,1,"","","","","","","","","","","","","","","","","","","","","","","","","","","","","","","","","","","","","","","","","","","","","","","","","","","","","","",0.13300326466560364,63.108421325683594,0.7204931974411011,0.7392094135284424,0.7807543277740479,0.05147641897201538,"","","","","","","","","","","","","","","","","","","","","","","","","","","","","","","","","","","","","","","","","","","","","","","","","",0.07144496589899063,"","","PRUNED"
57,0.08683813363313675,"2025-05-16 21:02:25.490664","2025-05-16 21:02:25.993719","0 days 00:00:00.503055",176,160.0,48.0,224.0,144.0,0.016246192507134598,5,"","","","","","","","","","","","","","","","","","","","","","","","","","","","","","","","","","","","","","","","","","","","","","","","","","","","","","",0.1465924233198166,51.538978576660156,0.7403103113174438,0.6892484426498413,0.7434068322181702,-0.2258075475692749,"","","","","","","","","","","","","","","","","","","","","","","","","","","","","","","","","","","","","","","","","","","","","","","","","",0.08683813363313675,"","","PRUNED"
58,0.07363072037696838,"2025-05-16 21:02:25.993969","2025-05-16 21:02:27.071793","0 days 00:00:01.077824",144,48.0,176.0,"","",0.002967572783512237,3,"","","","","","","","","","","","","","","","","","","","","","","","","","","","","","","","","","","","","","","","","","","","","","","","","","","","","","",0.14227627217769623,67.73036193847656,0.6675879955291748,0.6751435399055481,0.7315391302108765,-0.029164552688598633,0.22176393866539001,3365.50341796875,0.47816595435142517,0.5332249999046326,0.7500720620155334,-0.13771116733551025,0.1452680230140686,73.68934631347656,0.49603259563446045,0.6072436571121216,0.6478074789047241,-0.240409255027771,0.11333322525024414,60.67356491088867,0.7502796053886414,0.7647059559822083,0.7951902747154236,0.2857585549354553,"","","","","","","","","","","","","","","","","","","","","","","","","","","","","","","",0.06371916830539703,0.07363072037696838,"","PRUNED"
59,0.1288796216249466,"2025-05-16 21:02:27.072037","2025-05-16 21:02:27.543236","0 days 00:00:00.471199",208,144.0,"","","",0.02251597994563124,2,"","","","","","","","","","","","","","","","","","","","","","","","","","","","","","","","","","","","","","","","","","","","","","","","","","","","","","",0.18092581629753113,59.50282669067383,0.3079359233379364,0.3392367362976074,0.38500848412513733,-0.7682919502258301,"","","","","","","","","","","","","","","","","","","","","","","","","","","","","","","","","","","","","","","","","","","","","","","","","",0.1288796216249466,"","","PRUNED"
60,0.0726819783449173,"2025-05-16 21:02:27.543472","2025-05-16 21:02:27.984728","0 days 00:00:00.441256",96,240.0,16.0,256.0,"",0.0017114833541325694,4,"","","","","","","","","","","","","","","","","","","","","","","","","","","","","","","","","","","","","","","","","","","","","","","","","","","","","","",0.14724022150039673,68.0207748413086,0.6416937708854675,0.6339606046676636,0.7251119613647461,-0.03791248798370361,"","","","","","","","","","","","","","","","","","","","","","","","","","","","","","","","","","","","","","","","","","","","","","","","","",0.0726819783449173,"","","PRUNED"
61,0.14429637482937643,"2025-05-16 21:02:27.984967","2025-05-16 21:02:31.595169","0 days 00:00:03.610202",192,144.0,80.0,"","",0.006303045060646559,3,0.14429637482937643,5179.72526550293,0.4978858767186894,0.555040568113327,0.5936907976865768,-0.22721520592184627,0.12881512939929962,417.33447265625,0.3291502892971039,0.37497004866600037,0.49547088146209717,0.06826990842819214,0.11159618943929672,1113.220458984375,0.21325333416461945,0.4543854296207428,0.6143022179603577,0.36760497093200684,0.15369224548339844,264.1615295410156,0.5311111807823181,0.6551834344863892,0.7200412154197693,0.31320101022720337,0.15695208311080933,76.1579360961914,0.4658583998680115,0.5303744673728943,0.604129433631897,0.06116819381713867,0.1043747216463089,145.44439697265625,0.5711802244186401,0.5974017977714539,0.602641761302948,0.18972909450531006,0.10407276451587677,81.60449981689453,0.5997398495674133,0.6737752556800842,0.6849360466003418,0.17749804258346558,0.1870807409286499,219.93650817871094,0.9554647207260132,0.8767382502555847,0.6998018026351929,0.2654743194580078,0.13527598977088928,194.92787170410156,0.21946997940540314,0.2948554754257202,0.43276724219322205,-0.8418031930923462,0.13536371290683746,70.04122924804688,0.6627923846244812,0.7324823141098022,0.7829230427742004,-0.03216242790222168,0.2256685048341751,3777.6787109375,0.428139328956604,0.5256764888763428,0.7456341981887817,-0.1359308958053589,0.14511966705322266,73.67918395996094,0.49004772305488586,0.642951488494873,0.6633116602897644,-0.2443857192993164,0.110960453748703,56.90315246582031,0.717405378818512,0.7599199414253235,0.7700987458229065,0.25765812397003174,0.1276233196258545,74957.8203125,0.15243147313594818,0.36478257179260254,0.3590236008167267,-0.45633089542388916,0.10603934526443481,556.1290283203125,0.3540915250778198,0.43894073367118835,0.4535506069660187,-0.08862042427062988,0.14091169834136963,302.0539855957031,0.5044420957565308,0.44471606612205505,0.5730295181274414,0.06004554033279419,0.25886252522468567,5326.119140625,0.4015909433364868,0.3273718059062958,0.1933182030916214,-4.111831188201904,0.12062928080558777,422.1170959472656,0.8678910732269287,0.7411640882492065,0.6977633833885193,0.2877570390701294,0.0,0.06064716726541519,0.060325831174850464,0.05852567404508591,"COMPLETE"
