"number","value","datetime_start","datetime_complete","duration","params_decoder_layer_width_0","params_decoder_layer_width_1","params_decoder_layer_width_2","params_decoder_layer_width_3","params_decoder_layer_width_4","params_encoder_layer_width_0","params_encoder_layer_width_1","params_encoder_layer_width_2","params_encoder_layer_width_3","params_encoder_layer_width_4","params_gatv2_dropout","params_gatv2_heads","params_lr","params_n_decoder_layers","params_n_encoder_layers","user_attrs_avg_mae","user_attrs_avg_mape","user_attrs_avg_ndcg10","user_attrs_avg_ndcg20","user_attrs_avg_ndcg50","user_attrs_avg_r2","user_attrs_fold10_mae","user_attrs_fold10_mape","user_attrs_fold10_ndcg10","user_attrs_fold10_ndcg20","user_attrs_fold10_ndcg50","user_attrs_fold10_r2","user_attrs_fold11_mae","user_attrs_fold11_mape","user_attrs_fold11_ndcg10","user_attrs_fold11_ndcg20","user_attrs_fold11_ndcg50","user_attrs_fold11_r2","user_attrs_fold12_mae","user_attrs_fold12_mape","user_attrs_fold12_ndcg10","user_attrs_fold12_ndcg20","user_attrs_fold12_ndcg50","user_attrs_fold12_r2","user_attrs_fold13_mae","user_attrs_fold13_mape","user_attrs_fold13_ndcg10","user_attrs_fold13_ndcg20","user_attrs_fold13_ndcg50","user_attrs_fold13_r2","user_attrs_fold14_mae","user_attrs_fold14_mape","user_attrs_fold14_ndcg10","user_attrs_fold14_ndcg20","user_attrs_fold14_ndcg50","user_attrs_fold14_r2","user_attrs_fold15_mae","user_attrs_fold15_mape","user_attrs_fold15_ndcg10","user_attrs_fold15_ndcg20","user_attrs_fold15_ndcg50","user_attrs_fold15_r2","user_attrs_fold16_mae","user_attrs_fold16_mape","user_attrs_fold16_ndcg10","user_attrs_fold16_ndcg20","user_attrs_fold16_ndcg50","user_attrs_fold16_r2","user_attrs_fold17_mae","user_attrs_fold17_mape","user_attrs_fold17_ndcg10","user_attrs_fold17_ndcg20","user_attrs_fold17_ndcg50","user_attrs_fold17_r2","user_attrs_fold1_mae","user_attrs_fold1_mape","user_attrs_fold1_ndcg10","user_attrs_fold1_ndcg20","user_attrs_fold1_ndcg50","user_attrs_fold1_r2","user_attrs_fold2_mae","user_attrs_fold2_mape","user_attrs_fold2_ndcg10","user_attrs_fold2_ndcg20","user_attrs_fold2_ndcg50","user_attrs_fold2_r2","user_attrs_fold3_mae","user_attrs_fold3_mape","user_attrs_fold3_ndcg10","user_attrs_fold3_ndcg20","user_attrs_fold3_ndcg50","user_attrs_fold3_r2","user_attrs_fold4_mae","user_attrs_fold4_mape","user_attrs_fold4_ndcg10","user_attrs_fold4_ndcg20","user_attrs_fold4_ndcg50","user_attrs_fold4_r2","user_attrs_fold5_mae","user_attrs_fold5_mape","user_attrs_fold5_ndcg10","user_attrs_fold5_ndcg20","user_attrs_fold5_ndcg50","user_attrs_fold5_r2","user_attrs_fold6_mae","user_attrs_fold6_mape","user_attrs_fold6_ndcg10","user_attrs_fold6_ndcg20","user_attrs_fold6_ndcg50","user_attrs_fold6_r2","user_attrs_fold7_mae","user_attrs_fold7_mape","user_attrs_fold7_ndcg10","user_attrs_fold7_ndcg20","user_attrs_fold7_ndcg50","user_attrs_fold7_r2","user_attrs_fold8_mae","user_attrs_fold8_mape","user_attrs_fold8_ndcg10","user_attrs_fold8_ndcg20","user_attrs_fold8_ndcg50","user_attrs_fold8_r2","user_attrs_fold9_mae","user_attrs_fold9_mape","user_attrs_fold9_ndcg10","user_attrs_fold9_ndcg20","user_attrs_fold9_ndcg50","user_attrs_fold9_r2","user_attrs_pca_components","system_attrs_completed_rung_0","system_attrs_completed_rung_1","system_attrs_completed_rung_2","state"
73,0.14128100389943404,"2025-05-16 18:43:57.015396","2025-05-16 19:21:32.353381","0 days 00:37:35.337985",144,176.0,112.0,208.0,"",240,"","","","",0.1,15,0.002438065893469386,4,1,0.14128100389943404,2518.7038966908176,0.7516120428986409,0.7277077482465435,0.7204242523978738,-0.5153586654102101,0.13166944682598114,477.9158935546875,0.3010701835155487,0.3260895013809204,0.4136086404323578,0.06452435255050659,0.1204945370554924,1890.834228515625,0.6824036240577698,0.7540518045425415,0.814744770526886,0.5390883684158325,0.1412721872329712,172.19345092773438,0.9907798171043396,0.9436236619949341,0.8260178565979004,0.3758580684661865,0.13300356268882751,80.22835540771484,0.9812535643577576,0.9402885437011719,0.8403457403182983,0.3966420292854309,0.09209000319242477,145.73841857910156,0.9049113988876343,0.8514698147773743,0.8194514513015747,0.42595404386520386,0.08883675932884216,74.44136047363281,0.8036163449287415,0.8231192827224731,0.8105408549308777,0.469926655292511,0.1571122705936432,133.52383422851562,1.0,1.0,0.941519558429718,0.40929198265075684,0.08359115570783615,107.78787994384766,0.8921622037887573,0.8303114771842957,0.7947221994400024,0.36982274055480957,0.10690462589263916,41.091312408447266,0.9200072288513184,0.8789739608764648,0.8516727685928345,0.31548088788986206,0.2080666571855545,3576.27294921875,0.5059661269187927,0.5756788849830627,0.7908308506011963,-0.03768658638000488,0.13732311129570007,78.93806457519531,0.7391833066940308,0.8052268028259277,0.8187182545661926,0.1261003613471985,0.09653031826019287,49.50464630126953,0.9400414228439331,0.831875205039978,0.8018944263458252,0.4081144332885742,0.08176059275865555,24685.04296875,0.6782109141349792,0.6316338777542114,0.556334912776947,0.20551401376724243,0.08896367251873016,490.0055847167969,0.5973479747772217,0.6195297241210938,0.6368212103843689,0.15042293071746826,0.12803931534290314,304.5888977050781,0.8917796611785889,0.7607378959655762,0.7623102068901062,0.2803041934967041,0.48284056782722473,10089.04296875,0.024178478866815567,0.038573820143938065,0.048203498125076294,-13.535475730895996,0.12327828258275986,420.8154296875,0.9244924783706665,0.7598474621772766,0.7194750905036926,0.27501994371414185,0.0,0.07287991046905518,0.0742705911397934,0.07239287346601486,"COMPLETE"
74,0.08364378660917282,"2025-05-16 19:21:32.353852","2025-05-16 19:21:36.656271","0 days 00:00:04.302419",176,176.0,112.0,208.0,160.0,208,"","","","",0.1,6,0.0031126800778959415,5,1,"","","","","","","","","","","","","","","","","","","","","","","","","","","","","","","","","","","","","","","","","","","","","","","","","","","","","","",0.10522374510765076,39.17918395996094,0.9190261363983154,0.8733085989952087,0.8509533405303955,0.32133322954177856,0.22376753389835358,3730.908935546875,0.5060375332832336,0.5641903281211853,0.7803913950920105,-0.11117005348205566,0.13710114359855652,77.25273132324219,0.756558358669281,0.7980617880821228,0.7967327833175659,0.047122418880462646,0.1078280359506607,68.32894897460938,0.9347435832023621,0.8248645067214966,0.7843225598335266,0.418590247631073,"","","","","","","","","","","","","","","","","","","","","","","","","","","","","","","",0.07975735515356064,0.08364378660917282,"","PRUNED"
75,0.08475030213594437,"2025-05-16 19:21:36.656588","2025-05-16 19:25:57.745557","0 days 00:04:21.088969",160,192.0,64.0,176.0,"",224,"","","","",0.0,15,0.0024746142197505164,4,1,"","","","","","","","","","","","","","","","","","","","","","","","","","","","","","","","","","","","","","","","","","","","","","","","","","","","","","",0.10614940524101257,42.205413818359375,0.9203622341156006,0.8587456345558167,0.8446217775344849,0.2974321246147156,"","","","","","","","","","","","","","","","","","","","","","","","","","","","","","","","","","","","","","","","","","","","","","","","","",0.08475030213594437,"","","PRUNED"
76,0.09375614672899246,"2025-05-16 19:25:57.745840","2025-05-16 19:30:33.172145","0 days 00:04:35.426305",192,208.0,96.0,80.0,"",256,"","","","",0.2,16,0.0010291100897186257,4,1,"","","","","","","","","","","","","","","","","","","","","","","","","","","","","","","","","","","","","","","","","","","","","","","","","","","","","","",0.140681192278862,54.96765899658203,0.7269827723503113,0.7194278240203857,0.7762613892555237,-0.002353668212890625,"","","","","","","","","","","","","","","","","","","","","","","","","","","","","","","","","","","","","","","","","","","","","","","","","",0.09375614672899246,"","","PRUNED"
77,0.0937335193157196,"2025-05-16 19:30:33.172434","2025-05-16 19:30:38.345484","0 days 00:00:05.173050",128,176.0,"","","",176,176.0,"","","",0.2,13,0.0038497826388305674,2,2,"","","","","","","","","","","","","","","","","","","","","","","","","","","","","","","","","","","","","","","","","","","","","","","","","","","","","","",0.1263739913702011,46.95454025268555,0.8575348854064941,0.7311846017837524,0.7540668249130249,0.04653656482696533,"","","","","","","","","","","","","","","","","","","","","","","","","","","","","","","","","","","","","","","","","","","","","","","","","",0.0937335193157196,"","","PRUNED"
78,0.08758822828531265,"2025-05-16 19:30:38.345741","2025-05-16 19:35:19.560468","0 days 00:04:41.214727",144,144.0,80.0,128.0,192.0,240,"","","","",0.1,15,0.004908384335262841,5,1,"","","","","","","","","","","","","","","","","","","","","","","","","","","","","","","","","","","","","","","","","","","","","","","","","","","","","","",0.11737687885761261,40.62242126464844,0.7656331062316895,0.810643196105957,0.7897720336914062,0.13921517133712769,"","","","","","","","","","","","","","","","","","","","","","","","","","","","","","","","","","","","","","","","","","","","","","","","","",0.08758822828531265,"","","PRUNED"
79,0.0898265391588211,"2025-05-16 19:35:19.560750","2025-05-16 19:39:48.976926","0 days 00:04:29.416176",96,112.0,112.0,192.0,"",224,"","","","",0.4,16,0.0006057953779575899,4,1,"","","","","","","","","","","","","","","","","","","","","","","","","","","","","","","","","","","","","","","","","","","","","","","","","","","","","","",0.13571226596832275,58.847110748291016,0.7016796469688416,0.7099059820175171,0.7517539262771606,0.06938546895980835,"","","","","","","","","","","","","","","","","","","","","","","","","","","","","","","","","","","","","","","","","","","","","","","","","",0.0898265391588211,"","","PRUNED"
80,0.14645497895338955,"2025-05-16 19:39:48.977266","2025-05-16 19:40:05.181814","0 days 00:00:16.204548",32,32.0,256.0,"","",192,"","","","",0.0,10,0.0023400529936373885,3,1,0.14645497895338955,2973.966334623449,0.6852381908718277,0.6654119145344285,0.6659907606594703,-0.2989640674170326,0.13714440166950226,600.8827514648438,0.30064141750335693,0.30207303166389465,0.4222515821456909,0.0887136459350586,0.13107651472091675,2002.367431640625,0.8194639682769775,0.7608693242073059,0.7492543458938599,0.41045886278152466,0.16415782272815704,197.3357391357422,0.7966839671134949,0.7422019839286804,0.6931034326553345,0.1816837191581726,0.13684135675430298,64.81803894042969,0.9524844288825989,0.8986217975616455,0.7952668070793152,0.2912033200263977,0.09486782550811768,145.50357055664062,0.9211912155151367,0.8288202881813049,0.7477442622184753,0.37579017877578735,0.08147083967924118,63.0800895690918,0.9307289719581604,0.904853105545044,0.8602014183998108,0.5434849560260773,0.18861234188079834,146.60658264160156,0.8537482023239136,0.825350821018219,0.6278402805328369,0.1623748540878296,0.08389977365732193,102.31404113769531,0.8389307856559753,0.816017210483551,0.8194422125816345,0.4255237579345703,0.12595771253108978,54.7406120300293,0.7581964135169983,0.7702624797821045,0.8113875985145569,0.2252148985862732,0.24771331250667572,5220.1318359375,0.49473920464515686,0.5509334802627563,0.7683266997337341,-0.33737409114837646,0.13488690555095673,69.04537963867188,0.6728849411010742,0.7584398984909058,0.7436408400535583,-0.02337825298309326,0.1257190853357315,77.65801239013672,0.8196170330047607,0.7881355881690979,0.7970771193504333,0.30155831575393677,0.08763296902179718,32267.685546875,0.6377230882644653,0.5852495431900024,0.5689771175384521,0.19544434547424316,0.0910814106464386,602.8342895507812,0.3493226170539856,0.4287293255329132,0.5490673780441284,0.16976505517959595,0.13378338515758514,288.8592834472656,0.563427209854126,0.5215215682983398,0.6480394601821899,0.13907527923583984,0.3999141454696655,8222.8427734375,0.029851548373699188,0.05678153783082962,0.048655472695827484,-8.435651779174805,0.12497483938932419,430.7217102050781,0.9094142317771912,0.7731415629386902,0.671566903591156,0.20372378826141357,0.0,0.07818351686000824,0.07680590450763702,0.0756869986653328,"COMPLETE"
81,0.08524022251367569,"2025-05-16 19:40:05.182317","2025-05-16 19:40:10.067955","0 days 00:00:04.885638",32,32.0,256.0,"","",192,"","","","",0.0,10,0.002337078495929336,3,1,"","","","","","","","","","","","","","","","","","","","","","","","","","","","","","","","","","","","","","","","","","","","","","","","","","","","","","",0.11818490922451019,55.411293029785156,0.8695613741874695,0.7976221442222595,0.7932326793670654,0.24243777990341187,0.2347368448972702,4682.689453125,0.5331754684448242,0.5469194054603577,0.7984983921051025,-0.16065120697021484,0.1349324733018875,71.78260803222656,0.7210820317268372,0.7391716241836548,0.7809041142463684,0.027362823486328125,0.11233636736869812,59.0222282409668,0.8716598749160767,0.783714771270752,0.8103465437889099,0.3438594937324524,"","","","","","","","","","","","","","","","","","","","","","","","","","","","","","","",0.0761069655418396,0.08524022251367569,"","PRUNED"
82,0.08780234307050705,"2025-05-16 19:40:10.068243","2025-05-16 19:40:14.423600","0 days 00:00:04.355357",48,32.0,224.0,256.0,"",176,"","","","",0.0,9,0.0013455571020648453,4,1,"","","","","","","","","","","","","","","","","","","","","","","","","","","","","","","","","","","","","","","","","","","","","","","","","","","","","","",0.12763255834579468,52.46391296386719,0.7679349780082703,0.7434985041618347,0.7848239541053772,0.12984848022460938,0.2628290057182312,5391.259765625,0.559867799282074,0.5493558645248413,0.7741224765777588,-0.3782532215118408,0.1392505168914795,69.67174530029297,0.7606326937675476,0.7584672570228577,0.7885478734970093,-0.03390812873840332,0.13203184306621552,86.72990417480469,0.8057491779327393,0.7368027567863464,0.75342857837677,0.2520366311073303,"","","","","","","","","","","","","","","","","","","","","","","","","","","","","","","",0.08258958905935287,0.08780234307050705,"","PRUNED"
83,0.09353993833065033,"2025-05-16 19:40:14.423872","2025-05-16 19:40:16.827666","0 days 00:00:02.403794",32,16.0,"","","",208,"","","","",0.0,11,0.0015449055188211755,2,1,"","","","","","","","","","","","","","","","","","","","","","","","","","","","","","","","","","","","","","","","","","","","","","","","","","","","","","",0.1401723176240921,56.98846435546875,0.7260036468505859,0.6847795844078064,0.7688176035881042,0.0036650896072387695,"","","","","","","","","","","","","","","","","","","","","","","","","","","","","","","","","","","","","","","","","","","","","","","","","",0.09353993833065033,"","","PRUNED"
84,0.08671421557664871,"2025-05-16 19:40:16.827930","2025-05-16 19:40:18.507688","0 days 00:00:01.679758",16,"","","","",208,"","","","",0.1,8,0.0031129069515076035,1,1,"","","","","","","","","","","","","","","","","","","","","","","","","","","","","","","","","","","","","","","","","","","","","","","","","","","","","","",0.12647052109241486,46.64257049560547,0.8364371061325073,0.7488753795623779,0.7975674271583557,0.07259339094161987,"","","","","","","","","","","","","","","","","","","","","","","","","","","","","","","","","","","","","","","","","","","","","","","","","",0.08671421557664871,"","","PRUNED"
85,0.09076332300901413,"2025-05-16 19:40:18.507940","2025-05-16 19:40:21.785617","0 days 00:00:03.277677",48,64.0,256.0,"","",192,128.0,"","","",0.1,10,0.0011355844280229383,3,2,"","","","","","","","","","","","","","","","","","","","","","","","","","","","","","","","","","","","","","","","","","","","","","","","","","","","","","",0.12513059377670288,47.05312728881836,0.7445120215415955,0.781868040561676,0.789695143699646,0.13126695156097412,"","","","","","","","","","","","","","","","","","","","","","","","","","","","","","","","","","","","","","","","","","","","","","","","","",0.09076332300901413,"","","PRUNED"
86,0.08855236321687698,"2025-05-16 19:40:21.785881","2025-05-16 19:40:27.947107","0 days 00:00:06.161226",176,32.0,208.0,112.0,"",32,"","","","",0.1,12,0.006399703461046733,4,1,"","","","","","",0.12897515296936035,445.38983154296875,0.5369500517845154,0.4793786108493805,0.4846290946006775,0.0740169882774353,0.11391262710094452,1448.7830810546875,0.5821049809455872,0.6723088026046753,0.7280421853065491,0.41025662422180176,0.1743135154247284,186.05213928222656,0.6576727628707886,0.6125226616859436,0.5607726573944092,0.020623326301574707,0.13139283657073975,70.40896606445312,0.9853672385215759,0.9313608407974243,0.8339709043502808,0.38439440727233887,0.09213253110647202,112.81233215332031,0.9244204759597778,0.8177903294563293,0.7478213310241699,0.36708998680114746,0.08821380138397217,57.416748046875,0.8319222331047058,0.8346415162086487,0.8405707478523254,0.4507288336753845,0.1637708842754364,142.20986938476562,0.9295706748962402,0.9391874670982361,0.8149645328521729,0.4058639407157898,"","","","","","",0.12279550731182098,45.884220123291016,0.7568888068199158,0.753140389919281,0.7915889024734497,0.11431276798248291,0.2399185597896576,4436.19775390625,0.5335506200790405,0.5728655457496643,0.7968787550926208,-0.213645339012146,0.12798309326171875,85.01048278808594,0.8251087069511414,0.8084040284156799,0.8281093835830688,0.15845149755477905,0.10910438746213913,64.27947235107422,0.9198971390724182,0.7568815350532532,0.8145593404769897,0.3844951391220093,0.08524518460035324,27104.654296875,0.5984588861465454,0.5177364945411682,0.48260438442230225,0.15828633308410645,0.09391568601131439,628.2365112304688,0.6243985891342163,0.608193039894104,0.6313149333000183,0.21650773286819458,0.13970282673835754,323.69989013671875,0.4731312692165375,0.5266785025596619,0.643990695476532,0.10825604200363159,0.48469454050064087,10038.9306640625,0.06379556655883789,0.042907074093818665,0.04596639797091484,-15.471975326538086,0.12132317572832108,384.1913146972656,0.9163403511047363,0.7755658626556396,0.6973185539245605,0.27194273471832275,"",0.07797487825155258,0.07768899947404861,0.08855236321687698,"PRUNED"
87,0.08269940316677094,"2025-05-16 19:40:27.947436","2025-05-16 19:40:48.504067","0 days 00:00:20.556631",192,160.0,240.0,208.0,"",144,"","","","",0.2,15,0.0018595855807486588,4,1,"","","","","","",0.13690027594566345,490.5755615234375,0.3190518617630005,0.25676220655441284,0.3235962986946106,-0.03862917423248291,0.11272992938756943,1721.8660888671875,0.8687533736228943,0.830529510974884,0.8458266854286194,0.5680581629276276,0.14139744639396667,209.68377685546875,0.9463341236114502,0.9234457015991211,0.844451904296875,0.41885167360305786,0.12206760793924332,64.44745635986328,1.0,0.9761402010917664,0.8685861229896545,0.4606444835662842,0.0884261280298233,103.87871551513672,0.9134166836738586,0.9034968614578247,0.7976548075675964,0.420132577419281,0.09071210771799088,65.72135925292969,0.8155398964881897,0.8098218441009521,0.829065203666687,0.40767520666122437,0.1403164118528366,129.7293243408203,1.0,0.998685359954834,0.9519187808036804,0.5232749283313751,"","","","","","",0.11245094984769821,42.11845779418945,0.9142913222312927,0.8694007992744446,0.8419744968414307,0.23879528045654297,0.2036866843700409,3218.38525390625,0.5467929244041443,0.6145384907722473,0.812935471534729,0.02769070863723755,0.12333881855010986,63.95943832397461,0.8965014815330505,0.8467841148376465,0.8423635363578796,0.2826024293899536,0.10080268234014511,59.95366668701172,0.9130623936653137,0.800093948841095,0.7776086330413818,0.4077497720718384,0.08090166747570038,21441.775390625,0.6603272557258606,0.5836374759674072,0.5639015436172485,0.178422212600708,0.09039995074272156,344.2650146484375,0.611712634563446,0.584234356880188,0.6373859643936157,0.10345381498336792,0.1294803023338318,284.7770080566406,0.6843897700309753,0.7251947522163391,0.7181096076965332,0.2288663387298584,0.3564465045928955,7187.103515625,0.03520658612251282,0.029912136495113373,0.03782949969172478,-6.762510299682617,0.11854055523872375,401.9617919921875,0.8716098666191101,0.7587411999702454,0.728812575340271,0.28486770391464233,"",0.0755712240934372,0.07668830454349518,0.08269940316677094,"PRUNED"
88,0.08153943717479706,"2025-05-16 19:40:48.504380","2025-05-16 19:40:54.005107","0 days 00:00:05.500727",64,48.0,240.0,240.0,"",176,"","","","",0.0,12,0.00239100677431669,4,1,"","","","","","","","","","","","","","","","","","","","","","","","","","","","","","","","","","","","","","","","","","","","","","","","","","","","","","",0.10354065895080566,38.525657653808594,0.916617751121521,0.8658340573310852,0.8532047867774963,0.31730979681015015,0.2381245493888855,4352.3759765625,0.48408520221710205,0.5243586301803589,0.7818533778190613,-0.20093035697937012,0.1284625381231308,68.31839752197266,0.8098480105400085,0.7736272215843201,0.7921202778816223,0.14089113473892212,0.11581432074308395,72.54839324951172,0.9257323145866394,0.8339740633964539,0.7907442450523376,0.353148877620697,"","","","","","","","","","","","","","","","","","","","","","","","","","","","","","","",0.07487032562494278,0.08153943717479706,"","PRUNED"
89,0.10248932242393494,"2025-05-16 19:40:54.005495","2025-05-16 19:40:57.706333","0 days 00:00:03.700838",16,128.0,144.0,"","",160,208.0,16.0,64.0,"",0.30000000000000004,9,0.004014511776326822,3,4,"","","","","","","","","","","","","","","","","","","","","","","","","","","","","","","","","","","","","","","","","","","","","","","","","","","","","","",0.16215083003044128,51.583335876464844,0.2844771146774292,0.3110467195510864,0.40940678119659424,-0.6311531066894531,"","","","","","","","","","","","","","","","","","","","","","","","","","","","","","","","","","","","","","","","","","","","","","","","","",0.10248932242393494,"","","PRUNED"
