"number","value","datetime_start","datetime_complete","duration","params_decoder_layer_width_0","params_decoder_layer_width_1","params_decoder_layer_width_2","params_decoder_layer_width_3","params_decoder_layer_width_4","params_encoder_layer_width_0","params_encoder_layer_width_1","params_encoder_layer_width_2","params_encoder_layer_width_3","params_lr","params_n_decoder_layers","params_n_encoder_layers","params_transformer_dropout","params_transformer_heads","user_attrs_avg_mae","user_attrs_avg_mape","user_attrs_avg_ndcg10","user_attrs_avg_ndcg20","user_attrs_avg_ndcg50","user_attrs_avg_r2","user_attrs_fold10_mae","user_attrs_fold10_mape","user_attrs_fold10_ndcg10","user_attrs_fold10_ndcg20","user_attrs_fold10_ndcg50","user_attrs_fold10_r2","user_attrs_fold11_mae","user_attrs_fold11_mape","user_attrs_fold11_ndcg10","user_attrs_fold11_ndcg20","user_attrs_fold11_ndcg50","user_attrs_fold11_r2","user_attrs_fold12_mae","user_attrs_fold12_mape","user_attrs_fold12_ndcg10","user_attrs_fold12_ndcg20","user_attrs_fold12_ndcg50","user_attrs_fold12_r2","user_attrs_fold13_mae","user_attrs_fold13_mape","user_attrs_fold13_ndcg10","user_attrs_fold13_ndcg20","user_attrs_fold13_ndcg50","user_attrs_fold13_r2","user_attrs_fold14_mae","user_attrs_fold14_mape","user_attrs_fold14_ndcg10","user_attrs_fold14_ndcg20","user_attrs_fold14_ndcg50","user_attrs_fold14_r2","user_attrs_fold15_mae","user_attrs_fold15_mape","user_attrs_fold15_ndcg10","user_attrs_fold15_ndcg20","user_attrs_fold15_ndcg50","user_attrs_fold15_r2","user_attrs_fold16_mae","user_attrs_fold16_mape","user_attrs_fold16_ndcg10","user_attrs_fold16_ndcg20","user_attrs_fold16_ndcg50","user_attrs_fold16_r2","user_attrs_fold17_mae","user_attrs_fold17_mape","user_attrs_fold17_ndcg10","user_attrs_fold17_ndcg20","user_attrs_fold17_ndcg50","user_attrs_fold17_r2","user_attrs_fold1_mae","user_attrs_fold1_mape","user_attrs_fold1_ndcg10","user_attrs_fold1_ndcg20","user_attrs_fold1_ndcg50","user_attrs_fold1_r2","user_attrs_fold2_mae","user_attrs_fold2_mape","user_attrs_fold2_ndcg10","user_attrs_fold2_ndcg20","user_attrs_fold2_ndcg50","user_attrs_fold2_r2","user_attrs_fold3_mae","user_attrs_fold3_mape","user_attrs_fold3_ndcg10","user_attrs_fold3_ndcg20","user_attrs_fold3_ndcg50","user_attrs_fold3_r2","user_attrs_fold4_mae","user_attrs_fold4_mape","user_attrs_fold4_ndcg10","user_attrs_fold4_ndcg20","user_attrs_fold4_ndcg50","user_attrs_fold4_r2","user_attrs_fold5_mae","user_attrs_fold5_mape","user_attrs_fold5_ndcg10","user_attrs_fold5_ndcg20","user_attrs_fold5_ndcg50","user_attrs_fold5_r2","user_attrs_fold6_mae","user_attrs_fold6_mape","user_attrs_fold6_ndcg10","user_attrs_fold6_ndcg20","user_attrs_fold6_ndcg50","user_attrs_fold6_r2","user_attrs_fold7_mae","user_attrs_fold7_mape","user_attrs_fold7_ndcg10","user_attrs_fold7_ndcg20","user_attrs_fold7_ndcg50","user_attrs_fold7_r2","user_attrs_fold8_mae","user_attrs_fold8_mape","user_attrs_fold8_ndcg10","user_attrs_fold8_ndcg20","user_attrs_fold8_ndcg50","user_attrs_fold8_r2","user_attrs_fold9_mae","user_attrs_fold9_mape","user_attrs_fold9_ndcg10","user_attrs_fold9_ndcg20","user_attrs_fold9_ndcg50","user_attrs_fold9_r2","user_attrs_pca_components","system_attrs_completed_rung_0","system_attrs_completed_rung_1","system_attrs_completed_rung_2","state"
75,0.1000366791644517,"2025-05-16 21:00:37.904709","2025-05-16 21:00:43.472461","0 days 00:00:05.567752",80,144.0,256.0,"","",160,"","","",0.005724243265511724,3,1,0.0,2,0.1000366791644517,1271.0946942497703,0.8759694450041827,0.8404467579196481,0.8057983412462122,0.41286173462867737,0.12334893643856049,530.4762573242188,0.8903641700744629,0.7316285371780396,0.6593745350837708,0.3072444200515747,0.06895975768566132,428.2284851074219,0.9172521829605103,0.87026047706604,0.9008805155754089,0.6892094016075134,0.13440565764904022,181.8733673095703,1.0,0.9996656179428101,0.8519110083580017,0.4040331244468689,0.1007976084947586,59.43705368041992,1.0,1.0,0.9385398030281067,0.6413525640964508,0.0871242806315422,97.64434051513672,1.0,0.8684342503547668,0.789047360420227,0.41255974769592285,0.07480418682098389,58.541839599609375,0.9523000121116638,0.8925498127937317,0.8809688687324524,0.6350723206996918,0.12728528678417206,117.84418487548828,1.0,1.0,0.9718888998031616,0.5626576244831085,0.07691013067960739,93.69437408447266,0.938511312007904,0.8848710060119629,0.8372895121574402,0.5121287703514099,0.10141991823911667,43.63126754760742,0.8339686393737793,0.8525619506835938,0.8366880416870117,0.417694091796875,0.16697950661182404,1094.642578125,0.698664128780365,0.6678416728973389,0.8595542907714844,0.0722651481628418,0.09858119487762451,54.6526985168457,0.9294915795326233,0.8944312334060669,0.8828718066215515,0.5049070119857788,0.11121699213981628,59.73623275756836,0.7835153341293335,0.8148999810218811,0.7884438037872314,0.36506420373916626,0.07451219856739044,17633.64453125,0.8470810055732727,0.7384725213050842,0.6458988785743713,0.3448765277862549,0.09251805394887924,457.7630615234375,0.33073168992996216,0.43624934554100037,0.5263581871986389,0.009722590446472168,0.11250022798776627,282.215087890625,0.8341928124427795,0.8136144280433655,0.7659488916397095,0.3965553045272827,0.05431167408823967,205.18426513671875,1.0,0.995336651802063,0.8171104788780212,0.31850773096084595,0.0949479341506958,209.40017700195312,0.9354076981544495,0.8267773985862732,0.7457969188690186,0.4247989058494568,0.0,0.06954891979694366,0.06314237415790558,0.06868515908718109,"COMPLETE"
76,0.07552409172058105,"2025-05-16 21:00:43.472916","2025-05-16 21:00:44.353354","0 days 00:00:00.880438",112,128.0,256.0,"","",160,32.0,160.0,"",0.002082149124762006,3,3,0.0,1,"","","","","","","","","","","","","","","","","","","","","","","","","","","","","","","","","","","","","","","","","","","","","","","","","","","","","","",0.09728240966796875,40.79500198364258,0.7686923742294312,0.7559237480163574,0.7951436042785645,0.376766562461853,"","","","","","","","","","","","","","","","","","","","","","","","","","","","","","","","","","","","","","","","","","","","","","","","","",0.07552409172058105,"","","PRUNED"
77,0.07615507394075394,"2025-05-16 21:00:44.353634","2025-05-16 21:00:45.407098","0 days 00:00:01.053464",80,144.0,256.0,"","",144,112.0,"","",0.0005904084105958498,3,2,0.0,3,"","","","","","","","","","","","","","","","","","","","","","","","","","","","","","","","","","","","","","","","","","","","","","","","","","","","","","",0.09949297457933426,39.178531646728516,0.7483530044555664,0.758165180683136,0.7991727590560913,0.3588069677352905,"","","","","","","","","","","","","","","","","","","","","","","","","","","","","","","","","","","","","","","","","","","","","","","","","",0.07615507394075394,"","","PRUNED"
78,0.07462113350629807,"2025-05-16 21:00:45.407373","2025-05-16 21:00:47.075807","0 days 00:00:01.668434",96,112.0,"","","",192,"","","",0.004570193250335167,2,1,0.0,2,"","","","","","","","","","","","","","","","","","","","","","","","","","","","","","","","","","","","","","","","","","","","","","","","","","","","","","",0.09453815966844559,39.4598388671875,0.8308656811714172,0.8091992139816284,0.836574137210846,0.45257246494293213,0.1722552478313446,1398.6602783203125,0.6953476667404175,0.6342306137084961,0.8522999882698059,0.07203936576843262,0.09901076555252075,55.02884292602539,0.9057802557945251,0.8781811594963074,0.8747491836547852,0.5218620598316193,0.10641330480575562,55.08961486816406,0.6149032711982727,0.7588385343551636,0.7538979053497314,0.3907666802406311,"","","","","","","","","","","","","","","","","","","","","","","","","","","","","","","",0.06931862980127335,0.07462113350629807,"","PRUNED"
79,0.08519727736711502,"2025-05-16 21:00:47.076087","2025-05-16 21:00:47.880641","0 days 00:00:00.804554",48,160.0,224.0,"","",160,80.0,"","",0.012286864185640041,3,2,0.5,2,"","","","","","","","","","","","","","","","","","","","","","","","","","","","","","","","","","","","","","","","","","","","","","","","","","","","","","",0.11220549046993256,40.369544982910156,0.7711396217346191,0.7843571901321411,0.8164351582527161,0.24821001291275024,"","","","","","","","","","","","","","","","","","","","","","","","","","","","","","","","","","","","","","","","","","","","","","","","","",0.08519727736711502,"","","PRUNED"
80,0.07468540966510773,"2025-05-16 21:00:47.880912","2025-05-16 21:00:48.862079","0 days 00:00:00.981167",80,"","","","",176,"","","",0.0026407166751857476,1,1,0.0,4,"","","","","","","","","","","","","","","","","","","","","","","","","","","","","","","","","","","","","","","","","","","","","","","","","","","","","","",0.09963589161634445,43.49671173095703,0.7606067657470703,0.7748377919197083,0.7957829833030701,0.362853467464447,"","","","","","","","","","","","","","","","","","","","","","","","","","","","","","","","","","","","","","","","","","","","","","","","","",0.07468540966510773,"","","PRUNED"
81,0.06925361603498459,"2025-05-16 21:00:48.862342","2025-05-16 21:00:54.479757","0 days 00:00:05.617415",64,144.0,256.0,"","",176,"","","",0.0061098916760700004,3,1,0.0,2,"","","","","","",0.11950567364692688,432.5305480957031,0.8430770039558411,0.7194821238517761,0.6745708584785461,0.344526469707489,0.06735409051179886,528.8965454101562,0.9189135432243347,0.9328209161758423,0.9063752889633179,0.7265249788761139,0.1372058242559433,172.79327392578125,1.0,0.9996765851974487,0.8354062438011169,0.3680228590965271,0.10351063311100006,61.330509185791016,1.0,1.0,0.9188313484191895,0.6301884055137634,0.08786320686340332,84.35811614990234,1.0,0.8746449947357178,0.8034929037094116,0.386205792427063,0.08108493685722351,68.39486694335938,0.9436322450637817,0.8793959021568298,0.8550423383712769,0.5947252511978149,0.1308380663394928,114.45852661132812,1.0,1.0,0.9684681296348572,0.5480676293373108,"","","","","","",0.09396613389253616,41.69961929321289,0.8931723833084106,0.8416262269020081,0.83887779712677,0.4972488284111023,0.17610181868076324,2101.365966796875,0.650603175163269,0.6071892976760864,0.8350083231925964,0.06026649475097656,0.09675048291683197,58.552730560302734,0.9080649614334106,0.8897456526756287,0.8712727427482605,0.5453086495399475,0.09760090708732605,52.41028594970703,0.8084980845451355,0.786094605922699,0.8063720464706421,0.43938517570495605,0.0811530128121376,29230.908203125,0.854636549949646,0.7394675016403198,0.6478493213653564,0.340365469455719,0.09127799421548843,453.460205078125,0.43873393535614014,0.5214222073554993,0.5296078324317932,0.02864086627960205,0.1144259050488472,303.2574462890625,0.8349337577819824,0.8030093908309937,0.7642290592193604,0.39671945571899414,0.057933274656534195,499.4891662597656,1.0,1.0,0.828791081905365,0.34493589401245117,0.10432054847478867,186.5652313232422,0.8339159488677979,0.7552747130393982,0.7199968099594116,0.31242835521698,"",0.06902901083230972,0.06401810050010681,0.06925361603498459,"PRUNED"
82,0.06941914558410645,"2025-05-16 21:00:54.480062","2025-05-16 21:00:58.840054","0 days 00:00:04.359992",48,144.0,240.0,"","",192,"","","",0.00561074853120617,3,1,0.0,1,"","","","","","",0.12934286892414093,462.7663269042969,0.8448365926742554,0.7109561562538147,0.6440494060516357,0.2915400266647339,0.06796274334192276,447.6214294433594,0.9189135432243347,0.9187086820602417,0.9227922558784485,0.71164470911026,0.13549409806728363,136.9027557373047,1.0,1.0,0.8460803031921387,0.33512556552886963,0.1027112826704979,56.81903839111328,1.0,1.0,0.9207605123519897,0.6254847347736359,0.0884632021188736,126.98869323730469,1.0,0.8450323343276978,0.7796125411987305,0.4388607144355774,0.07510843873023987,55.7818489074707,0.9329975247383118,0.8877842426300049,0.8962926268577576,0.6179435849189758,0.12830515205860138,107.20230102539062,1.0,1.0,0.9755043983459473,0.54744553565979,"","","","","","",0.10473243147134781,46.0062370300293,0.8163130283355713,0.8162696957588196,0.8159127235412598,0.3947274088859558,0.16955716907978058,1276.7967529296875,0.6495466828346252,0.662358820438385,0.846127450466156,0.08748769760131836,0.0934714823961258,53.20119857788086,0.9314456582069397,0.8889724016189575,0.8838562369346619,0.5524478256702423,0.1015625074505806,51.30955505371094,0.657971203327179,0.6959661841392517,0.7578911185264587,0.3668546676635742,0.07771915942430496,31987.11328125,0.8491588234901428,0.7195277810096741,0.6425005793571472,0.3588404059410095,0.09244415909051895,461.8031005859375,0.34960952401161194,0.433557391166687,0.5290384292602539,0.0008081197738647461,0.11418607831001282,247.99168395996094,0.8219677209854126,0.8147653341293335,0.7600434422492981,0.36307215690612793,0.060963548719882965,720.6064453125,0.9920474886894226,0.8681024312973022,0.7842491865158081,0.3104898929595947,0.09681852906942368,214.1927947998047,0.9236752390861511,0.7679427266120911,0.673041582107544,0.39952749013900757,"",0.06783496588468552,0.06403634697198868,0.06941914558410645,"PRUNED"
83,0.07065700739622116,"2025-05-16 21:00:58.840371","2025-05-16 21:01:00.167240","0 days 00:00:01.326869",48,144.0,256.0,"","",192,"","","",0.006007650782258334,3,1,0.0,1,"","","","","","","","","","","","","","","","","","","","","","","","","","","","","","","","","","","","","","","","","","","","","","","","","","","","","","",0.10363785177469254,42.549381256103516,0.8311464786529541,0.8157088160514832,0.8159716725349426,0.3483414649963379,0.17836353182792664,1531.5863037109375,0.6270843744277954,0.6203888058662415,0.8341225385665894,0.020313382148742676,0.10194162279367447,61.03677749633789,0.9032041430473328,0.8917796015739441,0.8732197880744934,0.5087127685546875,0.1133609265089035,61.452911376953125,0.7780445218086243,0.7738514542579651,0.8138729929924011,0.35216760635375977,"","","","","","","","","","","","","","","","","","","","","","","","","","","","","","","",0.06681301444768906,0.07065700739622116,"","PRUNED"
84,0.07754553109407425,"2025-05-16 21:01:00.167568","2025-05-16 21:01:00.686168","0 days 00:00:00.518600",32,128.0,240.0,"","",192,"","","",0.008868660571401692,3,1,0.4,1,"","","","","","","","","","","","","","","","","","","","","","","","","","","","","","","","","","","","","","","","","","","","","","","","","","","","","","",0.11704906821250916,48.7296028137207,0.7082860469818115,0.7844982743263245,0.7937506437301636,0.26530933380126953,"","","","","","","","","","","","","","","","","","","","","","","","","","","","","","","","","","","","","","","","","","","","","","","","","",0.07754553109407425,"","","PRUNED"
85,0.07672008872032166,"2025-05-16 21:01:00.686422","2025-05-16 21:01:01.577489","0 days 00:00:00.891067",16,160.0,112.0,"","",208,48.0,48.0,"",0.01808594182907323,3,3,0.0,2,"","","","","","","","","","","","","","","","","","","","","","","","","","","","","","","","","","","","","","","","","","","","","","","","","","","","","","",0.09700175374746323,39.89968490600586,0.7000744938850403,0.7255367636680603,0.7907320261001587,0.39505666494369507,"","","","","","","","","","","","","","","","","","","","","","","","","","","","","","","","","","","","","","","","","","","","","","","","","",0.07672008872032166,"","","PRUNED"
86,0.07377961277961731,"2025-05-16 21:01:01.577775","2025-05-16 21:01:03.762293","0 days 00:00:02.184518",48,144.0,256.0,"","",176,"","","",0.006480208432859838,3,1,0.0,3,"","","","","","","","","","","","","","","","","","","","","","","","","","","","","","","","","","","","","","","","","","","","","","","","","","","","","","",0.10174576193094254,43.881019592285156,0.7991558909416199,0.8145549893379211,0.8012715578079224,0.3417118787765503,0.1670396327972412,1150.1279296875,0.6969677805900574,0.6635163426399231,0.8525099754333496,0.05774110555648804,0.09223707765340805,49.3552360534668,0.8734769821166992,0.8460949659347534,0.8889580965042114,0.5034145414829254,0.1069369837641716,52.78297805786133,0.7604763507843018,0.8070996999740601,0.821745753288269,0.35535329580307007,"","","","","","","","","","","","","","","","","","","","","","","","","","","","","","","",0.0708903893828392,0.07377961277961731,"","PRUNED"
87,0.06992757320404053,"2025-05-16 21:01:03.762583","2025-05-16 21:01:05.086941","0 days 00:00:01.324358",64,176.0,208.0,"","",192,"","","",0.005061546035722387,3,1,0.0,1,"","","","","","","","","","","","","","","","","","","","","","","","","","","","","","","","","","","","","","","","","","","","","","","","","","","","","","",0.10330501198768616,44.44719696044922,0.7941354513168335,0.8142486810684204,0.8340591192245483,0.38697749376296997,0.17117181420326233,1375.9422607421875,0.6235657334327698,0.6555822491645813,0.8443377017974854,0.054533183574676514,0.10908668488264084,61.33631896972656,0.9032041430473328,0.8865096569061279,0.8726961016654968,0.43091851472854614,0.10364113748073578,49.508331298828125,0.697318971157074,0.7474473714828491,0.7825195789337158,0.3652278780937195,"","","","","","","","","","","","","","","","","","","","","","","","","","","","","","","",0.06401552259922028,0.06992757320404053,"","PRUNED"
88,0.10084061215029043,"2025-05-16 21:01:05.087262","2025-05-16 21:01:10.344839","0 days 00:00:05.257577",64,112.0,240.0,"","",160,"","","",0.004201050046259132,3,1,0.0,2,0.10084061215029043,1419.0513020683738,0.8617300548974205,0.828803258783677,0.7998994238236371,0.4022316038608551,0.12240133434534073,380.95306396484375,0.8647335767745972,0.7524448037147522,0.6978619694709778,0.282840371131897,0.07000916451215744,649.5337524414062,0.9189135432243347,0.8924856185913086,0.910650908946991,0.691124439239502,0.13617055118083954,162.8589324951172,1.0,1.0,0.8335358500480652,0.3698899745941162,0.10502969473600388,52.568756103515625,1.0,1.0,0.9330042600631714,0.6082819104194641,0.0859256237745285,109.57530975341797,1.0,0.8739242553710938,0.813168466091156,0.4551844000816345,0.07665949314832687,57.600807189941406,0.9512916207313538,0.8909502625465393,0.8967158198356628,0.6124037802219391,0.1260412186384201,109.15409088134766,1.0,1.0,0.9754602909088135,0.5690879821777344,0.07541091740131378,93.9288101196289,0.9385441541671753,0.8934556245803833,0.8723867535591125,0.5385242402553558,0.09931088238954544,41.989959716796875,0.8294305205345154,0.8059999942779541,0.8210611939430237,0.407314658164978,0.16602471470832825,1048.2593994140625,0.6502062082290649,0.6833873987197876,0.8491163849830627,0.06074601411819458,0.09825659543275833,57.5385856628418,0.9016504287719727,0.8888424634933472,0.8752099871635437,0.5260219871997833,0.11332984268665314,61.59156036376953,0.6725898385047913,0.7478041648864746,0.7420632839202881,0.33641475439071655,0.07524798065423965,19957.16796875,0.854636549949646,0.7247182726860046,0.6385025978088379,0.35771310329437256,0.0956253632903099,532.70556640625,0.3454879820346832,0.4183327555656433,0.5003042221069336,-0.006539344787597656,0.11461598426103592,255.7649383544922,0.8231990933418274,0.8175346255302429,0.743543803691864,0.35693085193634033,0.056485485285520554,370.83154296875,1.0,0.9208925366401672,0.7886124849319458,0.29339027404785156,0.09774556010961533,181.84909057617188,0.8987274169921875,0.778882622718811,0.7070919275283813,0.3786078691482544,0.0,0.07089388370513916,0.06770198792219162,0.06618349999189377,"COMPLETE"
89,0.07883220165967941,"2025-05-16 21:01:10.345287","2025-05-16 21:01:11.132950","0 days 00:00:00.787663",64,112.0,"","","",160,128.0,"","",0.00032281777532334674,2,2,0.0,2,"","","","","","","","","","","","","","","","","","","","","","","","","","","","","","","","","","","","","","","","","","","","","","","","","","","","","","",0.09830775856971741,39.3923225402832,0.737526535987854,0.7535279393196106,0.7941040992736816,0.38434284925460815,"","","","","","","","","","","","","","","","","","","","","","","","","","","","","","","","","","","","","","","","","","","","","","","","","",0.07883220165967941,"","","PRUNED"
90,0.07130157202482224,"2025-05-16 21:01:11.133220","2025-05-16 21:01:11.987716","0 days 00:00:00.854496",80,80.0,144.0,"","",176,"","","",0.012275191597390043,3,1,0.0,3,"","","","","","","","","","","","","","","","","","","","","","","","","","","","","","","","","","","","","","","","","","","","","","","","","","","","","","",0.11084143072366714,49.38917541503906,0.7228740453720093,0.7603210210800171,0.8007375001907349,0.3291885256767273,"","","","","","","","","","","","","","","","","","","","","","","","","","","","","","","","","","","","","","","","","","","","","","","","","",0.07130157202482224,"","","PRUNED"
