"number","value","datetime_start","datetime_complete","duration","params_decoder_layer_width_0","params_decoder_layer_width_1","params_decoder_layer_width_2","params_decoder_layer_width_3","params_decoder_layer_width_4","params_encoder_layer_width_0","params_encoder_layer_width_1","params_encoder_layer_width_2","params_encoder_layer_width_3","params_encoder_layer_width_4","params_lr","params_n_decoder_layers","params_n_encoder_layers","user_attrs_avg_mae","user_attrs_avg_mape","user_attrs_avg_ndcg10","user_attrs_avg_ndcg20","user_attrs_avg_ndcg50","user_attrs_avg_r2","user_attrs_fold10_mae","user_attrs_fold10_mape","user_attrs_fold10_ndcg10","user_attrs_fold10_ndcg20","user_attrs_fold10_ndcg50","user_attrs_fold10_r2","user_attrs_fold11_mae","user_attrs_fold11_mape","user_attrs_fold11_ndcg10","user_attrs_fold11_ndcg20","user_attrs_fold11_ndcg50","user_attrs_fold11_r2","user_attrs_fold12_mae","user_attrs_fold12_mape","user_attrs_fold12_ndcg10","user_attrs_fold12_ndcg20","user_attrs_fold12_ndcg50","user_attrs_fold12_r2","user_attrs_fold13_mae","user_attrs_fold13_mape","user_attrs_fold13_ndcg10","user_attrs_fold13_ndcg20","user_attrs_fold13_ndcg50","user_attrs_fold13_r2","user_attrs_fold14_mae","user_attrs_fold14_mape","user_attrs_fold14_ndcg10","user_attrs_fold14_ndcg20","user_attrs_fold14_ndcg50","user_attrs_fold14_r2","user_attrs_fold15_mae","user_attrs_fold15_mape","user_attrs_fold15_ndcg10","user_attrs_fold15_ndcg20","user_attrs_fold15_ndcg50","user_attrs_fold15_r2","user_attrs_fold16_mae","user_attrs_fold16_mape","user_attrs_fold16_ndcg10","user_attrs_fold16_ndcg20","user_attrs_fold16_ndcg50","user_attrs_fold16_r2","user_attrs_fold17_mae","user_attrs_fold17_mape","user_attrs_fold17_ndcg10","user_attrs_fold17_ndcg20","user_attrs_fold17_ndcg50","user_attrs_fold17_r2","user_attrs_fold1_mae","user_attrs_fold1_mape","user_attrs_fold1_ndcg10","user_attrs_fold1_ndcg20","user_attrs_fold1_ndcg50","user_attrs_fold1_r2","user_attrs_fold2_mae","user_attrs_fold2_mape","user_attrs_fold2_ndcg10","user_attrs_fold2_ndcg20","user_attrs_fold2_ndcg50","user_attrs_fold2_r2","user_attrs_fold3_mae","user_attrs_fold3_mape","user_attrs_fold3_ndcg10","user_attrs_fold3_ndcg20","user_attrs_fold3_ndcg50","user_attrs_fold3_r2","user_attrs_fold4_mae","user_attrs_fold4_mape","user_attrs_fold4_ndcg10","user_attrs_fold4_ndcg20","user_attrs_fold4_ndcg50","user_attrs_fold4_r2","user_attrs_fold5_mae","user_attrs_fold5_mape","user_attrs_fold5_ndcg10","user_attrs_fold5_ndcg20","user_attrs_fold5_ndcg50","user_attrs_fold5_r2","user_attrs_fold6_mae","user_attrs_fold6_mape","user_attrs_fold6_ndcg10","user_attrs_fold6_ndcg20","user_attrs_fold6_ndcg50","user_attrs_fold6_r2","user_attrs_fold7_mae","user_attrs_fold7_mape","user_attrs_fold7_ndcg10","user_attrs_fold7_ndcg20","user_attrs_fold7_ndcg50","user_attrs_fold7_r2","user_attrs_fold8_mae","user_attrs_fold8_mape","user_attrs_fold8_ndcg10","user_attrs_fold8_ndcg20","user_attrs_fold8_ndcg50","user_attrs_fold8_r2","user_attrs_fold9_mae","user_attrs_fold9_mape","user_attrs_fold9_ndcg10","user_attrs_fold9_ndcg20","user_attrs_fold9_ndcg50","user_attrs_fold9_r2","user_attrs_pca_components","system_attrs_completed_rung_0","system_attrs_completed_rung_1","system_attrs_completed_rung_2","state"
99,0.06353268027305603,"2025-05-16 16:23:27.663731","2025-05-16 16:23:31.867780","0 days 00:00:04.204049",240,256.0,224.0,"","",160,"","","","",0.0029821636851409777,3,1,"","","","","","",0.1145678162574768,439.25762939453125,0.5657590627670288,0.6743079423904419,0.633168637752533,0.32327741384506226,0.08294056355953217,1584.977783203125,0.954323410987854,0.9222160577774048,0.8461369276046753,0.6759983599185944,0.11283150315284729,221.22039794921875,0.8497317433357239,0.879743754863739,0.8784780502319336,0.5685053169727325,0.10957920551300049,58.69852828979492,0.9840947985649109,0.9429017901420593,0.8809243440628052,0.5539001226425171,0.07861002534627914,160.20132446289062,0.9695326685905457,0.9539211392402649,0.9198426008224487,0.6179800927639008,0.07422446459531784,64.16417694091797,0.9486744403839111,0.9149354696273804,0.9055735468864441,0.6036851704120636,0.12058404088020325,163.62863159179688,0.9557141661643982,0.9562849998474121,0.938787043094635,0.6645691990852356,"","","","","","",0.11235959827899933,52.49003219604492,0.9109206199645996,0.8381257057189941,0.8143197298049927,0.3117865324020386,0.20944306254386902,3758.72998046875,0.522983968257904,0.5786957740783691,0.7952855229377747,0.040809035301208496,0.11864044517278671,71.34874725341797,0.8680712580680847,0.8186784386634827,0.8158485293388367,0.2811335325241089,0.09479420632123947,54.19060134887695,0.9266271591186523,0.8418868184089661,0.8314673900604248,0.4838141202926636,0.0803089439868927,25952.431640625,0.7737326622009277,0.6705042719841003,0.6249838471412659,0.31162118911743164,0.13586561381816864,1061.259033203125,0.6627452969551086,0.6869522929191589,0.6567918062210083,-0.655869722366333,0.11746577173471451,379.0052490234375,0.6823341250419617,0.8010590672492981,0.723511278629303,0.37133604288101196,0.14812009036540985,3421.212890625,0.29431310296058655,0.33841902017593384,0.2318916618824005,-1.1182940006256104,0.09930699318647385,336.3921203613281,0.973554790019989,0.8760912418365479,0.7580007910728455,0.5388398766517639,"",0.06634233146905899,0.05878129228949547,0.06353268027305603,"PRUNED"
