"number","value","datetime_start","datetime_complete","duration","params_decoder_layer_width_0","params_decoder_layer_width_1","params_decoder_layer_width_2","params_decoder_layer_width_3","params_decoder_layer_width_4","params_encoder_layer_width_0","params_encoder_layer_width_1","params_encoder_layer_width_2","params_encoder_layer_width_3","params_lr","params_n_decoder_layers","params_n_encoder_layers","params_transformer_dropout","params_transformer_heads","user_attrs_avg_mae","user_attrs_avg_mape","user_attrs_avg_ndcg10","user_attrs_avg_ndcg20","user_attrs_avg_ndcg50","user_attrs_avg_r2","user_attrs_fold10_mae","user_attrs_fold10_mape","user_attrs_fold10_ndcg10","user_attrs_fold10_ndcg20","user_attrs_fold10_ndcg50","user_attrs_fold10_r2","user_attrs_fold11_mae","user_attrs_fold11_mape","user_attrs_fold11_ndcg10","user_attrs_fold11_ndcg20","user_attrs_fold11_ndcg50","user_attrs_fold11_r2","user_attrs_fold12_mae","user_attrs_fold12_mape","user_attrs_fold12_ndcg10","user_attrs_fold12_ndcg20","user_attrs_fold12_ndcg50","user_attrs_fold12_r2","user_attrs_fold13_mae","user_attrs_fold13_mape","user_attrs_fold13_ndcg10","user_attrs_fold13_ndcg20","user_attrs_fold13_ndcg50","user_attrs_fold13_r2","user_attrs_fold14_mae","user_attrs_fold14_mape","user_attrs_fold14_ndcg10","user_attrs_fold14_ndcg20","user_attrs_fold14_ndcg50","user_attrs_fold14_r2","user_attrs_fold15_mae","user_attrs_fold15_mape","user_attrs_fold15_ndcg10","user_attrs_fold15_ndcg20","user_attrs_fold15_ndcg50","user_attrs_fold15_r2","user_attrs_fold16_mae","user_attrs_fold16_mape","user_attrs_fold16_ndcg10","user_attrs_fold16_ndcg20","user_attrs_fold16_ndcg50","user_attrs_fold16_r2","user_attrs_fold17_mae","user_attrs_fold17_mape","user_attrs_fold17_ndcg10","user_attrs_fold17_ndcg20","user_attrs_fold17_ndcg50","user_attrs_fold17_r2","user_attrs_fold1_mae","user_attrs_fold1_mape","user_attrs_fold1_ndcg10","user_attrs_fold1_ndcg20","user_attrs_fold1_ndcg50","user_attrs_fold1_r2","user_attrs_fold2_mae","user_attrs_fold2_mape","user_attrs_fold2_ndcg10","user_attrs_fold2_ndcg20","user_attrs_fold2_ndcg50","user_attrs_fold2_r2","user_attrs_fold3_mae","user_attrs_fold3_mape","user_attrs_fold3_ndcg10","user_attrs_fold3_ndcg20","user_attrs_fold3_ndcg50","user_attrs_fold3_r2","user_attrs_fold4_mae","user_attrs_fold4_mape","user_attrs_fold4_ndcg10","user_attrs_fold4_ndcg20","user_attrs_fold4_ndcg50","user_attrs_fold4_r2","user_attrs_fold5_mae","user_attrs_fold5_mape","user_attrs_fold5_ndcg10","user_attrs_fold5_ndcg20","user_attrs_fold5_ndcg50","user_attrs_fold5_r2","user_attrs_fold6_mae","user_attrs_fold6_mape","user_attrs_fold6_ndcg10","user_attrs_fold6_ndcg20","user_attrs_fold6_ndcg50","user_attrs_fold6_r2","user_attrs_fold7_mae","user_attrs_fold7_mape","user_attrs_fold7_ndcg10","user_attrs_fold7_ndcg20","user_attrs_fold7_ndcg50","user_attrs_fold7_r2","user_attrs_fold8_mae","user_attrs_fold8_mape","user_attrs_fold8_ndcg10","user_attrs_fold8_ndcg20","user_attrs_fold8_ndcg50","user_attrs_fold8_r2","user_attrs_fold9_mae","user_attrs_fold9_mape","user_attrs_fold9_ndcg10","user_attrs_fold9_ndcg20","user_attrs_fold9_ndcg50","user_attrs_fold9_r2","user_attrs_pca_components","system_attrs_completed_rung_0","system_attrs_completed_rung_1","system_attrs_completed_rung_2","state"
91,0.10150782632477143,"2025-05-16 21:01:11.987977","2025-05-16 21:01:17.205485","0 days 00:00:05.217508",48,128.0,240.0,"","",160,"","","",0.004047141204837215,3,1,0.0,2,0.10150782632477143,2067.5516893723434,0.8570449247079737,0.8309190746615914,0.8026826521929573,0.40397336027201486,0.11854197829961777,324.79437255859375,0.8625872135162354,0.7325916886329651,0.6759490370750427,0.27522963285446167,0.06848922371864319,511.3375549316406,0.9120548367500305,0.8909369111061096,0.8954909443855286,0.658634603023529,0.1315508633852005,183.94650268554688,1.0,1.0,0.8535248637199402,0.4266119599342346,0.10352058708667755,57.98991394042969,1.0,1.0,0.9244310855865479,0.6342307329177856,0.08643046021461487,88.43514251708984,1.0,0.8908461928367615,0.780413031578064,0.40638041496276855,0.08061588555574417,74.56781005859375,0.9317445158958435,0.8821472525596619,0.8842169046401978,0.6147600412368774,0.12605656683444977,121.84481811523438,1.0,1.0,0.9729830622673035,0.5776288509368896,0.0752035453915596,93.920654296875,0.9309827089309692,0.8720040321350098,0.8246956467628479,0.525961697101593,0.10958905518054962,49.74186706542969,0.8335847854614258,0.8299603462219238,0.8298994302749634,0.3551263213157654,0.17656636238098145,1446.4129638671875,0.5964564681053162,0.639718770980835,0.8296610713005066,0.07388144731521606,0.09728419035673141,54.57080078125,0.9073358178138733,0.8950256109237671,0.8768743276596069,0.5272268950939178,0.10276667028665543,50.9847297668457,0.708425760269165,0.8051502704620361,0.8055446743965149,0.38103586435317993,0.07800782471895218,30664.3125,0.841294527053833,0.7257400751113892,0.6555766463279724,0.37061119079589844,0.08972857147455215,352.1492614746094,0.3578110933303833,0.4555042088031769,0.5508165955543518,-0.014308452606201172,0.11854758858680725,344.0320129394531,0.8185571432113647,0.8015556931495667,0.7422178983688354,0.38000333309173584,0.057375550270080566,512.9135131835938,1.0,0.9394466280937195,0.8029177188873291,0.33163511753082275,0.10535812377929688,216.42430114746094,0.868928849697113,0.7649965882301331,0.7403921484947205,0.3428974747657776,0.0,0.06503849476575851,0.06722158938646317,0.06781680881977081,"COMPLETE"
92,0.06944425404071808,"2025-05-16 21:01:17.205937","2025-05-16 21:01:22.517858","0 days 00:00:05.311921",64,128.0,224.0,"","",160,"","","",0.0039788840432394305,3,1,0.0,2,"","","","","","",0.13577446341514587,470.92694091796875,0.7794310450553894,0.7005566358566284,0.6352323889732361,0.19695359468460083,0.06761536747217178,457.5697326660156,0.9189135432243347,0.8920047879219055,0.9033365249633789,0.6950162351131439,0.1363467276096344,191.5557098388672,1.0,1.0,0.844647228717804,0.4138563275337219,0.10491592437028885,62.21393966674805,1.0,1.0,0.9275981783866882,0.6360680460929871,0.08441212773323059,103.49382019042969,0.9885482788085938,0.8929426074028015,0.8267603516578674,0.4650764465332031,0.07828172296285629,62.84852600097656,0.9185925722122192,0.8614420294761658,0.8469584584236145,0.6015073359012604,0.12683720886707306,128.43446350097656,1.0,1.0,0.9823278784751892,0.5816636383533478,"","","","","","",0.10085882246494293,45.175514221191406,0.8831556439399719,0.8501365184783936,0.8566636443138123,0.42413002252578735,0.17257943749427795,1295.3087158203125,0.6297296285629272,0.6334357857704163,0.8426884412765503,0.038167715072631836,0.09371578693389893,51.54054641723633,0.9373087286949158,0.8906664252281189,0.8722808957099915,0.5391433537006378,0.1074817031621933,55.01089859008789,0.6384589076042175,0.7226999998092651,0.7401025295257568,0.30382561683654785,0.07349927723407745,18080.44921875,0.7946868538856506,0.7309524416923523,0.6566857099533081,0.35173308849334717,0.0917610451579094,490.40728759765625,0.3293852210044861,0.4624820351600647,0.5545601844787598,0.019027113914489746,0.11295974999666214,293.0525207519531,0.8180258274078369,0.8386086821556091,0.7773919701576233,0.39568161964416504,0.06011056527495384,697.5343017578125,1.0,0.9498263597488403,0.7983025908470154,0.335740327835083,0.09145352244377136,196.2938232421875,0.9392828941345215,0.8135185837745667,0.7299967408180237,0.441739559173584,"",0.06760748475790024,0.06336946040391922,0.06944425404071808,"PRUNED"
93,0.07130636274814606,"2025-05-16 21:01:22.518173","2025-05-16 21:01:23.175825","0 days 00:00:00.657652",48,96.0,240.0,"","",160,"","","",0.007805470535213793,3,1,0.0,2,"","","","","","","","","","","","","","","","","","","","","","","","","","","","","","","","","","","","","","","","","","","","","","","","","","","","","","",0.10678888857364655,46.22515869140625,0.8836327791213989,0.873253583908081,0.8523648977279663,0.3580358028411865,"","","","","","","","","","","","","","","","","","","","","","","","","","","","","","","","","","","","","","","","","","","","","","","","","",0.07130636274814606,"","","PRUNED"
94,0.07170336693525314,"2025-05-16 21:01:23.176100","2025-05-16 21:01:29.379291","0 days 00:00:06.203191",64,128.0,256.0,"","",144,"","","",0.002972939774744478,3,1,0.0,3,"","","","","","",0.12413129210472107,346.9243469238281,0.6110266447067261,0.6277293562889099,0.5861856937408447,0.221937894821167,0.06596826761960983,453.82318115234375,0.9189135432243347,0.9081699252128601,0.9215919375419617,0.7007993161678314,0.13779909908771515,149.18809509277344,1.0,1.0,0.8222721219062805,0.3487618565559387,0.10192345082759857,59.314598083496094,1.0,1.0,0.9330030679702759,0.6421744227409363,0.08562611788511276,104.1447525024414,1.0,0.8715393543243408,0.7865014672279358,0.43982207775115967,0.07887515425682068,57.474700927734375,0.9100190997123718,0.8602818846702576,0.8507798314094543,0.5773431658744812,0.13030783832073212,115.86286163330078,1.0,1.0,0.9730169177055359,0.5454050898551941,"","","","","","",0.1084589883685112,44.989200592041016,0.786683976650238,0.7809080481529236,0.8067193031311035,0.34474408626556396,0.1757827252149582,1646.1666259765625,0.6356198787689209,0.6400336027145386,0.8434861302375793,0.08596253395080566,0.09256697446107864,53.05973815917969,0.9373087286949158,0.8855907917022705,0.8767678737640381,0.5609572529792786,0.10386862605810165,58.79214859008789,0.6360432505607605,0.7447922229766846,0.7662099003791809,0.42240142822265625,0.07774277031421661,17939.625,0.8340374231338501,0.7100497484207153,0.6135329604148865,0.32333946228027344,0.09073414653539658,438.7785339355469,0.3548465967178345,0.44117292761802673,0.5495721697807312,-0.0038347244262695312,0.11150209605693817,258.96630859375,0.8199959993362427,0.7897350192070007,0.7675949335098267,0.38875967264175415,0.05749063566327095,530.48583984375,1.0,0.995047390460968,0.8060764074325562,0.34456562995910645,0.10053972154855728,176.85084533691406,0.9305304884910583,0.766207754611969,0.7205890417098999,0.35853588581085205,"",0.06984945386648178,0.068428173661232,0.07170336693525314,"PRUNED"
95,0.07305873185396194,"2025-05-16 21:01:29.379619","2025-05-16 21:01:30.025975","0 days 00:00:00.646356",32,112.0,224.0,"","",160,"","","",0.002469144181626815,3,1,0.0,2,"","","","","","","","","","","","","","","","","","","","","","","","","","","","","","","","","","","","","","","","","","","","","","","","","","","","","","",0.10629475116729736,44.34465789794922,0.7321946620941162,0.7702276110649109,0.796606183052063,0.3540313243865967,"","","","","","","","","","","","","","","","","","","","","","","","","","","","","","","","","","","","","","","","","","","","","","","","","",0.07305873185396194,"","","PRUNED"
96,0.07406091690063477,"2025-05-16 21:01:30.026244","2025-05-16 21:01:30.925614","0 days 00:00:00.899370",80,160.0,240.0,"","",176,"","","",0.0018509287454386049,3,1,0.0,3,"","","","","","","","","","","","","","","","","","","","","","","","","","","","","","","","","","","","","","","","","","","","","","","","","","","","","","",0.10582778602838516,44.450923919677734,0.7521051168441772,0.7743479609489441,0.786647617816925,0.37510472536087036,"","","","","","","","","","","","","","","","","","","","","","","","","","","","","","","","","","","","","","","","","","","","","","","","","",0.07406091690063477,"","","PRUNED"
97,0.07350099086761475,"2025-05-16 21:01:30.925899","2025-05-16 21:01:32.481241","0 days 00:00:01.555342",16,128.0,"","","",176,"","","",0.004630016692976637,2,1,0.0,2,"","","","","","","","","","","","","","","","","","","","","","","","","","","","","","","","","","","","","","","","","","","","","","","","","","","","","","",0.1149778887629509,48.394126892089844,0.7236180305480957,0.8041466474533081,0.8075528740882874,0.2818518877029419,0.17837996780872345,1939.520263671875,0.6998321413993835,0.6195001006126404,0.8406249284744263,0.0738261342048645,0.09872621297836304,52.987186431884766,0.8821048736572266,0.8898256421089172,0.8734046220779419,0.48606330156326294,0.10927508771419525,55.246864318847656,0.6658498048782349,0.7079359292984009,0.7465499639511108,0.32838350534439087,"","","","","","","","","","","","","","","","","","","","","","","","","","","","","","","",0.07022196799516678,0.07350099086761475,"","PRUNED"
98,0.08565807342529297,"2025-05-16 21:01:32.481514","2025-05-16 21:01:33.594048","0 days 00:00:01.112534",32,80.0,240.0,"","",208,"","","",0.00010898147810979053,3,1,0.0,4,"","","","","","","","","","","","","","","","","","","","","","","","","","","","","","","","","","","","","","","","","","","","","","","","","","","","","","",0.1089121475815773,40.65800094604492,0.8159036636352539,0.828254759311676,0.8341294527053833,0.27028268575668335,"","","","","","","","","","","","","","","","","","","","","","","","","","","","","","","","","","","","","","","","","","","","","","","","","",0.08565807342529297,"","","PRUNED"
99,0.07170774042606354,"2025-05-16 21:01:33.594307","2025-05-16 21:01:34.502634","0 days 00:00:00.908327",64,144.0,256.0,"","",176,"","","",0.0033495679358483527,3,1,0.0,3,"","","","","","","","","","","","","","","","","","","","","","","","","","","","","","","","","","","","","","","","","","","","","","","","","","","","","","",0.09798294305801392,42.58442687988281,0.7959650754928589,0.7964917421340942,0.812297523021698,0.4126399755477905,"","","","","","","","","","","","","","","","","","","","","","","","","","","","","","","","","","","","","","","","","","","","","","","","","",0.07170774042606354,"","","PRUNED"
