"number","value","datetime_start","datetime_complete","duration","params_decoder_layer_width_0","params_decoder_layer_width_1","params_decoder_layer_width_2","params_decoder_layer_width_3","params_decoder_layer_width_4","params_encoder_layer_width_0","params_encoder_layer_width_1","params_encoder_layer_width_2","params_encoder_layer_width_3","params_encoder_layer_width_4","params_graphsage_aggregator","params_lr","params_n_decoder_layers","params_n_encoder_layers","user_attrs_avg_mae","user_attrs_avg_mape","user_attrs_avg_ndcg10","user_attrs_avg_ndcg20","user_attrs_avg_ndcg50","user_attrs_avg_r2","user_attrs_fold10_mae","user_attrs_fold10_mape","user_attrs_fold10_ndcg10","user_attrs_fold10_ndcg20","user_attrs_fold10_ndcg50","user_attrs_fold10_r2","user_attrs_fold11_mae","user_attrs_fold11_mape","user_attrs_fold11_ndcg10","user_attrs_fold11_ndcg20","user_attrs_fold11_ndcg50","user_attrs_fold11_r2","user_attrs_fold12_mae","user_attrs_fold12_mape","user_attrs_fold12_ndcg10","user_attrs_fold12_ndcg20","user_attrs_fold12_ndcg50","user_attrs_fold12_r2","user_attrs_fold13_mae","user_attrs_fold13_mape","user_attrs_fold13_ndcg10","user_attrs_fold13_ndcg20","user_attrs_fold13_ndcg50","user_attrs_fold13_r2","user_attrs_fold14_mae","user_attrs_fold14_mape","user_attrs_fold14_ndcg10","user_attrs_fold14_ndcg20","user_attrs_fold14_ndcg50","user_attrs_fold14_r2","user_attrs_fold15_mae","user_attrs_fold15_mape","user_attrs_fold15_ndcg10","user_attrs_fold15_ndcg20","user_attrs_fold15_ndcg50","user_attrs_fold15_r2","user_attrs_fold16_mae","user_attrs_fold16_mape","user_attrs_fold16_ndcg10","user_attrs_fold16_ndcg20","user_attrs_fold16_ndcg50","user_attrs_fold16_r2","user_attrs_fold17_mae","user_attrs_fold17_mape","user_attrs_fold17_ndcg10","user_attrs_fold17_ndcg20","user_attrs_fold17_ndcg50","user_attrs_fold17_r2","user_attrs_fold1_mae","user_attrs_fold1_mape","user_attrs_fold1_ndcg10","user_attrs_fold1_ndcg20","user_attrs_fold1_ndcg50","user_attrs_fold1_r2","user_attrs_fold2_mae","user_attrs_fold2_mape","user_attrs_fold2_ndcg10","user_attrs_fold2_ndcg20","user_attrs_fold2_ndcg50","user_attrs_fold2_r2","user_attrs_fold3_mae","user_attrs_fold3_mape","user_attrs_fold3_ndcg10","user_attrs_fold3_ndcg20","user_attrs_fold3_ndcg50","user_attrs_fold3_r2","user_attrs_fold4_mae","user_attrs_fold4_mape","user_attrs_fold4_ndcg10","user_attrs_fold4_ndcg20","user_attrs_fold4_ndcg50","user_attrs_fold4_r2","user_attrs_fold5_mae","user_attrs_fold5_mape","user_attrs_fold5_ndcg10","user_attrs_fold5_ndcg20","user_attrs_fold5_ndcg50","user_attrs_fold5_r2","user_attrs_fold6_mae","user_attrs_fold6_mape","user_attrs_fold6_ndcg10","user_attrs_fold6_ndcg20","user_attrs_fold6_ndcg50","user_attrs_fold6_r2","user_attrs_fold7_mae","user_attrs_fold7_mape","user_attrs_fold7_ndcg10","user_attrs_fold7_ndcg20","user_attrs_fold7_ndcg50","user_attrs_fold7_r2","user_attrs_fold8_mae","user_attrs_fold8_mape","user_attrs_fold8_ndcg10","user_attrs_fold8_ndcg20","user_attrs_fold8_ndcg50","user_attrs_fold8_r2","user_attrs_fold9_mae","user_attrs_fold9_mape","user_attrs_fold9_ndcg10","user_attrs_fold9_ndcg20","user_attrs_fold9_ndcg50","user_attrs_fold9_r2","user_attrs_pca_components","system_attrs_completed_rung_0","system_attrs_completed_rung_1","system_attrs_completed_rung_2","state"
15,0.09628697484731674,"2025-05-16 16:23:52.250917","2025-05-16 16:23:52.704404","0 days 00:00:00.453487",48,176.0,80.0,"","",192,112.0,"","","","mean",0.020082124821840425,3,2,"","","","","","","","","","","","","","","","","","","","","","","","","","","","","","","","","","","","","","","","","","","","","","","","","","","","","","",0.18693964183330536,63.41094207763672,0.3079359233379364,0.3392367362976074,0.38500848412513733,-0.8202157020568848,"","","","","","","","","","","","","","","","","","","","","","","","","","","","","","","","","","","","","","","","","","","","","","","","","",0.09628697484731674,"","","PRUNED"
16,0.09933428466320038,"2025-05-16 16:23:52.704663","2025-05-16 16:23:53.428992","0 days 00:00:00.724329",112,96.0,160.0,112.0,240.0,128,192.0,256.0,16.0,"","max",0.0014322699620921747,5,4,"","","","","","","","","","","","","","","","","","","","","","","","","","","","","","","","","","","","","","","","","","","","","","","","","","","","","","",0.11618757992982864,51.2306022644043,0.6464832425117493,0.758455216884613,0.7849019169807434,0.2435840368270874,"","","","","","","","","","","","","","","","","","","","","","","","","","","","","","","","","","","","","","","","","","","","","","","","","",0.09933428466320038,"","","PRUNED"
17,0.12147415473180659,"2025-05-16 16:23:53.429387","2025-05-16 16:23:57.062225","0 days 00:00:03.632838",176,224.0,64.0,"","",208,"","","","","max",0.0037890074792437155,3,1,0.12147415473180659,1737.6245785881492,0.731192245202906,0.7258668752277598,0.7266430995043587,0.23586646423620336,0.10942108184099197,439.40032958984375,0.6988921761512756,0.6388010382652283,0.6136979460716248,0.3109118938446045,0.09505464136600494,1066.25244140625,0.9168099164962769,0.8162609338760376,0.8744519352912903,0.5021166503429413,0.14630678296089172,234.2864532470703,0.7428340315818787,0.8022981882095337,0.8099819421768188,0.3695160746574402,0.1285088062286377,68.7679443359375,1.0,0.9365131855010986,0.8196369409561157,0.40375328063964844,0.0946582779288292,136.51512145996094,0.8065909147262573,0.8040347099304199,0.7633895874023438,0.39185070991516113,0.08930503576993942,63.79352951049805,0.8178874850273132,0.809654176235199,0.8100001215934753,0.4306495785713196,0.15128548443317413,150.24591064453125,0.8778011202812195,0.9168756008148193,0.8405050039291382,0.48529356718063354,0.08573253452777863,93.49470520019531,0.8624453544616699,0.8675214052200317,0.8422436118125916,0.32920151948928833,0.11973468959331512,46.368682861328125,0.7684881687164307,0.8003882169723511,0.7957388162612915,0.1718684434890747,0.2109554260969162,2927.77978515625,0.48473963141441345,0.5347327589988708,0.7585623860359192,-0.009535551071166992,0.13203468918800354,77.90392303466797,0.7127619981765747,0.7453166842460632,0.7786770462989807,0.10407555103302002,0.11251222342252731,53.52290725708008,0.762921154499054,0.7902654409408569,0.7607831358909607,0.24550586938858032,0.08114221692085266,20133.03125,0.6000063419342041,0.6097320318222046,0.5732268691062927,0.14907413721084595,0.1099129393696785,868.9942626953125,0.364619642496109,0.3408137261867523,0.5268430113792419,-0.13431549072265625,0.1705067902803421,839.019287109375,0.3501123785972595,0.43189164996147156,0.5217381119728088,0.09294456243515015,0.1220579519867897,2024.748291015625,0.8000043034553528,0.7372532486915588,0.5562881231307983,-0.17825055122375488,0.10593105852603912,315.4930114746094,0.8633535504341125,0.7573838829994202,0.7071681022644043,0.34506964683532715,0.0,0.07388053089380264,0.07258215546607971,0.07204747200012207,"COMPLETE"
18,0.11827205121517181,"2025-05-16 16:23:57.062646","2025-05-16 16:23:57.563878","0 days 00:00:00.501232",256,160.0,176.0,160.0,"",256,48.0,"","","","add",0.00011032715590473747,4,2,"","","","","","","","","","","","","","","","","","","","","","","","","","","","","","","","","","","","","","","","","","","","","","","","","","","","","","",0.16433893144130707,52.20676803588867,0.22369179129600525,0.24311165511608124,0.36691203713417053,-0.5891462564468384,"","","","","","","","","","","","","","","","","","","","","","","","","","","","","","","","","","","","","","","","","","","","","","","","","",0.11827205121517181,"","","PRUNED"
19,0.11167026311159134,"2025-05-16 16:23:57.564158","2025-05-16 16:23:57.956278","0 days 00:00:00.392120",112,"","","","",16,256.0,128.0,"","","mean",0.0004772001234162558,1,3,"","","","","","","","","","","","","","","","","","","","","","","","","","","","","","","","","","","","","","","","","","","","","","","","","","","","","","",0.15744292736053467,54.90667724609375,0.27138277888298035,0.40972980856895447,0.5942478179931641,-0.39923930168151855,"","","","","","","","","","","","","","","","","","","","","","","","","","","","","","","","","","","","","","","","","","","","","","","","","",0.11167026311159134,"","","PRUNED"
20,0.09093966335058212,"2025-05-16 16:23:57.956612","2025-05-16 16:23:58.430817","0 days 00:00:00.474205",48,16.0,"","","",112,128.0,192.0,"","","max",0.014873085400317607,2,3,"","","","","","","","","","","","","","","","","","","","","","","","","","","","","","","","","","","","","","","","","","","","","","","","","","","","","","",0.1252521127462387,48.21047592163086,0.8135014176368713,0.7326157689094543,0.7515482902526855,0.12926781177520752,"","","","","","","","","","","","","","","","","","","","","","","","","","","","","","","","","","","","","","","","","","","","","","","","","",0.09093966335058212,"","","PRUNED"
21,0.08307056874036789,"2025-05-16 16:23:58.431115","2025-05-16 16:23:59.369652","0 days 00:00:00.938537",80,96.0,"","","",240,"","","","","add",0.005984654806931893,2,1,"","","","","","","","","","","","","","","","","","","","","","","","","","","","","","","","","","","","","","","","","","","","","","","","","","","","","","",0.11796596646308899,47.82156753540039,0.7868075370788574,0.7832984924316406,0.813881516456604,0.2693709135055542,0.2101694941520691,3274.19287109375,0.5425105094909668,0.5778520107269287,0.8007606863975525,0.03621339797973633,0.11439825594425201,58.85165786743164,0.806779146194458,0.8057401180267334,0.8511329293251038,0.3433369994163513,0.10887911915779114,56.511993408203125,0.8144848346710205,0.7578626275062561,0.8247842788696289,0.3269237279891968,"","","","","","","","","","","","","","","","","","","","","","","","","","","","","","","",0.07897315174341202,0.08307056874036789,"","PRUNED"
22,0.12862041592597961,"2025-05-16 16:23:59.369956","2025-05-16 16:23:59.751203","0 days 00:00:00.381247",48,112.0,"","","",256,"","","","","add",0.05948592393222947,2,1,"","","","","","","","","","","","","","","","","","","","","","","","","","","","","","","","","","","","","","","","","","","","","","","","","","","","","","",0.1808219701051712,59.435359954833984,0.3079359233379364,0.3392367362976074,0.38500848412513733,-0.767410397529602,"","","","","","","","","","","","","","","","","","","","","","","","","","","","","","","","","","","","","","","","","","","","","","","","","",0.12862041592597961,"","","PRUNED"
23,0.09484618157148361,"2025-05-16 16:23:59.751468","2025-05-16 16:24:00.122272","0 days 00:00:00.370804",96,"","","","",192,48.0,"","","","add",0.0030855032436901794,1,2,"","","","","","","","","","","","","","","","","","","","","","","","","","","","","","","","","","","","","","","","","","","","","","","","","","","","","","",0.11779069155454636,49.09394454956055,0.7657001614570618,0.7668043971061707,0.7595693469047546,0.20642197132110596,"","","","","","","","","","","","","","","","","","","","","","","","","","","","","","","","","","","","","","","","","","","","","","","","","",0.09484618157148361,"","","PRUNED"
24,0.12541115283966064,"2025-05-16 16:24:00.122543","2025-05-16 16:24:00.532109","0 days 00:00:00.409566",176,64.0,"","","",224,"","","","","add",0.012480686632546612,2,1,"","","","","","","","","","","","","","","","","","","","","","","","","","","","","","","","","","","","","","","","","","","","","","","","","","","","","","",0.13857336342334747,51.71538543701172,0.8305279612541199,0.8017062544822693,0.819362461566925,0.06234145164489746,"","","","","","","","","","","","","","","","","","","","","","","","","","","","","","","","","","","","","","","","","","","","","","","","","",0.12541115283966064,"","","PRUNED"
25,0.09172172099351883,"2025-05-16 16:24:00.532367","2025-05-16 16:24:01.652901","0 days 00:00:01.120534",64,128.0,256.0,"","",224,128.0,"","","","add",0.0013370353886400566,3,2,"","","","","","","","","","","","","","","","","","","","","","","","","","","","","","","","","","","","","","","","","","","","","","","","","","","","","","",0.10207483917474747,43.84708023071289,0.673416018486023,0.7649718523025513,0.7917752265930176,0.41446447372436523,0.1904730349779129,2869.912841796875,0.5575795769691467,0.524222731590271,0.8010895848274231,-0.004913926124572754,0.0921362042427063,58.04994583129883,0.8743500709533691,0.8895494341850281,0.8647298812866211,0.5580558776855469,0.1089409664273262,50.180606842041016,0.7307806015014648,0.7721742987632751,0.8260493874549866,0.4332536458969116,"","","","","","","","","","","","","","","","","","","","","","","","","","","","","","","",0.08119051903486252,0.09172172099351883,"","PRUNED"
26,0.09591873735189438,"2025-05-16 16:24:01.653178","2025-05-16 16:24:01.980398","0 days 00:00:00.327220",32,"","","","",160,"","","","","max",0.0004937990832284608,1,1,"","","","","","","","","","","","","","","","","","","","","","","","","","","","","","","","","","","","","","","","","","","","","","","","","","","","","","",0.12461331486701965,44.4753303527832,0.6734129786491394,0.6666228771209717,0.7113921046257019,-0.00010251998901367188,"","","","","","","","","","","","","","","","","","","","","","","","","","","","","","","","","","","","","","","","","","","","","","","","","",0.09591873735189438,"","","PRUNED"
27,0.1287018358707428,"2025-05-16 16:24:01.980637","2025-05-16 16:24:02.382849","0 days 00:00:00.402212",112,64.0,48.0,"","",48,64.0,"","","","max",0.03197573940727421,3,2,"","","","","","","","","","","","","","","","","","","","","","","","","","","","","","","","","","","","","","","","","","","","","","","","","","","","","","",0.18866123259067535,65.1397476196289,0.3096607029438019,0.3293994665145874,0.4455271065235138,-0.8423300981521606,"","","","","","","","","","","","","","","","","","","","","","","","","","","","","","","","","","","","","","","","","","","","","","","","","",0.1287018358707428,"","","PRUNED"
28,0.07296919077634811,"2025-05-16 16:24:02.383130","2025-05-16 16:24:06.064531","0 days 00:00:03.681401",176,208.0,"","","",256,"","","","","mean",0.003950278747735408,2,1,"","","","","","",0.12691137194633484,438.68670654296875,0.44960859417915344,0.38848456740379333,0.3850170373916626,0.0012850761413574219,0.08670889586210251,995.1658935546875,0.9333252906799316,0.8410162925720215,0.9176422953605652,0.6438981890678406,0.15545374155044556,279.5996398925781,0.8677791357040405,0.7509241700172424,0.7140021324157715,0.3528120517730713,0.1453665792942047,73.42277526855469,0.7357757091522217,0.6648685932159424,0.6656100153923035,0.18387413024902344,0.10801766067743301,159.4788055419922,0.5681866407394409,0.584074079990387,0.5690667033195496,0.11989688873291016,0.09635458141565323,78.59729766845703,0.8053178191184998,0.7866894006729126,0.7698103189468384,0.3071240782737732,0.18630440533161163,173.78338623046875,0.3573206067085266,0.5450347065925598,0.6067821979522705,0.19780367612838745,"","","","","","",0.12114402651786804,51.254398345947266,0.712508499622345,0.7515830397605896,0.7781821489334106,0.17023628950119019,0.2352411448955536,4100.00634765625,0.5429611802101135,0.5152322053909302,0.7974328994750977,-0.11726248264312744,0.1263887584209442,69.32077026367188,0.8503755927085876,0.8315721154212952,0.8250010013580322,0.2821056842803955,0.11418118327856064,67.36503601074219,0.8263259530067444,0.7453367710113525,0.7881341576576233,0.3261590003967285,0.09674154967069626,37482.88671875,0.33724236488342285,0.4515323042869568,0.41601771116256714,-0.04264485836029053,0.09342781454324722,453.9451599121094,0.418351411819458,0.4694811701774597,0.5260537266731262,0.041287362575531006,0.14305853843688965,396.7545166015625,0.7517725825309753,0.6861520409584045,0.657498836517334,0.17406964302062988,0.25014787912368774,6820.38427734375,0.0010000001639127731,0.0010000000474974513,0.001032857340760529,-3.8274340629577637,0.10981691628694534,268.6976318359375,0.9141936302185059,0.774425745010376,0.7497243881225586,0.2986772060394287,"",0.07350017875432968,0.07855489104986191,0.07296919077634811,"PRUNED"
29,0.1143648624420166,"2025-05-16 16:24:06.064847","2025-05-16 16:24:06.566258","0 days 00:00:00.501411",144,160.0,96.0,240.0,"",64,208.0,"","","","add",0.00018976134611540903,4,2,"","","","","","","","","","","","","","","","","","","","","","","","","","","","","","","","","","","","","","","","","","","","","","","","","","","","","","",0.13410604000091553,41.97910690307617,0.8051973581314087,0.8012301921844482,0.833264946937561,-0.1871880292892456,"","","","","","","","","","","","","","","","","","","","","","","","","","","","","","","","","","","","","","","","","","","","","","","","","",0.1143648624420166,"","","PRUNED"
30,0.08848940581083298,"2025-05-16 16:24:06.566535","2025-05-16 16:24:07.075131","0 days 00:00:00.508596",64,176.0,112.0,48.0,160.0,224,160.0,"","","","add",0.00829142482919648,5,2,"","","","","","","","","","","","","","","","","","","","","","","","","","","","","","","","","","","","","","","","","","","","","","","","","","","","","","",0.13221722841262817,66.34972381591797,0.5442886352539062,0.6086603999137878,0.7224271893501282,0.19068259000778198,"","","","","","","","","","","","","","","","","","","","","","","","","","","","","","","","","","","","","","","","","","","","","","","","","",0.08848940581083298,"","","PRUNED"
31,0.07298517972230911,"2025-05-16 16:24:07.075405","2025-05-16 16:24:10.730919","0 days 00:00:03.655514",176,224.0,64.0,"","",208,"","","","","max",0.002813729211901281,3,1,"","","","","","",0.120082326233387,622.5086059570312,0.6988097429275513,0.6550446152687073,0.6222888827323914,0.12489312887191772,0.09043826162815094,1077.4705810546875,0.9085357785224915,0.8647900223731995,0.9083290696144104,0.5259543657302856,0.14708298444747925,263.3638916015625,0.8712319731712341,0.8904123306274414,0.8063967823982239,0.3647540807723999,0.1257558912038803,65.2781753540039,1.0,0.9067705869674683,0.8487470149993896,0.441173255443573,0.09409679472446442,139.46646118164062,0.9629859328269958,0.8726540803909302,0.7706011533737183,0.40854066610336304,0.09316949546337128,72.05813598632812,0.7069840431213379,0.7138814330101013,0.7461812496185303,0.3582952618598938,0.15412984788417816,134.77371215820312,0.7896558046340942,0.864250659942627,0.7797167301177979,0.45277875661849976,"","","","","","",0.11908520013093948,47.192047119140625,0.6882679462432861,0.7274197936058044,0.7486382722854614,0.16859054565429688,0.2015308290719986,2509.333251953125,0.5307237505912781,0.5253844857215881,0.785919189453125,0.009809374809265137,0.14124643802642822,84.81291198730469,0.5184423327445984,0.6079907417297363,0.6982706189155579,-0.07818770408630371,0.11470691114664078,66.20809173583984,0.7570035457611084,0.762161374092102,0.7506747245788574,0.29696911573410034,0.08101750165224075,13087.7666015625,0.7079061269760132,0.6379187703132629,0.5425171256065369,0.15315842628479004,0.10381420701742172,777.9332885742188,0.3657764196395874,0.368163138628006,0.4903079569339752,-0.03507709503173828,0.1792762726545334,856.3961181640625,0.16378024220466614,0.35434308648109436,0.45780184864997864,0.002986609935760498,0.12292124330997467,2100.212646484375,0.8235675692558289,0.6894406676292419,0.5733819603919983,-0.15002620220184326,0.1173381507396698,301.6998291015625,0.8786212205886841,0.7467623353004456,0.7053173184394836,0.30124616622924805,"",0.07211406528949738,0.07337674498558044,0.07298517972230911,"PRUNED"
32,0.07605186849832535,"2025-05-16 16:24:10.731226","2025-05-16 16:24:11.853115","0 days 00:00:01.121889",160,256.0,16.0,"","",240,"","","","","max",0.004236668460825985,3,1,"","","","","","","","","","","","","","","","","","","","","","","","","","","","","","","","","","","","","","","","","","","","","","","","","","","","","","",0.11982521414756775,45.15088653564453,0.7608142495155334,0.7803817987442017,0.8000856041908264,0.11263895034790039,0.20740516483783722,2760.05712890625,0.5476284623146057,0.5022454261779785,0.7672414183616638,0.010469555854797363,0.11855802685022354,73.35391235351562,0.6744435429573059,0.6572378873825073,0.7422406673431396,0.243327796459198,0.11698165535926819,59.287841796875,0.6855334639549255,0.6964737772941589,0.760762095451355,0.20284885168075562,"","","","","","","","","","","","","","","","","","","","","","","","","","","","","","","",0.07670987397432327,0.07605186849832535,"","PRUNED"
