"number","value","datetime_start","datetime_complete","duration","params_decoder_layer_width_0","params_decoder_layer_width_1","params_decoder_layer_width_2","params_decoder_layer_width_3","params_decoder_layer_width_4","params_encoder_layer_width_0","params_encoder_layer_width_1","params_encoder_layer_width_2","params_encoder_layer_width_3","params_encoder_layer_width_4","params_gatv2_dropout","params_gatv2_heads","params_lr","params_n_decoder_layers","params_n_encoder_layers","user_attrs_avg_mae","user_attrs_avg_mape","user_attrs_avg_ndcg10","user_attrs_avg_ndcg20","user_attrs_avg_ndcg50","user_attrs_avg_r2","user_attrs_fold10_mae","user_attrs_fold10_mape","user_attrs_fold10_ndcg10","user_attrs_fold10_ndcg20","user_attrs_fold10_ndcg50","user_attrs_fold10_r2","user_attrs_fold11_mae","user_attrs_fold11_mape","user_attrs_fold11_ndcg10","user_attrs_fold11_ndcg20","user_attrs_fold11_ndcg50","user_attrs_fold11_r2","user_attrs_fold12_mae","user_attrs_fold12_mape","user_attrs_fold12_ndcg10","user_attrs_fold12_ndcg20","user_attrs_fold12_ndcg50","user_attrs_fold12_r2","user_attrs_fold13_mae","user_attrs_fold13_mape","user_attrs_fold13_ndcg10","user_attrs_fold13_ndcg20","user_attrs_fold13_ndcg50","user_attrs_fold13_r2","user_attrs_fold14_mae","user_attrs_fold14_mape","user_attrs_fold14_ndcg10","user_attrs_fold14_ndcg20","user_attrs_fold14_ndcg50","user_attrs_fold14_r2","user_attrs_fold15_mae","user_attrs_fold15_mape","user_attrs_fold15_ndcg10","user_attrs_fold15_ndcg20","user_attrs_fold15_ndcg50","user_attrs_fold15_r2","user_attrs_fold16_mae","user_attrs_fold16_mape","user_attrs_fold16_ndcg10","user_attrs_fold16_ndcg20","user_attrs_fold16_ndcg50","user_attrs_fold16_r2","user_attrs_fold17_mae","user_attrs_fold17_mape","user_attrs_fold17_ndcg10","user_attrs_fold17_ndcg20","user_attrs_fold17_ndcg50","user_attrs_fold17_r2","user_attrs_fold1_mae","user_attrs_fold1_mape","user_attrs_fold1_ndcg10","user_attrs_fold1_ndcg20","user_attrs_fold1_ndcg50","user_attrs_fold1_r2","user_attrs_fold2_mae","user_attrs_fold2_mape","user_attrs_fold2_ndcg10","user_attrs_fold2_ndcg20","user_attrs_fold2_ndcg50","user_attrs_fold2_r2","user_attrs_fold3_mae","user_attrs_fold3_mape","user_attrs_fold3_ndcg10","user_attrs_fold3_ndcg20","user_attrs_fold3_ndcg50","user_attrs_fold3_r2","user_attrs_fold4_mae","user_attrs_fold4_mape","user_attrs_fold4_ndcg10","user_attrs_fold4_ndcg20","user_attrs_fold4_ndcg50","user_attrs_fold4_r2","user_attrs_fold5_mae","user_attrs_fold5_mape","user_attrs_fold5_ndcg10","user_attrs_fold5_ndcg20","user_attrs_fold5_ndcg50","user_attrs_fold5_r2","user_attrs_fold6_mae","user_attrs_fold6_mape","user_attrs_fold6_ndcg10","user_attrs_fold6_ndcg20","user_attrs_fold6_ndcg50","user_attrs_fold6_r2","user_attrs_fold7_mae","user_attrs_fold7_mape","user_attrs_fold7_ndcg10","user_attrs_fold7_ndcg20","user_attrs_fold7_ndcg50","user_attrs_fold7_r2","user_attrs_fold8_mae","user_attrs_fold8_mape","user_attrs_fold8_ndcg10","user_attrs_fold8_ndcg20","user_attrs_fold8_ndcg50","user_attrs_fold8_r2","user_attrs_fold9_mae","user_attrs_fold9_mape","user_attrs_fold9_ndcg10","user_attrs_fold9_ndcg20","user_attrs_fold9_ndcg50","user_attrs_fold9_r2","user_attrs_pca_components","system_attrs_completed_rung_0","system_attrs_completed_rung_1","system_attrs_completed_rung_2","state"
14,0.0974433571100235,"2025-05-16 16:28:45.947409","2025-05-16 16:28:46.991140","0 days 00:00:01.043731",48,176.0,144.0,256.0,"",144,"","","","",0.5,5,0.007829781621014002,4,1,"","","","","","","","","","","","","","","","","","","","","","","","","","","","","","","","","","","","","","","","","","","","","","","","","","","","","","",0.12319402396678925,51.397178649902344,0.8258126974105835,0.7675769925117493,0.8129708170890808,0.1966589093208313,"","","","","","","","","","","","","","","","","","","","","","","","","","","","","","","","","","","","","","","","","","","","","","","","","",0.0974433571100235,"","","PRUNED"
15,0.10038692504167557,"2025-05-16 16:28:46.991402","2025-05-16 16:28:50.387517","0 days 00:00:03.396115",160,16.0,"","","",208,128.0,"","","",0.30000000000000004,10,0.0004952465342477519,2,2,"","","","","","","","","","","","","","","","","","","","","","","","","","","","","","","","","","","","","","","","","","","","","","","","","","","","","","",0.15070518851280212,55.47412109375,0.7454986572265625,0.7430577278137207,0.766753613948822,-0.16508543491363525,"","","","","","","","","","","","","","","","","","","","","","","","","","","","","","","","","","","","","","","","","","","","","","","","","",0.10038692504167557,"","","PRUNED"
16,0.11431099474430084,"2025-05-16 16:28:50.387808","2025-05-16 16:28:57.316469","0 days 00:00:06.928661",240,64.0,208.0,16.0,"",80,192.0,256.0,16.0,"",0.4,13,0.0049752462221023435,4,4,"","","","","","","","","","","","","","","","","","","","","","","","","","","","","","","","","","","","","","","","","","","","","","","","","","","","","","",0.16883160173892975,57.10707473754883,0.7488610744476318,0.6898244023323059,0.6731147766113281,-0.5509697198867798,"","","","","","","","","","","","","","","","","","","","","","","","","","","","","","","","","","","","","","","","","","","","","","","","","",0.11431099474430084,"","","PRUNED"
17,0.12883709371089935,"2025-05-16 16:28:57.316852","2025-05-16 16:28:59.939262","0 days 00:00:02.622410",160,256.0,"","","",256,"","","","",0.2,9,0.015392839353975592,2,1,"","","","","","","","","","","","","","","","","","","","","","","","","","","","","","","","","","","","","","","","","","","","","","","","","","","","","","",0.17933514714241028,58.72809982299805,0.3079359233379364,0.3392367362976074,0.38500848412513733,-0.7525497674942017,"","","","","","","","","","","","","","","","","","","","","","","","","","","","","","","","","","","","","","","","","","","","","","","","","",0.12883709371089935,"","","PRUNED"
18,0.09083361178636551,"2025-05-16 16:28:59.939557","2025-05-16 16:29:03.402678","0 days 00:00:03.463121",64,112.0,112.0,176.0,256.0,64,128.0,"","","",0.0,6,0.0036035393350356453,5,2,"","","","","","","","","","","","","","","","","","","","","","","","","","","","","","","","","","","","","","","","","","","","","","","","","","","","","","",0.11000748723745346,50.718467712402344,0.7465108633041382,0.7954657077789307,0.7883363962173462,0.3667610287666321,0.21539342403411865,4224.01318359375,0.5471532940864563,0.5489497780799866,0.7789656519889832,0.06464213132858276,0.12792600691318512,67.11676788330078,0.8785085678100586,0.8081570863723755,0.8476100564002991,0.20160967111587524,0.12000669538974762,59.03521728515625,0.6976455450057983,0.7129150032997131,0.71583491563797,0.1261194944381714,"","","","","","","","","","","","","","","","","","","","","","","","","","","","","","","",0.0882221981883049,0.09083361178636551,"","PRUNED"
19,0.10287117213010788,"2025-05-16 16:29:03.403046","2025-05-16 16:29:10.143720","0 days 00:00:06.740674",128,48.0,224.0,"","",128,80.0,112.0,240.0,"",0.5,12,0.0017570281046193023,3,4,"","","","","","","","","","","","","","","","","","","","","","","","","","","","","","","","","","","","","","","","","","","","","","","","","","","","","","",0.19550196826457977,70.27238464355469,0.48801571130752563,0.5145401358604431,0.6263114809989929,-0.8707653284072876,"","","","","","","","","","","","","","","","","","","","","","","","","","","","","","","","","","","","","","","","","","","","","","","","","",0.10287117213010788,"","","PRUNED"
20,0.1166912093758583,"2025-05-16 16:29:10.144034","2025-05-16 16:29:10.704866","0 days 00:00:00.560832",224,128.0,16.0,"","",16,"","","","",0.1,9,0.0005846793709148555,3,1,"","","","","","","","","","","","","","","","","","","","","","","","","","","","","","","","","","","","","","","","","","","","","","","","","","","","","","",0.14076553285121918,59.21010971069336,0.7506838440895081,0.71524977684021,0.7417817115783691,-0.0009664297103881836,"","","","","","","","","","","","","","","","","","","","","","","","","","","","","","","","","","","","","","","","","","","","","","","","","",0.1166912093758583,"","","PRUNED"
21,0.10811261832714081,"2025-05-16 16:29:10.705125","2025-05-16 16:29:22.856322","0 days 00:00:12.151197",192,"","","","",176,192.0,176.0,80.0,96.0,0.1,16,0.0014405074175443547,1,5,"","","","","","","","","","","","","","","","","","","","","","","","","","","","","","","","","","","","","","","","","","","","","","","","","","","","","","",0.1494101583957672,49.412174224853516,0.46060124039649963,0.43244078755378723,0.49627503752708435,-0.38915324211120605,"","","","","","","","","","","","","","","","","","","","","","","","","","","","","","","","","","","","","","","","","","","","","","","","","",0.10811261832714081,"","","PRUNED"
22,0.11500533670186996,"2025-05-16 16:29:22.856602","2025-05-16 16:29:35.738957","0 days 00:00:12.882355",176,"","","","",192,160.0,256.0,160.0,96.0,0.1,14,0.005020462380150101,1,5,"","","","","","","","","","","","","","","","","","","","","","","","","","","","","","","","","","","","","","","","","","","","","","","","","","","","","","",0.20893505215644836,78.45417022705078,0.45395588874816895,0.436609148979187,0.4971415102481842,-1.004936933517456,"","","","","","","","","","","","","","","","","","","","","","","","","","","","","","","","","","","","","","","","","","","","","","","","","",0.11500533670186996,"","","PRUNED"
23,0.10257750004529953,"2025-05-16 16:29:35.739254","2025-05-16 16:29:44.874113","0 days 00:00:09.134859",144,176.0,"","","",160,208.0,176.0,"","",0.30000000000000004,15,0.0017151479825171542,2,3,"","","","","","","","","","","","","","","","","","","","","","","","","","","","","","","","","","","","","","","","","","","","","","","","","","","","","","",0.13506536185741425,45.12939453125,0.8311462998390198,0.7591800689697266,0.7115557789802551,-0.14551591873168945,"","","","","","","","","","","","","","","","","","","","","","","","","","","","","","","","","","","","","","","","","","","","","","","","","",0.10257750004529953,"","","PRUNED"
24,0.1018279418349266,"2025-05-16 16:29:44.874408","2025-05-16 16:30:24.330342","0 days 00:00:39.455934",224,"","","","",224,256.0,128.0,96.0,256.0,0.0,13,0.00044040254562047496,1,5,"","","","","","","","","","","","","","","","","","","","","","","","","","","","","","","","","","","","","","","","","","","","","","","","","","","","","","",0.1454961597919464,48.16679382324219,0.5456447005271912,0.5260455012321472,0.645786464214325,-0.31499338150024414,"","","","","","","","","","","","","","","","","","","","","","","","","","","","","","","","","","","","","","","","","","","","","","","","","",0.1018279418349266,"","","PRUNED"
25,0.09848781675100327,"2025-05-16 16:30:24.330643","2025-05-16 16:34:43.933227","0 days 00:04:19.602584",192,32.0,"","","",144,208.0,208.0,256.0,"",0.2,15,0.0023915013629288596,2,4,"","","","","","","","","","","","","","","","","","","","","","","","","","","","","","","","","","","","","","","","","","","","","","","","","","","","","","",0.16981977224349976,56.58388900756836,0.13036292791366577,0.18569549918174744,0.3469814658164978,-0.6552844047546387,"","","","","","","","","","","","","","","","","","","","","","","","","","","","","","","","","","","","","","","","","","","","","","","","","",0.09848781675100327,"","","PRUNED"
26,0.10512054711580276,"2025-05-16 16:34:43.933530","2025-05-16 16:34:46.484453","0 days 00:00:02.550923",112,"","","","",96,160.0,"","","",0.4,10,0.0002514721859721608,1,2,"","","","","","","","","","","","","","","","","","","","","","","","","","","","","","","","","","","","","","","","","","","","","","","","","","","","","","",0.140504390001297,48.6858024597168,0.7493554949760437,0.7154232859611511,0.6846223473548889,-0.17924880981445312,"","","","","","","","","","","","","","","","","","","","","","","","","","","","","","","","","","","","","","","","","","","","","","","","","",0.10512054711580276,"","","PRUNED"
27,0.08679942041635513,"2025-05-16 16:34:46.484712","2025-05-16 16:34:53.078962","0 days 00:00:06.594250",176,128.0,144.0,224.0,"",192,"","","","",0.1,12,0.0009116077549609922,4,1,"","","","","","","","","","","","","","","","","","","","","","","","","","","","","","","","","","","","","","","","","","","","","","","","","","","","","","",0.13025522232055664,56.12335205078125,0.7361770868301392,0.7767833471298218,0.7852500081062317,0.14743804931640625,0.25468945503234863,5137.96337890625,0.5096180438995361,0.5680597424507141,0.7815276384353638,-0.32971954345703125,0.13061949610710144,64.37718963623047,0.7657843232154846,0.8163446187973022,0.8230934739112854,0.053785502910614014,0.12971709668636322,70.13172149658203,0.683628499507904,0.6731948256492615,0.6981164216995239,0.139312744140625,"","","","","","","","","","","","","","","","","","","","","","","","","","","","","","","",0.0826093927025795,0.08679942041635513,"","PRUNED"
28,0.10617958009243011,"2025-05-16 16:34:53.079247","2025-05-16 16:34:55.940665","0 days 00:00:02.861418",208,208.0,"","","",160,112.0,96.0,"","",0.30000000000000004,8,0.00550320428386982,2,3,"","","","","","","","","","","","","","","","","","","","","","","","","","","","","","","","","","","","","","","","","","","","","","","","","","","","","","",0.1499556005001068,47.530494689941406,0.8403313159942627,0.7104536294937134,0.7355087995529175,-0.40116024017333984,"","","","","","","","","","","","","","","","","","","","","","","","","","","","","","","","","","","","","","","","","","","","","","","","","",0.10617958009243011,"","","PRUNED"
29,0.1241927295923233,"2025-05-16 16:34:55.940948","2025-05-16 16:34:59.877563","0 days 00:00:03.936615",96,"","","","",128,224.0,"","","",0.2,11,0.018286817892936146,1,2,"","","","","","","","","","","","","","","","","","","","","","","","","","","","","","","","","","","","","","","","","","","","","","","","","","","","","","",0.13655181229114532,43.05646896362305,0.8629435300827026,0.7285590171813965,0.7573167085647583,-0.19612562656402588,"","","","","","","","","","","","","","","","","","","","","","","","","","","","","","","","","","","","","","","","","","","","","","","","","",0.1241927295923233,"","","PRUNED"
30,0.0980471819639206,"2025-05-16 16:34:59.877854","2025-05-16 16:35:09.232625","0 days 00:00:09.354771",144,80.0,112.0,"","",240,160.0,224.0,"","",0.30000000000000004,14,0.0009079507452642021,3,3,"","","","","","","","","","","","","","","","","","","","","","","","","","","","","","","","","","","","","","","","","","","","","","","","","","","","","","",0.12954717874526978,47.69858169555664,0.7890856862068176,0.7577562928199768,0.773632824420929,0.053187012672424316,"","","","","","","","","","","","","","","","","","","","","","","","","","","","","","","","","","","","","","","","","","","","","","","","","",0.0980471819639206,"","","PRUNED"
31,0.09691088646650314,"2025-05-16 16:35:09.232912","2025-05-16 16:35:13.207424","0 days 00:00:03.974512",192,256.0,48.0,96.0,16.0,176,"","","","",0.5,7,0.0037387762436354405,5,1,"","","","","","","","","","","","","","","","","","","","","","","","","","","","","","","","","","","","","","","","","","","","","","","","","","","","","","",0.1366371363401413,53.73087692260742,0.7274038791656494,0.804185152053833,0.7979209423065186,0.04959386587142944,0.21596071124076843,3954.89111328125,0.5288962721824646,0.5289630889892578,0.7885987758636475,-0.04169511795043945,0.1252785623073578,59.575504302978516,0.8585991263389587,0.8450280427932739,0.82295161485672,0.08193427324295044,0.12600280344486237,58.02576446533203,0.6941635608673096,0.7025743722915649,0.7030851244926453,0.10362964868545532,"","","","","","","","","","","","","","","","","","","","","","","","","","","","","","","",0.08228074014186859,0.09691088646650314,"","PRUNED"
32,0.0909719243645668,"2025-05-16 16:35:13.207729","2025-05-16 16:35:16.154392","0 days 00:00:02.946663",208,224.0,80.0,64.0,32.0,192,"","","","",0.5,4,0.0022290087872203555,5,1,"","","","","","","","","","","","","","","","","","","","","","","","","","","","","","","","","","","","","","","","","","","","","","","","","","","","","","",0.1369849294424057,51.361446380615234,0.7273142337799072,0.7535271048545837,0.7883896231651306,0.02573871612548828,0.23034246265888214,4763.6376953125,0.5385088920593262,0.5265322923660278,0.7574018836021423,0.014844059944152832,0.1412714719772339,70.0250244140625,0.8433073163032532,0.8287352919578552,0.8133922219276428,0.005589008331298828,0.1257174164056778,66.23514556884766,0.7382597923278809,0.6930396556854248,0.7342752814292908,0.18888503313064575,"","","","","","","","","","","","","","","","","","","","","","","","","","","","","","","",0.09548968821763992,0.0909719243645668,"","PRUNED"
33,0.09535776823759079,"2025-05-16 16:35:16.154682","2025-05-16 16:35:20.245990","0 days 00:00:04.091308",176,224.0,176.0,128.0,112.0,176,"","","","",0.5,7,0.0014834603500309012,5,1,"","","","","","","","","","","","","","","","","","","","","","","","","","","","","","","","","","","","","","","","","","","","","","","","","","","","","","",0.12216924875974655,45.690208435058594,0.8852922320365906,0.8216937780380249,0.822503924369812,0.15429282188415527,0.2305346578359604,4240.97265625,0.5096180438995361,0.550180196762085,0.7797241806983948,-0.1436600685119629,0.13642147183418274,64.57011413574219,0.6899492144584656,0.7585834264755249,0.7835112810134888,-0.11232411861419678,0.13267125189304352,59.701507568359375,0.6252548694610596,0.585110068321228,0.6449398398399353,0.023612618446350098,"","","","","","","","","","","","","","","","","","","","","","","","","","","","","","","",0.08578953146934509,0.09535776823759079,"","PRUNED"
34,0.09142278879880905,"2025-05-16 16:35:20.246276","2025-05-16 16:35:25.130365","0 days 00:00:04.884089",224,176.0,16.0,64.0,"",208,"","","","",0.4,7,0.0033028542461685487,4,1,"","","","","","","","","","","","","","","","","","","","","","","","","","","","","","","","","","","","","","","","","","","","","","","","","","","","","","",0.1317337453365326,51.72997283935547,0.762213945388794,0.7550193667411804,0.7822510004043579,0.09937083721160889,0.2346467524766922,4523.68505859375,0.5755586624145508,0.557801365852356,0.786816418170929,-0.12160146236419678,0.11465469002723694,62.238304138183594,0.7725378274917603,0.8452496528625488,0.8282437920570374,0.2519732117652893,0.12067214399576187,67.95980834960938,0.7833316326141357,0.7279307246208191,0.7425941824913025,0.24465495347976685,"","","","","","","","","","","","","","","","","","","","","","","","","","","","","","","",0.08471731096506119,0.09142278879880905,"","PRUNED"
35,0.09874133765697479,"2025-05-16 16:35:25.130643","2025-05-16 16:35:26.982215","0 days 00:00:01.851572",256,144.0,112.0,16.0,96.0,96,64.0,"","","",0.5,10,0.000655477319198602,5,2,"","","","","","","","","","","","","","","","","","","","","","","","","","","","","","","","","","","","","","","","","","","","","","","","","","","","","","",0.18869048357009888,66.71640014648438,0.359404981136322,0.38492080569267273,0.550248384475708,-0.7864718437194824,"","","","","","","","","","","","","","","","","","","","","","","","","","","","","","","","","","","","","","","","","","","","","","","","","",0.09874133765697479,"","","PRUNED"
36,0.09886980801820755,"2025-05-16 16:35:26.982521","2025-05-16 16:35:28.580640","0 days 00:00:01.598119",192,192.0,224.0,96.0,"",48,"","","","",0.4,4,0.0012922525701572988,4,1,"","","","","","","","","","","","","","","","","","","","","","","","","","","","","","","","","","","","","","","","","","","","","","","","","","","","","","",0.15029950439929962,58.31855392456055,0.7315647006034851,0.727182149887085,0.7869802117347717,-0.1066962480545044,0.23882795870304108,4700.9375,0.5219554305076599,0.5287594199180603,0.7834855914115906,-0.15447652339935303,0.13268156349658966,64.66162872314453,0.8605543971061707,0.8342476487159729,0.8309745788574219,0.11075127124786377,0.1216110810637474,70.20939636230469,0.8432013392448425,0.7568394541740417,0.7524122595787048,0.2736867070198059,"","","","","","","","","","","","","","","","","","","","","","","","","","","","","","","",0.08777519315481186,0.09886980801820755,"","PRUNED"
37,0.09281180053949356,"2025-05-16 16:35:28.580945","2025-05-16 16:35:34.079664","0 days 00:00:05.498719",128,160.0,80.0,160.0,"",224,112.0,"","","",0.5,16,0.0025917894136607616,4,2,"","","","","","","","","","","","","","","","","","","","","","","","","","","","","","","","","","","","","","","","","","","","","","","","","","","","","","",0.16786842048168182,62.7786750793457,0.753750741481781,0.7505452036857605,0.7838823795318604,-0.3713994026184082,"","","","","","","","","","","","","","","","","","","","","","","","","","","","","","","","","","","","","","","","","","","","","","","","","",0.09281180053949356,"","","PRUNED"
38,0.09832115471363068,"2025-05-16 16:35:34.079960","2025-05-16 16:35:35.265256","0 days 00:00:01.185296",208,"","","","",144,176.0,160.0,192.0,"",0.0,1,0.006429264659884363,1,4,"","","","","","","","","","","","","","","","","","","","","","","","","","","","","","","","","","","","","","","","","","","","","","","","","","","","","","",0.12994930148124695,41.16967010498047,0.7041136026382446,0.7338928580284119,0.7598006129264832,-0.1414194107055664,"","","","","","","","","","","","","","","","","","","","","","","","","","","","","","","","","","","","","","","","","","","","","","","","","",0.09832115471363068,"","","PRUNED"
