"number","value","datetime_start","datetime_complete","duration","params_decoder_layer_width_0","params_decoder_layer_width_1","params_decoder_layer_width_2","params_decoder_layer_width_3","params_decoder_layer_width_4","params_encoder_layer_width_0","params_encoder_layer_width_1","params_encoder_layer_width_2","params_encoder_layer_width_3","params_encoder_layer_width_4","params_gatv2_dropout","params_gatv2_heads","params_lr","params_n_decoder_layers","params_n_encoder_layers","user_attrs_avg_mae","user_attrs_avg_mape","user_attrs_avg_ndcg10","user_attrs_avg_ndcg20","user_attrs_avg_ndcg50","user_attrs_avg_r2","user_attrs_fold10_mae","user_attrs_fold10_mape","user_attrs_fold10_ndcg10","user_attrs_fold10_ndcg20","user_attrs_fold10_ndcg50","user_attrs_fold10_r2","user_attrs_fold11_mae","user_attrs_fold11_mape","user_attrs_fold11_ndcg10","user_attrs_fold11_ndcg20","user_attrs_fold11_ndcg50","user_attrs_fold11_r2","user_attrs_fold12_mae","user_attrs_fold12_mape","user_attrs_fold12_ndcg10","user_attrs_fold12_ndcg20","user_attrs_fold12_ndcg50","user_attrs_fold12_r2","user_attrs_fold13_mae","user_attrs_fold13_mape","user_attrs_fold13_ndcg10","user_attrs_fold13_ndcg20","user_attrs_fold13_ndcg50","user_attrs_fold13_r2","user_attrs_fold14_mae","user_attrs_fold14_mape","user_attrs_fold14_ndcg10","user_attrs_fold14_ndcg20","user_attrs_fold14_ndcg50","user_attrs_fold14_r2","user_attrs_fold15_mae","user_attrs_fold15_mape","user_attrs_fold15_ndcg10","user_attrs_fold15_ndcg20","user_attrs_fold15_ndcg50","user_attrs_fold15_r2","user_attrs_fold16_mae","user_attrs_fold16_mape","user_attrs_fold16_ndcg10","user_attrs_fold16_ndcg20","user_attrs_fold16_ndcg50","user_attrs_fold16_r2","user_attrs_fold17_mae","user_attrs_fold17_mape","user_attrs_fold17_ndcg10","user_attrs_fold17_ndcg20","user_attrs_fold17_ndcg50","user_attrs_fold17_r2","user_attrs_fold1_mae","user_attrs_fold1_mape","user_attrs_fold1_ndcg10","user_attrs_fold1_ndcg20","user_attrs_fold1_ndcg50","user_attrs_fold1_r2","user_attrs_fold2_mae","user_attrs_fold2_mape","user_attrs_fold2_ndcg10","user_attrs_fold2_ndcg20","user_attrs_fold2_ndcg50","user_attrs_fold2_r2","user_attrs_fold3_mae","user_attrs_fold3_mape","user_attrs_fold3_ndcg10","user_attrs_fold3_ndcg20","user_attrs_fold3_ndcg50","user_attrs_fold3_r2","user_attrs_fold4_mae","user_attrs_fold4_mape","user_attrs_fold4_ndcg10","user_attrs_fold4_ndcg20","user_attrs_fold4_ndcg50","user_attrs_fold4_r2","user_attrs_fold5_mae","user_attrs_fold5_mape","user_attrs_fold5_ndcg10","user_attrs_fold5_ndcg20","user_attrs_fold5_ndcg50","user_attrs_fold5_r2","user_attrs_fold6_mae","user_attrs_fold6_mape","user_attrs_fold6_ndcg10","user_attrs_fold6_ndcg20","user_attrs_fold6_ndcg50","user_attrs_fold6_r2","user_attrs_fold7_mae","user_attrs_fold7_mape","user_attrs_fold7_ndcg10","user_attrs_fold7_ndcg20","user_attrs_fold7_ndcg50","user_attrs_fold7_r2","user_attrs_fold8_mae","user_attrs_fold8_mape","user_attrs_fold8_ndcg10","user_attrs_fold8_ndcg20","user_attrs_fold8_ndcg50","user_attrs_fold8_r2","user_attrs_fold9_mae","user_attrs_fold9_mape","user_attrs_fold9_ndcg10","user_attrs_fold9_ndcg20","user_attrs_fold9_ndcg50","user_attrs_fold9_r2","user_attrs_pca_components","system_attrs_completed_rung_0","system_attrs_completed_rung_1","system_attrs_completed_rung_2","state"
90,0.09670569747686386,"2025-05-16 19:40:57.706612","2025-05-16 19:41:00.352315","0 days 00:00:02.645703",160,"","","","",224,"","","","",0.1,11,0.0009249870013877372,1,1,"","","","","","","","","","","","","","","","","","","","","","","","","","","","","","","","","","","","","","","","","","","","","","","","","","","","","","",0.1312786340713501,52.87519073486328,0.8506342768669128,0.7532638907432556,0.766767680644989,0.07398331165313721,"","","","","","","","","","","","","","","","","","","","","","","","","","","","","","","","","","","","","","","","","","","","","","","","","",0.09670569747686386,"","","PRUNED"
91,0.13887498001841939,"2025-05-16 19:41:00.352577","2025-05-16 20:00:55.561552","0 days 00:19:55.208975",144,176.0,128.0,224.0,"",240,"","","","",0.1,14,0.001957411762036238,4,1,0.13887498001841939,2239.451258939855,0.7485885701197035,0.7237295166534536,0.7193338875384891,-0.32649040923399086,0.12840776145458221,429.1529235839844,0.3632259666919708,0.4896867275238037,0.5118810534477234,0.06574583053588867,0.10113018751144409,1382.375,0.8134028315544128,0.787512481212616,0.8457685112953186,0.6187124252319336,0.1372239887714386,213.63229370117188,1.0,0.9517012238502502,0.866309404373169,0.46846115589141846,0.12675507366657257,79.44119262695312,1.0,1.0,0.8849947452545166,0.4890124797821045,0.0946919247508049,144.5091552734375,0.8769359588623047,0.8083168268203735,0.7540354132652283,0.37198877334594727,0.0902848094701767,63.57352828979492,0.8243924975395203,0.7772164344787598,0.8235976696014404,0.4123772382736206,0.14247393608093262,126.56754302978516,1.0,1.0,0.9470970034599304,0.5056485533714294,0.08402689546346664,102.37316131591797,0.8837113380432129,0.8194794654846191,0.7764931917190552,0.3505546450614929,0.10188920795917511,40.13669967651367,0.91697096824646,0.8692052364349365,0.8512831330299377,0.33155757188796997,0.2355271726846695,4688.373046875,0.5236589908599854,0.5787830948829651,0.795599639415741,-0.20777583122253418,0.1370449811220169,75.626220703125,0.8419228196144104,0.7701457738876343,0.8180405497550964,0.06540846824645996,0.10535295307636261,66.6261215209961,0.9034612774848938,0.7928642630577087,0.7686343789100647,0.4158433675765991,0.08180586993694305,21054.181640625,0.6707413792610168,0.59930819272995,0.5559118986129761,0.22465050220489502,0.09489665180444717,439.7863464355469,0.603011965751648,0.606799840927124,0.6135286688804626,0.09354609251022339,0.1449826955795288,521.3941040039062,0.5588492155075073,0.6837736368179321,0.7028228044509888,0.23313617706298828,0.4006411135196686,8159.57470703125,0.024273324757814407,0.03780587017536163,0.04598087817430496,-9.853999137878418,0.15373943746089935,483.34771728515625,0.9214471578598022,0.7308027148246765,0.6666971445083618,-0.13520526885986328,0.0,0.0796220451593399,0.07242744415998459,0.07400806993246078,"COMPLETE"
92,0.08397136628627777,"2025-05-16 20:00:55.562002","2025-05-16 20:00:59.004189","0 days 00:00:03.442187",144,176.0,128.0,32.0,"",240,"","","","",0.1,13,0.0033887912673735776,4,1,"","","","","","","","","","","","","","","","","","","","","","","","","","","","","","","","","","","","","","","","","","","","","","","","","","","","","","",0.1302051544189453,47.910972595214844,0.9012070894241333,0.8639408349990845,0.8231538534164429,0.0839110016822815,"","","","","","","","","","","","","","","","","","","","","","","","","","","","","","","","","","","","","","","","","","","","","","","","","",0.08397136628627777,"","","PRUNED"
93,0.08293899893760681,"2025-05-16 20:00:59.004575","2025-05-16 20:12:20.946579","0 days 00:11:21.942004",176,192.0,112.0,224.0,"",256,"","","","",0.1,14,0.0016683408055320256,4,1,"","","","","","","","","","","","","","","","","","","","","","","","","","","","","","","","","","","","","","","","","","","","","","","","","","","","","","",0.11759413778781891,46.590980529785156,0.900634229183197,0.8456733226776123,0.8459119200706482,0.21429097652435303,0.23311248421669006,4246.64306640625,0.5339849591255188,0.5503368377685547,0.8019124865531921,-0.1691133975982666,0.12698040902614594,64.55050659179688,0.6870600581169128,0.7544811367988586,0.7588955163955688,0.010916411876678467,0.11945318430662155,73.53742980957031,0.8262004852294922,0.7759852409362793,0.7641737461090088,0.3398882746696472,"","","","","","","","","","","","","","","","","","","","","","","","","","","","","","","",0.07354532927274704,0.08293899893760681,"","PRUNED"
94,0.08450021594762802,"2025-05-16 20:12:20.946906","2025-05-16 20:55:41.995373","0 days 00:43:21.048467",160,144.0,144.0,48.0,"",240,"","","","",0.1,15,0.0022055316325245555,4,1,"","","","","","",0.12283831089735031,448.07757568359375,0.7613411545753479,0.6196525692939758,0.640770673751831,0.13993161916732788,0.08985432982444763,1111.1422119140625,0.7185668349266052,0.7641456127166748,0.8563905358314514,0.6176798045635223,0.15276141464710236,195.06588745117188,0.8941826820373535,0.8972514271736145,0.7701449990272522,0.2967097759246826,0.13800647854804993,67.9892807006836,0.9330673813819885,0.8739245533943176,0.7859640121459961,0.3000296950340271,0.09603049606084824,150.15135192871094,0.925627589225769,0.810299277305603,0.7538931965827942,0.3575393557548523,0.09540044516324997,75.75080108642578,0.8774157166481018,0.8211124539375305,0.8175415992736816,0.3673740029335022,0.16283109784126282,135.8534393310547,0.9503093361854553,0.8582902550697327,0.7856205105781555,0.362185537815094,"","","","","","",0.12733183801174164,50.55424118041992,0.873668909072876,0.8349535465240479,0.8292680382728577,0.14481908082962036,0.22401250898838043,4080.6181640625,0.5192459225654602,0.5297968983650208,0.7872558832168579,-0.06866824626922607,0.1292223334312439,73.86383056640625,0.8971821665763855,0.8445911407470703,0.8568352460861206,0.24195969104766846,0.1186043918132782,60.69552230834961,0.8293167948722839,0.7586943507194519,0.7489661574363708,0.26773083209991455,0.08261367678642273,22529.8515625,0.6864721775054932,0.579963207244873,0.5380467176437378,0.20708346366882324,0.09290462732315063,482.19720458984375,0.25652608275413513,0.3893652558326721,0.48020467162132263,0.07459884881973267,0.14772142469882965,477.90020751953125,0.5290735960006714,0.5028312802314758,0.6321481466293335,0.14466822147369385,0.44445672631263733,9122.2568359375,0.0317341685295105,0.04328024014830589,0.04878054931759834,-11.050348281860352,0.11590322852134705,363.0997314453125,0.9155307412147522,0.7903777360916138,0.6950893402099609,0.33044832944869995,"",0.07648561894893646,0.07408229261636734,0.08450021594762802,"PRUNED"
95,0.1412422670161023,"2025-05-16 20:55:41.995740","2025-05-16 20:56:09.218075","0 days 00:00:27.222335",112,176.0,160.0,208.0,"",224,"","","","",0.1,14,0.002647961184905682,4,1,0.1412422670161023,2177.4919000513414,0.7396070765440955,0.7055524966734297,0.7077629500452209,-0.5086193067186019,0.12592953443527222,407.94610595703125,0.2965530455112457,0.30271315574645996,0.3907307982444763,-0.004217028617858887,0.10210784524679184,1520.2091064453125,0.8668774962425232,0.8132712841033936,0.8663181662559509,0.5766978561878204,0.15389645099639893,217.48318481445312,0.924974799156189,0.8829153776168823,0.7726486921310425,0.3278203010559082,0.12382347881793976,67.530517578125,0.9270896315574646,0.9437490701675415,0.8575193881988525,0.44406479597091675,0.0960293561220169,151.18873596191406,0.9688898921012878,0.8128274083137512,0.7807612419128418,0.386218786239624,0.09012147039175034,73.17459106445312,0.8891236186027527,0.8705904483795166,0.8535544276237488,0.45429426431655884,0.14693382382392883,139.3820343017578,1.0,1.0,0.9436771273612976,0.48993104696273804,0.08629206568002701,116.5228271484375,0.8532689213752747,0.8614006042480469,0.8228991031646729,0.4040491580963135,0.11912254244089127,48.1627311706543,0.8319556713104248,0.74257493019104,0.8023010492324829,0.1798810362815857,0.21560315787792206,3522.941650390625,0.5257197618484497,0.5341957807540894,0.7865187525749207,-0.026011109352111816,0.14107048511505127,80.33879852294922,0.8492661714553833,0.774833083152771,0.7966412305831909,0.07940220832824707,0.10973688215017319,66.64134979248047,0.8697367310523987,0.7361488342285156,0.791557788848877,0.3728533387184143,0.07884630560874939,19399.318359375,0.6703648567199707,0.5921164751052856,0.5434994101524353,0.19202709197998047,0.0851716473698616,391.76495361328125,0.4736195206642151,0.5666126012802124,0.5973228216171265,0.17016595602035522,0.13325631618499756,380.52642822265625,0.7008885145187378,0.7550266981124878,0.6873477697372437,0.2649679183959961,0.48366299271583557,10159.244140625,0.024276377633213997,0.03747664764523506,0.04059690982103348,-13.312932014465332,0.10951418429613113,274.9867858886719,0.9007152915000916,0.7679400444030762,0.6980754733085632,0.3542581796646118,0.0,0.08009137958288193,0.07092678546905518,0.07375174760818481,"COMPLETE"
96,0.07717592269182205,"2025-05-16 20:56:09.218550","2025-05-16 20:56:17.381207","0 days 00:00:08.162657",64,176.0,208.0,208.0,"",224,"","","","",0.1,14,0.002772002988960702,4,1,"","","","","","","","","","","","","","","","","","","","","","","","","","","","","","","","","","","","","","","","","","","","","","","","","","","","","","",0.10690534859895706,42.823089599609375,0.9220478534698486,0.8600491881370544,0.8272432088851929,0.2877384424209595,0.25011345744132996,5045.36669921875,0.5339234471321106,0.49544084072113037,0.7510703206062317,-0.280261754989624,0.14220230281352997,74.79409790039062,0.7141487002372742,0.7275213599205017,0.7781256437301636,-0.06445527076721191,0.10777371376752853,65.92887115478516,0.9045096039772034,0.8088122010231018,0.7763462066650391,0.38571131229400635,"","","","","","","","","","","","","","","","","","","","","","","","","","","","","","","",0.08241378515958786,0.07717592269182205,"","PRUNED"
97,0.0835665911436081,"2025-05-16 20:56:17.381485","2025-05-16 20:56:25.671815","0 days 00:00:08.290330",112,192.0,160.0,224.0,"",240,"","","","",0.2,13,0.004198387126204307,4,1,"","","","","","","","","","","","","","","","","","","","","","","","","","","","","","","","","","","","","","","","","","","","","","","","","","","","","","",0.1516890525817871,59.78227996826172,0.7903819680213928,0.7603403329849243,0.7848379015922546,-0.11452114582061768,0.19954559206962585,2589.55029296875,0.5646668076515198,0.5641016960144043,0.788502037525177,0.006774425506591797,0.1212371215224266,70.04471588134766,0.8398306965827942,0.7718591690063477,0.7938928604125977,0.20513319969177246,0.12237627804279327,62.038658142089844,0.7130764126777649,0.7264949083328247,0.7126109600067139,0.17975515127182007,"","","","","","","","","","","","","","","","","","","","","","","","","","","","","","","",0.08234435319900513,0.0835665911436081,"","PRUNED"
98,0.07836894690990448,"2025-05-16 20:56:25.672127","2025-05-16 20:56:50.145462","0 days 00:00:24.473335",32,160.0,112.0,192.0,"",208,"","","","",0.0,14,0.0020047000205713045,4,1,"","","","","","",0.13432233035564423,547.555908203125,0.477634072303772,0.40332457423210144,0.4621472656726837,0.08451962471008301,0.09787517786026001,1080.4166259765625,0.9108794331550598,0.8351297378540039,0.8735683560371399,0.4805263876914978,0.14560967683792114,199.43511962890625,0.9785827398300171,0.8915776014328003,0.8034583926200867,0.378256618976593,0.12582407891750336,68.04827117919922,1.0,0.9656725525856018,0.8783395886421204,0.4619041681289673,0.09245525300502777,125.18598937988281,0.9245530366897583,0.8394317626953125,0.7731549739837646,0.39702534675598145,0.08984050154685974,60.00321960449219,0.8785103559494019,0.8351941704750061,0.8083212375640869,0.4085179567337036,0.16097000241279602,159.94876098632812,1.0,0.962765097618103,0.8464645147323608,0.4120616912841797,"","","","","","",0.10617601126432419,43.302154541015625,0.9129788279533386,0.877402663230896,0.8477171659469604,0.3376849293708801,0.23794867098331451,4729.9931640625,0.5631032586097717,0.5622206330299377,0.7743692398071289,-0.28056085109710693,0.135792538523674,70.06452941894531,0.7617524862289429,0.8405230641365051,0.8222390413284302,0.08241039514541626,0.10450349748134613,57.51844787597656,0.8784030079841614,0.8193842768669128,0.8247480988502502,0.40923386812210083,0.08545795828104019,28601.11328125,0.6556468605995178,0.6117151975631714,0.5598140358924866,0.20442187786102295,0.09018819034099579,489.7411804199219,0.3448264002799988,0.4613284170627594,0.5320767760276794,0.15100419521331787,0.1376229226589203,353.3408508300781,0.487529993057251,0.5260127782821655,0.6910391449928284,0.16948223114013672,0.49530893564224243,10407.845703125,0.034066662192344666,0.047018371522426605,0.050683703273534775,-13.718632698059082,0.1286206692457199,412.947509765625,0.9207068085670471,0.7306788563728333,0.6901693940162659,0.196336567401886,"",0.08096634596586227,0.07685817033052444,0.07836894690990448,"PRUNED"
99,0.07581587135791779,"2025-05-16 20:56:50.145790","2025-05-16 20:57:09.291257","0 days 00:00:19.145467",128,176.0,128.0,240.0,"",256,"","","","",0.1,8,0.002638545772414655,4,1,"","","","","","",0.1296432912349701,544.6151123046875,0.42638176679611206,0.39616578817367554,0.5036364793777466,0.08928042650222778,0.09902868419885635,1242.7867431640625,0.8257598280906677,0.783432126045227,0.8475821614265442,0.5127146244049072,0.14454716444015503,190.8679962158203,0.9781360626220703,0.9638421535491943,0.8429462313652039,0.37472039461135864,0.12965086102485657,67.79161834716797,1.0,0.8986746072769165,0.8275899291038513,0.38551396131515503,0.0845477432012558,139.37799072265625,0.9558976292610168,0.9441820383071899,0.8413093686103821,0.4970020651817322,0.08484815061092377,65.55038452148438,0.9591171741485596,0.9185078740119934,0.9076358675956726,0.5071041584014893,0.1389809548854828,144.39620971679688,1.0,1.0,0.9426634311676025,0.5315057039260864,"","","","","","",0.117051862180233,44.600765228271484,0.8032395243644714,0.8176678419113159,0.8077355027198792,0.22695153951644897,0.22592291235923767,4214.55322265625,0.5202608704566956,0.5577016472816467,0.7881649136543274,-0.08155643939971924,0.12526731193065643,75.62630462646484,0.825012743473053,0.8334886431694031,0.8130245804786682,0.24653738737106323,0.09764721989631653,58.93638229370117,0.9058233499526978,0.8023039698600769,0.7933464646339417,0.4587547183036804,0.08064094930887222,25145.36328125,0.7390990853309631,0.6488378643989563,0.5808691382408142,0.2588881850242615,0.08969887346029282,521.8219604492188,0.5113239288330078,0.5924891829490662,0.6162097454071045,0.19342011213302612,0.13885597884655,311.0258483886719,0.5319249033927917,0.5082507729530334,0.6842185854911804,0.11879760026931763,0.3907574713230133,7853.72412109375,0.03144971281290054,0.043791208416223526,0.04247476905584335,-9.751474380493164,0.13084931671619415,458.38433837890625,0.9154514670372009,0.7739686369895935,0.685234546661377,0.18931329250335693,"",0.0737655982375145,0.07520800083875656,0.07581587135791779,"PRUNED"
