"number","value","datetime_start","datetime_complete","duration","params_decoder_layer_width_0","params_decoder_layer_width_1","params_decoder_layer_width_2","params_decoder_layer_width_3","params_decoder_layer_width_4","params_encoder_layer_width_0","params_encoder_layer_width_1","params_encoder_layer_width_2","params_encoder_layer_width_3","params_encoder_layer_width_4","params_graphsage_aggregator","params_lr","params_n_decoder_layers","params_n_encoder_layers","user_attrs_avg_mae","user_attrs_avg_mape","user_attrs_avg_ndcg10","user_attrs_avg_ndcg20","user_attrs_avg_ndcg50","user_attrs_avg_r2","user_attrs_fold10_mae","user_attrs_fold10_mape","user_attrs_fold10_ndcg10","user_attrs_fold10_ndcg20","user_attrs_fold10_ndcg50","user_attrs_fold10_r2","user_attrs_fold11_mae","user_attrs_fold11_mape","user_attrs_fold11_ndcg10","user_attrs_fold11_ndcg20","user_attrs_fold11_ndcg50","user_attrs_fold11_r2","user_attrs_fold12_mae","user_attrs_fold12_mape","user_attrs_fold12_ndcg10","user_attrs_fold12_ndcg20","user_attrs_fold12_ndcg50","user_attrs_fold12_r2","user_attrs_fold13_mae","user_attrs_fold13_mape","user_attrs_fold13_ndcg10","user_attrs_fold13_ndcg20","user_attrs_fold13_ndcg50","user_attrs_fold13_r2","user_attrs_fold14_mae","user_attrs_fold14_mape","user_attrs_fold14_ndcg10","user_attrs_fold14_ndcg20","user_attrs_fold14_ndcg50","user_attrs_fold14_r2","user_attrs_fold15_mae","user_attrs_fold15_mape","user_attrs_fold15_ndcg10","user_attrs_fold15_ndcg20","user_attrs_fold15_ndcg50","user_attrs_fold15_r2","user_attrs_fold16_mae","user_attrs_fold16_mape","user_attrs_fold16_ndcg10","user_attrs_fold16_ndcg20","user_attrs_fold16_ndcg50","user_attrs_fold16_r2","user_attrs_fold17_mae","user_attrs_fold17_mape","user_attrs_fold17_ndcg10","user_attrs_fold17_ndcg20","user_attrs_fold17_ndcg50","user_attrs_fold17_r2","user_attrs_fold1_mae","user_attrs_fold1_mape","user_attrs_fold1_ndcg10","user_attrs_fold1_ndcg20","user_attrs_fold1_ndcg50","user_attrs_fold1_r2","user_attrs_fold2_mae","user_attrs_fold2_mape","user_attrs_fold2_ndcg10","user_attrs_fold2_ndcg20","user_attrs_fold2_ndcg50","user_attrs_fold2_r2","user_attrs_fold3_mae","user_attrs_fold3_mape","user_attrs_fold3_ndcg10","user_attrs_fold3_ndcg20","user_attrs_fold3_ndcg50","user_attrs_fold3_r2","user_attrs_fold4_mae","user_attrs_fold4_mape","user_attrs_fold4_ndcg10","user_attrs_fold4_ndcg20","user_attrs_fold4_ndcg50","user_attrs_fold4_r2","user_attrs_fold5_mae","user_attrs_fold5_mape","user_attrs_fold5_ndcg10","user_attrs_fold5_ndcg20","user_attrs_fold5_ndcg50","user_attrs_fold5_r2","user_attrs_fold6_mae","user_attrs_fold6_mape","user_attrs_fold6_ndcg10","user_attrs_fold6_ndcg20","user_attrs_fold6_ndcg50","user_attrs_fold6_r2","user_attrs_fold7_mae","user_attrs_fold7_mape","user_attrs_fold7_ndcg10","user_attrs_fold7_ndcg20","user_attrs_fold7_ndcg50","user_attrs_fold7_r2","user_attrs_fold8_mae","user_attrs_fold8_mape","user_attrs_fold8_ndcg10","user_attrs_fold8_ndcg20","user_attrs_fold8_ndcg50","user_attrs_fold8_r2","user_attrs_fold9_mae","user_attrs_fold9_mape","user_attrs_fold9_ndcg10","user_attrs_fold9_ndcg20","user_attrs_fold9_ndcg50","user_attrs_fold9_r2","user_attrs_pca_components","system_attrs_completed_rung_0","system_attrs_completed_rung_1","system_attrs_completed_rung_2","state"
64,0.07341140508651733,"2025-05-16 16:25:04.717938","2025-05-16 16:25:05.800721","0 days 00:00:01.082783",48,176.0,64.0,256.0,"",240,"","","","","max",0.002747441441112845,4,1,"","","","","","","","","","","","","","","","","","","","","","","","","","","","","","","","","","","","","","","","","","","","","","","","","","","","","","",0.11530134826898575,49.30375671386719,0.8309919834136963,0.7795953750610352,0.7964625358581543,0.22759264707565308,0.19228197634220123,2371.13916015625,0.5192471146583557,0.5727624893188477,0.7950726747512817,-0.002288818359375,0.11759806424379349,67.37803649902344,0.795170783996582,0.782200038433075,0.7689836621284485,0.2520594596862793,0.11214422434568405,65.26327514648438,0.7396194934844971,0.7853286862373352,0.7666140198707581,0.33996355533599854,"","","","","","","","","","","","","","","","","","","","","","","","","","","","","","","",0.07035361975431442,0.07341140508651733,"","PRUNED"
65,0.07633010298013687,"2025-05-16 16:25:05.800988","2025-05-16 16:25:09.332802","0 days 00:00:03.531814",48,128.0,80.0,208.0,48.0,224,"","","","","add",0.005536223456498478,5,1,"","","","","","",0.10330486297607422,358.9643859863281,0.716583788394928,0.6494104266166687,0.6345109343528748,0.3224189877510071,0.07270355522632599,523.7496337890625,0.9077917337417603,0.8766620755195618,0.8872694969177246,0.6745927929878235,0.14334161579608917,200.6980438232422,0.7372158765792847,0.8214108347892761,0.7679382562637329,0.37910449504852295,0.11971384286880493,64.70142364501953,0.9744071960449219,0.9650700092315674,0.8876459002494812,0.5348880589008331,0.08936285972595215,142.5100860595703,0.9803099036216736,0.8883266448974609,0.8067600131034851,0.4728206992149353,0.08929108828306198,65.58367156982422,0.8053088784217834,0.7819852828979492,0.836571991443634,0.42717158794403076,0.1437479853630066,123.47340393066406,1.0,1.0,0.9095348715782166,0.5249683558940887,"","","","","","",0.09840061515569687,42.09843826293945,0.8418460488319397,0.8450339436531067,0.8228448033332825,0.3819047808647156,0.2190227210521698,3341.58740234375,0.5779659152030945,0.5377832651138306,0.7971263527870178,-0.13287746906280518,0.1017109677195549,61.122215270996094,0.8988807201385498,0.8933352828025818,0.839460551738739,0.46775466203689575,0.10715331882238388,57.17632293701172,0.7864509224891663,0.8186443448066711,0.7991833686828613,0.3725164532661438,0.07958243787288666,16781.390625,0.6170737743377686,0.5887420177459717,0.5816637873649597,0.26453882455825806,0.09140396118164062,542.1456298828125,0.4748592972755432,0.5304840803146362,0.5807656645774841,0.10436660051345825,0.13555879890918732,453.2987976074219,0.8301779627799988,0.7317379117012024,0.7592741250991821,0.32087236642837524,0.0651869922876358,584.5742797851562,0.8973787426948547,0.8068975806236267,0.7127145528793335,0.29480135440826416,0.10058365762233734,343.316162109375,0.9099103212356567,0.8041273951530457,0.7353585362434387,0.3727635145187378,"",0.06526762992143631,0.06868147104978561,0.07633010298013687,"PRUNED"
66,0.07272525131702423,"2025-05-16 16:25:09.333142","2025-05-16 16:25:13.468611","0 days 00:00:04.135469",192,144.0,112.0,224.0,64.0,208,"","","","","max",0.003235268876429516,5,1,"","","","","","",0.11979204416275024,509.0370788574219,0.6840541958808899,0.6226621866226196,0.619495153427124,0.28521162271499634,0.08112772554159164,636.6478271484375,0.9300468564033508,0.8597023487091064,0.8986161947250366,0.5619572699069977,0.14538389444351196,239.5455322265625,0.9925328493118286,0.8591419458389282,0.8051262497901917,0.3880511522293091,0.12891170382499695,73.27674102783203,1.0,0.9505987167358398,0.8263145685195923,0.4171644449234009,0.09766057133674622,141.4344482421875,0.9202601313591003,0.8284538388252258,0.7808767557144165,0.3567144274711609,0.09084230661392212,64.9427490234375,0.7899059653282166,0.7750063538551331,0.7913256287574768,0.40481454133987427,0.15238934755325317,131.8437042236328,0.7949447631835938,0.8676639795303345,0.8056743741035461,0.4582254886627197,"","","","","","",0.10635150223970413,47.449153900146484,0.8054474592208862,0.8158578872680664,0.811783492565155,0.28371191024780273,0.2094637155532837,2538.315673828125,0.5516042709350586,0.5157576203346252,0.7760758399963379,-0.09990584850311279,0.1345052868127823,80.18982696533203,0.5039530992507935,0.6017755270004272,0.6632245182991028,0.028277039527893066,0.12099970132112503,62.16215515136719,0.6915068030357361,0.7213031649589539,0.7583777904510498,0.18390029668807983,0.09197484701871872,31833.765625,0.5342205166816711,0.5457857251167297,0.5105642080307007,0.16239804029464722,0.09995001554489136,693.570556640625,0.47889581322669983,0.5423257350921631,0.555233359336853,0.05551081895828247,0.16693586111068726,766.490478515625,0.3429277241230011,0.4622935950756073,0.5094163417816162,0.10513478517532349,0.10326796770095825,1558.8389892578125,0.9354022145271301,0.8124560713768005,0.6598495244979858,0.026967227458953857,0.11426331102848053,346.2211608886719,0.8677607774734497,0.7431631088256836,0.705832302570343,0.3023598790168762,"",0.07164572924375534,0.0617593452334404,0.07272525131702423,"PRUNED"
67,0.09940895438194275,"2025-05-16 16:25:13.468955","2025-05-16 16:25:13.991118","0 days 00:00:00.522163",176,160.0,192.0,160.0,"",256,"","","","","max",0.012973224593266839,4,1,"","","","","","","","","","","","","","","","","","","","","","","","","","","","","","","","","","","","","","","","","","","","","","","","","","","","","","",0.13307233154773712,55.6719856262207,0.6985309720039368,0.7510759830474854,0.7897568941116333,0.04356491565704346,"","","","","","","","","","","","","","","","","","","","","","","","","","","","","","","","","","","","","","","","","","","","","","","","","",0.09940895438194275,"","","PRUNED"
68,0.09393473714590073,"2025-05-16 16:25:13.991376","2025-05-16 16:25:14.508154","0 days 00:00:00.516778",48,208.0,"","","",240,240.0,"","","","max",0.008141055541073416,2,2,"","","","","","","","","","","","","","","","","","","","","","","","","","","","","","","","","","","","","","","","","","","","","","","","","","","","","","",0.12482541054487228,50.544857025146484,0.5578901767730713,0.5884142518043518,0.6767513155937195,0.09121716022491455,"","","","","","","","","","","","","","","","","","","","","","","","","","","","","","","","","","","","","","","","","","","","","","","","","",0.09393473714590073,"","","PRUNED"
69,0.08197082579135895,"2025-05-16 16:25:14.508412","2025-05-16 16:25:15.645359","0 days 00:00:01.136947",160,48.0,240.0,240.0,16.0,112,"","","","","add",0.004956410839043963,5,1,"","","","","","","","","","","","","","","","","","","","","","","","","","","","","","","","","","","","","","","","","","","","","","","","","","","","","","",0.10610049962997437,42.18539810180664,0.7403944134712219,0.8173749446868896,0.8026156425476074,0.2911563515663147,0.21979321539402008,3761.83154296875,0.5572934746742249,0.5345095992088318,0.7969343662261963,-0.09188640117645264,0.10782571882009506,56.0864143371582,0.8959197998046875,0.8648542165756226,0.8682259321212769,0.407988965511322,0.11538222432136536,56.05980682373047,0.7025699019432068,0.7466327548027039,0.7679341435432434,0.2603430151939392,"","","","","","","","","","","","","","","","","","","","","","","","","","","","","","","",0.07079368829727173,0.08197082579135895,"","PRUNED"
70,0.07521256804466248,"2025-05-16 16:25:15.645654","2025-05-16 16:25:16.080571","0 days 00:00:00.434917",64,176.0,96.0,112.0,"",160,"","","","","mean",0.006505517950944826,4,1,"","","","","","","","","","","","","","","","","","","","","","","","","","","","","","","","","","","","","","","","","","","","","","","","","","","","","","",0.1267254650592804,58.17720413208008,0.8004626631736755,0.729582667350769,0.7923612594604492,0.16667550802230835,"","","","","","","","","","","","","","","","","","","","","","","","","","","","","","","","","","","","","","","","","","","","","","","","","",0.07521256804466248,"","","PRUNED"
71,0.07138106971979141,"2025-05-16 16:25:16.080896","2025-05-16 16:25:17.275591","0 days 00:00:01.194695",32,128.0,128.0,208.0,112.0,240,"","","","","max",0.0036712772760787472,5,1,"","","","","","","","","","","","","","","","","","","","","","","","","","","","","","","","","","","","","","","","","","","","","","","","","","","","","","",0.10787737369537354,45.91764450073242,0.8367336988449097,0.8237172365188599,0.8019574880599976,0.2716785669326782,0.20638860762119293,2918.59912109375,0.5194190144538879,0.5485507845878601,0.7884635925292969,-0.050618648529052734,0.13799814879894257,78.21955871582031,0.5022684335708618,0.6308537721633911,0.7084503769874573,-0.010579109191894531,0.1234351173043251,72.79673767089844,0.772891640663147,0.772186815738678,0.7145671248435974,0.1975821852684021,"","","","","","","","","","","","","","","","","","","","","","","","","","","","","","","",0.06529087573289871,0.07138106971979141,"","PRUNED"
72,0.07057913392782211,"2025-05-16 16:25:17.275879","2025-05-16 16:25:21.160389","0 days 00:00:03.884510",32,96.0,128.0,224.0,80.0,224,"","","","","max",0.006051916786949914,5,1,"","","","","","",0.1402433067560196,477.4296875,0.2876806855201721,0.35148707032203674,0.4392684996128082,-0.09996223449707031,0.0823301449418068,1049.015380859375,0.9097496271133423,0.8846246600151062,0.9123051762580872,0.6818307042121887,0.14855548739433289,274.51202392578125,0.7862882018089294,0.7981134057044983,0.7975503206253052,0.35064977407455444,0.13455036282539368,75.07329559326172,0.9770113825798035,0.9203832149505615,0.8146315217018127,0.35452568531036377,0.0940985307097435,142.4684295654297,0.9210389256477356,0.834349513053894,0.7763527631759644,0.40495193004608154,0.09214983135461807,65.00064086914062,0.8904194831848145,0.8284967541694641,0.8289933204650879,0.40029674768447876,0.1469830572605133,139.49591064453125,0.8525385856628418,0.9048331379890442,0.8379711508750916,0.5079965591430664,"","","","","","",0.11774823069572449,49.63204574584961,0.7846421599388123,0.7557573914527893,0.7798643112182617,0.15777349472045898,0.20820870995521545,3431.64453125,0.5572438836097717,0.5338069796562195,0.801496148109436,-0.013596892356872559,0.1316215693950653,78.05654907226562,0.7677776217460632,0.7719556093215942,0.766496479511261,0.13495224714279175,0.11013264209032059,61.89045333862305,0.8382851481437683,0.8116900324821472,0.760944128036499,0.34748566150665283,0.10325466841459274,23819.314453125,0.48913320899009705,0.4173471927642822,0.43517303466796875,-0.03210127353668213,0.10497615486383438,604.1468505859375,0.32411614060401917,0.44850870966911316,0.4824020564556122,-0.09299516677856445,0.17293760180473328,802.7386474609375,0.2303871065378189,0.3434307873249054,0.44842010736465454,0.008070051670074463,0.08732403069734573,1157.47265625,0.8470828533172607,0.7155551910400391,0.5825771689414978,0.11042135953903198,0.11328942328691483,304.3068542480469,0.7903948426246643,0.7357427477836609,0.7341319918632507,0.28740936517715454,"",0.07027941942214966,0.06649497896432877,0.07057913392782211,"PRUNED"
73,0.09488660097122192,"2025-05-16 16:25:21.160708","2025-05-16 16:25:21.962833","0 days 00:00:00.802125",16,112.0,160.0,176.0,112.0,240,208.0,96.0,176.0,64.0,"max",0.009958719202653453,5,5,"","","","","","","","","","","","","","","","","","","","","","","","","","","","","","","","","","","","","","","","","","","","","","","","","","","","","","",0.11453662067651749,56.95669174194336,0.6961581707000732,0.712914764881134,0.7768168449401855,0.28979891538619995,"","","","","","","","","","","","","","","","","","","","","","","","","","","","","","","","","","","","","","","","","","","","","","","","","",0.09488660097122192,"","","PRUNED"
74,0.06985041499137878,"2025-05-16 16:25:21.963119","2025-05-16 16:25:23.138230","0 days 00:00:01.175111",32,144.0,144.0,192.0,48.0,256,"","","","","max",0.0047737601700233966,5,1,"","","","","","","","","","","","","","","","","","","","","","","","","","","","","","","","","","","","","","","","","","","","","","","","","","","","","","",0.12245975434780121,58.37082290649414,0.8364177346229553,0.8104243278503418,0.7935817837715149,0.2271348237991333,0.19736281037330627,2821.630859375,0.5269092917442322,0.49798551201820374,0.7898684740066528,-0.036605000495910645,0.1353428214788437,81.90296936035156,0.5340433716773987,0.6172374486923218,0.6719381213188171,-0.023279309272766113,0.10984969139099121,66.6096420288086,0.8611952662467957,0.7780075073242188,0.8002104759216309,0.3499290943145752,"","","","","","","","","","","","","","","","","","","","","","","","","","","","","","","",0.0665750652551651,0.06985041499137878,"","PRUNED"
75,0.0971364974975586,"2025-05-16 16:25:23.138513","2025-05-16 16:25:23.656884","0 days 00:00:00.518371",144,128.0,112.0,240.0,96.0,224,"","","","","max",0.00037031759684479315,5,1,"","","","","","","","","","","","","","","","","","","","","","","","","","","","","","","","","","","","","","","","","","","","","","","","","","","","","","",0.13332979381084442,43.79448318481445,0.665053129196167,0.7000499963760376,0.7330741882324219,-0.15240085124969482,"","","","","","","","","","","","","","","","","","","","","","","","","","","","","","","","","","","","","","","","","","","","","","","","","",0.0971364974975586,"","","PRUNED"
76,0.08196858316659927,"2025-05-16 16:25:23.657185","2025-05-16 16:25:24.053281","0 days 00:00:00.396096",16,192.0,"","","",240,"","","","","max",0.001480325935125242,2,1,"","","","","","","","","","","","","","","","","","","","","","","","","","","","","","","","","","","","","","","","","","","","","","","","","","","","","","",0.11868733912706375,47.6893424987793,0.7105427980422974,0.7596456408500671,0.7697336673736572,0.1606484055519104,"","","","","","","","","","","","","","","","","","","","","","","","","","","","","","","","","","","","","","","","","","","","","","","","","",0.08196858316659927,"","","PRUNED"
77,0.07549529522657394,"2025-05-16 16:25:24.053544","2025-05-16 16:25:25.429373","0 days 00:00:01.375829",208,256.0,128.0,16.0,64.0,144,176.0,"","","","max",0.002477481066446083,5,2,"","","","","","","","","","","","","","","","","","","","","","","","","","","","","","","","","","","","","","","","","","","","","","","","","","","","","","",0.09644296020269394,41.52433776855469,0.7293652892112732,0.7748038172721863,0.7666358351707458,0.37567150592803955,0.18734708428382874,1745.1534423828125,0.5325161814689636,0.4945661127567291,0.7939538359642029,-0.044217705726623535,0.10449577867984772,65.28751373291016,0.842803418636322,0.8569999933242798,0.8619673252105713,0.45285940170288086,0.12011317908763885,55.60008239746094,0.6563549041748047,0.6968982219696045,0.7277190089225769,0.14821749925613403,"","","","","","","","","","","","","","","","","","","","","","","","","","","","","","","",0.07219113409519196,0.07549529522657394,"","PRUNED"
78,0.08338101208209991,"2025-05-16 16:25:25.429647","2025-05-16 16:25:25.994187","0 days 00:00:00.564540",176,224.0,64.0,192.0,"",208,64.0,160.0,"","","add",0.0019488313496692862,4,3,"","","","","","","","","","","","","","","","","","","","","","","","","","","","","","","","","","","","","","","","","","","","","","","","","","","","","","",0.10481604933738708,42.41697692871094,0.7400844097137451,0.7342942953109741,0.805090069770813,0.3898048996925354,"","","","","","","","","","","","","","","","","","","","","","","","","","","","","","","","","","","","","","","","","","","","","","","","","",0.08338101208209991,"","","PRUNED"
79,0.13883142173290253,"2025-05-16 16:25:25.994455","2025-05-16 16:25:26.400584","0 days 00:00:00.406129",48,112.0,16.0,"","",256,"","","","","max",0.0002421773440797233,3,1,"","","","","","","","","","","","","","","","","","","","","","","","","","","","","","","","","","","","","","","","","","","","","","","","","","","","","","",0.12733334302902222,44.60359573364258,0.58892422914505,0.6130571365356445,0.6957678198814392,-0.048770785331726074,"","","","","","","","","","","","","","","","","","","","","","","","","","","","","","","","","","","","","","","","","","","","","","","","","",0.13883142173290253,"","","PRUNED"
80,0.07928475737571716,"2025-05-16 16:25:26.400831","2025-05-16 16:25:27.185825","0 days 00:00:00.784994",80,"","","","",80,"","","","","max",0.00706216769226416,1,1,"","","","","","","","","","","","","","","","","","","","","","","","","","","","","","","","","","","","","","","","","","","","","","","","","","","","","","",0.1278896927833557,49.70781326293945,0.6141553521156311,0.6856020092964172,0.7307546734809875,0.05202054977416992,0.2047135978937149,2668.255126953125,0.5699887275695801,0.569397509098053,0.788305401802063,0.03522908687591553,0.11495378613471985,68.79910278320312,0.760520339012146,0.7893959283828735,0.7969316244125366,0.3077911138534546,0.12285543233156204,62.164974212646484,0.6357856392860413,0.7370127439498901,0.7210622429847717,0.13104873895645142,"","","","","","","","","","","","","","","","","","","","","","","","","","","","","","","",0.07326242327690125,0.07928475737571716,"","PRUNED"
81,0.07162147015333176,"2025-05-16 16:25:27.186082","2025-05-16 16:25:28.337996","0 days 00:00:01.151914",32,96.0,128.0,224.0,96.0,224,"","","","","max",0.005218412796808686,5,1,"","","","","","","","","","","","","","","","","","","","","","","","","","","","","","","","","","","","","","","","","","","","","","","","","","","","","","",0.11739858984947205,46.53364944458008,0.7214235067367554,0.7419112324714661,0.7792105078697205,0.16789597272872925,0.20494379103183746,2897.95947265625,0.5570188760757446,0.5155559182167053,0.7777465581893921,-0.03451085090637207,0.1247609481215477,66.04891204833984,0.7581665515899658,0.8004405498504639,0.7844557166099548,0.18043333292007446,0.11667382717132568,58.07426452636719,0.6923172473907471,0.7442049384117126,0.7680368423461914,0.2154843807220459,"","","","","","","","","","","","","","","","","","","","","","","","","","","","","","","",0.0673670619726181,0.07162147015333176,"","PRUNED"
