"number","value","datetime_start","datetime_complete","duration","params_decoder_layer_width_0","params_decoder_layer_width_1","params_decoder_layer_width_2","params_decoder_layer_width_3","params_decoder_layer_width_4","params_encoder_layer_width_0","params_encoder_layer_width_1","params_encoder_layer_width_2","params_encoder_layer_width_3","params_lr","params_n_decoder_layers","params_n_encoder_layers","params_transformer_dropout","params_transformer_heads","user_attrs_avg_mae","user_attrs_avg_mape","user_attrs_avg_ndcg10","user_attrs_avg_ndcg20","user_attrs_avg_ndcg50","user_attrs_avg_r2","user_attrs_fold10_mae","user_attrs_fold10_mape","user_attrs_fold10_ndcg10","user_attrs_fold10_ndcg20","user_attrs_fold10_ndcg50","user_attrs_fold10_r2","user_attrs_fold11_mae","user_attrs_fold11_mape","user_attrs_fold11_ndcg10","user_attrs_fold11_ndcg20","user_attrs_fold11_ndcg50","user_attrs_fold11_r2","user_attrs_fold12_mae","user_attrs_fold12_mape","user_attrs_fold12_ndcg10","user_attrs_fold12_ndcg20","user_attrs_fold12_ndcg50","user_attrs_fold12_r2","user_attrs_fold13_mae","user_attrs_fold13_mape","user_attrs_fold13_ndcg10","user_attrs_fold13_ndcg20","user_attrs_fold13_ndcg50","user_attrs_fold13_r2","user_attrs_fold14_mae","user_attrs_fold14_mape","user_attrs_fold14_ndcg10","user_attrs_fold14_ndcg20","user_attrs_fold14_ndcg50","user_attrs_fold14_r2","user_attrs_fold15_mae","user_attrs_fold15_mape","user_attrs_fold15_ndcg10","user_attrs_fold15_ndcg20","user_attrs_fold15_ndcg50","user_attrs_fold15_r2","user_attrs_fold16_mae","user_attrs_fold16_mape","user_attrs_fold16_ndcg10","user_attrs_fold16_ndcg20","user_attrs_fold16_ndcg50","user_attrs_fold16_r2","user_attrs_fold17_mae","user_attrs_fold17_mape","user_attrs_fold17_ndcg10","user_attrs_fold17_ndcg20","user_attrs_fold17_ndcg50","user_attrs_fold17_r2","user_attrs_fold1_mae","user_attrs_fold1_mape","user_attrs_fold1_ndcg10","user_attrs_fold1_ndcg20","user_attrs_fold1_ndcg50","user_attrs_fold1_r2","user_attrs_fold2_mae","user_attrs_fold2_mape","user_attrs_fold2_ndcg10","user_attrs_fold2_ndcg20","user_attrs_fold2_ndcg50","user_attrs_fold2_r2","user_attrs_fold3_mae","user_attrs_fold3_mape","user_attrs_fold3_ndcg10","user_attrs_fold3_ndcg20","user_attrs_fold3_ndcg50","user_attrs_fold3_r2","user_attrs_fold4_mae","user_attrs_fold4_mape","user_attrs_fold4_ndcg10","user_attrs_fold4_ndcg20","user_attrs_fold4_ndcg50","user_attrs_fold4_r2","user_attrs_fold5_mae","user_attrs_fold5_mape","user_attrs_fold5_ndcg10","user_attrs_fold5_ndcg20","user_attrs_fold5_ndcg50","user_attrs_fold5_r2","user_attrs_fold6_mae","user_attrs_fold6_mape","user_attrs_fold6_ndcg10","user_attrs_fold6_ndcg20","user_attrs_fold6_ndcg50","user_attrs_fold6_r2","user_attrs_fold7_mae","user_attrs_fold7_mape","user_attrs_fold7_ndcg10","user_attrs_fold7_ndcg20","user_attrs_fold7_ndcg50","user_attrs_fold7_r2","user_attrs_fold8_mae","user_attrs_fold8_mape","user_attrs_fold8_ndcg10","user_attrs_fold8_ndcg20","user_attrs_fold8_ndcg50","user_attrs_fold8_r2","user_attrs_fold9_mae","user_attrs_fold9_mape","user_attrs_fold9_ndcg10","user_attrs_fold9_ndcg20","user_attrs_fold9_ndcg50","user_attrs_fold9_r2","user_attrs_pca_components","system_attrs_completed_rung_0","system_attrs_completed_rung_1","system_attrs_completed_rung_2","state"
18,0.07967955619096756,"2025-05-16 20:57:58.358541","2025-05-16 20:57:59.407159","0 days 00:00:01.048618",80,"","","","",112,"","","",0.0004786440047224526,1,1,0.5,7,"","","","","","","","","","","","","","","","","","","","","","","","","","","","","","","","","","","","","","","","","","","","","","","","","","","","","","",0.1114145964384079,43.117801666259766,0.7635085582733154,0.765108048915863,0.7982286214828491,0.29590463638305664,"","","","","","","","","","","","","","","","","","","","","","","","","","","","","","","","","","","","","","","","","","","","","","","","","",0.07967955619096756,"","","PRUNED"
19,0.0791236013174057,"2025-05-16 20:57:59.407401","2025-05-16 20:58:01.004772","0 days 00:00:01.597371",144,96.0,"","","",160,16.0,"","",0.009520119840265816,2,2,0.4,2,"","","","","","","","","","","","","","","","","","","","","","","","","","","","","","","","","","","","","","","","","","","","","","","","","","","","","","",0.10378339886665344,41.42656707763672,0.9036943316459656,0.8632622957229614,0.8433820605278015,0.3749891519546509,0.18130579590797424,2382.3017578125,0.5795990824699402,0.6169629693031311,0.8250051140785217,0.04530066251754761,0.09012138843536377,56.59600067138672,0.8750280737876892,0.8798105120658875,0.8815329670906067,0.5817024111747742,0.10913750529289246,50.404823303222656,0.6532998085021973,0.7623558640480042,0.7542823553085327,0.3469793200492859,"","","","","","","","","","","","","","","","","","","","","","","","","","","","","","","",0.07637184858322144,0.0791236013174057,"","PRUNED"
20,0.07695981860160828,"2025-05-16 20:58:01.005045","2025-05-16 20:58:02.085381","0 days 00:00:01.080336",32,208.0,128.0,"","",192,"","","",0.0015270248779912499,3,1,0.30000000000000004,4,"","","","","","","","","","","","","","","","","","","","","","","","","","","","","","","","","","","","","","","","","","","","","","","","","","","","","","",0.10419272631406784,41.968135833740234,0.7728529572486877,0.797501802444458,0.799547016620636,0.3948838710784912,"","","","","","","","","","","","","","","","","","","","","","","","","","","","","","","","","","","","","","","","","","","","","","","","","",0.07695981860160828,"","","PRUNED"
21,0.07273378223180771,"2025-05-16 20:58:02.085635","2025-05-16 20:58:05.376491","0 days 00:00:03.290856",48,144.0,256.0,"","",208,160.0,"","",0.002115881127272299,3,2,0.0,3,"","","","","","","","","","","","","","","","","","","","","","","","","","","","","","","","","","","","","","","","","","","","","","","","","","","","","","",0.09031862020492554,36.299407958984375,0.7011495232582092,0.7651317715644836,0.8386198282241821,0.4528212547302246,0.16894982755184174,1330.224853515625,0.7026596069335938,0.6624746322631836,0.8479582667350769,0.0430065393447876,0.08973025530576706,51.36238479614258,0.8840382099151611,0.8916696310043335,0.885478675365448,0.5325432419776917,0.10462436825037003,54.27838134765625,0.6862972974777222,0.7652466297149658,0.8095974922180176,0.3223414421081543,"","","","","","","","","","","","","","","","","","","","","","","","","","","","","","","",0.0738355815410614,0.07273378223180771,"","PRUNED"
22,0.09760208712781177,"2025-05-16 20:58:05.376762","2025-05-16 20:58:13.287686","0 days 00:00:07.910924",64,160.0,208.0,"","",192,176.0,"","",0.002653454059580611,3,2,0.0,2,0.09760208712781177,1504.1810239904066,0.8372040969483993,0.8235704670934116,0.8007877854739919,0.40836870319703045,0.12495081126689911,327.1677551269531,0.44903621077537537,0.4284709692001343,0.4399799108505249,0.02672499418258667,0.06653309613466263,437.30987548828125,0.9189135432243347,0.9310166835784912,0.916008710861206,0.7201662957668304,0.13373304903507233,130.48092651367188,1.0,0.9996765851974487,0.864974856376648,0.32775700092315674,0.10150741040706635,57.987613677978516,1.0,1.0,0.9193575978279114,0.6443217992782593,0.08481699973344803,88.13668823242188,1.0,0.8765124082565308,0.8296822905540466,0.412705659866333,0.07724074274301529,66.275390625,0.9272605776786804,0.8736307621002197,0.8571759462356567,0.592233806848526,0.12690788507461548,109.96293640136719,1.0,1.0,0.9738209843635559,0.5468886196613312,0.07372920215129852,88.3194808959961,0.9029794931411743,0.8435854911804199,0.8116816878318787,0.47214293479919434,0.0896759033203125,36.298770904541016,0.7924306392669678,0.8152483105659485,0.8403139114379883,0.492417573928833,0.16621562838554382,1692.593017578125,0.7008728384971619,0.7175429463386536,0.8607610464096069,0.12863028049468994,0.08928226679563522,52.21592712402344,0.8914092779159546,0.885805070400238,0.8745487928390503,0.5356069505214691,0.10164409875869751,47.43751525878906,0.6890502572059631,0.7961817979812622,0.8078815937042236,0.36545342206954956,0.07356791943311691,21059.365234375,0.8543214797973633,0.7368538975715637,0.6812413930892944,0.3895877003669739,0.08892884105443954,418.9465026855469,0.39449024200439453,0.4715559184551239,0.5571831464767456,0.03658384084701538,0.100181445479393,174.8866729736328,0.8761716485023499,0.8525468111038208,0.7861737012863159,0.4408462643623352,0.052529025822877884,537.9552612304688,0.989435613155365,0.9931821227073669,0.8661515712738037,0.4481065273284912,0.10779115557670593,245.7378387451172,0.8460978269577026,0.7788881659507751,0.7264552116394043,0.36209428310394287,0.0,0.06865115463733673,0.06653346121311188,0.07396574318408966,"COMPLETE"
23,0.07416122406721115,"2025-05-16 20:58:13.288124","2025-05-16 20:58:14.903443","0 days 00:00:01.615319",80,176.0,192.0,"","",160,"","","",0.0057622993014721565,3,1,0.1,2,"","","","","","","","","","","","","","","","","","","","","","","","","","","","","","","","","","","","","","","","","","","","","","","","","","","","","","",0.10396430641412735,44.445594787597656,0.7676289677619934,0.7915384769439697,0.8055090308189392,0.38981568813323975,0.19025950133800507,2638.020751953125,0.561970591545105,0.5758236646652222,0.8138179779052734,0.05225247144699097,0.10621576756238937,58.40336227416992,0.9071013331413269,0.8870862126350403,0.8696587085723877,0.4622519016265869,0.0956842452287674,51.713157653808594,0.7937116026878357,0.8617851138114929,0.8307867050170898,0.4936531186103821,"","","","","","","","","","","","","","","","","","","","","","","","","","","","","","","",0.0702114850282669,0.07416122406721115,"","PRUNED"
24,0.08308902382850647,"2025-05-16 20:58:14.903756","2025-05-16 20:58:15.711891","0 days 00:00:00.808135",32,112.0,"","","",176,176.0,144.0,"",0.00044764803848227095,2,3,0.2,1,"","","","","","","","","","","","","","","","","","","","","","","","","","","","","","","","","","","","","","","","","","","","","","","","","","","","","","",0.10161887854337692,36.91252899169922,0.7419900894165039,0.7723427414894104,0.8124078512191772,0.3303418755531311,"","","","","","","","","","","","","","","","","","","","","","","","","","","","","","","","","","","","","","","","","","","","","","","","","",0.08308902382850647,"","","PRUNED"
25,0.07647456973791122,"2025-05-16 20:58:15.712158","2025-05-16 20:58:16.757970","0 days 00:00:01.045812",128,160.0,208.0,"","",192,192.0,"","",0.0009065228690232276,3,2,0.0,2,"","","","","","","","","","","","","","","","","","","","","","","","","","","","","","","","","","","","","","","","","","","","","","","","","","","","","","",0.09955496340990067,40.404476165771484,0.7026839852333069,0.7525519728660583,0.7973534464836121,0.33868420124053955,"","","","","","","","","","","","","","","","","","","","","","","","","","","","","","","","","","","","","","","","","","","","","","","","","",0.07647456973791122,"","","PRUNED"
26,0.07440906018018723,"2025-05-16 20:58:16.758238","2025-05-16 20:58:19.885952","0 days 00:00:03.127714",256,224.0,160.0,192.0,"",144,"","","",0.003587054453361915,4,1,0.1,5,"","","","","","","","","","","","","","","","","","","","","","","","","","","","","","","","","","","","","","","","","","","","","","","","","","","","","","",0.09589014202356339,42.340328216552734,0.793946385383606,0.8046296238899231,0.8317745327949524,0.4454508423805237,0.17318369448184967,1879.19384765625,0.6317510604858398,0.6239894032478333,0.8384358882904053,0.07668888568878174,0.09042748808860779,51.55185317993164,0.9291916489601135,0.9243178963661194,0.8894705176353455,0.5838494300842285,0.10373954474925995,51.96681594848633,0.6841273903846741,0.7898223400115967,0.7926258444786072,0.3897061347961426,"","","","","","","","","","","","","","","","","","","","","","","","","","","","","","","",0.0757642462849617,0.07440906018018723,"","PRUNED"
27,0.07982844859361649,"2025-05-16 20:58:19.886222","2025-05-16 20:58:20.945180","0 days 00:00:01.058958",80,112.0,"","","",192,"","","",0.010102571266417538,2,1,0.2,4,"","","","","","","","","","","","","","","","","","","","","","","","","","","","","","","","","","","","","","","","","","","","","","","","","","","","","","",0.10677283257246017,44.068058013916016,0.7005541324615479,0.7579869627952576,0.801982581615448,0.37719660997390747,"","","","","","","","","","","","","","","","","","","","","","","","","","","","","","","","","","","","","","","","","","","","","","","","","",0.07982844859361649,"","","PRUNED"
28,0.07817245274782181,"2025-05-16 20:58:20.945444","2025-05-16 20:58:22.686001","0 days 00:00:01.740557",176,176.0,224.0,"","",112,64.0,"","",0.0022497295689028504,3,2,0.4,1,"","","","","","","","","","","","","","","","","","","","","","","","","","","","","","","","","","","","","","","","","","","","","","","","","","","","","","",0.1117309182882309,44.7702522277832,0.7202985286712646,0.7538913488388062,0.7857763171195984,0.27050238847732544,0.1864948868751526,2109.2275390625,0.6214463114738464,0.6292511820793152,0.8337923288345337,0.07096850872039795,0.09693288058042526,50.18056106567383,0.884768545627594,0.8778224587440491,0.8889520764350891,0.4576309323310852,0.10088946670293808,44.98722457885742,0.6943698525428772,0.7939940094947815,0.7595815062522888,0.3592613935470581,"","","","","","","","","","","","","","","","","","","","","","","","","","","","","","","",0.07599389553070068,0.07817245274782181,"","PRUNED"
29,0.08981691300868988,"2025-05-16 20:58:22.686282","2025-05-16 20:58:24.622023","0 days 00:00:01.935741",32,"","","","",144,96.0,"","",0.012638482267794026,1,2,0.30000000000000004,6,"","","","","","","","","","","","","","","","","","","","","","","","","","","","","","","","","","","","","","","","","","","","","","","","","","","","","","",0.09679564833641052,37.37091064453125,0.7279708981513977,0.7415350079536438,0.8054363131523132,0.374692440032959,"","","","","","","","","","","","","","","","","","","","","","","","","","","","","","","","","","","","","","","","","","","","","","","","","",0.08981691300868988,"","","PRUNED"
30,1.1702580451965332,"2025-05-16 20:58:24.622380","2025-05-16 20:58:27.975457","0 days 00:00:03.353077",224,80.0,160.0,16.0,"",192,176.0,16.0,"",0.08225657698323076,4,3,0.5,7,"","","","","","","","","","","","","","","","","","","","","","","","","","","","","","","","","","","","","","","","","","","","","","","","","","","","","","",0.17298373579978943,55.76863098144531,0.3079359233379364,0.3392367362976074,0.38500848412513733,-0.6901793479919434,"","","","","","","","","","","","","","","","","","","","","","","","","","","","","","","","","","","","","","","","","","","","","","","","","",1.1702580451965332,"","","PRUNED"
31,0.07369452714920044,"2025-05-16 20:58:27.975797","2025-05-16 20:58:32.556746","0 days 00:00:04.580949",64,128.0,256.0,"","",208,144.0,"","",0.0026528927453033212,3,2,0.0,3,"","","","","","","","","","","","","","","","","","","","","","","","","","","","","","","","","","","","","","","","","","","","","","","","","","","","","","",0.09638860076665878,39.95744705200195,0.8017582893371582,0.8409221768379211,0.8381605744361877,0.439886212348938,0.14609195291996002,832.4151000976562,0.7223987579345703,0.7931212782859802,0.891764760017395,0.2425212264060974,0.09614866226911545,53.536170959472656,0.9457553029060364,0.9303457736968994,0.902708113193512,0.5724426805973053,0.10153362900018692,47.452327728271484,0.6905659437179565,0.7982279658317566,0.80748450756073,0.30491501092910767,"","","","","","","","","","","","","","","","","","","","","","","","","","","","","","","",0.06226826086640358,0.07369452714920044,"","PRUNED"
32,0.07424698024988174,"2025-05-16 20:58:32.557024","2025-05-16 20:58:35.431596","0 days 00:00:02.874572",32,160.0,224.0,"","",208,176.0,"","",0.001416623274589092,3,2,0.0,2,"","","","","","","","","","","","","","","","","","","","","","","","","","","","","","","","","","","","","","","","","","","","","","","","","","","","","","",0.09551356732845306,37.02009582519531,0.7697682976722717,0.7547003626823425,0.7977487444877625,0.34154826402664185,0.1713809221982956,1672.5130615234375,0.7414895296096802,0.6670908331871033,0.8529499173164368,0.08334678411483765,0.08459603786468506,50.378639221191406,0.8736377954483032,0.854038655757904,0.8814370632171631,0.5408344268798828,0.10747500509023666,58.472984313964844,0.6430174708366394,0.6980506777763367,0.7801415324211121,0.32900476455688477,"","","","","","","","","","","","","","","","","","","","","","","","","","","","","","","",0.0753866657614708,0.07424698024988174,"","PRUNED"
33,0.08265142887830734,"2025-05-16 20:58:35.431869","2025-05-16 20:58:38.346128","0 days 00:00:02.914259",48,160.0,"","","",192,144.0,112.0,112.0,0.005324831567178277,2,4,0.1,3,"","","","","","","","","","","","","","","","","","","","","","","","","","","","","","","","","","","","","","","","","","","","","","","","","","","","","","",0.09965455532073975,39.065086364746094,0.7006012797355652,0.7551265358924866,0.7866640686988831,0.354455828666687,"","","","","","","","","","","","","","","","","","","","","","","","","","","","","","","","","","","","","","","","","","","","","","","","","",0.08265142887830734,"","","PRUNED"
34,0.07650598138570786,"2025-05-16 20:58:38.346415","2025-05-16 20:58:39.796272","0 days 00:00:01.449857",16,208.0,240.0,"","",176,192.0,"","",0.0006523729264621979,3,2,0.0,3,"","","","","","","","","","","","","","","","","","","","","","","","","","","","","","","","","","","","","","","","","","","","","","","","","","","","","","",0.0975186824798584,40.33955001831055,0.707457959651947,0.7748408317565918,0.7901884317398071,0.4037795066833496,"","","","","","","","","","","","","","","","","","","","","","","","","","","","","","","","","","","","","","","","","","","","","","","","","",0.07650598138570786,"","","PRUNED"
35,0.0832592248916626,"2025-05-16 20:58:39.796569","2025-05-16 20:58:40.357300","0 days 00:00:00.560731",112,16.0,"","","",208,"","","",0.00036977719538792845,2,1,0.1,1,"","","","","","","","","","","","","","","","","","","","","","","","","","","","","","","","","","","","","","","","","","","","","","","","","","","","","","",0.09894298762083054,39.41252899169922,0.6941673159599304,0.7932875156402588,0.7864599823951721,0.4115647077560425,"","","","","","","","","","","","","","","","","","","","","","","","","","","","","","","","","","","","","","","","","","","","","","","","","",0.0832592248916626,"","","PRUNED"
36,0.07753700017929077,"2025-05-16 20:58:40.357598","2025-05-16 20:58:42.396856","0 days 00:00:02.039258",96,112.0,192.0,192.0,16.0,160,112.0,160.0,"",0.0011367594921840502,5,3,0.0,4,"","","","","","","","","","","","","","","","","","","","","","","","","","","","","","","","","","","","","","","","","","","","","","","","","","","","","","",0.10379578173160553,37.690673828125,0.7088183760643005,0.7661735415458679,0.8092005252838135,0.30579274892807007,"","","","","","","","","","","","","","","","","","","","","","","","","","","","","","","","","","","","","","","","","","","","","","","","","",0.07753700017929077,"","","PRUNED"
37,0.08293934911489487,"2025-05-16 20:58:42.397140","2025-05-16 20:58:43.166646","0 days 00:00:00.769506",64,128.0,240.0,96.0,"",96,"","","",0.0001800682320373097,4,1,0.0,3,"","","","","","","","","","","","","","","","","","","","","","","","","","","","","","","","","","","","","","","","","","","","","","","","","","","","","","",0.10310663282871246,48.662349700927734,0.7584762573242188,0.8010836243629456,0.7980583906173706,0.46762973070144653,"","","","","","","","","","","","","","","","","","","","","","","","","","","","","","","","","","","","","","","","","","","","","","","","","",0.08293934911489487,"","","PRUNED"
38,0.07714108377695084,"2025-05-16 20:58:43.166908","2025-05-16 20:58:44.154466","0 days 00:00:00.987558",128,48.0,96.0,192.0,"",192,160.0,"","",0.002720153602751991,4,2,0.1,2,"","","","","","","","","","","","","","","","","","","","","","","","","","","","","","","","","","","","","","","","","","","","","","","","","","","","","","",0.10145575553178787,38.53376770019531,0.7209906578063965,0.767699658870697,0.8160747289657593,0.3451365828514099,"","","","","","","","","","","","","","","","","","","","","","","","","","","","","","","","","","","","","","","","","","","","","","","","","",0.07714108377695084,"","","PRUNED"
39,0.0856904461979866,"2025-05-16 20:58:44.154735","2025-05-16 20:58:44.798196","0 days 00:00:00.643461",80,240.0,"","","",64,"","","",0.0002601090295610797,2,1,0.30000000000000004,5,"","","","","","","","","","","","","","","","","","","","","","","","","","","","","","","","","","","","","","","","","","","","","","","","","","","","","","",0.10764430463314056,42.55477523803711,0.6972729563713074,0.8007514476776123,0.8156988024711609,0.3665034770965576,"","","","","","","","","","","","","","","","","","","","","","","","","","","","","","","","","","","","","","","","","","","","","","","","","",0.0856904461979866,"","","PRUNED"
40,0.07957092672586441,"2025-05-16 20:58:44.798488","2025-05-16 20:58:45.593075","0 days 00:00:00.794587",16,144.0,176.0,"","",16,128.0,80.0,"",0.0018908475628369892,3,3,0.2,1,"","","","","","","","","","","","","","","","","","","","","","","","","","","","","","","","","","","","","","","","","","","","","","","","","","","","","","",0.10261169075965881,39.58926010131836,0.7419900894165039,0.7813131809234619,0.7828531861305237,0.34496742486953735,"","","","","","","","","","","","","","","","","","","","","","","","","","","","","","","","","","","","","","","","","","","","","","","","","",0.07957092672586441,"","","PRUNED"
