"number","value","datetime_start","datetime_complete","duration","params_decoder_layer_width_0","params_decoder_layer_width_1","params_decoder_layer_width_2","params_decoder_layer_width_3","params_decoder_layer_width_4","params_lr","params_n_decoder_layers","user_attrs_avg_mae","user_attrs_avg_mape","user_attrs_avg_ndcg10","user_attrs_avg_ndcg20","user_attrs_avg_ndcg50","user_attrs_avg_r2","user_attrs_fold10_mae","user_attrs_fold10_mape","user_attrs_fold10_ndcg10","user_attrs_fold10_ndcg20","user_attrs_fold10_ndcg50","user_attrs_fold10_r2","user_attrs_fold11_mae","user_attrs_fold11_mape","user_attrs_fold11_ndcg10","user_attrs_fold11_ndcg20","user_attrs_fold11_ndcg50","user_attrs_fold11_r2","user_attrs_fold12_mae","user_attrs_fold12_mape","user_attrs_fold12_ndcg10","user_attrs_fold12_ndcg20","user_attrs_fold12_ndcg50","user_attrs_fold12_r2","user_attrs_fold13_mae","user_attrs_fold13_mape","user_attrs_fold13_ndcg10","user_attrs_fold13_ndcg20","user_attrs_fold13_ndcg50","user_attrs_fold13_r2","user_attrs_fold14_mae","user_attrs_fold14_mape","user_attrs_fold14_ndcg10","user_attrs_fold14_ndcg20","user_attrs_fold14_ndcg50","user_attrs_fold14_r2","user_attrs_fold15_mae","user_attrs_fold15_mape","user_attrs_fold15_ndcg10","user_attrs_fold15_ndcg20","user_attrs_fold15_ndcg50","user_attrs_fold15_r2","user_attrs_fold16_mae","user_attrs_fold16_mape","user_attrs_fold16_ndcg10","user_attrs_fold16_ndcg20","user_attrs_fold16_ndcg50","user_attrs_fold16_r2","user_attrs_fold17_mae","user_attrs_fold17_mape","user_attrs_fold17_ndcg10","user_attrs_fold17_ndcg20","user_attrs_fold17_ndcg50","user_attrs_fold17_r2","user_attrs_fold1_mae","user_attrs_fold1_mape","user_attrs_fold1_ndcg10","user_attrs_fold1_ndcg20","user_attrs_fold1_ndcg50","user_attrs_fold1_r2","user_attrs_fold2_mae","user_attrs_fold2_mape","user_attrs_fold2_ndcg10","user_attrs_fold2_ndcg20","user_attrs_fold2_ndcg50","user_attrs_fold2_r2","user_attrs_fold3_mae","user_attrs_fold3_mape","user_attrs_fold3_ndcg10","user_attrs_fold3_ndcg20","user_attrs_fold3_ndcg50","user_attrs_fold3_r2","user_attrs_fold4_mae","user_attrs_fold4_mape","user_attrs_fold4_ndcg10","user_attrs_fold4_ndcg20","user_attrs_fold4_ndcg50","user_attrs_fold4_r2","user_attrs_fold5_mae","user_attrs_fold5_mape","user_attrs_fold5_ndcg10","user_attrs_fold5_ndcg20","user_attrs_fold5_ndcg50","user_attrs_fold5_r2","user_attrs_fold6_mae","user_attrs_fold6_mape","user_attrs_fold6_ndcg10","user_attrs_fold6_ndcg20","user_attrs_fold6_ndcg50","user_attrs_fold6_r2","user_attrs_fold7_mae","user_attrs_fold7_mape","user_attrs_fold7_ndcg10","user_attrs_fold7_ndcg20","user_attrs_fold7_ndcg50","user_attrs_fold7_r2","user_attrs_fold8_mae","user_attrs_fold8_mape","user_attrs_fold8_ndcg10","user_attrs_fold8_ndcg20","user_attrs_fold8_ndcg50","user_attrs_fold8_r2","user_attrs_fold9_mae","user_attrs_fold9_mape","user_attrs_fold9_ndcg10","user_attrs_fold9_ndcg20","user_attrs_fold9_ndcg50","user_attrs_fold9_r2","user_attrs_pca_components","system_attrs_completed_rung_0","system_attrs_completed_rung_1","system_attrs_completed_rung_2","state"
15,0.0669202134013176,"2025-05-16 21:01:54.233105","2025-05-16 21:01:55.312270","0 days 00:00:01.079165",192,192.0,"","","",0.0039052457207701266,2,"","","","","","","","","","","","","","","","","","","","","","","","","","","","","","","","","","","","","","","","","","","","","","","","","","","","","","",0.1326879858970642,67.09832763671875,0.7078944444656372,0.6924958825111389,0.7664895057678223,0.00796520709991455,0.2048044055700302,2341.0703125,0.5189040899276733,0.5901455283164978,0.7913685441017151,0.01876145601272583,0.1476016640663147,81.19310760498047,0.5514373779296875,0.591456413269043,0.6753354072570801,-0.24515271186828613,0.11410074681043625,57.02593994140625,0.7753305435180664,0.7566984295845032,0.7923216223716736,0.24143916368484497,"","","","","","","","","","","","","","","","","","","","","","","","","","","","","","","",0.060945626348257065,0.0669202134013176,"","PRUNED"
16,0.08757990598678589,"2025-05-16 21:01:55.312502","2025-05-16 21:01:55.751136","0 days 00:00:00.438634",144,80.0,112.0,"","",0.01631757982930027,3,"","","","","","","","","","","","","","","","","","","","","","","","","","","","","","","","","","","","","","","","","","","","","","","","","","","","","","",0.13418839871883392,66.18104553222656,0.6536660194396973,0.7088718414306641,0.7743780612945557,0.06582283973693848,"","","","","","","","","","","","","","","","","","","","","","","","","","","","","","","","","","","","","","","","","","","","","","","","","",0.08757990598678589,"","","PRUNED"
17,0.07574455440044403,"2025-05-16 21:01:55.751361","2025-05-16 21:01:56.132085","0 days 00:00:00.380724",80,192.0,"","","",0.0013651446245243868,2,"","","","","","","","","","","","","","","","","","","","","","","","","","","","","","","","","","","","","","","","","","","","","","","","","","","","","","",0.13960906863212585,62.74018096923828,0.6703500747680664,0.691777229309082,0.7486539483070374,0.02947998046875,"","","","","","","","","","","","","","","","","","","","","","","","","","","","","","","","","","","","","","","","","","","","","","","","","",0.07574455440044403,"","","PRUNED"
18,0.11406140774488449,"2025-05-16 21:01:56.132308","2025-05-16 21:01:56.614400","0 days 00:00:00.482092",256,96.0,"","","",0.06832523873664711,2,"","","","","","","","","","","","","","","","","","","","","","","","","","","","","","","","","","","","","","","","","","","","","","","","","","","","","","",0.1881508082151413,64.1980209350586,0.3079359233379364,0.3392367362976074,0.38500848412513733,-0.8308783769607544,"","","","","","","","","","","","","","","","","","","","","","","","","","","","","","","","","","","","","","","","","","","","","","","","","",0.11406140774488449,"","","PRUNED"
19,0.07832419872283936,"2025-05-16 21:01:56.614631","2025-05-16 21:01:57.537517","0 days 00:00:00.922886",48,32.0,176.0,"","",0.008075360593025003,3,"","","","","","","","","","","","","","","","","","","","","","","","","","","","","","","","","","","","","","","","","","","","","","","","","","","","","","",0.13460442423820496,65.41288757324219,0.688435971736908,0.7082287073135376,0.7524572610855103,0.011656522750854492,0.23490417003631592,4461.150390625,0.4199947416782379,0.509671688079834,0.7408097386360168,-0.2677938938140869,0.15150868892669678,78.39307403564453,0.4346503019332886,0.5499327182769775,0.6369179487228394,-0.317152738571167,0.12970943748950958,70.02336120605469,0.7415092587471008,0.7169223427772522,0.7589259743690491,0.1529017686843872,"","","","","","","","","","","","","","","","","","","","","","","","","","","","","","","",0.06896838545799255,0.07832419872283936,"","PRUNED"
20,0.07548364251852036,"2025-05-16 21:01:57.537762","2025-05-16 21:01:58.010162","0 days 00:00:00.472400",192,160.0,80.0,"","",0.0019867449913325,3,"","","","","","","","","","","","","","","","","","","","","","","","","","","","","","","","","","","","","","","","","","","","","","","","","","","","","","",0.13280777633190155,65.33948516845703,0.6617516875267029,0.7208271622657776,0.7551839351654053,0.027160584926605225,"","","","","","","","","","","","","","","","","","","","","","","","","","","","","","","","","","","","","","","","","","","","","","","","","",0.07548364251852036,"","","PRUNED"
21,0.10168900340795517,"2025-05-16 21:01:58.010402","2025-05-16 21:01:58.463214","0 days 00:00:00.452812",96,16.0,176.0,160.0,"",0.000559654823004354,4,"","","","","","","","","","","","","","","","","","","","","","","","","","","","","","","","","","","","","","","","","","","","","","","","","","","","","","",0.1494450718164444,58.70021057128906,0.6430115103721619,0.690710723400116,0.7318114638328552,-0.14773643016815186,"","","","","","","","","","","","","","","","","","","","","","","","","","","","","","","","","","","","","","","","","","","","","","","","","",0.10168900340795517,"","","PRUNED"
22,0.11379634588956833,"2025-05-16 21:01:58.463441","2025-05-16 21:01:58.934545","0 days 00:00:00.471104",128,48.0,192.0,144.0,16.0,0.04029105167612379,5,"","","","","","","","","","","","","","","","","","","","","","","","","","","","","","","","","","","","","","","","","","","","","","","","","","","","","","",0.15059079229831696,69.5284652709961,0.6363245248794556,0.6888708472251892,0.7243980169296265,-0.015919089317321777,"","","","","","","","","","","","","","","","","","","","","","","","","","","","","","","","","","","","","","","","","","","","","","","","","",0.11379634588956833,"","","PRUNED"
23,0.07749687135219574,"2025-05-16 21:01:58.934786","2025-05-16 21:01:59.447496","0 days 00:00:00.512710",144,64.0,208.0,208.0,"",0.011981312877347966,4,"","","","","","","","","","","","","","","","","","","","","","","","","","","","","","","","","","","","","","","","","","","","","","","","","","","","","","",0.13424478471279144,66.94369506835938,0.7590466141700745,0.6940229535102844,0.7729257345199585,0.1373603343963623,"","","","","","","","","","","","","","","","","","","","","","","","","","","","","","","","","","","","","","","","","","","","","","","","","",0.07749687135219574,"","","PRUNED"
24,0.07294795662164688,"2025-05-16 21:01:59.447757","2025-05-16 21:02:00.607988","0 days 00:00:01.160231",96,224.0,128.0,80.0,80.0,0.004837268846940564,5,"","","","","","","","","","","","","","","","","","","","","","","","","","","","","","","","","","","","","","","","","","","","","","","","","","","","","","",0.1438886821269989,60.267234802246094,0.7248270511627197,0.7298060655593872,0.7611479759216309,-0.053056955337524414,0.22269728779792786,3456.761962890625,0.4251070022583008,0.5388520956039429,0.7425233125686646,-0.15242183208465576,0.15052670240402222,84.18840789794922,0.4383504092693329,0.5603631138801575,0.6401500105857849,-0.2588268518447876,0.11470794677734375,65.31649780273438,0.7304775714874268,0.7342212200164795,0.7647329568862915,0.28469258546829224,"","","","","","","","","","","","","","","","","","","","","","","","","","","","","","","",0.06651804596185684,0.07294795662164688,"","PRUNED"
25,0.10467935353517532,"2025-05-16 21:02:00.608254","2025-05-16 21:02:01.068331","0 days 00:00:00.460077",176,128.0,160.0,"","",0.0003322368793353073,3,"","","","","","","","","","","","","","","","","","","","","","","","","","","","","","","","","","","","","","","","","","","","","","","","","","","","","","",0.14484937489032745,59.54277420043945,0.7307996153831482,0.6714616417884827,0.7476885318756104,-0.05741739273071289,"","","","","","","","","","","","","","","","","","","","","","","","","","","","","","","","","","","","","","","","","","","","","","","","","",0.10467935353517532,"","","PRUNED"
26,0.07258440554141998,"2025-05-16 21:02:01.068560","2025-05-16 21:02:01.515057","0 days 00:00:00.446497",48,256.0,224.0,112.0,"",0.0027563714998947685,4,"","","","","","","","","","","","","","","","","","","","","","","","","","","","","","","","","","","","","","","","","","","","","","","","","","","","","","",0.1487264335155487,68.4345932006836,0.7030256986618042,0.6677472591400146,0.7533071637153625,-0.0782996416091919,"","","","","","","","","","","","","","","","","","","","","","","","","","","","","","","","","","","","","","","","","","","","","","","","","",0.07258440554141998,"","","PRUNED"
27,0.07825535535812378,"2025-05-16 21:02:01.515304","2025-05-16 21:02:01.910422","0 days 00:00:00.395118",112,224.0,"","","",0.001058503949556677,2,"","","","","","","","","","","","","","","","","","","","","","","","","","","","","","","","","","","","","","","","","","","","","","","","","","","","","","",0.1407424956560135,63.11165237426758,0.6855224370956421,0.6939822435379028,0.7565522193908691,0.027885019779205322,"","","","","","","","","","","","","","","","","","","","","","","","","","","","","","","","","","","","","","","","","","","","","","","","","",0.07825535535812378,"","","PRUNED"
28,0.09818144142627716,"2025-05-16 21:02:01.910649","2025-05-16 21:02:02.315719","0 days 00:00:00.405070",160,"","","","",0.000722461750467921,1,"","","","","","","","","","","","","","","","","","","","","","","","","","","","","","","","","","","","","","","","","","","","","","","","","","","","","","",0.14227008819580078,57.259220123291016,0.7267075181007385,0.7069763541221619,0.7739459276199341,-0.046254515647888184,"","","","","","","","","","","","","","","","","","","","","","","","","","","","","","","","","","","","","","","","","","","","","","","","","",0.09818144142627716,"","","PRUNED"
29,0.12786729633808136,"2025-05-16 21:02:02.315936","2025-05-16 21:02:02.878477","0 days 00:00:00.562541",240,16.0,144.0,192.0,224.0,0.00014589741195603412,5,"","","","","","","","","","","","","","","","","","","","","","","","","","","","","","","","","","","","","","","","","","","","","","","","","","","","","","",0.18065255880355835,60.191368103027344,0.57887864112854,0.6150766611099243,0.6961816549301147,-0.7403185367584229,"","","","","","","","","","","","","","","","","","","","","","","","","","","","","","","","","","","","","","","","","","","","","","","","","",0.12786729633808136,"","","PRUNED"
30,0.1467066131093923,"2025-05-16 21:02:02.878716","2025-05-16 21:02:06.399017","0 days 00:00:03.520301",192,144.0,64.0,"","",0.005530018118824706,3,0.1467066131093923,6005.773619707893,0.5143655494732016,0.5320082999327603,0.5898642645162695,-0.2655722218401292,0.1391296088695526,580.649658203125,0.4530862867832184,0.397767573595047,0.48748183250427246,0.07765215635299683,0.1153298020362854,1610.056884765625,0.5223565697669983,0.6223949193954468,0.7064546346664429,0.44304370880126953,0.15510323643684387,265.0971984863281,0.6217413544654846,0.6648883819580078,0.6637440323829651,0.32412558794021606,0.15765070915222168,78.73602294921875,0.4391518533229828,0.4940953254699707,0.59219890832901,0.037344515323638916,0.11259625107049942,180.21856689453125,0.6533330082893372,0.6083900332450867,0.6207340359687805,0.08886760473251343,0.10572037100791931,90.13896942138672,0.661687970161438,0.6983944177627563,0.6901060938835144,0.13816285133361816,0.1941991150379181,181.70973205566406,0.7989809513092041,0.727796733379364,0.6647878289222717,0.1583951711654663,0.13313372433185577,177.63494873046875,0.12702222168445587,0.22350259125232697,0.3608320951461792,-1.364480972290039,0.13312190771102905,67.22607421875,0.759346604347229,0.7014369964599609,0.7831347584724426,0.06478750705718994,0.22328302264213562,3406.89892578125,0.4524923861026764,0.5296428203582764,0.7570211887359619,-0.13790977001190186,0.15226592123508453,77.20447540283203,0.43932345509529114,0.5652602910995483,0.6295391321182251,-0.3435720205307007,0.11221478134393692,62.18792724609375,0.6567492485046387,0.6725680232048035,0.745460033416748,0.30289822816848755,0.12493070960044861,88041.5859375,0.1546623408794403,0.20694249868392944,0.3364189863204956,-0.43997156620025635,0.098871149122715,515.3914184570312,0.3404585123062134,0.39611443877220154,0.5258217453956604,-0.01985454559326172,0.14666303992271423,350.10369873046875,0.43365728855133057,0.3866907060146332,0.49701061844825745,0.03677147626876831,0.2710101306438446,6039.3076171875,0.33686721324920654,0.3861469626426697,0.228733628988266,-4.244279384613037,0.118788942694664,374.00347900390625,0.8932970762252808,0.7621083855628967,0.7382129430770874,0.3632916808128357,0.0,0.06669976562261581,0.06344126909971237,0.06579969823360443,"COMPLETE"
31,0.06604259461164474,"2025-05-16 21:02:06.399416","2025-05-16 21:02:07.474906","0 days 00:00:01.075490",192,144.0,80.0,"","",0.0060647135007391335,3,"","","","","","","","","","","","","","","","","","","","","","","","","","","","","","","","","","","","","","","","","","","","","","","","","","","","","","",0.14089453220367432,66.75465393066406,0.5927969217300415,0.6227183938026428,0.7084654569625854,-0.024137020111083984,0.22351884841918945,3659.083251953125,0.42731213569641113,0.5090126395225525,0.7536579966545105,-0.12002146244049072,0.15334460139274597,76.79351043701172,0.4970056712627411,0.5905685424804688,0.6339602470397949,-0.35886597633361816,0.10514941811561584,56.6587028503418,0.7079190611839294,0.7317133545875549,0.7945489287376404,0.3302488923072815,"","","","","","","","","","","","","","","","","","","","","","","","","","","","","","","",0.06344588845968246,0.06604259461164474,"","PRUNED"
32,0.0877259224653244,"2025-05-16 21:02:07.475153","2025-05-16 21:02:07.987971","0 days 00:00:00.512818",208,176.0,80.0,16.0,"",0.012980482435871755,4,"","","","","","","","","","","","","","","","","","","","","","","","","","","","","","","","","","","","","","","","","","","","","","","","","","","","","","",0.13437575101852417,64.92047119140625,0.6558138728141785,0.6786362528800964,0.7259715795516968,0.022775769233703613,"","","","","","","","","","","","","","","","","","","","","","","","","","","","","","","","","","","","","","","","","","","","","","","","","",0.0877259224653244,"","","PRUNED"
33,0.08230852335691452,"2025-05-16 21:02:07.988208","2025-05-16 21:02:09.117054","0 days 00:00:01.128846",208,112.0,"","","",0.002374899111291876,2,"","","","","","","","","","","","","","","","","","","","","","","","","","","","","","","","","","","","","","","","","","","","","","","","","","","","","","",0.13215669989585876,64.88668823242188,0.7197150588035583,0.7418652772903442,0.772206723690033,0.03840208053588867,0.22192782163619995,3620.501708984375,0.5032262802124023,0.5175331830978394,0.7617087364196777,-0.06949305534362793,0.14120781421661377,66.4232406616211,0.506892204284668,0.6072875261306763,0.6461988687515259,-0.21652007102966309,0.11355670541524887,60.27226257324219,0.7410369515419006,0.7348113059997559,0.7773943543434143,0.2732290029525757,"","","","","","","","","","","","","","","","","","","","","","","","","","","","","","","",0.062284473329782486,0.08230852335691452,"","PRUNED"
34,0.12433281540870667,"2025-05-16 21:02:09.117282","2025-05-16 21:02:09.617083","0 days 00:00:00.499801",176,208.0,32.0,112.0,"",0.00010492174065433004,4,"","","","","","","","","","","","","","","","","","","","","","","","","","","","","","","","","","","","","","","","","","","","","","","","","","","","","","",0.18245114386081696,62.654762268066406,0.4005998373031616,0.5375334024429321,0.6288138031959534,-0.7250844240188599,"","","","","","","","","","","","","","","","","","","","","","","","","","","","","","","","","","","","","","","","","","","","","","","","","",0.12433281540870667,"","","PRUNED"
35,0.09755901247262955,"2025-05-16 21:02:09.617315","2025-05-16 21:02:09.976522","0 days 00:00:00.359207",112,"","","","",0.031481789243876304,1,"","","","","","","","","","","","","","","","","","","","","","","","","","","","","","","","","","","","","","","","","","","","","","","","","","","","","","",0.18014462292194366,59.10527038574219,0.3079359233379364,0.3392367362976074,0.38500848412513733,-0.7606924772262573,"","","","","","","","","","","","","","","","","","","","","","","","","","","","","","","","","","","","","","","","","","","","","","","","","",0.09755901247262955,"","","PRUNED"
36,0.10492826998233795,"2025-05-16 21:02:09.976739","2025-05-16 21:02:10.395886","0 days 00:00:00.419147",80,144.0,64.0,"","",0.0003381033664931834,3,"","","","","","","","","","","","","","","","","","","","","","","","","","","","","","","","","","","","","","","","","","","","","","","","","","","","","","",0.14503514766693115,54.80986404418945,0.6295995116233826,0.681463897228241,0.7266088724136353,-0.14898252487182617,"","","","","","","","","","","","","","","","","","","","","","","","","","","","","","","","","","","","","","","","","","","","","","","","","",0.10492826998233795,"","","PRUNED"
37,0.08387282490730286,"2025-05-16 21:02:10.396144","2025-05-16 21:02:10.863164","0 days 00:00:00.467020",240,112.0,"","","",0.018007210626736648,2,"","","","","","","","","","","","","","","","","","","","","","","","","","","","","","","","","","","","","","","","","","","","","","","","","","","","","","",0.14542469382286072,67.8081283569336,0.7214154005050659,0.6884141564369202,0.7572416663169861,-0.046292781829833984,"","","","","","","","","","","","","","","","","","","","","","","","","","","","","","","","","","","","","","","","","","","","","","","","","",0.08387282490730286,"","","PRUNED"
38,0.08471356332302094,"2025-05-16 21:02:10.863390","2025-05-16 21:02:11.285228","0 days 00:00:00.421838",224,"","","","",0.005536606051899675,1,"","","","","","","","","","","","","","","","","","","","","","","","","","","","","","","","","","","","","","","","","","","","","","","","","","","","","","",0.13766267895698547,62.8703727722168,0.7085784673690796,0.7626314759254456,0.7871984839439392,0.027920067310333252,"","","","","","","","","","","","","","","","","","","","","","","","","","","","","","","","","","","","","","","","","","","","","","","","","",0.08471356332302094,"","","PRUNED"
39,0.0706244632601738,"2025-05-16 21:02:11.285447","2025-05-16 21:02:12.445099","0 days 00:00:01.159652",144,80.0,112.0,176.0,"",0.010170838007263155,4,"","","","","","","","","","","","","","","","","","","","","","","","","","","","","","","","","","","","","","","","","","","","","","","","","","","","","","",0.13883808255195618,68.70756530761719,0.7245079278945923,0.7192088961601257,0.7815533876419067,0.018867015838623047,0.20289593935012817,2389.71044921875,0.5139226913452148,0.5306874513626099,0.7775300741195679,0.043595075607299805,0.15245969593524933,77.40178680419922,0.5016788244247437,0.5584064722061157,0.6561832427978516,-0.34319794178009033,0.11690589785575867,60.50492477416992,0.6447204947471619,0.6607165336608887,0.716216504573822,0.22213804721832275,"","","","","","","","","","","","","","","","","","","","","","","","","","","","","","","",0.06836726516485214,0.0706244632601738,"","PRUNED"
