"number","value","datetime_start","datetime_complete","duration","params_decoder_layer_width_0","params_decoder_layer_width_1","params_decoder_layer_width_2","params_decoder_layer_width_3","params_decoder_layer_width_4","params_encoder_layer_width_0","params_encoder_layer_width_1","params_encoder_layer_width_2","params_encoder_layer_width_3","params_encoder_layer_width_4","params_lr","params_n_decoder_layers","params_n_encoder_layers","user_attrs_avg_mae","user_attrs_avg_mape","user_attrs_avg_ndcg10","user_attrs_avg_ndcg20","user_attrs_avg_ndcg50","user_attrs_avg_r2","user_attrs_fold10_mae","user_attrs_fold10_mape","user_attrs_fold10_ndcg10","user_attrs_fold10_ndcg20","user_attrs_fold10_ndcg50","user_attrs_fold10_r2","user_attrs_fold11_mae","user_attrs_fold11_mape","user_attrs_fold11_ndcg10","user_attrs_fold11_ndcg20","user_attrs_fold11_ndcg50","user_attrs_fold11_r2","user_attrs_fold12_mae","user_attrs_fold12_mape","user_attrs_fold12_ndcg10","user_attrs_fold12_ndcg20","user_attrs_fold12_ndcg50","user_attrs_fold12_r2","user_attrs_fold13_mae","user_attrs_fold13_mape","user_attrs_fold13_ndcg10","user_attrs_fold13_ndcg20","user_attrs_fold13_ndcg50","user_attrs_fold13_r2","user_attrs_fold14_mae","user_attrs_fold14_mape","user_attrs_fold14_ndcg10","user_attrs_fold14_ndcg20","user_attrs_fold14_ndcg50","user_attrs_fold14_r2","user_attrs_fold15_mae","user_attrs_fold15_mape","user_attrs_fold15_ndcg10","user_attrs_fold15_ndcg20","user_attrs_fold15_ndcg50","user_attrs_fold15_r2","user_attrs_fold16_mae","user_attrs_fold16_mape","user_attrs_fold16_ndcg10","user_attrs_fold16_ndcg20","user_attrs_fold16_ndcg50","user_attrs_fold16_r2","user_attrs_fold17_mae","user_attrs_fold17_mape","user_attrs_fold17_ndcg10","user_attrs_fold17_ndcg20","user_attrs_fold17_ndcg50","user_attrs_fold17_r2","user_attrs_fold1_mae","user_attrs_fold1_mape","user_attrs_fold1_ndcg10","user_attrs_fold1_ndcg20","user_attrs_fold1_ndcg50","user_attrs_fold1_r2","user_attrs_fold2_mae","user_attrs_fold2_mape","user_attrs_fold2_ndcg10","user_attrs_fold2_ndcg20","user_attrs_fold2_ndcg50","user_attrs_fold2_r2","user_attrs_fold3_mae","user_attrs_fold3_mape","user_attrs_fold3_ndcg10","user_attrs_fold3_ndcg20","user_attrs_fold3_ndcg50","user_attrs_fold3_r2","user_attrs_fold4_mae","user_attrs_fold4_mape","user_attrs_fold4_ndcg10","user_attrs_fold4_ndcg20","user_attrs_fold4_ndcg50","user_attrs_fold4_r2","user_attrs_fold5_mae","user_attrs_fold5_mape","user_attrs_fold5_ndcg10","user_attrs_fold5_ndcg20","user_attrs_fold5_ndcg50","user_attrs_fold5_r2","user_attrs_fold6_mae","user_attrs_fold6_mape","user_attrs_fold6_ndcg10","user_attrs_fold6_ndcg20","user_attrs_fold6_ndcg50","user_attrs_fold6_r2","user_attrs_fold7_mae","user_attrs_fold7_mape","user_attrs_fold7_ndcg10","user_attrs_fold7_ndcg20","user_attrs_fold7_ndcg50","user_attrs_fold7_r2","user_attrs_fold8_mae","user_attrs_fold8_mape","user_attrs_fold8_ndcg10","user_attrs_fold8_ndcg20","user_attrs_fold8_ndcg50","user_attrs_fold8_r2","user_attrs_fold9_mae","user_attrs_fold9_mape","user_attrs_fold9_ndcg10","user_attrs_fold9_ndcg20","user_attrs_fold9_ndcg50","user_attrs_fold9_r2","user_attrs_pca_components","system_attrs_completed_rung_0","system_attrs_completed_rung_1","system_attrs_completed_rung_2","state"
40,0.11941339075565338,"2025-05-16 16:22:17.398454","2025-05-16 16:22:17.847297","0 days 00:00:00.448843",144,240.0,"","","",96,"","","","",0.00010562675940062968,2,1,"","","","","","","","","","","","","","","","","","","","","","","","","","","","","","","","","","","","","","","","","","","","","","","","","","","","","","",0.1657433807849884,56.84032440185547,0.687917172908783,0.636599600315094,0.701777458190918,-0.49108684062957764,"","","","","","","","","","","","","","","","","","","","","","","","","","","","","","","","","","","","","","","","","","","","","","","","","",0.11941339075565338,"","","PRUNED"
41,0.06309527903795242,"2025-05-16 16:22:17.847554","2025-05-16 16:22:21.445543","0 days 00:00:03.597989",112,208.0,"","","",144,"","","","",0.0024664408676012156,2,1,"","","","","","",0.12888775765895844,448.12603759765625,0.39090287685394287,0.4343571066856384,0.4964408576488495,0.06570839881896973,0.09283935278654099,1940.937744140625,0.9444808959960938,0.9219591617584229,0.864652156829834,0.6638343632221222,0.1500137597322464,225.99473571777344,0.9537347555160522,0.9092939496040344,0.7931155562400818,0.3346344232559204,0.11689088493585587,59.86309051513672,1.0,0.9163960814476013,0.8599832057952881,0.46594828367233276,0.08272803574800491,140.62535095214844,0.8938459157943726,0.8249199390411377,0.8379842638969421,0.5239904820919037,0.07014277577400208,59.19789123535156,0.9630698561668396,0.9269570708274841,0.9046313166618347,0.6196320950984955,0.12858040630817413,168.83428955078125,0.9830029606819153,0.9786035418510437,0.9559170603752136,0.6282454133033752,"","","","","","",0.12894757091999054,53.66256332397461,0.9016018509864807,0.8463115692138672,0.8026022911071777,0.16029006242752075,0.1985626518726349,3830.6279296875,0.6217636466026306,0.6208433508872986,0.8257268071174622,0.14189910888671875,0.1251036524772644,79.58822631835938,0.8010944128036499,0.8169554471969604,0.774615466594696,0.12316161394119263,0.08988631516695023,56.73810958862305,0.9158032536506653,0.8508468270301819,0.8630586862564087,0.5419098138809204,0.08026783913373947,21198.921875,0.7950957417488098,0.6885238289833069,0.6076191067695618,0.317177414894104,0.11903069913387299,1093.1783447265625,0.6957895159721375,0.7192947864532471,0.6602460741996765,-0.14918124675750732,0.12536820769309998,285.3494567871094,0.6805663108825684,0.7415671348571777,0.7289280295372009,0.23525381088256836,0.19331085681915283,4251.84423828125,0.3819343149662018,0.39349961280822754,0.24288442730903625,-2.0346925258636475,0.09686949849128723,350.2762756347656,0.9741657972335815,0.8547351956367493,0.7758113145828247,0.5495619475841522,"",0.06682061403989792,0.061726950109004974,0.06309527903795242,"PRUNED"
42,0.07172860950231552,"2025-05-16 16:22:21.445829","2025-05-16 16:22:24.876385","0 days 00:00:03.430556",96,192.0,"","","",176,"","","","",0.0025638064932139177,2,1,"","","","","","",0.1356261521577835,515.6499633789062,0.30831050872802734,0.31285297870635986,0.431016206741333,0.014804303646087646,0.07128051668405533,1268.014892578125,0.9444808959960938,0.9219303727149963,0.8905776143074036,0.7548212707042694,0.127227321267128,234.61351013183594,0.9851078987121582,0.9327706098556519,0.8968062400817871,0.5251968502998352,0.1218077689409256,57.99226760864258,1.0,0.9195352792739868,0.7805891036987305,0.4021223187446594,0.07499711960554123,131.07977294921875,0.9471684694290161,0.9182103872299194,0.8988680243492126,0.6193143725395203,0.0742555558681488,61.52204895019531,0.9092134237289429,0.8992053270339966,0.8973166346549988,0.5743787288665771,0.12444476038217545,155.12197875976562,0.9812400341033936,0.9807772040367126,0.9606563448905945,0.6562847793102264,"","","","","","",0.10711519420146942,47.06679153442383,0.9228784441947937,0.8588119149208069,0.8221663236618042,0.33123207092285156,0.17622685432434082,2989.41162109375,0.627106785774231,0.6178714632987976,0.8400638699531555,0.19471526145935059,0.12617135047912598,80.03361511230469,0.7420636415481567,0.7518245577812195,0.7615089416503906,0.08883404731750488,0.0833156555891037,49.93604278564453,0.9593207836151123,0.8670609593391418,0.8593544363975525,0.5683077573776245,0.08381673693656921,24950.5,0.7033305764198303,0.6644635200500488,0.5872050523757935,0.25925230979919434,0.10310190171003342,840.9235229492188,0.5330660343170166,0.5816166996955872,0.6330302357673645,0.14575797319412231,0.12689004838466644,397.06768798828125,0.6834424138069153,0.7809655070304871,0.7416214942932129,0.30296778678894043,0.15996955335140228,3509.68310546875,0.6113225817680359,0.4672490060329437,0.27240222692489624,-1.3555471897125244,0.1125369593501091,411.0974426269531,0.9694558382034302,0.8058262467384338,0.7624493837356567,0.3787537217140198,"",0.06471895426511765,0.06249646842479706,0.07172860950231552,"PRUNED"
43,0.09522010385990143,"2025-05-16 16:22:24.876668","2025-05-16 16:22:25.359711","0 days 00:00:00.483043",128,224.0,192.0,32.0,"",128,"","","","",0.0014602594346926376,4,1,"","","","","","","","","","","","","","","","","","","","","","","","","","","","","","","","","","","","","","","","","","","","","","","","","","","","","","",0.11382811516523361,49.2166633605957,0.9226544499397278,0.8442455530166626,0.8254713416099548,0.26562416553497314,"","","","","","","","","","","","","","","","","","","","","","","","","","","","","","","","","","","","","","","","","","","","","","","","","",0.09522010385990143,"","","PRUNED"
44,0.09559271484613419,"2025-05-16 16:22:25.359997","2025-05-16 16:22:25.889804","0 days 00:00:00.529807",96,"","","","",160,208.0,"","","",0.005380514421432648,1,2,"","","","","","","","","","","","","","","","","","","","","","","","","","","","","","","","","","","","","","","","","","","","","","","","","","","","","","",0.14715221524238586,50.53300857543945,0.648160994052887,0.6600933074951172,0.6760081052780151,-0.2522423267364502,"","","","","","","","","","","","","","","","","","","","","","","","","","","","","","","","","","","","","","","","","","","","","","","","","",0.09559271484613419,"","","PRUNED"
45,0.065363809466362,"2025-05-16 16:22:25.890042","2025-05-16 16:22:27.177054","0 days 00:00:01.287012",256,192.0,160.0,"","",208,"","","","",0.003333157821573544,3,1,"","","","","","","","","","","","","","","","","","","","","","","","","","","","","","","","","","","","","","","","","","","","","","","","","","","","","","",0.11868451535701752,50.98506164550781,0.9096143245697021,0.8342015743255615,0.8208584189414978,0.24986892938613892,0.1932036429643631,3347.5693359375,0.5770012140274048,0.549351155757904,0.8047690391540527,0.1121816635131836,0.12199666351079941,75.65330505371094,0.8664459586143494,0.8176947832107544,0.8046207427978516,0.22851336002349854,0.10267738252878189,58.51042938232422,0.9429739713668823,0.8329693675041199,0.8131253719329834,0.4458431601524353,"","","","","","","","","","","","","","","","","","","","","","","","","","","","","","","",0.05705763399600983,0.065363809466362,"","PRUNED"
46,0.10149583220481873,"2025-05-16 16:22:27.177309","2025-05-16 16:22:28.201744","0 days 00:00:01.024435",80,64.0,240.0,"","",80,176.0,240.0,192.0,192.0,0.0025397972897410652,3,5,"","","","","","","","","","","","","","","","","","","","","","","","","","","","","","","","","","","","","","","","","","","","","","","","","","","","","","",0.1481212079524994,49.19722366333008,0.5679776668548584,0.4840082824230194,0.5380467772483826,-0.3821676969528198,"","","","","","","","","","","","","","","","","","","","","","","","","","","","","","","","","","","","","","","","","","","","","","","","","",0.10149583220481873,"","","PRUNED"
47,0.1133817508816719,"2025-05-16 16:22:28.202043","2025-05-16 16:22:28.997483","0 days 00:00:00.795440",32,144.0,"","","",112,48.0,224.0,16.0,"",0.028416275682631217,2,4,"","","","","","","","","","","","","","","","","","","","","","","","","","","","","","","","","","","","","","","","","","","","","","","","","","","","","","",0.1869037002325058,63.38759231567383,0.3079359233379364,0.3392367362976074,0.38500848412513733,-0.8199002742767334,"","","","","","","","","","","","","","","","","","","","","","","","","","","","","","","","","","","","","","","","","","","","","","","","","",0.1133817508816719,"","","PRUNED"
48,0.10396723449230194,"2025-05-16 16:22:28.997780","2025-05-16 16:22:29.698563","0 days 00:00:00.700783",240,"","","","",160,144.0,112.0,"","",0.0010282957558657641,1,3,"","","","","","","","","","","","","","","","","","","","","","","","","","","","","","","","","","","","","","","","","","","","","","","","","","","","","","",0.13366901874542236,55.75004959106445,0.7260909080505371,0.681364893913269,0.6541794538497925,0.04906141757965088,"","","","","","","","","","","","","","","","","","","","","","","","","","","","","","","","","","","","","","","","","","","","","","","","","",0.10396723449230194,"","","PRUNED"
49,0.10425008833408356,"2025-05-16 16:22:29.698827","2025-05-16 16:22:30.488746","0 days 00:00:00.789919",224,160.0,"","","",240,96.0,240.0,"","",0.0007668602505625149,2,3,"","","","","","","","","","","","","","","","","","","","","","","","","","","","","","","","","","","","","","","","","","","","","","","","","","","","","","",0.1410921812057495,55.79894256591797,0.7596086263656616,0.6921204328536987,0.6734223961830139,-0.03962445259094238,"","","","","","","","","","","","","","","","","","","","","","","","","","","","","","","","","","","","","","","","","","","","","","","","","",0.10425008833408356,"","","PRUNED"
50,0.09828135371208191,"2025-05-16 16:22:30.488999","2025-05-16 16:22:32.113295","0 days 00:00:01.624296",160,240.0,208.0,112.0,"",144,80.0,"","","",0.007529780831821737,4,2,"","","","","","","","","","","","","","","","","","","","","","","","","","","","","","","","","","","","","","","","","","","","","","","","","","","","","","",0.14127779006958008,58.64891815185547,0.8825060129165649,0.755003035068512,0.8002839684486389,0.032380640506744385,0.2131175547838211,3483.649169921875,0.5369545221328735,0.5311622023582458,0.7791832089424133,-0.037358880043029785,0.1276995986700058,90.51049041748047,0.7674596309661865,0.7315242290496826,0.8076004385948181,-0.08648014068603516,0.11416122317314148,59.19683074951172,0.8628120422363281,0.757493257522583,0.7693876624107361,0.28991180658340454,"","","","","","","","","","","","","","","","","","","","","","","","","","","","","","","",0.08800193667411804,0.09828135371208191,"","PRUNED"
51,0.0722380131483078,"2025-05-16 16:22:32.113572","2025-05-16 16:22:33.189579","0 days 00:00:01.076007",96,192.0,"","","",176,"","","","",0.002775552275031669,2,1,"","","","","","","","","","","","","","","","","","","","","","","","","","","","","","","","","","","","","","","","","","","","","","","","","","","","","","",0.12160961329936981,56.180328369140625,0.9226544499397278,0.8377726674079895,0.8192691802978516,0.23179709911346436,0.18974289298057556,2972.416015625,0.5542945265769958,0.652651846408844,0.8116222023963928,0.16196578741073608,0.1259305626153946,83.38706970214844,0.7556386590003967,0.7794144749641418,0.7841663956642151,0.023279011249542236,0.09634651243686676,58.934593200683594,0.9585891366004944,0.8408699631690979,0.8466781377792358,0.5021184980869293,"","","","","","","","","","","","","","","","","","","","","","","","","","","","","","","",0.06471695005893707,0.0722380131483078,"","PRUNED"
52,0.08266103267669678,"2025-05-16 16:22:33.189828","2025-05-16 16:22:34.268105","0 days 00:00:01.078277",112,192.0,"","","",176,"","","","",0.002127002372278123,2,1,"","","","","","","","","","","","","","","","","","","","","","","","","","","","","","","","","","","","","","","","","","","","","","","","","","","","","","",0.11229555308818817,48.679046630859375,0.9226544499397278,0.8712822198867798,0.8437345027923584,0.30408257246017456,0.2200038880109787,4757.2529296875,0.44860395789146423,0.5466217398643494,0.7756586670875549,-0.07638323307037354,0.12967778742313385,88.13282775878906,0.7777110934257507,0.803605854511261,0.8001847863197327,0.01598072052001953,0.10237470269203186,59.61586380004883,0.9196596741676331,0.8159257173538208,0.8453419208526611,0.4190143942832947,"","","","","","","","","","","","","","","","","","","","","","","","","","","","","","","",0.07725126296281815,0.08266103267669678,"","PRUNED"
53,0.08568097651004791,"2025-05-16 16:22:34.268350","2025-05-16 16:22:34.710411","0 days 00:00:00.442061",80,208.0,"","","",208,"","","","",0.0014020499070622507,2,1,"","","","","","","","","","","","","","","","","","","","","","","","","","","","","","","","","","","","","","","","","","","","","","","","","","","","","","",0.1280623823404312,56.0802001953125,0.887823224067688,0.7984018921852112,0.8089621663093567,0.16369593143463135,"","","","","","","","","","","","","","","","","","","","","","","","","","","","","","","","","","","","","","","","","","","","","","","","","",0.08568097651004791,"","","PRUNED"
54,0.07152614742517471,"2025-05-16 16:22:34.710663","2025-05-16 16:22:35.784394","0 days 00:00:01.073731",96,128.0,128.0,"","",128,"","","","",0.0038119258740539957,3,1,"","","","","","","","","","","","","","","","","","","","","","","","","","","","","","","","","","","","","","","","","","","","","","","","","","","","","","",0.11840642988681793,52.814823150634766,0.9480569362640381,0.8399835228919983,0.8411679267883301,0.2930959463119507,0.19843141734600067,3285.80859375,0.6210412383079529,0.6188201308250427,0.8294361233711243,0.1293473243713379,0.12259378284215927,81.51658630371094,0.7543991208076477,0.780074954032898,0.7844207882881165,0.091289222240448,0.09295736253261566,60.423553466796875,0.9265867471694946,0.8369245529174805,0.8568210601806641,0.552304208278656,"","","","","","","","","","","","","","","","","","","","","","","","","","","","","","","",0.06689698994159698,0.07152614742517471,"","PRUNED"
55,0.09571436047554016,"2025-05-16 16:22:35.784655","2025-05-16 16:22:36.205395","0 days 00:00:00.420740",128,176.0,"","","",144,"","","","",0.0007508570932865943,2,1,"","","","","","","","","","","","","","","","","","","","","","","","","","","","","","","","","","","","","","","","","","","","","","","","","","","","","","",0.13860444724559784,56.04804611206055,0.7581649422645569,0.7225884199142456,0.7370691895484924,-0.006219387054443359,"","","","","","","","","","","","","","","","","","","","","","","","","","","","","","","","","","","","","","","","","","","","","","","","","",0.09571436047554016,"","","PRUNED"
56,0.09565585851669312,"2025-05-16 16:22:36.205654","2025-05-16 16:22:36.760200","0 days 00:00:00.554546",112,"","","","",224,240.0,"","","",0.004857138250716682,1,2,"","","","","","","","","","","","","","","","","","","","","","","","","","","","","","","","","","","","","","","","","","","","","","","","","","","","","","",0.15742623805999756,62.68628692626953,0.7229449152946472,0.7284395098686218,0.769877016544342,-0.14953994750976562,"","","","","","","","","","","","","","","","","","","","","","","","","","","","","","","","","","","","","","","","","","","","","","","","","",0.09565585851669312,"","","PRUNED"
57,0.08598314225673676,"2025-05-16 16:22:36.760438","2025-05-16 16:22:40.062905","0 days 00:00:03.302467",144,112.0,"","","",112,"","","","",0.002338315107365342,2,1,"","","","","","",0.12253928184509277,460.87359619140625,0.5905380845069885,0.5687774419784546,0.5540414452552795,0.16799777746200562,0.1080392524600029,2355.1455078125,0.8949363827705383,0.890359103679657,0.8116557002067566,0.5798903405666351,0.11711283028125763,184.18209838867188,0.9834834933280945,0.9509676098823547,0.902531623840332,0.5732788741588593,0.12072661519050598,63.757930755615234,1.0,0.9162129759788513,0.8115046620368958,0.44053584337234497,0.08887401968240738,143.31771850585938,0.8581541776657104,0.8431286811828613,0.8258082270622253,0.44513553380966187,0.07986383885145187,70.0621337890625,0.8281781077384949,0.8536374568939209,0.8505618572235107,0.531389594078064,0.1395958811044693,161.54078674316406,0.9703125357627869,0.9601439833641052,0.8887540102005005,0.5384283661842346,"","","","","","",0.1280727982521057,57.60520553588867,0.9224028587341309,0.8379960060119629,0.8259768486022949,0.19837749004364014,0.1977275013923645,3604.431884765625,0.5574654340744019,0.6841874718666077,0.8281733989715576,0.1736464500427246,0.11172004789113998,71.61564636230469,0.8030503988265991,0.787615180015564,0.7782735228538513,0.24580544233322144,0.0928146094083786,54.89451217651367,0.9327424168586731,0.8306713104248047,0.8439583778381348,0.4926251173019409,0.08228012174367905,28750.537109375,0.7320361733436584,0.6810237169265747,0.6582881212234497,0.31031590700149536,0.11955709755420685,1001.0247192382812,0.6685112714767456,0.669826865196228,0.6763052344322205,-0.20992624759674072,0.1260189712047577,387.8993835449219,0.6121886372566223,0.7410563230514526,0.7243356704711914,0.28112906217575073,0.12649668753147125,2453.318115234375,0.7624817490577698,0.5642179250717163,0.39143964648246765,-0.6644465923309326,0.0979316234588623,303.7835388183594,0.9763420224189758,0.8480089902877808,0.7286727428436279,0.4863797426223755,"",0.06214660778641701,0.06248493492603302,0.08598314225673676,"PRUNED"
58,0.0957735925912857,"2025-05-16 16:22:40.063222","2025-05-16 16:22:41.073383","0 days 00:00:01.010161",64,224.0,176.0,"","",240,144.0,240.0,80.0,16.0,0.001663852000343346,3,5,"","","","","","","","","","","","","","","","","","","","","","","","","","","","","","","","","","","","","","","","","","","","","","","","","","","","","","",0.14658349752426147,56.659400939941406,0.35180386900901794,0.36796724796295166,0.5345445871353149,-0.22474050521850586,"","","","","","","","","","","","","","","","","","","","","","","","","","","","","","","","","","","","","","","","","","","","","","","","","",0.0957735925912857,"","","PRUNED"
59,0.09418390691280365,"2025-05-16 16:22:41.073662","2025-05-16 16:22:42.016423","0 days 00:00:00.942761",176,192.0,"","","",176,128.0,192.0,256.0,"",0.0032762898889667825,2,4,"","","","","","","","","","","","","","","","","","","","","","","","","","","","","","","","","","","","","","","","","","","","","","","","","","","","","","",0.15589174628257751,53.81692123413086,0.7824233174324036,0.7118129730224609,0.7366418242454529,-0.33311736583709717,"","","","","","","","","","","","","","","","","","","","","","","","","","","","","","","","","","","","","","","","","","","","","","","","","",0.09418390691280365,"","","PRUNED"
